[Task: 0] Loading bustle model....
[Task: 1] Loading bustle model....
[Task: 4] Loading bustle model....
[Task: 2] Loading bustle model....
[Task: 3] Loading bustle model....
[Task: 3] Count: 3
[Task: 4] Count: 4
[Task: 1] Count: 1
[Task: 3] 

[Task: 4] 

[Task: 1] 

[Task: 3] 2022-07-17 01:09:01.772534
[Task: 4] 2022-07-17 01:09:01.772549
[Task: 2] Count: 2
[Task: 1] 2022-07-17 01:09:01.772594
[Task: 2] 

[Task: 3] Number of programs: 183
[Task: 4] Number of programs: 183
[Task: 2] 2022-07-17 01:09:01.773007
[Task: 1] Number of programs: 183
[Task: 3] Size: 0 Evaluations: 0
[Task: 4] Size: 0 Evaluations: 0
[Task: 3] Size: 1 Evaluations: 0
[Task: 1] Size: 0 Evaluations: 0
[Task: 4] Size: 1 Evaluations: 0
[Task: 1] Size: 1 Evaluations: 0
[Task: 2] Number of programs: 188
[Task: 2] Size: 0 Evaluations: 0
[Task: 2] Size: 1 Evaluations: 0
[Task: 0] Count: 0
[Task: 0] 

[Task: 0] 2022-07-17 01:09:01.779025
[Task: 0] Number of programs: 184
[Task: 0] Size: 0 Evaluations: 0
[Task: 0] Size: 1 Evaluations: 0
[Task: 3] Size: 2 Evaluations: 272
[Task: 4] Size: 2 Evaluations: 272
[Task: 1] Size: 2 Evaluations: 271
[Task: 2] Size: 2 Evaluations: 281
[Task: 0] Size: 2 Evaluations: 272
[Task: 5] Loading bustle model....
[Task: 6] Loading bustle model....
[Task: 5] Count: 5
[Task: 5] 

[Task: 6] Count: 6
[Task: 5] 2022-07-17 01:09:04.441170
[Task: 6] 

[Task: 6] 2022-07-17 01:09:04.441548
[Task: 5] Number of programs: 184
[Task: 5] Size: 0 Evaluations: 0
[Task: 5] Size: 1 Evaluations: 0
[Task: 6] Number of programs: 184
[Task: 6] Size: 0 Evaluations: 0
[Task: 6] Size: 1 Evaluations: 0
[Task: 5] Size: 2 Evaluations: 275
[Task: 6] Size: 2 Evaluations: 275
[Task: 5] Benchmark: containsString
[Task: 5] Result: Success
[Task: 5] Program: arg_0.Contain(arg_1)
[Task: 5] Number of evaluations: 120848
[Task: 5] 2022-07-17 01:09:06.705332
[Task: 5] Time taken: 0:00:02.264117
[Task: 5] 


[Task: 9] Loading bustle model....
[Task: 9] Count: 9
[Task: 9] 

[Task: 9] 2022-07-17 01:09:09.421605
[Task: 9] Number of programs: 183
[Task: 9] Size: 0 Evaluations: 0
[Task: 9] Size: 1 Evaluations: 0
[Task: 9] Size: 2 Evaluations: 271
[Task: 3] Size: 3 Evaluations: 27076
[Task: 4] Size: 3 Evaluations: 27065
[Task: 1] Size: 3 Evaluations: 27069
[Task: 2] Size: 3 Evaluations: 28750
[Task: 6] Size: 3 Evaluations: 27422
[Task: 3] Size: 4 Evaluations: 6806
[Task: 4] Size: 4 Evaluations: 6669
[Task: 1] Size: 4 Evaluations: 2600
[Task: 0] Size: 3 Evaluations: 27398
[Task: 2] Size: 4 Evaluations: 3610
[Task: 9] Size: 3 Evaluations: 27071
[Task: 3] Size: 5 Evaluations: 10044
[Task: 9] Size: 4 Evaluations: 1695
[Task: 6] Size: 4 Evaluations: 11077
[Task: 4] Size: 5 Evaluations: 10344
[Task: 2] Size: 5 Evaluations: 2424
[Task: 9] Size: 5 Evaluations: 2717
[Task: 1] Size: 5 Evaluations: 7673
[Task: 0] Size: 4 Evaluations: 2133
[Task: 4] Size: 6 Evaluations: 17427
[Task: 6] Size: 5 Evaluations: 27952
[Task: 7] Loading bustle model....
[Task: 8] Loading bustle model....
[Task: 7] Count: 7
[Task: 8] Count: 8
[Task: 7] 

[Task: 8] 

[Task: 7] 2022-07-17 01:10:06.984760
[Task: 8] 2022-07-17 01:10:06.984787
[Task: 7] Number of programs: 184
[Task: 8] Number of programs: 187
[Task: 7] Size: 0 Evaluations: 0
[Task: 8] Size: 0 Evaluations: 0
[Task: 7] Size: 1 Evaluations: 0
[Task: 8] Size: 1 Evaluations: 0
[Task: 7] Size: 2 Evaluations: 275
[Task: 8] Size: 2 Evaluations: 281
[Task: 0] Size: 5 Evaluations: 10972
[Task: 9] Size: 6 Evaluations: 395814
[Task: 7] Size: 3 Evaluations: 27414
[Task: 8] Size: 3 Evaluations: 28413
[Task: 9] Size: 7 Evaluations: 12655
[Task: 7] Size: 4 Evaluations: 5232
[Task: 2] Size: 6 Evaluations: 444883
[Task: 8] Size: 4 Evaluations: 12683
[Task: 7] Size: 5 Evaluations: 7849
[Task: 3] Size: 6 Evaluations: 564348
[Task: 2] Size: 7 Evaluations: 12779
[Task: 13] Loading bustle model....
[Task: 15] Loading bustle model....
[Task: 14] Loading bustle model....
[Task: 17] Loading bustle model....
[Task: 16] Loading bustle model....
[Task: 16] Count: 16
[Task: 16] 

[Task: 14] Count: 14
[Task: 13] Count: 13
[Task: 14] 

[Task: 17] Count: 17
[Task: 13] 

[Task: 17] 

[Task: 15] Count: 15
[Task: 15] 

[Task: 16] 2022-07-17 01:12:35.404864
[Task: 14] 2022-07-17 01:12:35.404956
[Task: 13] 2022-07-17 01:12:35.404960
[Task: 17] 2022-07-17 01:12:35.404993
[Task: 15] 2022-07-17 01:12:35.405095
[Task: 16] Number of programs: 184
[Task: 14] Number of programs: 184
[Task: 13] Number of programs: 184
[Task: 16] Size: 0 Evaluations: 0
[Task: 17] Number of programs: 188
[Task: 14] Size: 0 Evaluations: 0
[Task: 16] Size: 1 Evaluations: 0
[Task: 13] Size: 0 Evaluations: 0
[Task: 15] Number of programs: 185
[Task: 17] Size: 0 Evaluations: 0
[Task: 14] Size: 1 Evaluations: 0
[Task: 13] Size: 1 Evaluations: 0
[Task: 17] Size: 1 Evaluations: 0
[Task: 15] Size: 0 Evaluations: 0
[Task: 15] Size: 1 Evaluations: 0
[Task: 14] Size: 2 Evaluations: 275
[Task: 13] Size: 2 Evaluations: 273
[Task: 15] Size: 2 Evaluations: 276
[Task: 17] Size: 2 Evaluations: 279
[Task: 16] Size: 2 Evaluations: 275
[Task: 18] Loading bustle model....
[Task: 18] Count: 18
[Task: 18] 

[Task: 18] 2022-07-17 01:12:36.300677
[Task: 18] Number of programs: 183
[Task: 18] Size: 0 Evaluations: 0
[Task: 18] Size: 1 Evaluations: 0
[Task: 18] Size: 2 Evaluations: 271
[Task: 10] Loading bustle model....
[Task: 11] Loading bustle model....
[Task: 12] Loading bustle model....
[Task: 11] Count: 11
[Task: 10] Count: 10
[Task: 11] 

[Task: 10] 

[Task: 12] Count: 12
[Task: 12] 

[Task: 10] 2022-07-17 01:12:38.176991
[Task: 11] 2022-07-17 01:12:38.176991
[Task: 12] 2022-07-17 01:12:38.177208
[Task: 10] Number of programs: 183
[Task: 11] Number of programs: 183
[Task: 10] Size: 0 Evaluations: 0
[Task: 11] Size: 0 Evaluations: 0
[Task: 10] Size: 1 Evaluations: 0
[Task: 11] Size: 1 Evaluations: 0
[Task: 12] Number of programs: 184
[Task: 12] Size: 0 Evaluations: 0
[Task: 12] Size: 1 Evaluations: 0
[Task: 12] Size: 2 Evaluations: 273
[Task: 11] Size: 2 Evaluations: 271
[Task: 10] Size: 2 Evaluations: 271
[Task: 19] Loading bustle model....
[Task: 19] Count: 19
[Task: 19] 

[Task: 19] 2022-07-17 01:12:43.899002
[Task: 19] Number of programs: 184
[Task: 19] Size: 0 Evaluations: 0
[Task: 19] Size: 1 Evaluations: 0
[Task: 19] Size: 2 Evaluations: 275
[Task: 16] Size: 3 Evaluations: 27410
[Task: 14] Size: 3 Evaluations: 27415
[Task: 13] Size: 3 Evaluations: 27403
[Task: 15] Size: 3 Evaluations: 27732
[Task: 18] Size: 3 Evaluations: 27069
[Task: 17] Size: 3 Evaluations: 28736
[Task: 10] Size: 3 Evaluations: 27068
[Task: 11] Size: 3 Evaluations: 27068
[Task: 8] Size: 5 Evaluations: 12283
[Task: 12] Size: 3 Evaluations: 27403
[Task: 18] Size: 4 Evaluations: 1936
[Task: 10] Size: 4 Evaluations: 1719
[Task: 13] Size: 4 Evaluations: 5456
[Task: 17] Size: 4 Evaluations: 2073
[Task: 16] Size: 4 Evaluations: 9429
[Task: 15] Size: 4 Evaluations: 4813
[Task: 14] Size: 4 Evaluations: 9547
[Task: 11] Size: 4 Evaluations: 1708
[Task: 11] Size: 5 Evaluations: 1363
[Task: 12] Size: 4 Evaluations: 5463
[Task: 17] Size: 5 Evaluations: 351
[Task: 13] Size: 5 Evaluations: 422
[Task: 14] Size: 5 Evaluations: 1045
[Task: 10] Size: 5 Evaluations: 6625
[Task: 19] Size: 3 Evaluations: 27404
[Task: 16] Size: 5 Evaluations: 1616
[Task: 14] Benchmark: firstNameSecondColumn
[Task: 14] Result: Success
[Task: 14] Program: arg_1.Substr(0,arg_1.IndexOf(" "))
[Task: 14] Number of evaluations: 1187708
[Task: 14] 2022-07-17 01:12:54.722457
[Task: 14] Time taken: 0:00:19.317492
[Task: 14] 


[Task: 15] Size: 5 Evaluations: 3754
[Task: 12] Size: 5 Evaluations: 1026
[Task: 17] Size: 6 Evaluations: 3276
[Task: 19] Size: 4 Evaluations: 5275
[Task: 18] Size: 5 Evaluations: 8488
[Task: 19] Size: 5 Evaluations: 4539
[Task: 1] Size: 6 Evaluations: 592670
[Task: 4] Size: 7 Evaluations: 593415
[Task: 9] Size: 8 Evaluations: 432521
[Task: 11] Size: 6 Evaluations: 335308
[Task: 11] Size: 7 Evaluations: 3720
[Task: 10] Size: 6 Evaluations: 410534
[Task: 17] Size: 7 Evaluations: 372510
[Task: 3] Size: 7 Evaluations: 545262
[Task: 8] Size: 6 Evaluations: 63817
[Task: 15] Size: 6 Evaluations: 541146
[Task: 13] Size: 6 Evaluations: 531802
[Task: 12] Size: 6 Evaluations: 533569
[Task: 13] Size: 7 Evaluations: 8560
[Task: 12] Size: 7 Evaluations: 7771
[Task: 1] Size: 7 Evaluations: 286398
[Task: 21] Loading bustle model....
[Task: 20] Loading bustle model....
[Task: 21] Count: 21
[Task: 21] 

[Task: 20] Count: 20
[Task: 20] 

[Task: 21] 2022-07-17 01:16:29.363997
[Task: 20] 2022-07-17 01:16:29.364153
[Task: 21] Number of programs: 183
[Task: 21] Size: 0 Evaluations: 0
[Task: 20] Number of programs: 183
[Task: 21] Size: 1 Evaluations: 0
[Task: 20] Size: 0 Evaluations: 0
[Task: 20] Size: 1 Evaluations: 0
[Task: 20] Size: 2 Evaluations: 272
[Task: 21] Size: 2 Evaluations: 272
[Task: 23] Loading bustle model....
[Task: 22] Loading bustle model....
[Task: 23] Count: 23
[Task: 23] 

[Task: 22] Count: 22
[Task: 22] 

[Task: 23] 2022-07-17 01:16:32.100713
[Task: 22] 2022-07-17 01:16:32.101051
[Task: 23] Number of programs: 184
[Task: 23] Size: 0 Evaluations: 0
[Task: 23] Size: 1 Evaluations: 0
[Task: 22] Number of programs: 184
[Task: 22] Size: 0 Evaluations: 0
[Task: 22] Size: 1 Evaluations: 0
[Task: 22] Size: 2 Evaluations: 275
[Task: 23] Size: 2 Evaluations: 274
[Task: 11] Size: 8 Evaluations: 304386
[Task: 24] Loading bustle model....
[Task: 26] Loading bustle model....
[Task: 28] Loading bustle model....
[Task: 25] Loading bustle model....
[Task: 29] Loading bustle model....
[Task: 27] Loading bustle model....
[Task: 27] Count: 27
[Task: 26] Count: 26
[Task: 24] Count: 24
[Task: 28] Count: 28
[Task: 29] Count: 29
[Task: 27] 

[Task: 26] 

[Task: 24] 

[Task: 28] 

[Task: 29] 

[Task: 25] Count: 25
[Task: 25] 

[Task: 27] 2022-07-17 01:16:38.379678
[Task: 26] 2022-07-17 01:16:38.379758
[Task: 24] 2022-07-17 01:16:38.379800
[Task: 28] 2022-07-17 01:16:38.379815
[Task: 29] 2022-07-17 01:16:38.379836
[Task: 25] 2022-07-17 01:16:38.379880
[Task: 27] Number of programs: 185
[Task: 26] Number of programs: 185
[Task: 27] Size: 0 Evaluations: 0
[Task: 24] Number of programs: 187
[Task: 28] Number of programs: 185
[Task: 29] Number of programs: 184
[Task: 26] Size: 0 Evaluations: 0
[Task: 27] Size: 1 Evaluations: 0
[Task: 25] Number of programs: 183
[Task: 24] Size: 0 Evaluations: 0
[Task: 26] Size: 1 Evaluations: 0
[Task: 28] Size: 0 Evaluations: 0
[Task: 29] Size: 0 Evaluations: 0
[Task: 24] Size: 1 Evaluations: 0
[Task: 25] Size: 0 Evaluations: 0
[Task: 28] Size: 1 Evaluations: 0
[Task: 29] Size: 1 Evaluations: 0
[Task: 25] Size: 1 Evaluations: 0
[Task: 21] Size: 3 Evaluations: 27063
[Task: 25] Size: 2 Evaluations: 272
[Task: 27] Size: 2 Evaluations: 276
[Task: 28] Size: 2 Evaluations: 277
[Task: 29] Size: 2 Evaluations: 275
[Task: 26] Size: 2 Evaluations: 277
[Task: 24] Size: 2 Evaluations: 281
[Task: 20] Size: 3 Evaluations: 27072
[Task: 23] Size: 3 Evaluations: 27403
[Task: 22] Size: 3 Evaluations: 27411
[Task: 21] Size: 4 Evaluations: 3602
[Task: 20] Size: 4 Evaluations: 1721
[Task: 16] Size: 6 Evaluations: 729955
[Task: 23] Size: 4 Evaluations: 5619
[Task: 17] Size: 8 Evaluations: 153603
[Task: 27] Size: 3 Evaluations: 27718
[Task: 27] Benchmark: replaceInUrl
[Task: 27] Result: Success
[Task: 27] Program: arg_0.replace("com", "org")
[Task: 27] Number of evaluations: 209545
[Task: 27] 2022-07-17 01:16:48.633748
[Task: 27] Time taken: 0:00:10.254061
[Task: 27] 


[Task: 22] Size: 4 Evaluations: 6401
[Task: 26] Size: 3 Evaluations: 27747
[Task: 22] Benchmark: prefixRemainder
[Task: 22] Result: Success
[Task: 22] Program: arg_0.Substr(arg_1.Length(),15)
[Task: 22] Number of evaluations: 740664
[Task: 22] 2022-07-17 01:16:49.400657
[Task: 22] Time taken: 0:00:17.300218
[Task: 22] 


[Task: 21] Size: 5 Evaluations: 541
[Task: 28] Size: 3 Evaluations: 27731
[Task: 29] Size: 3 Evaluations: 27415
[Task: 25] Size: 3 Evaluations: 27077
[Task: 24] Size: 3 Evaluations: 28427
[Task: 25] Size: 4 Evaluations: 6078
[Task: 23] Size: 5 Evaluations: 15774
[Task: 24] Size: 4 Evaluations: 8794
[Task: 26] Size: 4 Evaluations: 12596
[Task: 20] Size: 5 Evaluations: 8898
[Task: 28] Size: 4 Evaluations: 11535
[Task: 29] Size: 4 Evaluations: 12066
[Task: 25] Size: 5 Evaluations: 5057
[Task: 1] Benchmark: addPlusSign
[Task: 1] Result: Success
[Task: 1] Program: concat((ifarg_0.Contain("-") then "" else "+"), arg_0)
[Task: 1] Number of evaluations: 7577703
[Task: 1] 2022-07-17 01:17:04.543935
[Task: 1] Time taken: 0:08:02.771366
[Task: 1] 


[Task: 19] Size: 6 Evaluations: 714829
[Task: 4] Size: 8 Evaluations: 494522
[Task: 15] Size: 7 Evaluations: 206968
[Task: 23] Size: 6 Evaluations: 41904
[Task: 28] Size: 5 Evaluations: 36029
[Task: 24] Size: 5 Evaluations: 89451
[Task: 6] Size: 6 Evaluations: 1236108
[Task: 3] Size: 8 Evaluations: 318983
[Task: 29] Size: 5 Evaluations: 59003
[Task: 18] Size: 6 Evaluations: 768363
[Task: 26] Size: 5 Evaluations: 121045
[Task: 13] Size: 8 Evaluations: 141975
[Task: 21] Size: 6 Evaluations: 362891
[Task: 28] Benchmark: secondStringIfFirstIsNone
[Task: 28] Result: Success
[Task: 28] Program: (ifEqual("NONE",arg_0) then arg_1 else arg_0)
[Task: 28] Number of evaluations: 6857687
[Task: 28] 2022-07-17 01:19:06.932811
[Task: 28] Time taken: 0:02:28.552987
[Task: 28] 


[Task: 10] Size: 7 Evaluations: 416096
[Task: 13] Benchmark: extractUrl2
[Task: 13] Result: Success
[Task: 13] Program: arg_0.Substr(arg_0.IndexOf("/",8),"9999999".StrToInt())
[Task: 13] Number of evaluations: 16439672
[Task: 13] 2022-07-17 01:19:37.731749
[Task: 13] Time taken: 0:07:02.326766
[Task: 13] 


[Task: 9] Size: 9 Evaluations: 355082
[Task: 12] Size: 8 Evaluations: 350400
[Task: 21] Size: 7 Evaluations: 105279
[Task: 37] Loading bustle model....
[Task: 37] Count: 37
[Task: 37] 

[Task: 37] 2022-07-17 01:20:13.796357
[Task: 37] Number of programs: 183
[Task: 37] Size: 0 Evaluations: 0
[Task: 37] Size: 1 Evaluations: 0
[Task: 37] Size: 2 Evaluations: 272
[Task: 33] Loading bustle model....
[Task: 32] Loading bustle model....
[Task: 35] Loading bustle model....
[Task: 34] Loading bustle model....
[Task: 36] Loading bustle model....
[Task: 30] Loading bustle model....
[Task: 31] Loading bustle model....
[Task: 37] Size: 3 Evaluations: 27079
[Task: 36] Count: 36
[Task: 34] Count: 34
[Task: 30] Count: 30
[Task: 31] Count: 31
[Task: 32] Count: 32
[Task: 33] Count: 33
[Task: 35] Count: 35
[Task: 36] 

[Task: 34] 

[Task: 30] 

[Task: 31] 

[Task: 32] 

[Task: 33] 

[Task: 35] 

[Task: 36] 2022-07-17 01:20:22.925245
[Task: 34] 2022-07-17 01:20:22.925277
[Task: 32] 2022-07-17 01:20:22.925303
[Task: 30] 2022-07-17 01:20:22.925367
[Task: 35] 2022-07-17 01:20:22.925377
[Task: 33] 2022-07-17 01:20:22.925405
[Task: 31] 2022-07-17 01:20:22.925413
[Task: 36] Number of programs: 183
[Task: 34] Number of programs: 183
[Task: 32] Number of programs: 183
[Task: 36] Size: 0 Evaluations: 0
[Task: 30] Number of programs: 186
[Task: 34] Size: 0 Evaluations: 0
[Task: 36] Size: 1 Evaluations: 0
[Task: 35] Number of programs: 184
[Task: 32] Size: 0 Evaluations: 0
[Task: 33] Number of programs: 184
[Task: 31] Number of programs: 186
[Task: 34] Size: 1 Evaluations: 0
[Task: 30] Size: 0 Evaluations: 0
[Task: 32] Size: 1 Evaluations: 0
[Task: 35] Size: 0 Evaluations: 0
[Task: 33] Size: 0 Evaluations: 0
[Task: 30] Size: 1 Evaluations: 0
[Task: 31] Size: 0 Evaluations: 0
[Task: 35] Size: 1 Evaluations: 0
[Task: 33] Size: 1 Evaluations: 0
[Task: 31] Size: 1 Evaluations: 0
[Task: 36] Size: 2 Evaluations: 272
[Task: 33] Size: 2 Evaluations: 275
[Task: 32] Size: 2 Evaluations: 272
[Task: 34] Size: 2 Evaluations: 272
[Task: 35] Size: 2 Evaluations: 273
[Task: 31] Size: 2 Evaluations: 279
[Task: 30] Size: 2 Evaluations: 279
[Task: 32] Benchmark: stringLength
[Task: 32] Result: Success
[Task: 32] Program: arg_0.Length().IntToStr()
[Task: 32] Number of evaluations: 27919
[Task: 32] 2022-07-17 01:20:23.631799
[Task: 32] Time taken: 0:00:00.706492
[Task: 32] 


[Task: 37] Size: 4 Evaluations: 17503
[Task: 36] Size: 3 Evaluations: 27085
[Task: 34] Size: 3 Evaluations: 27068
[Task: 33] Size: 3 Evaluations: 27417
[Task: 35] Size: 3 Evaluations: 27408
[Task: 30] Size: 3 Evaluations: 28074
[Task: 31] Size: 3 Evaluations: 28084
[Task: 0] Size: 6 Evaluations: 583928
[Task: 34] Size: 4 Evaluations: 5306
[Task: 33] Size: 4 Evaluations: 6898
[Task: 35] Size: 4 Evaluations: 5777
[Task: 36] Size: 4 Evaluations: 14128
[Task: 30] Size: 4 Evaluations: 10679
[Task: 33] Size: 5 Evaluations: 410
[Task: 34] Size: 5 Evaluations: 7211
[Task: 31] Size: 4 Evaluations: 13950
[Task: 34] Size: 6 Evaluations: 24742
[Task: 35] Size: 5 Evaluations: 12208
[Task: 19] Size: 7 Evaluations: 306330
[Task: 20] Size: 6 Evaluations: 660503
[Task: 25] Size: 6 Evaluations: 747841
[Task: 23] Size: 7 Evaluations: 642857
[Task: 35] Size: 6 Evaluations: 87529
[Task: 3] Size: 9 Evaluations: 632615
[Task: 16] Size: 7 Evaluations: 667153
[Task: 11] Size: 9 Evaluations: 206525
[Task: 25] Size: 7 Evaluations: 278286
[Task: 20] Size: 7 Evaluations: 148322
[Task: 4] Size: 9 Evaluations: 653828
[Task: 0] Size: 7 Evaluations: 224341
[Task: 0] Benchmark: addDecimal
[Task: 0] Result: Success
[Task: 0] Program: concat(arg_0, (ifarg_0.Contain(".") then "" else ".0"))
[Task: 0] Number of evaluations: 8771070
[Task: 0] 2022-07-17 01:25:05.245004
[Task: 0] Time taken: 0:16:03.465602
[Task: 0] 


[Task: 34] Size: 7 Evaluations: 740001
[Task: 19] Size: 8 Evaluations: 439479
[Task: 23] Size: 8 Evaluations: 377069
[Task: 33] Size: 6 Evaluations: 928830
[Task: 33] Benchmark: suffixRemainder
[Task: 33] Result: Success
[Task: 33] Program: arg_0.Substr(0,(0 - arg_1.Length()))
[Task: 33] Number of evaluations: 3222043
[Task: 33] 2022-07-17 01:26:02.938739
[Task: 33] Time taken: 0:05:40.013455
[Task: 33] 


[Task: 31] Size: 5 Evaluations: 811143
[Task: 24] Size: 6 Evaluations: 1167458
[Task: 30] Size: 5 Evaluations: 1126747
[Task: 34] Size: 8 Evaluations: 598856
[Task: 34] Benchmark: swapCase
[Task: 34] Result: Success
[Task: 34] Program: arg_0.lower().replace(concat(arg_0, "".lower()), arg_0.upper())
[Task: 34] Number of evaluations: 11467380
[Task: 34] 2022-07-17 01:31:26.679636
[Task: 34] Time taken: 0:11:03.754374
[Task: 34] 


[Task: 37] Size: 5 Evaluations: 1786520
[Task: 36] Size: 5 Evaluations: 1810920
[Task: 18] Size: 7 Evaluations: 1006982
[Task: 21] Size: 8 Evaluations: 1387163
[Task: 10] Size: 8 Evaluations: 1937713
[Task: 29] Size: 6 Evaluations: 1602988
[Task: 6] Size: 7 Evaluations: 1344113
[Task: 26] Size: 6 Evaluations: 2354312
[Task: 12] Size: 9 Evaluations: 321725
[Task: 8] Size: 7 Evaluations: 998143
[Task: 24] Size: 7 Evaluations: 2613685
[Task: 30] Benchmark: stringEqual
[Task: 30] Result: Success
[Task: 30] Program: (ifEqual(arg_0,arg_1) then "yes" else "no")
[Task: 30] Number of evaluations: 127313664
[Task: 30] 2022-07-17 02:07:07.150980
[Task: 30] Time taken: 0:46:44.225640
[Task: 30] 


[Task: 7] Size: 6 Evaluations: 1810416
[Task: 8] Size: 8 Evaluations: 640827
[Task: 36] Size: 6 Evaluations: 2588507
[Task: 21] Size: 9 Evaluations: 1519551
