[Task: 0] Loading bustle model....
[Task: 0] Count: 0
[Task: 0] 
[Task: 0] 2021-09-16 17:40:56.639605
[Task: 0] Number of programs: 10
[Task: 0] Size: 0 Evaluations: 0
[Task: 0] Size: 1 Evaluations: 0
[Task: 0] Size: 2 Evaluations: 17
[Task: 0] Size: 3 Evaluations: 34
[Task: 0] Size: 4 Evaluations: 22
[Task: 0] Size: 5 Evaluations: 103
[Task: 0] Size: 6 Evaluations: 205
[Task: 0] Size: 7 Evaluations: 411
[Task: 0] Benchmark: 11440431.sl
[Task: 0] Result: Success
[Task: 0] Program: _arg_0.replace("US", "").replace("CAN", "").strip()
[Task: 0] Number of evaluations: 1240
[Task: 0] 2021-09-16 17:40:58.150607
[Task: 0] Time taken: 0:00:01.510974
[Task: 0] 
[Task: 1] Loading bustle model....
[Task: 1] Count: 1
[Task: 1] 
[Task: 1] 2021-09-16 17:43:41.753513
[Task: 1] Number of programs: 10
[Task: 1] Size: 0 Evaluations: 0
[Task: 1] Size: 1 Evaluations: 0
[Task: 1] Size: 2 Evaluations: 12
[Task: 1] Size: 3 Evaluations: 20
[Task: 1] Size: 4 Evaluations: 16
[Task: 1] Size: 5 Evaluations: 55
[Task: 1] Size: 6 Evaluations: 48
[Task: 1] Size: 7 Evaluations: 169
[Task: 1] Size: 8 Evaluations: 120
[Task: 1] Size: 9 Evaluations: 518
[Task: 1] Size: 10 Evaluations: 538
[Task: 1] Size: 11 Evaluations: 1560
[Task: 1] Size: 12 Evaluations: 2241
[Task: 1] Benchmark: 11604909.sl
[Task: 1] Result: Success
[Task: 1] Program: _arg_0[(-1 + _arg_0.IndexOf(".")):][:(1 + (1 + 1))]
[Task: 1] Number of evaluations: 7149
[Task: 1] 2021-09-16 17:43:46.534096
[Task: 1] Time taken: 0:00:04.776346
[Task: 1] 
[Task: 2] Loading bustle model....
[Task: 2] Count: 2
[Task: 2] 
[Task: 2] 2021-09-16 17:43:41.684017
[Task: 2] Number of programs: 9
[Task: 2] Size: 0 Evaluations: 0
[Task: 2] Size: 1 Evaluations: 0
[Task: 2] Size: 2 Evaluations: 10
[Task: 2] Size: 3 Evaluations: 16
[Task: 2] Size: 4 Evaluations: 14
[Task: 2] Size: 5 Evaluations: 46
[Task: 2] Size: 6 Evaluations: 50
[Task: 2] Size: 7 Evaluations: 109
[Task: 2] Size: 8 Evaluations: 170
[Task: 2] Size: 9 Evaluations: 277
[Task: 2] Size: 10 Evaluations: 608
[Task: 2] Size: 11 Evaluations: 992
[Task: 2] Size: 12 Evaluations: 2133
[Task: 2] Size: 13 Evaluations: 3382
[Task: 2] Size: 14 Evaluations: 6580
[Task: 2] Benchmark: 17212077.sl
[Task: 2] Result: Success
[Task: 2] Program: _arg_0[:1] + concat(_arg_0.CharAt(1), "/") + _arg_0[(-1 + (-1 + (-1 + -1))):]
[Task: 2] Number of evaluations: 20572
[Task: 2] 2021-09-16 17:43:51.935078
[Task: 2] Time taken: 0:00:10.244778
[Task: 2] 
[Task: 3] Loading bustle model....
[Task: 3] Count: 3
[Task: 3] 
[Task: 3] 2021-09-16 17:43:41.758766
[Task: 3] Number of programs: 8
[Task: 3] Size: 0 Evaluations: 0
[Task: 3] Size: 1 Evaluations: 0
[Task: 3] Size: 2 Evaluations: 11
[Task: 3] Size: 3 Evaluations: 13
[Task: 3] Size: 4 Evaluations: 6
[Task: 3] Size: 5 Evaluations: 27
[Task: 3] Size: 6 Evaluations: 27
[Task: 3] Size: 7 Evaluations: 44
[Task: 3] Benchmark: 2171308.sl
[Task: 3] Result: Success
[Task: 3] Program: _arg_0[:1] + "" + _arg_0[_arg_0.IndexOf(" "):]
[Task: 3] Number of evaluations: 184
[Task: 3] 2021-09-16 17:43:42.423032
[Task: 3] Time taken: 0:00:00.661189
[Task: 3] 
[Task: 4] Loading bustle model....
[Task: 4] Count: 4
[Task: 4] 
[Task: 4] 2021-09-16 17:43:41.696375
[Task: 4] Number of programs: 14
[Task: 4] Size: 0 Evaluations: 0
[Task: 4] Size: 1 Evaluations: 0
[Task: 4] Size: 2 Evaluations: 30
[Task: 4] Size: 3 Evaluations: 99
[Task: 4] Size: 4 Evaluations: 56
[Task: 4] Size: 5 Evaluations: 229
[Task: 4] Size: 6 Evaluations: 266
[Task: 4] Size: 7 Evaluations: 507
[Task: 4] Size: 8 Evaluations: 987
[Task: 4] Size: 9 Evaluations: 2348
[Task: 4] Benchmark: 25239569.sl
[Task: 4] Result: Success
[Task: 4] Program: _arg_0.replace("BRD", "Branding").replace("DRS", "Direct Response").replace("LDS", "Leads")
[Task: 4] Number of evaluations: 6617
[Task: 4] 2021-09-16 17:43:43.982809
[Task: 4] Time taken: 0:00:02.278608
[Task: 4] 
[Task: 5] Loading bustle model....
[Task: 5] Count: 5
[Task: 5] 
[Task: 5] 2021-09-16 17:44:18.355635
[Task: 5] Number of programs: 10
[Task: 5] Size: 0 Evaluations: 0
[Task: 5] Size: 1 Evaluations: 0
[Task: 5] Size: 2 Evaluations: 13
[Task: 5] Size: 3 Evaluations: 27
[Task: 5] Size: 4 Evaluations: 15
[Task: 5] Size: 5 Evaluations: 68
[Task: 5] Size: 6 Evaluations: 63
[Task: 5] Size: 7 Evaluations: 135
[Task: 5] Benchmark: 28627624_1.sl
[Task: 5] Result: Success
[Task: 5] Program: _arg_0[:(-1 + _arg_0.IndexOf("-"))]
[Task: 5] Number of evaluations: 375
[Task: 5] 2021-09-16 17:44:24.417185
[Task: 5] Time taken: 0:00:06.061569
[Task: 5] 
[Task: 6] Loading bustle model....
[Task: 6] Count: 6
[Task: 6] 
[Task: 6] 2021-09-16 17:43:41.667573
[Task: 6] Number of programs: 9
[Task: 6] Size: 0 Evaluations: 0
[Task: 6] Size: 1 Evaluations: 0
[Task: 6] Size: 2 Evaluations: 11
[Task: 6] Size: 3 Evaluations: 18
[Task: 6] Size: 4 Evaluations: 18
[Task: 6] Size: 5 Evaluations: 42
[Task: 6] Size: 6 Evaluations: 92
[Task: 6] Size: 7 Evaluations: 133
[Task: 6] Size: 8 Evaluations: 316
[Task: 6] Size: 9 Evaluations: 640
[Task: 6] Size: 10 Evaluations: 1211
[Task: 6] Size: 11 Evaluations: 2343
[Task: 6] Benchmark: 30732554.sl
[Task: 6] Result: Success
[Task: 6] Program: _arg_0[:concat(_arg_0, "|").IndexOf("|")]
[Task: 6] Number of evaluations: 7352
[Task: 6] 2021-09-16 17:43:44.836413
[Task: 6] Time taken: 0:00:03.159156
[Task: 6] 
[Task: 7] Loading bustle model....
[Task: 7] Count: 7
[Task: 7] 
[Task: 7] 2021-09-16 17:43:41.686586
[Task: 7] Number of programs: 13
[Task: 7] Size: 0 Evaluations: 0
[Task: 7] Size: 1 Evaluations: 0
[Task: 7] Size: 2 Evaluations: 15
[Task: 7] Size: 3 Evaluations: 37
[Task: 7] Size: 4 Evaluations: 24
[Task: 7] Size: 5 Evaluations: 163
[Task: 7] Size: 6 Evaluations: 98
[Task: 7] Size: 7 Evaluations: 511
[Task: 7] Size: 8 Evaluations: 284
[Task: 7] Size: 9 Evaluations: 989
[Task: 7] Size: 10 Evaluations: 1347
[Task: 7] Size: 11 Evaluations: 3428
[Task: 7] Size: 12 Evaluations: 6873
[Task: 7] Size: 13 Evaluations: 11583
[Task: 7] Size: 14 Evaluations: 35959
[Task: 7] Size: 15 Evaluations: 44506
[Task: 7] Size: 16 Evaluations: 158191
[Task: 7] Size: 17 Evaluations: 201338
[Task: 7] Size: 18 Evaluations: 613808
[Task: 7] Size: 19 Evaluations: 916290
[Task: 7] Size: 20 Evaluations: 2389014
[Task: 7] Size: 21 Evaluations: 4319250
[Task: 7] Benchmark: 31753108.sl
[Task: 7] Result: Success
[Task: 7] Program: _arg_0.Substr(_arg_0.IndexOf(" ",5),_arg_0.IndexOf(" ",(-1 + ((-1 - 5) - 5)))).strip()
[Task: 7] Number of evaluations: 9885808
[Task: 7] 2021-09-16 18:53:16.949290
[Task: 7] Time taken: 1:09:35.256412
[Task: 7] 
[Task: 8] Loading bustle model....
[Task: 8] Count: 8
[Task: 8] 
[Task: 8] 2021-09-16 17:43:41.727033
[Task: 8] Number of programs: 12
[Task: 8] Size: 0 Evaluations: 0
[Task: 8] Size: 1 Evaluations: 0
[Task: 8] Size: 2 Evaluations: 26
[Task: 8] Size: 3 Evaluations: 67
[Task: 8] Size: 4 Evaluations: 60
[Task: 8] Size: 5 Evaluations: 231
[Task: 8] Size: 6 Evaluations: 753
[Task: 8] Size: 7 Evaluations: 1328
[Task: 8] Size: 8 Evaluations: 4924
[Task: 8] Size: 9 Evaluations: 15234
[Task: 8] Size: 10 Evaluations: 32490
[Task: 8] Size: 11 Evaluations: 109635
[Task: 8] Size: 12 Evaluations: 319098
[Task: 8] Size: 13 Evaluations: 763335
[Task: 8] Benchmark: 33619752.sl
[Task: 8] Result: Success
[Task: 8] Program: _arg_0.replace("Inc", "").replace("Company", "").replace("Corporation", "").replace("Enterprises", "").strip()
[Task: 8] Number of evaluations: 2199963
[Task: 8] 2021-09-16 18:00:12.923081
[Task: 8] Time taken: 0:16:31.189043
[Task: 8] 
[Task: 9] Loading bustle model....
[Task: 9] Count: 9
[Task: 9] 
[Task: 9] 2021-09-16 17:43:41.716888
[Task: 9] Number of programs: 10
[Task: 9] Size: 0 Evaluations: 0
[Task: 9] Size: 1 Evaluations: 0
[Task: 9] Size: 2 Evaluations: 16
[Task: 9] Size: 3 Evaluations: 33
[Task: 9] Size: 4 Evaluations: 39
[Task: 9] Size: 5 Evaluations: 137
[Task: 9] Benchmark: 34801680.sl
[Task: 9] Result: Success
[Task: 9] Program: _arg_0[_arg_0.IndexOf(" "):].strip()
[Task: 9] Number of evaluations: 412
[Task: 9] 2021-09-16 17:43:42.305331
[Task: 9] Time taken: 0:00:00.581001
[Task: 9] 
[Task: 10] Loading bustle model....
[Task: 10] Count: 10
[Task: 10] 
[Task: 10] 2021-09-16 17:43:41.659695
[Task: 10] Number of programs: 10
[Task: 10] Size: 0 Evaluations: 0
[Task: 10] Size: 1 Evaluations: 0
[Task: 10] Size: 2 Evaluations: 17
[Task: 10] Size: 3 Evaluations: 30
[Task: 10] Size: 4 Evaluations: 28
[Task: 10] Size: 5 Evaluations: 156
[Task: 10] Size: 6 Evaluations: 169
[Task: 10] Size: 7 Evaluations: 562
[Task: 10] Size: 8 Evaluations: 935
[Task: 10] Size: 9 Evaluations: 2101
[Task: 10] Benchmark: 35016216.sl
[Task: 10] Result: Success
[Task: 10] Program: _arg_0.replace(_arg_0.lower(), _arg_1)
[Task: 10] Number of evaluations: 5927
[Task: 10] 2021-09-16 17:43:44.436498
[Task: 10] Time taken: 0:00:02.776799
[Task: 10] 
[Task: 11] Loading bustle model....
[Task: 11] Count: 11
[Task: 11] 
[Task: 11] 2021-09-16 17:43:41.723432
[Task: 11] Number of programs: 13
[Task: 11] Size: 0 Evaluations: 0
[Task: 11] Size: 1 Evaluations: 0
[Task: 11] Size: 2 Evaluations: 23
[Task: 11] Size: 3 Evaluations: 82
[Task: 11] Size: 4 Evaluations: 77
[Task: 11] Size: 5 Evaluations: 110
[Task: 11] Size: 6 Evaluations: 451
[Task: 11] Size: 7 Evaluations: 771
[Task: 11] Size: 8 Evaluations: 1627
[Task: 11] Size: 9 Evaluations: 2732
[Task: 11] Size: 10 Evaluations: 5824
[Task: 11] Size: 11 Evaluations: 13528
[Task: 11] Size: 12 Evaluations: 35590
[Task: 11] Size: 13 Evaluations: 106714
[Task: 11] Size: 14 Evaluations: 336811
[Task: 11] Size: 15 Evaluations: 1164867
[Task: 11] Size: 16 Evaluations: 4221833
[Task: 12] Loading bustle model....
[Task: 12] Count: 12
[Task: 12] 
[Task: 12] 2021-09-16 17:43:41.687328
[Task: 12] Number of programs: 9
[Task: 12] Size: 0 Evaluations: 0
[Task: 12] Size: 1 Evaluations: 0
[Task: 12] Size: 2 Evaluations: 11
[Task: 12] Size: 3 Evaluations: 18
[Task: 12] Size: 4 Evaluations: 13
[Task: 12] Size: 5 Evaluations: 63
[Task: 12] Size: 6 Evaluations: 95
[Task: 12] Size: 7 Evaluations: 354
[Task: 12] Size: 8 Evaluations: 641
[Task: 12] Size: 9 Evaluations: 2455
[Task: 12] Size: 10 Evaluations: 5098
[Task: 12] Size: 11 Evaluations: 18259
[Task: 12] Benchmark: 36462127.sl
[Task: 12] Result: Success
[Task: 12] Program: _arg_0[(-1 - concat(" ", _arg_0).IndexOf("/")):].replace("/", "")
[Task: 12] Number of evaluations: 46316
[Task: 12] 2021-09-16 17:43:55.823699
[Task: 12] Time taken: 0:00:14.128023
[Task: 12] 
[Task: 13] Loading bustle model....
[Task: 13] Count: 13
[Task: 13] 
[Task: 13] 2021-09-16 17:43:41.720182
[Task: 13] Number of programs: 10
[Task: 13] Size: 0 Evaluations: 0
[Task: 13] Size: 1 Evaluations: 0
[Task: 13] Size: 2 Evaluations: 18
[Task: 13] Size: 3 Evaluations: 32
[Task: 13] Size: 4 Evaluations: 38
[Task: 13] Size: 5 Evaluations: 197
[Task: 13] Size: 6 Evaluations: 276
[Task: 13] Size: 7 Evaluations: 838
[Task: 13] Size: 8 Evaluations: 1589
[Task: 13] Size: 9 Evaluations: 3546
[Task: 13] Size: 10 Evaluations: 6934
[Task: 13] Benchmark: 37534494.sl
[Task: 13] Result: Success
[Task: 13] Program: (if_arg_0.Contain(_arg_2) then _arg_0 else _arg_1)
[Task: 13] Number of evaluations: 21439
[Task: 13] 2021-09-16 17:43:48.553629
[Task: 13] Time taken: 0:00:06.825142
[Task: 13] 
[Task: 14] Loading bustle model....
[Task: 14] Count: 14
[Task: 14] 
[Task: 14] 2021-09-16 20:55:44.444557
[Task: 14] Number of programs: 9
[Task: 14] Size: 0 Evaluations: 0
[Task: 14] Size: 1 Evaluations: 0
[Task: 14] Size: 2 Evaluations: 13
[Task: 14] Size: 3 Evaluations: 26
[Task: 14] Size: 4 Evaluations: 21
[Task: 14] Size: 5 Evaluations: 37
[Task: 14] Size: 6 Evaluations: 79
[Task: 14] Size: 7 Evaluations: 133
[Task: 14] Size: 8 Evaluations: 236
[Task: 14] Size: 9 Evaluations: 617
[Task: 14] Size: 10 Evaluations: 1322
[Task: 14] Benchmark: 38664547.sl
[Task: 14] Result: Success
[Task: 14] Program: _arg_0.replace(_arg_0.replace("that", "").upper(), "that").replace("that", "")
[Task: 14] Number of evaluations: 3656
[Task: 14] 2021-09-16 20:55:48.530725
[Task: 14] Time taken: 0:00:04.086141
[Task: 14] 
[Task: 15] Loading bustle model....
[Task: 15] Count: 15
[Task: 15] 
[Task: 15] 2021-09-16 20:55:44.404834
[Task: 15] Number of programs: 10
[Task: 15] Size: 0 Evaluations: 0
[Task: 15] Size: 1 Evaluations: 0
[Task: 15] Size: 2 Evaluations: 13
[Task: 15] Size: 3 Evaluations: 27
[Task: 15] Size: 4 Evaluations: 15
[Task: 15] Size: 5 Evaluations: 54
[Task: 15] Size: 6 Evaluations: 44
[Task: 15] Size: 7 Evaluations: 61
[Task: 15] Size: 8 Evaluations: 102
[Task: 15] Size: 9 Evaluations: 148
[Task: 15] Size: 10 Evaluations: 280
[Task: 15] Size: 11 Evaluations: 665
[Task: 15] Size: 12 Evaluations: 1316
[Task: 15] Size: 13 Evaluations: 2141
[Task: 15] Benchmark: 38871714.sl
[Task: 15] Result: Success
[Task: 15] Program: _arg_0.replace("<", "",-1).replace(">", "",-1)
[Task: 15] Number of evaluations: 7130
[Task: 15] 2021-09-16 20:55:47.223797
[Task: 15] Time taken: 0:00:02.815885
[Task: 15] 
[Task: 16] Loading bustle model....
[Task: 16] Count: 16
[Task: 16] 
[Task: 16] 2021-09-16 20:55:44.407232
[Task: 16] Number of programs: 9
[Task: 16] Size: 0 Evaluations: 0
[Task: 16] Size: 1 Evaluations: 0
[Task: 16] Size: 2 Evaluations: 12
[Task: 16] Size: 3 Evaluations: 20
[Task: 16] Size: 4 Evaluations: 12
[Task: 16] Size: 5 Evaluations: 65
[Task: 16] Size: 6 Evaluations: 51
[Task: 16] Size: 7 Evaluations: 214
[Task: 16] Size: 8 Evaluations: 190
[Task: 16] Size: 9 Evaluations: 813
[Task: 16] Size: 10 Evaluations: 984
[Task: 16] Size: 11 Evaluations: 3088
[Task: 16] Size: 12 Evaluations: 5109
[Task: 16] Size: 13 Evaluations: 13217
[Task: 16] Size: 14 Evaluations: 26594
[Task: 16] Benchmark: 39060015.sl
[Task: 16] Result: Success
[Task: 16] Program: _arg_0.replace("/", _arg_0[:_arg_0.IndexOf("/")],-1)[_arg_0.Length():]
[Task: 16] Number of evaluations: 81135
[Task: 16] 2021-09-16 20:56:07.290051
[Task: 16] Time taken: 0:00:22.879625
[Task: 16] 
[Task: 17] Loading bustle model....
[Task: 17] Count: 17
[Task: 17] 
[Task: 17] 2021-09-16 20:55:44.387582
[Task: 17] Number of programs: 9
[Task: 17] Size: 0 Evaluations: 0
[Task: 17] Size: 1 Evaluations: 0
[Task: 17] Size: 2 Evaluations: 14
[Task: 17] Size: 3 Evaluations: 24
[Task: 17] Size: 4 Evaluations: 18
[Task: 17] Size: 5 Evaluations: 54
[Task: 17] Size: 6 Evaluations: 79
[Task: 17] Size: 7 Evaluations: 158
[Task: 17] Size: 8 Evaluations: 348
[Task: 17] Size: 9 Evaluations: 607
[Task: 17] Benchmark: 41503046.sl
[Task: 17] Result: Success
[Task: 17] Program: _arg_0[:_arg_0.IndexOf(" ",("ssp.".Length() + "ssp.".Length()))]
[Task: 17] Number of evaluations: 1749
[Task: 17] 2021-09-16 20:55:45.737002
[Task: 17] Time taken: 0:00:01.349385
[Task: 17] 
[Task: 18] Loading bustle model....
[Task: 18] Count: 18
[Task: 18] 
[Task: 18] 2021-09-16 20:55:44.371412
[Task: 18] Number of programs: 17
[Task: 18] Size: 0 Evaluations: 0
[Task: 18] Size: 1 Evaluations: 0
[Task: 18] Size: 2 Evaluations: 28
[Task: 18] Size: 3 Evaluations: 150
[Task: 18] Size: 4 Evaluations: 73
[Task: 18] Size: 5 Evaluations: 182
[Task: 18] Size: 6 Evaluations: 96
[Task: 18] Size: 7 Evaluations: 401
[Task: 18] Size: 8 Evaluations: 451
[Task: 18] Size: 9 Evaluations: 771
[Task: 18] Size: 10 Evaluations: 3046
[Task: 18] Size: 11 Evaluations: 5204
[Task: 18] Size: 12 Evaluations: 13447
[Task: 18] Size: 13 Evaluations: 20575
[Task: 18] Size: 14 Evaluations: 48840
[Task: 18] Size: 15 Evaluations: 73302
[Task: 18] Size: 16 Evaluations: 122938
[Task: 18] Size: 17 Evaluations: 233240
[Task: 18] Size: 18 Evaluations: 463374
[Task: 18] Size: 19 Evaluations: 1020260
[Task: 18] Size: 20 Evaluations: 1937379
[Task: 18] Benchmark: 43120683.sl
[Task: 18] Result: Success
[Task: 18] Program: _arg_0.replace("1", "apple").replace(",", "").replace("2", "bananas").replace("3", "strawberries").replace("4", "oranges")
[Task: 18] Number of evaluations: 5894409
[Task: 18] 2021-09-16 21:36:13.510340
[Task: 18] Time taken: 0:40:29.138960
[Task: 18] 
[Task: 19] Loading bustle model....
[Task: 19] Count: 19
[Task: 19] 
[Task: 19] 2021-09-16 20:55:44.408590
[Task: 19] Number of programs: 9
[Task: 19] Size: 0 Evaluations: 0
[Task: 19] Size: 1 Evaluations: 0
[Task: 19] Size: 2 Evaluations: 11
[Task: 19] Size: 3 Evaluations: 17
[Task: 19] Size: 4 Evaluations: 5
[Task: 19] Size: 5 Evaluations: 28
[Task: 19] Size: 6 Evaluations: 17
[Task: 19] Size: 7 Evaluations: 81
[Task: 19] Size: 8 Evaluations: 106
[Task: 19] Size: 9 Evaluations: 358
[Task: 19] Size: 10 Evaluations: 580
[Task: 19] Size: 11 Evaluations: 1762
[Task: 19] Size: 12 Evaluations: 3461
[Task: 19] Size: 13 Evaluations: 9784
[Task: 19] Benchmark: 43606446.sl
[Task: 19] Result: Success
[Task: 19] Program: _arg_0[:-1][(-1 - (1 + 1)):]
[Task: 19] Number of evaluations: 32092
[Task: 19] 2021-09-16 20:55:57.427054
[Task: 19] Time taken: 0:00:13.015188
[Task: 19] 
[Task: 20] Loading bustle model....
[Task: 20] Count: 20
[Task: 20] 
[Task: 20] 2021-09-16 20:55:44.406666
[Task: 20] Number of programs: 11
[Task: 20] Size: 0 Evaluations: 0
[Task: 20] Size: 1 Evaluations: 0
[Task: 20] Size: 2 Evaluations: 22
[Task: 20] Size: 3 Evaluations: 47
[Task: 20] Size: 4 Evaluations: 65
[Task: 20] Size: 5 Evaluations: 245
[Task: 20] Size: 6 Evaluations: 412
[Task: 20] Size: 7 Evaluations: 1020
[Task: 20] Size: 8 Evaluations: 1827
[Task: 20] Benchmark: add-a-line-break-with-a-formula.sl
[Task: 20] Result: Success
[Task: 20] Program: concat(_arg_0, concat("/n", concat(_arg_1, concat("/n", _arg_2))))
[Task: 20] Number of evaluations: 3702
[Task: 20] 2021-09-16 20:55:46.515442
[Task: 20] Time taken: 0:00:02.105952
[Task: 20] 
[Task: 21] Loading bustle model....
[Task: 21] Count: 21
[Task: 21] 
[Task: 21] 2021-09-16 20:56:00.418655
[Task: 21] Number of programs: 10
[Task: 21] Size: 0 Evaluations: 0
[Task: 21] Size: 1 Evaluations: 0
[Task: 21] Size: 2 Evaluations: 13
[Task: 21] Size: 3 Evaluations: 34
[Task: 21] Size: 4 Evaluations: 21
[Task: 21] Benchmark: bikes.sl
[Task: 21] Result: Success
[Task: 21] Program: name[:(0 - 3)]
[Task: 21] Number of evaluations: 100
[Task: 21] 2021-09-16 20:56:00.896648
[Task: 21] Time taken: 0:00:00.477915
[Task: 21] 
[Task: 22] Loading bustle model....
[Task: 22] Count: 22
[Task: 22] 
[Task: 22] 2021-09-16 20:56:00.322367
[Task: 22] Number of programs: 9
[Task: 22] Size: 0 Evaluations: 0
[Task: 22] Size: 1 Evaluations: 0
[Task: 22] Size: 2 Evaluations: 10
[Task: 22] Size: 3 Evaluations: 19
[Task: 22] Benchmark: change-negative-numbers-to-positive.sl
[Task: 22] Result: Success
[Task: 22] Program: _arg_0.replace("-", "")
[Task: 22] Number of evaluations: 30
[Task: 22] 2021-09-16 20:56:00.625676
[Task: 22] Time taken: 0:00:00.303258
[Task: 22] 
[Task: 23] Loading bustle model....
[Task: 23] Count: 23
[Task: 23] 
[Task: 23] 2021-09-16 20:56:00.326060
[Task: 23] Number of programs: 13
[Task: 23] Size: 0 Evaluations: 0
[Task: 23] Size: 1 Evaluations: 0
[Task: 23] Size: 2 Evaluations: 14
[Task: 23] Size: 3 Evaluations: 61
[Task: 23] Size: 4 Evaluations: 60
[Task: 23] Size: 5 Evaluations: 124
[Task: 23] Size: 6 Evaluations: 158
[Task: 23] Size: 7 Evaluations: 340
[Task: 23] Size: 8 Evaluations: 531
[Task: 23] Size: 9 Evaluations: 883
[Task: 23] Size: 10 Evaluations: 3439
[Task: 23] Size: 11 Evaluations: 5924
[Task: 23] Size: 12 Evaluations: 15072
[Task: 23] Size: 13 Evaluations: 40077
[Task: 23] Size: 14 Evaluations: 78802
[Task: 23] Size: 15 Evaluations: 183219
[Task: 23] Size: 16 Evaluations: 494141
[Task: 23] Size: 17 Evaluations: 1105783
[Task: 23] Benchmark: clean-and-reformat-telephone-numbers.sl
[Task: 23] Result: Success
[Task: 23] Program: _arg_0.replace("-", "",-1).replace(".", "",-1).replace(" ", "").replace("<", "").replace(">", "")
[Task: 23] Number of evaluations: 2939153
[Task: 23] 2021-09-16 21:14:32.791010
[Task: 23] Time taken: 0:18:32.464928
[Task: 23] 
[Task: 24] Loading bustle model....
[Task: 24] Count: 24
[Task: 24] 
[Task: 24] 2021-09-17 00:15:59.056780
[Task: 24] Number of programs: 10
[Task: 24] Size: 0 Evaluations: 0
[Task: 24] Size: 1 Evaluations: 0
[Task: 24] Size: 2 Evaluations: 16
[Task: 24] Size: 3 Evaluations: 34
[Task: 24] Size: 4 Evaluations: 24
[Task: 24] Size: 5 Evaluations: 164
[Task: 24] Size: 6 Evaluations: 194
[Task: 24] Benchmark: create-email-address-from-name.sl
[Task: 24] Result: Success
[Task: 24] Program: concat(_arg_1.CharAt(0), concat(_arg_0, "_acme.com"))
[Task: 24] Number of evaluations: 550
[Task: 24] 2021-09-17 00:15:59.601964
[Task: 24] Time taken: 0:00:00.543118
[Task: 24] 
[Task: 25] Loading bustle model....
[Task: 25] Count: 25
[Task: 25] 
[Task: 25] 2021-09-17 00:15:59.024861
[Task: 25] Number of programs: 11
[Task: 25] Size: 0 Evaluations: 0
[Task: 25] Size: 1 Evaluations: 0
[Task: 25] Size: 2 Evaluations: 17
[Task: 25] Size: 3 Evaluations: 43
[Task: 25] Size: 4 Evaluations: 30
[Task: 25] Size: 5 Evaluations: 231
[Task: 25] Size: 6 Evaluations: 243
[Task: 25] Size: 7 Evaluations: 856
[Task: 25] Size: 8 Evaluations: 1205
[Task: 25] Benchmark: create-email-address-with-name-and-domain.sl
[Task: 25] Result: Success
[Task: 25] Program: concat(_arg_0.CharAt(0), concat(_arg_1, concat("_", _arg_2)))
[Task: 25] Number of evaluations: 2856
[Task: 25] 2021-09-17 00:16:00.731391
[Task: 25] Time taken: 0:00:01.706760
[Task: 25] 
[Task: 26] Loading bustle model....
[Task: 26] Count: 26
[Task: 26] 
[Task: 26] 2021-09-17 00:15:59.024942
[Task: 26] Number of programs: 9
[Task: 26] Size: 0 Evaluations: 0
[Task: 26] Size: 1 Evaluations: 0
[Task: 26] Size: 2 Evaluations: 15
[Task: 26] Size: 3 Evaluations: 32
[Task: 26] Size: 4 Evaluations: 28
[Task: 26] Size: 5 Evaluations: 110
[Task: 26] Size: 6 Evaluations: 173
[Task: 26] Size: 7 Evaluations: 340
[Task: 26] Size: 8 Evaluations: 511
[Task: 26] Size: 9 Evaluations: 840
[Task: 26] Size: 10 Evaluations: 1638
[Task: 26] Size: 11 Evaluations: 3297
[Task: 26] Size: 12 Evaluations: 11788
[Task: 26] Benchmark: dr-name.sl
[Task: 26] Result: Success
[Task: 26] Program: concat("Dr.", concat(" ", name[:name.IndexOf(" ")]))
[Task: 26] Number of evaluations: 22037
[Task: 26] 2021-09-17 00:16:09.645330
[Task: 26] Time taken: 0:00:10.620489
[Task: 26] 
[Task: 27] Loading bustle model....
[Task: 27] Count: 27
[Task: 27] 
[Task: 27] 2021-09-17 00:15:59.058361
[Task: 27] Number of programs: 10
[Task: 27] Size: 0 Evaluations: 0
[Task: 27] Size: 1 Evaluations: 0
[Task: 27] Size: 2 Evaluations: 14
[Task: 27] Size: 3 Evaluations: 32
[Task: 27] Size: 4 Evaluations: 39
[Task: 27] Size: 5 Evaluations: 183
[Task: 27] Size: 6 Evaluations: 329
[Task: 27] Benchmark: exceljet1.sl
[Task: 27] Result: Success
[Task: 27] Program: _arg_1[(1 + _arg_1.IndexOf("_")):]
[Task: 27] Number of evaluations: 1329
[Task: 27] 2021-09-17 00:15:59.856985
[Task: 27] Time taken: 0:00:00.797209
[Task: 27] 
[Task: 28] Loading bustle model....
[Task: 28] Count: 28
[Task: 28] 
[Task: 28] 2021-09-17 00:15:59.032576
[Task: 28] Number of programs: 9
[Task: 28] Size: 0 Evaluations: 0
[Task: 28] Size: 1 Evaluations: 0
[Task: 28] Size: 2 Evaluations: 11
[Task: 28] Size: 3 Evaluations: 18
[Task: 28] Size: 4 Evaluations: 15
[Task: 28] Size: 5 Evaluations: 69
[Task: 28] Size: 6 Evaluations: 108
[Task: 28] Size: 7 Evaluations: 432
[Task: 28] Size: 8 Evaluations: 741
[Task: 28] Size: 9 Evaluations: 3124
[Task: 28] Benchmark: exceljet2.sl
[Task: 28] Result: Success
[Task: 28] Program: _arg_0[(-1 + (-1 + -1)):].replace(".", "")
[Task: 28] Number of evaluations: 7032
[Task: 28] 2021-09-17 00:16:01.733952
[Task: 28] Time taken: 0:00:02.701331
[Task: 28] 
[Task: 29] Loading bustle model....
[Task: 29] Count: 29
[Task: 29] 
[Task: 29] 2021-09-17 00:15:59.062676
[Task: 29] Number of programs: 9
[Task: 29] Size: 0 Evaluations: 0
[Task: 29] Size: 1 Evaluations: 0
[Task: 29] Size: 2 Evaluations: 11
[Task: 29] Size: 3 Evaluations: 19
[Task: 29] Size: 4 Evaluations: 18
[Task: 29] Size: 5 Evaluations: 78
[Task: 29] Size: 6 Evaluations: 145
[Task: 29] Size: 7 Evaluations: 498
[Task: 29] Benchmark: exceljet3.sl
[Task: 29] Result: Success
[Task: 29] Program: _arg_0[(1 + _arg_0.IndexOf("=")):].strip()
[Task: 29] Number of evaluations: 1330
[Task: 29] 2021-09-17 00:16:00.024718
[Task: 29] Time taken: 0:00:00.960155
[Task: 29] 
[Task: 30] Loading bustle model....
[Task: 30] Count: 30
[Task: 30] 
[Task: 30] 2021-09-17 00:15:59.081641
[Task: 30] Number of programs: 10
[Task: 30] Size: 0 Evaluations: 0
[Task: 30] Size: 1 Evaluations: 0
[Task: 30] Size: 2 Evaluations: 12
[Task: 30] Size: 3 Evaluations: 26
[Task: 30] Size: 4 Evaluations: 23
[Task: 30] Size: 5 Evaluations: 107
[Task: 30] Size: 6 Evaluations: 197
[Task: 30] Size: 7 Evaluations: 771
[Task: 30] Size: 8 Evaluations: 1714
[Task: 30] Benchmark: exceljet4.sl
[Task: 30] Result: Success
[Task: 30] Program: _arg_0[(1 + (1 + _arg_0.IndexOf("/"))):]
[Task: 30] Number of evaluations: 7753
[Task: 30] 2021-09-17 00:16:01.503240
[Task: 30] Time taken: 0:00:02.421579
[Task: 30] 
[Task: 31] Loading bustle model....
[Task: 31] Count: 31
[Task: 31] 
[Task: 31] 2021-09-17 00:15:59.030881
[Task: 31] Number of programs: 14
[Task: 31] Size: 0 Evaluations: 0
[Task: 31] Size: 1 Evaluations: 0
[Task: 31] Size: 2 Evaluations: 15
[Task: 31] Size: 3 Evaluations: 45
[Task: 31] Size: 4 Evaluations: 28
[Task: 31] Size: 5 Evaluations: 211
[Task: 31] Size: 6 Evaluations: 113
[Task: 31] Size: 7 Evaluations: 659
[Task: 31] Size: 8 Evaluations: 462
[Task: 31] Size: 9 Evaluations: 1966
[Task: 31] Size: 10 Evaluations: 2169
[Task: 31] Size: 11 Evaluations: 5451
[Task: 31] Size: 12 Evaluations: 10660
[Task: 31] Size: 13 Evaluations: 19570
[Task: 31] Size: 14 Evaluations: 55503
[Task: 31] Benchmark: extract-word-containing-specific-text.sl
[Task: 31] Result: Success
[Task: 31] Program: _arg_0[(_arg_0.IndexOf("_") - 4):][:(2 + _arg_0.IndexOf("_"))]
[Task: 31] Number of evaluations: 117321
[Task: 31] 2021-09-17 00:16:36.314577
[Task: 31] Time taken: 0:00:37.283722
[Task: 31] 
[Task: 32] Loading bustle model....
[Task: 32] Count: 32
[Task: 32] 
[Task: 32] 2021-09-17 00:17:08.278093
[Task: 32] Number of programs: 11
[Task: 32] Size: 0 Evaluations: 0
[Task: 32] Size: 1 Evaluations: 0
[Task: 32] Size: 2 Evaluations: 12
[Task: 32] Size: 3 Evaluations: 25
[Task: 32] Size: 4 Evaluations: 9
[Task: 32] Size: 5 Evaluations: 65
[Task: 32] Size: 6 Evaluations: 29
[Task: 32] Size: 7 Evaluations: 70
[Task: 32] Size: 8 Evaluations: 145
[Task: 32] Size: 9 Evaluations: 213
[Task: 32] Size: 10 Evaluations: 383
[Task: 32] Size: 11 Evaluations: 803
[Task: 32] Size: 12 Evaluations: 1681
[Task: 32] Size: 13 Evaluations: 2245
[Task: 32] Size: 14 Evaluations: 5309
[Task: 32] Size: 15 Evaluations: 7078
[Task: 32] Size: 16 Evaluations: 13005
[Task: 32] Size: 17 Evaluations: 25974
[Task: 32] Size: 18 Evaluations: 45119
[Task: 32] Size: 19 Evaluations: 83739
[Task: 32] Size: 20 Evaluations: 156370
[Task: 32] Size: 21 Evaluations: 303737
[Task: 32] Size: 22 Evaluations: 517727
[Task: 32] Benchmark: extract-word-that-begins-with-specific-character.sl
[Task: 32] Result: Success
[Task: 32] Program: _arg_0[_arg_0.IndexOf("_"):][:concat(_arg_0[_arg_0.IndexOf("_"):], " ").IndexOf(" ")]
[Task: 32] Number of evaluations: 1408678
[Task: 32] 2021-09-17 00:28:53.634543
[Task: 32] Time taken: 0:11:45.356710
[Task: 32] 
[Task: 33] Loading bustle model....
[Task: 33] Count: 33
[Task: 33] 
[Task: 33] 2021-09-17 00:17:08.293181
[Task: 33] Number of programs: 7
[Task: 33] Size: 0 Evaluations: 0
[Task: 33] Size: 1 Evaluations: 0
[Task: 33] Size: 2 Evaluations: 10
[Task: 33] Size: 3 Evaluations: 17
[Task: 33] Size: 4 Evaluations: 9
[Task: 33] Benchmark: firstname.sl
[Task: 33] Result: Success
[Task: 33] Program: name[:name.IndexOf(" ")]
[Task: 33] Number of evaluations: 55
[Task: 33] 2021-09-17 00:17:08.658034
[Task: 33] Time taken: 0:00:00.364794
[Task: 33] 
[Task: 34] Loading bustle model....
[Task: 34] Count: 34
[Task: 34] 
[Task: 34] 2021-09-17 00:17:08.329799
[Task: 34] Number of programs: 10
[Task: 34] Size: 0 Evaluations: 0
[Task: 34] Size: 1 Evaluations: 0
[Task: 34] Size: 2 Evaluations: 14
[Task: 34] Size: 3 Evaluations: 32
[Task: 34] Size: 4 Evaluations: 32
[Task: 34] Benchmark: get-domain-from-email-address_2.sl
[Task: 34] Result: Success
[Task: 34] Program: _arg_1[:_arg_1.IndexOf("_")]
[Task: 34] Number of evaluations: 142
[Task: 34] 2021-09-17 00:17:08.691284
[Task: 34] Time taken: 0:00:00.361434
[Task: 34] 
[Task: 35] Loading bustle model....
[Task: 35] Count: 35
[Task: 35] 
[Task: 35] 2021-09-17 00:17:08.303681
[Task: 35] Number of programs: 11
[Task: 35] Size: 0 Evaluations: 0
[Task: 35] Size: 1 Evaluations: 0
[Task: 35] Size: 2 Evaluations: 13
[Task: 35] Size: 3 Evaluations: 29
[Task: 35] Size: 4 Evaluations: 19
[Task: 35] Size: 5 Evaluations: 145
[Task: 35] Size: 6 Evaluations: 93
[Task: 35] Size: 7 Evaluations: 524
[Task: 35] Size: 8 Evaluations: 424
[Task: 35] Size: 9 Evaluations: 1948
[Task: 35] Size: 10 Evaluations: 1566
[Task: 35] Size: 11 Evaluations: 6689
[Task: 35] Size: 12 Evaluations: 7194
[Task: 35] Size: 13 Evaluations: 21758
[Task: 35] Size: 14 Evaluations: 33288
[Task: 35] Size: 15 Evaluations: 71412
[Task: 35] Size: 16 Evaluations: 152748
[Task: 35] Size: 17 Evaluations: 259951
[Task: 35] Size: 18 Evaluations: 666546
[Task: 35] Size: 19 Evaluations: 1001871
[Task: 35] Size: 20 Evaluations: 2722403
[Task: 36] Loading bustle model....
[Task: 36] Count: 36
[Task: 36] 
[Task: 36] 2021-09-17 00:17:08.298081
[Task: 36] Number of programs: 8
[Task: 36] Size: 0 Evaluations: 0
[Task: 36] Size: 1 Evaluations: 0
[Task: 36] Size: 2 Evaluations: 11
[Task: 36] Size: 3 Evaluations: 13
[Task: 36] Size: 4 Evaluations: 6
[Task: 36] Benchmark: get-first-name-from-name.sl
[Task: 36] Result: Success
[Task: 36] Program: _arg_0[:_arg_0.IndexOf(" ")]
[Task: 36] Number of evaluations: 39
[Task: 36] 2021-09-17 00:17:08.637738
[Task: 36] Time taken: 0:00:00.339574
[Task: 36] 
[Task: 37] Loading bustle model....
[Task: 37] Count: 37
[Task: 37] 
[Task: 37] 2021-09-17 00:17:08.308321
[Task: 37] Number of programs: 8
[Task: 37] Size: 0 Evaluations: 0
[Task: 37] Size: 1 Evaluations: 0
[Task: 37] Size: 2 Evaluations: 11
[Task: 37] Size: 3 Evaluations: 14
[Task: 37] Size: 4 Evaluations: 10
[Task: 37] Size: 5 Evaluations: 31
[Task: 37] Size: 6 Evaluations: 22
[Task: 37] Size: 7 Evaluations: 58
[Task: 37] Size: 8 Evaluations: 54
[Task: 37] Size: 9 Evaluations: 140
[Task: 37] Size: 10 Evaluations: 264
[Task: 37] Size: 11 Evaluations: 635
[Task: 37] Benchmark: get-first-word.sl
[Task: 37] Result: Success
[Task: 37] Program: _arg_0[:_arg_0.replace(" ", _arg_0).IndexOf(_arg_0)]
[Task: 37] Number of evaluations: 1834
[Task: 37] 2021-09-17 00:17:09.519697
[Task: 37] Time taken: 0:00:01.211359
[Task: 37] 
[Task: 38] Loading bustle model....
[Task: 38] Count: 38
[Task: 38] 
[Task: 38] 2021-09-17 03:28:56.107668
[Task: 38] Number of programs: 9
[Task: 38] Size: 0 Evaluations: 0
[Task: 38] Size: 1 Evaluations: 0
[Task: 38] Size: 2 Evaluations: 14
[Task: 38] Size: 3 Evaluations: 18
[Task: 38] Size: 4 Evaluations: 31
[Task: 38] Size: 5 Evaluations: 76
[Task: 38] Size: 6 Evaluations: 154
[Task: 38] Size: 7 Evaluations: 329
[Task: 38] Size: 8 Evaluations: 677
[Task: 38] Size: 9 Evaluations: 1561
[Task: 38] Size: 10 Evaluations: 3360
[Task: 38] Size: 11 Evaluations: 7292
[Task: 38] Size: 12 Evaluations: 16091
[Task: 38] Size: 13 Evaluations: 35971
[Task: 38] Size: 14 Evaluations: 79823
[Task: 38] Size: 15 Evaluations: 177433
[Task: 38] Size: 16 Evaluations: 397495
[Task: 38] Size: 17 Evaluations: 894686
[Task: 38] Size: 18 Evaluations: 2015115
[Task: 39] Loading bustle model....
[Task: 39] Count: 39
[Task: 39] 
[Task: 39] 2021-09-17 03:28:56.054820
[Task: 39] Number of programs: 8
[Task: 39] Size: 0 Evaluations: 0
[Task: 39] Size: 1 Evaluations: 0
[Task: 39] Size: 2 Evaluations: 11
[Task: 39] Size: 3 Evaluations: 13
[Task: 39] Size: 4 Evaluations: 16
[Task: 39] Size: 5 Evaluations: 49
[Task: 39] Benchmark: get-last-name-from-name.sl
[Task: 39] Result: Success
[Task: 39] Program: _arg_0[_arg_0.IndexOf(" "):].strip()
[Task: 39] Number of evaluations: 124
[Task: 39] 2021-09-17 03:28:56.888218
[Task: 39] Time taken: 0:00:00.833371
[Task: 39] 
[Task: 40] Loading bustle model....
[Task: 40] Count: 40
[Task: 40] 
[Task: 40] 2021-09-17 03:28:56.031610
[Task: 40] Number of programs: 9
[Task: 40] Size: 0 Evaluations: 0
[Task: 40] Size: 1 Evaluations: 0
[Task: 40] Size: 2 Evaluations: 11
[Task: 40] Size: 3 Evaluations: 19
[Task: 40] Size: 4 Evaluations: 12
[Task: 40] Size: 5 Evaluations: 40
[Task: 40] Size: 6 Evaluations: 40
[Task: 40] Size: 7 Evaluations: 68
[Task: 40] Size: 8 Evaluations: 102
[Task: 40] Size: 9 Evaluations: 251
[Task: 40] Size: 10 Evaluations: 489
[Task: 40] Size: 11 Evaluations: 1172
[Task: 40] Size: 12 Evaluations: 2790
[Task: 40] Size: 13 Evaluations: 6781
[Task: 40] Size: 14 Evaluations: 18537
[Task: 40] Size: 15 Evaluations: 54004
[Task: 40] Benchmark: get-last-name-from-name-with-comma.sl
[Task: 40] Result: Success
[Task: 40] Program: concat(concat(_arg_0[(1 + _arg_0.IndexOf(",")):], ","), _arg_0)[:_arg_0.Length()]
[Task: 40] Number of evaluations: 196328
[Task: 40] 2021-09-17 03:30:09.064478
[Task: 40] Time taken: 0:01:13.032865
[Task: 40] 
[Task: 41] Loading bustle model....
[Task: 41] Count: 41
[Task: 41] 
[Task: 41] 2021-09-17 03:28:56.061090
[Task: 41] Number of programs: 8
[Task: 41] Size: 0 Evaluations: 0
[Task: 41] Size: 1 Evaluations: 0
[Task: 41] Size: 2 Evaluations: 10
[Task: 41] Size: 3 Evaluations: 13
[Task: 41] Size: 4 Evaluations: 12
[Task: 41] Size: 5 Evaluations: 48
[Task: 41] Size: 6 Evaluations: 74
[Task: 41] Size: 7 Evaluations: 238
[Task: 41] Size: 8 Evaluations: 449
[Task: 41] Benchmark: get-last-word.sl
[Task: 41] Result: Success
[Task: 41] Program: _arg_0[(-1 + (-1 + (-1 + -1))):]
[Task: 41] Number of evaluations: 1797
[Task: 41] 2021-09-17 03:28:57.104441
[Task: 41] Time taken: 0:00:01.043256
[Task: 41] 
[Task: 42] Loading bustle model....
[Task: 42] Count: 42
[Task: 42] 
[Task: 42] 2021-09-17 03:28:56.047260
[Task: 42] Number of programs: 8
[Task: 42] Size: 0 Evaluations: 0
[Task: 42] Size: 1 Evaluations: 0
[Task: 42] Size: 2 Evaluations: 10
[Task: 42] Size: 3 Evaluations: 14
[Task: 42] Size: 4 Evaluations: 11
[Task: 42] Size: 5 Evaluations: 38
[Task: 42] Size: 6 Evaluations: 32
[Task: 42] Size: 7 Evaluations: 93
[Task: 42] Size: 8 Evaluations: 57
[Task: 42] Size: 9 Evaluations: 211
[Task: 42] Size: 10 Evaluations: 139
[Task: 42] Size: 11 Evaluations: 451
[Task: 42] Size: 12 Evaluations: 496
[Task: 42] Size: 13 Evaluations: 1155
[Task: 42] Size: 14 Evaluations: 1747
[Task: 42] Size: 15 Evaluations: 3302
[Task: 42] Benchmark: get-middle-name-from-full-name.sl
[Task: 42] Result: Success
[Task: 42] Program: _arg_0.Substr(_arg_0.IndexOf(" "),_arg_0.IndexOf(" ",(-1 + (-1 - _arg_0.IndexOf(" "))))).strip()
[Task: 42] Number of evaluations: 9352
[Task: 42] 2021-09-17 03:29:02.428418
[Task: 42] Time taken: 0:00:06.381155
[Task: 42] 
[Task: 43] Loading bustle model....
[Task: 43] Count: 43
[Task: 43] 
[Task: 43] 2021-09-17 03:28:56.038740
[Task: 43] Number of programs: 8
[Task: 43] Size: 0 Evaluations: 0
[Task: 43] Size: 1 Evaluations: 0
[Task: 43] Size: 2 Evaluations: 11
[Task: 43] Size: 3 Evaluations: 22
[Task: 43] Size: 4 Evaluations: 4
[Task: 43] Size: 5 Evaluations: 33
[Task: 43] Size: 6 Evaluations: 23
[Task: 43] Size: 7 Evaluations: 46
[Task: 43] Size: 8 Evaluations: 68
[Task: 43] Size: 9 Evaluations: 102
[Task: 43] Size: 10 Evaluations: 160
[Task: 43] Size: 11 Evaluations: 255
[Task: 43] Size: 12 Evaluations: 496
[Task: 43] Size: 13 Evaluations: 554
[Task: 43] Size: 14 Evaluations: 1283
[Task: 43] Size: 15 Evaluations: 1603
[Task: 43] Size: 16 Evaluations: 2976
[Task: 43] Size: 17 Evaluations: 4646
[Task: 43] Size: 18 Evaluations: 7930
[Task: 43] Size: 19 Evaluations: 12478
[Task: 43] Benchmark: initials.sl
[Task: 43] Result: Success
[Task: 43] Program: concat(name.CharAt(0), concat(".", concat(name.CharAt((1 + name.IndexOf(" "))), ".")))
[Task: 43] Number of evaluations: 34260
[Task: 43] 2021-09-17 03:29:15.209069
[Task: 43] Time taken: 0:00:19.170266
[Task: 43] 
[Task: 44] Loading bustle model....
[Task: 44] Count: 44
[Task: 44] 
[Task: 44] 2021-09-17 03:28:56.039633
[Task: 44] Number of programs: 11
[Task: 44] Size: 0 Evaluations: 0
[Task: 44] Size: 1 Evaluations: 0
[Task: 44] Size: 2 Evaluations: 17
[Task: 44] Size: 3 Evaluations: 42
[Task: 44] Size: 4 Evaluations: 27
[Task: 44] Size: 5 Evaluations: 163
[Task: 44] Size: 6 Evaluations: 128
[Task: 44] Size: 7 Evaluations: 338
[Task: 44] Size: 8 Evaluations: 361
[Task: 44] Size: 9 Evaluations: 679
[Task: 44] Size: 10 Evaluations: 889
[Task: 44] Size: 11 Evaluations: 1787
[Task: 44] Size: 12 Evaluations: 4357
[Task: 44] Size: 13 Evaluations: 6610
[Task: 44] Size: 14 Evaluations: 16063
[Task: 44] Size: 15 Evaluations: 22748
[Task: 44] Size: 16 Evaluations: 43925
[Task: 44] Size: 17 Evaluations: 63501
[Task: 44] Size: 18 Evaluations: 116237
[Task: 44] Size: 19 Evaluations: 187135
[Task: 44] Benchmark: join-cells-with-comma.sl
[Task: 44] Result: Success
[Task: 44] Program: concat(_arg_0, concat(",", concat(" ", concat(_arg_1, concat(_arg_1[-1:], concat(",", concat(" ", _arg_2)))[1:].strip()))))
[Task: 44] Number of evaluations: 481386
[Task: 44] 2021-09-17 03:32:50.179809
[Task: 44] Time taken: 0:03:54.140424
[Task: 44] 
[Task: 45] Loading bustle model....
[Task: 45] Count: 45
[Task: 45] 
[Task: 45] 2021-09-17 03:28:56.071537
[Task: 45] Number of programs: 9
[Task: 45] Size: 0 Evaluations: 0
[Task: 45] Size: 1 Evaluations: 0
[Task: 45] Size: 2 Evaluations: 13
[Task: 45] Size: 3 Evaluations: 22
[Task: 45] Size: 4 Evaluations: 20
[Task: 45] Benchmark: join-first-and-last-name.sl
[Task: 45] Result: Success
[Task: 45] Program: concat(_arg_0, concat(" ", _arg_1))
[Task: 45] Number of evaluations: 62
[Task: 45] 2021-09-17 03:28:56.562217
[Task: 45] Time taken: 0:00:00.490649
[Task: 45] 
[Task: 46] Loading bustle model....
[Task: 46] Count: 46
[Task: 46] 
[Task: 46] 2021-09-17 03:28:56.064097
[Task: 46] Number of programs: 6
[Task: 46] Size: 0 Evaluations: 0
[Task: 46] Size: 1 Evaluations: 0
[Task: 46] Size: 2 Evaluations: 9
[Task: 46] Size: 3 Evaluations: 11
[Task: 46] Size: 4 Evaluations: 13
[Task: 46] Size: 5 Evaluations: 31
[Task: 46] Benchmark: lastname.sl
[Task: 46] Result: Success
[Task: 46] Program: name[name.IndexOf(" "):].strip()
[Task: 46] Number of evaluations: 84
[Task: 46] 2021-09-17 03:28:56.620555
[Task: 46] Time taken: 0:00:00.556424
[Task: 46] 
[Task: 47] Loading bustle model....
[Task: 47] Count: 47
[Task: 47] 
[Task: 47] 2021-09-17 03:28:56.039132
[Task: 47] Number of programs: 10
[Task: 47] Size: 0 Evaluations: 0
[Task: 47] Size: 1 Evaluations: 0
[Task: 47] Size: 2 Evaluations: 15
[Task: 47] Size: 3 Evaluations: 37
[Task: 47] Size: 4 Evaluations: 4
[Task: 47] Size: 5 Evaluations: 92
[Task: 47] Size: 6 Evaluations: 14
[Task: 47] Size: 7 Evaluations: 78
[Task: 47] Size: 8 Evaluations: 25
[Task: 47] Size: 9 Evaluations: 105
[Task: 47] Size: 10 Evaluations: 210
[Task: 47] Benchmark: most-frequently-occurring-text.sl
[Task: 47] Result: Success
[Task: 47] Program: (ifEqual(_arg_0,_arg_1) then _arg_0 else _arg_2)
[Task: 47] Number of evaluations: 775
[Task: 47] 2021-09-17 03:28:57.108648
[Task: 47] Time taken: 0:00:01.069454
[Task: 47] 
[Task: 48] Loading bustle model....
[Task: 48] Count: 48
[Task: 48] 
[Task: 48] 2021-09-17 03:28:56.030222
[Task: 48] Number of programs: 9
[Task: 48] Size: 0 Evaluations: 0
[Task: 48] Size: 1 Evaluations: 0
[Task: 48] Size: 2 Evaluations: 15
[Task: 48] Size: 3 Evaluations: 34
[Task: 48] Size: 4 Evaluations: 27
[Task: 48] Size: 5 Evaluations: 115
[Task: 48] Size: 6 Evaluations: 174
[Task: 48] Size: 7 Evaluations: 339
[Task: 48] Size: 8 Evaluations: 502
[Task: 48] Benchmark: name-combine-2.sl
[Task: 48] Result: Success
[Task: 48] Program: concat(firstname, concat(" ", concat(lastname.CharAt(0), ".")))
[Task: 48] Number of evaluations: 1230
[Task: 48] 2021-09-17 03:28:57.255873
[Task: 48] Time taken: 0:00:01.225623
[Task: 48] 
[Task: 49] Loading bustle model....
[Task: 49] Count: 49
[Task: 49] 
[Task: 49] 2021-09-17 03:28:56.035054
[Task: 49] Number of programs: 9
[Task: 49] Size: 0 Evaluations: 0
[Task: 49] Size: 1 Evaluations: 0
[Task: 49] Size: 2 Evaluations: 15
[Task: 49] Size: 3 Evaluations: 34
[Task: 49] Size: 4 Evaluations: 29
[Task: 49] Size: 5 Evaluations: 137
[Task: 49] Size: 6 Evaluations: 182
[Task: 49] Size: 7 Evaluations: 512
[Task: 49] Size: 8 Evaluations: 799
[Task: 49] Benchmark: name-combine-3.sl
[Task: 49] Result: Success
[Task: 49] Program: concat(firstname.CharAt(0), concat(".", concat(" ", lastname)))
[Task: 49] Number of evaluations: 1844
[Task: 49] 2021-09-17 03:28:57.637543
[Task: 49] Time taken: 0:00:01.602411
[Task: 49] 
[Task: 50] Loading bustle model....
[Task: 50] Count: 50
[Task: 50] 
[Task: 50] 2021-09-17 03:28:56.030264
[Task: 50] Number of programs: 10
[Task: 50] Size: 0 Evaluations: 0
[Task: 50] Size: 1 Evaluations: 0
[Task: 50] Size: 2 Evaluations: 16
[Task: 50] Size: 3 Evaluations: 43
[Task: 50] Size: 4 Evaluations: 31
[Task: 50] Size: 5 Evaluations: 140
[Task: 50] Size: 6 Evaluations: 167
[Task: 50] Size: 7 Evaluations: 410
[Task: 50] Size: 8 Evaluations: 390
[Task: 50] Size: 9 Evaluations: 858
[Task: 50] Size: 10 Evaluations: 982
[Task: 50] Benchmark: name-combine-4.sl
[Task: 50] Result: Success
[Task: 50] Program: concat(lastname, concat(",", concat(" ", concat(firstname.CharAt(0), "."))))
[Task: 50] Number of evaluations: 3164
[Task: 50] 2021-09-17 03:28:58.920684
[Task: 50] Time taken: 0:00:02.890382
[Task: 50] 
[Task: 51] Loading bustle model....
[Task: 51] Count: 51
[Task: 51] 
[Task: 51] 2021-09-17 03:28:56.019342
[Task: 51] Number of programs: 8
[Task: 51] Size: 0 Evaluations: 0
[Task: 51] Size: 1 Evaluations: 0
[Task: 51] Size: 2 Evaluations: 14
[Task: 51] Size: 3 Evaluations: 27
[Task: 51] Size: 4 Evaluations: 44
[Task: 51] Benchmark: name-combine.sl
[Task: 51] Result: Success
[Task: 51] Program: concat(firstname, concat(" ", lastname))
[Task: 51] Number of evaluations: 98
[Task: 51] 2021-09-17 03:28:56.555766
[Task: 51] Time taken: 0:00:00.536407
[Task: 51] 
[Task: 52] Loading bustle model....
[Task: 52] Count: 52
[Task: 52] 
[Task: 52] 2021-09-17 03:28:55.998429
[Task: 52] Number of programs: 15
[Task: 52] Size: 0 Evaluations: 0
[Task: 52] Size: 1 Evaluations: 0
[Task: 52] Size: 2 Evaluations: 16
[Task: 52] Size: 3 Evaluations: 80
[Task: 52] Size: 4 Evaluations: 45
[Task: 52] Size: 5 Evaluations: 345
[Task: 52] Size: 6 Evaluations: 292
[Task: 52] Size: 7 Evaluations: 675
[Task: 52] Size: 8 Evaluations: 1402
[Task: 52] Size: 9 Evaluations: 1600
[Task: 52] Size: 10 Evaluations: 5263
[Task: 52] Size: 11 Evaluations: 8411
[Task: 52] Size: 12 Evaluations: 25500
[Task: 52] Size: 13 Evaluations: 48697
[Task: 52] Size: 14 Evaluations: 116668
[Task: 52] Size: 15 Evaluations: 213864
[Task: 52] Benchmark: phone-10.sl
[Task: 52] Result: Success
[Task: 52] Program: name.replace(" ", concat(" ", "(")).replace("-", concat(")", " "))
[Task: 52] Number of evaluations: 524728
[Task: 52] 2021-09-17 03:36:22.053728
[Task: 52] Time taken: 0:07:26.055324
[Task: 52] 
[Task: 53] Loading bustle model....
[Task: 53] Count: 53
[Task: 53] 
[Task: 53] 2021-09-17 03:28:55.994008
[Task: 53] Number of programs: 10
[Task: 53] Size: 0 Evaluations: 0
[Task: 53] Size: 1 Evaluations: 0
[Task: 53] Size: 2 Evaluations: 11
[Task: 53] Size: 3 Evaluations: 35
[Task: 53] Size: 4 Evaluations: 29
[Task: 53] Size: 5 Evaluations: 95
[Task: 53] Benchmark: phone-1.sl
[Task: 53] Result: Success
[Task: 53] Program: name.Substr(4,(2 + 5))
[Task: 53] Number of evaluations: 189
[Task: 53] 2021-09-17 03:28:56.662698
[Task: 53] Time taken: 0:00:00.668685
[Task: 53] 
[Task: 54] Loading bustle model....
[Task: 54] Count: 54
[Task: 54] 
[Task: 54] 2021-09-17 03:28:55.999357
[Task: 54] Number of programs: 10
[Task: 54] Size: 0 Evaluations: 0
[Task: 54] Size: 1 Evaluations: 0
[Task: 54] Size: 2 Evaluations: 11
[Task: 54] Size: 3 Evaluations: 35
[Task: 54] Size: 4 Evaluations: 28
[Task: 54] Benchmark: phone-2.sl
[Task: 54] Result: Success
[Task: 54] Program: name[(3 + 5):]
[Task: 54] Number of evaluations: 146
[Task: 54] 2021-09-17 03:28:56.558648
[Task: 54] Time taken: 0:00:00.559275
[Task: 54] 
[Task: 55] Loading bustle model....
[Task: 55] Count: 55
[Task: 55] 
[Task: 55] 2021-09-17 03:28:56.010303
[Task: 55] Number of programs: 13
[Task: 55] Size: 0 Evaluations: 0
[Task: 55] Size: 1 Evaluations: 0
[Task: 55] Size: 2 Evaluations: 14
[Task: 55] Size: 3 Evaluations: 54
[Task: 55] Size: 4 Evaluations: 29
[Task: 55] Size: 5 Evaluations: 273
[Task: 55] Size: 6 Evaluations: 205
[Task: 55] Size: 7 Evaluations: 1147
[Task: 55] Benchmark: phone-3.sl
[Task: 55] Result: Success
[Task: 55] Program: concat("(", name.replace("-", concat(")", " ")))
[Task: 55] Number of evaluations: 1732
[Task: 55] 2021-09-17 03:28:57.641741
[Task: 55] Time taken: 0:00:01.631440
[Task: 55] 
[Task: 56] Loading bustle model....
[Task: 56] Count: 56
[Task: 56] 
[Task: 56] 2021-09-17 03:28:55.999604
[Task: 56] Number of programs: 14
[Task: 56] Size: 0 Evaluations: 0
[Task: 56] Size: 1 Evaluations: 0
[Task: 56] Size: 2 Evaluations: 15
[Task: 56] Size: 3 Evaluations: 66
[Task: 56] Size: 4 Evaluations: 48
[Task: 56] Benchmark: phone-4.sl
[Task: 56] Result: Success
[Task: 56] Program: name.replace("-", ".",2)
[Task: 56] Number of evaluations: 237
[Task: 56] 2021-09-17 03:28:56.596708
[Task: 56] Time taken: 0:00:00.597114
[Task: 56] 
[Task: 57] Loading bustle model....
[Task: 57] Count: 57
[Task: 57] 
[Task: 57] 2021-09-17 03:28:56.021492
[Task: 57] Number of programs: 13
[Task: 57] Size: 0 Evaluations: 0
[Task: 57] Size: 1 Evaluations: 0
[Task: 57] Size: 2 Evaluations: 14
[Task: 57] Size: 3 Evaluations: 56
[Task: 57] Size: 4 Evaluations: 41
[Task: 57] Size: 5 Evaluations: 276
[Task: 57] Benchmark: phone-5.sl
[Task: 57] Result: Success
[Task: 57] Program: name.Substr(1,name.IndexOf(" "))
[Task: 57] Number of evaluations: 502
[Task: 57] 2021-09-17 03:28:56.601705
[Task: 57] Time taken: 0:00:00.580158
[Task: 57] 
[Task: 58] Loading bustle model....
[Task: 58] Count: 58
[Task: 58] 
[Task: 58] 2021-09-17 03:30:35.438055
[Task: 58] Number of programs: 13
[Task: 58] Size: 0 Evaluations: 0
[Task: 58] Size: 1 Evaluations: 0
[Task: 58] Size: 2 Evaluations: 14
[Task: 58] Size: 3 Evaluations: 57
[Task: 58] Size: 4 Evaluations: 47
[Task: 58] Size: 5 Evaluations: 244
[Task: 58] Size: 6 Evaluations: 240
[Task: 58] Size: 7 Evaluations: 972
[Task: 58] Size: 8 Evaluations: 842
[Task: 58] Benchmark: phone-6.sl
[Task: 58] Result: Success
[Task: 58] Program: name.Substr(name.IndexOf(" "),name.IndexOf("-")).strip()
[Task: 58] Number of evaluations: 2971
[Task: 58] 2021-09-17 03:30:37.874866
[Task: 58] Time taken: 0:00:02.436732
[Task: 58] 
[Task: 59] Loading bustle model....
[Task: 59] Count: 59
[Task: 59] 
[Task: 59] 2021-09-17 03:30:35.416619
[Task: 59] Number of programs: 13
[Task: 59] Size: 0 Evaluations: 0
[Task: 59] Size: 1 Evaluations: 0
[Task: 59] Size: 2 Evaluations: 14
[Task: 59] Size: 3 Evaluations: 57
[Task: 59] Size: 4 Evaluations: 46
[Task: 59] Size: 5 Evaluations: 232
[Task: 59] Size: 6 Evaluations: 197
[Task: 59] Size: 7 Evaluations: 886
[Task: 59] Size: 8 Evaluations: 630
[Task: 59] Benchmark: phone-7.sl
[Task: 59] Result: Success
[Task: 59] Program: name[:(0 - 4)][(0 - 3):]
[Task: 59] Number of evaluations: 2485
[Task: 59] 2021-09-17 03:30:37.716630
[Task: 59] Time taken: 0:00:02.300011
[Task: 59] 
[Task: 60] Loading bustle model....
[Task: 60] Count: 60
[Task: 60] 
[Task: 60] 2021-09-17 03:30:35.410093
[Task: 60] Number of programs: 13
[Task: 60] Size: 0 Evaluations: 0
[Task: 60] Size: 1 Evaluations: 0
[Task: 60] Size: 2 Evaluations: 14
[Task: 60] Size: 3 Evaluations: 56
[Task: 60] Size: 4 Evaluations: 39
[Task: 60] Benchmark: phone-8.sl
[Task: 60] Result: Success
[Task: 60] Program: name[(0 - 3):]
[Task: 60] Number of evaluations: 251
[Task: 60] 2021-09-17 03:30:35.894913
[Task: 60] Time taken: 0:00:00.483368
[Task: 60] 
[Task: 61] Loading bustle model....
[Task: 61] Count: 61
[Task: 61] 
[Task: 61] 2021-09-17 03:30:35.575816
[Task: 61] Number of programs: 13
[Task: 61] Size: 0 Evaluations: 0
[Task: 61] Size: 1 Evaluations: 0
[Task: 61] Size: 2 Evaluations: 14
[Task: 61] Size: 3 Evaluations: 57
[Task: 61] Size: 4 Evaluations: 59
[Task: 61] Size: 5 Evaluations: 259
[Task: 61] Size: 6 Evaluations: 284
[Task: 61] Size: 7 Evaluations: 1083
[Task: 61] Size: 8 Evaluations: 1120
[Task: 61] Size: 9 Evaluations: 3418
[Task: 61] Size: 10 Evaluations: 5442
[Task: 61] Size: 11 Evaluations: 14696
[Task: 61] Size: 12 Evaluations: 30110
[Task: 61] Size: 13 Evaluations: 65989
[Task: 61] Size: 14 Evaluations: 160266
[Task: 61] Benchmark: phone-9.sl
[Task: 61] Result: Success
[Task: 61] Program: name.replace("-", ".",2).replace(" ", ".")[1:]
[Task: 61] Number of evaluations: 361465
[Task: 61] 2021-09-17 03:39:20.795041
[Task: 61] Time taken: 0:08:45.219283
[Task: 61] 
[Task: 62] Loading bustle model....
[Task: 62] Count: 62
[Task: 62] 
[Task: 62] 2021-09-17 03:30:35.569583
[Task: 62] Number of programs: 10
[Task: 62] Size: 0 Evaluations: 0
[Task: 62] Size: 1 Evaluations: 0
[Task: 62] Size: 2 Evaluations: 11
[Task: 62] Benchmark: phone.sl
[Task: 62] Result: Success
[Task: 62] Program: name[:3]
[Task: 62] Number of evaluations: 24
[Task: 62] 2021-09-17 03:30:36.026625
[Task: 62] Time taken: 0:00:00.457015
[Task: 62] 
[Task: 63] Loading bustle model....
[Task: 63] Count: 63
[Task: 63] 
[Task: 63] 2021-09-17 03:30:35.586423
[Task: 63] Number of programs: 9
[Task: 63] Size: 0 Evaluations: 0
[Task: 63] Size: 1 Evaluations: 0
[Task: 63] Size: 2 Evaluations: 11
[Task: 63] Size: 3 Evaluations: 19
[Task: 63] Size: 4 Evaluations: 9
[Task: 63] Benchmark: remove-file-extension-from-filename.sl
[Task: 63] Result: Success
[Task: 63] Program: _arg_0[:_arg_0.IndexOf(".")]
[Task: 63] Number of evaluations: 47
[Task: 63] 2021-09-17 03:30:36.227827
[Task: 63] Time taken: 0:00:00.641386
[Task: 63] 
[Task: 64] Loading bustle model....
[Task: 64] Count: 64
[Task: 64] 
[Task: 64] 2021-09-17 03:30:35.407776
[Task: 64] Number of programs: 8
[Task: 64] Size: 0 Evaluations: 0
[Task: 64] Size: 1 Evaluations: 0
[Task: 64] Size: 2 Evaluations: 11
[Task: 64] Size: 3 Evaluations: 13
[Task: 64] Size: 4 Evaluations: 7
[Task: 64] Size: 5 Evaluations: 30
[Task: 64] Size: 6 Evaluations: 36
[Task: 64] Size: 7 Evaluations: 58
[Task: 64] Size: 8 Evaluations: 124
[Task: 64] Size: 9 Evaluations: 203
[Task: 64] Size: 10 Evaluations: 313
[Task: 64] Size: 11 Evaluations: 709
[Task: 64] Size: 12 Evaluations: 1195
[Task: 64] Size: 13 Evaluations: 2054
[Task: 64] Size: 14 Evaluations: 3948
[Task: 64] Size: 15 Evaluations: 6840
[Task: 64] Size: 16 Evaluations: 12366
[Task: 64] Size: 17 Evaluations: 22998
[Task: 64] Size: 18 Evaluations: 41894
[Task: 64] Size: 19 Evaluations: 75066
[Task: 64] Size: 20 Evaluations: 141838
[Task: 64] Benchmark: remove-leading-and-trailing-spaces-from-text.sl
[Task: 64] Result: Success
[Task: 64] Program: _arg_0.replace(concat(" ", " "), "").replace(concat(" ", " "), " ")
[Task: 64] Number of evaluations: 408869
[Task: 64] 2021-09-17 03:34:18.700252
[Task: 64] Time taken: 0:03:43.291014
[Task: 64] 
[Task: 65] Loading bustle model....
[Task: 65] Count: 65
[Task: 65] 
[Task: 65] 2021-09-17 03:30:35.397408
[Task: 65] Number of programs: 9
[Task: 65] Size: 0 Evaluations: 0
[Task: 65] Size: 1 Evaluations: 0
[Task: 65] Size: 2 Evaluations: 10
[Task: 65] Size: 3 Evaluations: 19
[Task: 65] Size: 4 Evaluations: 28
[Task: 65] Benchmark: remove-text-by-matching.sl
[Task: 65] Result: Success
[Task: 65] Program: _arg_0.replace("-", "",-1)
[Task: 65] Number of evaluations: 103
[Task: 65] 2021-09-17 03:30:35.830890
[Task: 65] Time taken: 0:00:00.433469
[Task: 65] 
[Task: 66] Loading bustle model....
[Task: 66] Count: 66
[Task: 66] 
[Task: 66] 2021-09-17 03:30:35.391580
[Task: 66] Number of programs: 9
[Task: 66] Size: 0 Evaluations: 0
[Task: 66] Size: 1 Evaluations: 0
[Task: 66] Size: 2 Evaluations: 11
[Task: 66] Size: 3 Evaluations: 18
[Task: 66] Size: 4 Evaluations: 17
[Task: 66] Size: 5 Evaluations: 61
[Task: 66] Size: 6 Evaluations: 114
[Task: 66] Size: 7 Evaluations: 408
[Task: 66] Size: 8 Evaluations: 820
[Task: 66] Size: 9 Evaluations: 2960
[Task: 66] Size: 10 Evaluations: 6951
[Task: 66] Size: 11 Evaluations: 23670
[Task: 66] Size: 12 Evaluations: 62703
[Task: 66] Benchmark: remove-text-by-position.sl
[Task: 66] Result: Success
[Task: 66] Program: _arg_0[(1 + _arg_0.replace("/", " ").replace("/", " ").IndexOf("/")):]
[Task: 66] Number of evaluations: 253459
[Task: 66] 2021-09-17 03:31:54.112615
[Task: 66] Time taken: 0:01:18.721069
[Task: 66] 
[Task: 67] Loading bustle model....
[Task: 67] Count: 67
[Task: 67] 
[Task: 67] 2021-09-17 03:30:35.471341
[Task: 67] Number of programs: 9
[Task: 67] Size: 0 Evaluations: 0
[Task: 67] Size: 1 Evaluations: 0
[Task: 67] Size: 2 Evaluations: 12
[Task: 67] Size: 3 Evaluations: 20
[Task: 67] Size: 4 Evaluations: 5
[Task: 67] Size: 5 Evaluations: 55
[Task: 67] Size: 6 Evaluations: 24
[Task: 67] Size: 7 Evaluations: 122
[Task: 67] Size: 8 Evaluations: 125
[Task: 67] Size: 9 Evaluations: 374
[Task: 67] Size: 10 Evaluations: 468
[Task: 67] Benchmark: remove-unwanted-characters.sl
[Task: 67] Result: Success
[Task: 67] Program: _arg_0.replace(_arg_1.strip(), "",-1)
[Task: 67] Number of evaluations: 1681
[Task: 67] 2021-09-17 03:30:37.646017
[Task: 67] Time taken: 0:00:02.171652
[Task: 67] 
[Task: 68] Loading bustle model....
[Task: 68] Count: 68
[Task: 68] 
[Task: 68] 2021-09-17 03:30:35.512302
[Task: 68] Number of programs: 9
[Task: 68] Size: 0 Evaluations: 0
[Task: 68] Size: 1 Evaluations: 0
[Task: 68] Size: 2 Evaluations: 10
[Task: 68] Size: 3 Evaluations: 19
[Task: 68] Size: 4 Evaluations: 12
[Task: 68] Benchmark: replace-one-character-with-another.sl
[Task: 68] Result: Success
[Task: 68] Program: _arg_0.replace(" ", "-",-1)
[Task: 68] Number of evaluations: 63
[Task: 68] 2021-09-17 03:30:35.932926
[Task: 68] Time taken: 0:00:00.417538
[Task: 68] 
[Task: 69] Loading bustle model....
[Task: 69] Count: 69
[Task: 69] 
[Task: 69] 2021-09-17 03:30:35.515440
[Task: 69] Number of programs: 8
[Task: 69] Size: 0 Evaluations: 0
[Task: 69] Size: 1 Evaluations: 0
[Task: 69] Size: 2 Evaluations: 14
[Task: 69] Size: 3 Evaluations: 27
[Task: 69] Size: 4 Evaluations: 44
[Task: 69] Benchmark: reverse-name.sl
[Task: 69] Result: Success
[Task: 69] Program: concat(lastname, concat(" ", firstname))
[Task: 69] Number of evaluations: 104
[Task: 69] 2021-09-17 03:30:35.965459
[Task: 69] Time taken: 0:00:00.449928
[Task: 69] 
[Task: 70] Loading bustle model....
[Task: 70] Count: 70
[Task: 70] 
[Task: 70] 2021-09-17 03:30:35.533438
[Task: 70] Number of programs: 13
[Task: 70] Size: 0 Evaluations: 0
[Task: 70] Size: 1 Evaluations: 0
[Task: 70] Size: 2 Evaluations: 15
[Task: 70] Size: 3 Evaluations: 38
[Task: 70] Size: 4 Evaluations: 50
[Task: 70] Size: 5 Evaluations: 222
[Task: 70] Size: 6 Evaluations: 289
[Task: 70] Size: 7 Evaluations: 929
[Task: 70] Size: 8 Evaluations: 1464
[Task: 70] Size: 9 Evaluations: 5082
[Task: 70] Size: 10 Evaluations: 11937
[Task: 70] Size: 11 Evaluations: 37124
[Task: 70] Size: 12 Evaluations: 108879
[Task: 70] Benchmark: stackoverflow10.sl
[Task: 70] Result: Success
[Task: 70] Program: _arg_0[_arg_0.IndexOf(1.IntToStr(),(3 + _arg_0.IndexOf(" "))):][:4]
[Task: 70] Number of evaluations: 288046
[Task: 70] 2021-09-17 03:34:55.620369
[Task: 70] Time taken: 0:04:20.087040
[Task: 70] 
[Task: 71] Loading bustle model....
[Task: 71] Count: 71
[Task: 71] 
[Task: 71] 2021-09-17 03:30:35.546353
[Task: 71] Number of programs: 19
[Task: 71] Size: 0 Evaluations: 0
[Task: 71] Size: 1 Evaluations: 0
[Task: 71] Size: 2 Evaluations: 27
[Task: 71] Size: 3 Evaluations: 186
[Task: 71] Size: 4 Evaluations: 169
[Task: 71] Size: 5 Evaluations: 695
[Task: 71] Size: 6 Evaluations: 4050
[Task: 71] Size: 7 Evaluations: 21474
[Task: 71] Size: 8 Evaluations: 91255
[Task: 71] Size: 9 Evaluations: 486882
[Task: 71] Size: 10 Evaluations: 2461296
[Task: 71] Size: 11 Evaluations: 11922520
[Task: 72] Loading bustle model....
[Task: 72] Count: 72
[Task: 72] 
[Task: 72] 2021-09-17 03:30:35.464655
[Task: 72] Number of programs: 12
[Task: 72] Size: 0 Evaluations: 0
[Task: 72] Size: 1 Evaluations: 0
[Task: 72] Size: 2 Evaluations: 19
[Task: 72] Size: 3 Evaluations: 58
[Task: 72] Size: 4 Evaluations: 36
[Task: 72] Size: 5 Evaluations: 83
[Task: 72] Size: 6 Evaluations: 78
[Task: 72] Benchmark: stackoverflow1.sl
[Task: 72] Result: Success
[Task: 72] Program: _arg_0[:(-1 + _arg_0.IndexOf("Inc"))]
[Task: 72] Number of evaluations: 366
[Task: 72] 2021-09-17 03:30:36.041628
[Task: 72] Time taken: 0:00:00.575211
[Task: 72] 
[Task: 73] Loading bustle model....
[Task: 73] Count: 73
[Task: 73] 
[Task: 73] 2021-09-17 03:30:35.441518
[Task: 73] Number of programs: 9
[Task: 73] Size: 0 Evaluations: 0
[Task: 73] Size: 1 Evaluations: 0
[Task: 73] Size: 2 Evaluations: 13
[Task: 73] Size: 3 Evaluations: 17
[Task: 73] Size: 4 Evaluations: 10
[Task: 73] Size: 5 Evaluations: 54
[Task: 73] Size: 6 Evaluations: 43
[Task: 73] Size: 7 Evaluations: 127
[Task: 73] Size: 8 Evaluations: 145
[Task: 73] Size: 9 Evaluations: 354
[Task: 73] Benchmark: stackoverflow2.sl
[Task: 73] Result: Success
[Task: 73] Program: _arg_0[:_arg_0.IndexOf(" ",(-1 - _arg_0.IndexOf(" ")))]
[Task: 73] Number of evaluations: 954
[Task: 73] 2021-09-17 03:30:36.347388
[Task: 73] Time taken: 0:00:00.905862
[Task: 73] 
[Task: 74] Loading bustle model....
[Task: 74] Count: 74
[Task: 74] 
[Task: 74] 2021-09-17 03:30:35.484719
[Task: 74] Number of programs: 13
[Task: 74] Size: 0 Evaluations: 0
[Task: 74] Size: 1 Evaluations: 0
[Task: 74] Size: 2 Evaluations: 15
[Task: 74] Size: 3 Evaluations: 38
[Task: 74] Size: 4 Evaluations: 62
[Task: 74] Size: 5 Evaluations: 246
[Task: 74] Size: 6 Evaluations: 590
[Task: 74] Size: 7 Evaluations: 2633
[Task: 74] Benchmark: stackoverflow3.sl
[Task: 74] Result: Success
[Task: 74] Program: _arg_0[(3 + _arg_0.IndexOf("9")):].strip()
[Task: 74] Number of evaluations: 6776
[Task: 74] 2021-09-17 03:30:37.748994
[Task: 74] Time taken: 0:00:02.253248
[Task: 74] 
[Task: 75] Loading bustle model....
[Task: 75] Count: 75
[Task: 75] 
[Task: 75] 2021-09-17 03:30:35.461866
[Task: 75] Number of programs: 12
[Task: 75] Size: 0 Evaluations: 0
[Task: 75] Size: 1 Evaluations: 0
[Task: 75] Size: 2 Evaluations: 14
[Task: 75] Size: 3 Evaluations: 46
[Task: 75] Size: 4 Evaluations: 31
[Task: 75] Size: 5 Evaluations: 57
[Task: 75] Size: 6 Evaluations: 61
[Task: 75] Size: 7 Evaluations: 103
[Task: 75] Size: 8 Evaluations: 96
[Task: 75] Size: 9 Evaluations: 285
[Task: 75] Size: 10 Evaluations: 535
[Task: 75] Size: 11 Evaluations: 1002
[Task: 75] Size: 12 Evaluations: 2053
[Task: 75] Size: 13 Evaluations: 3500
[Task: 75] Size: 14 Evaluations: 5433
[Task: 75] Benchmark: stackoverflow4.sl
[Task: 75] Result: Success
[Task: 75] Program: _arg_0.replace(",", " ",-1).replace("<", " ")[:-1]
[Task: 75] Number of evaluations: 16282
[Task: 75] 2021-09-17 03:30:44.590777
[Task: 75] Time taken: 0:00:09.127134
[Task: 75] 
[Task: 76] Loading bustle model....
[Task: 76] Count: 76
[Task: 76] 
[Task: 76] 2021-09-17 03:30:35.472248
[Task: 76] Number of programs: 13
[Task: 76] Size: 0 Evaluations: 0
[Task: 76] Size: 1 Evaluations: 0
[Task: 76] Size: 2 Evaluations: 17
[Task: 76] Size: 3 Evaluations: 63
[Task: 76] Size: 4 Evaluations: 67
[Task: 76] Size: 5 Evaluations: 133
[Task: 76] Size: 6 Evaluations: 295
[Task: 76] Benchmark: stackoverflow5.sl
[Task: 76] Result: Success
[Task: 76] Program: _arg_0[:(-1 + _arg_0.IndexOf("1"))]
[Task: 76] Number of evaluations: 765
[Task: 76] 2021-09-17 03:30:36.150137
[Task: 76] Time taken: 0:00:00.673041
[Task: 76] 
[Task: 77] Loading bustle model....
[Task: 77] Count: 77
[Task: 77] 
[Task: 77] 2021-09-17 03:30:35.400724
[Task: 77] Number of programs: 10
[Task: 77] Size: 0 Evaluations: 0
[Task: 77] Size: 1 Evaluations: 0
[Task: 77] Size: 2 Evaluations: 13
[Task: 77] Size: 3 Evaluations: 27
[Task: 77] Size: 4 Evaluations: 38
[Task: 77] Size: 5 Evaluations: 130
[Task: 77] Size: 6 Evaluations: 354
[Task: 77] Size: 7 Evaluations: 1185
[Task: 77] Size: 8 Evaluations: 3734
[Task: 77] Size: 9 Evaluations: 12718
[Task: 77] Size: 10 Evaluations: 43557
[Task: 77] Size: 11 Evaluations: 151302
[Task: 77] Size: 12 Evaluations: 531784
[Task: 77] Size: 13 Evaluations: 1895199
[Task: 77] Size: 14 Evaluations: 6813182
[Task: 78] Loading bustle model....
[Task: 78] Count: 78
[Task: 78] 
[Task: 78] 2021-09-17 04:46:56.502317
[Task: 78] Number of programs: 9
[Task: 78] Size: 0 Evaluations: 0
[Task: 78] Size: 1 Evaluations: 0
[Task: 78] Size: 2 Evaluations: 14
[Task: 78] Size: 3 Evaluations: 26
[Task: 78] Size: 4 Evaluations: 25
[Task: 78] Size: 5 Evaluations: 105
[Task: 78] Size: 6 Evaluations: 159
[Task: 78] Size: 7 Evaluations: 351
[Task: 78] Size: 8 Evaluations: 647
[Task: 78] Size: 9 Evaluations: 1247
[Task: 78] Size: 10 Evaluations: 2391
[Task: 78] Benchmark: stackoverflow7.sl
[Task: 78] Result: Success
[Task: 78] Program: _arg_0.replace(_arg_1.strip(), "").strip()
[Task: 78] Number of evaluations: 5959
[Task: 78] 2021-09-17 04:46:58.767706
[Task: 78] Time taken: 0:00:02.265318
[Task: 78] 
[Task: 79] Loading bustle model....
[Task: 79] Count: 79
[Task: 79] 
[Task: 79] 2021-09-17 04:46:56.468793
[Task: 79] Number of programs: 12
[Task: 79] Size: 0 Evaluations: 0
[Task: 79] Size: 1 Evaluations: 0
[Task: 79] Size: 2 Evaluations: 15
[Task: 79] Size: 3 Evaluations: 34
[Task: 79] Size: 4 Evaluations: 42
[Task: 79] Size: 5 Evaluations: 219
[Task: 79] Size: 6 Evaluations: 395
[Task: 79] Size: 7 Evaluations: 2311
[Task: 79] Benchmark: stackoverflow8.sl
[Task: 79] Result: Success
[Task: 79] Program: _arg_0[_arg_0.IndexOf(_arg_0[-1:].upper()):]
[Task: 79] Number of evaluations: 6991
[Task: 79] 2021-09-17 04:46:58.051553
[Task: 79] Time taken: 0:00:01.582749
[Task: 79] 
[Task: 80] Loading bustle model....
[Task: 80] Count: 80
[Task: 80] 
[Task: 80] 2021-09-17 04:48:50.392343
[Task: 80] Number of programs: 8
[Task: 80] Size: 0 Evaluations: 0
[Task: 80] Size: 1 Evaluations: 0
[Task: 80] Size: 2 Evaluations: 11
[Task: 80] Size: 3 Evaluations: 13
[Task: 80] Size: 4 Evaluations: 14
[Task: 80] Size: 5 Evaluations: 44
[Task: 80] Size: 6 Evaluations: 89
[Task: 80] Size: 7 Evaluations: 224
[Task: 80] Size: 8 Evaluations: 504
[Task: 80] Size: 9 Evaluations: 1462
[Task: 80] Size: 10 Evaluations: 3432
[Task: 80] Benchmark: stackoverflow9.sl
[Task: 80] Result: Success
[Task: 80] Program: _arg_0[(1 + _arg_0.replace(" ", "").IndexOf(" ")):].strip()
[Task: 80] Number of evaluations: 9729
[Task: 80] 2021-09-17 04:48:54.439976
[Task: 80] Time taken: 0:00:04.047618
[Task: 80] 
[Task: 81] Loading bustle model....
[Task: 81] Count: 81
[Task: 81] 
[Task: 81] 2021-09-17 04:48:50.392375
[Task: 81] Number of programs: 11
[Task: 81] Size: 0 Evaluations: 0
[Task: 81] Size: 1 Evaluations: 0
[Task: 81] Size: 2 Evaluations: 14
[Task: 81] Size: 3 Evaluations: 31
[Task: 81] Size: 4 Evaluations: 34
[Task: 81] Size: 5 Evaluations: 55
[Task: 81] Size: 6 Evaluations: 59
[Task: 81] Size: 7 Evaluations: 85
[Task: 81] Size: 8 Evaluations: 131
[Task: 81] Size: 9 Evaluations: 180
[Task: 81] Benchmark: strip-html-from-text-or-numbers.sl
[Task: 81] Result: Success
[Task: 81] Program: _arg_0.Substr(_arg_0.IndexOf(0.IntToStr()),_arg_0.IndexOf("<",1))
[Task: 81] Number of evaluations: 823
[Task: 81] 2021-09-17 04:48:51.620727
[Task: 81] Time taken: 0:00:01.228286
[Task: 81] 
[Task: 82] Loading bustle model....
[Task: 82] Count: 82
[Task: 82] 
[Task: 82] 2021-09-17 04:48:50.342785
[Task: 82] Number of programs: 20
[Task: 82] Size: 0 Evaluations: 0
[Task: 82] Size: 1 Evaluations: 0
[Task: 82] Size: 2 Evaluations: 19
[Task: 82] Size: 3 Evaluations: 68
[Task: 82] Size: 4 Evaluations: 104
[Task: 82] Size: 5 Evaluations: 601
[Task: 82] Size: 6 Evaluations: 682
[Task: 82] Size: 7 Evaluations: 3235
[Task: 82] Size: 8 Evaluations: 5538
[Task: 82] Size: 9 Evaluations: 24971
[Task: 82] Size: 10 Evaluations: 95366
[Task: 82] Size: 11 Evaluations: 279862
[Task: 82] Size: 12 Evaluations: 970626
[Task: 82] Size: 13 Evaluations: 3346020
[Task: 83] Loading bustle model....
[Task: 83] Count: 83
[Task: 83] 
[Task: 83] 2021-09-17 04:48:50.338801
[Task: 83] Number of programs: 18
[Task: 83] Size: 0 Evaluations: 0
[Task: 83] Size: 1 Evaluations: 0
[Task: 83] Size: 2 Evaluations: 18
[Task: 83] Size: 3 Evaluations: 61
[Task: 83] Size: 4 Evaluations: 50
[Task: 83] Size: 5 Evaluations: 373
[Task: 83] Size: 6 Evaluations: 178
[Task: 83] Size: 7 Evaluations: 2186
[Task: 83] Size: 8 Evaluations: 2253
[Task: 83] Size: 9 Evaluations: 23124
[Task: 83] Size: 10 Evaluations: 32319
[Task: 83] Size: 11 Evaluations: 316081
[Task: 83] Size: 12 Evaluations: 650341
[Task: 83] Size: 13 Evaluations: 6441131
[Task: 84] Loading bustle model....
[Task: 84] Count: 84
[Task: 84] 
[Task: 84] 2021-09-17 04:48:50.349772
[Task: 84] Number of programs: 9
[Task: 84] Size: 0 Evaluations: 0
[Task: 84] Size: 1 Evaluations: 0
[Task: 84] Size: 2 Evaluations: 15
[Task: 84] Size: 3 Evaluations: 37
[Task: 84] Size: 4 Evaluations: 65
[Task: 84] Size: 5 Evaluations: 175
[Task: 84] Size: 6 Evaluations: 419
[Task: 84] Benchmark: univ_1.sl
[Task: 84] Result: Success
[Task: 84] Program: concat(col1, concat(",", concat(" ", col2)))
[Task: 84] Number of evaluations: 734
[Task: 84] 2021-09-17 04:48:51.150421
[Task: 84] Time taken: 0:00:00.800582
[Task: 84] 
[Task: 85] Loading bustle model....
[Task: 85] Count: 85
[Task: 85] 
[Task: 85] 2021-09-17 04:48:50.347906
[Task: 85] Number of programs: 15
[Task: 85] Size: 0 Evaluations: 0
[Task: 85] Size: 1 Evaluations: 0
[Task: 85] Size: 2 Evaluations: 29
[Task: 85] Size: 3 Evaluations: 135
[Task: 85] Size: 4 Evaluations: 156
[Task: 85] Size: 5 Evaluations: 550
[Task: 85] Size: 6 Evaluations: 1087
[Task: 85] Size: 7 Evaluations: 2270
[Task: 85] Size: 8 Evaluations: 4340
[Task: 85] Size: 9 Evaluations: 7630
[Task: 85] Size: 10 Evaluations: 14695
[Task: 85] Size: 11 Evaluations: 28347
[Task: 85] Size: 12 Evaluations: 62279
[Task: 85] Size: 13 Evaluations: 133700
[Task: 85] Size: 14 Evaluations: 293120
[Task: 85] Size: 15 Evaluations: 628008
[Task: 85] Size: 16 Evaluations: 1316870
[Task: 85] Size: 17 Evaluations: 2709503
[Task: 86] Loading bustle model....
[Task: 86] Count: 86
[Task: 86] 
[Task: 86] 2021-09-17 04:48:50.398973
[Task: 86] Number of programs: 15
[Task: 86] Size: 0 Evaluations: 0
[Task: 86] Size: 1 Evaluations: 0
[Task: 86] Size: 2 Evaluations: 29
[Task: 86] Size: 3 Evaluations: 135
[Task: 86] Size: 4 Evaluations: 141
[Task: 86] Size: 5 Evaluations: 603
[Task: 86] Size: 6 Evaluations: 1774
[Task: 86] Size: 7 Evaluations: 4061
[Task: 86] Size: 8 Evaluations: 13245
[Task: 86] Size: 9 Evaluations: 37888
[Task: 86] Size: 10 Evaluations: 107739
[Task: 86] Size: 11 Evaluations: 336118
[Task: 86] Size: 12 Evaluations: 968354
[Task: 86] Benchmark: univ_3.sl
[Task: 86] Result: Success
[Task: 86] Program: col2.replace(col2.replace("USA", " "), concat(col2, concat(",", concat(" ", "USA"))))
[Task: 86] Number of evaluations: 2605515
[Task: 86] 2021-09-17 05:03:31.565618
[Task: 86] Time taken: 0:14:41.166589
[Task: 86] 
[Task: 87] Loading bustle model....
[Task: 87] Count: 87
[Task: 87] 
[Task: 87] 2021-09-17 04:48:50.364699
[Task: 87] Number of programs: 16
[Task: 87] Size: 0 Evaluations: 0
[Task: 87] Size: 1 Evaluations: 0
[Task: 87] Size: 2 Evaluations: 33
[Task: 87] Size: 3 Evaluations: 169
[Task: 87] Size: 4 Evaluations: 235
[Task: 87] Size: 5 Evaluations: 1381
[Task: 87] Size: 6 Evaluations: 4523
[Task: 87] Size: 7 Evaluations: 15260
[Task: 87] Size: 8 Evaluations: 65345
[Task: 87] Size: 9 Evaluations: 270408
[Task: 87] Size: 10 Evaluations: 1019686
[Task: 87] Size: 11 Evaluations: 4651014
[Task: 88] Loading bustle model....
[Task: 88] Count: 88
[Task: 88] 
[Task: 88] 2021-09-17 04:48:50.473459
[Task: 88] Number of programs: 36
[Task: 88] Size: 0 Evaluations: 0
[Task: 88] Size: 1 Evaluations: 0
[Task: 88] Size: 2 Evaluations: 71
[Task: 88] Size: 3 Evaluations: 1007
[Task: 88] Size: 4 Evaluations: 1831
[Task: 88] Size: 5 Evaluations: 5321
[Task: 88] Size: 6 Evaluations: 36804
[Task: 88] Size: 7 Evaluations: 208211
[Task: 88] Size: 8 Evaluations: 1044801
[Task: 88] Size: 9 Evaluations: 8201926
