[Task: 0] Loading bustle model....
[Task: 0] Count: 0
[Task: 0] 
[Task: 0] 2021-09-10 10:06:17.255296
[Task: 0] Number of programs: 10
[Task: 0] Size: 0 Evaluations: 0
[Task: 0] Size: 1 Evaluations: 0
[Task: 0] Size: 2 Evaluations: 17
[Task: 0] Size: 3 Evaluations: 33
[Task: 0] Size: 4 Evaluations: 17
[Task: 0] Size: 5 Evaluations: 96
[Task: 0] Size: 6 Evaluations: 176
[Task: 0] Size: 7 Evaluations: 377
[Task: 0] Benchmark: 11440431.sl
[Task: 0] Result: Success
[Task: 0] Program: _arg_0.replace("US", "").replace("CAN", "").strip()
[Task: 0] Number of evaluations: 1256
[Task: 0] 2021-09-10 10:06:18.097747
[Task: 0] Time taken: 0:00:00.842443
[Task: 0] 
[Task: 1] Loading bustle model....
[Task: 1] Count: 1
[Task: 1] 
[Task: 1] 2021-09-10 10:06:17.253560
[Task: 1] Number of programs: 10
[Task: 1] Size: 0 Evaluations: 0
[Task: 1] Size: 1 Evaluations: 0
[Task: 1] Size: 2 Evaluations: 12
[Task: 1] Size: 3 Evaluations: 20
[Task: 1] Size: 4 Evaluations: 15
[Task: 1] Size: 5 Evaluations: 51
[Task: 1] Size: 6 Evaluations: 43
[Task: 1] Size: 7 Evaluations: 127
[Task: 1] Size: 8 Evaluations: 136
[Task: 1] Size: 9 Evaluations: 298
[Task: 1] Size: 10 Evaluations: 602
[Task: 1] Size: 11 Evaluations: 1095
[Task: 1] Size: 12 Evaluations: 2065
[Task: 1] Benchmark: 11604909.sl
[Task: 1] Result: Success
[Task: 1] Program: _arg_0[(-1 + _arg_0.IndexOf(".")):][:(1 + (1 + 1))]
[Task: 1] Number of evaluations: 5970
[Task: 1] 2021-09-10 10:06:21.035186
[Task: 1] Time taken: 0:00:03.781641
[Task: 1] 
[Task: 2] Loading bustle model....
[Task: 2] Count: 2
[Task: 2] 
[Task: 2] 2021-09-10 10:06:17.246725
[Task: 2] Number of programs: 9
[Task: 2] Size: 0 Evaluations: 0
[Task: 2] Size: 1 Evaluations: 0
[Task: 2] Size: 2 Evaluations: 10
[Task: 2] Size: 3 Evaluations: 16
[Task: 2] Size: 4 Evaluations: 12
[Task: 2] Size: 5 Evaluations: 39
[Task: 2] Size: 6 Evaluations: 37
[Task: 2] Size: 7 Evaluations: 69
[Task: 2] Size: 8 Evaluations: 84
[Task: 2] Size: 9 Evaluations: 172
[Task: 2] Size: 10 Evaluations: 272
[Task: 2] Size: 11 Evaluations: 425
[Task: 2] Size: 12 Evaluations: 1102
[Task: 2] Size: 13 Evaluations: 1490
[Task: 2] Size: 14 Evaluations: 2980
[Task: 2] Size: 15 Evaluations: 4975
[Task: 2] Benchmark: 17212077.sl
[Task: 2] Result: Success
[Task: 2] Program: _arg_0[:1] + concat(_arg_0.CharAt(1), "/") + _arg_0[_arg_0.IndexOf((1 + 1).IntToStr()):]
[Task: 2] Number of evaluations: 17373
[Task: 2] 2021-09-10 10:06:26.097071
[Task: 2] Time taken: 0:00:08.848766
[Task: 2] 
[Task: 3] Loading bustle model....
[Task: 3] Count: 3
[Task: 3] 
[Task: 3] 2021-09-10 10:06:17.321147
[Task: 3] Number of programs: 8
[Task: 3] Size: 0 Evaluations: 0
[Task: 3] Size: 1 Evaluations: 0
[Task: 3] Size: 2 Evaluations: 11
[Task: 3] Size: 3 Evaluations: 13
[Task: 3] Size: 4 Evaluations: 7
[Task: 3] Size: 5 Evaluations: 33
[Task: 3] Size: 6 Evaluations: 29
[Task: 3] Benchmark: 2171308.sl
[Task: 3] Result: Success
[Task: 3] Program: _arg_0[:1] + "" + _arg_0[_arg_0.IndexOf(" "):]
[Task: 3] Number of evaluations: 140
[Task: 3] 2021-09-10 10:06:17.830124
[Task: 3] Time taken: 0:00:00.508914
[Task: 3] 
[Task: 4] Loading bustle model....
[Task: 4] Count: 4
[Task: 4] 
[Task: 4] 2021-09-10 10:06:17.265464
[Task: 4] Number of programs: 14
[Task: 4] Size: 0 Evaluations: 0
[Task: 4] Size: 1 Evaluations: 0
[Task: 4] Size: 2 Evaluations: 30
[Task: 4] Size: 3 Evaluations: 99
[Task: 4] Size: 4 Evaluations: 55
[Task: 4] Size: 5 Evaluations: 196
[Task: 4] Size: 6 Evaluations: 231
[Task: 4] Size: 7 Evaluations: 429
[Task: 4] Size: 8 Evaluations: 696
[Task: 4] Size: 9 Evaluations: 2035
[Task: 4] Benchmark: 25239569.sl
[Task: 4] Result: Success
[Task: 4] Program: _arg_0.replace("BRD", "Branding").replace("DRS", "Direct Response").replace("LDS", "Leads")
[Task: 4] Number of evaluations: 5607
[Task: 4] 2021-09-10 10:06:19.292771
[Task: 4] Time taken: 0:00:02.027292
[Task: 4] 
[Task: 5] Loading bustle model....
[Task: 5] Count: 5
[Task: 5] 
[Task: 5] 2021-09-10 10:06:17.258578
[Task: 5] Number of programs: 10
[Task: 5] Size: 0 Evaluations: 0
[Task: 5] Size: 1 Evaluations: 0
[Task: 5] Size: 2 Evaluations: 13
[Task: 5] Size: 3 Evaluations: 27
[Task: 5] Size: 4 Evaluations: 27
[Task: 5] Size: 5 Evaluations: 89
[Task: 5] Size: 6 Evaluations: 188
[Task: 5] Size: 7 Evaluations: 568
[Task: 5] Size: 8 Evaluations: 1406
[Task: 5] Size: 9 Evaluations: 4317
[Task: 5] Size: 10 Evaluations: 11102
[Task: 5] Benchmark: 28627624_1.sl
[Task: 5] Result: Success
[Task: 5] Program: _arg_0[:_arg_0.IndexOf("-")].strip()
[Task: 5] Number of evaluations: 35763
[Task: 5] 2021-09-10 10:06:24.342794
[Task: 5] Time taken: 0:00:07.084132
[Task: 5] 
[Task: 6] Loading bustle model....
[Task: 6] Count: 6
[Task: 6] 
[Task: 6] 2021-09-10 10:06:17.244128
[Task: 6] Number of programs: 9
[Task: 6] Size: 0 Evaluations: 0
[Task: 6] Size: 1 Evaluations: 0
[Task: 6] Size: 2 Evaluations: 11
[Task: 6] Size: 3 Evaluations: 18
[Task: 6] Size: 4 Evaluations: 18
[Task: 6] Size: 5 Evaluations: 52
[Task: 6] Size: 6 Evaluations: 93
[Task: 6] Size: 7 Evaluations: 153
[Task: 6] Benchmark: 30732554.sl
[Task: 6] Result: Success
[Task: 6] Program: _arg_0[:concat(_arg_0, "|").IndexOf("|")]
[Task: 6] Number of evaluations: 618
[Task: 6] 2021-09-10 10:06:17.955178
[Task: 6] Time taken: 0:00:00.711020
[Task: 6] 
[Task: 7] Loading bustle model....
[Task: 7] Count: 7
[Task: 7] 
[Task: 7] 2021-09-10 10:06:17.286823
[Task: 7] Number of programs: 13
[Task: 7] Size: 0 Evaluations: 0
[Task: 7] Size: 1 Evaluations: 0
[Task: 7] Size: 2 Evaluations: 15
[Task: 7] Size: 3 Evaluations: 37
[Task: 7] Size: 4 Evaluations: 17
[Task: 7] Size: 5 Evaluations: 147
[Task: 7] Size: 6 Evaluations: 46
[Task: 7] Size: 7 Evaluations: 206
[Task: 7] Size: 8 Evaluations: 460
[Task: 7] Size: 9 Evaluations: 504
[Task: 7] Size: 10 Evaluations: 1160
[Task: 7] Size: 11 Evaluations: 4104
[Task: 7] Size: 12 Evaluations: 5799
[Task: 7] Size: 13 Evaluations: 18903
[Task: 7] Size: 14 Evaluations: 24414
[Task: 7] Size: 15 Evaluations: 54760
[Task: 7] Size: 16 Evaluations: 135537
[Task: 7] Size: 17 Evaluations: 270319
[Task: 7] Size: 18 Evaluations: 518850
[Task: 7] Size: 19 Evaluations: 1590425
[Task: 7] Size: 20 Evaluations: 3024062
[Task: 8] Loading bustle model....
[Task: 8] Count: 8
[Task: 8] 
[Task: 8] 2021-09-10 10:06:17.236653
[Task: 8] Number of programs: 12
[Task: 8] Size: 0 Evaluations: 0
[Task: 8] Size: 1 Evaluations: 0
[Task: 8] Size: 2 Evaluations: 26
[Task: 8] Size: 3 Evaluations: 65
[Task: 8] Size: 4 Evaluations: 37
[Task: 8] Size: 5 Evaluations: 202
[Task: 8] Size: 6 Evaluations: 531
[Task: 8] Size: 7 Evaluations: 1138
[Task: 8] Size: 8 Evaluations: 4978
[Task: 8] Size: 9 Evaluations: 12301
[Task: 8] Size: 10 Evaluations: 33587
[Task: 8] Size: 11 Evaluations: 123265
[Task: 8] Size: 12 Evaluations: 325658
[Task: 8] Size: 13 Evaluations: 1043917
[Task: 8] Benchmark: 33619752.sl
[Task: 8] Result: Success
[Task: 8] Program: _arg_0.replace("Inc", "").replace("Company", "").replace("Corporation", "").replace("Enterprises", "").strip()
[Task: 8] Number of evaluations: 3522343
[Task: 8] 2021-09-10 10:26:17.606657
[Task: 8] Time taken: 0:20:00.370037
[Task: 8] 
[Task: 9] Loading bustle model....
[Task: 9] Count: 9
[Task: 9] 
[Task: 9] 2021-09-10 10:08:42.802529
[Task: 9] Number of programs: 10
[Task: 9] Size: 0 Evaluations: 0
[Task: 9] Size: 1 Evaluations: 0
[Task: 9] Size: 2 Evaluations: 16
[Task: 9] Size: 3 Evaluations: 33
[Task: 9] Size: 4 Evaluations: 38
[Task: 9] Size: 5 Evaluations: 133
[Task: 9] Benchmark: 34801680.sl
[Task: 9] Result: Success
[Task: 9] Program: _arg_0[_arg_0.IndexOf(" "):].strip()
[Task: 9] Number of evaluations: 405
[Task: 9] 2021-09-10 10:08:43.237581
[Task: 9] Time taken: 0:00:00.435023
[Task: 9] 
[Task: 10] Loading bustle model....
[Task: 10] Count: 10
[Task: 10] 
[Task: 10] 2021-09-10 10:08:42.986743
[Task: 10] Number of programs: 10
[Task: 10] Size: 0 Evaluations: 0
[Task: 10] Size: 1 Evaluations: 0
[Task: 10] Size: 2 Evaluations: 17
[Task: 10] Size: 3 Evaluations: 33
[Task: 10] Size: 4 Evaluations: 104
[Task: 10] Benchmark: 35016216.sl
[Task: 10] Result: Success
[Task: 10] Program: _arg_0.replace(_arg_0.lower(), _arg_1)
[Task: 10] Number of evaluations: 386
[Task: 10] 2021-09-10 10:08:43.837482
[Task: 10] Time taken: 0:00:00.850734
[Task: 10] 
[Task: 11] Loading bustle model....
[Task: 11] Count: 11
[Task: 11] 
[Task: 11] 2021-09-10 10:08:42.987841
[Task: 11] Number of programs: 13
[Task: 11] Size: 0 Evaluations: 0
[Task: 11] Size: 1 Evaluations: 0
[Task: 11] Size: 2 Evaluations: 23
[Task: 11] Size: 3 Evaluations: 81
[Task: 11] Size: 4 Evaluations: 74
[Task: 11] Size: 5 Evaluations: 188
[Task: 11] Size: 6 Evaluations: 535
[Task: 11] Size: 7 Evaluations: 1969
[Task: 11] Size: 8 Evaluations: 6683
[Task: 11] Size: 9 Evaluations: 24080
[Task: 11] Size: 10 Evaluations: 87536
[Task: 11] Size: 11 Evaluations: 332887
[Task: 11] Size: 12 Evaluations: 1287623
[Task: 12] Loading bustle model....
[Task: 12] Count: 12
[Task: 12] 
[Task: 12] 2021-09-10 10:08:42.880299
[Task: 12] Number of programs: 9
[Task: 12] Size: 0 Evaluations: 0
[Task: 12] Size: 1 Evaluations: 0
[Task: 12] Size: 2 Evaluations: 11
[Task: 12] Size: 3 Evaluations: 18
[Task: 12] Size: 4 Evaluations: 12
[Task: 12] Size: 5 Evaluations: 59
[Task: 12] Size: 6 Evaluations: 94
[Task: 12] Size: 7 Evaluations: 318
[Task: 12] Size: 8 Evaluations: 600
[Task: 12] Size: 9 Evaluations: 2207
[Task: 12] Size: 10 Evaluations: 4702
[Task: 12] Size: 11 Evaluations: 16114
[Task: 12] Size: 12 Evaluations: 39024
[Task: 12] Size: 13 Evaluations: 128875
[Task: 12] Benchmark: 36462127.sl
[Task: 12] Result: Success
[Task: 12] Program: _arg_0[(-1 - concat(" ", _arg_0).IndexOf("/")):].replace("/", "")
[Task: 12] Number of evaluations: 359145
[Task: 12] 2021-09-10 10:12:16.314208
[Task: 12] Time taken: 0:03:33.428324
[Task: 12] 
[Task: 13] Loading bustle model....
[Task: 13] Count: 13
[Task: 13] 
[Task: 13] 2021-09-10 10:08:42.858747
[Task: 13] Number of programs: 10
[Task: 13] Size: 0 Evaluations: 0
[Task: 13] Size: 1 Evaluations: 0
[Task: 13] Size: 2 Evaluations: 18
[Task: 13] Size: 3 Evaluations: 35
[Task: 13] Size: 4 Evaluations: 52
[Task: 13] Size: 5 Evaluations: 263
[Task: 13] Size: 6 Evaluations: 584
[Task: 13] Size: 7 Evaluations: 1663
[Task: 13] Size: 8 Evaluations: 4724
[Task: 13] Benchmark: 37534494.sl
[Task: 13] Result: Success
[Task: 13] Program: (if_arg_0.Contain(_arg_2) then _arg_0 else _arg_1)
[Task: 13] Number of evaluations: 12446
[Task: 13] 2021-09-10 10:08:46.989285
[Task: 13] Time taken: 0:00:04.126801
[Task: 13] 
[Task: 14] Loading bustle model....
[Task: 14] Count: 14
[Task: 14] 
[Task: 14] 2021-09-10 10:08:42.841832
[Task: 14] Number of programs: 9
[Task: 14] Size: 0 Evaluations: 0
[Task: 14] Size: 1 Evaluations: 0
[Task: 14] Size: 2 Evaluations: 13
[Task: 14] Size: 3 Evaluations: 26
[Task: 14] Size: 4 Evaluations: 11
[Task: 14] Size: 5 Evaluations: 45
[Task: 14] Size: 6 Evaluations: 76
[Task: 14] Size: 7 Evaluations: 192
[Task: 14] Size: 8 Evaluations: 367
[Task: 14] Size: 9 Evaluations: 924
[Task: 14] Size: 10 Evaluations: 1950
[Task: 14] Benchmark: 38664547.sl
[Task: 14] Result: Success
[Task: 14] Program: _arg_0.replace(_arg_0.replace("that", "").upper(), "that").replace("that", "")
[Task: 14] Number of evaluations: 5165
[Task: 14] 2021-09-10 10:08:46.080720
[Task: 14] Time taken: 0:00:03.237033
[Task: 14] 
[Task: 15] Loading bustle model....
[Task: 15] Count: 15
[Task: 15] 
[Task: 15] 2021-09-10 10:08:42.829074
[Task: 15] Number of programs: 10
[Task: 15] Size: 0 Evaluations: 0
[Task: 15] Size: 1 Evaluations: 0
[Task: 15] Size: 2 Evaluations: 13
[Task: 15] Size: 3 Evaluations: 27
[Task: 15] Size: 4 Evaluations: 15
[Task: 15] Size: 5 Evaluations: 52
[Task: 15] Size: 6 Evaluations: 39
[Task: 15] Size: 7 Evaluations: 65
[Task: 15] Size: 8 Evaluations: 90
[Task: 15] Size: 9 Evaluations: 189
[Task: 15] Size: 10 Evaluations: 308
[Task: 15] Size: 11 Evaluations: 699
[Task: 15] Size: 12 Evaluations: 1323
[Task: 15] Size: 13 Evaluations: 2008
[Task: 15] Benchmark: 38871714.sl
[Task: 15] Result: Success
[Task: 15] Program: _arg_0.replace("<", "",-1).replace(">", "",-1)
[Task: 15] Number of evaluations: 6819
[Task: 15] 2021-09-10 10:08:46.113829
[Task: 15] Time taken: 0:00:03.284733
[Task: 15] 
[Task: 16] Loading bustle model....
[Task: 16] Count: 16
[Task: 16] 
[Task: 16] 2021-09-10 10:08:42.822003
[Task: 16] Number of programs: 9
[Task: 16] Size: 0 Evaluations: 0
[Task: 16] Size: 1 Evaluations: 0
[Task: 16] Size: 2 Evaluations: 12
[Task: 16] Size: 3 Evaluations: 20
[Task: 16] Size: 4 Evaluations: 9
[Task: 16] Size: 5 Evaluations: 36
[Task: 16] Size: 6 Evaluations: 20
[Task: 16] Size: 7 Evaluations: 25
[Task: 16] Size: 8 Evaluations: 55
[Task: 16] Size: 9 Evaluations: 144
[Task: 16] Size: 10 Evaluations: 213
[Task: 16] Size: 11 Evaluations: 681
[Task: 16] Size: 12 Evaluations: 877
[Task: 16] Size: 13 Evaluations: 1499
[Task: 16] Size: 14 Evaluations: 2218
[Task: 16] Size: 15 Evaluations: 3654
[Task: 16] Size: 16 Evaluations: 6492
[Task: 16] Size: 17 Evaluations: 15005
[Task: 16] Size: 18 Evaluations: 27470
[Task: 16] Size: 19 Evaluations: 54585
[Task: 16] Benchmark: 39060015.sl
[Task: 16] Result: Success
[Task: 16] Program: _arg_0.replace("/", _arg_0[:_arg_0.IndexOf("/")],-1)[_arg_0.Length():]
[Task: 16] Number of evaluations: 161952
[Task: 16] 2021-09-10 10:09:39.063406
[Task: 16] Time taken: 0:00:56.241398
[Task: 16] 
[Task: 17] Loading bustle model....
[Task: 17] Count: 17
[Task: 17] 
[Task: 17] 2021-09-10 10:08:42.871074
[Task: 17] Number of programs: 9
[Task: 17] Size: 0 Evaluations: 0
[Task: 17] Size: 1 Evaluations: 0
[Task: 17] Size: 2 Evaluations: 14
[Task: 17] Size: 3 Evaluations: 24
[Task: 17] Size: 4 Evaluations: 26
[Task: 17] Size: 5 Evaluations: 76
[Task: 17] Size: 6 Evaluations: 157
[Task: 17] Size: 7 Evaluations: 407
[Task: 17] Size: 8 Evaluations: 1029
[Task: 17] Size: 9 Evaluations: 2712
[Task: 17] Size: 10 Evaluations: 7251
[Task: 17] Benchmark: 41503046.sl
[Task: 17] Result: Success
[Task: 17] Program: _arg_0[:_arg_0.IndexOf(" ",("ssp.".Length() + "ssp.".Length()))]
[Task: 17] Number of evaluations: 23747
[Task: 17] 2021-09-10 10:08:51.798542
[Task: 17] Time taken: 0:00:08.920613
[Task: 17] 
[Task: 18] Loading bustle model....
[Task: 18] Count: 18
[Task: 18] 
[Task: 18] 2021-09-10 10:08:42.814523
[Task: 18] Number of programs: 17
[Task: 18] Size: 0 Evaluations: 0
[Task: 18] Size: 1 Evaluations: 0
[Task: 18] Size: 2 Evaluations: 28
[Task: 18] Size: 3 Evaluations: 152
[Task: 18] Size: 4 Evaluations: 90
[Task: 18] Size: 5 Evaluations: 186
[Task: 18] Size: 6 Evaluations: 242
[Task: 18] Size: 7 Evaluations: 499
[Task: 18] Size: 8 Evaluations: 670
[Task: 18] Size: 9 Evaluations: 1317
[Task: 18] Size: 10 Evaluations: 3323
[Task: 18] Size: 11 Evaluations: 6864
[Task: 18] Size: 12 Evaluations: 16275
[Task: 18] Size: 13 Evaluations: 36983
[Task: 18] Size: 14 Evaluations: 71604
[Task: 18] Size: 15 Evaluations: 136799
[Task: 18] Size: 16 Evaluations: 253887
[Task: 18] Size: 17 Evaluations: 470965
[Task: 18] Size: 18 Evaluations: 935144
[Task: 18] Size: 19 Evaluations: 1893682
[Task: 18] Size: 20 Evaluations: 3964288
[Task: 19] Loading bustle model....
[Task: 19] Count: 19
[Task: 19] 
[Task: 19] 2021-09-10 10:08:42.847634
[Task: 19] Number of programs: 9
[Task: 19] Size: 0 Evaluations: 0
[Task: 19] Size: 1 Evaluations: 0
[Task: 19] Size: 2 Evaluations: 11
[Task: 19] Size: 3 Evaluations: 17
[Task: 19] Size: 4 Evaluations: 8
[Task: 19] Size: 5 Evaluations: 42
[Task: 19] Size: 6 Evaluations: 37
[Task: 19] Size: 7 Evaluations: 159
[Task: 19] Size: 8 Evaluations: 228
[Task: 19] Size: 9 Evaluations: 809
[Task: 19] Size: 10 Evaluations: 1349
[Task: 19] Size: 11 Evaluations: 4855
[Task: 19] Size: 12 Evaluations: 9042
[Task: 19] Benchmark: 43606446.sl
[Task: 19] Result: Success
[Task: 19] Program: _arg_0[:-1][(-1 - (1 + 1)):]
[Task: 19] Number of evaluations: 37137
[Task: 19] 2021-09-10 10:08:57.781361
[Task: 19] Time taken: 0:00:14.931159
[Task: 19] 
[Task: 20] Loading bustle model....
[Task: 20] Count: 20
[Task: 20] 
[Task: 20] 2021-09-10 10:08:42.907338
[Task: 20] Number of programs: 11
[Task: 20] Size: 0 Evaluations: 0
[Task: 20] Size: 1 Evaluations: 0
[Task: 20] Size: 2 Evaluations: 22
[Task: 20] Size: 3 Evaluations: 47
[Task: 20] Size: 4 Evaluations: 65
[Task: 20] Size: 5 Evaluations: 245
[Task: 20] Size: 6 Evaluations: 366
[Task: 20] Size: 7 Evaluations: 985
[Task: 20] Size: 8 Evaluations: 1538
[Task: 20] Benchmark: add-a-line-break-with-a-formula.sl
[Task: 20] Result: Success
[Task: 20] Program: concat(_arg_0, concat("/n", concat(_arg_1, concat("/n", _arg_2))))
[Task: 20] Number of evaluations: 3337
[Task: 20] 2021-09-10 10:08:45.054060
[Task: 20] Time taken: 0:00:02.146828
[Task: 20] 
[Task: 21] Loading bustle model....
[Task: 21] Count: 21
[Task: 21] 
[Task: 21] 2021-09-10 10:08:42.858145
[Task: 21] Number of programs: 10
[Task: 21] Size: 0 Evaluations: 0
[Task: 21] Size: 1 Evaluations: 0
[Task: 21] Size: 2 Evaluations: 13
[Task: 21] Size: 3 Evaluations: 34
[Task: 21] Size: 4 Evaluations: 22
[Task: 21] Benchmark: bikes.sl
[Task: 21] Result: Success
[Task: 21] Program: name[:(0 - 3)]
[Task: 21] Number of evaluations: 105
[Task: 21] 2021-09-10 10:08:43.289920
[Task: 21] Time taken: 0:00:00.428162
[Task: 21] 
[Task: 22] Loading bustle model....
[Task: 22] Count: 22
[Task: 22] 
[Task: 22] 2021-09-10 10:08:42.885359
[Task: 22] Number of programs: 9
[Task: 22] Size: 0 Evaluations: 0
[Task: 22] Size: 1 Evaluations: 0
[Task: 22] Size: 2 Evaluations: 10
[Task: 22] Size: 3 Evaluations: 19
[Task: 22] Benchmark: change-negative-numbers-to-positive.sl
[Task: 22] Result: Success
[Task: 22] Program: _arg_0.replace("-", "")
[Task: 22] Number of evaluations: 41
[Task: 22] 2021-09-10 10:08:43.350631
[Task: 22] Time taken: 0:00:00.457064
[Task: 22] 
[Task: 23] Loading bustle model....
[Task: 23] Count: 23
[Task: 23] 
[Task: 23] 2021-09-10 10:08:42.867053
[Task: 23] Number of programs: 13
[Task: 23] Size: 0 Evaluations: 0
[Task: 23] Size: 1 Evaluations: 0
[Task: 23] Size: 2 Evaluations: 14
[Task: 23] Size: 3 Evaluations: 60
[Task: 23] Size: 4 Evaluations: 56
[Task: 23] Size: 5 Evaluations: 122
[Task: 23] Size: 6 Evaluations: 113
[Task: 23] Size: 7 Evaluations: 320
[Task: 23] Size: 8 Evaluations: 417
[Task: 23] Size: 9 Evaluations: 846
[Task: 23] Size: 10 Evaluations: 2813
[Task: 23] Size: 11 Evaluations: 4971
[Task: 23] Size: 12 Evaluations: 12293
[Task: 23] Size: 13 Evaluations: 33101
[Task: 23] Size: 14 Evaluations: 68423
[Task: 23] Size: 15 Evaluations: 150401
[Task: 23] Size: 16 Evaluations: 423298
[Task: 23] Size: 17 Evaluations: 963421
[Task: 23] Benchmark: clean-and-reformat-telephone-numbers.sl
[Task: 23] Result: Success
[Task: 23] Program: _arg_0.replace("-", "",-1).replace(".", "",-1).replace(" ", "").replace("<", "").replace(">", "")
[Task: 23] Number of evaluations: 2627196
[Task: 23] 2021-09-10 10:24:36.461003
[Task: 23] Time taken: 0:15:53.580926
[Task: 23] 
[Task: 24] Loading bustle model....
[Task: 24] Count: 24
[Task: 24] 
[Task: 24] 2021-09-10 10:08:42.864168
[Task: 24] Number of programs: 10
[Task: 24] Size: 0 Evaluations: 0
[Task: 24] Size: 1 Evaluations: 0
[Task: 24] Size: 2 Evaluations: 16
[Task: 24] Size: 3 Evaluations: 34
[Task: 24] Size: 4 Evaluations: 27
[Task: 24] Size: 5 Evaluations: 182
[Task: 24] Size: 6 Evaluations: 191
[Task: 24] Benchmark: create-email-address-from-name.sl
[Task: 24] Result: Success
[Task: 24] Program: concat(_arg_1.CharAt(0), concat(_arg_0, "_acme.com"))
[Task: 24] Number of evaluations: 603
[Task: 24] 2021-09-10 10:08:43.517030
[Task: 24] Time taken: 0:00:00.646582
[Task: 24] 
[Task: 25] Loading bustle model....
[Task: 25] Count: 25
[Task: 25] 
[Task: 25] 2021-09-10 10:08:42.842843
[Task: 25] Number of programs: 11
[Task: 25] Size: 0 Evaluations: 0
[Task: 25] Size: 1 Evaluations: 0
[Task: 25] Size: 2 Evaluations: 17
[Task: 25] Size: 3 Evaluations: 44
[Task: 25] Size: 4 Evaluations: 36
[Task: 25] Size: 5 Evaluations: 230
[Task: 25] Size: 6 Evaluations: 359
[Task: 25] Size: 7 Evaluations: 838
[Task: 25] Size: 8 Evaluations: 1907
[Task: 25] Benchmark: create-email-address-with-name-and-domain.sl
[Task: 25] Result: Success
[Task: 25] Program: concat(_arg_0.CharAt(0), concat(_arg_1, concat("_", _arg_2)))
[Task: 25] Number of evaluations: 3640
[Task: 25] 2021-09-10 10:08:45.152810
[Task: 25] Time taken: 0:00:02.308304
[Task: 25] 
[Task: 26] Loading bustle model....
[Task: 26] Count: 26
[Task: 26] 
[Task: 26] 2021-09-10 10:08:42.835842
[Task: 26] Number of programs: 9
[Task: 26] Size: 0 Evaluations: 0
[Task: 26] Size: 1 Evaluations: 0
[Task: 26] Size: 2 Evaluations: 15
[Task: 26] Size: 3 Evaluations: 32
[Task: 26] Size: 4 Evaluations: 27
[Task: 26] Size: 5 Evaluations: 103
[Task: 26] Size: 6 Evaluations: 173
[Task: 26] Size: 7 Evaluations: 315
[Task: 26] Size: 8 Evaluations: 506
[Task: 26] Size: 9 Evaluations: 824
[Task: 26] Size: 10 Evaluations: 1591
[Task: 26] Size: 11 Evaluations: 3145
[Task: 26] Size: 12 Evaluations: 9286
[Task: 26] Benchmark: dr-name.sl
[Task: 26] Result: Success
[Task: 26] Program: concat("Dr.", concat(" ", name[:name.IndexOf(" ")]))
[Task: 26] Number of evaluations: 18675
[Task: 26] 2021-09-10 10:08:52.208818
[Task: 26] Time taken: 0:00:09.372979
[Task: 26] 
[Task: 27] Loading bustle model....
[Task: 27] Count: 27
[Task: 27] 
[Task: 27] 2021-09-10 10:08:42.888506
[Task: 27] Number of programs: 10
[Task: 27] Size: 0 Evaluations: 0
[Task: 27] Size: 1 Evaluations: 0
[Task: 27] Size: 2 Evaluations: 14
[Task: 27] Size: 3 Evaluations: 32
[Task: 27] Size: 4 Evaluations: 39
[Task: 27] Size: 5 Evaluations: 182
[Task: 27] Size: 6 Evaluations: 352
[Task: 27] Benchmark: exceljet1.sl
[Task: 27] Result: Success
[Task: 27] Program: _arg_1[(1 + _arg_1.IndexOf("_")):]
[Task: 27] Number of evaluations: 1326
[Task: 27] 2021-09-10 10:08:43.707256
[Task: 27] Time taken: 0:00:00.810648
[Task: 27] 
[Task: 28] Loading bustle model....
[Task: 28] Count: 28
[Task: 28] 
[Task: 28] 2021-09-10 10:08:42.883700
[Task: 28] Number of programs: 9
[Task: 28] Size: 0 Evaluations: 0
[Task: 28] Size: 1 Evaluations: 0
[Task: 28] Size: 2 Evaluations: 11
[Task: 28] Size: 3 Evaluations: 18
[Task: 28] Size: 4 Evaluations: 15
[Task: 28] Size: 5 Evaluations: 68
[Task: 28] Size: 6 Evaluations: 105
[Task: 28] Size: 7 Evaluations: 422
[Task: 28] Size: 8 Evaluations: 725
[Task: 28] Size: 9 Evaluations: 3073
[Task: 28] Benchmark: exceljet2.sl
[Task: 28] Result: Success
[Task: 28] Program: _arg_0[(-1 + (-1 + -1)):].replace(".", "")
[Task: 28] Number of evaluations: 6929
[Task: 28] 2021-09-10 10:08:46.057707
[Task: 28] Time taken: 0:00:03.164987
[Task: 28] 
[Task: 29] Loading bustle model....
[Task: 29] Count: 29
[Task: 29] 
[Task: 29] 2021-09-10 10:19:09.605987
[Task: 29] Number of programs: 9
[Task: 29] Size: 0 Evaluations: 0
[Task: 29] Size: 1 Evaluations: 0
[Task: 29] Size: 2 Evaluations: 11
[Task: 29] Size: 3 Evaluations: 19
[Task: 29] Size: 4 Evaluations: 15
[Task: 29] Size: 5 Evaluations: 65
[Task: 29] Size: 6 Evaluations: 122
[Task: 29] Size: 7 Evaluations: 361
[Task: 29] Size: 8 Evaluations: 897
[Task: 29] Benchmark: exceljet3.sl
[Task: 29] Result: Success
[Task: 29] Program: _arg_0[concat(" ", _arg_0).IndexOf("="):].strip()
[Task: 29] Number of evaluations: 2901
[Task: 29] 2021-09-10 10:19:10.983414
[Task: 29] Time taken: 0:00:01.377375
[Task: 29] 
[Task: 30] Loading bustle model....
[Task: 30] Count: 30
[Task: 30] 
[Task: 30] 2021-09-10 10:19:09.626089
[Task: 30] Number of programs: 10
[Task: 30] Size: 0 Evaluations: 0
[Task: 30] Size: 1 Evaluations: 0
[Task: 30] Size: 2 Evaluations: 12
[Task: 30] Size: 3 Evaluations: 26
[Task: 30] Size: 4 Evaluations: 20
[Task: 30] Size: 5 Evaluations: 97
[Task: 30] Size: 6 Evaluations: 174
[Task: 30] Size: 7 Evaluations: 681
[Task: 30] Size: 8 Evaluations: 1523
[Task: 30] Benchmark: exceljet4.sl
[Task: 30] Result: Success
[Task: 30] Program: _arg_0[(1 + (1 + _arg_0.IndexOf("/"))):]
[Task: 30] Number of evaluations: 6711
[Task: 30] 2021-09-10 10:19:11.623683
[Task: 30] Time taken: 0:00:01.997480
[Task: 30] 
[Task: 31] Loading bustle model....
[Task: 31] Count: 31
[Task: 31] 
[Task: 31] 2021-09-10 10:19:09.605786
[Task: 31] Number of programs: 14
[Task: 31] Size: 0 Evaluations: 0
[Task: 31] Size: 1 Evaluations: 0
[Task: 31] Size: 2 Evaluations: 15
[Task: 31] Size: 3 Evaluations: 45
[Task: 31] Size: 4 Evaluations: 28
[Task: 31] Size: 5 Evaluations: 210
[Task: 31] Size: 6 Evaluations: 94
[Task: 31] Size: 7 Evaluations: 644
[Task: 31] Size: 8 Evaluations: 326
[Task: 31] Size: 9 Evaluations: 1729
[Task: 31] Size: 10 Evaluations: 1725
[Task: 31] Size: 11 Evaluations: 6503
[Task: 31] Size: 12 Evaluations: 9507
[Task: 31] Size: 13 Evaluations: 39127
[Task: 31] Size: 14 Evaluations: 40492
[Task: 31] Size: 15 Evaluations: 193511
[Task: 31] Size: 16 Evaluations: 183336
[Task: 31] Size: 17 Evaluations: 779802
[Task: 31] Size: 18 Evaluations: 999164
[Task: 31] Benchmark: extract-word-containing-specific-text.sl
[Task: 31] Result: Success
[Task: 31] Program: _arg_0[(_arg_0.IndexOf("_") - 4):][:(2 + (4 + (4 + 4)))]
[Task: 31] Number of evaluations: 2921094
[Task: 31] 2021-09-10 10:32:51.948384
[Task: 31] Time taken: 0:13:42.342604
[Task: 31] 
[Task: 32] Loading bustle model....
[Task: 32] Count: 32
[Task: 32] 
[Task: 32] 2021-09-10 10:19:09.545453
[Task: 32] Number of programs: 11
[Task: 32] Size: 0 Evaluations: 0
[Task: 32] Size: 1 Evaluations: 0
[Task: 32] Size: 2 Evaluations: 12
[Task: 32] Size: 3 Evaluations: 25
[Task: 32] Size: 4 Evaluations: 10
[Task: 32] Size: 5 Evaluations: 75
[Task: 32] Size: 6 Evaluations: 26
[Task: 32] Size: 7 Evaluations: 117
[Task: 32] Size: 8 Evaluations: 168
[Task: 32] Size: 9 Evaluations: 302
[Task: 32] Size: 10 Evaluations: 636
[Task: 32] Size: 11 Evaluations: 1226
[Task: 32] Size: 12 Evaluations: 2202
[Task: 32] Size: 13 Evaluations: 5092
[Task: 32] Size: 14 Evaluations: 7390
[Task: 32] Size: 15 Evaluations: 18113
[Task: 32] Size: 16 Evaluations: 31985
[Task: 32] Size: 17 Evaluations: 71051
[Task: 32] Size: 18 Evaluations: 145646
[Task: 32] Benchmark: extract-word-that-begins-with-specific-character.sl
[Task: 32] Result: Success
[Task: 32] Program: _arg_0[_arg_0.IndexOf("_"):][:concat(_arg_0[_arg_0.IndexOf("_"):], " ").IndexOf(" ")]
[Task: 32] Number of evaluations: 402055
[Task: 32] 2021-09-10 10:21:36.432890
[Task: 32] Time taken: 0:02:26.887433
[Task: 32] 
[Task: 33] Loading bustle model....
[Task: 33] Count: 33
[Task: 33] 
[Task: 33] 2021-09-10 10:19:09.582048
[Task: 33] Number of programs: 7
[Task: 33] Size: 0 Evaluations: 0
[Task: 33] Size: 1 Evaluations: 0
[Task: 33] Size: 2 Evaluations: 10
[Task: 33] Size: 3 Evaluations: 17
[Task: 33] Size: 4 Evaluations: 14
[Task: 33] Benchmark: firstname.sl
[Task: 33] Result: Success
[Task: 33] Program: name[:name.IndexOf(" ")]
[Task: 33] Number of evaluations: 67
[Task: 33] 2021-09-10 10:19:09.983764
[Task: 33] Time taken: 0:00:00.401689
[Task: 33] 
[Task: 34] Loading bustle model....
[Task: 34] Count: 34
[Task: 34] 
[Task: 34] 2021-09-10 10:19:09.623365
[Task: 34] Number of programs: 10
[Task: 34] Size: 0 Evaluations: 0
[Task: 34] Size: 1 Evaluations: 0
[Task: 34] Size: 2 Evaluations: 14
[Task: 34] Size: 3 Evaluations: 31
[Task: 34] Size: 4 Evaluations: 35
[Task: 34] Benchmark: get-domain-from-email-address_2.sl
[Task: 34] Result: Success
[Task: 34] Program: _arg_1[:_arg_1.IndexOf("_")]
[Task: 34] Number of evaluations: 164
[Task: 34] 2021-09-10 10:19:10.145379
[Task: 34] Time taken: 0:00:00.520043
[Task: 34] 
[Task: 35] Loading bustle model....
[Task: 35] Count: 35
[Task: 35] 
[Task: 35] 2021-09-10 10:19:09.550876
[Task: 35] Number of programs: 11
[Task: 35] Size: 0 Evaluations: 0
[Task: 35] Size: 1 Evaluations: 0
[Task: 35] Size: 2 Evaluations: 13
[Task: 35] Size: 3 Evaluations: 29
[Task: 35] Size: 4 Evaluations: 16
[Task: 35] Size: 5 Evaluations: 141
[Task: 35] Size: 6 Evaluations: 108
[Task: 35] Size: 7 Evaluations: 534
[Task: 35] Size: 8 Evaluations: 919
[Task: 35] Size: 9 Evaluations: 2953
[Task: 35] Size: 10 Evaluations: 5719
[Task: 35] Size: 11 Evaluations: 20773
[Task: 35] Size: 12 Evaluations: 38292
[Task: 35] Size: 13 Evaluations: 162793
[Task: 35] Size: 14 Evaluations: 304207
[Task: 35] Size: 15 Evaluations: 1310554
[Task: 35] Size: 16 Evaluations: 2736698
[Task: 36] Loading bustle model....
[Task: 36] Count: 36
[Task: 36] 
[Task: 36] 2021-09-10 10:25:12.609739
[Task: 36] Number of programs: 8
[Task: 36] Size: 0 Evaluations: 0
[Task: 36] Size: 1 Evaluations: 0
[Task: 36] Size: 2 Evaluations: 11
[Task: 36] Size: 3 Evaluations: 13
[Task: 36] Size: 4 Evaluations: 6
[Task: 36] Benchmark: get-first-name-from-name.sl
[Task: 36] Result: Success
[Task: 36] Program: _arg_0[:_arg_0.IndexOf(" ")]
[Task: 36] Number of evaluations: 46
[Task: 36] 2021-09-10 10:25:13.043114
[Task: 36] Time taken: 0:00:00.433305
[Task: 36] 
[Task: 37] Loading bustle model....
[Task: 37] Count: 37
[Task: 37] 
[Task: 37] 2021-09-10 10:25:12.639191
[Task: 37] Number of programs: 8
[Task: 37] Size: 0 Evaluations: 0
[Task: 37] Size: 1 Evaluations: 0
[Task: 37] Size: 2 Evaluations: 11
[Task: 37] Size: 3 Evaluations: 13
[Task: 37] Size: 4 Evaluations: 26
[Task: 37] Size: 5 Evaluations: 57
[Task: 37] Size: 6 Evaluations: 152
[Task: 37] Size: 7 Evaluations: 377
[Task: 37] Benchmark: get-first-word.sl
[Task: 37] Result: Success
[Task: 37] Program: _arg_0[:_arg_0.replace(" ", _arg_0).IndexOf(_arg_0)]
[Task: 37] Number of evaluations: 1368
[Task: 37] 2021-09-10 10:25:13.491370
[Task: 37] Time taken: 0:00:00.852110
[Task: 37] 
[Task: 38] Loading bustle model....
[Task: 38] Count: 38
[Task: 38] 
[Task: 38] 2021-09-10 10:25:12.602396
[Task: 38] Number of programs: 9
[Task: 38] Size: 0 Evaluations: 0
[Task: 38] Size: 1 Evaluations: 0
[Task: 38] Size: 2 Evaluations: 14
[Task: 38] Size: 3 Evaluations: 18
[Task: 38] Size: 4 Evaluations: 38
[Task: 38] Size: 5 Evaluations: 95
[Task: 38] Size: 6 Evaluations: 261
[Task: 38] Size: 7 Evaluations: 680
[Task: 38] Size: 8 Evaluations: 1936
[Task: 38] Size: 9 Evaluations: 5406
[Task: 38] Size: 10 Evaluations: 15998
[Task: 38] Size: 11 Evaluations: 46880
[Task: 38] Size: 12 Evaluations: 143685
[Task: 38] Size: 13 Evaluations: 440309
[Task: 38] Size: 14 Evaluations: 1382966
[Task: 38] Size: 15 Evaluations: 4360257
[Task: 39] Loading bustle model....
[Task: 39] Count: 39
[Task: 39] 
[Task: 39] 2021-09-10 10:25:12.584324
[Task: 39] Number of programs: 8
[Task: 39] Size: 0 Evaluations: 0
[Task: 39] Size: 1 Evaluations: 0
[Task: 39] Size: 2 Evaluations: 11
[Task: 39] Size: 3 Evaluations: 13
[Task: 39] Size: 4 Evaluations: 17
[Task: 39] Size: 5 Evaluations: 51
[Task: 39] Benchmark: get-last-name-from-name.sl
[Task: 39] Result: Success
[Task: 39] Program: _arg_0[_arg_0.IndexOf(" "):].strip()
[Task: 39] Number of evaluations: 128
[Task: 39] 2021-09-10 10:25:13.095792
[Task: 39] Time taken: 0:00:00.511458
[Task: 39] 
[Task: 40] Loading bustle model....
[Task: 40] Count: 40
[Task: 40] 
[Task: 40] 2021-09-10 10:25:12.622788
[Task: 40] Number of programs: 9
[Task: 40] Size: 0 Evaluations: 0
[Task: 40] Size: 1 Evaluations: 0
[Task: 40] Size: 2 Evaluations: 11
[Task: 40] Size: 3 Evaluations: 19
[Task: 40] Size: 4 Evaluations: 12
[Task: 40] Size: 5 Evaluations: 40
[Task: 40] Size: 6 Evaluations: 49
[Task: 40] Size: 7 Evaluations: 94
[Task: 40] Size: 8 Evaluations: 136
[Task: 40] Size: 9 Evaluations: 319
[Task: 40] Size: 10 Evaluations: 552
[Task: 40] Size: 11 Evaluations: 1250
[Task: 40] Size: 12 Evaluations: 2960
[Task: 40] Size: 13 Evaluations: 6517
[Task: 40] Size: 14 Evaluations: 18031
[Task: 40] Size: 15 Evaluations: 46280
[Task: 40] Benchmark: get-last-name-from-name-with-comma.sl
[Task: 40] Result: Success
[Task: 40] Program: concat(concat(_arg_0[(1 + _arg_0.IndexOf(",")):], ","), _arg_0)[:_arg_0.Length()]
[Task: 40] Number of evaluations: 172357
[Task: 40] 2021-09-10 10:26:25.522036
[Task: 40] Time taken: 0:01:12.899259
[Task: 40] 
[Task: 41] Loading bustle model....
[Task: 41] Count: 41
[Task: 41] 
[Task: 41] 2021-09-10 10:25:12.637742
[Task: 41] Number of programs: 8
[Task: 41] Size: 0 Evaluations: 0
[Task: 41] Size: 1 Evaluations: 0
[Task: 41] Size: 2 Evaluations: 10
[Task: 41] Size: 3 Evaluations: 13
[Task: 41] Size: 4 Evaluations: 11
[Task: 41] Size: 5 Evaluations: 43
[Task: 41] Size: 6 Evaluations: 72
[Task: 41] Size: 7 Evaluations: 214
[Task: 41] Size: 8 Evaluations: 424
[Task: 41] Benchmark: get-last-word.sl
[Task: 41] Result: Success
[Task: 41] Program: _arg_0[(-1 + (-1 + (-1 + -1))):]
[Task: 41] Number of evaluations: 1653
[Task: 41] 2021-09-10 10:25:13.671190
[Task: 41] Time taken: 0:00:01.033388
[Task: 41] 
[Task: 42] Loading bustle model....
[Task: 42] Count: 42
[Task: 42] 
[Task: 42] 2021-09-10 10:33:40.835644
[Task: 42] Number of programs: 8
[Task: 42] Size: 0 Evaluations: 0
[Task: 42] Size: 1 Evaluations: 0
[Task: 42] Size: 2 Evaluations: 10
[Task: 42] Size: 3 Evaluations: 13
[Task: 42] Size: 4 Evaluations: 4
[Task: 42] Size: 5 Evaluations: 28
[Task: 42] Size: 6 Evaluations: 14
[Task: 42] Size: 7 Evaluations: 38
[Task: 42] Size: 8 Evaluations: 65
[Task: 42] Size: 9 Evaluations: 113
[Task: 42] Size: 10 Evaluations: 178
[Task: 42] Size: 11 Evaluations: 389
[Task: 42] Size: 12 Evaluations: 491
[Task: 42] Size: 13 Evaluations: 1128
[Task: 42] Size: 14 Evaluations: 1873
[Task: 42] Size: 15 Evaluations: 4220
[Task: 42] Size: 16 Evaluations: 8466
[Task: 42] Benchmark: get-middle-name-from-full-name.sl
[Task: 42] Result: Success
[Task: 42] Program: _arg_0.Substr(_arg_0.IndexOf(" "),_arg_0.IndexOf(" ",(-1 - (1 + _arg_0.IndexOf(" "))))).strip()
[Task: 42] Number of evaluations: 24041
[Task: 42] 2021-09-10 10:33:53.597951
[Task: 42] Time taken: 0:00:12.762300
[Task: 42] 
[Task: 43] Loading bustle model....
[Task: 43] Count: 43
[Task: 43] 
[Task: 43] 2021-09-10 10:33:40.880301
[Task: 43] Number of programs: 8
[Task: 43] Size: 0 Evaluations: 0
[Task: 43] Size: 1 Evaluations: 0
[Task: 43] Size: 2 Evaluations: 11
[Task: 43] Size: 3 Evaluations: 22
[Task: 43] Size: 4 Evaluations: 5
[Task: 43] Size: 5 Evaluations: 35
[Task: 43] Size: 6 Evaluations: 23
[Task: 43] Size: 7 Evaluations: 66
[Task: 43] Size: 8 Evaluations: 62
[Task: 43] Size: 9 Evaluations: 149
[Task: 43] Size: 10 Evaluations: 155
[Task: 43] Size: 11 Evaluations: 322
[Task: 43] Size: 12 Evaluations: 504
[Task: 43] Size: 13 Evaluations: 696
[Task: 43] Size: 14 Evaluations: 1499
[Task: 43] Size: 15 Evaluations: 1983
[Task: 43] Size: 16 Evaluations: 4122
[Task: 43] Size: 17 Evaluations: 5262
[Task: 43] Size: 18 Evaluations: 11511
[Task: 43] Size: 19 Evaluations: 14670
[Task: 43] Benchmark: initials.sl
[Task: 43] Result: Success
[Task: 43] Program: concat(name.CharAt(0), concat(".", concat(name.CharAt((1 + name.IndexOf(" "))), ".")))
[Task: 43] Number of evaluations: 43248
[Task: 43] 2021-09-10 10:34:11.370122
[Task: 43] Time taken: 0:00:30.489087
[Task: 43] 
[Task: 44] Loading bustle model....
[Task: 44] Count: 44
[Task: 44] 
[Task: 44] 2021-09-10 10:33:40.858513
[Task: 44] Number of programs: 11
[Task: 44] Size: 0 Evaluations: 0
[Task: 44] Size: 1 Evaluations: 0
[Task: 44] Size: 2 Evaluations: 17
[Task: 44] Size: 3 Evaluations: 45
[Task: 44] Size: 4 Evaluations: 63
[Task: 44] Size: 5 Evaluations: 261
[Task: 44] Size: 6 Evaluations: 584
[Task: 44] Size: 7 Evaluations: 1425
[Task: 44] Size: 8 Evaluations: 3695
[Task: 44] Size: 9 Evaluations: 7720
[Task: 44] Size: 10 Evaluations: 17079
[Task: 44] Size: 11 Evaluations: 34310
[Task: 44] Benchmark: join-cells-with-comma.sl
[Task: 44] Result: Success
[Task: 44] Program: concat(_arg_0, concat(concat(",", " ")[:_arg_1.Length()] + _arg_1 + concat(",", " ")[0:], _arg_2))
[Task: 44] Number of evaluations: 66140
[Task: 44] 2021-09-10 10:34:09.857865
[Task: 44] Time taken: 0:00:28.999490
[Task: 44] 
[Task: 45] Loading bustle model....
[Task: 45] Count: 45
[Task: 45] 
[Task: 45] 2021-09-10 10:33:40.873111
[Task: 45] Number of programs: 9
[Task: 45] Size: 0 Evaluations: 0
[Task: 45] Size: 1 Evaluations: 0
[Task: 45] Size: 2 Evaluations: 13
[Task: 45] Size: 3 Evaluations: 24
[Task: 45] Size: 4 Evaluations: 50
[Task: 45] Benchmark: join-first-and-last-name.sl
[Task: 45] Result: Success
[Task: 45] Program: concat(_arg_0, concat(" ", _arg_1))
[Task: 45] Number of evaluations: 102
[Task: 45] 2021-09-10 10:33:41.288823
[Task: 45] Time taken: 0:00:00.415624
[Task: 45] 
[Task: 46] Loading bustle model....
[Task: 46] Count: 46
[Task: 46] 
[Task: 46] 2021-09-10 10:33:40.837357
[Task: 46] Number of programs: 6
[Task: 46] Size: 0 Evaluations: 0
[Task: 46] Size: 1 Evaluations: 0
[Task: 46] Size: 2 Evaluations: 9
[Task: 46] Size: 3 Evaluations: 11
[Task: 46] Size: 4 Evaluations: 11
[Task: 46] Size: 5 Evaluations: 25
[Task: 46] Size: 6 Evaluations: 51
[Task: 46] Benchmark: lastname.sl
[Task: 46] Result: Success
[Task: 46] Program: name[name.IndexOf(" "):].strip()
[Task: 46] Number of evaluations: 162
[Task: 46] 2021-09-10 10:33:41.357044
[Task: 46] Time taken: 0:00:00.519615
[Task: 46] 
[Task: 47] Loading bustle model....
[Task: 47] Count: 47
[Task: 47] 
[Task: 47] 2021-09-10 10:33:40.853747
[Task: 47] Number of programs: 10
[Task: 47] Size: 0 Evaluations: 0
[Task: 47] Size: 1 Evaluations: 0
[Task: 47] Size: 2 Evaluations: 15
[Task: 47] Size: 3 Evaluations: 39
[Task: 47] Size: 4 Evaluations: 93
[Task: 47] Size: 5 Evaluations: 353
[Task: 47] Benchmark: most-frequently-occurring-text.sl
[Task: 47] Result: Success
[Task: 47] Program: (ifEqual(_arg_0,_arg_1) then _arg_0 else _arg_2)
[Task: 47] Number of evaluations: 1467
[Task: 47] 2021-09-10 10:33:41.590981
[Task: 47] Time taken: 0:00:00.737222
[Task: 47] 
[Task: 48] Loading bustle model....
[Task: 48] Count: 48
[Task: 48] 
[Task: 48] 2021-09-10 10:33:40.891925
[Task: 48] Number of programs: 9
[Task: 48] Size: 0 Evaluations: 0
[Task: 48] Size: 1 Evaluations: 0
[Task: 48] Size: 2 Evaluations: 15
[Task: 48] Size: 3 Evaluations: 34
[Task: 48] Size: 4 Evaluations: 28
[Task: 48] Size: 5 Evaluations: 124
[Task: 48] Size: 6 Evaluations: 192
[Task: 48] Size: 7 Evaluations: 389
[Task: 48] Size: 8 Evaluations: 639
[Task: 48] Benchmark: name-combine-2.sl
[Task: 48] Result: Success
[Task: 48] Program: concat(firstname, concat(" ", concat(lastname.CharAt(0), ".")))
[Task: 48] Number of evaluations: 1463
[Task: 48] 2021-09-10 10:33:42.247108
[Task: 48] Time taken: 0:00:01.355091
[Task: 48] 
[Task: 49] Loading bustle model....
[Task: 49] Count: 49
[Task: 49] 
[Task: 49] 2021-09-10 10:33:40.848750
[Task: 49] Number of programs: 9
[Task: 49] Size: 0 Evaluations: 0
[Task: 49] Size: 1 Evaluations: 0
[Task: 49] Size: 2 Evaluations: 15
[Task: 49] Size: 3 Evaluations: 35
[Task: 49] Size: 4 Evaluations: 35
[Task: 49] Size: 5 Evaluations: 144
[Task: 49] Size: 6 Evaluations: 243
[Task: 49] Size: 7 Evaluations: 630
[Task: 49] Size: 8 Evaluations: 1201
[Task: 49] Benchmark: name-combine-3.sl
[Task: 49] Result: Success
[Task: 49] Program: concat(firstname.CharAt(0), concat(".", concat(" ", lastname)))
[Task: 49] Number of evaluations: 2479
[Task: 49] 2021-09-10 10:33:42.587166
[Task: 49] Time taken: 0:00:01.738388
[Task: 49] 
[Task: 50] Loading bustle model....
[Task: 50] Count: 50
[Task: 50] 
[Task: 50] 2021-09-10 10:33:40.879999
[Task: 50] Number of programs: 10
[Task: 50] Size: 0 Evaluations: 0
[Task: 50] Size: 1 Evaluations: 0
[Task: 50] Size: 2 Evaluations: 16
[Task: 50] Size: 3 Evaluations: 43
[Task: 50] Size: 4 Evaluations: 30
[Task: 50] Size: 5 Evaluations: 123
[Task: 50] Size: 6 Evaluations: 198
[Task: 50] Size: 7 Evaluations: 324
[Task: 50] Size: 8 Evaluations: 567
[Task: 50] Size: 9 Evaluations: 813
[Task: 50] Size: 10 Evaluations: 1260
[Task: 50] Benchmark: name-combine-4.sl
[Task: 50] Result: Success
[Task: 50] Program: concat(lastname, concat(",", concat(" ", concat(firstname.CharAt(0), "."))))
[Task: 50] Number of evaluations: 3514
[Task: 50] 2021-09-10 10:33:43.917010
[Task: 50] Time taken: 0:00:03.036017
[Task: 50] 
[Task: 51] Loading bustle model....
[Task: 51] Count: 51
[Task: 51] 
[Task: 51] 2021-09-10 10:33:41.016904
[Task: 51] Number of programs: 8
[Task: 51] Size: 0 Evaluations: 0
[Task: 51] Size: 1 Evaluations: 0
[Task: 51] Size: 2 Evaluations: 14
[Task: 51] Size: 3 Evaluations: 27
[Task: 51] Size: 4 Evaluations: 44
[Task: 51] Benchmark: name-combine.sl
[Task: 51] Result: Success
[Task: 51] Program: concat(firstname, concat(" ", lastname))
[Task: 51] Number of evaluations: 99
[Task: 51] 2021-09-10 10:33:41.444712
[Task: 51] Time taken: 0:00:00.427756
[Task: 51] 
[Task: 52] Loading bustle model....
[Task: 52] Count: 52
[Task: 52] 
[Task: 52] 2021-09-10 10:33:40.918285
[Task: 52] Number of programs: 15
[Task: 52] Size: 0 Evaluations: 0
[Task: 52] Size: 1 Evaluations: 0
[Task: 52] Size: 2 Evaluations: 16
[Task: 52] Size: 3 Evaluations: 80
[Task: 52] Size: 4 Evaluations: 46
[Task: 52] Size: 5 Evaluations: 359
[Task: 52] Size: 6 Evaluations: 257
[Task: 52] Size: 7 Evaluations: 770
[Task: 52] Size: 8 Evaluations: 1916
[Task: 52] Size: 9 Evaluations: 3606
[Task: 52] Size: 10 Evaluations: 13760
[Task: 52] Size: 11 Evaluations: 22420
[Task: 52] Size: 12 Evaluations: 69654
[Task: 52] Size: 13 Evaluations: 163082
[Task: 52] Size: 14 Evaluations: 441064
[Task: 52] Size: 15 Evaluations: 1122731
[Task: 52] Benchmark: phone-10.sl
[Task: 52] Result: Success
[Task: 52] Program: name.replace(" ", concat(" ", "(")).replace("-", concat(")", " "))
[Task: 52] Number of evaluations: 2612724
[Task: 52] 2021-09-10 11:08:59.273148
[Task: 52] Time taken: 0:35:18.355114
[Task: 52] 
[Task: 53] Loading bustle model....
[Task: 53] Count: 53
[Task: 53] 
[Task: 53] 2021-09-10 10:35:49.522309
[Task: 53] Number of programs: 10
[Task: 53] Size: 0 Evaluations: 0
[Task: 53] Size: 1 Evaluations: 0
[Task: 53] Size: 2 Evaluations: 11
[Task: 53] Size: 3 Evaluations: 35
[Task: 53] Size: 4 Evaluations: 35
[Task: 53] Size: 5 Evaluations: 97
[Task: 53] Benchmark: phone-1.sl
[Task: 53] Result: Success
[Task: 53] Program: name.Substr(4,(2 + 5))
[Task: 53] Number of evaluations: 208
[Task: 53] 2021-09-10 10:35:49.985372
[Task: 53] Time taken: 0:00:00.462993
[Task: 53] 
[Task: 54] Loading bustle model....
[Task: 54] Count: 54
[Task: 54] 
[Task: 54] 2021-09-10 10:35:49.508754
[Task: 54] Number of programs: 10
[Task: 54] Size: 0 Evaluations: 0
[Task: 54] Size: 1 Evaluations: 0
[Task: 54] Size: 2 Evaluations: 11
[Task: 54] Size: 3 Evaluations: 35
[Task: 54] Size: 4 Evaluations: 28
[Task: 54] Benchmark: phone-2.sl
[Task: 54] Result: Success
[Task: 54] Program: name[(3 + 5):]
[Task: 54] Number of evaluations: 150
[Task: 54] 2021-09-10 10:35:49.877829
[Task: 54] Time taken: 0:00:00.366700
[Task: 54] 
[Task: 55] Loading bustle model....
[Task: 55] Count: 55
[Task: 55] 
[Task: 55] 2021-09-10 10:35:49.490345
[Task: 55] Number of programs: 13
[Task: 55] Size: 0 Evaluations: 0
[Task: 55] Size: 1 Evaluations: 0
[Task: 55] Size: 2 Evaluations: 14
[Task: 55] Size: 3 Evaluations: 54
[Task: 55] Size: 4 Evaluations: 29
[Task: 55] Size: 5 Evaluations: 274
[Task: 55] Size: 6 Evaluations: 203
[Task: 55] Size: 7 Evaluations: 1080
[Task: 55] Benchmark: phone-3.sl
[Task: 55] Result: Success
[Task: 55] Program: concat("(", name.replace("-", concat(")", " ")))
[Task: 55] Number of evaluations: 1687
[Task: 55] 2021-09-10 10:35:50.938510
[Task: 55] Time taken: 0:00:01.446598
[Task: 55] 
[Task: 56] Loading bustle model....
[Task: 56] Count: 56
[Task: 56] 
[Task: 56] 2021-09-10 10:35:49.503530
[Task: 56] Number of programs: 14
[Task: 56] Size: 0 Evaluations: 0
[Task: 56] Size: 1 Evaluations: 0
[Task: 56] Size: 2 Evaluations: 15
[Task: 56] Size: 3 Evaluations: 66
[Task: 56] Size: 4 Evaluations: 44
[Task: 56] Benchmark: phone-4.sl
[Task: 56] Result: Success
[Task: 56] Program: name.replace("-", ".",2)
[Task: 56] Number of evaluations: 225
[Task: 56] 2021-09-10 10:35:49.888456
[Task: 56] Time taken: 0:00:00.383315
[Task: 56] 
[Task: 57] Loading bustle model....
[Task: 57] Count: 57
[Task: 57] 
[Task: 57] 2021-09-10 10:35:49.473388
[Task: 57] Number of programs: 13
[Task: 57] Size: 0 Evaluations: 0
[Task: 57] Size: 1 Evaluations: 0
[Task: 57] Size: 2 Evaluations: 14
[Task: 57] Size: 3 Evaluations: 57
[Task: 57] Size: 4 Evaluations: 69
[Task: 57] Size: 5 Evaluations: 268
[Task: 57] Benchmark: phone-5.sl
[Task: 57] Result: Success
[Task: 57] Program: name.Substr(1,name.IndexOf(" "))
[Task: 57] Number of evaluations: 527
[Task: 57] 2021-09-10 10:35:50.023252
[Task: 57] Time taken: 0:00:00.549852
[Task: 57] 
[Task: 58] Loading bustle model....
[Task: 58] Count: 58
[Task: 58] 
[Task: 58] 2021-09-10 10:35:49.579543
[Task: 58] Number of programs: 13
[Task: 58] Size: 0 Evaluations: 0
[Task: 58] Size: 1 Evaluations: 0
[Task: 58] Size: 2 Evaluations: 14
[Task: 58] Size: 3 Evaluations: 57
[Task: 58] Size: 4 Evaluations: 47
[Task: 58] Size: 5 Evaluations: 265
[Task: 58] Size: 6 Evaluations: 221
[Task: 58] Size: 7 Evaluations: 1070
[Task: 58] Size: 8 Evaluations: 743
[Task: 58] Benchmark: phone-6.sl
[Task: 58] Result: Success
[Task: 58] Program: name.Substr(name.IndexOf(" "),name.IndexOf("-")).strip()
[Task: 58] Number of evaluations: 2920
[Task: 58] 2021-09-10 10:35:51.946440
[Task: 58] Time taken: 0:00:02.364003
[Task: 58] 
[Task: 59] Loading bustle model....
[Task: 59] Count: 59
[Task: 59] 
[Task: 59] 2021-09-10 10:35:49.555205
[Task: 59] Number of programs: 13
[Task: 59] Size: 0 Evaluations: 0
[Task: 59] Size: 1 Evaluations: 0
[Task: 59] Size: 2 Evaluations: 14
[Task: 59] Size: 3 Evaluations: 57
[Task: 59] Size: 4 Evaluations: 46
[Task: 59] Size: 5 Evaluations: 243
[Task: 59] Size: 6 Evaluations: 214
[Task: 59] Size: 7 Evaluations: 976
[Task: 59] Size: 8 Evaluations: 716
[Task: 59] Benchmark: phone-7.sl
[Task: 59] Result: Success
[Task: 59] Program: name[(1 + name.IndexOf("-")):][:3]
[Task: 59] Number of evaluations: 2796
[Task: 59] 2021-09-10 10:35:51.918476
[Task: 59] Time taken: 0:00:02.363266
[Task: 59] 
[Task: 60] Loading bustle model....
[Task: 60] Count: 60
[Task: 60] 
[Task: 60] 2021-09-10 10:35:49.602848
[Task: 60] Number of programs: 13
[Task: 60] Size: 0 Evaluations: 0
[Task: 60] Size: 1 Evaluations: 0
[Task: 60] Size: 2 Evaluations: 14
[Task: 60] Size: 3 Evaluations: 57
[Task: 60] Size: 4 Evaluations: 50
[Task: 60] Benchmark: phone-8.sl
[Task: 60] Result: Success
[Task: 60] Program: name[(0 - 3):]
[Task: 60] Number of evaluations: 300
[Task: 60] 2021-09-10 10:35:50.011440
[Task: 60] Time taken: 0:00:00.404503
[Task: 60] 
[Task: 61] Loading bustle model....
[Task: 61] Count: 61
[Task: 61] 
[Task: 61] 2021-09-10 10:35:49.596502
[Task: 61] Number of programs: 13
[Task: 61] Size: 0 Evaluations: 0
[Task: 61] Size: 1 Evaluations: 0
[Task: 61] Size: 2 Evaluations: 14
[Task: 61] Size: 3 Evaluations: 57
[Task: 61] Size: 4 Evaluations: 53
[Task: 61] Size: 5 Evaluations: 226
[Task: 61] Size: 6 Evaluations: 239
[Task: 61] Size: 7 Evaluations: 707
[Task: 61] Size: 8 Evaluations: 1436
[Task: 61] Size: 9 Evaluations: 3050
[Task: 61] Size: 10 Evaluations: 7282
[Task: 61] Benchmark: phone-9.sl
[Task: 61] Result: Success
[Task: 61] Program: name[1:].replace("-", ".",2).replace(" ", ".")
[Task: 61] Number of evaluations: 16841
[Task: 61] 2021-09-10 10:36:06.645263
[Task: 61] Time taken: 0:00:17.045475
[Task: 61] 
[Task: 62] Loading bustle model....
[Task: 62] Count: 62
[Task: 62] 
[Task: 62] 2021-09-10 10:35:49.595438
[Task: 62] Number of programs: 10
[Task: 62] Size: 0 Evaluations: 0
[Task: 62] Size: 1 Evaluations: 0
[Task: 62] Size: 2 Evaluations: 11
[Task: 62] Benchmark: phone.sl
[Task: 62] Result: Success
[Task: 62] Program: name[:3]
[Task: 62] Number of evaluations: 24
[Task: 62] 2021-09-10 10:35:49.845387
[Task: 62] Time taken: 0:00:00.247788
[Task: 62] 
[Task: 63] Loading bustle model....
[Task: 63] Count: 63
[Task: 63] 
[Task: 63] 2021-09-10 10:35:49.574576
[Task: 63] Number of programs: 9
[Task: 63] Size: 0 Evaluations: 0
[Task: 63] Size: 1 Evaluations: 0
[Task: 63] Size: 2 Evaluations: 11
[Task: 63] Size: 3 Evaluations: 19
[Task: 63] Size: 4 Evaluations: 15
[Task: 63] Benchmark: remove-file-extension-from-filename.sl
[Task: 63] Result: Success
[Task: 63] Program: _arg_0[:_arg_0.IndexOf(".")]
[Task: 63] Number of evaluations: 73
[Task: 63] 2021-09-10 10:35:49.968610
[Task: 63] Time taken: 0:00:00.393438
[Task: 63] 
[Task: 64] Loading bustle model....
[Task: 64] Count: 64
[Task: 64] 
[Task: 64] 2021-09-10 10:35:49.563243
[Task: 64] Number of programs: 8
[Task: 64] Size: 0 Evaluations: 0
[Task: 64] Size: 1 Evaluations: 0
[Task: 64] Size: 2 Evaluations: 11
[Task: 64] Size: 3 Evaluations: 13
[Task: 64] Size: 4 Evaluations: 6
[Task: 64] Size: 5 Evaluations: 27
[Task: 64] Size: 6 Evaluations: 18
[Task: 64] Size: 7 Evaluations: 47
[Task: 64] Size: 8 Evaluations: 80
[Task: 64] Size: 9 Evaluations: 136
[Task: 64] Size: 10 Evaluations: 244
[Task: 64] Size: 11 Evaluations: 401
[Task: 64] Size: 12 Evaluations: 695
[Task: 64] Size: 13 Evaluations: 1037
[Task: 64] Size: 14 Evaluations: 2031
[Task: 64] Size: 15 Evaluations: 3134
[Task: 64] Size: 16 Evaluations: 5875
[Task: 64] Size: 17 Evaluations: 9908
[Task: 64] Size: 18 Evaluations: 17554
[Task: 64] Size: 19 Evaluations: 31080
[Task: 64] Size: 20 Evaluations: 54411
[Task: 64] Size: 21 Evaluations: 97309
[Task: 64] Benchmark: remove-leading-and-trailing-spaces-from-text.sl
[Task: 64] Result: Success
[Task: 64] Program: _arg_0.replace(concat(" ", " "), "").replace(concat(" ", " "), " ")
[Task: 64] Number of evaluations: 287471
[Task: 64] 2021-09-10 10:38:16.896660
[Task: 64] Time taken: 0:02:27.331529
[Task: 64] 
[Task: 65] Loading bustle model....
[Task: 65] Count: 65
[Task: 65] 
[Task: 65] 2021-09-10 10:35:49.492050
[Task: 65] Number of programs: 9
[Task: 65] Size: 0 Evaluations: 0
[Task: 65] Size: 1 Evaluations: 0
[Task: 65] Size: 2 Evaluations: 10
[Task: 65] Size: 3 Evaluations: 19
[Task: 65] Size: 4 Evaluations: 28
[Task: 65] Benchmark: remove-text-by-matching.sl
[Task: 65] Result: Success
[Task: 65] Program: _arg_0.replace("-", "",-1)
[Task: 65] Number of evaluations: 108
[Task: 65] 2021-09-10 10:35:49.834976
[Task: 65] Time taken: 0:00:00.341310
[Task: 65] 
[Task: 66] Loading bustle model....
[Task: 66] Count: 66
[Task: 66] 
[Task: 66] 2021-09-10 10:35:49.684389
[Task: 66] Number of programs: 9
[Task: 66] Size: 0 Evaluations: 0
[Task: 66] Size: 1 Evaluations: 0
[Task: 66] Size: 2 Evaluations: 11
[Task: 66] Size: 3 Evaluations: 18
[Task: 66] Size: 4 Evaluations: 16
[Task: 66] Size: 5 Evaluations: 60
[Task: 66] Size: 6 Evaluations: 107
[Task: 66] Size: 7 Evaluations: 377
[Task: 66] Size: 8 Evaluations: 787
[Task: 66] Size: 9 Evaluations: 2732
[Task: 66] Size: 10 Evaluations: 6535
[Task: 66] Size: 11 Evaluations: 21566
[Task: 66] Size: 12 Evaluations: 57793
[Task: 66] Size: 13 Evaluations: 184487
[Task: 66] Benchmark: remove-text-by-position.sl
[Task: 66] Result: Success
[Task: 66] Program: _arg_0[concat(" ", _arg_0.replace("/", " ").replace("/", " ")).IndexOf("/"):]
[Task: 66] Number of evaluations: 702737
[Task: 66] 2021-09-10 10:40:14.864487
[Task: 66] Time taken: 0:04:25.180064
[Task: 66] 
[Task: 67] Loading bustle model....
[Task: 67] Count: 67
[Task: 67] 
[Task: 67] 2021-09-10 10:35:49.564043
[Task: 67] Number of programs: 9
[Task: 67] Size: 0 Evaluations: 0
[Task: 67] Size: 1 Evaluations: 0
[Task: 67] Size: 2 Evaluations: 12
[Task: 67] Size: 3 Evaluations: 20
[Task: 67] Size: 4 Evaluations: 5
[Task: 67] Size: 5 Evaluations: 46
[Task: 67] Size: 6 Evaluations: 16
[Task: 67] Size: 7 Evaluations: 91
[Task: 67] Size: 8 Evaluations: 100
[Task: 67] Size: 9 Evaluations: 209
[Task: 67] Size: 10 Evaluations: 373
[Task: 67] Benchmark: remove-unwanted-characters.sl
[Task: 67] Result: Success
[Task: 67] Program: _arg_0.replace(_arg_1.strip(), "",-1)
[Task: 67] Number of evaluations: 1179
[Task: 67] 2021-09-10 10:35:51.313947
[Task: 67] Time taken: 0:00:01.746033
[Task: 67] 
[Task: 68] Loading bustle model....
[Task: 68] Count: 68
[Task: 68] 
[Task: 68] 2021-09-10 10:35:49.569969
[Task: 68] Number of programs: 9
[Task: 68] Size: 0 Evaluations: 0
[Task: 68] Size: 1 Evaluations: 0
[Task: 68] Size: 2 Evaluations: 10
[Task: 68] Size: 3 Evaluations: 19
[Task: 68] Size: 4 Evaluations: 12
[Task: 68] Benchmark: replace-one-character-with-another.sl
[Task: 68] Result: Success
[Task: 68] Program: _arg_0.replace(" ", "-",-1)
[Task: 68] Number of evaluations: 62
[Task: 68] 2021-09-10 10:35:49.956473
[Task: 68] Time taken: 0:00:00.383067
[Task: 68] 
[Task: 69] Loading bustle model....
[Task: 69] Count: 69
[Task: 69] 
[Task: 69] 2021-09-10 10:35:49.498389
[Task: 69] Number of programs: 8
[Task: 69] Size: 0 Evaluations: 0
[Task: 69] Size: 1 Evaluations: 0
[Task: 69] Size: 2 Evaluations: 14
[Task: 69] Size: 3 Evaluations: 27
[Task: 69] Size: 4 Evaluations: 44
[Task: 69] Benchmark: reverse-name.sl
[Task: 69] Result: Success
[Task: 69] Program: concat(lastname, concat(" ", firstname))
[Task: 69] Number of evaluations: 112
[Task: 69] 2021-09-10 10:35:49.859373
[Task: 69] Time taken: 0:00:00.356914
[Task: 69] 
[Task: 70] Loading bustle model....
[Task: 70] Count: 70
[Task: 70] 
[Task: 70] 2021-09-10 10:35:49.545404
[Task: 70] Number of programs: 13
[Task: 70] Size: 0 Evaluations: 0
[Task: 70] Size: 1 Evaluations: 0
[Task: 70] Size: 2 Evaluations: 15
[Task: 70] Size: 3 Evaluations: 38
[Task: 70] Size: 4 Evaluations: 47
[Task: 70] Size: 5 Evaluations: 221
[Task: 70] Size: 6 Evaluations: 282
[Task: 70] Size: 7 Evaluations: 762
[Task: 70] Size: 8 Evaluations: 1391
[Task: 70] Size: 9 Evaluations: 3930
[Task: 70] Size: 10 Evaluations: 9197
[Task: 70] Size: 11 Evaluations: 21865
[Task: 70] Size: 12 Evaluations: 61397
[Task: 70] Benchmark: stackoverflow10.sl
[Task: 70] Result: Success
[Task: 70] Program: _arg_0[_arg_0.IndexOf(1.IntToStr(),(3 + _arg_0.IndexOf(" "))):][:4]
[Task: 70] Number of evaluations: 152858
[Task: 70] 2021-09-10 10:38:51.589245
[Task: 70] Time taken: 0:03:02.042221
[Task: 70] 
[Task: 71] Loading bustle model....
[Task: 71] Count: 71
[Task: 71] 
[Task: 71] 2021-09-10 10:35:49.514751
[Task: 71] Number of programs: 19
[Task: 71] Size: 0 Evaluations: 0
[Task: 71] Size: 1 Evaluations: 0
[Task: 71] Size: 2 Evaluations: 27
[Task: 71] Size: 3 Evaluations: 186
[Task: 71] Size: 4 Evaluations: 163
[Task: 71] Size: 5 Evaluations: 666
[Task: 71] Size: 6 Evaluations: 3841
[Task: 71] Size: 7 Evaluations: 20467
[Task: 71] Size: 8 Evaluations: 85157
[Task: 71] Size: 9 Evaluations: 444853
[Task: 71] Size: 10 Evaluations: 2226196
[Task: 71] Size: 11 Evaluations: 10606668
[Task: 72] Loading bustle model....
[Task: 72] Count: 72
[Task: 72] 
[Task: 72] 2021-09-10 10:35:49.546107
[Task: 72] Number of programs: 12
[Task: 72] Size: 0 Evaluations: 0
[Task: 72] Size: 1 Evaluations: 0
[Task: 72] Size: 2 Evaluations: 19
[Task: 72] Size: 3 Evaluations: 58
[Task: 72] Size: 4 Evaluations: 49
[Task: 72] Size: 5 Evaluations: 204
[Task: 72] Benchmark: stackoverflow1.sl
[Task: 72] Result: Success
[Task: 72] Program: _arg_0[:_arg_0.IndexOf("Inc")].strip()
[Task: 72] Number of evaluations: 715
[Task: 72] 2021-09-10 10:35:50.081384
[Task: 72] Time taken: 0:00:00.533760
[Task: 72] 
[Task: 73] Loading bustle model....
[Task: 73] Count: 73
[Task: 73] 
[Task: 73] 2021-09-10 10:45:21.878103
[Task: 73] Number of programs: 9
[Task: 73] Size: 0 Evaluations: 0
[Task: 73] Size: 1 Evaluations: 0
[Task: 73] Size: 2 Evaluations: 13
[Task: 73] Size: 3 Evaluations: 17
[Task: 73] Size: 4 Evaluations: 9
[Task: 73] Size: 5 Evaluations: 57
[Task: 73] Size: 6 Evaluations: 60
[Task: 73] Size: 7 Evaluations: 150
[Task: 73] Size: 8 Evaluations: 363
[Task: 73] Size: 9 Evaluations: 620
[Task: 73] Size: 10 Evaluations: 1494
[Task: 73] Benchmark: stackoverflow2.sl
[Task: 73] Result: Success
[Task: 73] Program: _arg_0[:_arg_0.IndexOf(" ",(-1 - _arg_0.IndexOf(" ")))]
[Task: 73] Number of evaluations: 4658
[Task: 73] 2021-09-10 10:45:23.868924
[Task: 73] Time taken: 0:00:01.988735
[Task: 73] 
[Task: 74] Loading bustle model....
[Task: 74] Count: 74
[Task: 74] 
[Task: 74] 2021-09-10 10:45:21.806529
[Task: 74] Number of programs: 13
[Task: 74] Size: 0 Evaluations: 0
[Task: 74] Size: 1 Evaluations: 0
[Task: 74] Size: 2 Evaluations: 15
[Task: 74] Size: 3 Evaluations: 37
[Task: 74] Size: 4 Evaluations: 55
[Task: 74] Size: 5 Evaluations: 233
[Task: 74] Size: 6 Evaluations: 555
[Task: 74] Size: 7 Evaluations: 2566
[Task: 74] Benchmark: stackoverflow3.sl
[Task: 74] Result: Success
[Task: 74] Program: _arg_0[3:][_arg_0.IndexOf("9"):].strip()
[Task: 74] Number of evaluations: 6512
[Task: 74] 2021-09-10 10:45:24.137715
[Task: 74] Time taken: 0:00:02.329863
[Task: 74] 
[Task: 75] Loading bustle model....
[Task: 75] Count: 75
[Task: 75] 
[Task: 75] 2021-09-10 10:45:22.004712
[Task: 75] Number of programs: 12
[Task: 75] Size: 0 Evaluations: 0
[Task: 75] Size: 1 Evaluations: 0
[Task: 75] Size: 2 Evaluations: 14
[Task: 75] Size: 3 Evaluations: 45
[Task: 75] Size: 4 Evaluations: 26
[Task: 75] Size: 5 Evaluations: 54
[Task: 75] Size: 6 Evaluations: 61
[Task: 75] Size: 7 Evaluations: 121
[Task: 75] Size: 8 Evaluations: 315
[Task: 75] Size: 9 Evaluations: 464
[Task: 75] Size: 10 Evaluations: 1142
[Task: 75] Benchmark: stackoverflow4.sl
[Task: 75] Result: Success
[Task: 75] Program: _arg_0[:-1].replace("<", " ").replace(",", " ",-1)
[Task: 75] Number of evaluations: 3967
[Task: 75] 2021-09-10 10:45:26.221103
[Task: 75] Time taken: 0:00:04.216628
[Task: 75] 
[Task: 76] Loading bustle model....
[Task: 76] Count: 76
[Task: 76] 
[Task: 76] 2021-09-10 10:45:21.967984
[Task: 76] Number of programs: 13
[Task: 76] Size: 0 Evaluations: 0
[Task: 76] Size: 1 Evaluations: 0
[Task: 76] Size: 2 Evaluations: 17
[Task: 76] Size: 3 Evaluations: 63
[Task: 76] Size: 4 Evaluations: 67
[Task: 76] Size: 5 Evaluations: 152
[Task: 76] Size: 6 Evaluations: 477
[Task: 76] Benchmark: stackoverflow5.sl
[Task: 76] Result: Success
[Task: 76] Program: _arg_0[:(-1 + _arg_0.IndexOf("1"))]
[Task: 76] Number of evaluations: 1649
[Task: 76] 2021-09-10 10:45:23.427743
[Task: 76] Time taken: 0:00:01.459754
[Task: 76] 
[Task: 77] Loading bustle model....
[Task: 77] Count: 77
[Task: 77] 
[Task: 77] 2021-09-10 10:45:21.809925
[Task: 77] Number of programs: 10
[Task: 77] Size: 0 Evaluations: 0
[Task: 77] Size: 1 Evaluations: 0
[Task: 77] Size: 2 Evaluations: 13
[Task: 77] Size: 3 Evaluations: 27
[Task: 77] Size: 4 Evaluations: 37
[Task: 77] Size: 5 Evaluations: 130
[Task: 77] Size: 6 Evaluations: 354
[Task: 77] Size: 7 Evaluations: 1165
[Task: 77] Size: 8 Evaluations: 3710
[Task: 77] Size: 9 Evaluations: 12610
[Task: 77] Size: 10 Evaluations: 42960
[Task: 77] Size: 11 Evaluations: 149717
[Task: 77] Size: 12 Evaluations: 525217
[Task: 77] Size: 13 Evaluations: 1870439
[Task: 77] Size: 14 Evaluations: 6717101
[Task: 78] Loading bustle model....
[Task: 78] Count: 78
[Task: 78] 
[Task: 78] 2021-09-10 10:45:21.802219
[Task: 78] Number of programs: 9
[Task: 78] Size: 0 Evaluations: 0
[Task: 78] Size: 1 Evaluations: 0
[Task: 78] Size: 2 Evaluations: 14
[Task: 78] Size: 3 Evaluations: 26
[Task: 78] Size: 4 Evaluations: 25
[Task: 78] Size: 5 Evaluations: 105
[Task: 78] Size: 6 Evaluations: 155
[Task: 78] Size: 7 Evaluations: 347
[Task: 78] Size: 8 Evaluations: 645
[Task: 78] Size: 9 Evaluations: 1174
[Task: 78] Size: 10 Evaluations: 2237
[Task: 78] Benchmark: stackoverflow7.sl
[Task: 78] Result: Success
[Task: 78] Program: _arg_0.replace(_arg_1.strip(), "").strip()
[Task: 78] Number of evaluations: 5513
[Task: 78] 2021-09-10 10:45:24.078967
[Task: 78] Time taken: 0:00:02.276672
[Task: 78] 
[Task: 79] Loading bustle model....
[Task: 79] Count: 79
[Task: 79] 
[Task: 79] 2021-09-10 10:45:21.827569
[Task: 79] Number of programs: 12
[Task: 79] Size: 0 Evaluations: 0
[Task: 79] Size: 1 Evaluations: 0
[Task: 79] Size: 2 Evaluations: 15
[Task: 79] Size: 3 Evaluations: 34
[Task: 79] Size: 4 Evaluations: 39
[Task: 79] Size: 5 Evaluations: 204
[Task: 79] Size: 6 Evaluations: 387
[Task: 79] Size: 7 Evaluations: 2175
[Task: 79] Benchmark: stackoverflow8.sl
[Task: 79] Result: Success
[Task: 79] Program: _arg_0[_arg_0.IndexOf(_arg_0[-1:].upper()):]
[Task: 79] Number of evaluations: 6657
[Task: 79] 2021-09-10 10:45:23.331475
[Task: 79] Time taken: 0:00:01.502567
[Task: 79] 
[Task: 80] Loading bustle model....
[Task: 80] Count: 80
[Task: 80] 
[Task: 80] 2021-09-10 10:45:21.872425
[Task: 80] Number of programs: 8
[Task: 80] Size: 0 Evaluations: 0
[Task: 80] Size: 1 Evaluations: 0
[Task: 80] Size: 2 Evaluations: 11
[Task: 80] Size: 3 Evaluations: 13
[Task: 80] Size: 4 Evaluations: 14
[Task: 80] Size: 5 Evaluations: 43
[Task: 80] Size: 6 Evaluations: 81
[Task: 80] Size: 7 Evaluations: 225
[Task: 80] Size: 8 Evaluations: 463
[Task: 80] Size: 9 Evaluations: 1414
[Task: 80] Size: 10 Evaluations: 3114
[Task: 80] Benchmark: stackoverflow9.sl
[Task: 80] Result: Success
[Task: 80] Program: _arg_0[(1 + _arg_0.replace(" ", "").IndexOf(" ")):].strip()
[Task: 80] Number of evaluations: 9120
[Task: 80] 2021-09-10 10:45:24.739953
[Task: 80] Time taken: 0:00:02.867463
[Task: 80] 
[Task: 81] Loading bustle model....
[Task: 81] Count: 81
[Task: 81] 
[Task: 81] 2021-09-10 10:45:21.832811
[Task: 81] Number of programs: 11
[Task: 81] Size: 0 Evaluations: 0
[Task: 81] Size: 1 Evaluations: 0
[Task: 81] Size: 2 Evaluations: 14
[Task: 81] Size: 3 Evaluations: 30
[Task: 81] Size: 4 Evaluations: 31
[Task: 81] Size: 5 Evaluations: 54
[Task: 81] Size: 6 Evaluations: 52
[Task: 81] Size: 7 Evaluations: 95
[Task: 81] Size: 8 Evaluations: 130
[Task: 81] Size: 9 Evaluations: 218
[Task: 81] Benchmark: strip-html-from-text-or-numbers.sl
[Task: 81] Result: Success
[Task: 81] Program: _arg_0.Substr(_arg_0.IndexOf(0.IntToStr()),_arg_0.IndexOf("<",1))
[Task: 81] Number of evaluations: 926
[Task: 81] 2021-09-10 10:45:22.782707
[Task: 81] Time taken: 0:00:00.947450
[Task: 81] 
[Task: 82] Loading bustle model....
[Task: 82] Count: 82
[Task: 82] 
[Task: 82] 2021-09-10 10:45:21.844675
[Task: 82] Number of programs: 20
[Task: 82] Size: 0 Evaluations: 0
[Task: 82] Size: 1 Evaluations: 0
[Task: 82] Size: 2 Evaluations: 19
[Task: 82] Size: 3 Evaluations: 68
[Task: 82] Size: 4 Evaluations: 101
[Task: 82] Size: 5 Evaluations: 593
[Task: 82] Size: 6 Evaluations: 691
[Task: 82] Size: 7 Evaluations: 3002
[Task: 82] Size: 8 Evaluations: 5555
[Task: 82] Size: 9 Evaluations: 24949
[Task: 82] Size: 10 Evaluations: 78679
[Task: 82] Size: 11 Evaluations: 350078
[Task: 82] Size: 12 Evaluations: 817912
[Task: 82] Size: 13 Evaluations: 3493746
[Task: 82] Benchmark: strip-non-numeric-characters.sl
[Task: 82] Result: Success
[Task: 82] Program: concat(_arg_0[(5 + 9):].replace("%", ""), _arg_0)[:_arg_0.IndexOf(" ")]
[Task: 82] Number of evaluations: 7173107
[Task: 82] 2021-09-10 11:27:10.805490
[Task: 82] Time taken: 0:41:48.960957
[Task: 82] 
[Task: 83] Loading bustle model....
[Task: 83] Count: 83
[Task: 83] 
[Task: 83] 2021-09-10 10:45:21.816178
[Task: 83] Number of programs: 18
[Task: 83] Size: 0 Evaluations: 0
[Task: 83] Size: 1 Evaluations: 0
[Task: 83] Size: 2 Evaluations: 18
[Task: 83] Size: 3 Evaluations: 61
[Task: 83] Size: 4 Evaluations: 49
[Task: 83] Size: 5 Evaluations: 366
[Task: 83] Size: 6 Evaluations: 182
[Task: 83] Size: 7 Evaluations: 1940
[Task: 83] Size: 8 Evaluations: 2091
[Task: 83] Size: 9 Evaluations: 22035
[Task: 83] Size: 10 Evaluations: 31812
[Task: 83] Size: 11 Evaluations: 304417
[Task: 83] Size: 12 Evaluations: 686811
[Task: 83] Size: 13 Evaluations: 6289184
[Task: 84] Loading bustle model....
[Task: 84] Count: 84
[Task: 84] 
[Task: 84] 2021-09-10 10:45:21.791586
[Task: 84] Number of programs: 9
[Task: 84] Size: 0 Evaluations: 0
[Task: 84] Size: 1 Evaluations: 0
[Task: 84] Size: 2 Evaluations: 15
[Task: 84] Size: 3 Evaluations: 37
[Task: 84] Size: 4 Evaluations: 65
[Task: 84] Size: 5 Evaluations: 184
[Task: 84] Size: 6 Evaluations: 478
[Task: 84] Benchmark: univ_1.sl
[Task: 84] Result: Success
[Task: 84] Program: concat(col1, concat(",", concat(" ", col2)))
[Task: 84] Number of evaluations: 799
[Task: 84] 2021-09-10 10:45:22.632908
[Task: 84] Time taken: 0:00:00.841244
[Task: 84] 
[Task: 85] Loading bustle model....
[Task: 85] Count: 85
[Task: 85] 
[Task: 85] 2021-09-10 10:45:21.820531
[Task: 85] Number of programs: 15
[Task: 85] Size: 0 Evaluations: 0
[Task: 85] Size: 1 Evaluations: 0
[Task: 85] Size: 2 Evaluations: 29
[Task: 85] Size: 3 Evaluations: 135
[Task: 85] Size: 4 Evaluations: 130
[Task: 85] Size: 5 Evaluations: 452
[Task: 85] Size: 6 Evaluations: 781
[Task: 85] Size: 7 Evaluations: 1559
[Task: 85] Size: 8 Evaluations: 2713
[Task: 85] Size: 9 Evaluations: 5254
[Task: 85] Size: 10 Evaluations: 10719
[Task: 85] Size: 11 Evaluations: 22238
[Task: 85] Size: 12 Evaluations: 50028
[Task: 85] Size: 13 Evaluations: 104446
[Task: 85] Size: 14 Evaluations: 225318
[Task: 85] Size: 15 Evaluations: 459008
[Task: 85] Size: 16 Evaluations: 956852
[Task: 85] Size: 17 Evaluations: 1953611
[Task: 85] Size: 18 Evaluations: 4053547
[Task: 86] Loading bustle model....
[Task: 86] Count: 86
[Task: 86] 
[Task: 86] 2021-09-10 10:45:21.817950
[Task: 86] Number of programs: 15
[Task: 86] Size: 0 Evaluations: 0
[Task: 86] Size: 1 Evaluations: 0
[Task: 86] Size: 2 Evaluations: 29
[Task: 86] Size: 3 Evaluations: 136
[Task: 86] Size: 4 Evaluations: 230
[Task: 86] Size: 5 Evaluations: 1038
[Task: 86] Size: 6 Evaluations: 3365
[Task: 86] Size: 7 Evaluations: 12193
[Task: 86] Size: 8 Evaluations: 43246
[Task: 86] Size: 9 Evaluations: 170174
[Task: 86] Size: 10 Evaluations: 653955
[Task: 86] Size: 11 Evaluations: 2516201
[Task: 87] Loading bustle model....
[Task: 87] Count: 87
[Task: 87] 
[Task: 87] 2021-09-10 10:46:14.844581
[Task: 87] Number of programs: 16
[Task: 87] Size: 0 Evaluations: 0
[Task: 87] Size: 1 Evaluations: 0
[Task: 87] Size: 2 Evaluations: 33
[Task: 87] Size: 3 Evaluations: 169
[Task: 87] Size: 4 Evaluations: 297
[Task: 87] Size: 5 Evaluations: 1438
[Task: 87] Size: 6 Evaluations: 5444
[Task: 87] Size: 7 Evaluations: 18783
[Task: 87] Size: 8 Evaluations: 80537
[Task: 87] Size: 9 Evaluations: 348110
[Task: 87] Size: 10 Evaluations: 1419988
[Task: 88] Loading bustle model....
[Task: 88] Count: 88
[Task: 88] 
[Task: 88] 2021-09-10 10:46:14.850710
[Task: 88] Number of programs: 36
[Task: 88] Size: 0 Evaluations: 0
[Task: 88] Size: 1 Evaluations: 0
[Task: 88] Size: 2 Evaluations: 71
[Task: 88] Size: 3 Evaluations: 1007
[Task: 88] Size: 4 Evaluations: 1987
[Task: 88] Size: 5 Evaluations: 7945
[Task: 88] Size: 6 Evaluations: 45748
[Task: 88] Size: 7 Evaluations: 248208
[Task: 88] Size: 8 Evaluations: 1360298
