[Task: 0] Loading bustle model....
[Task: 0] Count: 0
[Task: 0] 
[Task: 0] 2021-09-16 18:55:18.252546
[Task: 0] Number of programs: 10
[Task: 0] Size: 0 Evaluations: 0
[Task: 0] Size: 1 Evaluations: 0
[Task: 0] Size: 2 Evaluations: 17
[Task: 0] Size: 3 Evaluations: 35
[Task: 0] Size: 4 Evaluations: 40
[Task: 0] Size: 5 Evaluations: 164
[Task: 0] Size: 6 Evaluations: 361
[Task: 0] Size: 7 Evaluations: 1138
[Task: 0] Benchmark: 11440431.sl
[Task: 0] Result: Success
[Task: 0] Program: _arg_0.replace("US", "").replace("CAN", "").strip()
[Task: 0] Number of evaluations: 3306
[Task: 0] 2021-09-16 18:55:19.669895
[Task: 0] Time taken: 0:00:01.417310
[Task: 0] 
[Task: 1] Loading bustle model....
[Task: 1] Count: 1
[Task: 1] 
[Task: 1] 2021-09-16 18:55:18.287684
[Task: 1] Number of programs: 10
[Task: 1] Size: 0 Evaluations: 0
[Task: 1] Size: 1 Evaluations: 0
[Task: 1] Size: 2 Evaluations: 12
[Task: 1] Size: 3 Evaluations: 20
[Task: 1] Size: 4 Evaluations: 32
[Task: 1] Size: 5 Evaluations: 71
[Task: 1] Size: 6 Evaluations: 82
[Task: 1] Size: 7 Evaluations: 199
[Task: 1] Size: 8 Evaluations: 226
[Task: 1] Size: 9 Evaluations: 623
[Task: 1] Size: 10 Evaluations: 903
[Task: 1] Size: 11 Evaluations: 2197
[Task: 1] Size: 12 Evaluations: 3857
[Task: 1] Benchmark: 11604909.sl
[Task: 1] Result: Success
[Task: 1] Program: _arg_0[(-1 + _arg_0.IndexOf(".")):][:(1 + (1 + 1))]
[Task: 1] Number of evaluations: 11703
[Task: 1] 2021-09-16 18:55:26.182182
[Task: 1] Time taken: 0:00:07.894432
[Task: 1] 
[Task: 2] Loading bustle model....
[Task: 2] Count: 2
[Task: 2] 
[Task: 2] 2021-09-16 18:55:18.255355
[Task: 2] Number of programs: 9
[Task: 2] Size: 0 Evaluations: 0
[Task: 2] Size: 1 Evaluations: 0
[Task: 2] Size: 2 Evaluations: 10
[Task: 2] Size: 3 Evaluations: 16
[Task: 2] Size: 4 Evaluations: 21
[Task: 2] Size: 5 Evaluations: 49
[Task: 2] Size: 6 Evaluations: 53
[Task: 2] Size: 7 Evaluations: 164
[Task: 2] Size: 8 Evaluations: 217
[Task: 2] Size: 9 Evaluations: 470
[Task: 2] Size: 10 Evaluations: 823
[Task: 2] Size: 11 Evaluations: 1666
[Task: 2] Size: 12 Evaluations: 2919
[Task: 2] Size: 13 Evaluations: 5572
[Task: 2] Benchmark: 17212077.sl
[Task: 2] Result: Success
[Task: 2] Program: _arg_0[:(1 + 1)] + "/" + _arg_0[(-1 + (-1 + (-1 + -1))):]
[Task: 2] Number of evaluations: 19584
[Task: 2] 2021-09-16 18:55:27.405015
[Task: 2] Time taken: 0:00:09.149623
[Task: 2] 
[Task: 3] Loading bustle model....
[Task: 3] Count: 3
[Task: 3] 
[Task: 3] 2021-09-16 18:55:18.287661
[Task: 3] Number of programs: 8
[Task: 3] Size: 0 Evaluations: 0
[Task: 3] Size: 1 Evaluations: 0
[Task: 3] Size: 2 Evaluations: 11
[Task: 3] Size: 3 Evaluations: 14
[Task: 3] Size: 4 Evaluations: 12
[Task: 3] Size: 5 Evaluations: 36
[Task: 3] Size: 6 Evaluations: 48
[Task: 3] Benchmark: 2171308.sl
[Task: 3] Result: Success
[Task: 3] Program: _arg_0[:1] + "" + _arg_0[_arg_0.IndexOf(" "):]
[Task: 3] Number of evaluations: 177
[Task: 3] 2021-09-16 18:55:18.989910
[Task: 3] Time taken: 0:00:00.702178
[Task: 3] 
[Task: 4] Loading bustle model....
[Task: 4] Count: 4
[Task: 4] 
[Task: 4] 2021-09-16 18:55:18.267808
[Task: 4] Number of programs: 14
[Task: 4] Size: 0 Evaluations: 0
[Task: 4] Size: 1 Evaluations: 0
[Task: 4] Size: 2 Evaluations: 30
[Task: 4] Size: 3 Evaluations: 99
[Task: 4] Size: 4 Evaluations: 38
[Task: 4] Size: 5 Evaluations: 180
[Task: 4] Size: 6 Evaluations: 359
[Task: 4] Size: 7 Evaluations: 622
[Task: 4] Size: 8 Evaluations: 1522
[Task: 4] Size: 9 Evaluations: 3361
[Task: 4] Benchmark: 25239569.sl
[Task: 4] Result: Success
[Task: 4] Program: _arg_0.replace("BRD", "Branding").replace("DRS", "Direct Response").replace("LDS", "Leads")
[Task: 4] Number of evaluations: 9503
[Task: 4] 2021-09-16 18:55:21.243740
[Task: 4] Time taken: 0:00:02.975885
[Task: 4] 
[Task: 5] Loading bustle model....
[Task: 5] Count: 5
[Task: 5] 
[Task: 5] 2021-09-16 18:55:18.239663
[Task: 5] Number of programs: 10
[Task: 5] Size: 0 Evaluations: 0
[Task: 5] Size: 1 Evaluations: 0
[Task: 5] Size: 2 Evaluations: 13
[Task: 5] Size: 3 Evaluations: 27
[Task: 5] Size: 4 Evaluations: 28
[Task: 5] Size: 5 Evaluations: 102
[Task: 5] Benchmark: 28627624_1.sl
[Task: 5] Result: Success
[Task: 5] Program: _arg_0[:_arg_0.IndexOf("-")].strip()
[Task: 5] Number of evaluations: 288
[Task: 5] 2021-09-16 18:55:18.947332
[Task: 5] Time taken: 0:00:00.707587
[Task: 5] 
[Task: 6] Loading bustle model....
[Task: 6] Count: 6
[Task: 6] 
[Task: 6] 2021-09-16 18:57:39.651287
[Task: 6] Number of programs: 9
[Task: 6] Size: 0 Evaluations: 0
[Task: 6] Size: 1 Evaluations: 0
[Task: 6] Size: 2 Evaluations: 11
[Task: 6] Size: 3 Evaluations: 18
[Task: 6] Size: 4 Evaluations: 15
[Task: 6] Size: 5 Evaluations: 65
[Task: 6] Size: 6 Evaluations: 99
[Task: 6] Benchmark: 30732554.sl
[Task: 6] Result: Success
[Task: 6] Program: _arg_0[:concat(_arg_0, "|").IndexOf("|")]
[Task: 6] Number of evaluations: 368
[Task: 6] 2021-09-16 18:57:40.403145
[Task: 6] Time taken: 0:00:00.750285
[Task: 6] 
[Task: 7] Loading bustle model....
[Task: 7] Count: 7
[Task: 7] 
[Task: 7] 2021-09-16 18:57:39.647320
[Task: 7] Number of programs: 13
[Task: 7] Size: 0 Evaluations: 0
[Task: 7] Size: 1 Evaluations: 0
[Task: 7] Size: 2 Evaluations: 15
[Task: 7] Size: 3 Evaluations: 37
[Task: 7] Size: 4 Evaluations: 25
[Task: 7] Size: 5 Evaluations: 176
[Task: 7] Size: 6 Evaluations: 256
[Task: 7] Size: 7 Evaluations: 549
[Task: 7] Size: 8 Evaluations: 3176
[Task: 7] Size: 9 Evaluations: 5107
[Task: 7] Size: 10 Evaluations: 23694
[Task: 7] Size: 11 Evaluations: 63654
[Task: 7] Size: 12 Evaluations: 132376
[Task: 7] Size: 13 Evaluations: 678689
[Task: 7] Size: 14 Evaluations: 1601135
[Task: 7] Size: 15 Evaluations: 5444299
[Task: 8] Loading bustle model....
[Task: 8] Count: 8
[Task: 8] 
[Task: 8] 2021-09-16 18:57:39.731585
[Task: 8] Number of programs: 12
[Task: 8] Size: 0 Evaluations: 0
[Task: 8] Size: 1 Evaluations: 0
[Task: 8] Size: 2 Evaluations: 26
[Task: 8] Size: 3 Evaluations: 68
[Task: 8] Size: 4 Evaluations: 90
[Task: 8] Size: 5 Evaluations: 318
[Task: 8] Size: 6 Evaluations: 1082
[Task: 8] Size: 7 Evaluations: 3069
[Task: 8] Size: 8 Evaluations: 11857
[Task: 8] Size: 9 Evaluations: 40697
[Task: 8] Size: 10 Evaluations: 145121
[Task: 8] Benchmark: 33619752.sl
[Task: 8] Result: Success
[Task: 8] Program: _arg_0[:concat(_arg_0, " ").IndexOf(" ",(1 + "Company".Length()))]
[Task: 8] Number of evaluations: 580668
[Task: 8] 2021-09-16 19:00:31.840136
[Task: 8] Time taken: 0:02:52.108484
[Task: 8] 
[Task: 9] Loading bustle model....
[Task: 9] Count: 9
[Task: 9] 
[Task: 9] 2021-09-16 18:57:39.658764
[Task: 9] Number of programs: 10
[Task: 9] Size: 0 Evaluations: 0
[Task: 9] Size: 1 Evaluations: 0
[Task: 9] Size: 2 Evaluations: 16
[Task: 9] Size: 3 Evaluations: 33
[Task: 9] Size: 4 Evaluations: 40
[Task: 9] Size: 5 Evaluations: 136
[Task: 9] Benchmark: 34801680.sl
[Task: 9] Result: Success
[Task: 9] Program: _arg_0[_arg_0.IndexOf(" "):].strip()
[Task: 9] Number of evaluations: 386
[Task: 9] 2021-09-16 18:57:40.275354
[Task: 9] Time taken: 0:00:00.616551
[Task: 9] 
[Task: 10] Loading bustle model....
[Task: 10] Count: 10
[Task: 10] 
[Task: 10] 2021-09-16 18:57:39.626398
[Task: 10] Number of programs: 10
[Task: 10] Size: 0 Evaluations: 0
[Task: 10] Size: 1 Evaluations: 0
[Task: 10] Size: 2 Evaluations: 17
[Task: 10] Size: 3 Evaluations: 31
[Task: 10] Size: 4 Evaluations: 50
[Task: 10] Benchmark: 35016216.sl
[Task: 10] Result: Success
[Task: 10] Program: _arg_0.replace(_arg_0.lower(), _arg_1)
[Task: 10] Number of evaluations: 162
[Task: 10] 2021-09-16 18:57:40.200737
[Task: 10] Time taken: 0:00:00.574321
[Task: 10] 
[Task: 11] Loading bustle model....
[Task: 11] Count: 11
[Task: 11] 
[Task: 11] 2021-09-16 18:57:39.697274
[Task: 11] Number of programs: 13
[Task: 11] Size: 0 Evaluations: 0
[Task: 11] Size: 1 Evaluations: 0
[Task: 11] Size: 2 Evaluations: 23
[Task: 11] Size: 3 Evaluations: 81
[Task: 11] Size: 4 Evaluations: 81
[Task: 11] Size: 5 Evaluations: 370
[Task: 11] Size: 6 Evaluations: 802
[Task: 11] Size: 7 Evaluations: 1837
[Task: 11] Size: 8 Evaluations: 4342
[Task: 11] Size: 9 Evaluations: 8913
[Task: 11] Size: 10 Evaluations: 20320
[Task: 11] Size: 11 Evaluations: 43893
[Task: 11] Size: 12 Evaluations: 111238
[Task: 11] Size: 13 Evaluations: 282488
[Task: 11] Size: 14 Evaluations: 796029
[Task: 11] Size: 15 Evaluations: 2387975
[Task: 12] Loading bustle model....
[Task: 12] Count: 12
[Task: 12] 
[Task: 12] 2021-09-16 18:57:39.641119
[Task: 12] Number of programs: 9
[Task: 12] Size: 0 Evaluations: 0
[Task: 12] Size: 1 Evaluations: 0
[Task: 12] Size: 2 Evaluations: 11
[Task: 12] Size: 3 Evaluations: 18
[Task: 12] Size: 4 Evaluations: 13
[Task: 12] Size: 5 Evaluations: 65
[Task: 12] Size: 6 Evaluations: 92
[Task: 12] Size: 7 Evaluations: 349
[Task: 12] Size: 8 Evaluations: 637
[Task: 12] Size: 9 Evaluations: 2452
[Task: 12] Size: 10 Evaluations: 5097
[Task: 12] Size: 11 Evaluations: 18570
[Task: 12] Size: 12 Evaluations: 43351
[Task: 12] Benchmark: 36462127.sl
[Task: 12] Result: Success
[Task: 12] Program: _arg_0[(-1 - (1 + _arg_0.IndexOf("/"))):].replace("/", "")
[Task: 12] Number of evaluations: 149185
[Task: 12] 2021-09-16 18:58:18.816021
[Task: 12] Time taken: 0:00:39.174855
[Task: 12] 
[Task: 13] Loading bustle model....
[Task: 13] Count: 13
[Task: 13] 
[Task: 13] 2021-09-16 21:47:45.501494
[Task: 13] Number of programs: 10
[Task: 13] Size: 0 Evaluations: 0
[Task: 13] Size: 1 Evaluations: 0
[Task: 13] Size: 2 Evaluations: 18
[Task: 13] Size: 3 Evaluations: 35
[Task: 13] Size: 4 Evaluations: 34
[Task: 13] Size: 5 Evaluations: 158
[Task: 13] Size: 6 Evaluations: 276
[Task: 13] Size: 7 Evaluations: 574
[Task: 13] Size: 8 Evaluations: 1180
[Task: 13] Size: 9 Evaluations: 2447
[Task: 13] Benchmark: 37534494.sl
[Task: 13] Result: Success
[Task: 13] Program: (if_arg_0.Contain(_arg_2) then _arg_0 else _arg_1)
[Task: 13] Number of evaluations: 6091
[Task: 13] 2021-09-16 21:47:47.891739
[Task: 13] Time taken: 0:00:02.390189
[Task: 13] 
[Task: 14] Loading bustle model....
[Task: 14] Count: 14
[Task: 14] 
[Task: 14] 2021-09-16 21:47:45.479142
[Task: 14] Number of programs: 9
[Task: 14] Size: 0 Evaluations: 0
[Task: 14] Size: 1 Evaluations: 0
[Task: 14] Size: 2 Evaluations: 13
[Task: 14] Size: 3 Evaluations: 25
[Task: 14] Size: 4 Evaluations: 16
[Task: 14] Size: 5 Evaluations: 84
[Task: 14] Size: 6 Evaluations: 119
[Task: 14] Size: 7 Evaluations: 449
[Task: 14] Size: 8 Evaluations: 997
[Task: 14] Size: 9 Evaluations: 2866
[Task: 14] Size: 10 Evaluations: 7606
[Task: 14] Size: 11 Evaluations: 21569
[Task: 14] Benchmark: 38664547.sl
[Task: 14] Result: Success
[Task: 14] Program: _arg_0.replace("that", "".strip().replace(_arg_0.replace("that", ""), "that",-1))
[Task: 14] Number of evaluations: 56873
[Task: 14] 2021-09-16 21:48:07.548007
[Task: 14] Time taken: 0:00:22.068797
[Task: 14] 
[Task: 15] Loading bustle model....
[Task: 15] Count: 15
[Task: 15] 
[Task: 15] 2021-09-16 21:49:41.999578
[Task: 15] Number of programs: 10
[Task: 15] Size: 0 Evaluations: 0
[Task: 15] Size: 1 Evaluations: 0
[Task: 15] Size: 2 Evaluations: 13
[Task: 15] Size: 3 Evaluations: 27
[Task: 15] Size: 4 Evaluations: 15
[Task: 15] Size: 5 Evaluations: 52
[Task: 15] Size: 6 Evaluations: 13
[Task: 15] Size: 7 Evaluations: 49
[Task: 15] Size: 8 Evaluations: 52
[Task: 15] Size: 9 Evaluations: 137
[Task: 15] Size: 10 Evaluations: 283
[Task: 15] Size: 11 Evaluations: 653
[Task: 15] Size: 12 Evaluations: 1085
[Task: 15] Size: 13 Evaluations: 1618
[Task: 15] Benchmark: 38871714.sl
[Task: 15] Result: Success
[Task: 15] Program: _arg_0.replace("<", "",-1).replace(">", "",-1)
[Task: 15] Number of evaluations: 5472
[Task: 15] 2021-09-16 21:49:44.371436
[Task: 15] Time taken: 0:00:02.371831
[Task: 15] 
[Task: 16] Loading bustle model....
[Task: 16] Count: 16
[Task: 16] 
[Task: 16] 2021-09-16 21:49:42.026246
[Task: 16] Number of programs: 9
[Task: 16] Size: 0 Evaluations: 0
[Task: 16] Size: 1 Evaluations: 0
[Task: 16] Size: 2 Evaluations: 12
[Task: 16] Size: 3 Evaluations: 20
[Task: 16] Size: 4 Evaluations: 10
[Task: 16] Size: 5 Evaluations: 45
[Task: 16] Size: 6 Evaluations: 21
[Task: 16] Size: 7 Evaluations: 109
[Task: 16] Size: 8 Evaluations: 69
[Task: 16] Size: 9 Evaluations: 395
[Task: 16] Size: 10 Evaluations: 368
[Task: 16] Size: 11 Evaluations: 1255
[Task: 16] Size: 12 Evaluations: 1733
[Task: 16] Size: 13 Evaluations: 4145
[Task: 16] Size: 14 Evaluations: 7171
[Task: 16] Size: 15 Evaluations: 15075
[Task: 16] Size: 16 Evaluations: 31252
[Task: 16] Size: 17 Evaluations: 61611
[Task: 16] Size: 18 Evaluations: 140969
[Task: 16] Benchmark: 39060015.sl
[Task: 16] Result: Success
[Task: 16] Program: _arg_0.replace("/", _arg_0[:_arg_0.IndexOf("/")],-1)[_arg_0.Length():]
[Task: 16] Number of evaluations: 418456
[Task: 16] 2021-09-16 21:51:48.240039
[Task: 16] Time taken: 0:02:06.213783
[Task: 16] 
[Task: 17] Loading bustle model....
[Task: 17] Count: 17
[Task: 17] 
[Task: 17] 2021-09-16 21:49:42.039013
[Task: 17] Number of programs: 9
[Task: 17] Size: 0 Evaluations: 0
[Task: 17] Size: 1 Evaluations: 0
[Task: 17] Size: 2 Evaluations: 14
[Task: 17] Size: 3 Evaluations: 24
[Task: 17] Size: 4 Evaluations: 30
[Task: 17] Size: 5 Evaluations: 87
[Task: 17] Size: 6 Evaluations: 192
[Task: 17] Size: 7 Evaluations: 553
[Task: 17] Size: 8 Evaluations: 1422
[Task: 17] Size: 9 Evaluations: 4178
[Task: 17] Benchmark: 41503046.sl
[Task: 17] Result: Success
[Task: 17] Program: _arg_0[:_arg_0.IndexOf(" ",("ssp.".Length() + "ssp.".Length()))]
[Task: 17] Number of evaluations: 14096
[Task: 17] 2021-09-16 21:49:46.847864
[Task: 17] Time taken: 0:00:04.805145
[Task: 17] 
[Task: 18] Loading bustle model....
[Task: 18] Count: 18
[Task: 18] 
[Task: 18] 2021-09-16 21:49:42.041428
[Task: 18] Number of programs: 17
[Task: 18] Size: 0 Evaluations: 0
[Task: 18] Size: 1 Evaluations: 0
[Task: 18] Size: 2 Evaluations: 28
[Task: 18] Size: 3 Evaluations: 153
[Task: 18] Size: 4 Evaluations: 153
[Task: 18] Size: 5 Evaluations: 591
[Task: 18] Size: 6 Evaluations: 1535
[Task: 18] Size: 7 Evaluations: 3884
[Task: 18] Size: 8 Evaluations: 9595
[Task: 18] Size: 9 Evaluations: 25138
[Task: 18] Size: 10 Evaluations: 67308
[Task: 18] Size: 11 Evaluations: 165914
[Task: 18] Size: 12 Evaluations: 462773
[Task: 18] Size: 13 Evaluations: 1207879
[Task: 18] Size: 14 Evaluations: 3412079
[Task: 19] Loading bustle model....
[Task: 19] Count: 19
[Task: 19] 
[Task: 19] 2021-09-16 21:49:42.075859
[Task: 19] Number of programs: 9
[Task: 19] Size: 0 Evaluations: 0
[Task: 19] Size: 1 Evaluations: 0
[Task: 19] Size: 2 Evaluations: 11
[Task: 19] Size: 3 Evaluations: 17
[Task: 19] Size: 4 Evaluations: 6
[Task: 19] Size: 5 Evaluations: 32
[Task: 19] Size: 6 Evaluations: 23
[Task: 19] Size: 7 Evaluations: 103
[Task: 19] Size: 8 Evaluations: 129
[Task: 19] Size: 9 Evaluations: 428
[Task: 19] Size: 10 Evaluations: 677
[Task: 19] Size: 11 Evaluations: 2038
[Task: 19] Size: 12 Evaluations: 3999
[Task: 19] Size: 13 Evaluations: 11503
[Task: 19] Benchmark: 43606446.sl
[Task: 19] Result: Success
[Task: 19] Program: _arg_0[:-1][(-1 - (1 + 1)):]
[Task: 19] Number of evaluations: 37719
[Task: 19] 2021-09-16 21:49:57.412499
[Task: 19] Time taken: 0:00:15.336581
[Task: 19] 
[Task: 20] Loading bustle model....
[Task: 20] Count: 20
[Task: 20] 
[Task: 20] 2021-09-16 21:49:42.035505
[Task: 20] Number of programs: 11
[Task: 20] Size: 0 Evaluations: 0
[Task: 20] Size: 1 Evaluations: 0
[Task: 20] Size: 2 Evaluations: 22
[Task: 20] Size: 3 Evaluations: 47
[Task: 20] Size: 4 Evaluations: 32
[Task: 20] Size: 5 Evaluations: 175
[Task: 20] Size: 6 Evaluations: 139
[Task: 20] Size: 7 Evaluations: 482
[Task: 20] Size: 8 Evaluations: 914
[Task: 20] Benchmark: add-a-line-break-with-a-formula.sl
[Task: 20] Result: Success
[Task: 20] Program: concat(_arg_0, concat("/n", concat(_arg_1, concat("/n", _arg_2))))
[Task: 20] Number of evaluations: 1898
[Task: 20] 2021-09-16 21:49:43.162415
[Task: 20] Time taken: 0:00:01.124460
[Task: 20] 
[Task: 21] Loading bustle model....
[Task: 21] Count: 21
[Task: 21] 
[Task: 21] 2021-09-16 21:49:42.096243
[Task: 21] Number of programs: 10
[Task: 21] Size: 0 Evaluations: 0
[Task: 21] Size: 1 Evaluations: 0
[Task: 21] Size: 2 Evaluations: 13
[Task: 21] Size: 3 Evaluations: 35
[Task: 21] Size: 4 Evaluations: 49
[Task: 21] Benchmark: bikes.sl
[Task: 21] Result: Success
[Task: 21] Program: name[:(0 - 3)]
[Task: 21] Number of evaluations: 161
[Task: 21] 2021-09-16 21:49:42.556208
[Task: 21] Time taken: 0:00:00.459952
[Task: 21] 
[Task: 22] Loading bustle model....
[Task: 22] Count: 22
[Task: 22] 
[Task: 22] 2021-09-16 21:49:42.020159
[Task: 22] Number of programs: 9
[Task: 22] Size: 0 Evaluations: 0
[Task: 22] Size: 1 Evaluations: 0
[Task: 22] Size: 2 Evaluations: 10
[Task: 22] Size: 3 Evaluations: 19
[Task: 22] Benchmark: change-negative-numbers-to-positive.sl
[Task: 22] Result: Success
[Task: 22] Program: _arg_0.replace("-", "")
[Task: 22] Number of evaluations: 36
[Task: 22] 2021-09-16 21:49:42.315062
[Task: 22] Time taken: 0:00:00.294884
[Task: 22] 
[Task: 23] Loading bustle model....
[Task: 23] Count: 23
[Task: 23] 
[Task: 23] 2021-09-16 21:49:42.084668
[Task: 23] Number of programs: 13
[Task: 23] Size: 0 Evaluations: 0
[Task: 23] Size: 1 Evaluations: 0
[Task: 23] Size: 2 Evaluations: 14
[Task: 23] Size: 3 Evaluations: 61
[Task: 23] Size: 4 Evaluations: 45
[Task: 23] Size: 5 Evaluations: 95
[Task: 23] Size: 6 Evaluations: 115
[Task: 23] Size: 7 Evaluations: 242
[Task: 23] Size: 8 Evaluations: 384
[Task: 23] Size: 9 Evaluations: 644
[Task: 23] Size: 10 Evaluations: 2864
[Task: 23] Size: 11 Evaluations: 4459
[Task: 23] Size: 12 Evaluations: 10582
[Task: 23] Size: 13 Evaluations: 31409
[Task: 23] Size: 14 Evaluations: 56637
[Task: 23] Size: 15 Evaluations: 124688
[Task: 23] Size: 16 Evaluations: 390128
[Task: 23] Size: 17 Evaluations: 805601
[Task: 23] Benchmark: clean-and-reformat-telephone-numbers.sl
[Task: 23] Result: Success
[Task: 23] Program: _arg_0.replace("-", "",-1).replace(".", "",-1).replace(" ", "").replace("<", "").replace(">", "")
[Task: 23] Number of evaluations: 1980189
[Task: 23] 2021-09-16 22:03:18.449593
[Task: 23] Time taken: 0:13:36.364940
[Task: 23] 
[Task: 24] Loading bustle model....
[Task: 24] Count: 24
[Task: 24] 
[Task: 24] 2021-09-17 00:35:03.351810
[Task: 24] Number of programs: 10
[Task: 24] Size: 0 Evaluations: 0
[Task: 24] Size: 1 Evaluations: 0
[Task: 24] Size: 2 Evaluations: 16
[Task: 24] Size: 3 Evaluations: 37
[Task: 24] Size: 4 Evaluations: 30
[Task: 24] Size: 5 Evaluations: 114
[Task: 24] Size: 6 Evaluations: 166
[Task: 24] Benchmark: create-email-address-from-name.sl
[Task: 24] Result: Success
[Task: 24] Program: concat(_arg_1.CharAt(0), concat(_arg_0, "_acme.com"))
[Task: 24] Number of evaluations: 396
[Task: 24] 2021-09-17 00:35:03.973785
[Task: 24] Time taken: 0:00:00.621967
[Task: 24] 
[Task: 25] Loading bustle model....
[Task: 25] Count: 25
[Task: 25] 
[Task: 25] 2021-09-17 00:37:43.123839
[Task: 25] Number of programs: 11
[Task: 25] Size: 0 Evaluations: 0
[Task: 25] Size: 1 Evaluations: 0
[Task: 25] Size: 2 Evaluations: 17
[Task: 25] Size: 3 Evaluations: 44
[Task: 25] Size: 4 Evaluations: 23
[Task: 25] Size: 5 Evaluations: 193
[Task: 25] Size: 6 Evaluations: 311
[Task: 25] Size: 7 Evaluations: 537
[Task: 25] Size: 8 Evaluations: 1500
[Task: 25] Benchmark: create-email-address-with-name-and-domain.sl
[Task: 25] Result: Success
[Task: 25] Program: concat(_arg_0.CharAt(0), concat(_arg_1, concat("_", _arg_2)))
[Task: 25] Number of evaluations: 2938
[Task: 25] 2021-09-17 00:37:44.671164
[Task: 25] Time taken: 0:00:01.545582
[Task: 25] 
[Task: 26] Loading bustle model....
[Task: 26] Count: 26
[Task: 26] 
[Task: 26] 2021-09-17 00:37:43.111676
[Task: 26] Number of programs: 9
[Task: 26] Size: 0 Evaluations: 0
[Task: 26] Size: 1 Evaluations: 0
[Task: 26] Size: 2 Evaluations: 15
[Task: 26] Size: 3 Evaluations: 32
[Task: 26] Size: 4 Evaluations: 19
[Task: 26] Size: 5 Evaluations: 109
[Task: 26] Size: 6 Evaluations: 214
[Task: 26] Size: 7 Evaluations: 724
[Task: 26] Size: 8 Evaluations: 2000
[Task: 26] Size: 9 Evaluations: 6204
[Task: 26] Size: 10 Evaluations: 20465
[Task: 26] Size: 11 Evaluations: 62114
[Task: 26] Size: 12 Evaluations: 213548
[Task: 26] Benchmark: dr-name.sl
[Task: 26] Result: Success
[Task: 26] Program: concat("Dr.", concat(" ", name[:name.IndexOf(" ")]))
[Task: 26] Number of evaluations: 415464
[Task: 26] 2021-09-17 00:40:58.744666
[Task: 26] Time taken: 0:03:15.629181
[Task: 26] 
[Task: 27] Loading bustle model....
[Task: 27] Count: 27
[Task: 27] 
[Task: 27] 2021-09-17 00:37:43.115908
[Task: 27] Number of programs: 10
[Task: 27] Size: 0 Evaluations: 0
[Task: 27] Size: 1 Evaluations: 0
[Task: 27] Size: 2 Evaluations: 14
[Task: 27] Size: 3 Evaluations: 32
[Task: 27] Size: 4 Evaluations: 35
[Task: 27] Size: 5 Evaluations: 154
[Task: 27] Size: 6 Evaluations: 276
[Task: 27] Benchmark: exceljet1.sl
[Task: 27] Result: Success
[Task: 27] Program: _arg_1[(1 + _arg_1.IndexOf("_")):]
[Task: 27] Number of evaluations: 1108
[Task: 27] 2021-09-17 00:37:43.850126
[Task: 27] Time taken: 0:00:00.731605
[Task: 27] 
[Task: 28] Loading bustle model....
[Task: 28] Count: 28
[Task: 28] 
[Task: 28] 2021-09-17 00:37:43.105162
[Task: 28] Number of programs: 9
[Task: 28] Size: 0 Evaluations: 0
[Task: 28] Size: 1 Evaluations: 0
[Task: 28] Size: 2 Evaluations: 11
[Task: 28] Size: 3 Evaluations: 18
[Task: 28] Size: 4 Evaluations: 16
[Task: 28] Size: 5 Evaluations: 71
[Task: 28] Size: 6 Evaluations: 101
[Task: 28] Size: 7 Evaluations: 434
[Task: 28] Size: 8 Evaluations: 692
[Task: 28] Size: 9 Evaluations: 3129
[Task: 28] Benchmark: exceljet2.sl
[Task: 28] Result: Success
[Task: 28] Program: _arg_0[(-1 + (-1 + -1)):].replace(".", "")
[Task: 28] Number of evaluations: 6728
[Task: 28] 2021-09-17 00:37:45.892561
[Task: 28] Time taken: 0:00:02.785638
[Task: 28] 
[Task: 29] Loading bustle model....
[Task: 29] Count: 29
[Task: 29] 
[Task: 29] 2021-09-17 00:37:43.165160
[Task: 29] Number of programs: 9
[Task: 29] Size: 0 Evaluations: 0
[Task: 29] Size: 1 Evaluations: 0
[Task: 29] Size: 2 Evaluations: 11
[Task: 29] Size: 3 Evaluations: 19
[Task: 29] Size: 4 Evaluations: 19
[Task: 29] Size: 5 Evaluations: 78
[Task: 29] Size: 6 Evaluations: 137
[Task: 29] Size: 7 Evaluations: 506
[Task: 29] Benchmark: exceljet3.sl
[Task: 29] Result: Success
[Task: 29] Program: _arg_0[(1 + _arg_0.IndexOf("=")):].strip()
[Task: 29] Number of evaluations: 1307
[Task: 29] 2021-09-17 00:37:44.061485
[Task: 29] Time taken: 0:00:00.896308
[Task: 29] 
[Task: 30] Loading bustle model....
[Task: 30] Count: 30
[Task: 30] 
[Task: 30] 2021-09-17 00:37:43.100835
[Task: 30] Number of programs: 10
[Task: 30] Size: 0 Evaluations: 0
[Task: 30] Size: 1 Evaluations: 0
[Task: 30] Size: 2 Evaluations: 12
[Task: 30] Size: 3 Evaluations: 26
[Task: 30] Size: 4 Evaluations: 23
[Task: 30] Size: 5 Evaluations: 102
[Task: 30] Size: 6 Evaluations: 184
[Task: 30] Size: 7 Evaluations: 737
[Task: 30] Size: 8 Evaluations: 1567
[Task: 30] Benchmark: exceljet4.sl
[Task: 30] Result: Success
[Task: 30] Program: _arg_0[(1 + (1 + _arg_0.IndexOf("/"))):]
[Task: 30] Number of evaluations: 7187
[Task: 30] 2021-09-17 00:37:45.310609
[Task: 30] Time taken: 0:00:02.206773
[Task: 30] 
[Task: 31] Loading bustle model....
[Task: 31] Count: 31
[Task: 31] 
[Task: 31] 2021-09-17 00:37:43.096893
[Task: 31] Number of programs: 14
[Task: 31] Size: 0 Evaluations: 0
[Task: 31] Size: 1 Evaluations: 0
[Task: 31] Size: 2 Evaluations: 15
[Task: 31] Size: 3 Evaluations: 45
[Task: 31] Size: 4 Evaluations: 29
[Task: 31] Size: 5 Evaluations: 257
[Task: 31] Size: 6 Evaluations: 206
[Task: 31] Size: 7 Evaluations: 1004
[Task: 31] Size: 8 Evaluations: 3586
[Task: 31] Size: 9 Evaluations: 5729
[Task: 31] Size: 10 Evaluations: 37847
[Task: 31] Size: 11 Evaluations: 57026
[Task: 31] Size: 12 Evaluations: 285757
[Task: 31] Size: 13 Evaluations: 828642
[Task: 31] Size: 14 Evaluations: 2511959
[Task: 32] Loading bustle model....
[Task: 32] Count: 32
[Task: 32] 
[Task: 32] 2021-09-17 00:37:43.138146
[Task: 32] Number of programs: 11
[Task: 32] Size: 0 Evaluations: 0
[Task: 32] Size: 1 Evaluations: 0
[Task: 32] Size: 2 Evaluations: 12
[Task: 32] Size: 3 Evaluations: 25
[Task: 32] Size: 4 Evaluations: 15
[Task: 32] Size: 5 Evaluations: 112
[Task: 32] Size: 6 Evaluations: 100
[Task: 32] Size: 7 Evaluations: 450
[Task: 32] Size: 8 Evaluations: 821
[Task: 32] Size: 9 Evaluations: 2079
[Task: 32] Size: 10 Evaluations: 6404
[Task: 32] Size: 11 Evaluations: 12038
[Task: 32] Size: 12 Evaluations: 43451
[Task: 32] Size: 13 Evaluations: 92983
[Task: 32] Size: 14 Evaluations: 278198
[Task: 32] Benchmark: extract-word-that-begins-with-specific-character.sl
[Task: 32] Result: Success
[Task: 32] Program: _arg_0.Substr(_arg_0.IndexOf("_"),concat(_arg_0, _arg_0).IndexOf(" ",_arg_0.IndexOf("_")))
[Task: 32] Number of evaluations: 683964
[Task: 32] 2021-09-17 00:41:48.184693
[Task: 32] Time taken: 0:04:05.046536
[Task: 32] 
[Task: 33] Loading bustle model....
[Task: 33] Count: 33
[Task: 33] 
[Task: 33] 2021-09-17 00:37:43.154445
[Task: 33] Number of programs: 7
[Task: 33] Size: 0 Evaluations: 0
[Task: 33] Size: 1 Evaluations: 0
[Task: 33] Size: 2 Evaluations: 10
[Task: 33] Size: 3 Evaluations: 17
[Task: 33] Size: 4 Evaluations: 15
[Task: 33] Benchmark: firstname.sl
[Task: 33] Result: Success
[Task: 33] Program: name[:name.IndexOf(" ")]
[Task: 33] Number of evaluations: 64
[Task: 33] 2021-09-17 00:37:43.574617
[Task: 33] Time taken: 0:00:00.420074
[Task: 33] 
[Task: 34] Loading bustle model....
[Task: 34] Count: 34
[Task: 34] 
[Task: 34] 2021-09-17 00:37:45.337747
[Task: 34] Number of programs: 10
[Task: 34] Size: 0 Evaluations: 0
[Task: 34] Size: 1 Evaluations: 0
[Task: 34] Size: 2 Evaluations: 14
[Task: 34] Size: 3 Evaluations: 31
[Task: 34] Size: 4 Evaluations: 33
[Task: 34] Benchmark: get-domain-from-email-address_2.sl
[Task: 34] Result: Success
[Task: 34] Program: _arg_1[:_arg_1.IndexOf("_")]
[Task: 34] Number of evaluations: 145
[Task: 34] 2021-09-17 00:37:45.726288
[Task: 34] Time taken: 0:00:00.388469
[Task: 34] 
[Task: 35] Loading bustle model....
[Task: 35] Count: 35
[Task: 35] 
[Task: 35] 2021-09-17 00:37:44.516364
[Task: 35] Number of programs: 11
[Task: 35] Size: 0 Evaluations: 0
[Task: 35] Size: 1 Evaluations: 0
[Task: 35] Size: 2 Evaluations: 13
[Task: 35] Size: 3 Evaluations: 29
[Task: 35] Size: 4 Evaluations: 21
[Task: 35] Size: 5 Evaluations: 159
[Task: 35] Size: 6 Evaluations: 114
[Task: 35] Size: 7 Evaluations: 1028
[Task: 35] Size: 8 Evaluations: 869
[Task: 35] Size: 9 Evaluations: 7808
[Task: 35] Size: 10 Evaluations: 7618
[Task: 35] Size: 11 Evaluations: 63389
[Task: 35] Size: 12 Evaluations: 74733
[Task: 35] Size: 13 Evaluations: 551798
[Task: 35] Size: 14 Evaluations: 752756
[Task: 35] Size: 15 Evaluations: 5061423
[Task: 36] Loading bustle model....
[Task: 36] Count: 36
[Task: 36] 
[Task: 36] 2021-09-17 00:37:43.572561
[Task: 36] Number of programs: 8
[Task: 36] Size: 0 Evaluations: 0
[Task: 36] Size: 1 Evaluations: 0
[Task: 36] Size: 2 Evaluations: 11
[Task: 36] Size: 3 Evaluations: 13
[Task: 36] Size: 4 Evaluations: 15
[Task: 36] Benchmark: get-first-name-from-name.sl
[Task: 36] Result: Success
[Task: 36] Program: _arg_0[:_arg_0.IndexOf(" ")]
[Task: 36] Number of evaluations: 62
[Task: 36] 2021-09-17 00:37:43.912055
[Task: 36] Time taken: 0:00:00.339469
[Task: 36] 
[Task: 37] Loading bustle model....
[Task: 37] Count: 37
[Task: 37] 
[Task: 37] 2021-09-17 00:37:44.835639
[Task: 37] Number of programs: 8
[Task: 37] Size: 0 Evaluations: 0
[Task: 37] Size: 1 Evaluations: 0
[Task: 37] Size: 2 Evaluations: 11
[Task: 37] Size: 3 Evaluations: 13
[Task: 37] Size: 4 Evaluations: 12
[Task: 37] Size: 5 Evaluations: 40
[Task: 37] Size: 6 Evaluations: 73
[Task: 37] Size: 7 Evaluations: 184
[Task: 37] Benchmark: get-first-word.sl
[Task: 37] Result: Success
[Task: 37] Program: _arg_0[:_arg_0.replace(" ", _arg_0).IndexOf(_arg_0)]
[Task: 37] Number of evaluations: 641
[Task: 37] 2021-09-17 00:37:45.434206
[Task: 37] Time taken: 0:00:00.598559
[Task: 37] 
[Task: 38] Loading bustle model....
[Task: 38] Count: 38
[Task: 38] 
[Task: 38] 2021-09-17 00:37:43.323215
[Task: 38] Number of programs: 9
[Task: 38] Size: 0 Evaluations: 0
[Task: 38] Size: 1 Evaluations: 0
[Task: 38] Size: 2 Evaluations: 14
[Task: 38] Size: 3 Evaluations: 18
[Task: 38] Size: 4 Evaluations: 38
[Task: 38] Size: 5 Evaluations: 93
[Task: 38] Size: 6 Evaluations: 245
[Task: 38] Size: 7 Evaluations: 652
[Task: 38] Size: 8 Evaluations: 1939
[Task: 38] Size: 9 Evaluations: 5766
[Task: 38] Size: 10 Evaluations: 17489
[Task: 38] Size: 11 Evaluations: 54218
[Task: 38] Size: 12 Evaluations: 173556
[Task: 38] Size: 13 Evaluations: 555550
[Task: 38] Size: 14 Evaluations: 1811583
[Task: 38] Size: 15 Evaluations: 5959910
[Task: 39] Loading bustle model....
[Task: 39] Count: 39
[Task: 39] 
[Task: 39] 2021-09-17 00:37:43.374259
[Task: 39] Number of programs: 8
[Task: 39] Size: 0 Evaluations: 0
[Task: 39] Size: 1 Evaluations: 0
[Task: 39] Size: 2 Evaluations: 11
[Task: 39] Size: 3 Evaluations: 14
[Task: 39] Size: 4 Evaluations: 19
[Task: 39] Size: 5 Evaluations: 53
[Task: 39] Benchmark: get-last-name-from-name.sl
[Task: 39] Result: Success
[Task: 39] Program: _arg_0[_arg_0.IndexOf(" "):].strip()
[Task: 39] Number of evaluations: 129
[Task: 39] 2021-09-17 00:37:43.765935
[Task: 39] Time taken: 0:00:00.391626
[Task: 39] 
[Task: 40] Loading bustle model....
[Task: 40] Count: 40
[Task: 40] 
[Task: 40] 2021-09-17 00:37:43.425449
[Task: 40] Number of programs: 9
[Task: 40] Size: 0 Evaluations: 0
[Task: 40] Size: 1 Evaluations: 0
[Task: 40] Size: 2 Evaluations: 11
[Task: 40] Size: 3 Evaluations: 19
[Task: 40] Size: 4 Evaluations: 13
[Task: 40] Size: 5 Evaluations: 48
[Task: 40] Size: 6 Evaluations: 64
[Task: 40] Size: 7 Evaluations: 98
[Task: 40] Size: 8 Evaluations: 189
[Task: 40] Size: 9 Evaluations: 409
[Task: 40] Size: 10 Evaluations: 803
[Task: 40] Size: 11 Evaluations: 1752
[Task: 40] Size: 12 Evaluations: 4030
[Task: 40] Size: 13 Evaluations: 9162
[Task: 40] Benchmark: get-last-name-from-name-with-comma.sl
[Task: 40] Result: Success
[Task: 40] Program: concat(concat(_arg_0[(1 + _arg_0.IndexOf(",")):], ","), _arg_0)[:_arg_0.Length()]
[Task: 40] Number of evaluations: 30580
[Task: 40] 2021-09-17 00:37:54.355166
[Task: 40] Time taken: 0:00:10.930002
[Task: 40] 
[Task: 41] Loading bustle model....
[Task: 41] Count: 41
[Task: 41] 
[Task: 41] 2021-09-17 00:37:43.436375
[Task: 41] Number of programs: 8
[Task: 41] Size: 0 Evaluations: 0
[Task: 41] Size: 1 Evaluations: 0
[Task: 41] Size: 2 Evaluations: 10
[Task: 41] Size: 3 Evaluations: 13
[Task: 41] Size: 4 Evaluations: 12
[Task: 41] Size: 5 Evaluations: 47
[Task: 41] Size: 6 Evaluations: 66
[Task: 41] Size: 7 Evaluations: 238
[Task: 41] Size: 8 Evaluations: 430
[Task: 41] Size: 9 Evaluations: 1483
[Task: 41] Benchmark: get-last-word.sl
[Task: 41] Result: Success
[Task: 41] Program: _arg_0[(-1 - (1 + (1 + 1))):]
[Task: 41] Number of evaluations: 4610
[Task: 41] 2021-09-17 00:37:45.051486
[Task: 41] Time taken: 0:00:01.615069
[Task: 41] 
[Task: 42] Loading bustle model....
[Task: 42] Count: 42
[Task: 42] 
[Task: 42] 2021-09-17 00:37:43.449698
[Task: 42] Number of programs: 8
[Task: 42] Size: 0 Evaluations: 0
[Task: 42] Size: 1 Evaluations: 0
[Task: 42] Size: 2 Evaluations: 10
[Task: 42] Size: 3 Evaluations: 13
[Task: 42] Size: 4 Evaluations: 6
[Task: 42] Size: 5 Evaluations: 33
[Task: 42] Size: 6 Evaluations: 14
[Task: 42] Size: 7 Evaluations: 83
[Task: 42] Size: 8 Evaluations: 33
[Task: 42] Size: 9 Evaluations: 192
[Task: 42] Size: 10 Evaluations: 102
[Task: 42] Size: 11 Evaluations: 445
[Task: 42] Size: 12 Evaluations: 419
[Task: 42] Size: 13 Evaluations: 1184
[Task: 42] Size: 14 Evaluations: 1764
[Task: 42] Size: 15 Evaluations: 3615
[Task: 42] Size: 16 Evaluations: 7371
[Task: 42] Benchmark: get-middle-name-from-full-name.sl
[Task: 42] Result: Success
[Task: 42] Program: _arg_0.Substr(_arg_0.IndexOf(" "),_arg_0.IndexOf(" ",(-1 + (-1 - _arg_0.IndexOf(" "))))).strip()
[Task: 42] Number of evaluations: 19293
[Task: 42] 2021-09-17 00:37:52.512380
[Task: 42] Time taken: 0:00:09.062630
[Task: 42] 
[Task: 43] Loading bustle model....
[Task: 43] Count: 43
[Task: 43] 
[Task: 43] 2021-09-17 00:37:43.777356
[Task: 43] Number of programs: 8
[Task: 43] Size: 0 Evaluations: 0
[Task: 43] Size: 1 Evaluations: 0
[Task: 43] Size: 2 Evaluations: 11
[Task: 43] Size: 3 Evaluations: 22
[Task: 43] Size: 4 Evaluations: 14
[Task: 43] Size: 5 Evaluations: 66
[Task: 43] Size: 6 Evaluations: 110
[Task: 43] Size: 7 Evaluations: 294
[Task: 43] Size: 8 Evaluations: 699
[Task: 43] Size: 9 Evaluations: 1955
[Task: 43] Size: 10 Evaluations: 5175
[Task: 43] Size: 11 Evaluations: 14913
[Task: 43] Size: 12 Evaluations: 41742
[Task: 43] Size: 13 Evaluations: 123208
[Task: 43] Size: 14 Evaluations: 354494
[Task: 43] Size: 15 Evaluations: 1060457
[Task: 43] Size: 16 Evaluations: 3098960
[Task: 43] Benchmark: initials.sl
[Task: 43] Result: Success
[Task: 43] Program: concat(name.CharAt(0), concat(".", concat(name.CharAt(concat(".", name).IndexOf(" ")), ".")))
[Task: 43] Number of evaluations: 6963484
[Task: 43] 2021-09-17 01:37:25.712768
[Task: 43] Time taken: 0:59:41.936533
[Task: 43] 
[Task: 44] Loading bustle model....
[Task: 44] Count: 44
[Task: 44] 
[Task: 44] 2021-09-17 03:38:28.761354
[Task: 44] Number of programs: 11
[Task: 44] Size: 0 Evaluations: 0
[Task: 44] Size: 1 Evaluations: 0
[Task: 44] Size: 2 Evaluations: 17
[Task: 44] Size: 3 Evaluations: 42
[Task: 44] Size: 4 Evaluations: 18
[Task: 44] Size: 5 Evaluations: 184
[Task: 44] Size: 6 Evaluations: 82
[Task: 44] Size: 7 Evaluations: 593
[Task: 44] Size: 8 Evaluations: 455
[Task: 44] Size: 9 Evaluations: 2395
[Task: 44] Size: 10 Evaluations: 2529
[Task: 44] Size: 11 Evaluations: 10788
[Task: 44] Size: 12 Evaluations: 14412
[Task: 44] Size: 13 Evaluations: 48406
[Task: 44] Size: 14 Evaluations: 74027
[Task: 44] Size: 15 Evaluations: 218667
[Task: 44] Size: 16 Evaluations: 366952
[Task: 44] Size: 17 Evaluations: 1004696
[Task: 44] Size: 18 Evaluations: 1825020
[Task: 44] Size: 19 Evaluations: 4669019
[Task: 44] Benchmark: join-cells-with-comma.sl
[Task: 44] Result: Success
[Task: 44] Program: concat(_arg_0, concat(",", concat(" ", concat(_arg_1, concat(_arg_1[-1:], concat(",", concat(" ", _arg_2)))[1:].strip()))))
[Task: 44] Number of evaluations: 8669751
[Task: 44] 2021-09-17 04:51:37.181918
[Task: 44] Time taken: 1:13:08.420722
[Task: 44] 
[Task: 45] Loading bustle model....
[Task: 45] Count: 45
[Task: 45] 
[Task: 45] 2021-09-17 03:38:28.792237
[Task: 45] Number of programs: 9
[Task: 45] Size: 0 Evaluations: 0
[Task: 45] Size: 1 Evaluations: 0
[Task: 45] Size: 2 Evaluations: 13
[Task: 45] Size: 3 Evaluations: 22
[Task: 45] Size: 4 Evaluations: 12
[Task: 45] Benchmark: join-first-and-last-name.sl
[Task: 45] Result: Success
[Task: 45] Program: concat(_arg_0, concat(" ", _arg_1))
[Task: 45] Number of evaluations: 54
[Task: 45] 2021-09-17 03:38:29.255165
[Task: 45] Time taken: 0:00:00.462899
[Task: 45] 
[Task: 46] Loading bustle model....
[Task: 46] Count: 46
[Task: 46] 
[Task: 46] 2021-09-17 03:38:28.823909
[Task: 46] Number of programs: 6
[Task: 46] Size: 0 Evaluations: 0
[Task: 46] Size: 1 Evaluations: 0
[Task: 46] Size: 2 Evaluations: 9
[Task: 46] Size: 3 Evaluations: 12
[Task: 46] Size: 4 Evaluations: 14
[Task: 46] Size: 5 Evaluations: 28
[Task: 46] Size: 6 Evaluations: 52
[Task: 46] Benchmark: lastname.sl
[Task: 46] Result: Success
[Task: 46] Program: name[name.IndexOf(" "):].strip()
[Task: 46] Number of evaluations: 171
[Task: 46] 2021-09-17 03:38:29.382606
[Task: 46] Time taken: 0:00:00.558643
[Task: 46] 
[Task: 47] Loading bustle model....
[Task: 47] Count: 47
[Task: 47] 
[Task: 47] 2021-09-17 03:38:28.748594
[Task: 47] Number of programs: 10
[Task: 47] Size: 0 Evaluations: 0
[Task: 47] Size: 1 Evaluations: 0
[Task: 47] Size: 2 Evaluations: 15
[Task: 47] Size: 3 Evaluations: 38
[Task: 47] Size: 4 Evaluations: 17
[Task: 47] Size: 5 Evaluations: 123
[Task: 47] Size: 6 Evaluations: 158
[Task: 47] Size: 7 Evaluations: 241
[Task: 47] Size: 8 Evaluations: 492
[Task: 47] Size: 9 Evaluations: 549
[Task: 47] Size: 10 Evaluations: 938
[Task: 47] Benchmark: most-frequently-occurring-text.sl
[Task: 47] Result: Success
[Task: 47] Program: (ifEqual(_arg_0,_arg_1) then _arg_0 else _arg_2)
[Task: 47] Number of evaluations: 3284
[Task: 47] 2021-09-17 03:38:30.528496
[Task: 47] Time taken: 0:00:01.779869
[Task: 47] 
[Task: 48] Loading bustle model....
[Task: 48] Count: 48
[Task: 48] 
[Task: 48] 2021-09-17 03:38:28.830842
[Task: 48] Number of programs: 9
[Task: 48] Size: 0 Evaluations: 0
[Task: 48] Size: 1 Evaluations: 0
[Task: 48] Size: 2 Evaluations: 15
[Task: 48] Size: 3 Evaluations: 34
[Task: 48] Size: 4 Evaluations: 6
[Task: 48] Size: 5 Evaluations: 87
[Task: 48] Size: 6 Evaluations: 85
[Task: 48] Size: 7 Evaluations: 164
[Task: 48] Size: 8 Evaluations: 494
[Task: 48] Size: 9 Evaluations: 667
[Task: 48] Size: 10 Evaluations: 2171
[Task: 48] Benchmark: name-combine-2.sl
[Task: 48] Result: Success
[Task: 48] Program: concat(firstname, concat(" ", concat(lastname.CharAt(0), ".")))
[Task: 48] Number of evaluations: 4443
[Task: 48] 2021-09-17 03:38:31.167341
[Task: 48] Time taken: 0:00:02.336806
[Task: 48] 
[Task: 49] Loading bustle model....
[Task: 49] Count: 49
[Task: 49] 
[Task: 49] 2021-09-17 03:38:28.746092
[Task: 49] Number of programs: 9
[Task: 49] Size: 0 Evaluations: 0
[Task: 49] Size: 1 Evaluations: 0
[Task: 49] Size: 2 Evaluations: 15
[Task: 49] Size: 3 Evaluations: 34
[Task: 49] Size: 4 Evaluations: 9
[Task: 49] Size: 5 Evaluations: 111
[Task: 49] Size: 6 Evaluations: 108
[Task: 49] Size: 7 Evaluations: 343
[Task: 49] Size: 8 Evaluations: 792
[Task: 49] Benchmark: name-combine-3.sl
[Task: 49] Result: Success
[Task: 49] Program: concat(firstname.CharAt(0), concat(".", concat(" ", lastname)))
[Task: 49] Number of evaluations: 1918
[Task: 49] 2021-09-17 03:38:30.036419
[Task: 49] Time taken: 0:00:01.290299
[Task: 49] 
[Task: 50] Loading bustle model....
[Task: 50] Count: 50
[Task: 50] 
[Task: 50] 2021-09-17 03:38:28.794846
[Task: 50] Number of programs: 10
[Task: 50] Size: 0 Evaluations: 0
[Task: 50] Size: 1 Evaluations: 0
[Task: 50] Size: 2 Evaluations: 16
[Task: 50] Size: 3 Evaluations: 43
[Task: 50] Size: 4 Evaluations: 6
[Task: 50] Size: 5 Evaluations: 92
[Task: 50] Size: 6 Evaluations: 29
[Task: 50] Size: 7 Evaluations: 133
[Task: 50] Size: 8 Evaluations: 128
[Task: 50] Size: 9 Evaluations: 417
[Task: 50] Size: 10 Evaluations: 617
[Task: 50] Size: 11 Evaluations: 1803
[Task: 50] Size: 12 Evaluations: 2183
[Task: 50] Size: 13 Evaluations: 6272
[Task: 50] Size: 14 Evaluations: 7253
[Task: 50] Benchmark: name-combine-4.sl
[Task: 50] Result: Success
[Task: 50] Program: concat(lastname, concat(",", concat(" ", concat(firstname.CharAt(0), "."))))
[Task: 50] Number of evaluations: 22351
[Task: 50] 2021-09-17 03:38:41.876116
[Task: 50] Time taken: 0:00:13.081426
[Task: 50] 
[Task: 51] Loading bustle model....
[Task: 51] Count: 51
[Task: 51] 
[Task: 51] 2021-09-17 03:38:28.751458
[Task: 51] Number of programs: 8
[Task: 51] Size: 0 Evaluations: 0
[Task: 51] Size: 1 Evaluations: 0
[Task: 51] Size: 2 Evaluations: 14
[Task: 51] Size: 3 Evaluations: 27
[Task: 51] Size: 4 Evaluations: 18
[Task: 51] Benchmark: name-combine.sl
[Task: 51] Result: Success
[Task: 51] Program: concat(firstname, concat(" ", lastname))
[Task: 51] Number of evaluations: 71
[Task: 51] 2021-09-17 03:38:29.269265
[Task: 51] Time taken: 0:00:00.517781
[Task: 51] 
[Task: 52] Loading bustle model....
[Task: 52] Count: 52
[Task: 52] 
[Task: 52] 2021-09-17 03:40:44.508944
[Task: 52] Number of programs: 15
[Task: 52] Size: 0 Evaluations: 0
[Task: 52] Size: 1 Evaluations: 0
[Task: 52] Size: 2 Evaluations: 16
[Task: 52] Size: 3 Evaluations: 80
[Task: 52] Size: 4 Evaluations: 80
[Task: 52] Size: 5 Evaluations: 350
[Task: 52] Size: 6 Evaluations: 399
[Task: 52] Size: 7 Evaluations: 1265
[Task: 52] Size: 8 Evaluations: 2164
[Task: 52] Size: 9 Evaluations: 5024
[Task: 52] Size: 10 Evaluations: 10955
[Task: 52] Size: 11 Evaluations: 26685
[Task: 52] Size: 12 Evaluations: 65395
[Task: 52] Size: 13 Evaluations: 171970
[Task: 52] Size: 14 Evaluations: 461535
[Task: 52] Size: 15 Evaluations: 1144190
[Task: 52] Size: 16 Evaluations: 2990417
[Task: 53] Loading bustle model....
[Task: 53] Count: 53
[Task: 53] 
[Task: 53] 2021-09-17 03:40:44.496382
[Task: 53] Number of programs: 10
[Task: 53] Size: 0 Evaluations: 0
[Task: 53] Size: 1 Evaluations: 0
[Task: 53] Size: 2 Evaluations: 11
[Task: 53] Size: 3 Evaluations: 35
[Task: 53] Size: 4 Evaluations: 28
[Task: 53] Benchmark: phone-1.sl
[Task: 53] Result: Success
[Task: 53] Program: name[4:][:3]
[Task: 53] Number of evaluations: 108
[Task: 53] 2021-09-17 03:40:44.951283
[Task: 53] Time taken: 0:00:00.454840
[Task: 53] 
[Task: 54] Loading bustle model....
[Task: 54] Count: 54
[Task: 54] 
[Task: 54] 2021-09-17 03:40:44.510407
[Task: 54] Number of programs: 10
[Task: 54] Size: 0 Evaluations: 0
[Task: 54] Size: 1 Evaluations: 0
[Task: 54] Size: 2 Evaluations: 11
[Task: 54] Size: 3 Evaluations: 35
[Task: 54] Size: 4 Evaluations: 28
[Task: 54] Benchmark: phone-2.sl
[Task: 54] Result: Success
[Task: 54] Program: name[(3 + 5):]
[Task: 54] Number of evaluations: 142
[Task: 54] 2021-09-17 03:40:44.955542
[Task: 54] Time taken: 0:00:00.441963
[Task: 54] 
[Task: 55] Loading bustle model....
[Task: 55] Count: 55
[Task: 55] 
[Task: 55] 2021-09-17 03:40:44.529459
[Task: 55] Number of programs: 13
[Task: 55] Size: 0 Evaluations: 0
[Task: 55] Size: 1 Evaluations: 0
[Task: 55] Size: 2 Evaluations: 14
[Task: 55] Size: 3 Evaluations: 54
[Task: 55] Size: 4 Evaluations: 62
[Task: 55] Size: 5 Evaluations: 257
[Task: 55] Size: 6 Evaluations: 330
[Task: 55] Size: 7 Evaluations: 1029
[Task: 55] Size: 8 Evaluations: 1475
[Task: 55] Size: 9 Evaluations: 3920
[Task: 55] Size: 10 Evaluations: 8631
[Task: 55] Size: 11 Evaluations: 20877
[Task: 55] Size: 12 Evaluations: 63666
[Task: 55] Benchmark: phone-3.sl
[Task: 55] Result: Success
[Task: 55] Program: concat("(", name.replace("-", concat(")", " ")))
[Task: 55] Number of evaluations: 104112
[Task: 55] 2021-09-17 03:41:56.601095
[Task: 55] Time taken: 0:01:12.069418
[Task: 55] 
[Task: 56] Loading bustle model....
[Task: 56] Count: 56
[Task: 56] 
[Task: 56] 2021-09-17 03:40:44.540444
[Task: 56] Number of programs: 14
[Task: 56] Size: 0 Evaluations: 0
[Task: 56] Size: 1 Evaluations: 0
[Task: 56] Size: 2 Evaluations: 15
[Task: 56] Size: 3 Evaluations: 66
[Task: 56] Size: 4 Evaluations: 103
[Task: 56] Benchmark: phone-4.sl
[Task: 56] Result: Success
[Task: 56] Program: name.replace("-", ".",2)
[Task: 56] Number of evaluations: 349
[Task: 56] 2021-09-17 03:40:45.052609
[Task: 56] Time taken: 0:00:00.512106
[Task: 56] 
[Task: 57] Loading bustle model....
[Task: 57] Count: 57
[Task: 57] 
[Task: 57] 2021-09-17 03:40:44.512271
[Task: 57] Number of programs: 13
[Task: 57] Size: 0 Evaluations: 0
[Task: 57] Size: 1 Evaluations: 0
[Task: 57] Size: 2 Evaluations: 14
[Task: 57] Size: 3 Evaluations: 57
[Task: 57] Size: 4 Evaluations: 79
[Task: 57] Size: 5 Evaluations: 285
[Task: 57] Benchmark: phone-5.sl
[Task: 57] Result: Success
[Task: 57] Program: name.Substr(1,name.IndexOf(" "))
[Task: 57] Number of evaluations: 534
[Task: 57] 2021-09-17 03:40:45.212934
[Task: 57] Time taken: 0:00:00.699038
[Task: 57] 
[Task: 58] Loading bustle model....
[Task: 58] Count: 58
[Task: 58] 
[Task: 58] 2021-09-17 03:40:44.507333
[Task: 58] Number of programs: 13
[Task: 58] Size: 0 Evaluations: 0
[Task: 58] Size: 1 Evaluations: 0
[Task: 58] Size: 2 Evaluations: 14
[Task: 58] Size: 3 Evaluations: 57
[Task: 58] Size: 4 Evaluations: 46
[Task: 58] Size: 5 Evaluations: 254
[Task: 58] Size: 6 Evaluations: 214
[Task: 58] Size: 7 Evaluations: 1015
[Task: 58] Size: 8 Evaluations: 733
[Task: 58] Benchmark: phone-6.sl
[Task: 58] Result: Success
[Task: 58] Program: name.Substr(name.IndexOf(" "),name.IndexOf("-")).strip()
[Task: 58] Number of evaluations: 2749
[Task: 58] 2021-09-17 03:40:46.975518
[Task: 58] Time taken: 0:00:02.465135
[Task: 58] 
[Task: 59] Loading bustle model....
[Task: 59] Count: 59
[Task: 59] 
[Task: 59] 2021-09-17 03:40:44.665716
[Task: 59] Number of programs: 13
[Task: 59] Size: 0 Evaluations: 0
[Task: 59] Size: 1 Evaluations: 0
[Task: 59] Size: 2 Evaluations: 14
[Task: 59] Size: 3 Evaluations: 57
[Task: 59] Size: 4 Evaluations: 46
[Task: 59] Size: 5 Evaluations: 232
[Task: 59] Size: 6 Evaluations: 196
[Task: 59] Size: 7 Evaluations: 886
[Task: 59] Size: 8 Evaluations: 605
[Task: 59] Benchmark: phone-7.sl
[Task: 59] Result: Success
[Task: 59] Program: name[(1 + name.IndexOf("-")):][:3]
[Task: 59] Number of evaluations: 2457
[Task: 59] 2021-09-17 03:40:46.761188
[Task: 59] Time taken: 0:00:02.095394
[Task: 59] 
[Task: 60] Loading bustle model....
[Task: 60] Count: 60
[Task: 60] 
[Task: 60] 2021-09-17 03:40:44.669845
[Task: 60] Number of programs: 13
[Task: 60] Size: 0 Evaluations: 0
[Task: 60] Size: 1 Evaluations: 0
[Task: 60] Size: 2 Evaluations: 14
[Task: 60] Size: 3 Evaluations: 56
[Task: 60] Size: 4 Evaluations: 40
[Task: 60] Benchmark: phone-8.sl
[Task: 60] Result: Success
[Task: 60] Program: name[(0 - 3):]
[Task: 60] Number of evaluations: 253
[Task: 60] 2021-09-17 03:40:45.222428
[Task: 60] Time taken: 0:00:00.554229
[Task: 60] 
[Task: 61] Loading bustle model....
[Task: 61] Count: 61
[Task: 61] 
[Task: 61] 2021-09-17 03:40:44.677528
[Task: 61] Number of programs: 13
[Task: 61] Size: 0 Evaluations: 0
[Task: 61] Size: 1 Evaluations: 0
[Task: 61] Size: 2 Evaluations: 14
[Task: 61] Size: 3 Evaluations: 57
[Task: 61] Size: 4 Evaluations: 81
[Task: 61] Size: 5 Evaluations: 291
[Task: 61] Size: 6 Evaluations: 466
[Task: 61] Size: 7 Evaluations: 1339
[Task: 61] Size: 8 Evaluations: 2368
[Task: 61] Size: 9 Evaluations: 5477
[Task: 61] Size: 10 Evaluations: 12284
[Task: 61] Size: 11 Evaluations: 29370
[Task: 61] Size: 12 Evaluations: 78718
[Task: 61] Size: 13 Evaluations: 187942
[Task: 61] Size: 14 Evaluations: 519143
[Task: 61] Benchmark: phone-9.sl
[Task: 61] Result: Success
[Task: 61] Program: name.replace("-", ".",2).replace(" ", ".")[1:]
[Task: 61] Number of evaluations: 1332217
[Task: 61] 2021-09-17 03:58:56.315995
[Task: 61] Time taken: 0:18:11.638532
[Task: 61] 
[Task: 62] Loading bustle model....
[Task: 62] Count: 62
[Task: 62] 
[Task: 62] 2021-09-17 03:40:44.634796
[Task: 62] Number of programs: 10
[Task: 62] Size: 0 Evaluations: 0
[Task: 62] Size: 1 Evaluations: 0
[Task: 62] Size: 2 Evaluations: 11
[Task: 62] Benchmark: phone.sl
[Task: 62] Result: Success
[Task: 62] Program: name[:3]
[Task: 62] Number of evaluations: 24
[Task: 62] 2021-09-17 03:40:44.982768
[Task: 62] Time taken: 0:00:00.347891
[Task: 62] 
[Task: 63] Loading bustle model....
[Task: 63] Count: 63
[Task: 63] 
[Task: 63] 2021-09-17 03:40:44.551539
[Task: 63] Number of programs: 9
[Task: 63] Size: 0 Evaluations: 0
[Task: 63] Size: 1 Evaluations: 0
[Task: 63] Size: 2 Evaluations: 11
[Task: 63] Size: 3 Evaluations: 19
[Task: 63] Size: 4 Evaluations: 18
[Task: 63] Benchmark: remove-file-extension-from-filename.sl
[Task: 63] Result: Success
[Task: 63] Program: _arg_0[:_arg_0.IndexOf(".")]
[Task: 63] Number of evaluations: 88
[Task: 63] 2021-09-17 03:40:44.964019
[Task: 63] Time taken: 0:00:00.412457
[Task: 63] 
[Task: 64] Loading bustle model....
[Task: 64] Count: 64
[Task: 64] 
[Task: 64] 2021-09-17 03:40:44.597578
[Task: 64] Number of programs: 8
[Task: 64] Size: 0 Evaluations: 0
[Task: 64] Size: 1 Evaluations: 0
[Task: 64] Size: 2 Evaluations: 11
[Task: 64] Size: 3 Evaluations: 13
[Task: 64] Size: 4 Evaluations: 8
[Task: 64] Size: 5 Evaluations: 35
[Task: 64] Size: 6 Evaluations: 35
[Task: 64] Size: 7 Evaluations: 70
[Task: 64] Size: 8 Evaluations: 167
[Task: 64] Size: 9 Evaluations: 218
[Task: 64] Size: 10 Evaluations: 452
[Task: 64] Size: 11 Evaluations: 905
[Task: 64] Size: 12 Evaluations: 1533
[Task: 64] Size: 13 Evaluations: 3321
[Task: 64] Size: 14 Evaluations: 5883
[Task: 64] Size: 15 Evaluations: 10795
[Task: 64] Size: 16 Evaluations: 21598
[Task: 64] Size: 17 Evaluations: 38187
[Task: 64] Size: 18 Evaluations: 75162
[Task: 64] Benchmark: remove-leading-and-trailing-spaces-from-text.sl
[Task: 64] Result: Success
[Task: 64] Program: _arg_0.replace(concat(" ", " "), "").replace(concat(" ", " "), " ")
[Task: 64] Number of evaluations: 212630
[Task: 64] 2021-09-17 03:42:43.143094
[Task: 64] Time taken: 0:01:58.545511
[Task: 64] 
[Task: 65] Loading bustle model....
[Task: 65] Count: 65
[Task: 65] 
[Task: 65] 2021-09-17 03:40:44.699339
[Task: 65] Number of programs: 9
[Task: 65] Size: 0 Evaluations: 0
[Task: 65] Size: 1 Evaluations: 0
[Task: 65] Size: 2 Evaluations: 10
[Task: 65] Size: 3 Evaluations: 19
[Task: 65] Size: 4 Evaluations: 22
[Task: 65] Benchmark: remove-text-by-matching.sl
[Task: 65] Result: Success
[Task: 65] Program: _arg_0.replace("-", "",-1)
[Task: 65] Number of evaluations: 83
[Task: 65] 2021-09-17 03:40:45.216404
[Task: 65] Time taken: 0:00:00.519875
[Task: 65] 
[Task: 66] Loading bustle model....
[Task: 66] Count: 66
[Task: 66] 
[Task: 66] 2021-09-17 03:40:44.527003
[Task: 66] Number of programs: 9
[Task: 66] Size: 0 Evaluations: 0
[Task: 66] Size: 1 Evaluations: 0
[Task: 66] Size: 2 Evaluations: 11
[Task: 66] Size: 3 Evaluations: 18
[Task: 66] Size: 4 Evaluations: 16
[Task: 66] Size: 5 Evaluations: 60
[Task: 66] Size: 6 Evaluations: 101
[Task: 66] Size: 7 Evaluations: 374
[Task: 66] Size: 8 Evaluations: 755
[Task: 66] Size: 9 Evaluations: 2676
[Task: 66] Size: 10 Evaluations: 6335
[Task: 66] Size: 11 Evaluations: 21135
[Task: 66] Size: 12 Evaluations: 55973
[Task: 66] Size: 13 Evaluations: 180028
[Task: 66] Benchmark: remove-text-by-position.sl
[Task: 66] Result: Success
[Task: 66] Program: _arg_0[concat(" ", _arg_0.replace("/", " ").replace("/", " ")).IndexOf("/"):]
[Task: 66] Number of evaluations: 682688
[Task: 66] 2021-09-17 03:44:12.362683
[Task: 66] Time taken: 0:03:27.833403
[Task: 66] 
[Task: 67] Loading bustle model....
[Task: 67] Count: 67
[Task: 67] 
[Task: 67] 2021-09-17 03:40:44.607314
[Task: 67] Number of programs: 9
[Task: 67] Size: 0 Evaluations: 0
[Task: 67] Size: 1 Evaluations: 0
[Task: 67] Size: 2 Evaluations: 12
[Task: 67] Size: 3 Evaluations: 20
[Task: 67] Size: 4 Evaluations: 5
[Task: 67] Size: 5 Evaluations: 48
[Task: 67] Size: 6 Evaluations: 28
[Task: 67] Size: 7 Evaluations: 92
[Task: 67] Size: 8 Evaluations: 121
[Task: 67] Size: 9 Evaluations: 181
[Task: 67] Size: 10 Evaluations: 346
[Task: 67] Benchmark: remove-unwanted-characters.sl
[Task: 67] Result: Success
[Task: 67] Program: _arg_0.replace(_arg_1.strip(), "",-1)
[Task: 67] Number of evaluations: 1076
[Task: 67] 2021-09-17 03:40:45.939196
[Task: 67] Time taken: 0:00:01.331871
[Task: 67] 
[Task: 68] Loading bustle model....
[Task: 68] Count: 68
[Task: 68] 
[Task: 68] 2021-09-17 03:40:44.620810
[Task: 68] Number of programs: 9
[Task: 68] Size: 0 Evaluations: 0
[Task: 68] Size: 1 Evaluations: 0
[Task: 68] Size: 2 Evaluations: 10
[Task: 68] Size: 3 Evaluations: 19
[Task: 68] Size: 4 Evaluations: 12
[Task: 68] Benchmark: replace-one-character-with-another.sl
[Task: 68] Result: Success
[Task: 68] Program: _arg_0.replace(" ", "-",-1)
[Task: 68] Number of evaluations: 64
[Task: 68] 2021-09-17 03:40:45.043168
[Task: 68] Time taken: 0:00:00.422262
[Task: 68] 
[Task: 69] Loading bustle model....
[Task: 69] Count: 69
[Task: 69] 
[Task: 69] 2021-09-17 04:48:50.378793
[Task: 69] Number of programs: 8
[Task: 69] Size: 0 Evaluations: 0
[Task: 69] Size: 1 Evaluations: 0
[Task: 69] Size: 2 Evaluations: 14
[Task: 69] Size: 3 Evaluations: 27
[Task: 69] Size: 4 Evaluations: 17
[Task: 69] Benchmark: reverse-name.sl
[Task: 69] Result: Success
[Task: 69] Program: concat(lastname, concat(" ", firstname))
[Task: 69] Number of evaluations: 79
[Task: 69] 2021-09-17 04:48:50.964022
[Task: 69] Time taken: 0:00:00.585216
[Task: 69] 
[Task: 70] Loading bustle model....
[Task: 70] Count: 70
[Task: 70] 
[Task: 70] 2021-09-17 04:48:50.435625
[Task: 70] Number of programs: 13
[Task: 70] Size: 0 Evaluations: 0
[Task: 70] Size: 1 Evaluations: 0
[Task: 70] Size: 2 Evaluations: 15
[Task: 70] Size: 3 Evaluations: 38
[Task: 70] Size: 4 Evaluations: 47
[Task: 70] Size: 5 Evaluations: 237
[Task: 70] Size: 6 Evaluations: 291
[Task: 70] Size: 7 Evaluations: 973
[Task: 70] Size: 8 Evaluations: 1551
[Task: 70] Size: 9 Evaluations: 4664
[Task: 70] Size: 10 Evaluations: 10919
[Task: 70] Size: 11 Evaluations: 26931
[Task: 70] Size: 12 Evaluations: 74143
[Task: 70] Benchmark: stackoverflow10.sl
[Task: 70] Result: Success
[Task: 70] Program: _arg_0[_arg_0.IndexOf(1.IntToStr(),(3 + _arg_0.IndexOf(" "))):][:4]
[Task: 70] Number of evaluations: 185773
[Task: 70] 2021-09-17 04:52:14.159136
[Task: 70] Time taken: 0:03:23.723458
[Task: 70] 
[Task: 71] Loading bustle model....
[Task: 71] Count: 71
[Task: 71] 
[Task: 71] 2021-09-17 04:48:50.425713
[Task: 71] Number of programs: 19
[Task: 71] Size: 0 Evaluations: 0
[Task: 71] Size: 1 Evaluations: 0
[Task: 71] Size: 2 Evaluations: 27
[Task: 71] Size: 3 Evaluations: 186
[Task: 71] Size: 4 Evaluations: 193
[Task: 71] Size: 5 Evaluations: 727
[Task: 71] Size: 6 Evaluations: 4744
[Task: 71] Size: 7 Evaluations: 23427
[Task: 71] Size: 8 Evaluations: 108922
[Task: 71] Size: 9 Evaluations: 604449
[Task: 71] Size: 10 Evaluations: 3031419
[Task: 72] Loading bustle model....
[Task: 72] Count: 72
[Task: 72] 
[Task: 72] 2021-09-17 04:48:50.452110
[Task: 72] Number of programs: 12
[Task: 72] Size: 0 Evaluations: 0
[Task: 72] Size: 1 Evaluations: 0
[Task: 72] Size: 2 Evaluations: 19
[Task: 72] Size: 3 Evaluations: 59
[Task: 72] Size: 4 Evaluations: 58
[Task: 72] Size: 5 Evaluations: 229
[Task: 72] Benchmark: stackoverflow1.sl
[Task: 72] Result: Success
[Task: 72] Program: _arg_0[:_arg_0.IndexOf("Inc")].strip()
[Task: 72] Number of evaluations: 850
[Task: 72] 2021-09-17 04:48:51.046956
[Task: 72] Time taken: 0:00:00.591581
[Task: 72] 
[Task: 73] Loading bustle model....
[Task: 73] Count: 73
[Task: 73] 
[Task: 73] 2021-09-17 04:48:50.424172
[Task: 73] Number of programs: 9
[Task: 73] Size: 0 Evaluations: 0
[Task: 73] Size: 1 Evaluations: 0
[Task: 73] Size: 2 Evaluations: 13
[Task: 73] Size: 3 Evaluations: 17
[Task: 73] Size: 4 Evaluations: 18
[Task: 73] Size: 5 Evaluations: 72
[Task: 73] Size: 6 Evaluations: 104
[Task: 73] Size: 7 Evaluations: 395
[Task: 73] Size: 8 Evaluations: 655
[Task: 73] Size: 9 Evaluations: 2662
[Task: 73] Benchmark: stackoverflow2.sl
[Task: 73] Result: Success
[Task: 73] Program: _arg_0[:_arg_0.IndexOf(" ",(-1 - _arg_0.IndexOf(" ")))]
[Task: 73] Number of evaluations: 7642
[Task: 73] 2021-09-17 04:48:52.699874
[Task: 73] Time taken: 0:00:02.274071
[Task: 73] 
[Task: 74] Loading bustle model....
[Task: 74] Count: 74
[Task: 74] 
[Task: 74] 2021-09-17 04:48:50.446011
[Task: 74] Number of programs: 13
[Task: 74] Size: 0 Evaluations: 0
[Task: 74] Size: 1 Evaluations: 0
[Task: 74] Size: 2 Evaluations: 15
[Task: 74] Size: 3 Evaluations: 37
[Task: 74] Size: 4 Evaluations: 54
[Task: 74] Size: 5 Evaluations: 220
[Task: 74] Size: 6 Evaluations: 520
[Task: 74] Size: 7 Evaluations: 2389
[Task: 74] Size: 8 Evaluations: 7133
[Task: 74] Benchmark: stackoverflow3.sl
[Task: 74] Result: Success
[Task: 74] Program: _arg_0[3:][_arg_0.IndexOf("9"):].strip()
[Task: 74] Number of evaluations: 22026
[Task: 74] 2021-09-17 04:48:55.562806
[Task: 74] Time taken: 0:00:05.113518
[Task: 74] 
[Task: 75] Loading bustle model....
[Task: 75] Count: 75
[Task: 75] 
[Task: 75] 2021-09-17 04:48:50.498697
[Task: 75] Number of programs: 12
[Task: 75] Size: 0 Evaluations: 0
[Task: 75] Size: 1 Evaluations: 0
[Task: 75] Size: 2 Evaluations: 14
[Task: 75] Size: 3 Evaluations: 45
[Task: 75] Size: 4 Evaluations: 40
[Task: 75] Size: 5 Evaluations: 78
[Task: 75] Size: 6 Evaluations: 90
[Task: 75] Size: 7 Evaluations: 178
[Task: 75] Size: 8 Evaluations: 334
[Task: 75] Size: 9 Evaluations: 547
[Task: 75] Size: 10 Evaluations: 1572
[Task: 75] Size: 11 Evaluations: 2902
[Task: 75] Size: 12 Evaluations: 7087
[Task: 75] Size: 13 Evaluations: 12088
[Task: 75] Size: 14 Evaluations: 24445
[Task: 75] Benchmark: stackoverflow4.sl
[Task: 75] Result: Success
[Task: 75] Program: _arg_0.replace(",", " ",-1).replace("<", " ")[:-1]
[Task: 75] Number of evaluations: 73340
[Task: 75] 2021-09-17 04:49:22.736532
[Task: 75] Time taken: 0:00:32.237770
[Task: 75] 
[Task: 76] Loading bustle model....
[Task: 76] Count: 76
[Task: 76] 
[Task: 76] 2021-09-17 04:48:50.451443
[Task: 76] Number of programs: 13
[Task: 76] Size: 0 Evaluations: 0
[Task: 76] Size: 1 Evaluations: 0
[Task: 76] Size: 2 Evaluations: 17
[Task: 76] Size: 3 Evaluations: 63
[Task: 76] Size: 4 Evaluations: 86
[Task: 76] Size: 5 Evaluations: 319
[Task: 76] Size: 6 Evaluations: 1198
[Task: 76] Benchmark: stackoverflow5.sl
[Task: 76] Result: Success
[Task: 76] Program: _arg_0[:(-1 + _arg_0.IndexOf("1"))]
[Task: 76] Number of evaluations: 5202
[Task: 76] 2021-09-17 04:48:51.577111
[Task: 76] Time taken: 0:00:01.122515
[Task: 76] 
[Task: 77] Loading bustle model....
[Task: 77] Count: 77
[Task: 77] 
[Task: 77] 2021-09-17 04:48:50.474050
[Task: 77] Number of programs: 10
[Task: 77] Size: 0 Evaluations: 0
[Task: 77] Size: 1 Evaluations: 0
[Task: 77] Size: 2 Evaluations: 13
[Task: 77] Size: 3 Evaluations: 27
[Task: 77] Size: 4 Evaluations: 37
[Task: 77] Size: 5 Evaluations: 124
[Task: 77] Size: 6 Evaluations: 355
[Task: 77] Size: 7 Evaluations: 1175
[Task: 77] Size: 8 Evaluations: 3664
[Task: 77] Size: 9 Evaluations: 12471
[Task: 77] Size: 10 Evaluations: 42450
[Task: 77] Size: 11 Evaluations: 147863
[Task: 77] Size: 12 Evaluations: 518134
[Task: 77] Benchmark: stackoverflow6.sl
[Task: 77] Result: Success
[Task: 77] Program: _arg_0[concat(" ", _arg_0.replace("=", " ")).IndexOf("="):].strip()
[Task: 77] Number of evaluations: 1921415
[Task: 77] 2021-09-17 04:56:05.576716
[Task: 77] Time taken: 0:07:15.102678
[Task: 77] 
[Task: 78] Loading bustle model....
[Task: 78] Count: 78
[Task: 78] 
[Task: 78] 2021-09-17 06:44:02.495490
[Task: 78] Number of programs: 9
[Task: 78] Size: 0 Evaluations: 0
[Task: 78] Size: 1 Evaluations: 0
[Task: 78] Size: 2 Evaluations: 14
[Task: 78] Size: 3 Evaluations: 25
[Task: 78] Size: 4 Evaluations: 8
[Task: 78] Size: 5 Evaluations: 76
[Task: 78] Size: 6 Evaluations: 48
[Task: 78] Size: 7 Evaluations: 166
[Task: 78] Size: 8 Evaluations: 350
[Task: 78] Size: 9 Evaluations: 384
[Task: 78] Benchmark: stackoverflow7.sl
[Task: 78] Result: Success
[Task: 78] Program: _arg_0.replace(_arg_1.strip(), "").strip()
[Task: 78] Number of evaluations: 1339
[Task: 78] 2021-09-17 06:44:03.507517
[Task: 78] Time taken: 0:00:01.011993
[Task: 78] 
[Task: 79] Loading bustle model....
[Task: 79] Count: 79
[Task: 79] 
[Task: 79] 2021-09-17 06:45:49.098653
[Task: 79] Number of programs: 12
[Task: 79] Size: 0 Evaluations: 0
[Task: 79] Size: 1 Evaluations: 0
[Task: 79] Size: 2 Evaluations: 15
[Task: 79] Size: 3 Evaluations: 35
[Task: 79] Size: 4 Evaluations: 79
[Task: 79] Size: 5 Evaluations: 262
[Task: 79] Size: 6 Evaluations: 730
[Task: 79] Size: 7 Evaluations: 2934
[Task: 79] Benchmark: stackoverflow8.sl
[Task: 79] Result: Success
[Task: 79] Program: _arg_0[_arg_0.IndexOf(_arg_0[-1:].upper()):]
[Task: 79] Number of evaluations: 11072
[Task: 79] 2021-09-17 06:45:51.626701
[Task: 79] Time taken: 0:00:02.526208
[Task: 79] 
[Task: 80] Loading bustle model....
[Task: 80] Count: 80
[Task: 80] 
[Task: 80] 2021-09-17 06:45:49.203679
[Task: 80] Number of programs: 8
[Task: 80] Size: 0 Evaluations: 0
[Task: 80] Size: 1 Evaluations: 0
[Task: 80] Size: 2 Evaluations: 11
[Task: 80] Size: 3 Evaluations: 13
[Task: 80] Size: 4 Evaluations: 15
[Task: 80] Size: 5 Evaluations: 43
[Task: 80] Size: 6 Evaluations: 79
[Task: 80] Size: 7 Evaluations: 233
[Task: 80] Size: 8 Evaluations: 464
[Task: 80] Size: 9 Evaluations: 1473
[Task: 80] Size: 10 Evaluations: 3163
[Task: 80] Benchmark: stackoverflow9.sl
[Task: 80] Result: Success
[Task: 80] Program: _arg_0[(1 + _arg_0.replace(" ", "").IndexOf(" ")):].strip()
[Task: 80] Number of evaluations: 9411
[Task: 80] 2021-09-17 06:45:53.073433
[Task: 80] Time taken: 0:00:03.869683
[Task: 80] 
[Task: 81] Loading bustle model....
[Task: 81] Count: 81
[Task: 81] 
[Task: 81] 2021-09-17 06:45:49.250445
[Task: 81] Number of programs: 11
[Task: 81] Size: 0 Evaluations: 0
[Task: 81] Size: 1 Evaluations: 0
[Task: 81] Size: 2 Evaluations: 14
[Task: 81] Size: 3 Evaluations: 31
[Task: 81] Size: 4 Evaluations: 34
[Task: 81] Size: 5 Evaluations: 55
[Task: 81] Size: 6 Evaluations: 103
[Task: 81] Size: 7 Evaluations: 106
[Task: 81] Size: 8 Evaluations: 366
[Task: 81] Size: 9 Evaluations: 418
[Task: 81] Benchmark: strip-html-from-text-or-numbers.sl
[Task: 81] Result: Success
[Task: 81] Program: _arg_0.Substr(_arg_0.IndexOf(0.IntToStr()),_arg_0.IndexOf("<",1))
[Task: 81] Number of evaluations: 2015
[Task: 81] 2021-09-17 06:45:50.704509
[Task: 81] Time taken: 0:00:01.453987
[Task: 81] 
[Task: 82] Loading bustle model....
[Task: 82] Count: 82
[Task: 82] 
[Task: 82] 2021-09-17 06:45:49.151566
[Task: 82] Number of programs: 20
[Task: 82] Size: 0 Evaluations: 0
[Task: 82] Size: 1 Evaluations: 0
[Task: 82] Size: 2 Evaluations: 19
[Task: 82] Size: 3 Evaluations: 68
[Task: 82] Size: 4 Evaluations: 157
[Task: 82] Size: 5 Evaluations: 733
[Task: 82] Size: 6 Evaluations: 1998
[Task: 82] Size: 7 Evaluations: 4723
[Task: 82] Size: 8 Evaluations: 17088
[Task: 82] Size: 9 Evaluations: 53666
[Task: 82] Size: 10 Evaluations: 230524
[Task: 82] Size: 11 Evaluations: 812412
[Task: 82] Size: 12 Evaluations: 3355440
[Task: 83] Loading bustle model....
[Task: 83] Count: 83
[Task: 83] 
[Task: 83] 2021-09-17 06:45:49.093831
[Task: 83] Number of programs: 18
[Task: 83] Size: 0 Evaluations: 0
[Task: 83] Size: 1 Evaluations: 0
[Task: 83] Size: 2 Evaluations: 18
[Task: 83] Size: 3 Evaluations: 61
[Task: 83] Size: 4 Evaluations: 51
[Task: 83] Size: 5 Evaluations: 406
[Task: 83] Size: 6 Evaluations: 327
[Task: 83] Size: 7 Evaluations: 2381
[Task: 83] Size: 8 Evaluations: 5680
[Task: 83] Size: 9 Evaluations: 27042
[Task: 83] Size: 10 Evaluations: 51502
[Task: 83] Size: 11 Evaluations: 370947
[Task: 83] Size: 12 Evaluations: 921807
[Task: 83] Size: 13 Evaluations: 7087616
[Task: 84] Loading bustle model....
[Task: 84] Count: 84
[Task: 84] 
[Task: 84] 2021-09-17 06:45:49.164836
[Task: 84] Number of programs: 9
[Task: 84] Size: 0 Evaluations: 0
[Task: 84] Size: 1 Evaluations: 0
[Task: 84] Size: 2 Evaluations: 15
[Task: 84] Size: 3 Evaluations: 37
[Task: 84] Size: 4 Evaluations: 31
[Task: 84] Size: 5 Evaluations: 170
[Task: 84] Size: 6 Evaluations: 207
[Task: 84] Benchmark: univ_1.sl
[Task: 84] Result: Success
[Task: 84] Program: concat(col1, concat(",", concat(" ", col2)))
[Task: 84] Number of evaluations: 471
[Task: 84] 2021-09-17 06:45:49.888844
[Task: 84] Time taken: 0:00:00.723931
[Task: 84] 
[Task: 85] Loading bustle model....
[Task: 85] Count: 85
[Task: 85] 
[Task: 85] 2021-09-17 06:45:49.090213
[Task: 85] Number of programs: 15
[Task: 85] Size: 0 Evaluations: 0
[Task: 85] Size: 1 Evaluations: 0
[Task: 85] Size: 2 Evaluations: 29
[Task: 85] Size: 3 Evaluations: 135
[Task: 85] Size: 4 Evaluations: 81
[Task: 85] Size: 5 Evaluations: 408
[Task: 85] Size: 6 Evaluations: 1024
[Task: 85] Size: 7 Evaluations: 2629
[Task: 85] Size: 8 Evaluations: 7570
[Task: 85] Size: 9 Evaluations: 20714
[Task: 85] Size: 10 Evaluations: 52235
[Task: 85] Size: 11 Evaluations: 156439
[Task: 85] Size: 12 Evaluations: 389345
[Task: 85] Size: 13 Evaluations: 1083281
[Task: 85] Size: 14 Evaluations: 2917477
[Task: 86] Loading bustle model....
[Task: 86] Count: 86
[Task: 86] 
[Task: 86] 2021-09-17 06:45:49.086096
[Task: 86] Number of programs: 15
[Task: 86] Size: 0 Evaluations: 0
[Task: 86] Size: 1 Evaluations: 0
[Task: 86] Size: 2 Evaluations: 29
[Task: 86] Size: 3 Evaluations: 135
[Task: 86] Size: 4 Evaluations: 246
[Task: 86] Size: 5 Evaluations: 1221
[Task: 86] Size: 6 Evaluations: 4601
[Task: 86] Size: 7 Evaluations: 14714
[Task: 86] Size: 8 Evaluations: 65235
[Task: 86] Size: 9 Evaluations: 229484
[Task: 86] Size: 10 Evaluations: 1036741
[Task: 86] Size: 11 Evaluations: 4160545
[Task: 87] Loading bustle model....
[Task: 87] Count: 87
[Task: 87] 
[Task: 87] 2021-09-17 06:45:49.100481
[Task: 87] Number of programs: 16
[Task: 87] Size: 0 Evaluations: 0
[Task: 87] Size: 1 Evaluations: 0
[Task: 87] Size: 2 Evaluations: 33
[Task: 87] Size: 3 Evaluations: 166
[Task: 87] Size: 4 Evaluations: 150
[Task: 87] Size: 5 Evaluations: 1224
[Task: 87] Size: 6 Evaluations: 3987
[Task: 87] Size: 7 Evaluations: 12054
[Task: 87] Size: 8 Evaluations: 57843
[Task: 87] Size: 9 Evaluations: 226877
[Task: 87] Size: 10 Evaluations: 841506
[Task: 87] Size: 11 Evaluations: 3870026
[Task: 88] Loading bustle model....
[Task: 88] Count: 88
[Task: 88] 
[Task: 88] 2021-09-17 06:45:49.176094
[Task: 88] Number of programs: 36
[Task: 88] Size: 0 Evaluations: 0
[Task: 88] Size: 1 Evaluations: 0
[Task: 88] Size: 2 Evaluations: 71
[Task: 88] Size: 3 Evaluations: 1005
[Task: 88] Size: 4 Evaluations: 2353
[Task: 88] Size: 5 Evaluations: 4819
[Task: 88] Size: 6 Evaluations: 56712
[Task: 88] Size: 7 Evaluations: 261893
[Task: 88] Size: 8 Evaluations: 1279526
