[Task: 0] Loading bustle model....
[Task: 0] Count: 0
[Task: 0] 
[Task: 0] 2021-09-10 12:38:45.760093
[Task: 0] Number of programs: 10
[Task: 0] Size: 0 Evaluations: 0
[Task: 0] Size: 1 Evaluations: 0
[Task: 0] Size: 2 Evaluations: 17
[Task: 0] Size: 3 Evaluations: 34
[Task: 0] Size: 4 Evaluations: 46
[Task: 0] Size: 5 Evaluations: 116
[Task: 0] Size: 6 Evaluations: 308
[Task: 0] Size: 7 Evaluations: 877
[Task: 0] Benchmark: 11440431.sl
[Task: 0] Result: Success
[Task: 0] Program: _arg_0.replace("US", "").replace("CAN", "").strip()
[Task: 0] Number of evaluations: 2536
[Task: 0] 2021-09-10 12:38:47.045061
[Task: 0] Time taken: 0:00:01.284887
[Task: 0] 
[Task: 1] Loading bustle model....
[Task: 1] Count: 1
[Task: 1] 
[Task: 1] 2021-09-10 12:38:45.536407
[Task: 1] Number of programs: 10
[Task: 1] Size: 0 Evaluations: 0
[Task: 1] Size: 1 Evaluations: 0
[Task: 1] Size: 2 Evaluations: 12
[Task: 1] Size: 3 Evaluations: 20
[Task: 1] Size: 4 Evaluations: 17
[Task: 1] Size: 5 Evaluations: 59
[Task: 1] Size: 6 Evaluations: 62
[Task: 1] Size: 7 Evaluations: 195
[Task: 1] Size: 8 Evaluations: 161
[Task: 1] Size: 9 Evaluations: 661
[Task: 1] Size: 10 Evaluations: 694
[Task: 1] Size: 11 Evaluations: 2112
[Task: 1] Size: 12 Evaluations: 3301
[Task: 1] Benchmark: 11604909.sl
[Task: 1] Result: Success
[Task: 1] Program: _arg_0[(-1 + _arg_0.IndexOf(".")):][:(1 + (1 + 1))]
[Task: 1] Number of evaluations: 10232
[Task: 1] 2021-09-10 12:38:53.146890
[Task: 1] Time taken: 0:00:07.609060
[Task: 1] 
[Task: 2] Loading bustle model....
[Task: 2] Count: 2
[Task: 2] 
[Task: 2] 2021-09-10 12:38:45.528307
[Task: 2] Number of programs: 9
[Task: 2] Size: 0 Evaluations: 0
[Task: 2] Size: 1 Evaluations: 0
[Task: 2] Size: 2 Evaluations: 10
[Task: 2] Size: 3 Evaluations: 17
[Task: 2] Size: 4 Evaluations: 19
[Task: 2] Size: 5 Evaluations: 48
[Task: 2] Size: 6 Evaluations: 83
[Task: 2] Size: 7 Evaluations: 165
[Task: 2] Size: 8 Evaluations: 276
[Task: 2] Size: 9 Evaluations: 504
[Task: 2] Size: 10 Evaluations: 1097
[Task: 2] Size: 11 Evaluations: 2030
[Task: 2] Benchmark: 17212077.sl
[Task: 2] Result: Success
[Task: 2] Program: _arg_0[:(1 + 1)] + "/" + _arg_0[_arg_0.IndexOf((1 + 1).IntToStr()):]
[Task: 2] Number of evaluations: 6814
[Task: 2] 2021-09-10 12:38:49.555752
[Task: 2] Time taken: 0:00:04.027439
[Task: 2] 
[Task: 3] Loading bustle model....
[Task: 3] Count: 3
[Task: 3] 
[Task: 3] 2021-09-10 12:38:45.595844
[Task: 3] Number of programs: 8
[Task: 3] Size: 0 Evaluations: 0
[Task: 3] Size: 1 Evaluations: 0
[Task: 3] Size: 2 Evaluations: 11
[Task: 3] Size: 3 Evaluations: 13
[Task: 3] Size: 4 Evaluations: 8
[Task: 3] Size: 5 Evaluations: 39
[Task: 3] Size: 6 Evaluations: 41
[Task: 3] Benchmark: 2171308.sl
[Task: 3] Result: Success
[Task: 3] Program: _arg_0[:1] + "" + _arg_0[_arg_0.IndexOf(" "):]
[Task: 3] Number of evaluations: 181
[Task: 3] 2021-09-10 12:38:46.092063
[Task: 3] Time taken: 0:00:00.496159
[Task: 3] 
[Task: 4] Loading bustle model....
[Task: 4] Count: 4
[Task: 4] 
[Task: 4] 2021-09-10 12:38:45.563991
[Task: 4] Number of programs: 14
[Task: 4] Size: 0 Evaluations: 0
[Task: 4] Size: 1 Evaluations: 0
[Task: 4] Size: 2 Evaluations: 30
[Task: 4] Size: 3 Evaluations: 101
[Task: 4] Size: 4 Evaluations: 83
[Task: 4] Size: 5 Evaluations: 297
[Task: 4] Size: 6 Evaluations: 553
[Task: 4] Size: 7 Evaluations: 1114
[Task: 4] Size: 8 Evaluations: 2249
[Task: 4] Size: 9 Evaluations: 5987
[Task: 4] Benchmark: 25239569.sl
[Task: 4] Result: Success
[Task: 4] Program: _arg_0.replace("BRD", "Branding").replace("DRS", "Direct Response").replace("LDS", "Leads")
[Task: 4] Number of evaluations: 15012
[Task: 4] 2021-09-10 12:38:51.245536
[Task: 4] Time taken: 0:00:05.681514
[Task: 4] 
[Task: 5] Loading bustle model....
[Task: 5] Count: 5
[Task: 5] 
[Task: 5] 2021-09-10 12:38:45.550667
[Task: 5] Number of programs: 10
[Task: 5] Size: 0 Evaluations: 0
[Task: 5] Size: 1 Evaluations: 0
[Task: 5] Size: 2 Evaluations: 13
[Task: 5] Size: 3 Evaluations: 27
[Task: 5] Size: 4 Evaluations: 20
[Task: 5] Size: 5 Evaluations: 76
[Task: 5] Size: 6 Evaluations: 54
[Task: 5] Benchmark: 28627624_1.sl
[Task: 5] Result: Success
[Task: 5] Program: _arg_0[:(-1 + _arg_0.IndexOf("-"))]
[Task: 5] Number of evaluations: 248
[Task: 5] 2021-09-10 12:38:46.073636
[Task: 5] Time taken: 0:00:00.522942
[Task: 5] 
[Task: 6] Loading bustle model....
[Task: 6] Count: 6
[Task: 6] 
[Task: 6] 2021-09-10 12:38:45.553482
[Task: 6] Number of programs: 9
[Task: 6] Size: 0 Evaluations: 0
[Task: 6] Size: 1 Evaluations: 0
[Task: 6] Size: 2 Evaluations: 11
[Task: 6] Size: 3 Evaluations: 18
[Task: 6] Size: 4 Evaluations: 18
[Task: 6] Size: 5 Evaluations: 43
[Task: 6] Size: 6 Evaluations: 101
[Task: 6] Size: 7 Evaluations: 163
[Task: 6] Size: 8 Evaluations: 384
[Task: 6] Size: 9 Evaluations: 1096
[Task: 6] Size: 10 Evaluations: 1876
[Task: 6] Size: 11 Evaluations: 4967
[Task: 6] Size: 12 Evaluations: 13642
[Task: 6] Benchmark: 30732554.sl
[Task: 6] Result: Success
[Task: 6] Program: _arg_0[:concat(_arg_0, "|").IndexOf("|")]
[Task: 6] Number of evaluations: 41580
[Task: 6] 2021-09-10 12:39:02.792260
[Task: 6] Time taken: 0:00:17.238755
[Task: 6] 
[Task: 7] Loading bustle model....
[Task: 7] Count: 7
[Task: 7] 
[Task: 7] 2021-09-10 12:38:45.582819
[Task: 7] Number of programs: 13
[Task: 7] Size: 0 Evaluations: 0
[Task: 7] Size: 1 Evaluations: 0
[Task: 7] Size: 2 Evaluations: 15
[Task: 7] Size: 3 Evaluations: 37
[Task: 7] Size: 4 Evaluations: 36
[Task: 7] Size: 5 Evaluations: 193
[Task: 7] Size: 6 Evaluations: 237
[Task: 7] Size: 7 Evaluations: 645
[Task: 7] Size: 8 Evaluations: 845
[Task: 7] Size: 9 Evaluations: 2076
[Task: 7] Size: 10 Evaluations: 4116
[Task: 7] Size: 11 Evaluations: 8694
[Task: 7] Size: 12 Evaluations: 16794
[Task: 7] Size: 13 Evaluations: 39874
[Task: 7] Size: 14 Evaluations: 98837
[Task: 7] Size: 15 Evaluations: 235821
[Task: 7] Size: 16 Evaluations: 617999
[Task: 7] Size: 17 Evaluations: 1360802
[Task: 7] Size: 18 Evaluations: 3663495
[Task: 7] Benchmark: 31753108.sl
[Task: 7] Result: Success
[Task: 7] Program: _arg_0.Substr(_arg_0.IndexOf(" ",5),_arg_0.IndexOf(" ",(1 + _arg_0.IndexOf(" ",5)))).strip()
[Task: 7] Number of evaluations: 7583568
[Task: 7] 2021-09-10 13:45:44.240394
[Task: 7] Time taken: 1:06:58.657534
[Task: 7] 
[Task: 8] Loading bustle model....
[Task: 8] Count: 8
[Task: 8] 
[Task: 8] 2021-09-10 12:38:45.516781
[Task: 8] Number of programs: 12
[Task: 8] Size: 0 Evaluations: 0
[Task: 8] Size: 1 Evaluations: 0
[Task: 8] Size: 2 Evaluations: 26
[Task: 8] Size: 3 Evaluations: 67
[Task: 8] Size: 4 Evaluations: 91
[Task: 8] Size: 5 Evaluations: 250
[Task: 8] Size: 6 Evaluations: 926
[Task: 8] Size: 7 Evaluations: 2816
[Task: 8] Size: 8 Evaluations: 7711
[Task: 8] Size: 9 Evaluations: 27166
[Task: 8] Size: 10 Evaluations: 86963
[Task: 8] Size: 11 Evaluations: 252603
[Task: 8] Size: 12 Evaluations: 883982
[Task: 8] Size: 13 Evaluations: 2844489
[Task: 8] Benchmark: 33619752.sl
[Task: 8] Result: Success
[Task: 8] Program: _arg_0.replace("Inc", "").replace("Company", "").replace("Corporation", "").replace("Enterprises", "").strip()
[Task: 8] Number of evaluations: 9120022
[Task: 8] 2021-09-10 13:49:48.129755
[Task: 8] Time taken: 1:11:02.613010
[Task: 8] 
[Task: 9] Loading bustle model....
[Task: 9] Count: 9
[Task: 9] 
[Task: 9] 2021-09-10 12:38:45.521679
[Task: 9] Number of programs: 10
[Task: 9] Size: 0 Evaluations: 0
[Task: 9] Size: 1 Evaluations: 0
[Task: 9] Size: 2 Evaluations: 16
[Task: 9] Size: 3 Evaluations: 33
[Task: 9] Size: 4 Evaluations: 44
[Task: 9] Size: 5 Evaluations: 165
[Task: 9] Benchmark: 34801680.sl
[Task: 9] Result: Success
[Task: 9] Program: _arg_0[_arg_0.IndexOf(" "):].strip()
[Task: 9] Number of evaluations: 482
[Task: 9] 2021-09-10 12:38:45.974094
[Task: 9] Time taken: 0:00:00.452395
[Task: 9] 
[Task: 10] Loading bustle model....
[Task: 10] Count: 10
[Task: 10] 
[Task: 10] 2021-09-10 12:38:45.506421
[Task: 10] Number of programs: 10
[Task: 10] Size: 0 Evaluations: 0
[Task: 10] Size: 1 Evaluations: 0
[Task: 10] Size: 2 Evaluations: 17
[Task: 10] Size: 3 Evaluations: 30
[Task: 10] Size: 4 Evaluations: 35
[Task: 10] Size: 5 Evaluations: 145
[Task: 10] Benchmark: 35016216.sl
[Task: 10] Result: Success
[Task: 10] Program: (if_arg_0.Contain("C0") then _arg_0 else _arg_1)
[Task: 10] Number of evaluations: 398
[Task: 10] 2021-09-10 12:38:45.981243
[Task: 10] Time taken: 0:00:00.472845
[Task: 10] 
[Task: 11] Loading bustle model....
[Task: 11] Count: 11
[Task: 11] 
[Task: 11] 2021-09-10 12:38:45.537160
[Task: 11] Number of programs: 13
[Task: 11] Size: 0 Evaluations: 0
[Task: 11] Size: 1 Evaluations: 0
[Task: 11] Size: 2 Evaluations: 23
[Task: 11] Size: 3 Evaluations: 81
[Task: 11] Size: 4 Evaluations: 64
[Task: 11] Size: 5 Evaluations: 107
[Task: 11] Size: 6 Evaluations: 344
[Task: 11] Size: 7 Evaluations: 539
[Task: 11] Size: 8 Evaluations: 1557
[Task: 11] Size: 9 Evaluations: 3221
[Task: 11] Size: 10 Evaluations: 6708
[Task: 11] Size: 11 Evaluations: 18483
[Task: 11] Size: 12 Evaluations: 49201
[Task: 11] Size: 13 Evaluations: 134917
[Task: 11] Size: 14 Evaluations: 409692
[Task: 11] Size: 15 Evaluations: 1293307
[Task: 11] Benchmark: 35744094.sl
[Task: 11] Result: Success
[Task: 11] Program: (if_arg_0.Contain("windows") then "windows" else (if"/".SuffixOf(_arg_0) then "microsoft" else "mac"))
[Task: 11] Number of evaluations: 4179437
[Task: 11] 2021-09-10 12:57:16.502284
[Task: 11] Time taken: 0:18:30.963853
[Task: 11] 
[Task: 12] Loading bustle model....
[Task: 12] Count: 12
[Task: 12] 
[Task: 12] 2021-09-10 12:38:45.508653
[Task: 12] Number of programs: 9
[Task: 12] Size: 0 Evaluations: 0
[Task: 12] Size: 1 Evaluations: 0
[Task: 12] Size: 2 Evaluations: 11
[Task: 12] Size: 3 Evaluations: 18
[Task: 12] Size: 4 Evaluations: 13
[Task: 12] Size: 5 Evaluations: 62
[Task: 12] Size: 6 Evaluations: 94
[Task: 12] Size: 7 Evaluations: 355
[Task: 12] Size: 8 Evaluations: 624
[Task: 12] Size: 9 Evaluations: 2436
[Task: 12] Size: 10 Evaluations: 4952
[Task: 12] Size: 11 Evaluations: 17997
[Task: 12] Benchmark: 36462127.sl
[Task: 12] Result: Success
[Task: 12] Program: _arg_0[(-1 - concat(" ", _arg_0).IndexOf("/")):].replace("/", "")
[Task: 12] Number of evaluations: 45346
[Task: 12] 2021-09-10 12:39:00.136282
[Task: 12] Time taken: 0:00:14.625982
[Task: 12] 
[Task: 13] Loading bustle model....
[Task: 13] Count: 13
[Task: 13] 
[Task: 13] 2021-09-10 12:50:09.543038
[Task: 13] Number of programs: 10
[Task: 13] Size: 0 Evaluations: 0
[Task: 13] Size: 1 Evaluations: 0
[Task: 13] Size: 2 Evaluations: 18
[Task: 13] Size: 3 Evaluations: 33
[Task: 13] Size: 4 Evaluations: 41
[Task: 13] Size: 5 Evaluations: 189
[Task: 13] Size: 6 Evaluations: 389
[Task: 13] Benchmark: 37534494.sl
[Task: 13] Result: Success
[Task: 13] Program: (if_arg_0.Contain(_arg_2) then _arg_0 else _arg_1)
[Task: 13] Number of evaluations: 1167
[Task: 13] 2021-09-10 12:50:10.244557
[Task: 13] Time taken: 0:00:00.701441
[Task: 13] 
[Task: 14] Loading bustle model....
[Task: 14] Count: 14
[Task: 14] 
[Task: 14] 2021-09-10 12:50:09.460885
[Task: 14] Number of programs: 9
[Task: 14] Size: 0 Evaluations: 0
[Task: 14] Size: 1 Evaluations: 0
[Task: 14] Size: 2 Evaluations: 13
[Task: 14] Size: 3 Evaluations: 25
[Task: 14] Size: 4 Evaluations: 8
[Task: 14] Size: 5 Evaluations: 60
[Task: 14] Size: 6 Evaluations: 56
[Task: 14] Size: 7 Evaluations: 163
[Task: 14] Size: 8 Evaluations: 327
[Task: 14] Size: 9 Evaluations: 608
[Task: 14] Size: 10 Evaluations: 1452
[Task: 14] Benchmark: 38664547.sl
[Task: 14] Result: Success
[Task: 14] Program: _arg_0.replace(_arg_0.replace("that", "").upper(), "that").replace("that", "")
[Task: 14] Number of evaluations: 4033
[Task: 14] 2021-09-10 12:50:11.610289
[Task: 14] Time taken: 0:00:02.149378
[Task: 14] 
[Task: 15] Loading bustle model....
[Task: 15] Count: 15
[Task: 15] 
[Task: 15] 2021-09-10 12:50:09.467112
[Task: 15] Number of programs: 10
[Task: 15] Size: 0 Evaluations: 0
[Task: 15] Size: 1 Evaluations: 0
[Task: 15] Size: 2 Evaluations: 13
[Task: 15] Size: 3 Evaluations: 27
[Task: 15] Size: 4 Evaluations: 19
[Task: 15] Size: 5 Evaluations: 73
[Task: 15] Size: 6 Evaluations: 68
[Task: 15] Size: 7 Evaluations: 192
[Task: 15] Size: 8 Evaluations: 244
[Task: 15] Size: 9 Evaluations: 613
[Task: 15] Size: 10 Evaluations: 1032
[Task: 15] Size: 11 Evaluations: 2032
[Task: 15] Size: 12 Evaluations: 3662
[Task: 15] Size: 13 Evaluations: 6708
[Task: 15] Benchmark: 38871714.sl
[Task: 15] Result: Success
[Task: 15] Program: _arg_0.replace("<", "",-1).replace(">", "",-1)
[Task: 15] Number of evaluations: 20816
[Task: 15] 2021-09-10 12:50:17.050615
[Task: 15] Time taken: 0:00:07.583510
[Task: 15] 
[Task: 16] Loading bustle model....
[Task: 16] Count: 16
[Task: 16] 
[Task: 16] 2021-09-10 12:50:09.502368
[Task: 16] Number of programs: 9
[Task: 16] Size: 0 Evaluations: 0
[Task: 16] Size: 1 Evaluations: 0
[Task: 16] Size: 2 Evaluations: 12
[Task: 16] Size: 3 Evaluations: 20
[Task: 16] Size: 4 Evaluations: 11
[Task: 16] Size: 5 Evaluations: 54
[Task: 16] Size: 6 Evaluations: 37
[Task: 16] Size: 7 Evaluations: 166
[Task: 16] Size: 8 Evaluations: 184
[Task: 16] Size: 9 Evaluations: 611
[Task: 16] Size: 10 Evaluations: 878
[Task: 16] Size: 11 Evaluations: 2239
[Task: 16] Size: 12 Evaluations: 3783
[Task: 16] Size: 13 Evaluations: 8390
[Task: 16] Size: 14 Evaluations: 16235
[Task: 16] Size: 15 Evaluations: 33272
[Task: 16] Benchmark: 39060015.sl
[Task: 16] Result: Success
[Task: 16] Program: _arg_0.replace("/", _arg_0[:_arg_0.IndexOf("/")],-1)[_arg_0.Length():]
[Task: 16] Number of evaluations: 97327
[Task: 16] 2021-09-10 12:50:38.436012
[Task: 16] Time taken: 0:00:28.933638
[Task: 16] 
[Task: 17] Loading bustle model....
[Task: 17] Count: 17
[Task: 17] 
[Task: 17] 2021-09-10 12:50:09.491766
[Task: 17] Number of programs: 9
[Task: 17] Size: 0 Evaluations: 0
[Task: 17] Size: 1 Evaluations: 0
[Task: 17] Size: 2 Evaluations: 14
[Task: 17] Size: 3 Evaluations: 24
[Task: 17] Size: 4 Evaluations: 20
[Task: 17] Size: 5 Evaluations: 77
[Task: 17] Size: 6 Evaluations: 131
[Task: 17] Size: 7 Evaluations: 296
[Task: 17] Size: 8 Evaluations: 782
[Task: 17] Size: 9 Evaluations: 1582
[Task: 17] Benchmark: 41503046.sl
[Task: 17] Result: Success
[Task: 17] Program: _arg_0[:_arg_0.IndexOf(" ",("ssp.".Length() + "ssp.".Length()))]
[Task: 17] Number of evaluations: 4774
[Task: 17] 2021-09-10 12:50:11.802000
[Task: 17] Time taken: 0:00:02.310157
[Task: 17] 
[Task: 18] Loading bustle model....
[Task: 18] Count: 18
[Task: 18] 
[Task: 18] 2021-09-10 12:50:09.509341
[Task: 18] Number of programs: 17
[Task: 18] Size: 0 Evaluations: 0
[Task: 18] Size: 1 Evaluations: 0
[Task: 18] Size: 2 Evaluations: 28
[Task: 18] Size: 3 Evaluations: 153
[Task: 18] Size: 4 Evaluations: 115
[Task: 18] Size: 5 Evaluations: 241
[Task: 18] Size: 6 Evaluations: 608
[Task: 18] Size: 7 Evaluations: 1174
[Task: 18] Size: 8 Evaluations: 2394
[Task: 18] Size: 9 Evaluations: 4048
[Task: 18] Size: 10 Evaluations: 9643
[Task: 18] Size: 11 Evaluations: 19474
[Task: 18] Size: 12 Evaluations: 44545
[Task: 18] Size: 13 Evaluations: 107651
[Task: 18] Size: 14 Evaluations: 230087
[Task: 18] Size: 15 Evaluations: 496454
[Task: 18] Size: 16 Evaluations: 1057295
[Task: 18] Size: 17 Evaluations: 2235690
[Task: 19] Loading bustle model....
[Task: 19] Count: 19
[Task: 19] 
[Task: 19] 2021-09-10 12:50:09.471000
[Task: 19] Number of programs: 9
[Task: 19] Size: 0 Evaluations: 0
[Task: 19] Size: 1 Evaluations: 0
[Task: 19] Size: 2 Evaluations: 11
[Task: 19] Size: 3 Evaluations: 17
[Task: 19] Size: 4 Evaluations: 6
[Task: 19] Size: 5 Evaluations: 33
[Task: 19] Size: 6 Evaluations: 22
[Task: 19] Size: 7 Evaluations: 75
[Task: 19] Size: 8 Evaluations: 102
[Task: 19] Size: 9 Evaluations: 279
[Task: 19] Size: 10 Evaluations: 471
[Task: 19] Size: 11 Evaluations: 1244
[Task: 19] Size: 12 Evaluations: 2513
[Task: 19] Size: 13 Evaluations: 6095
[Task: 19] Size: 14 Evaluations: 13066
[Task: 19] Size: 15 Evaluations: 32475
[Task: 19] Size: 16 Evaluations: 71752
[Task: 19] Benchmark: 43606446.sl
[Task: 19] Result: Success
[Task: 19] Program: _arg_0.Substr(_arg_0.Substr(1,-1)[1:][1:].Length(),-1)
[Task: 19] Number of evaluations: 219636
[Task: 19] 2021-09-10 12:51:52.572344
[Task: 19] Time taken: 0:01:43.101375
[Task: 19] 
[Task: 20] Loading bustle model....
[Task: 20] Count: 20
[Task: 20] 
[Task: 20] 2021-09-10 12:50:09.474326
[Task: 20] Number of programs: 11
[Task: 20] Size: 0 Evaluations: 0
[Task: 20] Size: 1 Evaluations: 0
[Task: 20] Size: 2 Evaluations: 22
[Task: 20] Size: 3 Evaluations: 47
[Task: 20] Size: 4 Evaluations: 76
[Task: 20] Size: 5 Evaluations: 280
[Task: 20] Size: 6 Evaluations: 517
[Task: 20] Size: 7 Evaluations: 1258
[Task: 20] Size: 8 Evaluations: 2294
[Task: 20] Benchmark: add-a-line-break-with-a-formula.sl
[Task: 20] Result: Success
[Task: 20] Program: concat(_arg_0, concat("/n", concat(_arg_1, concat("/n", _arg_2))))
[Task: 20] Number of evaluations: 4559
[Task: 20] 2021-09-10 12:50:11.573035
[Task: 20] Time taken: 0:00:02.098716
[Task: 20] 
[Task: 21] Loading bustle model....
[Task: 21] Count: 21
[Task: 21] 
[Task: 21] 2021-09-10 12:50:09.495291
[Task: 21] Number of programs: 10
[Task: 21] Size: 0 Evaluations: 0
[Task: 21] Size: 1 Evaluations: 0
[Task: 21] Size: 2 Evaluations: 13
[Task: 21] Size: 3 Evaluations: 35
[Task: 21] Size: 4 Evaluations: 43
[Task: 21] Benchmark: bikes.sl
[Task: 21] Result: Success
[Task: 21] Program: name[:(0 - 3)]
[Task: 21] Number of evaluations: 154
[Task: 21] 2021-09-10 12:50:09.864408
[Task: 21] Time taken: 0:00:00.367438
[Task: 21] 
[Task: 22] Loading bustle model....
[Task: 22] Count: 22
[Task: 22] 
[Task: 22] 2021-09-10 12:54:50.870924
[Task: 22] Number of programs: 9
[Task: 22] Size: 0 Evaluations: 0
[Task: 22] Size: 1 Evaluations: 0
[Task: 22] Size: 2 Evaluations: 10
[Task: 22] Size: 3 Evaluations: 18
[Task: 22] Benchmark: change-negative-numbers-to-positive.sl
[Task: 22] Result: Success
[Task: 22] Program: _arg_0.replace("-", "")
[Task: 22] Number of evaluations: 34
[Task: 22] 2021-09-10 12:54:51.264592
[Task: 22] Time taken: 0:00:00.393650
[Task: 22] 
[Task: 23] Loading bustle model....
[Task: 23] Count: 23
[Task: 23] 
[Task: 23] 2021-09-10 12:54:50.891791
[Task: 23] Number of programs: 13
[Task: 23] Size: 0 Evaluations: 0
[Task: 23] Size: 1 Evaluations: 0
[Task: 23] Size: 2 Evaluations: 14
[Task: 23] Size: 3 Evaluations: 61
[Task: 23] Size: 4 Evaluations: 74
[Task: 23] Size: 5 Evaluations: 126
[Task: 23] Size: 6 Evaluations: 170
[Task: 23] Size: 7 Evaluations: 458
[Task: 23] Size: 8 Evaluations: 674
[Task: 23] Size: 9 Evaluations: 1134
[Task: 23] Size: 10 Evaluations: 3992
[Task: 23] Size: 11 Evaluations: 8061
[Task: 23] Size: 12 Evaluations: 19327
[Task: 23] Size: 13 Evaluations: 49717
[Task: 23] Size: 14 Evaluations: 107707
[Task: 23] Size: 15 Evaluations: 230807
[Task: 23] Size: 16 Evaluations: 624614
[Task: 23] Size: 17 Evaluations: 1489606
[Task: 23] Benchmark: clean-and-reformat-telephone-numbers.sl
[Task: 23] Result: Success
[Task: 23] Program: _arg_0.replace("-", "",-1).replace(".", "",-1).replace(" ", "").replace("<", "").replace(">", "")
[Task: 23] Number of evaluations: 4023540
[Task: 23] 2021-09-10 13:23:03.870532
[Task: 23] Time taken: 0:28:12.978693
[Task: 23] 
[Task: 24] Loading bustle model....
[Task: 24] Count: 24
[Task: 24] 
[Task: 24] 2021-09-10 12:54:50.878484
[Task: 24] Number of programs: 10
[Task: 24] Size: 0 Evaluations: 0
[Task: 24] Size: 1 Evaluations: 0
[Task: 24] Size: 2 Evaluations: 16
[Task: 24] Size: 3 Evaluations: 37
[Task: 24] Size: 4 Evaluations: 45
[Task: 24] Size: 5 Evaluations: 184
[Task: 24] Size: 6 Evaluations: 341
[Task: 24] Benchmark: create-email-address-from-name.sl
[Task: 24] Result: Success
[Task: 24] Program: concat(_arg_1.CharAt(0), concat(_arg_0, "_acme.com"))
[Task: 24] Number of evaluations: 765
[Task: 24] 2021-09-10 12:54:51.608498
[Task: 24] Time taken: 0:00:00.729942
[Task: 24] 
[Task: 25] Loading bustle model....
[Task: 25] Count: 25
[Task: 25] 
[Task: 25] 2021-09-10 13:43:43.690430
[Task: 25] Number of programs: 11
[Task: 25] Size: 0 Evaluations: 0
[Task: 25] Size: 1 Evaluations: 0
[Task: 25] Size: 2 Evaluations: 17
[Task: 25] Size: 3 Evaluations: 46
[Task: 25] Size: 4 Evaluations: 50
[Task: 25] Size: 5 Evaluations: 278
[Task: 25] Size: 6 Evaluations: 552
[Task: 25] Size: 7 Evaluations: 1500
[Task: 25] Size: 8 Evaluations: 4001
[Task: 25] Benchmark: create-email-address-with-name-and-domain.sl
[Task: 25] Result: Success
[Task: 25] Program: concat(_arg_0.CharAt(0), concat(_arg_1, concat("_", _arg_2)))
[Task: 25] Number of evaluations: 7162
[Task: 25] 2021-09-10 13:43:47.343314
[Task: 25] Time taken: 0:00:03.652842
[Task: 25] 
[Task: 26] Loading bustle model....
[Task: 26] Count: 26
[Task: 26] 
[Task: 26] 2021-09-10 13:43:43.743367
[Task: 26] Number of programs: 9
[Task: 26] Size: 0 Evaluations: 0
[Task: 26] Size: 1 Evaluations: 0
[Task: 26] Size: 2 Evaluations: 15
[Task: 26] Size: 3 Evaluations: 32
[Task: 26] Size: 4 Evaluations: 32
[Task: 26] Size: 5 Evaluations: 130
[Task: 26] Size: 6 Evaluations: 187
[Task: 26] Size: 7 Evaluations: 471
[Task: 26] Size: 8 Evaluations: 716
[Task: 26] Size: 9 Evaluations: 1362
[Task: 26] Size: 10 Evaluations: 2445
[Task: 26] Benchmark: dr-name.sl
[Task: 26] Result: Success
[Task: 26] Program: concat("Dr.", concat(" ", name[:name.IndexOf(" ")]))
[Task: 26] Number of evaluations: 5736
[Task: 26] 2021-09-10 13:43:47.014391
[Task: 26] Time taken: 0:00:03.270951
[Task: 26] 
[Task: 27] Loading bustle model....
[Task: 27] Count: 27
[Task: 27] 
[Task: 27] 2021-09-10 13:43:43.763643
[Task: 27] Number of programs: 10
[Task: 27] Size: 0 Evaluations: 0
[Task: 27] Size: 1 Evaluations: 0
[Task: 27] Size: 2 Evaluations: 14
[Task: 27] Size: 3 Evaluations: 32
[Task: 27] Size: 4 Evaluations: 39
[Task: 27] Size: 5 Evaluations: 183
[Task: 27] Size: 6 Evaluations: 361
[Task: 27] Benchmark: exceljet1.sl
[Task: 27] Result: Success
[Task: 27] Program: _arg_1[(1 + _arg_1.IndexOf("_")):]
[Task: 27] Number of evaluations: 1353
[Task: 27] 2021-09-10 13:43:44.547009
[Task: 27] Time taken: 0:00:00.783315
[Task: 27] 
[Task: 28] Loading bustle model....
[Task: 28] Count: 28
[Task: 28] 
[Task: 28] 2021-09-10 13:43:43.697142
[Task: 28] Number of programs: 9
[Task: 28] Size: 0 Evaluations: 0
[Task: 28] Size: 1 Evaluations: 0
[Task: 28] Size: 2 Evaluations: 11
[Task: 28] Size: 3 Evaluations: 18
[Task: 28] Size: 4 Evaluations: 15
[Task: 28] Size: 5 Evaluations: 68
[Task: 28] Size: 6 Evaluations: 104
[Task: 28] Size: 7 Evaluations: 422
[Task: 28] Size: 8 Evaluations: 725
[Task: 28] Size: 9 Evaluations: 3065
[Task: 28] Benchmark: exceljet2.sl
[Task: 28] Result: Success
[Task: 28] Program: _arg_0[(-1 + (-1 + -1)):].replace(".", "")
[Task: 28] Number of evaluations: 6925
[Task: 28] 2021-09-10 13:43:46.792190
[Task: 28] Time taken: 0:00:03.095237
[Task: 28] 
[Task: 29] Loading bustle model....
[Task: 29] Count: 29
[Task: 29] 
[Task: 29] 2021-09-10 13:43:43.727358
[Task: 29] Number of programs: 9
[Task: 29] Size: 0 Evaluations: 0
[Task: 29] Size: 1 Evaluations: 0
[Task: 29] Size: 2 Evaluations: 11
[Task: 29] Size: 3 Evaluations: 19
[Task: 29] Size: 4 Evaluations: 18
[Task: 29] Size: 5 Evaluations: 78
[Task: 29] Size: 6 Evaluations: 133
[Task: 29] Size: 7 Evaluations: 480
[Task: 29] Benchmark: exceljet3.sl
[Task: 29] Result: Success
[Task: 29] Program: _arg_0[(1 + _arg_0.IndexOf("=")):].strip()
[Task: 29] Number of evaluations: 1270
[Task: 29] 2021-09-10 13:43:44.693012
[Task: 29] Time taken: 0:00:00.965628
[Task: 29] 
[Task: 30] Loading bustle model....
[Task: 30] Count: 30
[Task: 30] 
[Task: 30] 2021-09-10 13:43:43.704186
[Task: 30] Number of programs: 10
[Task: 30] Size: 0 Evaluations: 0
[Task: 30] Size: 1 Evaluations: 0
[Task: 30] Size: 2 Evaluations: 12
[Task: 30] Size: 3 Evaluations: 26
[Task: 30] Size: 4 Evaluations: 24
[Task: 30] Size: 5 Evaluations: 110
[Task: 30] Size: 6 Evaluations: 210
[Task: 30] Size: 7 Evaluations: 790
[Task: 30] Size: 8 Evaluations: 1773
[Task: 30] Benchmark: exceljet4.sl
[Task: 30] Result: Success
[Task: 30] Program: _arg_0[(1 + (1 + _arg_0.IndexOf("/"))):]
[Task: 30] Number of evaluations: 7932
[Task: 30] 2021-09-10 13:43:45.992048
[Task: 30] Time taken: 0:00:02.287791
[Task: 30] 
[Task: 31] Loading bustle model....
[Task: 31] Count: 31
[Task: 31] 
[Task: 31] 2021-09-10 13:43:43.731848
[Task: 31] Number of programs: 14
[Task: 31] Size: 0 Evaluations: 0
[Task: 31] Size: 1 Evaluations: 0
[Task: 31] Size: 2 Evaluations: 15
[Task: 31] Size: 3 Evaluations: 45
[Task: 31] Size: 4 Evaluations: 31
[Task: 31] Size: 5 Evaluations: 239
[Task: 31] Size: 6 Evaluations: 113
[Task: 31] Size: 7 Evaluations: 874
[Task: 31] Size: 8 Evaluations: 450
[Task: 31] Size: 9 Evaluations: 3416
[Task: 31] Size: 10 Evaluations: 1951
[Task: 31] Size: 11 Evaluations: 10654
[Task: 31] Size: 12 Evaluations: 12862
[Task: 31] Benchmark: extract-word-containing-specific-text.sl
[Task: 31] Result: Success
[Task: 31] Program: _arg_0[(_arg_0.IndexOf("_") - 4):][:(2 + _arg_0.IndexOf("_"))]
[Task: 31] Number of evaluations: 38830
[Task: 31] 2021-09-10 13:43:55.874347
[Task: 31] Time taken: 0:00:12.142788
[Task: 31] 
[Task: 32] Loading bustle model....
[Task: 32] Count: 32
[Task: 32] 
[Task: 32] 2021-09-10 13:43:43.704654
[Task: 32] Number of programs: 11
[Task: 32] Size: 0 Evaluations: 0
[Task: 32] Size: 1 Evaluations: 0
[Task: 32] Size: 2 Evaluations: 12
[Task: 32] Size: 3 Evaluations: 25
[Task: 32] Size: 4 Evaluations: 12
[Task: 32] Size: 5 Evaluations: 79
[Task: 32] Size: 6 Evaluations: 49
[Task: 32] Size: 7 Evaluations: 203
[Task: 32] Size: 8 Evaluations: 210
[Task: 32] Size: 9 Evaluations: 623
[Task: 32] Size: 10 Evaluations: 899
[Task: 32] Size: 11 Evaluations: 2116
[Task: 32] Size: 12 Evaluations: 3804
[Task: 32] Size: 13 Evaluations: 8946
[Task: 32] Size: 14 Evaluations: 15534
[Task: 32] Size: 15 Evaluations: 38651
[Task: 32] Size: 16 Evaluations: 76835
[Task: 32] Benchmark: extract-word-that-begins-with-specific-character.sl
[Task: 32] Result: Success
[Task: 32] Program: _arg_0[_arg_0.IndexOf("_"):][:concat(_arg_0[_arg_0.IndexOf("_"):], " ").IndexOf(" ")]
[Task: 32] Number of evaluations: 207862
[Task: 32] 2021-09-10 13:45:06.250072
[Task: 32] Time taken: 0:01:22.545683
[Task: 32] 
[Task: 33] Loading bustle model....
[Task: 33] Count: 33
[Task: 33] 
[Task: 33] 2021-09-10 13:43:43.700536
[Task: 33] Number of programs: 7
[Task: 33] Size: 0 Evaluations: 0
[Task: 33] Size: 1 Evaluations: 0
[Task: 33] Size: 2 Evaluations: 10
[Task: 33] Size: 3 Evaluations: 17
[Task: 33] Size: 4 Evaluations: 10
[Task: 33] Benchmark: firstname.sl
[Task: 33] Result: Success
[Task: 33] Program: name[:name.IndexOf(" ")]
[Task: 33] Number of evaluations: 60
[Task: 33] 2021-09-10 13:43:44.138388
[Task: 33] Time taken: 0:00:00.437603
[Task: 33] 
[Task: 34] Loading bustle model....
[Task: 34] Count: 34
[Task: 34] 
[Task: 34] 2021-09-10 13:46:18.619903
[Task: 34] Number of programs: 10
[Task: 34] Size: 0 Evaluations: 0
[Task: 34] Size: 1 Evaluations: 0
[Task: 34] Size: 2 Evaluations: 14
[Task: 34] Size: 3 Evaluations: 32
[Task: 34] Size: 4 Evaluations: 46
[Task: 34] Benchmark: get-domain-from-email-address_2.sl
[Task: 34] Result: Success
[Task: 34] Program: _arg_1[:_arg_1.IndexOf("_")]
[Task: 34] Number of evaluations: 204
[Task: 34] 2021-09-10 13:46:19.063920
[Task: 34] Time taken: 0:00:00.436907
[Task: 34] 
[Task: 35] Loading bustle model....
[Task: 35] Count: 35
[Task: 35] 
[Task: 35] 2021-09-10 13:46:18.579838
[Task: 35] Number of programs: 11
[Task: 35] Size: 0 Evaluations: 0
[Task: 35] Size: 1 Evaluations: 0
[Task: 35] Size: 2 Evaluations: 13
[Task: 35] Size: 3 Evaluations: 29
[Task: 35] Size: 4 Evaluations: 19
[Task: 35] Size: 5 Evaluations: 145
[Task: 35] Size: 6 Evaluations: 93
[Task: 35] Size: 7 Evaluations: 532
[Task: 35] Size: 8 Evaluations: 449
[Task: 35] Size: 9 Evaluations: 1963
[Task: 35] Size: 10 Evaluations: 1942
[Task: 35] Size: 11 Evaluations: 7360
[Task: 35] Size: 12 Evaluations: 7971
[Task: 35] Size: 13 Evaluations: 27203
[Task: 35] Size: 14 Evaluations: 33994
[Task: 35] Size: 15 Evaluations: 107392
[Task: 35] Size: 16 Evaluations: 158313
[Task: 35] Size: 17 Evaluations: 442779
[Task: 35] Size: 18 Evaluations: 741865
[Task: 35] Size: 19 Evaluations: 1935870
[Task: 35] Size: 20 Evaluations: 3471594
[Task: 36] Loading bustle model....
[Task: 36] Count: 36
[Task: 36] 
[Task: 36] 2021-09-10 13:46:18.595084
[Task: 36] Number of programs: 8
[Task: 36] Size: 0 Evaluations: 0
[Task: 36] Size: 1 Evaluations: 0
[Task: 36] Size: 2 Evaluations: 11
[Task: 36] Size: 3 Evaluations: 13
[Task: 36] Size: 4 Evaluations: 8
[Task: 36] Benchmark: get-first-name-from-name.sl
[Task: 36] Result: Success
[Task: 36] Program: _arg_0[:_arg_0.IndexOf(" ")]
[Task: 36] Number of evaluations: 44
[Task: 36] 2021-09-10 13:46:18.956267
[Task: 36] Time taken: 0:00:00.352311
[Task: 36] 
[Task: 37] Loading bustle model....
[Task: 37] Count: 37
[Task: 37] 
[Task: 37] 2021-09-10 13:46:18.622187
[Task: 37] Number of programs: 8
[Task: 37] Size: 0 Evaluations: 0
[Task: 37] Size: 1 Evaluations: 0
[Task: 37] Size: 2 Evaluations: 11
[Task: 37] Size: 3 Evaluations: 13
[Task: 37] Size: 4 Evaluations: 25
[Task: 37] Size: 5 Evaluations: 49
[Task: 37] Size: 6 Evaluations: 147
[Task: 37] Size: 7 Evaluations: 318
[Task: 37] Benchmark: get-first-word.sl
[Task: 37] Result: Success
[Task: 37] Program: _arg_0[:_arg_0.replace(" ", _arg_0).IndexOf(_arg_0)]
[Task: 37] Number of evaluations: 1174
[Task: 37] 2021-09-10 13:46:20.047882
[Task: 37] Time taken: 0:00:01.418805
[Task: 37] 
[Task: 38] Loading bustle model....
[Task: 38] Count: 38
[Task: 38] 
[Task: 38] 2021-09-10 13:46:18.601741
[Task: 38] Number of programs: 9
[Task: 38] Size: 0 Evaluations: 0
[Task: 38] Size: 1 Evaluations: 0
[Task: 38] Size: 2 Evaluations: 14
[Task: 38] Size: 3 Evaluations: 18
[Task: 38] Size: 4 Evaluations: 27
[Task: 38] Size: 5 Evaluations: 76
[Task: 38] Size: 6 Evaluations: 136
[Task: 38] Size: 7 Evaluations: 317
[Task: 38] Size: 8 Evaluations: 730
[Task: 38] Size: 9 Evaluations: 1617
[Task: 38] Size: 10 Evaluations: 3588
[Task: 38] Size: 11 Evaluations: 8535
[Task: 38] Size: 12 Evaluations: 19215
[Task: 38] Size: 13 Evaluations: 43796
[Task: 38] Size: 14 Evaluations: 102149
[Task: 38] Size: 15 Evaluations: 235357
[Task: 38] Size: 16 Evaluations: 546058
[Task: 38] Size: 17 Evaluations: 1285426
[Task: 38] Size: 18 Evaluations: 3012885
[Task: 39] Loading bustle model....
[Task: 39] Count: 39
[Task: 39] 
[Task: 39] 2021-09-10 13:46:18.570481
[Task: 39] Number of programs: 8
[Task: 39] Size: 0 Evaluations: 0
[Task: 39] Size: 1 Evaluations: 0
[Task: 39] Size: 2 Evaluations: 11
[Task: 39] Size: 3 Evaluations: 13
[Task: 39] Size: 4 Evaluations: 17
[Task: 39] Size: 5 Evaluations: 51
[Task: 39] Benchmark: get-last-name-from-name.sl
[Task: 39] Result: Success
[Task: 39] Program: _arg_0[_arg_0.IndexOf(" "):].strip()
[Task: 39] Number of evaluations: 131
[Task: 39] 2021-09-10 13:46:19.024353
[Task: 39] Time taken: 0:00:00.452204
[Task: 39] 
[Task: 40] Loading bustle model....
[Task: 40] Count: 40
[Task: 40] 
[Task: 40] 2021-09-10 13:46:18.567779
[Task: 40] Number of programs: 9
[Task: 40] Size: 0 Evaluations: 0
[Task: 40] Size: 1 Evaluations: 0
[Task: 40] Size: 2 Evaluations: 11
[Task: 40] Size: 3 Evaluations: 19
[Task: 40] Size: 4 Evaluations: 13
[Task: 40] Size: 5 Evaluations: 49
[Task: 40] Size: 6 Evaluations: 68
[Task: 40] Size: 7 Evaluations: 143
[Task: 40] Size: 8 Evaluations: 253
[Task: 40] Size: 9 Evaluations: 494
[Task: 40] Size: 10 Evaluations: 1123
[Task: 40] Size: 11 Evaluations: 2061
[Task: 40] Size: 12 Evaluations: 5097
[Task: 40] Size: 13 Evaluations: 11538
[Task: 40] Benchmark: get-last-name-from-name-with-comma.sl
[Task: 40] Result: Success
[Task: 40] Program: concat(concat(_arg_0[(1 + _arg_0.IndexOf(",")):], ","), _arg_0)[:_arg_0.Length()]
[Task: 40] Number of evaluations: 37874
[Task: 40] 2021-09-10 13:46:36.361440
[Task: 40] Time taken: 0:00:17.793615
[Task: 40] 
[Task: 41] Loading bustle model....
[Task: 41] Count: 41
[Task: 41] 
[Task: 41] 2021-09-10 13:46:18.608617
[Task: 41] Number of programs: 8
[Task: 41] Size: 0 Evaluations: 0
[Task: 41] Size: 1 Evaluations: 0
[Task: 41] Size: 2 Evaluations: 10
[Task: 41] Size: 3 Evaluations: 13
[Task: 41] Size: 4 Evaluations: 11
[Task: 41] Size: 5 Evaluations: 42
[Task: 41] Size: 6 Evaluations: 64
[Task: 41] Size: 7 Evaluations: 216
[Task: 41] Size: 8 Evaluations: 382
[Task: 41] Benchmark: get-last-word.sl
[Task: 41] Result: Success
[Task: 41] Program: _arg_0[(-1 + (-1 + (-1 + -1))):]
[Task: 41] Number of evaluations: 1590
[Task: 41] 2021-09-10 13:46:19.643009
[Task: 41] Time taken: 0:00:01.025946
[Task: 41] 
[Task: 42] Loading bustle model....
[Task: 42] Count: 42
[Task: 42] 
[Task: 42] 2021-09-10 13:46:18.544559
[Task: 42] Number of programs: 8
[Task: 42] Size: 0 Evaluations: 0
[Task: 42] Size: 1 Evaluations: 0
[Task: 42] Size: 2 Evaluations: 10
[Task: 42] Size: 3 Evaluations: 13
[Task: 42] Size: 4 Evaluations: 4
[Task: 42] Size: 5 Evaluations: 24
[Task: 42] Size: 6 Evaluations: 9
[Task: 42] Size: 7 Evaluations: 28
[Task: 42] Size: 8 Evaluations: 29
[Task: 42] Size: 9 Evaluations: 80
[Task: 42] Size: 10 Evaluations: 59
[Task: 42] Size: 11 Evaluations: 201
[Task: 42] Size: 12 Evaluations: 254
[Task: 42] Size: 13 Evaluations: 417
[Task: 42] Size: 14 Evaluations: 674
[Task: 42] Size: 15 Evaluations: 954
[Task: 42] Size: 16 Evaluations: 1568
[Task: 42] Size: 17 Evaluations: 2364
[Task: 42] Size: 18 Evaluations: 4601
[Task: 42] Size: 19 Evaluations: 6302
[Task: 42] Size: 20 Evaluations: 13221
[Task: 42] Benchmark: get-middle-name-from-full-name.sl
[Task: 42] Result: Success
[Task: 42] Program: _arg_0.Substr(_arg_0.IndexOf(" "),(-1 + (-1 + (-1 + (-1 + (-1 + -1)))))).strip()
[Task: 42] Number of evaluations: 36741
[Task: 42] 2021-09-10 13:46:43.171128
[Task: 42] Time taken: 0:00:24.626533
[Task: 42] 
[Task: 43] Loading bustle model....
[Task: 43] Count: 43
[Task: 43] 
[Task: 43] 2021-09-10 13:46:18.577457
[Task: 43] Number of programs: 8
[Task: 43] Size: 0 Evaluations: 0
[Task: 43] Size: 1 Evaluations: 0
[Task: 43] Size: 2 Evaluations: 11
[Task: 43] Size: 3 Evaluations: 22
[Task: 43] Size: 4 Evaluations: 5
[Task: 43] Size: 5 Evaluations: 38
[Task: 43] Size: 6 Evaluations: 30
[Task: 43] Size: 7 Evaluations: 64
[Task: 43] Size: 8 Evaluations: 106
[Task: 43] Size: 9 Evaluations: 121
[Task: 43] Size: 10 Evaluations: 235
[Task: 43] Size: 11 Evaluations: 299
[Task: 43] Size: 12 Evaluations: 570
[Task: 43] Size: 13 Evaluations: 826
[Task: 43] Size: 14 Evaluations: 1775
[Task: 43] Size: 15 Evaluations: 2579
[Task: 43] Size: 16 Evaluations: 4559
[Task: 43] Size: 17 Evaluations: 8014
[Task: 43] Size: 18 Evaluations: 12154
[Task: 43] Size: 19 Evaluations: 22221
[Task: 43] Benchmark: initials.sl
[Task: 43] Result: Success
[Task: 43] Program: concat(name.CharAt(0), concat(".", concat(name.CharAt((1 + name.IndexOf(" "))), ".")))
[Task: 43] Number of evaluations: 56104
[Task: 43] 2021-09-10 13:46:57.717239
[Task: 43] Time taken: 0:00:39.135994
[Task: 43] 
[Task: 44] Loading bustle model....
[Task: 44] Count: 44
[Task: 44] 
[Task: 44] 2021-09-10 13:46:18.559762
[Task: 44] Number of programs: 11
[Task: 44] Size: 0 Evaluations: 0
[Task: 44] Size: 1 Evaluations: 0
[Task: 44] Size: 2 Evaluations: 17
[Task: 44] Size: 3 Evaluations: 42
[Task: 44] Size: 4 Evaluations: 38
[Task: 44] Size: 5 Evaluations: 222
[Task: 44] Size: 6 Evaluations: 284
[Task: 44] Size: 7 Evaluations: 721
[Task: 44] Size: 8 Evaluations: 1220
[Task: 44] Size: 9 Evaluations: 1945
[Task: 44] Size: 10 Evaluations: 3408
[Task: 44] Size: 11 Evaluations: 5201
[Task: 44] Size: 12 Evaluations: 10904
[Task: 44] Size: 13 Evaluations: 18034
[Task: 44] Size: 14 Evaluations: 39792
[Task: 44] Size: 15 Evaluations: 73009
[Task: 44] Size: 16 Evaluations: 140068
[Task: 44] Size: 17 Evaluations: 265414
[Task: 44] Size: 18 Evaluations: 469222
[Task: 44] Size: 19 Evaluations: 870624
[Task: 44] Benchmark: join-cells-with-comma.sl
[Task: 44] Result: Success
[Task: 44] Program: concat(_arg_0, concat(",", concat(" ", concat(_arg_1, concat(_arg_1[-1:], concat(",", concat(" ", _arg_2)))[1:].strip()))))
[Task: 44] Number of evaluations: 1945162
[Task: 44] 2021-09-10 14:08:26.459960
[Task: 44] Time taken: 0:22:07.900180
[Task: 44] 
[Task: 45] Loading bustle model....
[Task: 45] Count: 45
[Task: 45] 
[Task: 45] 2021-09-10 13:46:18.584408
[Task: 45] Number of programs: 9
[Task: 45] Size: 0 Evaluations: 0
[Task: 45] Size: 1 Evaluations: 0
[Task: 45] Size: 2 Evaluations: 13
[Task: 45] Size: 3 Evaluations: 22
[Task: 45] Size: 4 Evaluations: 23
[Task: 45] Benchmark: join-first-and-last-name.sl
[Task: 45] Result: Success
[Task: 45] Program: concat(_arg_0, concat(" ", _arg_1))
[Task: 45] Number of evaluations: 72
[Task: 45] 2021-09-10 13:46:19.041930
[Task: 45] Time taken: 0:00:00.452112
[Task: 45] 
[Task: 46] Loading bustle model....
[Task: 46] Count: 46
[Task: 46] 
[Task: 46] 2021-09-10 13:46:18.604841
[Task: 46] Number of programs: 6
[Task: 46] Size: 0 Evaluations: 0
[Task: 46] Size: 1 Evaluations: 0
[Task: 46] Size: 2 Evaluations: 9
[Task: 46] Size: 3 Evaluations: 11
[Task: 46] Size: 4 Evaluations: 14
[Task: 46] Size: 5 Evaluations: 31
[Task: 46] Benchmark: lastname.sl
[Task: 46] Result: Success
[Task: 46] Program: name[name.IndexOf(" "):].strip()
[Task: 46] Number of evaluations: 87
[Task: 46] 2021-09-10 13:46:19.123477
[Task: 46] Time taken: 0:00:00.510393
[Task: 46] 
[Task: 47] Loading bustle model....
[Task: 47] Count: 47
[Task: 47] 
[Task: 47] 2021-09-10 13:46:18.547430
[Task: 47] Number of programs: 10
[Task: 47] Size: 0 Evaluations: 0
[Task: 47] Size: 1 Evaluations: 0
[Task: 47] Size: 2 Evaluations: 15
[Task: 47] Size: 3 Evaluations: 37
[Task: 47] Size: 4 Evaluations: 3
[Task: 47] Size: 5 Evaluations: 86
[Task: 47] Size: 6 Evaluations: 12
[Task: 47] Size: 7 Evaluations: 0
[Task: 47] Size: 8 Evaluations: 2
[Task: 47] Size: 9 Evaluations: 88
[Task: 47] Size: 10 Evaluations: 208
[Task: 47] Benchmark: most-frequently-occurring-text.sl
[Task: 47] Result: Success
[Task: 47] Program: (ifEqual(_arg_0,_arg_1) then _arg_0 else _arg_2)
[Task: 47] Number of evaluations: 638
[Task: 47] 2021-09-10 13:46:19.500920
[Task: 47] Time taken: 0:00:00.952207
[Task: 47] 
[Task: 48] Loading bustle model....
[Task: 48] Count: 48
[Task: 48] 
[Task: 48] 2021-09-10 13:46:18.590771
[Task: 48] Number of programs: 9
[Task: 48] Size: 0 Evaluations: 0
[Task: 48] Size: 1 Evaluations: 0
[Task: 48] Size: 2 Evaluations: 15
[Task: 48] Size: 3 Evaluations: 34
[Task: 48] Size: 4 Evaluations: 29
[Task: 48] Size: 5 Evaluations: 131
[Task: 48] Size: 6 Evaluations: 191
[Task: 48] Size: 7 Evaluations: 441
[Task: 48] Size: 8 Evaluations: 713
[Task: 48] Benchmark: name-combine-2.sl
[Task: 48] Result: Success
[Task: 48] Program: concat(firstname, concat(" ", concat(lastname.CharAt(0), ".")))
[Task: 48] Number of evaluations: 1594
[Task: 48] 2021-09-10 13:46:19.988302
[Task: 48] Time taken: 0:00:01.388578
[Task: 48] 
[Task: 49] Loading bustle model....
[Task: 49] Count: 49
[Task: 49] 
[Task: 49] 2021-09-10 13:46:18.561686
[Task: 49] Number of programs: 9
[Task: 49] Size: 0 Evaluations: 0
[Task: 49] Size: 1 Evaluations: 0
[Task: 49] Size: 2 Evaluations: 15
[Task: 49] Size: 3 Evaluations: 36
[Task: 49] Size: 4 Evaluations: 45
[Task: 49] Size: 5 Evaluations: 161
[Task: 49] Size: 6 Evaluations: 327
[Task: 49] Size: 7 Evaluations: 908
[Task: 49] Size: 8 Evaluations: 1943
[Task: 49] Benchmark: name-combine-3.sl
[Task: 49] Result: Success
[Task: 49] Program: concat(firstname.CharAt(0), concat(".", concat(" ", lastname)))
[Task: 49] Number of evaluations: 3722
[Task: 49] 2021-09-10 13:46:21.199078
[Task: 49] Time taken: 0:00:02.637333
[Task: 49] 
[Task: 50] Loading bustle model....
[Task: 50] Count: 50
[Task: 50] 
[Task: 50] 2021-09-10 13:46:18.643265
[Task: 50] Number of programs: 10
[Task: 50] Size: 0 Evaluations: 0
[Task: 50] Size: 1 Evaluations: 0
[Task: 50] Size: 2 Evaluations: 16
[Task: 50] Size: 3 Evaluations: 43
[Task: 50] Size: 4 Evaluations: 32
[Task: 50] Size: 5 Evaluations: 157
[Task: 50] Size: 6 Evaluations: 179
[Task: 50] Size: 7 Evaluations: 505
[Task: 50] Size: 8 Evaluations: 572
[Task: 50] Size: 9 Evaluations: 1322
[Task: 50] Size: 10 Evaluations: 1660
[Task: 50] Benchmark: name-combine-4.sl
[Task: 50] Result: Success
[Task: 50] Program: concat(lastname, concat(",", concat(" ", concat(firstname.CharAt(0), "."))))
[Task: 50] Number of evaluations: 4649
[Task: 50] 2021-09-10 13:46:22.879656
[Task: 50] Time taken: 0:00:04.236320
[Task: 50] 
[Task: 51] Loading bustle model....
[Task: 51] Count: 51
[Task: 51] 
[Task: 51] 2021-09-10 13:46:18.637182
[Task: 51] Number of programs: 8
[Task: 51] Size: 0 Evaluations: 0
[Task: 51] Size: 1 Evaluations: 0
[Task: 51] Size: 2 Evaluations: 14
[Task: 51] Size: 3 Evaluations: 27
[Task: 51] Size: 4 Evaluations: 44
[Task: 51] Benchmark: name-combine.sl
[Task: 51] Result: Success
[Task: 51] Program: concat(firstname, concat(" ", lastname))
[Task: 51] Number of evaluations: 100
[Task: 51] 2021-09-10 13:46:19.212732
[Task: 51] Time taken: 0:00:00.569432
[Task: 51] 
[Task: 52] Loading bustle model....
[Task: 52] Count: 52
[Task: 52] 
[Task: 52] 2021-09-10 13:46:18.603164
[Task: 52] Number of programs: 15
[Task: 52] Size: 0 Evaluations: 0
[Task: 52] Size: 1 Evaluations: 0
[Task: 52] Size: 2 Evaluations: 16
[Task: 52] Size: 3 Evaluations: 81
[Task: 52] Size: 4 Evaluations: 72
[Task: 52] Size: 5 Evaluations: 419
[Task: 52] Size: 6 Evaluations: 431
[Task: 52] Size: 7 Evaluations: 1925
[Task: 52] Size: 8 Evaluations: 2685
[Task: 52] Size: 9 Evaluations: 8494
[Task: 52] Size: 10 Evaluations: 20187
[Task: 52] Size: 11 Evaluations: 46404
[Task: 52] Size: 12 Evaluations: 127880
[Task: 52] Size: 13 Evaluations: 267700
[Task: 52] Size: 14 Evaluations: 766865
[Task: 52] Size: 15 Evaluations: 1713732
[Task: 52] Benchmark: phone-10.sl
[Task: 52] Result: Success
[Task: 52] Program: name.replace(" ", concat(" ", "(")).replace("-", concat(")", " "))
[Task: 52] Number of evaluations: 3850171
[Task: 52] 2021-09-10 14:49:23.624280
[Task: 52] Time taken: 1:03:05.005028
[Task: 52] 
[Task: 53] Loading bustle model....
[Task: 53] Count: 53
[Task: 53] 
[Task: 53] 2021-09-10 13:46:18.643352
[Task: 53] Number of programs: 10
[Task: 53] Size: 0 Evaluations: 0
[Task: 53] Size: 1 Evaluations: 0
[Task: 53] Size: 2 Evaluations: 11
[Task: 53] Size: 3 Evaluations: 35
[Task: 53] Size: 4 Evaluations: 36
[Task: 53] Size: 5 Evaluations: 103
[Task: 53] Benchmark: phone-1.sl
[Task: 53] Result: Success
[Task: 53] Program: name.Substr(4,(2 + 5))
[Task: 53] Number of evaluations: 219
[Task: 53] 2021-09-10 13:46:19.323549
[Task: 53] Time taken: 0:00:00.680117
[Task: 53] 
[Task: 54] Loading bustle model....
[Task: 54] Count: 54
[Task: 54] 
[Task: 54] 2021-09-10 16:11:43.760305
[Task: 54] Number of programs: 10
[Task: 54] Size: 0 Evaluations: 0
[Task: 54] Size: 1 Evaluations: 0
[Task: 54] Size: 2 Evaluations: 11
[Task: 54] Size: 3 Evaluations: 35
[Task: 54] Size: 4 Evaluations: 36
[Task: 54] Benchmark: phone-2.sl
[Task: 54] Result: Success
[Task: 54] Program: name[(3 + 5):]
[Task: 54] Number of evaluations: 171
[Task: 54] 2021-09-10 16:11:44.209414
[Task: 54] Time taken: 0:00:00.447136
[Task: 54] 
[Task: 55] Loading bustle model....
[Task: 55] Count: 55
[Task: 55] 
[Task: 55] 2021-09-10 16:11:43.825832
[Task: 55] Number of programs: 13
[Task: 55] Size: 0 Evaluations: 0
[Task: 55] Size: 1 Evaluations: 0
[Task: 55] Size: 2 Evaluations: 14
[Task: 55] Size: 3 Evaluations: 55
[Task: 55] Size: 4 Evaluations: 49
[Task: 55] Size: 5 Evaluations: 284
[Task: 55] Size: 6 Evaluations: 329
[Task: 55] Size: 7 Evaluations: 1500
[Task: 55] Benchmark: phone-3.sl
[Task: 55] Result: Success
[Task: 55] Program: concat("(", name.replace("-", concat(")", " ")))
[Task: 55] Number of evaluations: 2264
[Task: 55] 2021-09-10 16:11:45.739401
[Task: 55] Time taken: 0:00:01.909063
[Task: 55] 
[Task: 56] Loading bustle model....
[Task: 56] Count: 56
[Task: 56] 
[Task: 56] 2021-09-10 16:11:43.833995
[Task: 56] Number of programs: 14
[Task: 56] Size: 0 Evaluations: 0
[Task: 56] Size: 1 Evaluations: 0
[Task: 56] Size: 2 Evaluations: 15
[Task: 56] Size: 3 Evaluations: 66
[Task: 56] Size: 4 Evaluations: 52
[Task: 56] Benchmark: phone-4.sl
[Task: 56] Result: Success
[Task: 56] Program: name.replace("-", ".",2)
[Task: 56] Number of evaluations: 260
[Task: 56] 2021-09-10 16:11:44.600652
[Task: 56] Time taken: 0:00:00.762357
[Task: 56] 
[Task: 57] Loading bustle model....
[Task: 57] Count: 57
[Task: 57] 
[Task: 57] 2021-09-10 16:11:43.772173
[Task: 57] Number of programs: 13
[Task: 57] Size: 0 Evaluations: 0
[Task: 57] Size: 1 Evaluations: 0
[Task: 57] Size: 2 Evaluations: 14
[Task: 57] Size: 3 Evaluations: 56
[Task: 57] Size: 4 Evaluations: 46
[Task: 57] Size: 5 Evaluations: 197
[Task: 57] Size: 6 Evaluations: 239
[Task: 57] Benchmark: phone-5.sl
[Task: 57] Result: Success
[Task: 57] Program: name.Substr(1,name.IndexOf(" "))
[Task: 57] Number of evaluations: 623
[Task: 57] 2021-09-10 16:11:44.445851
[Task: 57] Time taken: 0:00:00.671385
[Task: 57] 
[Task: 58] Loading bustle model....
[Task: 58] Count: 58
[Task: 58] 
[Task: 58] 2021-09-10 16:11:43.856267
[Task: 58] Number of programs: 13
[Task: 58] Size: 0 Evaluations: 0
[Task: 58] Size: 1 Evaluations: 0
[Task: 58] Size: 2 Evaluations: 14
[Task: 58] Size: 3 Evaluations: 57
[Task: 58] Size: 4 Evaluations: 68
[Task: 58] Size: 5 Evaluations: 265
[Task: 58] Size: 6 Evaluations: 341
[Task: 58] Size: 7 Evaluations: 1225
[Task: 58] Size: 8 Evaluations: 1726
[Task: 58] Benchmark: phone-6.sl
[Task: 58] Result: Success
[Task: 58] Program: name.Substr(name.IndexOf(" "),name.IndexOf("-")).strip()
[Task: 58] Number of evaluations: 4852
[Task: 58] 2021-09-10 16:11:46.385005
[Task: 58] Time taken: 0:00:02.523572
[Task: 58] 
[Task: 59] Loading bustle model....
[Task: 59] Count: 59
[Task: 59] 
[Task: 59] 2021-09-10 16:11:43.798047
[Task: 59] Number of programs: 13
[Task: 59] Size: 0 Evaluations: 0
[Task: 59] Size: 1 Evaluations: 0
[Task: 59] Size: 2 Evaluations: 14
[Task: 59] Size: 3 Evaluations: 57
[Task: 59] Size: 4 Evaluations: 57
[Task: 59] Size: 5 Evaluations: 261
[Task: 59] Size: 6 Evaluations: 301
[Task: 59] Size: 7 Evaluations: 1107
[Task: 59] Size: 8 Evaluations: 1402
[Task: 59] Benchmark: phone-7.sl
[Task: 59] Result: Success
[Task: 59] Program: name[(1 + name.IndexOf("-")):][:3]
[Task: 59] Number of evaluations: 4245
[Task: 59] 2021-09-10 16:11:46.318913
[Task: 59] Time taken: 0:00:02.512118
[Task: 59] 
[Task: 60] Loading bustle model....
[Task: 60] Count: 60
[Task: 60] 
[Task: 60] 2021-09-10 16:11:43.801402
[Task: 60] Number of programs: 13
[Task: 60] Size: 0 Evaluations: 0
[Task: 60] Size: 1 Evaluations: 0
[Task: 60] Size: 2 Evaluations: 14
[Task: 60] Size: 3 Evaluations: 56
[Task: 60] Size: 4 Evaluations: 61
[Task: 60] Benchmark: phone-8.sl
[Task: 60] Result: Success
[Task: 60] Program: name[(0 - 3):]
[Task: 60] Number of evaluations: 303
[Task: 60] 2021-09-10 16:11:44.201402
[Task: 60] Time taken: 0:00:00.387377
[Task: 60] 
[Task: 61] Loading bustle model....
[Task: 61] Count: 61
[Task: 61] 
[Task: 61] 2021-09-10 16:11:43.777184
[Task: 61] Number of programs: 13
[Task: 61] Size: 0 Evaluations: 0
[Task: 61] Size: 1 Evaluations: 0
[Task: 61] Size: 2 Evaluations: 14
[Task: 61] Size: 3 Evaluations: 57
[Task: 61] Size: 4 Evaluations: 59
[Task: 61] Size: 5 Evaluations: 296
[Task: 61] Size: 6 Evaluations: 353
[Task: 61] Size: 7 Evaluations: 1590
[Task: 61] Size: 8 Evaluations: 1927
[Task: 61] Size: 9 Evaluations: 8128
[Task: 61] Benchmark: phone-9.sl
[Task: 61] Result: Success
[Task: 61] Program: name[1:].replace("-", ".",2).replace(" ", ".")
[Task: 61] Number of evaluations: 15578
[Task: 61] 2021-09-10 16:11:51.765700
[Task: 61] Time taken: 0:00:07.986435
[Task: 61] 
[Task: 62] Loading bustle model....
[Task: 62] Count: 62
[Task: 62] 
[Task: 62] 2021-09-10 16:11:43.789930
[Task: 62] Number of programs: 10
[Task: 62] Size: 0 Evaluations: 0
[Task: 62] Size: 1 Evaluations: 0
[Task: 62] Size: 2 Evaluations: 11
[Task: 62] Benchmark: phone.sl
[Task: 62] Result: Success
[Task: 62] Program: name[:3]
[Task: 62] Number of evaluations: 24
[Task: 62] 2021-09-10 16:11:44.045365
[Task: 62] Time taken: 0:00:00.245884
[Task: 62] 
[Task: 63] Loading bustle model....
[Task: 63] Count: 63
[Task: 63] 
[Task: 63] 2021-09-10 16:11:43.803869
[Task: 63] Number of programs: 9
[Task: 63] Size: 0 Evaluations: 0
[Task: 63] Size: 1 Evaluations: 0
[Task: 63] Size: 2 Evaluations: 11
[Task: 63] Size: 3 Evaluations: 19
[Task: 63] Size: 4 Evaluations: 11
[Task: 63] Benchmark: remove-file-extension-from-filename.sl
[Task: 63] Result: Success
[Task: 63] Program: _arg_0[:_arg_0.IndexOf(".")]
[Task: 63] Number of evaluations: 57
[Task: 63] 2021-09-10 16:11:44.149953
[Task: 63] Time taken: 0:00:00.333760
[Task: 63] 
[Task: 64] Loading bustle model....
[Task: 64] Count: 64
[Task: 64] 
[Task: 64] 2021-09-10 16:11:43.788805
[Task: 64] Number of programs: 8
[Task: 64] Size: 0 Evaluations: 0
[Task: 64] Size: 1 Evaluations: 0
[Task: 64] Size: 2 Evaluations: 11
[Task: 64] Size: 3 Evaluations: 13
[Task: 64] Size: 4 Evaluations: 10
[Task: 64] Size: 5 Evaluations: 35
[Task: 64] Size: 6 Evaluations: 40
[Task: 64] Size: 7 Evaluations: 94
[Task: 64] Size: 8 Evaluations: 174
[Task: 64] Size: 9 Evaluations: 281
[Task: 64] Size: 10 Evaluations: 499
[Task: 64] Size: 11 Evaluations: 916
[Task: 64] Size: 12 Evaluations: 1813
[Task: 64] Size: 13 Evaluations: 3220
[Task: 64] Size: 14 Evaluations: 6348
[Task: 64] Size: 15 Evaluations: 11930
[Task: 64] Size: 16 Evaluations: 22421
[Task: 64] Size: 17 Evaluations: 42966
[Task: 64] Size: 18 Evaluations: 82253
[Task: 64] Size: 19 Evaluations: 157160
[Task: 64] Size: 20 Evaluations: 303296
[Task: 64] Benchmark: remove-leading-and-trailing-spaces-from-text.sl
[Task: 64] Result: Success
[Task: 64] Program: _arg_0.replace(concat(" ", " "), "").replace(concat(" ", " "), " ")
[Task: 64] Number of evaluations: 864767
[Task: 64] 2021-09-10 16:18:13.997961
[Task: 64] Time taken: 0:06:30.206044
[Task: 64] 
[Task: 65] Loading bustle model....
[Task: 65] Count: 65
[Task: 65] 
[Task: 65] 2021-09-10 16:11:43.864330
[Task: 65] Number of programs: 9
[Task: 65] Size: 0 Evaluations: 0
[Task: 65] Size: 1 Evaluations: 0
[Task: 65] Size: 2 Evaluations: 10
[Task: 65] Size: 3 Evaluations: 19
[Task: 65] Size: 4 Evaluations: 28
[Task: 65] Benchmark: remove-text-by-matching.sl
[Task: 65] Result: Success
[Task: 65] Program: _arg_0.replace("-", "",-1)
[Task: 65] Number of evaluations: 108
[Task: 65] 2021-09-10 16:11:44.170960
[Task: 65] Time taken: 0:00:00.305201
[Task: 65] 
[Task: 66] Loading bustle model....
[Task: 66] Count: 66
[Task: 66] 
[Task: 66] 2021-09-10 16:11:43.837361
[Task: 66] Number of programs: 9
[Task: 66] Size: 0 Evaluations: 0
[Task: 66] Size: 1 Evaluations: 0
[Task: 66] Size: 2 Evaluations: 11
[Task: 66] Size: 3 Evaluations: 18
[Task: 66] Size: 4 Evaluations: 17
[Task: 66] Size: 5 Evaluations: 62
[Task: 66] Size: 6 Evaluations: 117
[Task: 66] Size: 7 Evaluations: 423
[Task: 66] Size: 8 Evaluations: 846
[Task: 66] Size: 9 Evaluations: 3017
[Task: 66] Size: 10 Evaluations: 7160
[Task: 66] Size: 11 Evaluations: 24321
[Task: 66] Size: 12 Evaluations: 64487
[Task: 66] Benchmark: remove-text-by-position.sl
[Task: 66] Result: Success
[Task: 66] Program: _arg_0[(1 + _arg_0.replace("/", " ").replace("/", " ").IndexOf("/")):]
[Task: 66] Number of evaluations: 261207
[Task: 66] 2021-09-10 16:12:50.913411
[Task: 66] Time taken: 0:01:07.062835
[Task: 66] 
[Task: 67] Loading bustle model....
[Task: 67] Count: 67
[Task: 67] 
[Task: 67] 2021-09-10 16:11:43.797558
[Task: 67] Number of programs: 9
[Task: 67] Size: 0 Evaluations: 0
[Task: 67] Size: 1 Evaluations: 0
[Task: 67] Size: 2 Evaluations: 12
[Task: 67] Size: 3 Evaluations: 20
[Task: 67] Size: 4 Evaluations: 5
[Task: 67] Size: 5 Evaluations: 48
[Task: 67] Size: 6 Evaluations: 27
[Task: 67] Size: 7 Evaluations: 125
[Task: 67] Size: 8 Evaluations: 69
[Task: 67] Size: 9 Evaluations: 270
[Task: 67] Size: 10 Evaluations: 331
[Task: 67] Benchmark: remove-unwanted-characters.sl
[Task: 67] Result: Success
[Task: 67] Program: _arg_0.replace(_arg_1.strip(), "",-1)
[Task: 67] Number of evaluations: 1166
[Task: 67] 2021-09-10 16:11:45.163238
[Task: 67] Time taken: 0:00:01.359974
[Task: 67] 
[Task: 68] Loading bustle model....
[Task: 68] Count: 68
[Task: 68] 
[Task: 68] 2021-09-10 16:11:43.805094
[Task: 68] Number of programs: 9
[Task: 68] Size: 0 Evaluations: 0
[Task: 68] Size: 1 Evaluations: 0
[Task: 68] Size: 2 Evaluations: 10
[Task: 68] Size: 3 Evaluations: 19
[Task: 68] Size: 4 Evaluations: 15
[Task: 68] Benchmark: replace-one-character-with-another.sl
[Task: 68] Result: Success
[Task: 68] Program: _arg_0.replace(" ", "-",-1)
[Task: 68] Number of evaluations: 76
[Task: 68] 2021-09-10 16:11:44.178312
[Task: 68] Time taken: 0:00:00.364840
[Task: 68] 
[Task: 69] Loading bustle model....
[Task: 69] Count: 69
[Task: 69] 
[Task: 69] 2021-09-10 16:11:43.847649
[Task: 69] Number of programs: 8
[Task: 69] Size: 0 Evaluations: 0
[Task: 69] Size: 1 Evaluations: 0
[Task: 69] Size: 2 Evaluations: 14
[Task: 69] Size: 3 Evaluations: 27
[Task: 69] Size: 4 Evaluations: 44
[Task: 69] Benchmark: reverse-name.sl
[Task: 69] Result: Success
[Task: 69] Program: concat(lastname, concat(" ", firstname))
[Task: 69] Number of evaluations: 114
[Task: 69] 2021-09-10 16:11:44.187927
[Task: 69] Time taken: 0:00:00.332176
[Task: 69] 
[Task: 70] Loading bustle model....
[Task: 70] Count: 70
[Task: 70] 
[Task: 70] 2021-09-10 16:11:43.812458
[Task: 70] Number of programs: 13
[Task: 70] Size: 0 Evaluations: 0
[Task: 70] Size: 1 Evaluations: 0
[Task: 70] Size: 2 Evaluations: 15
[Task: 70] Size: 3 Evaluations: 38
[Task: 70] Size: 4 Evaluations: 50
[Task: 70] Size: 5 Evaluations: 232
[Task: 70] Size: 6 Evaluations: 310
[Task: 70] Size: 7 Evaluations: 959
[Task: 70] Size: 8 Evaluations: 1993
[Task: 70] Size: 9 Evaluations: 5736
[Task: 70] Size: 10 Evaluations: 14401
[Task: 70] Size: 11 Evaluations: 40923
[Task: 70] Size: 12 Evaluations: 127261
[Task: 70] Benchmark: stackoverflow10.sl
[Task: 70] Result: Success
[Task: 70] Program: _arg_0[_arg_0.IndexOf(1.IntToStr(),(3 + _arg_0.IndexOf(" "))):][:4]
[Task: 70] Number of evaluations: 329201
[Task: 70] 2021-09-10 16:16:48.228693
[Task: 70] Time taken: 0:05:04.411459
[Task: 70] 
[Task: 71] Loading bustle model....
[Task: 71] Count: 71
[Task: 71] 
[Task: 71] 2021-09-10 16:11:43.822253
[Task: 71] Number of programs: 19
[Task: 71] Size: 0 Evaluations: 0
[Task: 71] Size: 1 Evaluations: 0
[Task: 71] Size: 2 Evaluations: 27
[Task: 71] Size: 3 Evaluations: 186
[Task: 71] Size: 4 Evaluations: 192
[Task: 71] Size: 5 Evaluations: 722
[Task: 71] Size: 6 Evaluations: 4692
[Task: 71] Size: 7 Evaluations: 23226
[Task: 71] Size: 8 Evaluations: 108130
[Task: 71] Size: 9 Evaluations: 599698
[Task: 71] Size: 10 Evaluations: 2991458
[Task: 72] Loading bustle model....
[Task: 72] Count: 72
[Task: 72] 
[Task: 72] 2021-09-10 16:11:43.776493
[Task: 72] Number of programs: 12
[Task: 72] Size: 0 Evaluations: 0
[Task: 72] Size: 1 Evaluations: 0
[Task: 72] Size: 2 Evaluations: 19
[Task: 72] Size: 3 Evaluations: 59
[Task: 72] Size: 4 Evaluations: 43
[Task: 72] Size: 5 Evaluations: 110
[Task: 72] Size: 6 Evaluations: 203
[Task: 72] Benchmark: stackoverflow1.sl
[Task: 72] Result: Success
[Task: 72] Program: _arg_0[:(-1 + _arg_0.IndexOf("Inc"))]
[Task: 72] Number of evaluations: 789
[Task: 72] 2021-09-10 16:11:44.365814
[Task: 72] Time taken: 0:00:00.586687
[Task: 72] 
[Task: 73] Loading bustle model....
[Task: 73] Count: 73
[Task: 73] 
[Task: 73] 2021-09-10 16:11:43.761452
[Task: 73] Number of programs: 9
[Task: 73] Size: 0 Evaluations: 0
[Task: 73] Size: 1 Evaluations: 0
[Task: 73] Size: 2 Evaluations: 13
[Task: 73] Size: 3 Evaluations: 17
[Task: 73] Size: 4 Evaluations: 19
[Task: 73] Size: 5 Evaluations: 60
[Task: 73] Size: 6 Evaluations: 65
[Task: 73] Size: 7 Evaluations: 177
[Task: 73] Size: 8 Evaluations: 196
[Task: 73] Size: 9 Evaluations: 528
[Task: 73] Benchmark: stackoverflow2.sl
[Task: 73] Result: Success
[Task: 73] Program: _arg_0[:_arg_0.IndexOf(" ",(-1 - _arg_0.IndexOf(" ")))]
[Task: 73] Number of evaluations: 1479
[Task: 73] 2021-09-10 16:11:44.738133
[Task: 73] Time taken: 0:00:00.974828
[Task: 73] 
[Task: 74] Loading bustle model....
[Task: 74] Count: 74
[Task: 74] 
[Task: 74] 2021-09-10 16:15:45.853189
[Task: 74] Number of programs: 13
[Task: 74] Size: 0 Evaluations: 0
[Task: 74] Size: 1 Evaluations: 0
[Task: 74] Size: 2 Evaluations: 15
[Task: 74] Size: 3 Evaluations: 37
[Task: 74] Size: 4 Evaluations: 56
[Task: 74] Size: 5 Evaluations: 239
[Task: 74] Size: 6 Evaluations: 562
[Task: 74] Size: 7 Evaluations: 2588
[Task: 74] Benchmark: stackoverflow3.sl
[Task: 74] Result: Success
[Task: 74] Program: _arg_0[(3 + _arg_0.IndexOf("9")):].strip()
[Task: 74] Number of evaluations: 6586
[Task: 74] 2021-09-10 16:15:48.120621
[Task: 74] Time taken: 0:00:02.267392
[Task: 74] 
[Task: 75] Loading bustle model....
[Task: 75] Count: 75
[Task: 75] 
[Task: 75] 2021-09-10 16:15:45.732083
[Task: 75] Number of programs: 12
[Task: 75] Size: 0 Evaluations: 0
[Task: 75] Size: 1 Evaluations: 0
[Task: 75] Size: 2 Evaluations: 14
[Task: 75] Size: 3 Evaluations: 46
[Task: 75] Size: 4 Evaluations: 32
[Task: 75] Size: 5 Evaluations: 64
[Task: 75] Size: 6 Evaluations: 86
[Task: 75] Size: 7 Evaluations: 187
[Task: 75] Size: 8 Evaluations: 230
[Task: 75] Size: 9 Evaluations: 626
[Task: 75] Size: 10 Evaluations: 859
[Task: 75] Size: 11 Evaluations: 1629
[Task: 75] Size: 12 Evaluations: 3002
[Task: 75] Size: 13 Evaluations: 5899
[Task: 75] Benchmark: stackoverflow4.sl
[Task: 75] Result: Success
[Task: 75] Program: _arg_0[:-1].replace(",", " ",-1).replace("<", " ")
[Task: 75] Number of evaluations: 16815
[Task: 75] 2021-09-10 16:15:55.651635
[Task: 75] Time taken: 0:00:09.917615
[Task: 75] 
[Task: 76] Loading bustle model....
[Task: 76] Count: 76
[Task: 76] 
[Task: 76] 2021-09-10 16:15:45.772437
[Task: 76] Number of programs: 13
[Task: 76] Size: 0 Evaluations: 0
[Task: 76] Size: 1 Evaluations: 0
[Task: 76] Size: 2 Evaluations: 17
[Task: 76] Size: 3 Evaluations: 63
[Task: 76] Size: 4 Evaluations: 69
[Task: 76] Size: 5 Evaluations: 157
[Task: 76] Size: 6 Evaluations: 356
[Task: 76] Benchmark: stackoverflow5.sl
[Task: 76] Result: Success
[Task: 76] Program: _arg_0[:(-1 + _arg_0.IndexOf("1"))]
[Task: 76] Number of evaluations: 972
[Task: 76] 2021-09-10 16:15:46.512535
[Task: 76] Time taken: 0:00:00.740030
[Task: 76] 
[Task: 77] Loading bustle model....
[Task: 77] Count: 77
[Task: 77] 
[Task: 77] 2021-09-10 16:15:45.743370
[Task: 77] Number of programs: 10
[Task: 77] Size: 0 Evaluations: 0
[Task: 77] Size: 1 Evaluations: 0
[Task: 77] Size: 2 Evaluations: 13
[Task: 77] Size: 3 Evaluations: 27
[Task: 77] Size: 4 Evaluations: 38
[Task: 77] Size: 5 Evaluations: 130
[Task: 77] Size: 6 Evaluations: 358
[Task: 77] Size: 7 Evaluations: 1189
[Task: 77] Size: 8 Evaluations: 3764
[Task: 77] Size: 9 Evaluations: 12851
[Task: 77] Size: 10 Evaluations: 44081
[Task: 77] Size: 11 Evaluations: 153229
[Task: 77] Size: 12 Evaluations: 539400
[Task: 77] Size: 13 Evaluations: 1925242
[Task: 77] Size: 14 Evaluations: 6924299
[Task: 78] Loading bustle model....
[Task: 78] Count: 78
[Task: 78] 
[Task: 78] 2021-09-10 16:15:45.726051
[Task: 78] Number of programs: 9
[Task: 78] Size: 0 Evaluations: 0
[Task: 78] Size: 1 Evaluations: 0
[Task: 78] Size: 2 Evaluations: 14
[Task: 78] Size: 3 Evaluations: 26
[Task: 78] Size: 4 Evaluations: 31
[Task: 78] Size: 5 Evaluations: 134
[Task: 78] Size: 6 Evaluations: 221
[Task: 78] Size: 7 Evaluations: 595
[Task: 78] Size: 8 Evaluations: 1012
[Task: 78] Size: 9 Evaluations: 2412
[Task: 78] Size: 10 Evaluations: 4635
[Task: 78] Benchmark: stackoverflow7.sl
[Task: 78] Result: Success
[Task: 78] Program: _arg_0.replace(_arg_1.strip(), "").strip()
[Task: 78] Number of evaluations: 12425
[Task: 78] 2021-09-10 16:15:51.256988
[Task: 78] Time taken: 0:00:05.527729
[Task: 78] 
[Task: 79] Loading bustle model....
[Task: 79] Count: 79
[Task: 79] 
[Task: 79] 2021-09-10 16:15:45.714669
[Task: 79] Number of programs: 12
[Task: 79] Size: 0 Evaluations: 0
[Task: 79] Size: 1 Evaluations: 0
[Task: 79] Size: 2 Evaluations: 15
[Task: 79] Size: 3 Evaluations: 35
[Task: 79] Size: 4 Evaluations: 57
[Task: 79] Size: 5 Evaluations: 234
[Task: 79] Size: 6 Evaluations: 501
[Task: 79] Size: 7 Evaluations: 2491
[Task: 79] Benchmark: stackoverflow8.sl
[Task: 79] Result: Success
[Task: 79] Program: _arg_0[_arg_0.IndexOf(_arg_0[-1:].upper()):]
[Task: 79] Number of evaluations: 8076
[Task: 79] 2021-09-10 16:15:47.814318
[Task: 79] Time taken: 0:00:02.099643
[Task: 79] 
[Task: 80] Loading bustle model....
[Task: 80] Count: 80
[Task: 80] 
[Task: 80] 2021-09-10 16:15:45.743401
[Task: 80] Number of programs: 8
[Task: 80] Size: 0 Evaluations: 0
[Task: 80] Size: 1 Evaluations: 0
[Task: 80] Size: 2 Evaluations: 11
[Task: 80] Size: 3 Evaluations: 13
[Task: 80] Size: 4 Evaluations: 15
[Task: 80] Size: 5 Evaluations: 44
[Task: 80] Size: 6 Evaluations: 91
[Task: 80] Size: 7 Evaluations: 245
[Task: 80] Size: 8 Evaluations: 530
[Task: 80] Size: 9 Evaluations: 1570
[Task: 80] Size: 10 Evaluations: 3714
[Task: 80] Benchmark: stackoverflow9.sl
[Task: 80] Result: Success
[Task: 80] Program: _arg_0[(1 + _arg_0.replace(" ", "").IndexOf(" ")):].strip()
[Task: 80] Number of evaluations: 10517
[Task: 80] 2021-09-10 16:15:49.518219
[Task: 80] Time taken: 0:00:03.774758
[Task: 80] 
[Task: 81] Loading bustle model....
[Task: 81] Count: 81
[Task: 81] 
[Task: 81] 2021-09-10 16:15:45.727757
[Task: 81] Number of programs: 11
[Task: 81] Size: 0 Evaluations: 0
[Task: 81] Size: 1 Evaluations: 0
[Task: 81] Size: 2 Evaluations: 14
[Task: 81] Size: 3 Evaluations: 31
[Task: 81] Size: 4 Evaluations: 34
[Task: 81] Size: 5 Evaluations: 66
[Task: 81] Size: 6 Evaluations: 77
[Task: 81] Size: 7 Evaluations: 102
[Task: 81] Size: 8 Evaluations: 189
[Task: 81] Size: 9 Evaluations: 250
[Task: 81] Benchmark: strip-html-from-text-or-numbers.sl
[Task: 81] Result: Success
[Task: 81] Program: _arg_0.Substr(_arg_0.IndexOf(0.IntToStr()),_arg_0.IndexOf("<",1))
[Task: 81] Number of evaluations: 1122
[Task: 81] 2021-09-10 16:15:46.971645
[Task: 81] Time taken: 0:00:01.239534
[Task: 81] 
[Task: 82] Loading bustle model....
[Task: 82] Count: 82
[Task: 82] 
[Task: 82] 2021-09-10 16:15:45.743053
[Task: 82] Number of programs: 20
[Task: 82] Size: 0 Evaluations: 0
[Task: 82] Size: 1 Evaluations: 0
[Task: 82] Size: 2 Evaluations: 19
[Task: 82] Size: 3 Evaluations: 68
[Task: 82] Size: 4 Evaluations: 111
[Task: 82] Size: 5 Evaluations: 614
[Task: 82] Size: 6 Evaluations: 956
[Task: 82] Size: 7 Evaluations: 3536
[Task: 82] Size: 8 Evaluations: 7359
[Task: 82] Size: 9 Evaluations: 27792
[Task: 82] Size: 10 Evaluations: 113047
[Task: 82] Size: 11 Evaluations: 316527
[Task: 82] Size: 12 Evaluations: 1094420
[Task: 82] Size: 13 Evaluations: 3693571
[Task: 82] Benchmark: strip-non-numeric-characters.sl
[Task: 82] Result: Success
[Task: 82] Program: concat(_arg_0[(5 + 9):].replace("%", ""), _arg_0)[:_arg_0.IndexOf(" ")]
[Task: 82] Number of evaluations: 8589544
[Task: 82] 2021-09-10 17:22:54.166020
[Task: 82] Time taken: 1:07:08.422877
[Task: 82] 
[Task: 83] Loading bustle model....
[Task: 83] Count: 83
[Task: 83] 
[Task: 83] 2021-09-10 16:15:45.749769
[Task: 83] Number of programs: 18
[Task: 83] Size: 0 Evaluations: 0
[Task: 83] Size: 1 Evaluations: 0
[Task: 83] Size: 2 Evaluations: 18
[Task: 83] Size: 3 Evaluations: 61
[Task: 83] Size: 4 Evaluations: 58
[Task: 83] Size: 5 Evaluations: 405
[Task: 83] Size: 6 Evaluations: 405
[Task: 83] Size: 7 Evaluations: 2721
[Task: 83] Size: 8 Evaluations: 3500
[Task: 83] Size: 9 Evaluations: 28824
[Task: 83] Size: 10 Evaluations: 57830
[Task: 83] Size: 11 Evaluations: 419548
[Task: 83] Size: 12 Evaluations: 994902
[Task: 83] Size: 13 Evaluations: 8298257
[Task: 84] Loading bustle model....
[Task: 84] Count: 84
[Task: 84] 
[Task: 84] 2021-09-10 16:15:45.749583
[Task: 84] Number of programs: 9
[Task: 84] Size: 0 Evaluations: 0
[Task: 84] Size: 1 Evaluations: 0
[Task: 84] Size: 2 Evaluations: 15
[Task: 84] Size: 3 Evaluations: 37
[Task: 84] Size: 4 Evaluations: 65
[Task: 84] Size: 5 Evaluations: 222
[Task: 84] Size: 6 Evaluations: 518
[Task: 84] Benchmark: univ_1.sl
[Task: 84] Result: Success
[Task: 84] Program: concat(col1, concat(",", concat(" ", col2)))
[Task: 84] Number of evaluations: 887
[Task: 84] 2021-09-10 16:15:46.589674
[Task: 84] Time taken: 0:00:00.840076
[Task: 84] 
[Task: 85] Loading bustle model....
[Task: 85] Count: 85
[Task: 85] 
[Task: 85] 2021-09-10 16:15:45.745535
[Task: 85] Number of programs: 15
[Task: 85] Size: 0 Evaluations: 0
[Task: 85] Size: 1 Evaluations: 0
[Task: 85] Size: 2 Evaluations: 29
[Task: 85] Size: 3 Evaluations: 135
[Task: 85] Size: 4 Evaluations: 155
[Task: 85] Size: 5 Evaluations: 594
[Task: 85] Size: 6 Evaluations: 1119
[Task: 85] Size: 7 Evaluations: 2387
[Task: 85] Size: 8 Evaluations: 4749
[Task: 85] Size: 9 Evaluations: 8622
[Task: 85] Size: 10 Evaluations: 17781
[Task: 85] Size: 11 Evaluations: 36191
[Task: 85] Size: 12 Evaluations: 82447
[Task: 85] Size: 13 Evaluations: 179452
[Task: 85] Size: 14 Evaluations: 399822
[Task: 85] Size: 15 Evaluations: 866078
[Task: 85] Size: 16 Evaluations: 1850683
[Task: 85] Size: 17 Evaluations: 3917079
[Task: 86] Loading bustle model....
[Task: 86] Count: 86
[Task: 86] 
[Task: 86] 2021-09-10 16:15:45.777418
[Task: 86] Number of programs: 15
[Task: 86] Size: 0 Evaluations: 0
[Task: 86] Size: 1 Evaluations: 0
[Task: 86] Size: 2 Evaluations: 29
[Task: 86] Size: 3 Evaluations: 136
[Task: 86] Size: 4 Evaluations: 226
[Task: 86] Size: 5 Evaluations: 1015
[Task: 86] Size: 6 Evaluations: 3039
[Task: 86] Size: 7 Evaluations: 9594
[Task: 86] Size: 8 Evaluations: 33391
[Task: 86] Size: 9 Evaluations: 117726
[Task: 86] Size: 10 Evaluations: 412910
[Task: 86] Size: 11 Evaluations: 1545299
[Task: 86] Size: 12 Evaluations: 5458920
[Task: 87] Loading bustle model....
[Task: 87] Count: 87
[Task: 87] 
[Task: 87] 2021-09-10 16:15:45.723224
[Task: 87] Number of programs: 16
[Task: 87] Size: 0 Evaluations: 0
[Task: 87] Size: 1 Evaluations: 0
[Task: 87] Size: 2 Evaluations: 33
[Task: 87] Size: 3 Evaluations: 168
[Task: 87] Size: 4 Evaluations: 291
[Task: 87] Size: 5 Evaluations: 1424
[Task: 87] Size: 6 Evaluations: 6280
[Task: 87] Size: 7 Evaluations: 20473
[Task: 87] Size: 8 Evaluations: 103509
[Task: 87] Size: 9 Evaluations: 420866
[Task: 87] Size: 10 Evaluations: 1790505
[Task: 88] Loading bustle model....
[Task: 88] Count: 88
[Task: 88] 
[Task: 88] 2021-09-10 16:15:45.783090
[Task: 88] Number of programs: 36
[Task: 88] Size: 0 Evaluations: 0
[Task: 88] Size: 1 Evaluations: 0
[Task: 88] Size: 2 Evaluations: 71
[Task: 88] Size: 3 Evaluations: 1007
[Task: 88] Size: 4 Evaluations: 2049
[Task: 88] Size: 5 Evaluations: 7962
[Task: 88] Size: 6 Evaluations: 62400
[Task: 88] Size: 7 Evaluations: 281220
[Task: 88] Size: 8 Evaluations: 2107856
