[Task: 0] Loading bustle model....
[Task: 0] Count: 0
[Task: 0] 
[Task: 0] 2021-09-10 11:53:59.528744
[Task: 0] Number of programs: 10
[Task: 0] Size: 0 Evaluations: 0
[Task: 0] Size: 1 Evaluations: 0
[Task: 0] Size: 2 Evaluations: 17
[Task: 0] Size: 3 Evaluations: 33
[Task: 0] Size: 4 Evaluations: 27
[Task: 0] Size: 5 Evaluations: 112
[Task: 0] Size: 6 Evaluations: 218
[Task: 0] Size: 7 Evaluations: 674
[Task: 0] Benchmark: 11440431.sl
[Task: 0] Result: Success
[Task: 0] Program: _arg_0.replace("US", "").replace("CAN", "").strip()
[Task: 0] Number of evaluations: 1987
[Task: 0] 2021-09-10 11:54:00.639307
[Task: 0] Time taken: 0:00:01.110549
[Task: 0] 
[Task: 1] Loading bustle model....
[Task: 1] Count: 1
[Task: 1] 
[Task: 1] 2021-09-10 11:53:59.525460
[Task: 1] Number of programs: 10
[Task: 1] Size: 0 Evaluations: 0
[Task: 1] Size: 1 Evaluations: 0
[Task: 1] Size: 2 Evaluations: 12
[Task: 1] Size: 3 Evaluations: 20
[Task: 1] Size: 4 Evaluations: 16
[Task: 1] Size: 5 Evaluations: 56
[Task: 1] Size: 6 Evaluations: 62
[Task: 1] Size: 7 Evaluations: 179
[Task: 1] Size: 8 Evaluations: 152
[Task: 1] Size: 9 Evaluations: 509
[Task: 1] Size: 10 Evaluations: 631
[Task: 1] Size: 11 Evaluations: 1613
[Task: 1] Size: 12 Evaluations: 2788
[Task: 1] Benchmark: 11604909.sl
[Task: 1] Result: Success
[Task: 1] Program: _arg_0[(-1 + _arg_0.IndexOf(".")):][:(1 + (1 + 1))]
[Task: 1] Number of evaluations: 8794
[Task: 1] 2021-09-10 11:54:05.251661
[Task: 1] Time taken: 0:00:05.726127
[Task: 1] 
[Task: 2] Loading bustle model....
[Task: 2] Count: 2
[Task: 2] 
[Task: 2] 2021-09-10 11:53:59.513579
[Task: 2] Number of programs: 9
[Task: 2] Size: 0 Evaluations: 0
[Task: 2] Size: 1 Evaluations: 0
[Task: 2] Size: 2 Evaluations: 10
[Task: 2] Size: 3 Evaluations: 16
[Task: 2] Size: 4 Evaluations: 14
[Task: 2] Size: 5 Evaluations: 45
[Task: 2] Size: 6 Evaluations: 61
[Task: 2] Size: 7 Evaluations: 134
[Task: 2] Size: 8 Evaluations: 180
[Task: 2] Size: 9 Evaluations: 332
[Task: 2] Size: 10 Evaluations: 598
[Task: 2] Size: 11 Evaluations: 1148
[Task: 2] Benchmark: 17212077.sl
[Task: 2] Result: Success
[Task: 2] Program: _arg_0[:(1 + 1)] + "/" + _arg_0[_arg_0.IndexOf((1 + 1).IntToStr()):]
[Task: 2] Number of evaluations: 4043
[Task: 2] 2021-09-10 11:54:01.816429
[Task: 2] Time taken: 0:00:02.302841
[Task: 2] 
[Task: 3] Loading bustle model....
[Task: 3] Count: 3
[Task: 3] 
[Task: 3] 2021-09-10 11:55:15.427391
[Task: 3] Number of programs: 8
[Task: 3] Size: 0 Evaluations: 0
[Task: 3] Size: 1 Evaluations: 0
[Task: 3] Size: 2 Evaluations: 11
[Task: 3] Size: 3 Evaluations: 13
[Task: 3] Size: 4 Evaluations: 8
[Task: 3] Size: 5 Evaluations: 39
[Task: 3] Size: 6 Evaluations: 41
[Task: 3] Benchmark: 2171308.sl
[Task: 3] Result: Success
[Task: 3] Program: _arg_0[:1] + "" + _arg_0[_arg_0.IndexOf(" "):]
[Task: 3] Number of evaluations: 178
[Task: 3] 2021-09-10 11:55:15.960683
[Task: 3] Time taken: 0:00:00.533222
[Task: 3] 
[Task: 4] Loading bustle model....
[Task: 4] Count: 4
[Task: 4] 
[Task: 4] 2021-09-10 11:55:15.367605
[Task: 4] Number of programs: 14
[Task: 4] Size: 0 Evaluations: 0
[Task: 4] Size: 1 Evaluations: 0
[Task: 4] Size: 2 Evaluations: 30
[Task: 4] Size: 3 Evaluations: 99
[Task: 4] Size: 4 Evaluations: 60
[Task: 4] Size: 5 Evaluations: 267
[Task: 4] Size: 6 Evaluations: 345
[Task: 4] Size: 7 Evaluations: 799
[Task: 4] Size: 8 Evaluations: 1484
[Task: 4] Size: 9 Evaluations: 3817
[Task: 4] Benchmark: 25239569.sl
[Task: 4] Result: Success
[Task: 4] Program: _arg_0.replace("BRD", "Branding").replace("DRS", "Direct Response").replace("LDS", "Leads")
[Task: 4] Number of evaluations: 10522
[Task: 4] 2021-09-10 11:55:19.113116
[Task: 4] Time taken: 0:00:03.744063
[Task: 4] 
[Task: 5] Loading bustle model....
[Task: 5] Count: 5
[Task: 5] 
[Task: 5] 2021-09-10 11:55:15.385239
[Task: 5] Number of programs: 10
[Task: 5] Size: 0 Evaluations: 0
[Task: 5] Size: 1 Evaluations: 0
[Task: 5] Size: 2 Evaluations: 13
[Task: 5] Size: 3 Evaluations: 27
[Task: 5] Size: 4 Evaluations: 27
[Task: 5] Size: 5 Evaluations: 111
[Task: 5] Size: 6 Evaluations: 212
[Task: 5] Size: 7 Evaluations: 699
[Task: 5] Benchmark: 28627624_1.sl
[Task: 5] Result: Success
[Task: 5] Program: _arg_0[:_arg_0.IndexOf("-")].strip()
[Task: 5] Number of evaluations: 2051
[Task: 5] 2021-09-10 11:55:16.286982
[Task: 5] Time taken: 0:00:00.901671
[Task: 5] 
[Task: 6] Loading bustle model....
[Task: 6] Count: 6
[Task: 6] 
[Task: 6] 2021-09-10 11:55:15.447310
[Task: 6] Number of programs: 9
[Task: 6] Size: 0 Evaluations: 0
[Task: 6] Size: 1 Evaluations: 0
[Task: 6] Size: 2 Evaluations: 11
[Task: 6] Size: 3 Evaluations: 18
[Task: 6] Size: 4 Evaluations: 9
[Task: 6] Size: 5 Evaluations: 42
[Task: 6] Size: 6 Evaluations: 62
[Task: 6] Size: 7 Evaluations: 50
[Task: 6] Size: 8 Evaluations: 228
[Task: 6] Size: 9 Evaluations: 321
[Task: 6] Size: 10 Evaluations: 419
[Task: 6] Size: 11 Evaluations: 1211
[Task: 6] Size: 12 Evaluations: 2087
[Task: 6] Size: 13 Evaluations: 3170
[Task: 6] Size: 14 Evaluations: 7588
[Task: 6] Size: 15 Evaluations: 15232
[Task: 6] Benchmark: 30732554.sl
[Task: 6] Result: Success
[Task: 6] Program: _arg_0[:concat(_arg_0, "|").IndexOf("|")]
[Task: 6] Number of evaluations: 44904
[Task: 6] 2021-09-10 11:55:38.209479
[Task: 6] Time taken: 0:00:22.760463
[Task: 6] 
[Task: 7] Loading bustle model....
[Task: 7] Count: 7
[Task: 7] 
[Task: 7] 2021-09-10 11:55:15.511703
[Task: 7] Number of programs: 13
[Task: 7] Size: 0 Evaluations: 0
[Task: 7] Size: 1 Evaluations: 0
[Task: 7] Size: 2 Evaluations: 15
[Task: 7] Size: 3 Evaluations: 37
[Task: 7] Size: 4 Evaluations: 21
[Task: 7] Size: 5 Evaluations: 149
[Task: 7] Size: 6 Evaluations: 86
[Task: 7] Size: 7 Evaluations: 156
[Task: 7] Size: 8 Evaluations: 448
[Task: 7] Size: 9 Evaluations: 500
[Task: 7] Size: 10 Evaluations: 997
[Task: 7] Size: 11 Evaluations: 3364
[Task: 7] Size: 12 Evaluations: 5703
[Task: 7] Size: 13 Evaluations: 19795
[Task: 7] Size: 14 Evaluations: 25802
[Task: 7] Size: 15 Evaluations: 42115
[Task: 7] Size: 16 Evaluations: 115362
[Task: 7] Size: 17 Evaluations: 186554
[Task: 7] Size: 18 Evaluations: 362803
[Task: 7] Size: 19 Evaluations: 1048571
[Task: 7] Size: 20 Evaluations: 1969299
[Task: 7] Size: 21 Evaluations: 5026045
[Task: 8] Loading bustle model....
[Task: 8] Count: 8
[Task: 8] 
[Task: 8] 2021-09-10 11:55:15.451969
[Task: 8] Number of programs: 12
[Task: 8] Size: 0 Evaluations: 0
[Task: 8] Size: 1 Evaluations: 0
[Task: 8] Size: 2 Evaluations: 26
[Task: 8] Size: 3 Evaluations: 65
[Task: 8] Size: 4 Evaluations: 51
[Task: 8] Size: 5 Evaluations: 240
[Task: 8] Size: 6 Evaluations: 680
[Task: 8] Size: 7 Evaluations: 2172
[Task: 8] Size: 8 Evaluations: 7693
[Task: 8] Size: 9 Evaluations: 24267
[Task: 8] Size: 10 Evaluations: 85467
[Task: 8] Size: 11 Evaluations: 294485
[Task: 8] Size: 12 Evaluations: 1042408
[Task: 8] Size: 13 Evaluations: 3695953
[Task: 8] Benchmark: 33619752.sl
[Task: 8] Result: Success
[Task: 8] Program: _arg_0.replace("Inc", "").replace("Company", "").replace("Corporation", "").replace("Enterprises", "").strip()
[Task: 8] Number of evaluations: 13424974
[Task: 8] 2021-09-10 13:23:59.760675
[Task: 8] Time taken: 1:28:44.308762
[Task: 8] 
[Task: 9] Loading bustle model....
[Task: 9] Count: 9
[Task: 9] 
[Task: 9] 2021-09-10 11:55:15.432804
[Task: 9] Number of programs: 10
[Task: 9] Size: 0 Evaluations: 0
[Task: 9] Size: 1 Evaluations: 0
[Task: 9] Size: 2 Evaluations: 16
[Task: 9] Size: 3 Evaluations: 33
[Task: 9] Size: 4 Evaluations: 37
[Task: 9] Size: 5 Evaluations: 125
[Task: 9] Benchmark: 34801680.sl
[Task: 9] Result: Success
[Task: 9] Program: _arg_0[_arg_0.IndexOf(" "):].strip()
[Task: 9] Number of evaluations: 394
[Task: 9] 2021-09-10 11:55:15.930945
[Task: 9] Time taken: 0:00:00.498118
[Task: 9] 
[Task: 10] Loading bustle model....
[Task: 10] Count: 10
[Task: 10] 
[Task: 10] 2021-09-10 11:55:15.323519
[Task: 10] Number of programs: 10
[Task: 10] Size: 0 Evaluations: 0
[Task: 10] Size: 1 Evaluations: 0
[Task: 10] Size: 2 Evaluations: 17
[Task: 10] Size: 3 Evaluations: 30
[Task: 10] Size: 4 Evaluations: 27
[Task: 10] Size: 5 Evaluations: 142
[Task: 10] Size: 6 Evaluations: 151
[Task: 10] Size: 7 Evaluations: 436
[Task: 10] Size: 8 Evaluations: 698
[Task: 10] Size: 9 Evaluations: 1320
[Task: 10] Benchmark: 35016216.sl
[Task: 10] Result: Success
[Task: 10] Program: _arg_0.replace(_arg_0.lower(), _arg_1)
[Task: 10] Number of evaluations: 3765
[Task: 10] 2021-09-10 11:55:17.391549
[Task: 10] Time taken: 0:00:02.068020
[Task: 10] 
[Task: 11] Loading bustle model....
[Task: 11] Count: 11
[Task: 11] 
[Task: 11] 2021-09-10 11:55:15.516584
[Task: 11] Number of programs: 13
[Task: 11] Size: 0 Evaluations: 0
[Task: 11] Size: 1 Evaluations: 0
[Task: 11] Size: 2 Evaluations: 23
[Task: 11] Size: 3 Evaluations: 79
[Task: 11] Size: 4 Evaluations: 44
[Task: 11] Size: 5 Evaluations: 69
[Task: 11] Size: 6 Evaluations: 117
[Task: 11] Size: 7 Evaluations: 212
[Task: 11] Size: 8 Evaluations: 284
[Task: 11] Size: 9 Evaluations: 636
[Task: 11] Size: 10 Evaluations: 1731
[Task: 11] Size: 11 Evaluations: 5078
[Task: 11] Size: 12 Evaluations: 13156
[Task: 11] Size: 13 Evaluations: 39294
[Task: 11] Size: 14 Evaluations: 115672
[Task: 11] Size: 15 Evaluations: 405788
[Task: 11] Size: 16 Evaluations: 1365948
[Task: 11] Size: 17 Evaluations: 5014590
[Task: 12] Loading bustle model....
[Task: 12] Count: 12
[Task: 12] 
[Task: 12] 2021-09-10 11:55:15.378158
[Task: 12] Number of programs: 9
[Task: 12] Size: 0 Evaluations: 0
[Task: 12] Size: 1 Evaluations: 0
[Task: 12] Size: 2 Evaluations: 11
[Task: 12] Size: 3 Evaluations: 18
[Task: 12] Size: 4 Evaluations: 12
[Task: 12] Size: 5 Evaluations: 58
[Task: 12] Size: 6 Evaluations: 83
[Task: 12] Size: 7 Evaluations: 306
[Task: 12] Size: 8 Evaluations: 553
[Task: 12] Size: 9 Evaluations: 2073
[Task: 12] Size: 10 Evaluations: 4307
[Task: 12] Size: 11 Evaluations: 14896
[Task: 12] Size: 12 Evaluations: 35210
[Task: 12] Size: 13 Evaluations: 117124
[Task: 12] Size: 14 Evaluations: 301300
[Task: 12] Size: 15 Evaluations: 964496
[Task: 12] Benchmark: 36462127.sl
[Task: 12] Result: Success
[Task: 12] Program: _arg_0[(-1 - concat(" ", _arg_0).IndexOf("/")):].replace("/", "")
[Task: 12] Number of evaluations: 2765858
[Task: 12] 2021-09-10 12:11:21.580982
[Task: 12] Time taken: 0:16:06.202994
[Task: 12] 
[Task: 13] Loading bustle model....
[Task: 13] Count: 13
[Task: 13] 
[Task: 13] 2021-09-10 11:55:15.419357
[Task: 13] Number of programs: 10
[Task: 13] Size: 0 Evaluations: 0
[Task: 13] Size: 1 Evaluations: 0
[Task: 13] Size: 2 Evaluations: 18
[Task: 13] Size: 3 Evaluations: 32
[Task: 13] Size: 4 Evaluations: 30
[Task: 13] Size: 5 Evaluations: 186
[Task: 13] Size: 6 Evaluations: 183
[Task: 13] Size: 7 Evaluations: 682
[Task: 13] Size: 8 Evaluations: 1030
[Task: 13] Size: 9 Evaluations: 2321
[Task: 13] Size: 10 Evaluations: 3981
[Task: 13] Benchmark: 37534494.sl
[Task: 13] Result: Success
[Task: 13] Program: (if_arg_0.Contain(_arg_2) then _arg_0 else _arg_1)
[Task: 13] Number of evaluations: 12606
[Task: 13] 2021-09-10 11:55:19.792846
[Task: 13] Time taken: 0:00:04.373391
[Task: 13] 
[Task: 14] Loading bustle model....
[Task: 14] Count: 14
[Task: 14] 
[Task: 14] 2021-09-10 11:55:15.361653
[Task: 14] Number of programs: 9
[Task: 14] Size: 0 Evaluations: 0
[Task: 14] Size: 1 Evaluations: 0
[Task: 14] Size: 2 Evaluations: 13
[Task: 14] Size: 3 Evaluations: 25
[Task: 14] Size: 4 Evaluations: 4
[Task: 14] Size: 5 Evaluations: 33
[Task: 14] Size: 6 Evaluations: 62
[Task: 14] Size: 7 Evaluations: 64
[Task: 14] Size: 8 Evaluations: 274
[Task: 14] Size: 9 Evaluations: 466
[Task: 14] Size: 10 Evaluations: 865
[Task: 14] Benchmark: 38664547.sl
[Task: 14] Result: Success
[Task: 14] Program: _arg_0.replace(_arg_0.replace("that", "").upper(), "that").replace("that", "")
[Task: 14] Number of evaluations: 2481
[Task: 14] 2021-09-10 11:55:17.152800
[Task: 14] Time taken: 0:00:01.789619
[Task: 14] 
[Task: 15] Loading bustle model....
[Task: 15] Count: 15
[Task: 15] 
[Task: 15] 2021-09-10 11:55:15.457258
[Task: 15] Number of programs: 10
[Task: 15] Size: 0 Evaluations: 0
[Task: 15] Size: 1 Evaluations: 0
[Task: 15] Size: 2 Evaluations: 13
[Task: 15] Size: 3 Evaluations: 27
[Task: 15] Size: 4 Evaluations: 16
[Task: 15] Size: 5 Evaluations: 62
[Task: 15] Size: 6 Evaluations: 61
[Task: 15] Size: 7 Evaluations: 115
[Task: 15] Size: 8 Evaluations: 273
[Task: 15] Size: 9 Evaluations: 406
[Task: 15] Size: 10 Evaluations: 900
[Task: 15] Size: 11 Evaluations: 1557
[Task: 15] Size: 12 Evaluations: 2689
[Task: 15] Size: 13 Evaluations: 4812
[Task: 15] Benchmark: 38871714.sl
[Task: 15] Result: Success
[Task: 15] Program: _arg_0.replace("<", "",-1).replace(">", "",-1)
[Task: 15] Number of evaluations: 15317
[Task: 15] 2021-09-10 11:55:21.692259
[Task: 15] Time taken: 0:00:06.234996
[Task: 15] 
[Task: 16] Loading bustle model....
[Task: 16] Count: 16
[Task: 16] 
[Task: 16] 2021-09-10 11:55:15.441888
[Task: 16] Number of programs: 9
[Task: 16] Size: 0 Evaluations: 0
[Task: 16] Size: 1 Evaluations: 0
[Task: 16] Size: 2 Evaluations: 12
[Task: 16] Size: 3 Evaluations: 20
[Task: 16] Size: 4 Evaluations: 9
[Task: 16] Size: 5 Evaluations: 36
[Task: 16] Size: 6 Evaluations: 35
[Task: 16] Size: 7 Evaluations: 61
[Task: 16] Size: 8 Evaluations: 133
[Task: 16] Size: 9 Evaluations: 183
[Task: 16] Size: 10 Evaluations: 442
[Task: 16] Size: 11 Evaluations: 831
[Task: 16] Size: 12 Evaluations: 1614
[Task: 16] Size: 13 Evaluations: 3135
[Task: 16] Size: 14 Evaluations: 6685
[Task: 16] Size: 15 Evaluations: 12750
[Task: 16] Size: 16 Evaluations: 27505
[Task: 16] Benchmark: 39060015.sl
[Task: 16] Result: Success
[Task: 16] Program: _arg_0.replace("/", _arg_0[:_arg_0.IndexOf("/")],-1)[_arg_0.Length():]
[Task: 16] Number of evaluations: 87126
[Task: 16] 2021-09-10 11:55:43.062594
[Task: 16] Time taken: 0:00:27.619320
[Task: 16] 
[Task: 17] Loading bustle model....
[Task: 17] Count: 17
[Task: 17] 
[Task: 17] 2021-09-10 11:55:15.500818
[Task: 17] Number of programs: 9
[Task: 17] Size: 0 Evaluations: 0
[Task: 17] Size: 1 Evaluations: 0
[Task: 17] Size: 2 Evaluations: 14
[Task: 17] Size: 3 Evaluations: 24
[Task: 17] Size: 4 Evaluations: 28
[Task: 17] Size: 5 Evaluations: 75
[Task: 17] Size: 6 Evaluations: 180
[Task: 17] Size: 7 Evaluations: 449
[Task: 17] Size: 8 Evaluations: 1232
[Task: 17] Size: 9 Evaluations: 3349
[Task: 17] Size: 10 Evaluations: 9421
[Task: 17] Benchmark: 41503046.sl
[Task: 17] Result: Success
[Task: 17] Program: _arg_0[:_arg_0.IndexOf(" ",("ssp.".Length() + "ssp.".Length()))]
[Task: 17] Number of evaluations: 32245
[Task: 17] 2021-09-10 11:55:26.768107
[Task: 17] Time taken: 0:00:11.267196
[Task: 17] 
[Task: 18] Loading bustle model....
[Task: 18] Count: 18
[Task: 18] 
[Task: 18] 2021-09-10 11:55:15.401067
[Task: 18] Number of programs: 17
[Task: 18] Size: 0 Evaluations: 0
[Task: 18] Size: 1 Evaluations: 0
[Task: 18] Size: 2 Evaluations: 28
[Task: 18] Size: 3 Evaluations: 153
[Task: 18] Size: 4 Evaluations: 114
[Task: 18] Size: 5 Evaluations: 200
[Task: 18] Size: 6 Evaluations: 376
[Task: 18] Size: 7 Evaluations: 576
[Task: 18] Size: 8 Evaluations: 864
[Task: 18] Size: 9 Evaluations: 1754
[Task: 18] Size: 10 Evaluations: 4269
[Task: 18] Size: 11 Evaluations: 8841
[Task: 18] Size: 12 Evaluations: 21661
[Task: 18] Size: 13 Evaluations: 59396
[Task: 18] Size: 14 Evaluations: 109972
[Task: 18] Size: 15 Evaluations: 198439
[Task: 18] Size: 16 Evaluations: 392211
[Task: 18] Size: 17 Evaluations: 755853
[Task: 18] Size: 18 Evaluations: 1418779
[Task: 18] Size: 19 Evaluations: 2923854
[Task: 19] Loading bustle model....
[Task: 19] Count: 19
[Task: 19] 
[Task: 19] 2021-09-10 11:55:15.397750
[Task: 19] Number of programs: 9
[Task: 19] Size: 0 Evaluations: 0
[Task: 19] Size: 1 Evaluations: 0
[Task: 19] Size: 2 Evaluations: 11
[Task: 19] Size: 3 Evaluations: 17
[Task: 19] Size: 4 Evaluations: 4
[Task: 19] Size: 5 Evaluations: 23
[Task: 19] Size: 6 Evaluations: 17
[Task: 19] Size: 7 Evaluations: 54
[Task: 19] Size: 8 Evaluations: 103
[Task: 19] Size: 9 Evaluations: 308
[Task: 19] Size: 10 Evaluations: 531
[Task: 19] Size: 11 Evaluations: 1495
[Task: 19] Size: 12 Evaluations: 3037
[Task: 19] Size: 13 Evaluations: 8029
[Task: 19] Size: 14 Evaluations: 17789
[Task: 19] Size: 15 Evaluations: 48045
[Task: 19] Size: 16 Evaluations: 109331
[Task: 19] Benchmark: 43606446.sl
[Task: 19] Result: Success
[Task: 19] Program: _arg_0.Substr(_arg_0.Substr(1,-1)[1:][1:].Length(),-1)
[Task: 19] Number of evaluations: 339463
[Task: 19] 2021-09-10 11:58:13.592547
[Task: 19] Time taken: 0:02:58.194779
[Task: 19] 
[Task: 20] Loading bustle model....
[Task: 20] Count: 20
[Task: 20] 
[Task: 20] 2021-09-10 11:55:15.481730
[Task: 20] Number of programs: 11
[Task: 20] Size: 0 Evaluations: 0
[Task: 20] Size: 1 Evaluations: 0
[Task: 20] Size: 2 Evaluations: 22
[Task: 20] Size: 3 Evaluations: 47
[Task: 20] Size: 4 Evaluations: 54
[Task: 20] Size: 5 Evaluations: 244
[Task: 20] Size: 6 Evaluations: 296
[Task: 20] Size: 7 Evaluations: 974
[Task: 20] Size: 8 Evaluations: 1283
[Task: 20] Benchmark: add-a-line-break-with-a-formula.sl
[Task: 20] Result: Success
[Task: 20] Program: concat(_arg_0, concat("/n", concat(_arg_1, concat("/n", _arg_2))))
[Task: 20] Number of evaluations: 2990
[Task: 20] 2021-09-10 11:55:17.168087
[Task: 20] Time taken: 0:00:01.686259
[Task: 20] 
[Task: 21] Loading bustle model....
[Task: 21] Count: 21
[Task: 21] 
[Task: 21] 2021-09-10 11:55:15.357142
[Task: 21] Number of programs: 10
[Task: 21] Size: 0 Evaluations: 0
[Task: 21] Size: 1 Evaluations: 0
[Task: 21] Size: 2 Evaluations: 13
[Task: 21] Size: 3 Evaluations: 34
[Task: 21] Size: 4 Evaluations: 22
[Task: 21] Size: 5 Evaluations: 101
[Task: 21] Size: 6 Evaluations: 77
[Task: 21] Size: 7 Evaluations: 593
[Task: 21] Benchmark: bikes.sl
[Task: 21] Result: Success
[Task: 21] Program: name[:(0 - 3)]
[Task: 21] Number of evaluations: 1038
[Task: 21] 2021-09-10 11:55:16.250356
[Task: 21] Time taken: 0:00:00.893202
[Task: 21] 
[Task: 22] Loading bustle model....
[Task: 22] Count: 22
[Task: 22] 
[Task: 22] 2021-09-10 11:55:15.336473
[Task: 22] Number of programs: 9
[Task: 22] Size: 0 Evaluations: 0
[Task: 22] Size: 1 Evaluations: 0
[Task: 22] Size: 2 Evaluations: 10
[Task: 22] Size: 3 Evaluations: 19
[Task: 22] Benchmark: change-negative-numbers-to-positive.sl
[Task: 22] Result: Success
[Task: 22] Program: _arg_0.replace("-", "")
[Task: 22] Number of evaluations: 30
[Task: 22] 2021-09-10 11:55:15.640699
[Task: 22] Time taken: 0:00:00.304147
[Task: 22] 
[Task: 23] Loading bustle model....
[Task: 23] Count: 23
[Task: 23] 
[Task: 23] 2021-09-10 12:06:14.125630
[Task: 23] Number of programs: 13
[Task: 23] Size: 0 Evaluations: 0
[Task: 23] Size: 1 Evaluations: 0
[Task: 23] Size: 2 Evaluations: 14
[Task: 23] Size: 3 Evaluations: 61
[Task: 23] Size: 4 Evaluations: 60
[Task: 23] Size: 5 Evaluations: 124
[Task: 23] Size: 6 Evaluations: 151
[Task: 23] Size: 7 Evaluations: 331
[Task: 23] Size: 8 Evaluations: 528
[Task: 23] Size: 9 Evaluations: 878
[Task: 23] Size: 10 Evaluations: 3441
[Task: 23] Size: 11 Evaluations: 6032
[Task: 23] Size: 12 Evaluations: 15316
[Task: 23] Size: 13 Evaluations: 40229
[Task: 23] Size: 14 Evaluations: 79643
[Task: 23] Size: 15 Evaluations: 183888
[Task: 23] Size: 16 Evaluations: 500427
[Task: 23] Size: 17 Evaluations: 1116046
[Task: 23] Benchmark: clean-and-reformat-telephone-numbers.sl
[Task: 23] Result: Success
[Task: 23] Program: _arg_0.replace("-", "",-1).replace(".", "",-1).replace(" ", "").replace("<", "").replace(">", "")
[Task: 23] Number of evaluations: 2991019
[Task: 23] 2021-09-10 12:26:54.563634
[Task: 23] Time taken: 0:20:40.438152
[Task: 23] 
[Task: 24] Loading bustle model....
[Task: 24] Count: 24
[Task: 24] 
[Task: 24] 2021-09-10 12:06:14.126792
[Task: 24] Number of programs: 10
[Task: 24] Size: 0 Evaluations: 0
[Task: 24] Size: 1 Evaluations: 0
[Task: 24] Size: 2 Evaluations: 16
[Task: 24] Size: 3 Evaluations: 34
[Task: 24] Size: 4 Evaluations: 27
[Task: 24] Size: 5 Evaluations: 181
[Task: 24] Size: 6 Evaluations: 186
[Task: 24] Benchmark: create-email-address-from-name.sl
[Task: 24] Result: Success
[Task: 24] Program: concat(_arg_1.CharAt(0), concat(_arg_0, "_acme.com"))
[Task: 24] Number of evaluations: 590
[Task: 24] 2021-09-10 12:06:14.898270
[Task: 24] Time taken: 0:00:00.771472
[Task: 24] 
[Task: 25] Loading bustle model....
[Task: 25] Count: 25
[Task: 25] 
[Task: 25] 2021-09-10 12:06:14.106547
[Task: 25] Number of programs: 11
[Task: 25] Size: 0 Evaluations: 0
[Task: 25] Size: 1 Evaluations: 0
[Task: 25] Size: 2 Evaluations: 17
[Task: 25] Size: 3 Evaluations: 43
[Task: 25] Size: 4 Evaluations: 28
[Task: 25] Size: 5 Evaluations: 211
[Task: 25] Size: 6 Evaluations: 222
[Task: 25] Size: 7 Evaluations: 631
[Task: 25] Size: 8 Evaluations: 1084
[Task: 25] Benchmark: create-email-address-with-name-and-domain.sl
[Task: 25] Result: Success
[Task: 25] Program: concat(_arg_0.CharAt(0), concat(_arg_1, concat("_", _arg_2)))
[Task: 25] Number of evaluations: 2395
[Task: 25] 2021-09-10 12:06:15.532209
[Task: 25] Time taken: 0:00:01.425651
[Task: 25] 
[Task: 26] Loading bustle model....
[Task: 26] Count: 26
[Task: 26] 
[Task: 26] 2021-09-10 12:07:55.822651
[Task: 26] Number of programs: 9
[Task: 26] Size: 0 Evaluations: 0
[Task: 26] Size: 1 Evaluations: 0
[Task: 26] Size: 2 Evaluations: 15
[Task: 26] Size: 3 Evaluations: 32
[Task: 26] Size: 4 Evaluations: 23
[Task: 26] Size: 5 Evaluations: 127
[Task: 26] Size: 6 Evaluations: 145
[Task: 26] Size: 7 Evaluations: 423
[Task: 26] Size: 8 Evaluations: 563
[Task: 26] Size: 9 Evaluations: 1040
[Task: 26] Size: 10 Evaluations: 1475
[Task: 26] Size: 11 Evaluations: 2678
[Task: 26] Benchmark: dr-name.sl
[Task: 26] Result: Success
[Task: 26] Program: concat("Dr.", concat(" ", name[:name.IndexOf(" ")]))
[Task: 26] Number of evaluations: 6850
[Task: 26] 2021-09-10 12:08:01.164827
[Task: 26] Time taken: 0:00:05.336489
[Task: 26] 
[Task: 27] Loading bustle model....
[Task: 27] Count: 27
[Task: 27] 
[Task: 27] 2021-09-10 12:07:55.793103
[Task: 27] Number of programs: 10
[Task: 27] Size: 0 Evaluations: 0
[Task: 27] Size: 1 Evaluations: 0
[Task: 27] Size: 2 Evaluations: 14
[Task: 27] Size: 3 Evaluations: 31
[Task: 27] Size: 4 Evaluations: 30
[Task: 27] Size: 5 Evaluations: 132
[Task: 27] Size: 6 Evaluations: 223
[Task: 27] Benchmark: exceljet1.sl
[Task: 27] Result: Success
[Task: 27] Program: _arg_1[(1 + _arg_1.IndexOf("_")):]
[Task: 27] Number of evaluations: 920
[Task: 27] 2021-09-10 12:07:56.408879
[Task: 27] Time taken: 0:00:00.615696
[Task: 27] 
[Task: 28] Loading bustle model....
[Task: 28] Count: 28
[Task: 28] 
[Task: 28] 2021-09-10 12:07:55.783800
[Task: 28] Number of programs: 9
[Task: 28] Size: 0 Evaluations: 0
[Task: 28] Size: 1 Evaluations: 0
[Task: 28] Size: 2 Evaluations: 11
[Task: 28] Size: 3 Evaluations: 18
[Task: 28] Size: 4 Evaluations: 13
[Task: 28] Size: 5 Evaluations: 64
[Task: 28] Size: 6 Evaluations: 90
[Task: 28] Size: 7 Evaluations: 349
[Task: 28] Size: 8 Evaluations: 640
[Task: 28] Size: 9 Evaluations: 2481
[Task: 28] Size: 10 Evaluations: 5106
[Task: 28] Size: 11 Evaluations: 18762
[Task: 28] Benchmark: exceljet2.sl
[Task: 28] Result: Success
[Task: 28] Program: _arg_0[(0 - _arg_0.IndexOf(".")):].replace(".", "")
[Task: 28] Number of evaluations: 47077
[Task: 28] 2021-09-10 12:08:13.160329
[Task: 28] Time taken: 0:00:17.374285
[Task: 28] 
[Task: 29] Loading bustle model....
[Task: 29] Count: 29
[Task: 29] 
[Task: 29] 2021-09-10 12:07:55.858778
[Task: 29] Number of programs: 9
[Task: 29] Size: 0 Evaluations: 0
[Task: 29] Size: 1 Evaluations: 0
[Task: 29] Size: 2 Evaluations: 11
[Task: 29] Size: 3 Evaluations: 19
[Task: 29] Size: 4 Evaluations: 16
[Task: 29] Size: 5 Evaluations: 70
[Task: 29] Size: 6 Evaluations: 125
[Task: 29] Size: 7 Evaluations: 396
[Task: 29] Benchmark: exceljet3.sl
[Task: 29] Result: Success
[Task: 29] Program: _arg_0[1:][_arg_0.IndexOf("="):].strip()
[Task: 29] Number of evaluations: 1130
[Task: 29] 2021-09-10 12:07:56.742805
[Task: 29] Time taken: 0:00:00.884008
[Task: 29] 
[Task: 30] Loading bustle model....
[Task: 30] Count: 30
[Task: 30] 
[Task: 30] 2021-09-10 12:07:55.836219
[Task: 30] Number of programs: 10
[Task: 30] Size: 0 Evaluations: 0
[Task: 30] Size: 1 Evaluations: 0
[Task: 30] Size: 2 Evaluations: 12
[Task: 30] Size: 3 Evaluations: 26
[Task: 30] Size: 4 Evaluations: 20
[Task: 30] Size: 5 Evaluations: 97
[Task: 30] Size: 6 Evaluations: 173
[Task: 30] Size: 7 Evaluations: 669
[Task: 30] Size: 8 Evaluations: 1512
[Task: 30] Benchmark: exceljet4.sl
[Task: 30] Result: Success
[Task: 30] Program: _arg_0[(1 + (1 + _arg_0.IndexOf("/"))):]
[Task: 30] Number of evaluations: 6662
[Task: 30] 2021-09-10 12:07:57.953684
[Task: 30] Time taken: 0:00:02.111929
[Task: 30] 
[Task: 31] Loading bustle model....
[Task: 31] Count: 31
[Task: 31] 
[Task: 31] 2021-09-10 12:07:55.804363
[Task: 31] Number of programs: 14
[Task: 31] Size: 0 Evaluations: 0
[Task: 31] Size: 1 Evaluations: 0
[Task: 31] Size: 2 Evaluations: 15
[Task: 31] Size: 3 Evaluations: 45
[Task: 31] Size: 4 Evaluations: 26
[Task: 31] Size: 5 Evaluations: 215
[Task: 31] Size: 6 Evaluations: 64
[Task: 31] Size: 7 Evaluations: 476
[Task: 31] Size: 8 Evaluations: 325
[Task: 31] Size: 9 Evaluations: 1445
[Task: 31] Size: 10 Evaluations: 4272
[Task: 31] Size: 11 Evaluations: 6908
[Task: 31] Size: 12 Evaluations: 31223
[Task: 31] Size: 13 Evaluations: 33683
[Task: 31] Size: 14 Evaluations: 136208
[Task: 31] Size: 15 Evaluations: 213095
[Task: 31] Size: 16 Evaluations: 561632
[Task: 31] Size: 17 Evaluations: 1489136
[Task: 31] Size: 18 Evaluations: 3227451
[Task: 32] Loading bustle model....
[Task: 32] Count: 32
[Task: 32] 
[Task: 32] 2021-09-10 12:07:56.075191
[Task: 32] Number of programs: 11
[Task: 32] Size: 0 Evaluations: 0
[Task: 32] Size: 1 Evaluations: 0
[Task: 32] Size: 2 Evaluations: 12
[Task: 32] Size: 3 Evaluations: 25
[Task: 32] Size: 4 Evaluations: 10
[Task: 32] Size: 5 Evaluations: 75
[Task: 32] Size: 6 Evaluations: 27
[Task: 32] Size: 7 Evaluations: 117
[Task: 32] Size: 8 Evaluations: 165
[Task: 32] Size: 9 Evaluations: 325
[Task: 32] Size: 10 Evaluations: 572
[Task: 32] Size: 11 Evaluations: 1396
[Task: 32] Size: 12 Evaluations: 2163
[Task: 32] Size: 13 Evaluations: 5256
[Task: 32] Size: 14 Evaluations: 7274
[Task: 32] Size: 15 Evaluations: 17203
[Task: 32] Size: 16 Evaluations: 29775
[Task: 32] Size: 17 Evaluations: 68698
[Task: 32] Size: 18 Evaluations: 126959
[Task: 32] Benchmark: extract-word-that-begins-with-specific-character.sl
[Task: 32] Result: Success
[Task: 32] Program: _arg_0[_arg_0.IndexOf("_"):][:concat(_arg_0[_arg_0.IndexOf("_"):], " ").IndexOf(" ")]
[Task: 32] Number of evaluations: 363883
[Task: 32] 2021-09-10 12:10:31.701348
[Task: 32] Time taken: 0:02:35.626011
[Task: 32] 
[Task: 33] Loading bustle model....
[Task: 33] Count: 33
[Task: 33] 
[Task: 33] 2021-09-10 12:07:55.916982
[Task: 33] Number of programs: 7
[Task: 33] Size: 0 Evaluations: 0
[Task: 33] Size: 1 Evaluations: 0
[Task: 33] Size: 2 Evaluations: 10
[Task: 33] Size: 3 Evaluations: 17
[Task: 33] Size: 4 Evaluations: 11
[Task: 33] Benchmark: firstname.sl
[Task: 33] Result: Success
[Task: 33] Program: name[:name.IndexOf(" ")]
[Task: 33] Number of evaluations: 56
[Task: 33] 2021-09-10 12:07:56.446714
[Task: 33] Time taken: 0:00:00.529727
[Task: 33] 
[Task: 34] Loading bustle model....
[Task: 34] Count: 34
[Task: 34] 
[Task: 34] 2021-09-10 12:07:55.897201
[Task: 34] Number of programs: 10
[Task: 34] Size: 0 Evaluations: 0
[Task: 34] Size: 1 Evaluations: 0
[Task: 34] Size: 2 Evaluations: 14
[Task: 34] Size: 3 Evaluations: 31
[Task: 34] Size: 4 Evaluations: 29
[Task: 34] Benchmark: get-domain-from-email-address_2.sl
[Task: 34] Result: Success
[Task: 34] Program: _arg_1[:_arg_1.IndexOf("_")]
[Task: 34] Number of evaluations: 131
[Task: 34] 2021-09-10 12:07:56.453311
[Task: 34] Time taken: 0:00:00.556098
[Task: 34] 
[Task: 35] Loading bustle model....
[Task: 35] Count: 35
[Task: 35] 
[Task: 35] 2021-09-10 12:07:55.784441
[Task: 35] Number of programs: 11
[Task: 35] Size: 0 Evaluations: 0
[Task: 35] Size: 1 Evaluations: 0
[Task: 35] Size: 2 Evaluations: 13
[Task: 35] Size: 3 Evaluations: 29
[Task: 35] Size: 4 Evaluations: 19
[Task: 35] Size: 5 Evaluations: 146
[Task: 35] Size: 6 Evaluations: 104
[Task: 35] Size: 7 Evaluations: 933
[Task: 35] Size: 8 Evaluations: 783
[Task: 35] Size: 9 Evaluations: 6825
[Task: 35] Size: 10 Evaluations: 6379
[Task: 35] Size: 11 Evaluations: 55404
[Task: 35] Size: 12 Evaluations: 58557
[Task: 35] Size: 13 Evaluations: 476757
[Task: 35] Size: 14 Evaluations: 563479
[Task: 35] Size: 15 Evaluations: 4292436
[Task: 36] Loading bustle model....
[Task: 36] Count: 36
[Task: 36] 
[Task: 36] 2021-09-10 12:07:55.806584
[Task: 36] Number of programs: 8
[Task: 36] Size: 0 Evaluations: 0
[Task: 36] Size: 1 Evaluations: 0
[Task: 36] Size: 2 Evaluations: 11
[Task: 36] Size: 3 Evaluations: 13
[Task: 36] Size: 4 Evaluations: 15
[Task: 36] Benchmark: get-first-name-from-name.sl
[Task: 36] Result: Success
[Task: 36] Program: _arg_0[:_arg_0.IndexOf(" ")]
[Task: 36] Number of evaluations: 62
[Task: 36] 2021-09-10 12:07:56.198211
[Task: 36] Time taken: 0:00:00.387720
[Task: 36] 
[Task: 37] Loading bustle model....
[Task: 37] Count: 37
[Task: 37] 
[Task: 37] 2021-09-10 12:07:55.812940
[Task: 37] Number of programs: 8
[Task: 37] Size: 0 Evaluations: 0
[Task: 37] Size: 1 Evaluations: 0
[Task: 37] Size: 2 Evaluations: 11
[Task: 37] Size: 3 Evaluations: 13
[Task: 37] Size: 4 Evaluations: 13
[Task: 37] Size: 5 Evaluations: 41
[Task: 37] Size: 6 Evaluations: 72
[Task: 37] Size: 7 Evaluations: 224
[Task: 37] Benchmark: get-first-word.sl
[Task: 37] Result: Success
[Task: 37] Program: _arg_0[:_arg_0.replace(" ", _arg_0).IndexOf(_arg_0)]
[Task: 37] Number of evaluations: 720
[Task: 37] 2021-09-10 12:07:56.549392
[Task: 37] Time taken: 0:00:00.730699
[Task: 37] 
[Task: 38] Loading bustle model....
[Task: 38] Count: 38
[Task: 38] 
[Task: 38] 2021-09-10 12:07:55.831379
[Task: 38] Number of programs: 9
[Task: 38] Size: 0 Evaluations: 0
[Task: 38] Size: 1 Evaluations: 0
[Task: 38] Size: 2 Evaluations: 14
[Task: 38] Size: 3 Evaluations: 18
[Task: 38] Size: 4 Evaluations: 21
[Task: 38] Size: 5 Evaluations: 62
[Task: 38] Size: 6 Evaluations: 99
[Task: 38] Size: 7 Evaluations: 158
[Task: 38] Size: 8 Evaluations: 357
[Task: 38] Size: 9 Evaluations: 736
[Task: 38] Size: 10 Evaluations: 1327
[Task: 38] Size: 11 Evaluations: 2684
[Task: 38] Size: 12 Evaluations: 5535
[Task: 38] Size: 13 Evaluations: 10703
[Task: 38] Size: 14 Evaluations: 21333
[Task: 38] Size: 15 Evaluations: 43905
[Task: 38] Size: 16 Evaluations: 88073
[Task: 38] Size: 17 Evaluations: 177278
[Task: 38] Size: 18 Evaluations: 363867
[Task: 38] Size: 19 Evaluations: 742638
[Task: 38] Size: 20 Evaluations: 1513359
[Task: 38] Size: 21 Evaluations: 3111753
[Task: 39] Loading bustle model....
[Task: 39] Count: 39
[Task: 39] 
[Task: 39] 2021-09-10 12:07:55.852933
[Task: 39] Number of programs: 8
[Task: 39] Size: 0 Evaluations: 0
[Task: 39] Size: 1 Evaluations: 0
[Task: 39] Size: 2 Evaluations: 11
[Task: 39] Size: 3 Evaluations: 13
[Task: 39] Size: 4 Evaluations: 15
[Task: 39] Size: 5 Evaluations: 48
[Task: 39] Benchmark: get-last-name-from-name.sl
[Task: 39] Result: Success
[Task: 39] Program: _arg_0[_arg_0.IndexOf(" "):].strip()
[Task: 39] Number of evaluations: 112
[Task: 39] 2021-09-10 12:07:56.405219
[Task: 39] Time taken: 0:00:00.550821
[Task: 39] 
[Task: 40] Loading bustle model....
[Task: 40] Count: 40
[Task: 40] 
[Task: 40] 2021-09-10 12:07:55.824166
[Task: 40] Number of programs: 9
[Task: 40] Size: 0 Evaluations: 0
[Task: 40] Size: 1 Evaluations: 0
[Task: 40] Size: 2 Evaluations: 11
[Task: 40] Size: 3 Evaluations: 19
[Task: 40] Size: 4 Evaluations: 13
[Task: 40] Size: 5 Evaluations: 48
[Task: 40] Size: 6 Evaluations: 50
[Task: 40] Size: 7 Evaluations: 103
[Task: 40] Size: 8 Evaluations: 135
[Task: 40] Size: 9 Evaluations: 314
[Task: 40] Size: 10 Evaluations: 626
[Task: 40] Size: 11 Evaluations: 1205
[Task: 40] Size: 12 Evaluations: 2927
[Task: 40] Size: 13 Evaluations: 6389
[Task: 40] Benchmark: get-last-name-from-name-with-comma.sl
[Task: 40] Result: Success
[Task: 40] Program: concat(concat(_arg_0[(1 + _arg_0.IndexOf(",")):], ","), _arg_0)[:_arg_0.Length()]
[Task: 40] Number of evaluations: 22988
[Task: 40] 2021-09-10 12:08:05.464774
[Task: 40] Time taken: 0:00:09.633560
[Task: 40] 
[Task: 41] Loading bustle model....
[Task: 41] Count: 41
[Task: 41] 
[Task: 41] 2021-09-10 12:07:55.877911
[Task: 41] Number of programs: 8
[Task: 41] Size: 0 Evaluations: 0
[Task: 41] Size: 1 Evaluations: 0
[Task: 41] Size: 2 Evaluations: 10
[Task: 41] Size: 3 Evaluations: 13
[Task: 41] Size: 4 Evaluations: 10
[Task: 41] Size: 5 Evaluations: 39
[Task: 41] Size: 6 Evaluations: 66
[Task: 41] Size: 7 Evaluations: 183
[Task: 41] Size: 8 Evaluations: 384
[Task: 41] Size: 9 Evaluations: 1136
[Task: 41] Size: 10 Evaluations: 2601
[Task: 41] Benchmark: get-last-word.sl
[Task: 41] Result: Success
[Task: 41] Program: _arg_0[(-1 - (1 - (-1 + -1))):]
[Task: 41] Number of evaluations: 9846
[Task: 41] 2021-09-10 12:07:59.610122
[Task: 41] Time taken: 0:00:03.732192
[Task: 41] 
[Task: 42] Loading bustle model....
[Task: 42] Count: 42
[Task: 42] 
[Task: 42] 2021-09-10 12:07:55.885711
[Task: 42] Number of programs: 8
[Task: 42] Size: 0 Evaluations: 0
[Task: 42] Size: 1 Evaluations: 0
[Task: 42] Size: 2 Evaluations: 10
[Task: 42] Size: 3 Evaluations: 13
[Task: 42] Size: 4 Evaluations: 5
[Task: 42] Size: 5 Evaluations: 30
[Task: 42] Size: 6 Evaluations: 12
[Task: 42] Size: 7 Evaluations: 60
[Task: 42] Size: 8 Evaluations: 29
[Task: 42] Size: 9 Evaluations: 162
[Task: 42] Size: 10 Evaluations: 111
[Task: 42] Size: 11 Evaluations: 358
[Task: 42] Size: 12 Evaluations: 397
[Task: 42] Size: 13 Evaluations: 914
[Task: 42] Size: 14 Evaluations: 1420
[Task: 42] Size: 15 Evaluations: 2808
[Task: 42] Size: 16 Evaluations: 5651
[Task: 42] Benchmark: get-middle-name-from-full-name.sl
[Task: 42] Result: Success
[Task: 42] Program: _arg_0.Substr(_arg_0.IndexOf(" "),_arg_0.IndexOf(" ",(-1 + (-1 - _arg_0.IndexOf(" "))))).strip()
[Task: 42] Number of evaluations: 15422
[Task: 42] 2021-09-10 12:08:05.254692
[Task: 42] Time taken: 0:00:09.369037
[Task: 42] 
[Task: 43] Loading bustle model....
[Task: 43] Count: 43
[Task: 43] 
[Task: 43] 2021-09-10 12:07:55.803492
[Task: 43] Number of programs: 8
[Task: 43] Size: 0 Evaluations: 0
[Task: 43] Size: 1 Evaluations: 0
[Task: 43] Size: 2 Evaluations: 11
[Task: 43] Size: 3 Evaluations: 22
[Task: 43] Size: 4 Evaluations: 5
[Task: 43] Size: 5 Evaluations: 35
[Task: 43] Size: 6 Evaluations: 22
[Task: 43] Size: 7 Evaluations: 66
[Task: 43] Size: 8 Evaluations: 50
[Task: 43] Size: 9 Evaluations: 137
[Task: 43] Size: 10 Evaluations: 175
[Task: 43] Size: 11 Evaluations: 281
[Task: 43] Size: 12 Evaluations: 536
[Task: 43] Size: 13 Evaluations: 669
[Task: 43] Size: 14 Evaluations: 1523
[Task: 43] Size: 15 Evaluations: 1713
[Task: 43] Size: 16 Evaluations: 4001
[Task: 43] Size: 17 Evaluations: 5087
[Task: 43] Size: 18 Evaluations: 10317
[Task: 43] Size: 19 Evaluations: 15023
[Task: 43] Benchmark: initials.sl
[Task: 43] Result: Success
[Task: 43] Program: concat(name.CharAt(0), concat(".", concat(name.CharAt((1 + name.IndexOf(" "))), ".")))
[Task: 43] Number of evaluations: 41614
[Task: 43] 2021-09-10 12:08:23.184685
[Task: 43] Time taken: 0:00:27.378158
[Task: 43] 
[Task: 44] Loading bustle model....
[Task: 44] Count: 44
[Task: 44] 
[Task: 44] 2021-09-10 12:07:55.826398
[Task: 44] Number of programs: 11
[Task: 44] Size: 0 Evaluations: 0
[Task: 44] Size: 1 Evaluations: 0
[Task: 44] Size: 2 Evaluations: 17
[Task: 44] Size: 3 Evaluations: 42
[Task: 44] Size: 4 Evaluations: 15
[Task: 44] Size: 5 Evaluations: 164
[Task: 44] Size: 6 Evaluations: 83
[Task: 44] Size: 7 Evaluations: 338
[Task: 44] Size: 8 Evaluations: 343
[Task: 44] Size: 9 Evaluations: 746
[Task: 44] Size: 10 Evaluations: 868
[Task: 44] Size: 11 Evaluations: 1872
[Task: 44] Size: 12 Evaluations: 4138
[Task: 44] Size: 13 Evaluations: 5175
[Task: 44] Size: 14 Evaluations: 15161
[Task: 44] Size: 15 Evaluations: 18022
[Task: 44] Size: 16 Evaluations: 41758
[Task: 44] Size: 17 Evaluations: 56149
[Task: 44] Size: 18 Evaluations: 115706
[Task: 44] Size: 19 Evaluations: 173950
[Task: 44] Benchmark: join-cells-with-comma.sl
[Task: 44] Result: Success
[Task: 44] Program: concat(_arg_0, concat(",", concat(" ", concat(_arg_1, concat(_arg_1[-1:], concat(",", concat(" ", _arg_2)))[1:].strip()))))
[Task: 44] Number of evaluations: 447464
[Task: 44] 2021-09-10 12:12:04.077194
[Task: 44] Time taken: 0:04:08.243821
[Task: 44] 
[Task: 45] Loading bustle model....
[Task: 45] Count: 45
[Task: 45] 
[Task: 45] 2021-09-10 12:07:55.862531
[Task: 45] Number of programs: 9
[Task: 45] Size: 0 Evaluations: 0
[Task: 45] Size: 1 Evaluations: 0
[Task: 45] Size: 2 Evaluations: 13
[Task: 45] Size: 3 Evaluations: 22
[Task: 45] Size: 4 Evaluations: 12
[Task: 45] Benchmark: join-first-and-last-name.sl
[Task: 45] Result: Success
[Task: 45] Program: concat(_arg_0, concat(" ", _arg_1))
[Task: 45] Number of evaluations: 54
[Task: 45] 2021-09-10 12:07:56.246343
[Task: 45] Time taken: 0:00:00.382114
[Task: 45] 
[Task: 46] Loading bustle model....
[Task: 46] Count: 46
[Task: 46] 
[Task: 46] 2021-09-10 12:24:07.739816
[Task: 46] Number of programs: 6
[Task: 46] Size: 0 Evaluations: 0
[Task: 46] Size: 1 Evaluations: 0
[Task: 46] Size: 2 Evaluations: 9
[Task: 46] Size: 3 Evaluations: 11
[Task: 46] Size: 4 Evaluations: 10
[Task: 46] Size: 5 Evaluations: 20
[Task: 46] Size: 6 Evaluations: 42
[Task: 46] Size: 7 Evaluations: 72
[Task: 46] Size: 8 Evaluations: 147
[Task: 46] Benchmark: lastname.sl
[Task: 46] Result: Success
[Task: 46] Program: name[name.IndexOf(" "):].strip()
[Task: 46] Number of evaluations: 495
[Task: 46] 2021-09-10 12:24:08.596254
[Task: 46] Time taken: 0:00:00.853023
[Task: 46] 
[Task: 47] Loading bustle model....
[Task: 47] Count: 47
[Task: 47] 
[Task: 47] 2021-09-10 12:24:07.730904
[Task: 47] Number of programs: 10
[Task: 47] Size: 0 Evaluations: 0
[Task: 47] Size: 1 Evaluations: 0
[Task: 47] Size: 2 Evaluations: 15
[Task: 47] Size: 3 Evaluations: 37
[Task: 47] Size: 4 Evaluations: 3
[Task: 47] Size: 5 Evaluations: 86
[Task: 47] Size: 6 Evaluations: 12
[Task: 47] Size: 7 Evaluations: 0
[Task: 47] Size: 8 Evaluations: 2
[Task: 47] Size: 9 Evaluations: 88
[Task: 47] Size: 10 Evaluations: 208
[Task: 47] Benchmark: most-frequently-occurring-text.sl
[Task: 47] Result: Success
[Task: 47] Program: (ifEqual(_arg_0,_arg_1) then _arg_0 else _arg_2)
[Task: 47] Number of evaluations: 638
[Task: 47] 2021-09-10 12:24:08.772891
[Task: 47] Time taken: 0:00:01.038745
[Task: 47] 
[Task: 48] Loading bustle model....
[Task: 48] Count: 48
[Task: 48] 
[Task: 48] 2021-09-10 12:24:07.729395
[Task: 48] Number of programs: 9
[Task: 48] Size: 0 Evaluations: 0
[Task: 48] Size: 1 Evaluations: 0
[Task: 48] Size: 2 Evaluations: 15
[Task: 48] Size: 3 Evaluations: 34
[Task: 48] Size: 4 Evaluations: 20
[Task: 48] Size: 5 Evaluations: 120
[Task: 48] Size: 6 Evaluations: 117
[Task: 48] Size: 7 Evaluations: 368
[Task: 48] Size: 8 Evaluations: 392
[Task: 48] Benchmark: name-combine-2.sl
[Task: 48] Result: Success
[Task: 48] Program: concat(firstname, concat(" ", concat(lastname.CharAt(0), ".")))
[Task: 48] Number of evaluations: 1092
[Task: 48] 2021-09-10 12:24:08.982336
[Task: 48] Time taken: 0:00:01.249357
[Task: 48] 
[Task: 49] Loading bustle model....
[Task: 49] Count: 49
[Task: 49] 
[Task: 49] 2021-09-10 12:24:07.714160
[Task: 49] Number of programs: 9
[Task: 49] Size: 0 Evaluations: 0
[Task: 49] Size: 1 Evaluations: 0
[Task: 49] Size: 2 Evaluations: 15
[Task: 49] Size: 3 Evaluations: 34
[Task: 49] Size: 4 Evaluations: 21
[Task: 49] Size: 5 Evaluations: 125
[Task: 49] Size: 6 Evaluations: 105
[Task: 49] Size: 7 Evaluations: 400
[Task: 49] Size: 8 Evaluations: 419
[Task: 49] Benchmark: name-combine-3.sl
[Task: 49] Result: Success
[Task: 49] Program: concat(firstname.CharAt(0), concat(".", concat(" ", lastname)))
[Task: 49] Number of evaluations: 1218
[Task: 49] 2021-09-10 12:24:09.055539
[Task: 49] Time taken: 0:00:01.341362
[Task: 49] 
[Task: 50] Loading bustle model....
[Task: 50] Count: 50
[Task: 50] 
[Task: 50] 2021-09-10 12:26:47.706527
[Task: 50] Number of programs: 10
[Task: 50] Size: 0 Evaluations: 0
[Task: 50] Size: 1 Evaluations: 0
[Task: 50] Size: 2 Evaluations: 16
[Task: 50] Size: 3 Evaluations: 43
[Task: 50] Size: 4 Evaluations: 22
[Task: 50] Size: 5 Evaluations: 146
[Task: 50] Size: 6 Evaluations: 136
[Task: 50] Size: 7 Evaluations: 402
[Task: 50] Size: 8 Evaluations: 419
[Task: 50] Size: 9 Evaluations: 924
[Task: 50] Size: 10 Evaluations: 995
[Task: 50] Benchmark: name-combine-4.sl
[Task: 50] Result: Success
[Task: 50] Program: concat(lastname, concat(",", concat(" ", concat(firstname.CharAt(0), "."))))
[Task: 50] Number of evaluations: 3190
[Task: 50] 2021-09-10 12:26:50.979028
[Task: 50] Time taken: 0:00:03.269551
[Task: 50] 
[Task: 51] Loading bustle model....
[Task: 51] Count: 51
[Task: 51] 
[Task: 51] 2021-09-10 12:26:47.760128
[Task: 51] Number of programs: 8
[Task: 51] Size: 0 Evaluations: 0
[Task: 51] Size: 1 Evaluations: 0
[Task: 51] Size: 2 Evaluations: 14
[Task: 51] Size: 3 Evaluations: 27
[Task: 51] Size: 4 Evaluations: 33
[Task: 51] Benchmark: name-combine.sl
[Task: 51] Result: Success
[Task: 51] Program: concat(firstname, concat(" ", lastname))
[Task: 51] Number of evaluations: 89
[Task: 51] 2021-09-10 12:26:48.171847
[Task: 51] Time taken: 0:00:00.395023
[Task: 51] 
[Task: 52] Loading bustle model....
[Task: 52] Count: 52
[Task: 52] 
[Task: 52] 2021-09-10 12:26:47.729185
[Task: 52] Number of programs: 15
[Task: 52] Size: 0 Evaluations: 0
[Task: 52] Size: 1 Evaluations: 0
[Task: 52] Size: 2 Evaluations: 16
[Task: 52] Size: 3 Evaluations: 80
[Task: 52] Size: 4 Evaluations: 31
[Task: 52] Size: 5 Evaluations: 289
[Task: 52] Size: 6 Evaluations: 183
[Task: 52] Size: 7 Evaluations: 766
[Task: 52] Size: 8 Evaluations: 701
[Task: 52] Size: 9 Evaluations: 1746
[Task: 52] Size: 10 Evaluations: 2801
[Task: 52] Size: 11 Evaluations: 5843
[Task: 52] Size: 12 Evaluations: 14304
[Task: 52] Size: 13 Evaluations: 22687
[Task: 52] Size: 14 Evaluations: 77196
[Task: 52] Size: 15 Evaluations: 98442
[Task: 52] Size: 16 Evaluations: 315201
[Task: 52] Size: 17 Evaluations: 414019
[Task: 52] Benchmark: phone-10.sl
[Task: 52] Result: Success
[Task: 52] Program: name.replace(" ", concat(" ", "(")).replace("-", concat(")", " "))
[Task: 52] Number of evaluations: 1129612
[Task: 52] 2021-09-10 12:43:44.904593
[Task: 52] Time taken: 0:16:57.156541
[Task: 52] 
[Task: 53] Loading bustle model....
[Task: 53] Count: 53
[Task: 53] 
[Task: 53] 2021-09-10 12:26:47.737928
[Task: 53] Number of programs: 10
[Task: 53] Size: 0 Evaluations: 0
[Task: 53] Size: 1 Evaluations: 0
[Task: 53] Size: 2 Evaluations: 11
[Task: 53] Size: 3 Evaluations: 35
[Task: 53] Size: 4 Evaluations: 29
[Task: 53] Benchmark: phone-1.sl
[Task: 53] Result: Success
[Task: 53] Program: name[4:][:3]
[Task: 53] Number of evaluations: 109
[Task: 53] 2021-09-10 12:26:48.143940
[Task: 53] Time taken: 0:00:00.387952
[Task: 53] 
[Task: 54] Loading bustle model....
[Task: 54] Count: 54
[Task: 54] 
[Task: 54] 2021-09-10 12:26:47.691096
[Task: 54] Number of programs: 10
[Task: 54] Size: 0 Evaluations: 0
[Task: 54] Size: 1 Evaluations: 0
[Task: 54] Size: 2 Evaluations: 11
[Task: 54] Size: 3 Evaluations: 35
[Task: 54] Size: 4 Evaluations: 34
[Task: 54] Benchmark: phone-2.sl
[Task: 54] Result: Success
[Task: 54] Program: name[(3 + 5):]
[Task: 54] Number of evaluations: 152
[Task: 54] 2021-09-10 12:26:48.105142
[Task: 54] Time taken: 0:00:00.419805
[Task: 54] 
[Task: 55] Loading bustle model....
[Task: 55] Count: 55
[Task: 55] 
[Task: 55] 2021-09-10 12:26:47.751537
[Task: 55] Number of programs: 13
[Task: 55] Size: 0 Evaluations: 0
[Task: 55] Size: 1 Evaluations: 0
[Task: 55] Size: 2 Evaluations: 14
[Task: 55] Size: 3 Evaluations: 54
[Task: 55] Size: 4 Evaluations: 18
[Task: 55] Size: 5 Evaluations: 226
[Task: 55] Size: 6 Evaluations: 137
[Task: 55] Size: 7 Evaluations: 982
[Task: 55] Size: 8 Evaluations: 607
[Task: 55] Benchmark: phone-3.sl
[Task: 55] Result: Success
[Task: 55] Program: concat("(", name.replace("-", concat(")", " ")))
[Task: 55] Number of evaluations: 2077
[Task: 55] 2021-09-10 12:26:49.677176
[Task: 55] Time taken: 0:00:01.908471
[Task: 55] 
[Task: 56] Loading bustle model....
[Task: 56] Count: 56
[Task: 56] 
[Task: 56] 2021-09-10 12:26:47.752369
[Task: 56] Number of programs: 14
[Task: 56] Size: 0 Evaluations: 0
[Task: 56] Size: 1 Evaluations: 0
[Task: 56] Size: 2 Evaluations: 15
[Task: 56] Size: 3 Evaluations: 66
[Task: 56] Size: 4 Evaluations: 31
[Task: 56] Benchmark: phone-4.sl
[Task: 56] Result: Success
[Task: 56] Program: name.replace("-", ".",2)
[Task: 56] Number of evaluations: 181
[Task: 56] 2021-09-10 12:26:48.321503
[Task: 56] Time taken: 0:00:00.537258
[Task: 56] 
[Task: 57] Loading bustle model....
[Task: 57] Count: 57
[Task: 57] 
[Task: 57] 2021-09-10 12:26:47.796845
[Task: 57] Number of programs: 13
[Task: 57] Size: 0 Evaluations: 0
[Task: 57] Size: 1 Evaluations: 0
[Task: 57] Size: 2 Evaluations: 14
[Task: 57] Size: 3 Evaluations: 56
[Task: 57] Size: 4 Evaluations: 31
[Task: 57] Size: 5 Evaluations: 231
[Task: 57] Benchmark: phone-5.sl
[Task: 57] Result: Success
[Task: 57] Program: name.Substr(1,name.IndexOf(" "))
[Task: 57] Number of evaluations: 393
[Task: 57] 2021-09-10 12:26:48.467277
[Task: 57] Time taken: 0:00:00.653075
[Task: 57] 
[Task: 58] Loading bustle model....
[Task: 58] Count: 58
[Task: 58] 
[Task: 58] 2021-09-10 12:26:47.765506
[Task: 58] Number of programs: 13
[Task: 58] Size: 0 Evaluations: 0
[Task: 58] Size: 1 Evaluations: 0
[Task: 58] Size: 2 Evaluations: 14
[Task: 58] Size: 3 Evaluations: 57
[Task: 58] Size: 4 Evaluations: 47
[Task: 58] Size: 5 Evaluations: 244
[Task: 58] Size: 6 Evaluations: 240
[Task: 58] Size: 7 Evaluations: 971
[Task: 58] Size: 8 Evaluations: 870
[Task: 58] Benchmark: phone-6.sl
[Task: 58] Result: Success
[Task: 58] Program: name.Substr(name.IndexOf(" "),name.IndexOf("-")).strip()
[Task: 58] Number of evaluations: 3027
[Task: 58] 2021-09-10 12:26:49.907493
[Task: 58] Time taken: 0:00:02.125365
[Task: 58] 
[Task: 59] Loading bustle model....
[Task: 59] Count: 59
[Task: 59] 
[Task: 59] 2021-09-10 12:26:47.714633
[Task: 59] Number of programs: 13
[Task: 59] Size: 0 Evaluations: 0
[Task: 59] Size: 1 Evaluations: 0
[Task: 59] Size: 2 Evaluations: 14
[Task: 59] Size: 3 Evaluations: 57
[Task: 59] Size: 4 Evaluations: 46
[Task: 59] Size: 5 Evaluations: 232
[Task: 59] Size: 6 Evaluations: 197
[Task: 59] Size: 7 Evaluations: 886
[Task: 59] Size: 8 Evaluations: 653
[Task: 59] Benchmark: phone-7.sl
[Task: 59] Result: Success
[Task: 59] Program: name[(1 + name.IndexOf("-")):][:3]
[Task: 59] Number of evaluations: 2560
[Task: 59] 2021-09-10 12:26:49.698788
[Task: 59] Time taken: 0:00:01.976048
[Task: 59] 
[Task: 60] Loading bustle model....
[Task: 60] Count: 60
[Task: 60] 
[Task: 60] 2021-09-10 12:26:47.762649
[Task: 60] Number of programs: 13
[Task: 60] Size: 0 Evaluations: 0
[Task: 60] Size: 1 Evaluations: 0
[Task: 60] Size: 2 Evaluations: 14
[Task: 60] Size: 3 Evaluations: 56
[Task: 60] Size: 4 Evaluations: 39
[Task: 60] Benchmark: phone-8.sl
[Task: 60] Result: Success
[Task: 60] Program: name[(0 - 3):]
[Task: 60] Number of evaluations: 252
[Task: 60] 2021-09-10 12:26:48.224559
[Task: 60] Time taken: 0:00:00.445321
[Task: 60] 
[Task: 61] Loading bustle model....
[Task: 61] Count: 61
[Task: 61] 
[Task: 61] 2021-09-10 12:26:47.698234
[Task: 61] Number of programs: 13
[Task: 61] Size: 0 Evaluations: 0
[Task: 61] Size: 1 Evaluations: 0
[Task: 61] Size: 2 Evaluations: 14
[Task: 61] Size: 3 Evaluations: 57
[Task: 61] Size: 4 Evaluations: 59
[Task: 61] Size: 5 Evaluations: 259
[Task: 61] Size: 6 Evaluations: 315
[Task: 61] Size: 7 Evaluations: 1115
[Task: 61] Size: 8 Evaluations: 1332
[Task: 61] Size: 9 Evaluations: 3477
[Task: 61] Size: 10 Evaluations: 6330
[Task: 61] Size: 11 Evaluations: 14702
[Task: 61] Size: 12 Evaluations: 32613
[Task: 61] Size: 13 Evaluations: 65685
[Task: 61] Size: 14 Evaluations: 169718
[Task: 61] Benchmark: phone-9.sl
[Task: 61] Result: Success
[Task: 61] Program: name.replace("-", ".",2).replace(" ", ".")[1:]
[Task: 61] Number of evaluations: 386151
[Task: 61] 2021-09-10 12:32:14.845578
[Task: 61] Time taken: 0:05:27.147339
[Task: 61] 
[Task: 62] Loading bustle model....
[Task: 62] Count: 62
[Task: 62] 
[Task: 62] 2021-09-10 12:26:47.775541
[Task: 62] Number of programs: 10
[Task: 62] Size: 0 Evaluations: 0
[Task: 62] Size: 1 Evaluations: 0
[Task: 62] Size: 2 Evaluations: 11
[Task: 62] Benchmark: phone.sl
[Task: 62] Result: Success
[Task: 62] Program: name[:3]
[Task: 62] Number of evaluations: 23
[Task: 62] 2021-09-10 12:26:48.096007
[Task: 62] Time taken: 0:00:00.313308
[Task: 62] 
[Task: 63] Loading bustle model....
[Task: 63] Count: 63
[Task: 63] 
[Task: 63] 2021-09-10 12:26:47.759188
[Task: 63] Number of programs: 9
[Task: 63] Size: 0 Evaluations: 0
[Task: 63] Size: 1 Evaluations: 0
[Task: 63] Size: 2 Evaluations: 11
[Task: 63] Size: 3 Evaluations: 19
[Task: 63] Size: 4 Evaluations: 16
[Task: 63] Benchmark: remove-file-extension-from-filename.sl
[Task: 63] Result: Success
[Task: 63] Program: _arg_0[:_arg_0.IndexOf(".")]
[Task: 63] Number of evaluations: 77
[Task: 63] 2021-09-10 12:26:48.195094
[Task: 63] Time taken: 0:00:00.419239
[Task: 63] 
[Task: 64] Loading bustle model....
[Task: 64] Count: 64
[Task: 64] 
[Task: 64] 2021-09-10 12:26:47.726313
[Task: 64] Number of programs: 8
[Task: 64] Size: 0 Evaluations: 0
[Task: 64] Size: 1 Evaluations: 0
[Task: 64] Size: 2 Evaluations: 11
[Task: 64] Size: 3 Evaluations: 13
[Task: 64] Size: 4 Evaluations: 7
[Task: 64] Size: 5 Evaluations: 30
[Task: 64] Size: 6 Evaluations: 34
[Task: 64] Size: 7 Evaluations: 65
[Task: 64] Size: 8 Evaluations: 115
[Task: 64] Size: 9 Evaluations: 236
[Task: 64] Size: 10 Evaluations: 366
[Task: 64] Size: 11 Evaluations: 706
[Task: 64] Size: 12 Evaluations: 1363
[Task: 64] Size: 13 Evaluations: 2329
[Task: 64] Size: 14 Evaluations: 4400
[Task: 64] Size: 15 Evaluations: 8274
[Task: 64] Size: 16 Evaluations: 15063
[Task: 64] Size: 17 Evaluations: 28548
[Task: 64] Size: 18 Evaluations: 54112
[Task: 64] Size: 19 Evaluations: 100757
[Task: 64] Size: 20 Evaluations: 190964
[Task: 64] Benchmark: remove-leading-and-trailing-spaces-from-text.sl
[Task: 64] Result: Success
[Task: 64] Program: _arg_0.replace(concat(" ", " "), "").replace(concat(" ", " "), " ")
[Task: 64] Number of evaluations: 548740
[Task: 64] 2021-09-10 12:31:38.049576
[Task: 64] Time taken: 0:04:50.306282
[Task: 64] 
[Task: 65] Loading bustle model....
[Task: 65] Count: 65
[Task: 65] 
[Task: 65] 2021-09-10 12:26:47.705388
[Task: 65] Number of programs: 9
[Task: 65] Size: 0 Evaluations: 0
[Task: 65] Size: 1 Evaluations: 0
[Task: 65] Size: 2 Evaluations: 10
[Task: 65] Size: 3 Evaluations: 19
[Task: 65] Size: 4 Evaluations: 28
[Task: 65] Benchmark: remove-text-by-matching.sl
[Task: 65] Result: Success
[Task: 65] Program: _arg_0.replace("-", "",-1)
[Task: 65] Number of evaluations: 108
[Task: 65] 2021-09-10 12:26:48.110639
[Task: 65] Time taken: 0:00:00.407877
[Task: 65] 
[Task: 66] Loading bustle model....
[Task: 66] Count: 66
[Task: 66] 
[Task: 66] 2021-09-10 12:26:47.712073
[Task: 66] Number of programs: 9
[Task: 66] Size: 0 Evaluations: 0
[Task: 66] Size: 1 Evaluations: 0
[Task: 66] Size: 2 Evaluations: 11
[Task: 66] Size: 3 Evaluations: 18
[Task: 66] Size: 4 Evaluations: 16
[Task: 66] Size: 5 Evaluations: 60
[Task: 66] Size: 6 Evaluations: 102
[Task: 66] Size: 7 Evaluations: 378
[Task: 66] Size: 8 Evaluations: 761
[Task: 66] Size: 9 Evaluations: 2699
[Task: 66] Size: 10 Evaluations: 6368
[Task: 66] Size: 11 Evaluations: 21278
[Task: 66] Size: 12 Evaluations: 56337
[Task: 66] Size: 13 Evaluations: 181327
[Task: 66] Size: 14 Evaluations: 516729
[Task: 66] Benchmark: remove-text-by-position.sl
[Task: 66] Result: Success
[Task: 66] Program: _arg_0[_arg_0.replace("/", "").IndexOf("/"):][_arg_0.replace("/", "").IndexOf("/"):]
[Task: 66] Number of evaluations: 2058374
[Task: 66] 2021-09-10 12:37:56.774131
[Task: 66] Time taken: 0:11:09.054247
[Task: 66] 
[Task: 67] Loading bustle model....
[Task: 67] Count: 67
[Task: 67] 
[Task: 67] 2021-09-10 12:26:47.781639
[Task: 67] Number of programs: 9
[Task: 67] Size: 0 Evaluations: 0
[Task: 67] Size: 1 Evaluations: 0
[Task: 67] Size: 2 Evaluations: 12
[Task: 67] Size: 3 Evaluations: 21
[Task: 67] Size: 4 Evaluations: 8
[Task: 67] Size: 5 Evaluations: 43
[Task: 67] Size: 6 Evaluations: 28
[Task: 67] Size: 7 Evaluations: 68
[Task: 67] Size: 8 Evaluations: 99
[Task: 67] Size: 9 Evaluations: 127
[Task: 67] Size: 10 Evaluations: 207
[Task: 67] Benchmark: remove-unwanted-characters.sl
[Task: 67] Result: Success
[Task: 67] Program: _arg_0.replace(_arg_1.strip(), "",-1)
[Task: 67] Number of evaluations: 780
[Task: 67] 2021-09-10 12:26:49.034853
[Task: 67] Time taken: 0:00:01.240267
[Task: 67] 
[Task: 68] Loading bustle model....
[Task: 68] Count: 68
[Task: 68] 
[Task: 68] 2021-09-10 12:26:47.677033
[Task: 68] Number of programs: 9
[Task: 68] Size: 0 Evaluations: 0
[Task: 68] Size: 1 Evaluations: 0
[Task: 68] Size: 2 Evaluations: 10
[Task: 68] Size: 3 Evaluations: 19
[Task: 68] Size: 4 Evaluations: 12
[Task: 68] Benchmark: replace-one-character-with-another.sl
[Task: 68] Result: Success
[Task: 68] Program: _arg_0.replace(" ", "-",-1)
[Task: 68] Number of evaluations: 63
[Task: 68] 2021-09-10 12:26:48.031394
[Task: 68] Time taken: 0:00:00.354351
[Task: 68] 
[Task: 69] Loading bustle model....
[Task: 69] Count: 69
[Task: 69] 
[Task: 69] 2021-09-10 12:26:47.725245
[Task: 69] Number of programs: 8
[Task: 69] Size: 0 Evaluations: 0
[Task: 69] Size: 1 Evaluations: 0
[Task: 69] Size: 2 Evaluations: 14
[Task: 69] Size: 3 Evaluations: 27
[Task: 69] Size: 4 Evaluations: 28
[Task: 69] Benchmark: reverse-name.sl
[Task: 69] Result: Success
[Task: 69] Program: concat(lastname, concat(" ", firstname))
[Task: 69] Number of evaluations: 99
[Task: 69] 2021-09-10 12:26:48.165323
[Task: 69] Time taken: 0:00:00.425430
[Task: 69] 
[Task: 70] Loading bustle model....
[Task: 70] Count: 70
[Task: 70] 
[Task: 70] 2021-09-10 12:36:01.514661
[Task: 70] Number of programs: 13
[Task: 70] Size: 0 Evaluations: 0
[Task: 70] Size: 1 Evaluations: 0
[Task: 70] Size: 2 Evaluations: 15
[Task: 70] Size: 3 Evaluations: 38
[Task: 70] Size: 4 Evaluations: 50
[Task: 70] Size: 5 Evaluations: 239
[Task: 70] Size: 6 Evaluations: 314
[Task: 70] Size: 7 Evaluations: 1156
[Task: 70] Size: 8 Evaluations: 1694
[Task: 70] Size: 9 Evaluations: 7312
[Task: 70] Size: 10 Evaluations: 15497
[Task: 70] Size: 11 Evaluations: 53102
[Task: 70] Size: 12 Evaluations: 159721
[Task: 70] Benchmark: stackoverflow10.sl
[Task: 70] Result: Success
[Task: 70] Program: _arg_0[_arg_0.IndexOf(1.IntToStr(),(3 + _arg_0.IndexOf(" "))):][:4]
[Task: 70] Number of evaluations: 422608
[Task: 70] 2021-09-10 12:43:34.340165
[Task: 70] Time taken: 0:07:32.825472
[Task: 70] 
[Task: 71] Loading bustle model....
[Task: 71] Count: 71
[Task: 71] 
[Task: 71] 2021-09-10 12:36:01.514707
[Task: 71] Number of programs: 19
[Task: 71] Size: 0 Evaluations: 0
[Task: 71] Size: 1 Evaluations: 0
[Task: 71] Size: 2 Evaluations: 27
[Task: 71] Size: 3 Evaluations: 186
[Task: 71] Size: 4 Evaluations: 163
[Task: 71] Size: 5 Evaluations: 666
[Task: 71] Size: 6 Evaluations: 3818
[Task: 71] Size: 7 Evaluations: 20434
[Task: 71] Size: 8 Evaluations: 84546
[Task: 71] Size: 9 Evaluations: 443048
[Task: 71] Size: 10 Evaluations: 2209152
[Task: 71] Size: 11 Evaluations: 10502132
[Task: 72] Loading bustle model....
[Task: 72] Count: 72
[Task: 72] 
[Task: 72] 2021-09-10 12:36:01.499319
[Task: 72] Number of programs: 12
[Task: 72] Size: 0 Evaluations: 0
[Task: 72] Size: 1 Evaluations: 0
[Task: 72] Size: 2 Evaluations: 19
[Task: 72] Size: 3 Evaluations: 58
[Task: 72] Size: 4 Evaluations: 51
[Task: 72] Size: 5 Evaluations: 219
[Task: 72] Benchmark: stackoverflow1.sl
[Task: 72] Result: Success
[Task: 72] Program: _arg_0[:_arg_0.IndexOf("Inc")].strip()
[Task: 72] Number of evaluations: 778
[Task: 72] 2021-09-10 12:36:02.031166
[Task: 72] Time taken: 0:00:00.531791
[Task: 72] 
[Task: 73] Loading bustle model....
[Task: 73] Count: 73
[Task: 73] 
[Task: 73] 2021-09-10 12:36:01.520910
[Task: 73] Number of programs: 9
[Task: 73] Size: 0 Evaluations: 0
[Task: 73] Size: 1 Evaluations: 0
[Task: 73] Size: 2 Evaluations: 13
[Task: 73] Size: 3 Evaluations: 17
[Task: 73] Size: 4 Evaluations: 16
[Task: 73] Size: 5 Evaluations: 63
[Task: 73] Size: 6 Evaluations: 104
[Task: 73] Size: 7 Evaluations: 317
[Task: 73] Size: 8 Evaluations: 609
[Task: 73] Size: 9 Evaluations: 2090
[Task: 73] Size: 10 Evaluations: 4202
[Task: 73] Size: 11 Evaluations: 14580
[Task: 73] Benchmark: stackoverflow2.sl
[Task: 73] Result: Success
[Task: 73] Program: _arg_0[:-1][:-1][:-1][:-1][:-1].strip()
[Task: 73] Number of evaluations: 39355
[Task: 73] 2021-09-10 12:36:12.153586
[Task: 73] Time taken: 0:00:10.632723
[Task: 73] 
[Task: 74] Loading bustle model....
[Task: 74] Count: 74
[Task: 74] 
[Task: 74] 2021-09-10 12:36:01.505208
[Task: 74] Number of programs: 13
[Task: 74] Size: 0 Evaluations: 0
[Task: 74] Size: 1 Evaluations: 0
[Task: 74] Size: 2 Evaluations: 15
[Task: 74] Size: 3 Evaluations: 37
[Task: 74] Size: 4 Evaluations: 55
[Task: 74] Size: 5 Evaluations: 231
[Task: 74] Size: 6 Evaluations: 547
[Task: 74] Size: 7 Evaluations: 2550
[Task: 74] Benchmark: stackoverflow3.sl
[Task: 74] Result: Success
[Task: 74] Program: _arg_0[3:][_arg_0.IndexOf("9"):].strip()
[Task: 74] Number of evaluations: 6466
[Task: 74] 2021-09-10 12:36:03.383214
[Task: 74] Time taken: 0:00:01.876605
[Task: 74] 
[Task: 75] Loading bustle model....
[Task: 75] Count: 75
[Task: 75] 
[Task: 75] 2021-09-10 12:36:01.524205
[Task: 75] Number of programs: 12
[Task: 75] Size: 0 Evaluations: 0
[Task: 75] Size: 1 Evaluations: 0
[Task: 75] Size: 2 Evaluations: 14
[Task: 75] Size: 3 Evaluations: 46
[Task: 75] Size: 4 Evaluations: 30
[Task: 75] Size: 5 Evaluations: 50
[Task: 75] Size: 6 Evaluations: 47
[Task: 75] Size: 7 Evaluations: 48
[Task: 75] Size: 8 Evaluations: 77
[Task: 75] Size: 9 Evaluations: 95
[Task: 75] Size: 10 Evaluations: 436
[Task: 75] Size: 11 Evaluations: 634
[Task: 75] Size: 12 Evaluations: 1610
[Task: 75] Size: 13 Evaluations: 2620
[Task: 75] Size: 14 Evaluations: 3494
[Task: 75] Benchmark: stackoverflow4.sl
[Task: 75] Result: Success
[Task: 75] Program: _arg_0.replace(",", " ",-1).replace("<", " ")[:-1]
[Task: 75] Number of evaluations: 10850
[Task: 75] 2021-09-10 12:36:07.133249
[Task: 75] Time taken: 0:00:05.608983
[Task: 75] 
[Task: 76] Loading bustle model....
[Task: 76] Count: 76
[Task: 76] 
[Task: 76] 2021-09-10 12:36:01.555149
[Task: 76] Number of programs: 13
[Task: 76] Size: 0 Evaluations: 0
[Task: 76] Size: 1 Evaluations: 0
[Task: 76] Size: 2 Evaluations: 17
[Task: 76] Size: 3 Evaluations: 63
[Task: 76] Size: 4 Evaluations: 84
[Task: 76] Size: 5 Evaluations: 307
[Task: 76] Size: 6 Evaluations: 1185
[Task: 76] Size: 7 Evaluations: 4344
[Task: 76] Benchmark: stackoverflow5.sl
[Task: 76] Result: Success
[Task: 76] Program: _arg_0[:(-1 + _arg_0.IndexOf("1"))]
[Task: 76] Number of evaluations: 18938
[Task: 76] 2021-09-10 12:36:04.234897
[Task: 76] Time taken: 0:00:02.679736
[Task: 76] 
[Task: 77] Loading bustle model....
[Task: 77] Count: 77
[Task: 77] 
[Task: 77] 2021-09-10 12:36:01.552689
[Task: 77] Number of programs: 10
[Task: 77] Size: 0 Evaluations: 0
[Task: 77] Size: 1 Evaluations: 0
[Task: 77] Size: 2 Evaluations: 13
[Task: 77] Size: 3 Evaluations: 27
[Task: 77] Size: 4 Evaluations: 35
[Task: 77] Size: 5 Evaluations: 126
[Task: 77] Size: 6 Evaluations: 338
[Task: 77] Size: 7 Evaluations: 1068
[Task: 77] Size: 8 Evaluations: 3522
[Task: 77] Size: 9 Evaluations: 11572
[Task: 77] Size: 10 Evaluations: 39276
[Task: 77] Size: 11 Evaluations: 135542
[Task: 77] Size: 12 Evaluations: 470583
[Task: 77] Size: 13 Evaluations: 1657802
[Task: 77] Size: 14 Evaluations: 5884754
[Task: 78] Loading bustle model....
[Task: 78] Count: 78
[Task: 78] 
[Task: 78] 2021-09-10 12:36:01.529330
[Task: 78] Number of programs: 9
[Task: 78] Size: 0 Evaluations: 0
[Task: 78] Size: 1 Evaluations: 0
[Task: 78] Size: 2 Evaluations: 14
[Task: 78] Size: 3 Evaluations: 26
[Task: 78] Size: 4 Evaluations: 18
[Task: 78] Size: 5 Evaluations: 98
[Task: 78] Size: 6 Evaluations: 123
[Task: 78] Size: 7 Evaluations: 326
[Task: 78] Size: 8 Evaluations: 444
[Task: 78] Size: 9 Evaluations: 1088
[Task: 78] Size: 10 Evaluations: 1398
[Task: 78] Benchmark: stackoverflow7.sl
[Task: 78] Result: Success
[Task: 78] Program: _arg_0.replace(_arg_1.strip(), "").strip()
[Task: 78] Number of evaluations: 4065
[Task: 78] 2021-09-10 12:36:03.715509
[Task: 78] Time taken: 0:00:02.186163
[Task: 78] 
[Task: 79] Loading bustle model....
[Task: 79] Count: 79
[Task: 79] 
[Task: 79] 2021-09-10 12:36:01.510584
[Task: 79] Number of programs: 12
[Task: 79] Size: 0 Evaluations: 0
[Task: 79] Size: 1 Evaluations: 0
[Task: 79] Size: 2 Evaluations: 15
[Task: 79] Size: 3 Evaluations: 34
[Task: 79] Size: 4 Evaluations: 41
[Task: 79] Size: 5 Evaluations: 217
[Task: 79] Size: 6 Evaluations: 390
[Task: 79] Size: 7 Evaluations: 2312
[Task: 79] Benchmark: stackoverflow8.sl
[Task: 79] Result: Success
[Task: 79] Program: _arg_0[_arg_0.IndexOf(_arg_0[-1:].upper()):]
[Task: 79] Number of evaluations: 7019
[Task: 79] 2021-09-10 12:36:03.127897
[Task: 79] Time taken: 0:00:01.615914
[Task: 79] 
[Task: 80] Loading bustle model....
[Task: 80] Count: 80
[Task: 80] 
[Task: 80] 2021-09-10 12:36:01.532380
[Task: 80] Number of programs: 8
[Task: 80] Size: 0 Evaluations: 0
[Task: 80] Size: 1 Evaluations: 0
[Task: 80] Size: 2 Evaluations: 11
[Task: 80] Size: 3 Evaluations: 13
[Task: 80] Size: 4 Evaluations: 13
[Task: 80] Size: 5 Evaluations: 38
[Task: 80] Size: 6 Evaluations: 73
[Task: 80] Size: 7 Evaluations: 181
[Task: 80] Size: 8 Evaluations: 392
[Task: 80] Size: 9 Evaluations: 1147
[Task: 80] Size: 10 Evaluations: 2589
[Task: 80] Size: 11 Evaluations: 7313
[Task: 80] Benchmark: stackoverflow9.sl
[Task: 80] Result: Success
[Task: 80] Program: _arg_0[_arg_0.replace(" ", _arg_0[-1:]).IndexOf(" "):].strip()
[Task: 80] Number of evaluations: 18431
[Task: 80] 2021-09-10 12:36:07.829433
[Task: 80] Time taken: 0:00:06.297183
[Task: 80] 
[Task: 81] Loading bustle model....
[Task: 81] Count: 81
[Task: 81] 
[Task: 81] 2021-09-10 12:36:01.502103
[Task: 81] Number of programs: 11
[Task: 81] Size: 0 Evaluations: 0
[Task: 81] Size: 1 Evaluations: 0
[Task: 81] Size: 2 Evaluations: 14
[Task: 81] Size: 3 Evaluations: 30
[Task: 81] Size: 4 Evaluations: 30
[Task: 81] Size: 5 Evaluations: 53
[Task: 81] Size: 6 Evaluations: 36
[Task: 81] Size: 7 Evaluations: 73
[Task: 81] Size: 8 Evaluations: 99
[Task: 81] Size: 9 Evaluations: 233
[Task: 81] Size: 10 Evaluations: 620
[Task: 81] Benchmark: strip-html-from-text-or-numbers.sl
[Task: 81] Result: Success
[Task: 81] Program: _arg_0.Substr(_arg_0.IndexOf(0.IntToStr()),_arg_0.IndexOf("<",1))
[Task: 81] Number of evaluations: 2207
[Task: 81] 2021-09-10 12:36:02.782901
[Task: 81] Time taken: 0:00:01.280727
[Task: 81] 
[Task: 82] Loading bustle model....
[Task: 82] Count: 82
[Task: 82] 
[Task: 82] 2021-09-10 12:38:45.516528
[Task: 82] Number of programs: 20
[Task: 82] Size: 0 Evaluations: 0
[Task: 82] Size: 1 Evaluations: 0
[Task: 82] Size: 2 Evaluations: 19
[Task: 82] Size: 3 Evaluations: 68
[Task: 82] Size: 4 Evaluations: 107
[Task: 82] Size: 5 Evaluations: 610
[Task: 82] Size: 6 Evaluations: 790
[Task: 82] Size: 7 Evaluations: 3122
[Task: 82] Size: 8 Evaluations: 5497
[Task: 82] Size: 9 Evaluations: 22059
[Task: 82] Size: 10 Evaluations: 91339
[Task: 82] Size: 11 Evaluations: 267150
[Task: 82] Size: 12 Evaluations: 1052244
[Task: 82] Size: 13 Evaluations: 3019959
[Task: 83] Loading bustle model....
[Task: 83] Count: 83
[Task: 83] 
[Task: 83] 2021-09-10 12:38:45.508354
[Task: 83] Number of programs: 18
[Task: 83] Size: 0 Evaluations: 0
[Task: 83] Size: 1 Evaluations: 0
[Task: 83] Size: 2 Evaluations: 18
[Task: 83] Size: 3 Evaluations: 61
[Task: 83] Size: 4 Evaluations: 49
[Task: 83] Size: 5 Evaluations: 375
[Task: 83] Size: 6 Evaluations: 181
[Task: 83] Size: 7 Evaluations: 2021
[Task: 83] Size: 8 Evaluations: 2350
[Task: 83] Size: 9 Evaluations: 21357
[Task: 83] Size: 10 Evaluations: 32433
[Task: 83] Size: 11 Evaluations: 307454
[Task: 83] Size: 12 Evaluations: 654213
[Task: 83] Size: 13 Evaluations: 6264438
[Task: 84] Loading bustle model....
[Task: 84] Count: 84
[Task: 84] 
[Task: 84] 2021-09-10 12:38:45.524470
[Task: 84] Number of programs: 9
[Task: 84] Size: 0 Evaluations: 0
[Task: 84] Size: 1 Evaluations: 0
[Task: 84] Size: 2 Evaluations: 15
[Task: 84] Size: 3 Evaluations: 37
[Task: 84] Size: 4 Evaluations: 47
[Task: 84] Size: 5 Evaluations: 161
[Task: 84] Size: 6 Evaluations: 312
[Task: 84] Benchmark: univ_1.sl
[Task: 84] Result: Success
[Task: 84] Program: concat(col1, concat(",", concat(" ", col2)))
[Task: 84] Number of evaluations: 604
[Task: 84] 2021-09-10 12:38:46.210637
[Task: 84] Time taken: 0:00:00.682041
[Task: 84] 
[Task: 85] Loading bustle model....
[Task: 85] Count: 85
[Task: 85] 
[Task: 85] 2021-09-10 12:38:45.525213
[Task: 85] Number of programs: 15
[Task: 85] Size: 0 Evaluations: 0
[Task: 85] Size: 1 Evaluations: 0
[Task: 85] Size: 2 Evaluations: 29
[Task: 85] Size: 3 Evaluations: 135
[Task: 85] Size: 4 Evaluations: 78
[Task: 85] Size: 5 Evaluations: 440
[Task: 85] Size: 6 Evaluations: 439
[Task: 85] Size: 7 Evaluations: 1422
[Task: 85] Size: 8 Evaluations: 1714
[Task: 85] Size: 9 Evaluations: 4010
[Task: 85] Size: 10 Evaluations: 6532
[Task: 85] Size: 11 Evaluations: 13169
[Task: 85] Size: 12 Evaluations: 29197
[Task: 85] Size: 13 Evaluations: 52306
[Task: 85] Size: 14 Evaluations: 124706
[Task: 85] Size: 15 Evaluations: 225988
[Task: 85] Size: 16 Evaluations: 484944
[Task: 85] Size: 17 Evaluations: 897398
[Task: 85] Size: 18 Evaluations: 1827345
[Task: 85] Benchmark: univ_2.sl
[Task: 85] Result: Success
[Task: 85] Program: concat(col1, concat(",", concat(" ", "USA"))[:2] + col2.replace(concat(",", concat(" ", "USA")), " ".strip()) + concat(",", concat(" ", "USA"))[0:])
[Task: 85] Number of evaluations: 3932222
[Task: 85] 2021-09-10 13:31:25.601771
[Task: 85] Time taken: 0:52:40.072667
[Task: 85] 
[Task: 86] Loading bustle model....
[Task: 86] Count: 86
[Task: 86] 
[Task: 86] 2021-09-10 12:38:45.533903
[Task: 86] Number of programs: 15
[Task: 86] Size: 0 Evaluations: 0
[Task: 86] Size: 1 Evaluations: 0
[Task: 86] Size: 2 Evaluations: 29
[Task: 86] Size: 3 Evaluations: 135
[Task: 86] Size: 4 Evaluations: 174
[Task: 86] Size: 5 Evaluations: 850
[Task: 86] Size: 6 Evaluations: 2315
[Task: 86] Size: 7 Evaluations: 6554
[Task: 86] Size: 8 Evaluations: 22641
[Task: 86] Size: 9 Evaluations: 70362
[Task: 86] Size: 10 Evaluations: 238908
[Task: 86] Size: 11 Evaluations: 840532
[Task: 86] Size: 12 Evaluations: 2742977
[Task: 86] Benchmark: univ_3.sl
[Task: 86] Result: Success
[Task: 86] Program: col2.replace(col2.replace("USA", " "), concat(col2, concat(",", concat(" ", "USA"))))
[Task: 86] Number of evaluations: 8336504
[Task: 86] 2021-09-10 13:27:52.150954
[Task: 86] Time taken: 0:49:06.614487
[Task: 86] 
[Task: 87] Loading bustle model....
[Task: 87] Count: 87
[Task: 87] 
[Task: 87] 2021-09-10 12:38:45.512980
[Task: 87] Number of programs: 16
[Task: 87] Size: 0 Evaluations: 0
[Task: 87] Size: 1 Evaluations: 0
[Task: 87] Size: 2 Evaluations: 33
[Task: 87] Size: 3 Evaluations: 165
[Task: 87] Size: 4 Evaluations: 195
[Task: 87] Size: 5 Evaluations: 1196
[Task: 87] Size: 6 Evaluations: 3395
[Task: 87] Size: 7 Evaluations: 11610
[Task: 87] Size: 8 Evaluations: 46450
[Task: 87] Size: 9 Evaluations: 181617
[Task: 87] Size: 10 Evaluations: 679397
[Task: 87] Size: 11 Evaluations: 2943116
[Task: 88] Loading bustle model....
[Task: 88] Count: 88
[Task: 88] 
[Task: 88] 2021-09-10 12:38:45.508698
[Task: 88] Number of programs: 36
[Task: 88] Size: 0 Evaluations: 0
[Task: 88] Size: 1 Evaluations: 0
[Task: 88] Size: 2 Evaluations: 71
[Task: 88] Size: 3 Evaluations: 1004
[Task: 88] Size: 4 Evaluations: 1799
[Task: 88] Size: 5 Evaluations: 5053
[Task: 88] Size: 6 Evaluations: 33072
[Task: 88] Size: 7 Evaluations: 193700
[Task: 88] Size: 8 Evaluations: 979198
[Task: 88] Size: 9 Evaluations: 7628363
