[Task: 0] Loading bustle model....
[Task: 0] Count: 0
[Task: 0] 
[Task: 0] 2021-09-09 18:06:14.302602
[Task: 0] Number of programs: 10
[Task: 0] Size: 0 Evaluations: 0
[Task: 0] Size: 1 Evaluations: 0
[Task: 0] Size: 2 Evaluations: 17
[Task: 0] Size: 3 Evaluations: 36
[Task: 0] Size: 4 Evaluations: 38
[Task: 0] Size: 5 Evaluations: 119
[Task: 0] Size: 6 Evaluations: 311
[Task: 0] Size: 7 Evaluations: 758
[Task: 0] Benchmark: 11440431.sl
[Task: 0] Result: Success
[Task: 0] Program: _arg_0.replace("US", "").replace("CAN", "").strip()
[Task: 0] Number of evaluations: 2207
[Task: 0] 2021-09-09 18:06:15.947797
[Task: 0] Time taken: 0:00:01.645051
[Task: 0] 
[Task: 1] Loading bustle model....
[Task: 1] Count: 1
[Task: 1] 
[Task: 1] 2021-09-09 18:06:14.055985
[Task: 1] Number of programs: 10
[Task: 1] Size: 0 Evaluations: 0
[Task: 1] Size: 1 Evaluations: 0
[Task: 1] Size: 2 Evaluations: 12
[Task: 1] Size: 3 Evaluations: 20
[Task: 1] Size: 4 Evaluations: 16
[Task: 1] Size: 5 Evaluations: 55
[Task: 1] Size: 6 Evaluations: 49
[Task: 1] Size: 7 Evaluations: 169
[Task: 1] Size: 8 Evaluations: 118
[Task: 1] Size: 9 Evaluations: 527
[Task: 1] Size: 10 Evaluations: 552
[Task: 1] Size: 11 Evaluations: 1705
[Task: 1] Size: 12 Evaluations: 2616
[Task: 1] Benchmark: 11604909.sl
[Task: 1] Result: Success
[Task: 1] Program: _arg_0[(-1 + _arg_0.IndexOf(".")):][:(1 + (1 + 1))]
[Task: 1] Number of evaluations: 8503
[Task: 1] 2021-09-09 18:06:20.286886
[Task: 1] Time taken: 0:00:06.231071
[Task: 1] 
[Task: 2] Loading bustle model....
[Task: 2] Count: 2
[Task: 2] 
[Task: 2] 2021-09-09 18:06:14.085695
[Task: 2] Number of programs: 9
[Task: 2] Size: 0 Evaluations: 0
[Task: 2] Size: 1 Evaluations: 0
[Task: 2] Size: 2 Evaluations: 10
[Task: 2] Size: 3 Evaluations: 17
[Task: 2] Size: 4 Evaluations: 19
[Task: 2] Size: 5 Evaluations: 48
[Task: 2] Size: 6 Evaluations: 83
[Task: 2] Size: 7 Evaluations: 158
[Task: 2] Size: 8 Evaluations: 247
[Task: 2] Size: 9 Evaluations: 457
[Task: 2] Size: 10 Evaluations: 902
[Task: 2] Size: 11 Evaluations: 1626
[Task: 2] Benchmark: 17212077.sl
[Task: 2] Result: Success
[Task: 2] Program: _arg_0[:(1 + 1)] + "/" + _arg_0[_arg_0.IndexOf((1 + 1).IntToStr()):]
[Task: 2] Number of evaluations: 5442
[Task: 2] 2021-09-09 18:06:17.688968
[Task: 2] Time taken: 0:00:03.603215
[Task: 2] 
[Task: 3] Loading bustle model....
[Task: 3] Count: 3
[Task: 3] 
[Task: 3] 2021-09-09 18:06:14.049063
[Task: 3] Number of programs: 8
[Task: 3] Size: 0 Evaluations: 0
[Task: 3] Size: 1 Evaluations: 0
[Task: 3] Size: 2 Evaluations: 11
[Task: 3] Size: 3 Evaluations: 13
[Task: 3] Size: 4 Evaluations: 8
[Task: 3] Size: 5 Evaluations: 38
[Task: 3] Size: 6 Evaluations: 38
[Task: 3] Benchmark: 2171308.sl
[Task: 3] Result: Success
[Task: 3] Program: _arg_0[:1] + "" + _arg_0[_arg_0.IndexOf(" "):]
[Task: 3] Number of evaluations: 172
[Task: 3] 2021-09-09 18:06:14.650930
[Task: 3] Time taken: 0:00:00.601785
[Task: 3] 
[Task: 4] Loading bustle model....
[Task: 4] Count: 4
[Task: 4] 
[Task: 4] 2021-09-09 18:06:13.967577
[Task: 4] Number of programs: 14
[Task: 4] Size: 0 Evaluations: 0
[Task: 4] Size: 1 Evaluations: 0
[Task: 4] Size: 2 Evaluations: 30
[Task: 4] Size: 3 Evaluations: 101
[Task: 4] Size: 4 Evaluations: 79
[Task: 4] Size: 5 Evaluations: 271
[Task: 4] Size: 6 Evaluations: 471
[Task: 4] Size: 7 Evaluations: 810
[Task: 4] Size: 8 Evaluations: 1745
[Task: 4] Size: 9 Evaluations: 4170
[Task: 4] Benchmark: 25239569.sl
[Task: 4] Result: Success
[Task: 4] Program: _arg_0.replace("BRD", "Branding").replace("DRS", "Direct Response").replace("LDS", "Leads")
[Task: 4] Number of evaluations: 10841
[Task: 4] 2021-09-09 18:06:17.986360
[Task: 4] Time taken: 0:00:04.013920
[Task: 4] 
[Task: 5] Loading bustle model....
[Task: 5] Count: 5
[Task: 5] 
[Task: 5] 2021-09-09 18:06:13.948817
[Task: 5] Number of programs: 10
[Task: 5] Size: 0 Evaluations: 0
[Task: 5] Size: 1 Evaluations: 0
[Task: 5] Size: 2 Evaluations: 13
[Task: 5] Size: 3 Evaluations: 27
[Task: 5] Size: 4 Evaluations: 19
[Task: 5] Size: 5 Evaluations: 80
[Task: 5] Size: 6 Evaluations: 89
[Task: 5] Benchmark: 28627624_1.sl
[Task: 5] Result: Success
[Task: 5] Program: _arg_0[:_arg_0.IndexOf("-")].strip()
[Task: 5] Number of evaluations: 355
[Task: 5] 2021-09-09 18:06:14.578637
[Task: 5] Time taken: 0:00:00.625685
[Task: 5] 
[Task: 6] Loading bustle model....
[Task: 6] Count: 6
[Task: 6] 
[Task: 6] 2021-09-09 18:06:14.097942
[Task: 6] Number of programs: 9
[Task: 6] Size: 0 Evaluations: 0
[Task: 6] Size: 1 Evaluations: 0
[Task: 6] Size: 2 Evaluations: 11
[Task: 6] Size: 3 Evaluations: 18
[Task: 6] Size: 4 Evaluations: 9
[Task: 6] Size: 5 Evaluations: 40
[Task: 6] Size: 6 Evaluations: 68
[Task: 6] Size: 7 Evaluations: 85
[Task: 6] Size: 8 Evaluations: 239
[Task: 6] Size: 9 Evaluations: 399
[Task: 6] Size: 10 Evaluations: 735
[Task: 6] Size: 11 Evaluations: 1563
[Task: 6] Benchmark: 30732554.sl
[Task: 6] Result: Success
[Task: 6] Program: _arg_0[:concat(_arg_0, "|").IndexOf("|")]
[Task: 6] Number of evaluations: 4972
[Task: 6] 2021-09-09 18:06:16.806236
[Task: 6] Time taken: 0:00:02.708207
[Task: 6] 
[Task: 7] Loading bustle model....
[Task: 7] Count: 7
[Task: 7] 
[Task: 7] 2021-09-09 18:06:14.046867
[Task: 7] Number of programs: 13
[Task: 7] Size: 0 Evaluations: 0
[Task: 7] Size: 1 Evaluations: 0
[Task: 7] Size: 2 Evaluations: 15
[Task: 7] Size: 3 Evaluations: 37
[Task: 7] Size: 4 Evaluations: 26
[Task: 7] Size: 5 Evaluations: 182
[Task: 7] Size: 6 Evaluations: 157
[Task: 7] Size: 7 Evaluations: 611
[Task: 7] Size: 8 Evaluations: 513
[Task: 7] Size: 9 Evaluations: 1867
[Task: 7] Size: 10 Evaluations: 2588
[Task: 7] Size: 11 Evaluations: 5073
[Task: 7] Size: 12 Evaluations: 9513
[Task: 7] Size: 13 Evaluations: 17149
[Task: 7] Size: 14 Evaluations: 52169
[Task: 7] Size: 15 Evaluations: 76168
[Task: 7] Size: 16 Evaluations: 265230
[Task: 7] Size: 17 Evaluations: 384128
[Task: 7] Benchmark: 31753108.sl
[Task: 7] Result: Success
[Task: 7] Program: _arg_0.Substr(_arg_0.IndexOf(" ",5),_arg_0.IndexOf(" ",(1 + _arg_0.IndexOf(" ",5)))).strip()
[Task: 7] Number of evaluations: 932817
[Task: 7] 2021-09-09 18:13:36.707606
[Task: 7] Time taken: 0:07:22.660903
[Task: 7] 
[Task: 8] Loading bustle model....
[Task: 8] Count: 8
[Task: 8] 
[Task: 8] 2021-09-09 18:06:13.947642
[Task: 8] Number of programs: 12
[Task: 8] Size: 0 Evaluations: 0
[Task: 8] Size: 1 Evaluations: 0
[Task: 8] Size: 2 Evaluations: 26
[Task: 8] Size: 3 Evaluations: 69
[Task: 8] Size: 4 Evaluations: 92
[Task: 8] Size: 5 Evaluations: 253
[Task: 8] Size: 6 Evaluations: 890
[Task: 8] Size: 7 Evaluations: 2506
[Task: 8] Size: 8 Evaluations: 9318
[Task: 8] Size: 9 Evaluations: 31726
[Task: 8] Size: 10 Evaluations: 104516
[Task: 8] Size: 11 Evaluations: 389517
[Task: 8] Benchmark: 33619752.sl
[Task: 8] Result: Success
[Task: 8] Program: _arg_0[:concat(_arg_0, " ").IndexOf(" ",(1 + "Company".Length()))]
[Task: 8] Number of evaluations: 1405822
[Task: 8] 2021-09-09 18:13:59.586573
[Task: 8] Time taken: 0:07:45.634917
[Task: 8] 
[Task: 9] Loading bustle model....
[Task: 9] Count: 9
[Task: 9] 
[Task: 9] 2021-09-09 18:06:13.979081
[Task: 9] Number of programs: 10
[Task: 9] Size: 0 Evaluations: 0
[Task: 9] Size: 1 Evaluations: 0
[Task: 9] Size: 2 Evaluations: 16
[Task: 9] Size: 3 Evaluations: 34
[Task: 9] Size: 4 Evaluations: 43
[Task: 9] Size: 5 Evaluations: 144
[Task: 9] Benchmark: 34801680.sl
[Task: 9] Result: Success
[Task: 9] Program: _arg_0[_arg_0.IndexOf(" "):].strip()
[Task: 9] Number of evaluations: 406
[Task: 9] 2021-09-09 18:06:14.544947
[Task: 9] Time taken: 0:00:00.563169
[Task: 9] 
[Task: 10] Loading bustle model....
[Task: 10] Count: 10
[Task: 10] 
[Task: 10] 2021-09-09 18:06:13.929905
[Task: 10] Number of programs: 10
[Task: 10] Size: 0 Evaluations: 0
[Task: 10] Size: 1 Evaluations: 0
[Task: 10] Size: 2 Evaluations: 17
[Task: 10] Size: 3 Evaluations: 33
[Task: 10] Size: 4 Evaluations: 90
[Task: 10] Benchmark: 35016216.sl
[Task: 10] Result: Success
[Task: 10] Program: _arg_0.replace(_arg_0.lower(), _arg_1)
[Task: 10] Number of evaluations: 365
[Task: 10] 2021-09-09 18:06:14.453283
[Task: 10] Time taken: 0:00:00.523373
[Task: 10] 
[Task: 11] Loading bustle model....
[Task: 11] Count: 11
[Task: 11] 
[Task: 11] 2021-09-09 20:36:12.389244
[Task: 11] Number of programs: 13
[Task: 11] Size: 0 Evaluations: 0
[Task: 11] Size: 1 Evaluations: 0
[Task: 11] Size: 2 Evaluations: 23
[Task: 11] Size: 3 Evaluations: 82
[Task: 11] Size: 4 Evaluations: 78
[Task: 11] Size: 5 Evaluations: 108
[Task: 11] Size: 6 Evaluations: 289
[Task: 11] Size: 7 Evaluations: 509
[Task: 11] Size: 8 Evaluations: 1201
[Task: 11] Size: 9 Evaluations: 1968
[Task: 11] Size: 10 Evaluations: 4438
[Task: 11] Size: 11 Evaluations: 10778
[Task: 11] Size: 12 Evaluations: 29967
[Task: 11] Size: 13 Evaluations: 93223
[Task: 11] Size: 14 Evaluations: 304459
[Task: 11] Size: 15 Evaluations: 1073045
[Task: 11] Size: 16 Evaluations: 3978130
[Task: 12] Loading bustle model....
[Task: 12] Count: 12
[Task: 12] 
[Task: 12] 2021-09-09 18:06:13.939507
[Task: 12] Number of programs: 9
[Task: 12] Size: 0 Evaluations: 0
[Task: 12] Size: 1 Evaluations: 0
[Task: 12] Size: 2 Evaluations: 11
[Task: 12] Size: 3 Evaluations: 18
[Task: 12] Size: 4 Evaluations: 10
[Task: 12] Size: 5 Evaluations: 57
[Task: 12] Size: 6 Evaluations: 66
[Task: 12] Size: 7 Evaluations: 268
[Task: 12] Size: 8 Evaluations: 433
[Task: 12] Size: 9 Evaluations: 1480
[Task: 12] Size: 10 Evaluations: 3296
[Task: 12] Size: 11 Evaluations: 10063
[Task: 12] Benchmark: 36462127.sl
[Task: 12] Result: Success
[Task: 12] Program: _arg_0[(-1 + (-1 - _arg_0.IndexOf("/"))):].replace("/", "")
[Task: 12] Number of evaluations: 25367
[Task: 12] 2021-09-09 18:06:21.660220
[Task: 12] Time taken: 0:00:07.720706
[Task: 12] 
[Task: 13] Loading bustle model....
[Task: 13] Count: 13
[Task: 13] 
[Task: 13] 2021-09-09 18:06:13.924522
[Task: 13] Number of programs: 10
[Task: 13] Size: 0 Evaluations: 0
[Task: 13] Size: 1 Evaluations: 0
[Task: 13] Size: 2 Evaluations: 18
[Task: 13] Size: 3 Evaluations: 35
[Task: 13] Size: 4 Evaluations: 45
[Task: 13] Size: 5 Evaluations: 225
[Task: 13] Size: 6 Evaluations: 399
[Task: 13] Size: 7 Evaluations: 1166
[Task: 13] Size: 8 Evaluations: 2826
[Task: 13] Size: 9 Evaluations: 7016
[Task: 13] Size: 10 Evaluations: 15769
[Task: 13] Benchmark: 37534494.sl
[Task: 13] Result: Success
[Task: 13] Program: (if_arg_0.Contain(_arg_2) then _arg_0 else _arg_1)
[Task: 13] Number of evaluations: 43351
[Task: 13] 2021-09-09 18:06:27.170215
[Task: 13] Time taken: 0:00:13.245686
[Task: 13] 
[Task: 14] Loading bustle model....
[Task: 14] Count: 14
[Task: 14] 
[Task: 14] 2021-09-09 18:06:13.963213
[Task: 14] Number of programs: 9
[Task: 14] Size: 0 Evaluations: 0
[Task: 14] Size: 1 Evaluations: 0
[Task: 14] Size: 2 Evaluations: 13
[Task: 14] Size: 3 Evaluations: 27
[Task: 14] Size: 4 Evaluations: 18
[Task: 14] Size: 5 Evaluations: 52
[Task: 14] Size: 6 Evaluations: 97
[Task: 14] Size: 7 Evaluations: 178
[Task: 14] Size: 8 Evaluations: 398
[Task: 14] Benchmark: 38664547.sl
[Task: 14] Result: Success
[Task: 14] Program: _arg_0.replace("that", "",("that".Length() - _arg_0.Length()))
[Task: 14] Number of evaluations: 1295
[Task: 14] 2021-09-09 18:06:14.981507
[Task: 14] Time taken: 0:00:01.012127
[Task: 14] 
[Task: 15] Loading bustle model....
[Task: 15] Count: 15
[Task: 15] 
[Task: 15] 2021-09-09 18:06:13.985143
[Task: 15] Number of programs: 10
[Task: 15] Size: 0 Evaluations: 0
[Task: 15] Size: 1 Evaluations: 0
[Task: 15] Size: 2 Evaluations: 13
[Task: 15] Size: 3 Evaluations: 27
[Task: 15] Size: 4 Evaluations: 16
[Task: 15] Size: 5 Evaluations: 64
[Task: 15] Size: 6 Evaluations: 68
[Task: 15] Size: 7 Evaluations: 121
[Task: 15] Size: 8 Evaluations: 273
[Task: 15] Size: 9 Evaluations: 358
[Task: 15] Size: 10 Evaluations: 854
[Task: 15] Size: 11 Evaluations: 1533
[Task: 15] Size: 12 Evaluations: 2671
[Task: 15] Size: 13 Evaluations: 4750
[Task: 15] Benchmark: 38871714.sl
[Task: 15] Result: Success
[Task: 15] Program: _arg_0.replace("<", "",-1).replace(">", "",-1)
[Task: 15] Number of evaluations: 15274
[Task: 15] 2021-09-09 18:06:20.640928
[Task: 15] Time taken: 0:00:06.654640
[Task: 15] 
[Task: 16] Loading bustle model....
[Task: 16] Count: 16
[Task: 16] 
[Task: 16] 2021-09-09 18:06:14.024049
[Task: 16] Number of programs: 9
[Task: 16] Size: 0 Evaluations: 0
[Task: 16] Size: 1 Evaluations: 0
[Task: 16] Size: 2 Evaluations: 12
[Task: 16] Size: 3 Evaluations: 21
[Task: 16] Size: 4 Evaluations: 17
[Task: 16] Size: 5 Evaluations: 61
[Task: 16] Size: 6 Evaluations: 60
[Task: 16] Size: 7 Evaluations: 195
[Task: 16] Size: 8 Evaluations: 207
[Task: 16] Size: 9 Evaluations: 666
[Task: 16] Size: 10 Evaluations: 959
[Task: 16] Size: 11 Evaluations: 2276
[Task: 16] Benchmark: 39060015.sl
[Task: 16] Result: Success
[Task: 16] Program: _arg_0.replace("/", _arg_0[:_arg_0.IndexOf("/")],-1)[_arg_0.Length():]
[Task: 16] Number of evaluations: 6230
[Task: 16] 2021-09-09 18:06:16.686400
[Task: 16] Time taken: 0:00:02.662336
[Task: 16] 
[Task: 17] Loading bustle model....
[Task: 17] Count: 17
[Task: 17] 
[Task: 17] 2021-09-09 18:06:14.027610
[Task: 17] Number of programs: 9
[Task: 17] Size: 0 Evaluations: 0
[Task: 17] Size: 1 Evaluations: 0
[Task: 17] Size: 2 Evaluations: 14
[Task: 17] Size: 3 Evaluations: 24
[Task: 17] Size: 4 Evaluations: 32
[Task: 17] Size: 5 Evaluations: 93
[Task: 17] Size: 6 Evaluations: 194
[Task: 17] Size: 7 Evaluations: 572
[Task: 17] Size: 8 Evaluations: 1467
[Task: 17] Size: 9 Evaluations: 4309
[Task: 17] Benchmark: 41503046.sl
[Task: 17] Result: Success
[Task: 17] Program: _arg_0[:_arg_0.IndexOf(" ",("ssp.".Length() + "ssp.".Length()))]
[Task: 17] Number of evaluations: 14304
[Task: 17] 2021-09-09 18:06:20.090473
[Task: 17] Time taken: 0:00:06.062964
[Task: 17] 
[Task: 18] Loading bustle model....
[Task: 18] Count: 18
[Task: 18] 
[Task: 18] 2021-09-09 20:36:12.435902
[Task: 18] Number of programs: 17
[Task: 18] Size: 0 Evaluations: 0
[Task: 18] Size: 1 Evaluations: 0
[Task: 18] Size: 2 Evaluations: 28
[Task: 18] Size: 3 Evaluations: 153
[Task: 18] Size: 4 Evaluations: 149
[Task: 18] Size: 5 Evaluations: 372
[Task: 18] Size: 6 Evaluations: 1335
[Task: 18] Size: 7 Evaluations: 2004
[Task: 18] Size: 8 Evaluations: 6032
[Task: 18] Size: 9 Evaluations: 13754
[Task: 18] Size: 10 Evaluations: 25362
[Task: 18] Size: 11 Evaluations: 64374
[Task: 18] Size: 12 Evaluations: 149708
[Task: 18] Size: 13 Evaluations: 334007
[Task: 18] Size: 14 Evaluations: 760548
[Task: 18] Size: 15 Evaluations: 1794027
[Task: 19] Loading bustle model....
[Task: 19] Count: 19
[Task: 19] 
[Task: 19] 2021-09-09 18:13:44.304483
[Task: 19] Number of programs: 9
[Task: 19] Size: 0 Evaluations: 0
[Task: 19] Size: 1 Evaluations: 0
[Task: 19] Size: 2 Evaluations: 11
[Task: 19] Size: 3 Evaluations: 17
[Task: 19] Size: 4 Evaluations: 6
[Task: 19] Size: 5 Evaluations: 29
[Task: 19] Size: 6 Evaluations: 21
[Task: 19] Size: 7 Evaluations: 107
[Task: 19] Size: 8 Evaluations: 114
[Task: 19] Benchmark: 43606446.sl
[Task: 19] Result: Success
[Task: 19] Program: _arg_0[:-1][(-1 + (-1 + -1)):]
[Task: 19] Number of evaluations: 553
[Task: 19] 2021-09-09 18:13:45.249936
[Task: 19] Time taken: 0:00:00.945403
[Task: 19] 
[Task: 20] Loading bustle model....
[Task: 20] Count: 20
[Task: 20] 
[Task: 20] 2021-09-09 18:16:54.170292
[Task: 20] Number of programs: 11
[Task: 20] Size: 0 Evaluations: 0
[Task: 20] Size: 1 Evaluations: 0
[Task: 20] Size: 2 Evaluations: 22
[Task: 20] Size: 3 Evaluations: 47
[Task: 20] Size: 4 Evaluations: 46
[Task: 20] Size: 5 Evaluations: 245
[Task: 20] Size: 6 Evaluations: 233
[Task: 20] Size: 7 Evaluations: 985
[Task: 20] Size: 8 Evaluations: 1121
[Task: 20] Benchmark: add-a-line-break-with-a-formula.sl
[Task: 20] Result: Success
[Task: 20] Program: concat(_arg_0, concat("/n", concat(_arg_1, concat("/n", _arg_2))))
[Task: 20] Number of evaluations: 2786
[Task: 20] 2021-09-09 18:16:57.127316
[Task: 20] Time taken: 0:00:02.955798
[Task: 20] 
[Task: 21] Loading bustle model....
[Task: 21] Count: 21
[Task: 21] 
[Task: 21] 2021-09-09 18:16:53.660888
[Task: 21] Number of programs: 10
[Task: 21] Size: 0 Evaluations: 0
[Task: 21] Size: 1 Evaluations: 0
[Task: 21] Size: 2 Evaluations: 13
[Task: 21] Size: 3 Evaluations: 35
[Task: 21] Size: 4 Evaluations: 45
[Task: 21] Benchmark: bikes.sl
[Task: 21] Result: Success
[Task: 21] Program: name[:(0 - 3)]
[Task: 21] Number of evaluations: 140
[Task: 21] 2021-09-09 18:16:54.183035
[Task: 21] Time taken: 0:00:00.516012
[Task: 21] 
[Task: 22] Loading bustle model....
[Task: 22] Count: 22
[Task: 22] 
[Task: 22] 2021-09-09 18:16:53.851845
[Task: 22] Number of programs: 9
[Task: 22] Size: 0 Evaluations: 0
[Task: 22] Size: 1 Evaluations: 0
[Task: 22] Size: 2 Evaluations: 10
[Task: 22] Size: 3 Evaluations: 19
[Task: 22] Benchmark: change-negative-numbers-to-positive.sl
[Task: 22] Result: Success
[Task: 22] Program: _arg_0.replace("-", "")
[Task: 22] Number of evaluations: 35
[Task: 22] 2021-09-09 18:16:54.439861
[Task: 22] Time taken: 0:00:00.587985
[Task: 22] 
[Task: 23] Loading bustle model....
[Task: 23] Count: 23
[Task: 23] 
[Task: 23] 2021-09-09 18:16:53.653076
[Task: 23] Number of programs: 13
[Task: 23] Size: 0 Evaluations: 0
[Task: 23] Size: 1 Evaluations: 0
[Task: 23] Size: 2 Evaluations: 14
[Task: 23] Size: 3 Evaluations: 61
[Task: 23] Size: 4 Evaluations: 60
[Task: 23] Size: 5 Evaluations: 110
[Task: 23] Size: 6 Evaluations: 137
[Task: 23] Size: 7 Evaluations: 317
[Task: 23] Size: 8 Evaluations: 512
[Task: 23] Size: 9 Evaluations: 847
[Task: 23] Size: 10 Evaluations: 3370
[Task: 23] Size: 11 Evaluations: 5972
[Task: 23] Size: 12 Evaluations: 14872
[Task: 23] Size: 13 Evaluations: 39309
[Task: 23] Size: 14 Evaluations: 78709
[Task: 23] Size: 15 Evaluations: 176532
[Task: 23] Size: 16 Evaluations: 487113
[Task: 23] Size: 17 Evaluations: 1083387
[Task: 23] Benchmark: clean-and-reformat-telephone-numbers.sl
[Task: 23] Result: Success
[Task: 23] Program: _arg_0.replace("-", "",-1).replace(".", "",-1).replace(" ", "").replace("<", "").replace(">", "")
[Task: 23] Number of evaluations: 2812314
[Task: 23] 2021-09-09 18:36:01.937552
[Task: 23] Time taken: 0:19:08.278563
[Task: 23] 
[Task: 24] Loading bustle model....
[Task: 24] Count: 24
[Task: 24] 
[Task: 24] 2021-09-09 18:16:53.644306
[Task: 24] Number of programs: 10
[Task: 24] Size: 0 Evaluations: 0
[Task: 24] Size: 1 Evaluations: 0
[Task: 24] Size: 2 Evaluations: 16
[Task: 24] Size: 3 Evaluations: 37
[Task: 24] Size: 4 Evaluations: 46
[Task: 24] Size: 5 Evaluations: 199
[Task: 24] Size: 6 Evaluations: 364
[Task: 24] Benchmark: create-email-address-from-name.sl
[Task: 24] Result: Success
[Task: 24] Program: concat(_arg_1.CharAt(0), concat(_arg_0, "_acme.com"))
[Task: 24] Number of evaluations: 803
[Task: 24] 2021-09-09 18:16:54.491655
[Task: 24] Time taken: 0:00:00.841919
[Task: 24] 
[Task: 25] Loading bustle model....
[Task: 25] Count: 25
[Task: 25] 
[Task: 25] 2021-09-09 18:16:53.674825
[Task: 25] Number of programs: 11
[Task: 25] Size: 0 Evaluations: 0
[Task: 25] Size: 1 Evaluations: 0
[Task: 25] Size: 2 Evaluations: 17
[Task: 25] Size: 3 Evaluations: 46
[Task: 25] Size: 4 Evaluations: 50
[Task: 25] Size: 5 Evaluations: 278
[Task: 25] Size: 6 Evaluations: 549
[Task: 25] Size: 7 Evaluations: 1465
[Task: 25] Size: 8 Evaluations: 3917
[Task: 25] Benchmark: create-email-address-with-name-and-domain.sl
[Task: 25] Result: Success
[Task: 25] Program: concat(_arg_0.CharAt(0), concat(_arg_1, concat("_", _arg_2)))
[Task: 25] Number of evaluations: 6995
[Task: 25] 2021-09-09 18:16:57.448122
[Task: 25] Time taken: 0:00:03.766021
[Task: 25] 
[Task: 26] Loading bustle model....
[Task: 26] Count: 26
[Task: 26] 
[Task: 26] 2021-09-09 18:16:53.675348
[Task: 26] Number of programs: 9
[Task: 26] Size: 0 Evaluations: 0
[Task: 26] Size: 1 Evaluations: 0
[Task: 26] Size: 2 Evaluations: 15
[Task: 26] Size: 3 Evaluations: 32
[Task: 26] Size: 4 Evaluations: 30
[Task: 26] Size: 5 Evaluations: 115
[Task: 26] Size: 6 Evaluations: 183
[Task: 26] Size: 7 Evaluations: 404
[Task: 26] Size: 8 Evaluations: 625
[Task: 26] Size: 9 Evaluations: 1176
[Task: 26] Size: 10 Evaluations: 1960
[Task: 26] Size: 11 Evaluations: 3922
[Task: 26] Benchmark: dr-name.sl
[Task: 26] Result: Success
[Task: 26] Program: concat("Dr.", concat(" ", name[:name.IndexOf(" ")]))
[Task: 26] Number of evaluations: 9133
[Task: 26] 2021-09-09 18:16:59.644037
[Task: 26] Time taken: 0:00:05.962471
[Task: 26] 
[Task: 27] Loading bustle model....
[Task: 27] Count: 27
[Task: 27] 
[Task: 27] 2021-09-09 18:16:53.629798
[Task: 27] Number of programs: 10
[Task: 27] Size: 0 Evaluations: 0
[Task: 27] Size: 1 Evaluations: 0
[Task: 27] Size: 2 Evaluations: 14
[Task: 27] Size: 3 Evaluations: 32
[Task: 27] Size: 4 Evaluations: 35
[Task: 27] Size: 5 Evaluations: 154
[Task: 27] Size: 6 Evaluations: 283
[Task: 27] Benchmark: exceljet1.sl
[Task: 27] Result: Success
[Task: 27] Program: _arg_1[(1 + _arg_1.IndexOf("_")):]
[Task: 27] Number of evaluations: 1110
[Task: 27] 2021-09-09 18:16:54.450861
[Task: 27] Time taken: 0:00:00.821054
[Task: 27] 
[Task: 28] Loading bustle model....
[Task: 28] Count: 28
[Task: 28] 
[Task: 28] 2021-09-09 18:16:53.645144
[Task: 28] Number of programs: 9
[Task: 28] Size: 0 Evaluations: 0
[Task: 28] Size: 1 Evaluations: 0
[Task: 28] Size: 2 Evaluations: 11
[Task: 28] Size: 3 Evaluations: 19
[Task: 28] Size: 4 Evaluations: 18
[Task: 28] Size: 5 Evaluations: 73
[Task: 28] Size: 6 Evaluations: 111
[Task: 28] Size: 7 Evaluations: 438
[Task: 28] Size: 8 Evaluations: 786
[Task: 28] Size: 9 Evaluations: 3219
[Task: 28] Benchmark: exceljet2.sl
[Task: 28] Result: Success
[Task: 28] Program: _arg_0[(-1 + (-1 + -1)):].replace(".", "")
[Task: 28] Number of evaluations: 7183
[Task: 28] 2021-09-09 18:16:56.748388
[Task: 28] Time taken: 0:00:03.097765
[Task: 28] 
[Task: 29] Loading bustle model....
[Task: 29] Count: 29
[Task: 29] 
[Task: 29] 2021-09-09 18:16:53.646614
[Task: 29] Number of programs: 9
[Task: 29] Size: 0 Evaluations: 0
[Task: 29] Size: 1 Evaluations: 0
[Task: 29] Size: 2 Evaluations: 11
[Task: 29] Size: 3 Evaluations: 19
[Task: 29] Size: 4 Evaluations: 19
[Task: 29] Size: 5 Evaluations: 80
[Task: 29] Size: 6 Evaluations: 142
[Task: 29] Size: 7 Evaluations: 517
[Task: 29] Benchmark: exceljet3.sl
[Task: 29] Result: Success
[Task: 29] Program: _arg_0[(1 + _arg_0.IndexOf("=")):].strip()
[Task: 29] Number of evaluations: 1338
[Task: 29] 2021-09-09 18:16:54.681641
[Task: 29] Time taken: 0:00:01.028533
[Task: 29] 
[Task: 30] Loading bustle model....
[Task: 30] Count: 30
[Task: 30] 
[Task: 30] 2021-09-09 18:16:53.680114
[Task: 30] Number of programs: 10
[Task: 30] Size: 0 Evaluations: 0
[Task: 30] Size: 1 Evaluations: 0
[Task: 30] Size: 2 Evaluations: 12
[Task: 30] Size: 3 Evaluations: 27
[Task: 30] Size: 4 Evaluations: 25
[Task: 30] Size: 5 Evaluations: 105
[Task: 30] Size: 6 Evaluations: 208
[Task: 30] Size: 7 Evaluations: 754
[Task: 30] Size: 8 Evaluations: 1713
[Task: 30] Benchmark: exceljet4.sl
[Task: 30] Result: Success
[Task: 30] Program: _arg_0[(1 + (1 + _arg_0.IndexOf("/"))):]
[Task: 30] Number of evaluations: 7545
[Task: 30] 2021-09-09 18:16:56.270904
[Task: 30] Time taken: 0:00:02.587762
[Task: 30] 
[Task: 31] Loading bustle model....
[Task: 31] Count: 31
[Task: 31] 
[Task: 31] 2021-09-09 18:16:53.703408
[Task: 31] Number of programs: 14
[Task: 31] Size: 0 Evaluations: 0
[Task: 31] Size: 1 Evaluations: 0
[Task: 31] Size: 2 Evaluations: 15
[Task: 31] Size: 3 Evaluations: 46
[Task: 31] Size: 4 Evaluations: 44
[Task: 31] Size: 5 Evaluations: 254
[Task: 31] Size: 6 Evaluations: 193
[Task: 31] Size: 7 Evaluations: 909
[Task: 31] Size: 8 Evaluations: 647
[Task: 31] Size: 9 Evaluations: 4145
[Task: 31] Size: 10 Evaluations: 2399
[Task: 31] Size: 11 Evaluations: 12587
[Task: 31] Benchmark: extract-word-containing-specific-text.sl
[Task: 31] Result: Success
[Task: 31] Program: _arg_0.Substr((_arg_0.IndexOf("_") - 4),(4 + _arg_0.IndexOf(".")))
[Task: 31] Number of evaluations: 25816
[Task: 31] 2021-09-09 18:17:03.320666
[Task: 31] Time taken: 0:00:09.617178
[Task: 31] 
[Task: 32] Loading bustle model....
[Task: 32] Count: 32
[Task: 32] 
[Task: 32] 2021-09-09 18:16:53.648791
[Task: 32] Number of programs: 11
[Task: 32] Size: 0 Evaluations: 0
[Task: 32] Size: 1 Evaluations: 0
[Task: 32] Size: 2 Evaluations: 12
[Task: 32] Size: 3 Evaluations: 25
[Task: 32] Size: 4 Evaluations: 15
[Task: 32] Size: 5 Evaluations: 96
[Task: 32] Size: 6 Evaluations: 53
[Task: 32] Size: 7 Evaluations: 314
[Task: 32] Size: 8 Evaluations: 147
[Task: 32] Size: 9 Evaluations: 1017
[Task: 32] Size: 10 Evaluations: 654
[Task: 32] Size: 11 Evaluations: 3074
[Task: 32] Size: 12 Evaluations: 3618
[Task: 32] Size: 13 Evaluations: 12344
[Task: 32] Size: 14 Evaluations: 20848
[Task: 32] Benchmark: extract-word-that-begins-with-specific-character.sl
[Task: 32] Result: Success
[Task: 32] Program: _arg_0[_arg_0.IndexOf("_"):][:concat(_arg_0[_arg_0.IndexOf("_"):], " ").IndexOf(" ")]
[Task: 32] Number of evaluations: 60816
[Task: 32] 2021-09-09 18:17:20.264943
[Task: 32] Time taken: 0:00:26.610472
[Task: 32] 
[Task: 33] Loading bustle model....
[Task: 33] Count: 33
[Task: 33] 
[Task: 33] 2021-09-09 18:26:26.396936
[Task: 33] Number of programs: 7
[Task: 33] Size: 0 Evaluations: 0
[Task: 33] Size: 1 Evaluations: 0
[Task: 33] Size: 2 Evaluations: 10
[Task: 33] Size: 3 Evaluations: 18
[Task: 33] Size: 4 Evaluations: 21
[Task: 33] Benchmark: firstname.sl
[Task: 33] Result: Success
[Task: 33] Program: name[:name.IndexOf(" ")]
[Task: 33] Number of evaluations: 78
[Task: 33] 2021-09-09 18:26:26.926617
[Task: 33] Time taken: 0:00:00.529618
[Task: 33] 
[Task: 34] Loading bustle model....
[Task: 34] Count: 34
[Task: 34] 
[Task: 34] 2021-09-09 18:30:18.722087
[Task: 34] Number of programs: 10
[Task: 34] Size: 0 Evaluations: 0
[Task: 34] Size: 1 Evaluations: 0
[Task: 34] Size: 2 Evaluations: 14
[Task: 34] Size: 3 Evaluations: 32
[Task: 34] Size: 4 Evaluations: 35
[Task: 34] Benchmark: get-domain-from-email-address_2.sl
[Task: 34] Result: Success
[Task: 34] Program: _arg_1[:_arg_1.IndexOf("_")]
[Task: 34] Number of evaluations: 155
[Task: 34] 2021-09-09 18:30:19.225557
[Task: 34] Time taken: 0:00:00.503462
[Task: 34] 
[Task: 35] Loading bustle model....
[Task: 35] Count: 35
[Task: 35] 
[Task: 35] 2021-09-09 20:36:12.426398
[Task: 35] Number of programs: 11
[Task: 35] Size: 0 Evaluations: 0
[Task: 35] Size: 1 Evaluations: 0
[Task: 35] Size: 2 Evaluations: 13
[Task: 35] Size: 3 Evaluations: 29
[Task: 35] Size: 4 Evaluations: 20
[Task: 35] Size: 5 Evaluations: 154
[Task: 35] Size: 6 Evaluations: 114
[Task: 35] Size: 7 Evaluations: 726
[Task: 35] Size: 8 Evaluations: 864
[Task: 35] Size: 9 Evaluations: 4092
[Task: 35] Size: 10 Evaluations: 6683
[Task: 35] Size: 11 Evaluations: 27930
[Task: 35] Size: 12 Evaluations: 52098
[Task: 35] Size: 13 Evaluations: 228192
[Task: 35] Size: 14 Evaluations: 424132
[Task: 35] Size: 15 Evaluations: 2041411
[Task: 35] Size: 16 Evaluations: 3851262
[Task: 36] Loading bustle model....
[Task: 36] Count: 36
[Task: 36] 
[Task: 36] 2021-09-09 18:30:18.673764
[Task: 36] Number of programs: 8
[Task: 36] Size: 0 Evaluations: 0
[Task: 36] Size: 1 Evaluations: 0
[Task: 36] Size: 2 Evaluations: 11
[Task: 36] Size: 3 Evaluations: 13
[Task: 36] Size: 4 Evaluations: 16
[Task: 36] Benchmark: get-first-name-from-name.sl
[Task: 36] Result: Success
[Task: 36] Program: _arg_0[:_arg_0.IndexOf(" ")]
[Task: 36] Number of evaluations: 61
[Task: 36] 2021-09-09 18:30:19.051909
[Task: 36] Time taken: 0:00:00.377475
[Task: 36] 
[Task: 37] Loading bustle model....
[Task: 37] Count: 37
[Task: 37] 
[Task: 37] 2021-09-09 18:30:18.624956
[Task: 37] Number of programs: 8
[Task: 37] Size: 0 Evaluations: 0
[Task: 37] Size: 1 Evaluations: 0
[Task: 37] Size: 2 Evaluations: 11
[Task: 37] Size: 3 Evaluations: 13
[Task: 37] Size: 4 Evaluations: 15
[Task: 37] Size: 5 Evaluations: 50
[Task: 37] Size: 6 Evaluations: 81
[Task: 37] Size: 7 Evaluations: 251
[Task: 37] Benchmark: get-first-word.sl
[Task: 37] Result: Success
[Task: 37] Program: _arg_0[:_arg_0.replace(" ", _arg_0).IndexOf(_arg_0)]
[Task: 37] Number of evaluations: 786
[Task: 37] 2021-09-09 18:30:19.431273
[Task: 37] Time taken: 0:00:00.806220
[Task: 37] 
[Task: 38] Loading bustle model....
[Task: 38] Count: 38
[Task: 38] 
[Task: 38] 2021-09-09 18:30:18.490530
[Task: 38] Number of programs: 9
[Task: 38] Size: 0 Evaluations: 0
[Task: 38] Size: 1 Evaluations: 0
[Task: 38] Size: 2 Evaluations: 14
[Task: 38] Size: 3 Evaluations: 20
[Task: 38] Size: 4 Evaluations: 33
[Task: 38] Size: 5 Evaluations: 87
[Task: 38] Size: 6 Evaluations: 197
[Task: 38] Size: 7 Evaluations: 525
[Task: 38] Size: 8 Evaluations: 1379
[Task: 38] Size: 9 Evaluations: 3999
[Task: 38] Size: 10 Evaluations: 11192
[Task: 38] Size: 11 Evaluations: 33295
[Task: 38] Size: 12 Evaluations: 100124
[Task: 38] Size: 13 Evaluations: 308480
[Task: 38] Size: 14 Evaluations: 959323
[Task: 38] Benchmark: get-last-line-in-cell.sl
[Task: 38] Result: Success
[Task: 38] Program: _arg_0[_arg_0.IndexOf(1.IntToStr(),(0 - concat("/n", _arg_0).IndexOf(_arg_0[-1:]))):]
[Task: 38] Number of evaluations: 3600414
[Task: 38] 2021-09-09 18:48:44.708209
[Task: 38] Time taken: 0:18:26.217722
[Task: 38] 
[Task: 39] Loading bustle model....
[Task: 39] Count: 39
[Task: 39] 
[Task: 39] 2021-09-09 18:30:18.485774
[Task: 39] Number of programs: 8
[Task: 39] Size: 0 Evaluations: 0
[Task: 39] Size: 1 Evaluations: 0
[Task: 39] Size: 2 Evaluations: 11
[Task: 39] Size: 3 Evaluations: 14
[Task: 39] Size: 4 Evaluations: 19
[Task: 39] Size: 5 Evaluations: 53
[Task: 39] Benchmark: get-last-name-from-name.sl
[Task: 39] Result: Success
[Task: 39] Program: _arg_0[_arg_0.IndexOf(" "):].strip()
[Task: 39] Number of evaluations: 130
[Task: 39] 2021-09-09 18:30:18.993083
[Task: 39] Time taken: 0:00:00.507271
[Task: 39] 
[Task: 40] Loading bustle model....
[Task: 40] Count: 40
[Task: 40] 
[Task: 40] 2021-09-09 18:30:18.596200
[Task: 40] Number of programs: 9
[Task: 40] Size: 0 Evaluations: 0
[Task: 40] Size: 1 Evaluations: 0
[Task: 40] Size: 2 Evaluations: 11
[Task: 40] Size: 3 Evaluations: 19
[Task: 40] Size: 4 Evaluations: 13
[Task: 40] Size: 5 Evaluations: 47
[Task: 40] Size: 6 Evaluations: 49
[Task: 40] Size: 7 Evaluations: 109
[Task: 40] Size: 8 Evaluations: 123
[Task: 40] Size: 9 Evaluations: 326
[Task: 40] Size: 10 Evaluations: 532
[Task: 40] Size: 11 Evaluations: 1048
[Task: 40] Size: 12 Evaluations: 1916
[Task: 40] Size: 13 Evaluations: 3591
[Task: 40] Benchmark: get-last-name-from-name-with-comma.sl
[Task: 40] Result: Success
[Task: 40] Program: concat(concat(_arg_0[(1 + _arg_0.IndexOf(",")):], ","), _arg_0)[:_arg_0.Length()]
[Task: 40] Number of evaluations: 11075
[Task: 40] 2021-09-09 18:30:24.758106
[Task: 40] Time taken: 0:00:06.161903
[Task: 40] 
[Task: 41] Loading bustle model....
[Task: 41] Count: 41
[Task: 41] 
[Task: 41] 2021-09-09 18:30:18.618673
[Task: 41] Number of programs: 8
[Task: 41] Size: 0 Evaluations: 0
[Task: 41] Size: 1 Evaluations: 0
[Task: 41] Size: 2 Evaluations: 10
[Task: 41] Size: 3 Evaluations: 13
[Task: 41] Size: 4 Evaluations: 13
[Task: 41] Size: 5 Evaluations: 48
[Task: 41] Size: 6 Evaluations: 74
[Task: 41] Size: 7 Evaluations: 266
[Task: 41] Size: 8 Evaluations: 449
[Task: 41] Benchmark: get-last-word.sl
[Task: 41] Result: Success
[Task: 41] Program: _arg_0[(-1 + (-1 + (-1 + -1))):]
[Task: 41] Number of evaluations: 1902
[Task: 41] 2021-09-09 18:30:19.782675
[Task: 41] Time taken: 0:00:01.163937
[Task: 41] 
[Task: 42] Loading bustle model....
[Task: 42] Count: 42
[Task: 42] 
[Task: 42] 2021-09-09 18:30:18.609264
[Task: 42] Number of programs: 8
[Task: 42] Size: 0 Evaluations: 0
[Task: 42] Size: 1 Evaluations: 0
[Task: 42] Size: 2 Evaluations: 10
[Task: 42] Size: 3 Evaluations: 14
[Task: 42] Size: 4 Evaluations: 11
[Task: 42] Size: 5 Evaluations: 38
[Task: 42] Size: 6 Evaluations: 32
[Task: 42] Size: 7 Evaluations: 93
[Task: 42] Size: 8 Evaluations: 57
[Task: 42] Size: 9 Evaluations: 211
[Task: 42] Size: 10 Evaluations: 143
[Task: 42] Size: 11 Evaluations: 478
[Task: 42] Size: 12 Evaluations: 566
[Task: 42] Size: 13 Evaluations: 1367
[Task: 42] Size: 14 Evaluations: 2225
[Task: 42] Size: 15 Evaluations: 4647
[Task: 42] Benchmark: get-middle-name-from-full-name.sl
[Task: 42] Result: Success
[Task: 42] Program: _arg_0.Substr(_arg_0.IndexOf(" "),_arg_0.IndexOf(" ",(-1 + (-1 - _arg_0.IndexOf(" "))))).strip()
[Task: 42] Number of evaluations: 12465
[Task: 42] 2021-09-09 18:30:27.863015
[Task: 42] Time taken: 0:00:09.252080
[Task: 42] 
[Task: 43] Loading bustle model....
[Task: 43] Count: 43
[Task: 43] 
[Task: 43] 2021-09-09 18:30:18.671737
[Task: 43] Number of programs: 8
[Task: 43] Size: 0 Evaluations: 0
[Task: 43] Size: 1 Evaluations: 0
[Task: 43] Size: 2 Evaluations: 11
[Task: 43] Size: 3 Evaluations: 22
[Task: 43] Size: 4 Evaluations: 5
[Task: 43] Size: 5 Evaluations: 35
[Task: 43] Size: 6 Evaluations: 24
[Task: 43] Size: 7 Evaluations: 67
[Task: 43] Size: 8 Evaluations: 62
[Task: 43] Size: 9 Evaluations: 150
[Task: 43] Size: 10 Evaluations: 175
[Task: 43] Size: 11 Evaluations: 319
[Task: 43] Size: 12 Evaluations: 530
[Task: 43] Size: 13 Evaluations: 727
[Task: 43] Size: 14 Evaluations: 1594
[Task: 43] Size: 15 Evaluations: 1966
[Task: 43] Size: 16 Evaluations: 4371
[Task: 43] Size: 17 Evaluations: 5521
[Task: 43] Size: 18 Evaluations: 11644
[Task: 43] Size: 19 Evaluations: 15603
[Task: 43] Benchmark: initials.sl
[Task: 43] Result: Success
[Task: 43] Program: concat(name.CharAt(0), concat(".", concat(name.CharAt((1 + name.IndexOf(" "))), ".")))
[Task: 43] Number of evaluations: 45002
[Task: 43] 2021-09-09 18:30:48.697716
[Task: 43] Time taken: 0:00:30.024778
[Task: 43] 
[Task: 44] Loading bustle model....
[Task: 44] Count: 44
[Task: 44] 
[Task: 44] 2021-09-09 18:30:18.504520
[Task: 44] Number of programs: 11
[Task: 44] Size: 0 Evaluations: 0
[Task: 44] Size: 1 Evaluations: 0
[Task: 44] Size: 2 Evaluations: 17
[Task: 44] Size: 3 Evaluations: 42
[Task: 44] Size: 4 Evaluations: 38
[Task: 44] Size: 5 Evaluations: 222
[Task: 44] Size: 6 Evaluations: 302
[Task: 44] Size: 7 Evaluations: 800
[Task: 44] Size: 8 Evaluations: 1368
[Task: 44] Size: 9 Evaluations: 2488
[Task: 44] Size: 10 Evaluations: 4229
[Task: 44] Size: 11 Evaluations: 7232
[Task: 44] Size: 12 Evaluations: 14310
[Task: 44] Size: 13 Evaluations: 24921
[Task: 44] Size: 14 Evaluations: 54233
[Task: 44] Size: 15 Evaluations: 102403
[Task: 44] Benchmark: join-cells-with-comma.sl
[Task: 44] Result: Success
[Task: 44] Program: concat(_arg_0, concat(_arg_1.replace("".strip(), concat(",", " ")), concat(",", concat(" ", _arg_2))))
[Task: 44] Number of evaluations: 220240
[Task: 44] 2021-09-09 18:32:20.713357
[Task: 44] Time taken: 0:02:02.209118
[Task: 44] 
[Task: 45] Loading bustle model....
[Task: 45] Count: 45
[Task: 45] 
[Task: 45] 2021-09-09 18:30:18.523324
[Task: 45] Number of programs: 9
[Task: 45] Size: 0 Evaluations: 0
[Task: 45] Size: 1 Evaluations: 0
[Task: 45] Size: 2 Evaluations: 13
[Task: 45] Size: 3 Evaluations: 23
[Task: 45] Size: 4 Evaluations: 32
[Task: 45] Benchmark: join-first-and-last-name.sl
[Task: 45] Result: Success
[Task: 45] Program: concat(_arg_0, concat(" ", _arg_1))
[Task: 45] Number of evaluations: 81
[Task: 45] 2021-09-09 18:30:18.975523
[Task: 45] Time taken: 0:00:00.452187
[Task: 45] 
[Task: 46] Loading bustle model....
[Task: 46] Count: 46
[Task: 46] 
[Task: 46] 2021-09-09 18:30:18.584826
[Task: 46] Number of programs: 6
[Task: 46] Size: 0 Evaluations: 0
[Task: 46] Size: 1 Evaluations: 0
[Task: 46] Size: 2 Evaluations: 9
[Task: 46] Size: 3 Evaluations: 12
[Task: 46] Size: 4 Evaluations: 15
[Task: 46] Size: 5 Evaluations: 32
[Task: 46] Benchmark: lastname.sl
[Task: 46] Result: Success
[Task: 46] Program: name[name.IndexOf(" "):].strip()
[Task: 46] Number of evaluations: 89
[Task: 46] 2021-09-09 18:30:19.136877
[Task: 46] Time taken: 0:00:00.552043
[Task: 46] 
[Task: 47] Loading bustle model....
[Task: 47] Count: 47
[Task: 47] 
[Task: 47] 2021-09-09 18:30:18.608563
[Task: 47] Number of programs: 10
[Task: 47] Size: 0 Evaluations: 0
[Task: 47] Size: 1 Evaluations: 0
[Task: 47] Size: 2 Evaluations: 15
[Task: 47] Size: 3 Evaluations: 39
[Task: 47] Size: 4 Evaluations: 48
[Task: 47] Size: 5 Evaluations: 240
[Task: 47] Size: 6 Evaluations: 531
[Task: 47] Size: 7 Evaluations: 1662
[Task: 47] Benchmark: most-frequently-occurring-text.sl
[Task: 47] Result: Success
[Task: 47] Program: _arg_0.replace(_arg_0.replace(_arg_1.strip(), " "), _arg_2)
[Task: 47] Number of evaluations: 4804
[Task: 47] 2021-09-09 18:30:20.426573
[Task: 47] Time taken: 0:00:01.816372
[Task: 47] 
[Task: 48] Loading bustle model....
[Task: 48] Count: 48
[Task: 48] 
[Task: 48] 2021-09-09 18:37:24.477197
[Task: 48] Number of programs: 9
[Task: 48] Size: 0 Evaluations: 0
[Task: 48] Size: 1 Evaluations: 0
[Task: 48] Size: 2 Evaluations: 15
[Task: 48] Size: 3 Evaluations: 35
[Task: 48] Size: 4 Evaluations: 35
[Task: 48] Size: 5 Evaluations: 128
[Task: 48] Size: 6 Evaluations: 237
[Task: 48] Size: 7 Evaluations: 492
[Task: 48] Size: 8 Evaluations: 919
[Task: 48] Benchmark: name-combine-2.sl
[Task: 48] Result: Success
[Task: 48] Program: concat(firstname, concat(" ", concat(lastname.CharAt(0), ".")))
[Task: 48] Number of evaluations: 1905
[Task: 48] 2021-09-09 18:37:25.839444
[Task: 48] Time taken: 0:00:01.362175
[Task: 48] 
[Task: 49] Loading bustle model....
[Task: 49] Count: 49
[Task: 49] 
[Task: 49] 2021-09-09 18:37:24.463563
[Task: 49] Number of programs: 9
[Task: 49] Size: 0 Evaluations: 0
[Task: 49] Size: 1 Evaluations: 0
[Task: 49] Size: 2 Evaluations: 15
[Task: 49] Size: 3 Evaluations: 36
[Task: 49] Size: 4 Evaluations: 45
[Task: 49] Size: 5 Evaluations: 165
[Task: 49] Size: 6 Evaluations: 335
[Task: 49] Size: 7 Evaluations: 929
[Task: 49] Size: 8 Evaluations: 2078
[Task: 49] Benchmark: name-combine-3.sl
[Task: 49] Result: Success
[Task: 49] Program: concat(firstname.CharAt(0), concat(".", concat(" ", lastname)))
[Task: 49] Number of evaluations: 3837
[Task: 49] 2021-09-09 18:37:26.944254
[Task: 49] Time taken: 0:00:02.480622
[Task: 49] 
[Task: 50] Loading bustle model....
[Task: 50] Count: 50
[Task: 50] 
[Task: 50] 2021-09-09 18:37:24.425506
[Task: 50] Number of programs: 10
[Task: 50] Size: 0 Evaluations: 0
[Task: 50] Size: 1 Evaluations: 0
[Task: 50] Size: 2 Evaluations: 16
[Task: 50] Size: 3 Evaluations: 43
[Task: 50] Size: 4 Evaluations: 22
[Task: 50] Size: 5 Evaluations: 146
[Task: 50] Size: 6 Evaluations: 109
[Task: 50] Size: 7 Evaluations: 426
[Task: 50] Size: 8 Evaluations: 333
[Task: 50] Size: 9 Evaluations: 894
[Task: 50] Size: 10 Evaluations: 942
[Task: 50] Benchmark: name-combine-4.sl
[Task: 50] Result: Success
[Task: 50] Program: concat(lastname, concat(",", concat(" ", concat(firstname.CharAt(0), "."))))
[Task: 50] Number of evaluations: 3026
[Task: 50] 2021-09-09 18:37:27.083829
[Task: 50] Time taken: 0:00:02.658255
[Task: 50] 
[Task: 51] Loading bustle model....
[Task: 51] Count: 51
[Task: 51] 
[Task: 51] 2021-09-09 18:37:24.457442
[Task: 51] Number of programs: 8
[Task: 51] Size: 0 Evaluations: 0
[Task: 51] Size: 1 Evaluations: 0
[Task: 51] Size: 2 Evaluations: 14
[Task: 51] Size: 3 Evaluations: 27
[Task: 51] Size: 4 Evaluations: 44
[Task: 51] Benchmark: name-combine.sl
[Task: 51] Result: Success
[Task: 51] Program: concat(firstname, concat(" ", lastname))
[Task: 51] Number of evaluations: 100
[Task: 51] 2021-09-09 18:37:24.996222
[Task: 51] Time taken: 0:00:00.538757
[Task: 51] 
[Task: 52] Loading bustle model....
[Task: 52] Count: 52
[Task: 52] 
[Task: 52] 2021-09-09 18:37:24.492421
[Task: 52] Number of programs: 15
[Task: 52] Size: 0 Evaluations: 0
[Task: 52] Size: 1 Evaluations: 0
[Task: 52] Size: 2 Evaluations: 16
[Task: 52] Size: 3 Evaluations: 81
[Task: 52] Size: 4 Evaluations: 72
[Task: 52] Size: 5 Evaluations: 416
[Task: 52] Size: 6 Evaluations: 439
[Task: 52] Size: 7 Evaluations: 1991
[Task: 52] Size: 8 Evaluations: 2126
[Task: 52] Size: 9 Evaluations: 7868
[Task: 52] Size: 10 Evaluations: 12729
[Task: 52] Size: 11 Evaluations: 37283
[Task: 52] Size: 12 Evaluations: 75189
[Task: 52] Size: 13 Evaluations: 182959
[Task: 52] Size: 14 Evaluations: 428359
[Task: 52] Size: 15 Evaluations: 944166
[Task: 52] Benchmark: phone-10.sl
[Task: 52] Result: Success
[Task: 52] Program: name.replace(" ", concat(" ", "(")).replace("-", concat(")", " "))
[Task: 52] Number of evaluations: 2051929
[Task: 52] 2021-09-09 19:17:24.055910
[Task: 52] Time taken: 0:39:59.563545
[Task: 52] 
[Task: 53] Loading bustle model....
[Task: 53] Count: 53
[Task: 53] 
[Task: 53] 2021-09-09 18:37:24.457461
[Task: 53] Number of programs: 10
[Task: 53] Size: 0 Evaluations: 0
[Task: 53] Size: 1 Evaluations: 0
[Task: 53] Size: 2 Evaluations: 11
[Task: 53] Size: 3 Evaluations: 35
[Task: 53] Size: 4 Evaluations: 28
[Task: 53] Benchmark: phone-1.sl
[Task: 53] Result: Success
[Task: 53] Program: name[4:][:3]
[Task: 53] Number of evaluations: 104
[Task: 53] 2021-09-09 18:37:24.992064
[Task: 53] Time taken: 0:00:00.534579
[Task: 53] 
[Task: 54] Loading bustle model....
[Task: 54] Count: 54
[Task: 54] 
[Task: 54] 2021-09-09 18:37:24.495047
[Task: 54] Number of programs: 10
[Task: 54] Size: 0 Evaluations: 0
[Task: 54] Size: 1 Evaluations: 0
[Task: 54] Size: 2 Evaluations: 11
[Task: 54] Size: 3 Evaluations: 35
[Task: 54] Size: 4 Evaluations: 27
[Task: 54] Benchmark: phone-2.sl
[Task: 54] Result: Success
[Task: 54] Program: name[(3 + 5):]
[Task: 54] Number of evaluations: 96
[Task: 54] 2021-09-09 18:37:25.056443
[Task: 54] Time taken: 0:00:00.561276
[Task: 54] 
[Task: 55] Loading bustle model....
[Task: 55] Count: 55
[Task: 55] 
[Task: 55] 2021-09-09 18:37:24.440327
[Task: 55] Number of programs: 13
[Task: 55] Size: 0 Evaluations: 0
[Task: 55] Size: 1 Evaluations: 0
[Task: 55] Size: 2 Evaluations: 14
[Task: 55] Size: 3 Evaluations: 55
[Task: 55] Size: 4 Evaluations: 49
[Task: 55] Size: 5 Evaluations: 284
[Task: 55] Size: 6 Evaluations: 385
[Task: 55] Size: 7 Evaluations: 1546
[Task: 55] Benchmark: phone-3.sl
[Task: 55] Result: Success
[Task: 55] Program: concat("(", name.replace("-", concat(")", " ")))
[Task: 55] Number of evaluations: 2350
[Task: 55] 2021-09-09 18:37:26.277206
[Task: 55] Time taken: 0:00:01.836862
[Task: 55] 
[Task: 56] Loading bustle model....
[Task: 56] Count: 56
[Task: 56] 
[Task: 56] 2021-09-09 18:48:23.106928
[Task: 56] Number of programs: 14
[Task: 56] Size: 0 Evaluations: 0
[Task: 56] Size: 1 Evaluations: 0
[Task: 56] Size: 2 Evaluations: 15
[Task: 56] Size: 3 Evaluations: 66
[Task: 56] Size: 4 Evaluations: 51
[Task: 56] Benchmark: phone-4.sl
[Task: 56] Result: Success
[Task: 56] Program: name.replace("-", ".",2)
[Task: 56] Number of evaluations: 235
[Task: 56] 2021-09-09 18:48:23.604540
[Task: 56] Time taken: 0:00:00.497594
[Task: 56] 
[Task: 57] Loading bustle model....
[Task: 57] Count: 57
[Task: 57] 
[Task: 57] 2021-09-09 18:48:23.110509
[Task: 57] Number of programs: 13
[Task: 57] Size: 0 Evaluations: 0
[Task: 57] Size: 1 Evaluations: 0
[Task: 57] Size: 2 Evaluations: 14
[Task: 57] Size: 3 Evaluations: 57
[Task: 57] Size: 4 Evaluations: 47
[Task: 57] Size: 5 Evaluations: 249
[Task: 57] Benchmark: phone-5.sl
[Task: 57] Result: Success
[Task: 57] Program: name.Substr(1,name.IndexOf(" "))
[Task: 57] Number of evaluations: 429
[Task: 57] 2021-09-09 18:48:23.750480
[Task: 57] Time taken: 0:00:00.639950
[Task: 57] 
[Task: 58] Loading bustle model....
[Task: 58] Count: 58
[Task: 58] 
[Task: 58] 2021-09-09 18:48:23.281850
[Task: 58] Number of programs: 13
[Task: 58] Size: 0 Evaluations: 0
[Task: 58] Size: 1 Evaluations: 0
[Task: 58] Size: 2 Evaluations: 14
[Task: 58] Size: 3 Evaluations: 57
[Task: 58] Size: 4 Evaluations: 47
[Task: 58] Size: 5 Evaluations: 244
[Task: 58] Size: 6 Evaluations: 240
[Task: 58] Size: 7 Evaluations: 972
[Task: 58] Size: 8 Evaluations: 818
[Task: 58] Benchmark: phone-6.sl
[Task: 58] Result: Success
[Task: 58] Program: name.Substr(name.IndexOf(" "),name.IndexOf("-")).strip()
[Task: 58] Number of evaluations: 2925
[Task: 58] 2021-09-09 18:48:25.827648
[Task: 58] Time taken: 0:00:02.545781
[Task: 58] 
[Task: 59] Loading bustle model....
[Task: 59] Count: 59
[Task: 59] 
[Task: 59] 2021-09-09 18:48:23.298620
[Task: 59] Number of programs: 13
[Task: 59] Size: 0 Evaluations: 0
[Task: 59] Size: 1 Evaluations: 0
[Task: 59] Size: 2 Evaluations: 14
[Task: 59] Size: 3 Evaluations: 57
[Task: 59] Size: 4 Evaluations: 46
[Task: 59] Size: 5 Evaluations: 232
[Task: 59] Size: 6 Evaluations: 197
[Task: 59] Size: 7 Evaluations: 886
[Task: 59] Size: 8 Evaluations: 619
[Task: 59] Benchmark: phone-7.sl
[Task: 59] Result: Success
[Task: 59] Program: name[(1 + name.IndexOf("-")):][:3]
[Task: 59] Number of evaluations: 2464
[Task: 59] 2021-09-09 18:48:25.615787
[Task: 59] Time taken: 0:00:02.317214
[Task: 59] 
[Task: 60] Loading bustle model....
[Task: 60] Count: 60
[Task: 60] 
[Task: 60] 2021-09-09 18:48:23.312255
[Task: 60] Number of programs: 13
[Task: 60] Size: 0 Evaluations: 0
[Task: 60] Size: 1 Evaluations: 0
[Task: 60] Size: 2 Evaluations: 14
[Task: 60] Size: 3 Evaluations: 57
[Task: 60] Size: 4 Evaluations: 46
[Task: 60] Benchmark: phone-8.sl
[Task: 60] Result: Success
[Task: 60] Program: name[(0 - 3):]
[Task: 60] Number of evaluations: 174
[Task: 60] 2021-09-09 18:48:23.997058
[Task: 60] Time taken: 0:00:00.684829
[Task: 60] 
[Task: 61] Loading bustle model....
[Task: 61] Count: 61
[Task: 61] 
[Task: 61] 2021-09-09 18:48:23.095100
[Task: 61] Number of programs: 13
[Task: 61] Size: 0 Evaluations: 0
[Task: 61] Size: 1 Evaluations: 0
[Task: 61] Size: 2 Evaluations: 14
[Task: 61] Size: 3 Evaluations: 57
[Task: 61] Size: 4 Evaluations: 59
[Task: 61] Size: 5 Evaluations: 259
[Task: 61] Size: 6 Evaluations: 350
[Task: 61] Size: 7 Evaluations: 1139
[Task: 61] Size: 8 Evaluations: 1502
[Task: 61] Size: 9 Evaluations: 4259
[Task: 61] Size: 10 Evaluations: 9191
[Task: 61] Size: 11 Evaluations: 18903
[Task: 61] Size: 12 Evaluations: 46789
[Task: 61] Size: 13 Evaluations: 88052
[Task: 61] Size: 14 Evaluations: 232468
[Task: 61] Benchmark: phone-9.sl
[Task: 61] Result: Success
[Task: 61] Program: name[1:].replace("-", ".",2).replace(" ", ".")
[Task: 61] Number of evaluations: 453994
[Task: 61] 2021-09-09 18:54:12.065252
[Task: 61] Time taken: 0:05:48.970135
[Task: 61] 
[Task: 62] Loading bustle model....
[Task: 62] Count: 62
[Task: 62] 
[Task: 62] 2021-09-09 18:48:23.095036
[Task: 62] Number of programs: 10
[Task: 62] Size: 0 Evaluations: 0
[Task: 62] Size: 1 Evaluations: 0
[Task: 62] Size: 2 Evaluations: 11
[Task: 62] Benchmark: phone.sl
[Task: 62] Result: Success
[Task: 62] Program: name[:3]
[Task: 62] Number of evaluations: 24
[Task: 62] 2021-09-09 18:48:23.401344
[Task: 62] Time taken: 0:00:00.306226
[Task: 62] 
[Task: 63] Loading bustle model....
[Task: 63] Count: 63
[Task: 63] 
[Task: 63] 2021-09-09 18:48:23.095147
[Task: 63] Number of programs: 9
[Task: 63] Size: 0 Evaluations: 0
[Task: 63] Size: 1 Evaluations: 0
[Task: 63] Size: 2 Evaluations: 11
[Task: 63] Size: 3 Evaluations: 19
[Task: 63] Size: 4 Evaluations: 14
[Task: 63] Benchmark: remove-file-extension-from-filename.sl
[Task: 63] Result: Success
[Task: 63] Program: _arg_0[:_arg_0.IndexOf(".")]
[Task: 63] Number of evaluations: 65
[Task: 63] 2021-09-09 18:48:23.555958
[Task: 63] Time taken: 0:00:00.460734
[Task: 63] 
[Task: 64] Loading bustle model....
[Task: 64] Count: 64
[Task: 64] 
[Task: 64] 2021-09-09 18:48:23.201544
[Task: 64] Number of programs: 8
[Task: 64] Size: 0 Evaluations: 0
[Task: 64] Size: 1 Evaluations: 0
[Task: 64] Size: 2 Evaluations: 11
[Task: 64] Size: 3 Evaluations: 14
[Task: 64] Size: 4 Evaluations: 18
[Task: 64] Size: 5 Evaluations: 54
[Task: 64] Size: 6 Evaluations: 68
[Task: 64] Size: 7 Evaluations: 208
[Task: 64] Size: 8 Evaluations: 283
[Task: 64] Size: 9 Evaluations: 807
[Task: 64] Size: 10 Evaluations: 1208
[Task: 64] Size: 11 Evaluations: 3130
[Task: 64] Size: 12 Evaluations: 5475
[Task: 64] Size: 13 Evaluations: 12297
[Task: 64] Size: 14 Evaluations: 23306
[Task: 64] Benchmark: remove-leading-and-trailing-spaces-from-text.sl
[Task: 64] Result: Success
[Task: 64] Program: _arg_0[:_arg_0.IndexOf(" ")] + concat(" ", _arg_0.Substr(_arg_0.IndexOf(" "),-1).strip()) + _arg_0[-1:]
[Task: 64] Number of evaluations: 76656
[Task: 64] 2021-09-09 18:49:04.551897
[Task: 64] Time taken: 0:00:41.350320
[Task: 64] 
[Task: 65] Loading bustle model....
[Task: 65] Count: 65
[Task: 65] 
[Task: 65] 2021-09-09 18:48:23.138754
[Task: 65] Number of programs: 9
[Task: 65] Size: 0 Evaluations: 0
[Task: 65] Size: 1 Evaluations: 0
[Task: 65] Size: 2 Evaluations: 10
[Task: 65] Size: 3 Evaluations: 19
[Task: 65] Size: 4 Evaluations: 28
[Task: 65] Benchmark: remove-text-by-matching.sl
[Task: 65] Result: Success
[Task: 65] Program: _arg_0.replace("-", "",-1)
[Task: 65] Number of evaluations: 103
[Task: 65] 2021-09-09 18:48:23.657513
[Task: 65] Time taken: 0:00:00.518717
[Task: 65] 
[Task: 66] Loading bustle model....
[Task: 66] Count: 66
[Task: 66] 
[Task: 66] 2021-09-09 18:51:43.521355
[Task: 66] Number of programs: 9
[Task: 66] Size: 0 Evaluations: 0
[Task: 66] Size: 1 Evaluations: 0
[Task: 66] Size: 2 Evaluations: 11
[Task: 66] Size: 3 Evaluations: 19
[Task: 66] Size: 4 Evaluations: 20
[Task: 66] Size: 5 Evaluations: 66
[Task: 66] Size: 6 Evaluations: 124
[Task: 66] Size: 7 Evaluations: 419
[Task: 66] Size: 8 Evaluations: 884
[Task: 66] Size: 9 Evaluations: 3072
[Task: 66] Size: 10 Evaluations: 7771
[Task: 66] Size: 11 Evaluations: 25414
[Task: 66] Size: 12 Evaluations: 71715
[Task: 66] Benchmark: remove-text-by-position.sl
[Task: 66] Result: Success
[Task: 66] Program: _arg_0[(1 + _arg_0.replace("/", " ").replace("/", " ").IndexOf("/")):]
[Task: 66] Number of evaluations: 279475
[Task: 66] 2021-09-09 18:53:18.938490
[Task: 66] Time taken: 0:01:35.417435
[Task: 66] 
[Task: 67] Loading bustle model....
[Task: 67] Count: 67
[Task: 67] 
[Task: 67] 2021-09-09 18:51:43.535181
[Task: 67] Number of programs: 9
[Task: 67] Size: 0 Evaluations: 0
[Task: 67] Size: 1 Evaluations: 0
[Task: 67] Size: 2 Evaluations: 12
[Task: 67] Size: 3 Evaluations: 20
[Task: 67] Size: 4 Evaluations: 8
[Task: 67] Size: 5 Evaluations: 63
[Task: 67] Size: 6 Evaluations: 34
[Task: 67] Size: 7 Evaluations: 198
[Task: 67] Size: 8 Evaluations: 137
[Task: 67] Size: 9 Evaluations: 638
[Task: 67] Size: 10 Evaluations: 618
[Task: 67] Benchmark: remove-unwanted-characters.sl
[Task: 67] Result: Success
[Task: 67] Program: _arg_0.replace(_arg_1.strip(), "",-1)
[Task: 67] Number of evaluations: 2474
[Task: 67] 2021-09-09 18:51:45.738905
[Task: 67] Time taken: 0:00:02.203648
[Task: 67] 
[Task: 68] Loading bustle model....
[Task: 68] Count: 68
[Task: 68] 
[Task: 68] 2021-09-09 19:03:14.310170
[Task: 68] Number of programs: 9
[Task: 68] Size: 0 Evaluations: 0
[Task: 68] Size: 1 Evaluations: 0
[Task: 68] Size: 2 Evaluations: 10
[Task: 68] Size: 3 Evaluations: 19
[Task: 68] Size: 4 Evaluations: 13
[Task: 68] Benchmark: replace-one-character-with-another.sl
[Task: 68] Result: Success
[Task: 68] Program: _arg_0.replace(" ", "-",-1)
[Task: 68] Number of evaluations: 71
[Task: 68] 2021-09-09 19:03:14.893283
[Task: 68] Time taken: 0:00:00.575850
[Task: 68] 
[Task: 69] Loading bustle model....
[Task: 69] Count: 69
[Task: 69] 
[Task: 69] 2021-09-09 19:03:14.350653
[Task: 69] Number of programs: 8
[Task: 69] Size: 0 Evaluations: 0
[Task: 69] Size: 1 Evaluations: 0
[Task: 69] Size: 2 Evaluations: 14
[Task: 69] Size: 3 Evaluations: 27
[Task: 69] Size: 4 Evaluations: 39
[Task: 69] Benchmark: reverse-name.sl
[Task: 69] Result: Success
[Task: 69] Program: concat(lastname, concat(" ", firstname))
[Task: 69] Number of evaluations: 110
[Task: 69] 2021-09-09 19:03:14.913202
[Task: 69] Time taken: 0:00:00.534555
[Task: 69] 
[Task: 70] Loading bustle model....
[Task: 70] Count: 70
[Task: 70] 
[Task: 70] 2021-09-09 19:03:14.321471
[Task: 70] Number of programs: 13
[Task: 70] Size: 0 Evaluations: 0
[Task: 70] Size: 1 Evaluations: 0
[Task: 70] Size: 2 Evaluations: 15
[Task: 70] Size: 3 Evaluations: 38
[Task: 70] Size: 4 Evaluations: 51
[Task: 70] Size: 5 Evaluations: 225
[Task: 70] Size: 6 Evaluations: 305
[Task: 70] Size: 7 Evaluations: 972
[Task: 70] Size: 8 Evaluations: 1799
[Task: 70] Size: 9 Evaluations: 5360
[Task: 70] Size: 10 Evaluations: 13553
[Task: 70] Size: 11 Evaluations: 38277
[Task: 70] Size: 12 Evaluations: 121842
[Task: 70] Benchmark: stackoverflow10.sl
[Task: 70] Result: Success
[Task: 70] Program: _arg_0[_arg_0.IndexOf(1.IntToStr(),(3 + _arg_0.IndexOf(" "))):][:4]
[Task: 70] Number of evaluations: 312454
[Task: 70] 2021-09-09 19:08:33.805527
[Task: 70] Time taken: 0:05:19.474137
[Task: 70] 
[Task: 71] Loading bustle model....
[Task: 71] Count: 71
[Task: 71] 
[Task: 71] 2021-09-09 20:36:12.421536
[Task: 71] Number of programs: 19
[Task: 71] Size: 0 Evaluations: 0
[Task: 71] Size: 1 Evaluations: 0
[Task: 71] Size: 2 Evaluations: 27
[Task: 71] Size: 3 Evaluations: 186
[Task: 71] Size: 4 Evaluations: 197
[Task: 71] Size: 5 Evaluations: 736
[Task: 71] Size: 6 Evaluations: 4960
[Task: 71] Size: 7 Evaluations: 24245
[Task: 71] Size: 8 Evaluations: 114257
[Task: 71] Size: 9 Evaluations: 646174
[Task: 71] Size: 10 Evaluations: 3247188
[Task: 72] Loading bustle model....
[Task: 72] Count: 72
[Task: 72] 
[Task: 72] 2021-09-09 19:03:14.282516
[Task: 72] Number of programs: 12
[Task: 72] Size: 0 Evaluations: 0
[Task: 72] Size: 1 Evaluations: 0
[Task: 72] Size: 2 Evaluations: 19
[Task: 72] Size: 3 Evaluations: 59
[Task: 72] Size: 4 Evaluations: 61
[Task: 72] Size: 5 Evaluations: 238
[Task: 72] Benchmark: stackoverflow1.sl
[Task: 72] Result: Success
[Task: 72] Program: _arg_0[:_arg_0.IndexOf("Inc")].strip()
[Task: 72] Number of evaluations: 828
[Task: 72] 2021-09-09 19:03:15.013149
[Task: 72] Time taken: 0:00:00.725756
[Task: 72] 
[Task: 73] Loading bustle model....
[Task: 73] Count: 73
[Task: 73] 
[Task: 73] 2021-09-09 19:03:14.385599
[Task: 73] Number of programs: 9
[Task: 73] Size: 0 Evaluations: 0
[Task: 73] Size: 1 Evaluations: 0
[Task: 73] Size: 2 Evaluations: 13
[Task: 73] Size: 3 Evaluations: 18
[Task: 73] Size: 4 Evaluations: 13
[Task: 73] Size: 5 Evaluations: 47
[Task: 73] Size: 6 Evaluations: 59
[Task: 73] Size: 7 Evaluations: 142
[Task: 73] Size: 8 Evaluations: 198
[Task: 73] Size: 9 Evaluations: 558
[Task: 73] Benchmark: stackoverflow2.sl
[Task: 73] Result: Success
[Task: 73] Program: _arg_0[:_arg_0.IndexOf(" ",(-1 - _arg_0.IndexOf(" ")))]
[Task: 73] Number of evaluations: 1409
[Task: 73] 2021-09-09 19:03:15.429011
[Task: 73] Time taken: 0:00:01.033460
[Task: 73] 
[Task: 74] Loading bustle model....
[Task: 74] Count: 74
[Task: 74] 
[Task: 74] 2021-09-09 19:03:14.292761
[Task: 74] Number of programs: 13
[Task: 74] Size: 0 Evaluations: 0
[Task: 74] Size: 1 Evaluations: 0
[Task: 74] Size: 2 Evaluations: 15
[Task: 74] Size: 3 Evaluations: 38
[Task: 74] Size: 4 Evaluations: 62
[Task: 74] Size: 5 Evaluations: 246
[Task: 74] Size: 6 Evaluations: 590
[Task: 74] Size: 7 Evaluations: 2633
[Task: 74] Benchmark: stackoverflow3.sl
[Task: 74] Result: Success
[Task: 74] Program: _arg_0[(3 + _arg_0.IndexOf("9")):].strip()
[Task: 74] Number of evaluations: 6776
[Task: 74] 2021-09-09 19:03:16.703647
[Task: 74] Time taken: 0:00:02.404420
[Task: 74] 
[Task: 75] Loading bustle model....
[Task: 75] Count: 75
[Task: 75] 
[Task: 75] 2021-09-09 19:03:14.296236
[Task: 75] Number of programs: 12
[Task: 75] Size: 0 Evaluations: 0
[Task: 75] Size: 1 Evaluations: 0
[Task: 75] Size: 2 Evaluations: 14
[Task: 75] Size: 3 Evaluations: 45
[Task: 75] Size: 4 Evaluations: 28
[Task: 75] Size: 5 Evaluations: 61
[Task: 75] Size: 6 Evaluations: 44
[Task: 75] Size: 7 Evaluations: 131
[Task: 75] Size: 8 Evaluations: 153
[Task: 75] Size: 9 Evaluations: 365
[Task: 75] Size: 10 Evaluations: 690
[Task: 75] Size: 11 Evaluations: 1187
[Task: 75] Size: 12 Evaluations: 2311
[Task: 75] Size: 13 Evaluations: 3470
[Task: 75] Size: 14 Evaluations: 5769
[Task: 75] Benchmark: stackoverflow4.sl
[Task: 75] Result: Success
[Task: 75] Program: _arg_0.replace(",", " ",-1).replace("<", " ")[:-1]
[Task: 75] Number of evaluations: 18366
[Task: 75] 2021-09-09 19:03:25.683741
[Task: 75] Time taken: 0:00:11.381705
[Task: 75] 
[Task: 76] Loading bustle model....
[Task: 76] Count: 76
[Task: 76] 
[Task: 76] 2021-09-09 19:03:14.300351
[Task: 76] Number of programs: 13
[Task: 76] Size: 0 Evaluations: 0
[Task: 76] Size: 1 Evaluations: 0
[Task: 76] Size: 2 Evaluations: 17
[Task: 76] Size: 3 Evaluations: 63
[Task: 76] Size: 4 Evaluations: 68
[Task: 76] Size: 5 Evaluations: 156
[Task: 76] Size: 6 Evaluations: 465
[Task: 76] Benchmark: stackoverflow5.sl
[Task: 76] Result: Success
[Task: 76] Program: _arg_0[:(-1 + _arg_0.IndexOf("1"))]
[Task: 76] Number of evaluations: 1644
[Task: 76] 2021-09-09 19:03:15.125799
[Task: 76] Time taken: 0:00:00.814301
[Task: 76] 
[Task: 77] Loading bustle model....
[Task: 77] Count: 77
[Task: 77] 
[Task: 77] 2021-09-09 19:03:14.290301
[Task: 77] Number of programs: 10
[Task: 77] Size: 0 Evaluations: 0
[Task: 77] Size: 1 Evaluations: 0
[Task: 77] Size: 2 Evaluations: 13
[Task: 77] Size: 3 Evaluations: 27
[Task: 77] Size: 4 Evaluations: 38
[Task: 77] Size: 5 Evaluations: 127
[Task: 77] Size: 6 Evaluations: 355
[Task: 77] Size: 7 Evaluations: 1167
[Task: 77] Size: 8 Evaluations: 3696
[Task: 77] Size: 9 Evaluations: 12486
[Task: 77] Size: 10 Evaluations: 43018
[Task: 77] Size: 11 Evaluations: 149543
[Task: 77] Benchmark: stackoverflow6.sl
[Task: 77] Result: Success
[Task: 77] Program: _arg_0[concat(" ", _arg_0.replace("=", " ")).IndexOf("="):].strip()
[Task: 77] Number of evaluations: 541623
[Task: 77] 2021-09-09 19:05:14.350963
[Task: 77] Time taken: 0:02:00.054093
[Task: 77] 
[Task: 78] Loading bustle model....
[Task: 78] Count: 78
[Task: 78] 
[Task: 78] 2021-09-09 19:03:14.391012
[Task: 78] Number of programs: 9
[Task: 78] Size: 0 Evaluations: 0
[Task: 78] Size: 1 Evaluations: 0
[Task: 78] Size: 2 Evaluations: 14
[Task: 78] Size: 3 Evaluations: 26
[Task: 78] Size: 4 Evaluations: 27
[Task: 78] Size: 5 Evaluations: 111
[Task: 78] Size: 6 Evaluations: 161
[Task: 78] Size: 7 Evaluations: 391
[Task: 78] Size: 8 Evaluations: 611
[Task: 78] Size: 9 Evaluations: 1267
[Task: 78] Size: 10 Evaluations: 2258
[Task: 78] Benchmark: stackoverflow7.sl
[Task: 78] Result: Success
[Task: 78] Program: _arg_0.replace(_arg_1.strip(), "").strip()
[Task: 78] Number of evaluations: 5673
[Task: 78] 2021-09-09 19:03:17.194263
[Task: 78] Time taken: 0:00:02.793300
[Task: 78] 
[Task: 79] Loading bustle model....
[Task: 79] Count: 79
[Task: 79] 
[Task: 79] 2021-09-09 19:03:14.314565
[Task: 79] Number of programs: 12
[Task: 79] Size: 0 Evaluations: 0
[Task: 79] Size: 1 Evaluations: 0
[Task: 79] Size: 2 Evaluations: 15
[Task: 79] Size: 3 Evaluations: 35
[Task: 79] Size: 4 Evaluations: 48
[Task: 79] Size: 5 Evaluations: 217
[Task: 79] Size: 6 Evaluations: 413
[Task: 79] Size: 7 Evaluations: 2200
[Task: 79] Benchmark: stackoverflow8.sl
[Task: 79] Result: Success
[Task: 79] Program: _arg_0[_arg_0.IndexOf(_arg_0[-1:].upper()):]
[Task: 79] Number of evaluations: 6781
[Task: 79] 2021-09-09 19:03:16.138163
[Task: 79] Time taken: 0:00:01.816743
[Task: 79] 
[Task: 80] Loading bustle model....
[Task: 80] Count: 80
[Task: 80] 
[Task: 80] 2021-09-09 19:03:14.334227
[Task: 80] Number of programs: 8
[Task: 80] Size: 0 Evaluations: 0
[Task: 80] Size: 1 Evaluations: 0
[Task: 80] Size: 2 Evaluations: 11
[Task: 80] Size: 3 Evaluations: 13
[Task: 80] Size: 4 Evaluations: 17
[Task: 80] Size: 5 Evaluations: 52
[Task: 80] Size: 6 Evaluations: 94
[Task: 80] Size: 7 Evaluations: 270
[Task: 80] Size: 8 Evaluations: 533
[Task: 80] Size: 9 Evaluations: 1719
[Task: 80] Size: 10 Evaluations: 3761
[Task: 80] Benchmark: stackoverflow9.sl
[Task: 80] Result: Success
[Task: 80] Program: _arg_0[(1 + _arg_0.replace(" ", "").IndexOf(" ")):].strip()
[Task: 80] Number of evaluations: 10934
[Task: 80] 2021-09-09 19:03:18.610794
[Task: 80] Time taken: 0:00:04.261819
[Task: 80] 
[Task: 81] Loading bustle model....
[Task: 81] Count: 81
[Task: 81] 
[Task: 81] 2021-09-09 19:03:14.386605
[Task: 81] Number of programs: 11
[Task: 81] Size: 0 Evaluations: 0
[Task: 81] Size: 1 Evaluations: 0
[Task: 81] Size: 2 Evaluations: 14
[Task: 81] Size: 3 Evaluations: 31
[Task: 81] Size: 4 Evaluations: 34
[Task: 81] Size: 5 Evaluations: 55
[Task: 81] Size: 6 Evaluations: 59
[Task: 81] Size: 7 Evaluations: 85
[Task: 81] Size: 8 Evaluations: 117
[Task: 81] Size: 9 Evaluations: 195
[Task: 81] Benchmark: strip-html-from-text-or-numbers.sl
[Task: 81] Result: Success
[Task: 81] Program: _arg_0.Substr(_arg_0.IndexOf(0.IntToStr()),_arg_0.IndexOf("<",1))
[Task: 81] Number of evaluations: 925
[Task: 81] 2021-09-09 19:03:15.569080
[Task: 81] Time taken: 0:00:01.159007
[Task: 81] 
[Task: 82] Loading bustle model....
[Task: 82] Count: 82
[Task: 82] 
[Task: 82] 2021-09-09 19:03:14.340565
[Task: 82] Number of programs: 20
[Task: 82] Size: 0 Evaluations: 0
[Task: 82] Size: 1 Evaluations: 0
[Task: 82] Size: 2 Evaluations: 19
[Task: 82] Size: 3 Evaluations: 68
[Task: 82] Size: 4 Evaluations: 94
[Task: 82] Size: 5 Evaluations: 581
[Task: 82] Size: 6 Evaluations: 489
[Task: 82] Size: 7 Evaluations: 2836
[Task: 82] Size: 8 Evaluations: 4115
[Task: 82] Size: 9 Evaluations: 21670
[Task: 82] Size: 10 Evaluations: 81891
[Task: 82] Size: 11 Evaluations: 229735
[Task: 82] Size: 12 Evaluations: 829618
[Task: 82] Size: 13 Evaluations: 2631972
[Task: 82] Benchmark: strip-non-numeric-characters.sl
[Task: 82] Result: Success
[Task: 82] Program: concat(_arg_0[(5 + 9):].replace("%", ""), _arg_0)[:_arg_0.IndexOf(" ")]
[Task: 82] Number of evaluations: 6103380
[Task: 82] 2021-09-09 19:48:19.940014
[Task: 82] Time taken: 0:45:05.583613
[Task: 82] 
[Task: 83] Loading bustle model....
[Task: 83] Count: 83
[Task: 83] 
[Task: 83] 2021-09-09 20:36:12.412973
[Task: 83] Number of programs: 18
[Task: 83] Size: 0 Evaluations: 0
[Task: 83] Size: 1 Evaluations: 0
[Task: 83] Size: 2 Evaluations: 18
[Task: 83] Size: 3 Evaluations: 61
[Task: 83] Size: 4 Evaluations: 60
[Task: 83] Size: 5 Evaluations: 404
[Task: 83] Size: 6 Evaluations: 354
[Task: 83] Size: 7 Evaluations: 2719
[Task: 83] Size: 8 Evaluations: 2158
[Task: 83] Size: 9 Evaluations: 23970
[Task: 83] Size: 10 Evaluations: 34995
[Task: 83] Size: 11 Evaluations: 290368
[Task: 83] Size: 12 Evaluations: 535549
[Task: 83] Size: 13 Evaluations: 5096774
[Task: 84] Loading bustle model....
[Task: 84] Count: 84
[Task: 84] 
[Task: 84] 2021-09-09 19:03:14.360161
[Task: 84] Number of programs: 9
[Task: 84] Size: 0 Evaluations: 0
[Task: 84] Size: 1 Evaluations: 0
[Task: 84] Size: 2 Evaluations: 15
[Task: 84] Size: 3 Evaluations: 37
[Task: 84] Size: 4 Evaluations: 65
[Task: 84] Size: 5 Evaluations: 222
[Task: 84] Size: 6 Evaluations: 508
[Task: 84] Benchmark: univ_1.sl
[Task: 84] Result: Success
[Task: 84] Program: concat(col1, concat(",", concat(" ", col2)))
[Task: 84] Number of evaluations: 877
[Task: 84] 2021-09-09 19:03:15.283574
[Task: 84] Time taken: 0:00:00.909383
[Task: 84] 
[Task: 85] Loading bustle model....
[Task: 85] Count: 85
[Task: 85] 
[Task: 85] 2021-09-09 20:36:12.410093
[Task: 85] Number of programs: 15
[Task: 85] Size: 0 Evaluations: 0
[Task: 85] Size: 1 Evaluations: 0
[Task: 85] Size: 2 Evaluations: 29
[Task: 85] Size: 3 Evaluations: 136
[Task: 85] Size: 4 Evaluations: 93
[Task: 85] Size: 5 Evaluations: 411
[Task: 85] Size: 6 Evaluations: 813
[Task: 85] Size: 7 Evaluations: 1858
[Task: 85] Size: 8 Evaluations: 3965
[Task: 85] Size: 9 Evaluations: 9070
[Task: 85] Size: 10 Evaluations: 19637
[Task: 85] Size: 11 Evaluations: 41746
[Task: 85] Size: 12 Evaluations: 97381
[Task: 85] Size: 13 Evaluations: 210115
[Task: 85] Size: 14 Evaluations: 473071
[Task: 85] Size: 15 Evaluations: 1042559
[Task: 85] Size: 16 Evaluations: 2336065
[Task: 86] Loading bustle model....
[Task: 86] Count: 86
[Task: 86] 
[Task: 86] 2021-09-09 20:36:12.443551
[Task: 86] Number of programs: 15
[Task: 86] Size: 0 Evaluations: 0
[Task: 86] Size: 1 Evaluations: 0
[Task: 86] Size: 2 Evaluations: 29
[Task: 86] Size: 3 Evaluations: 137
[Task: 86] Size: 4 Evaluations: 200
[Task: 86] Size: 5 Evaluations: 994
[Task: 86] Size: 6 Evaluations: 3051
[Task: 86] Size: 7 Evaluations: 9658
[Task: 86] Size: 8 Evaluations: 35011
[Task: 86] Size: 9 Evaluations: 123038
[Task: 86] Size: 10 Evaluations: 443110
[Task: 86] Size: 11 Evaluations: 1692761
[Task: 86] Size: 12 Evaluations: 6138087
[Task: 87] Loading bustle model....
[Task: 87] Count: 87
[Task: 87] 
[Task: 87] 2021-09-09 20:36:12.410572
[Task: 87] Number of programs: 16
[Task: 87] Size: 0 Evaluations: 0
[Task: 87] Size: 1 Evaluations: 0
[Task: 87] Size: 2 Evaluations: 33
[Task: 87] Size: 3 Evaluations: 169
[Task: 87] Size: 4 Evaluations: 236
[Task: 87] Size: 5 Evaluations: 1349
[Task: 87] Size: 6 Evaluations: 4651
[Task: 87] Size: 7 Evaluations: 16038
[Task: 87] Size: 8 Evaluations: 68599
[Task: 87] Size: 9 Evaluations: 295633
[Task: 87] Size: 10 Evaluations: 1140089
[Task: 87] Size: 11 Evaluations: 5228505
[Task: 88] Loading bustle model....
[Task: 88] Count: 88
[Task: 88] 
[Task: 88] 2021-09-09 20:36:12.487806
[Task: 88] Number of programs: 36
[Task: 88] Size: 0 Evaluations: 0
[Task: 88] Size: 1 Evaluations: 0
[Task: 88] Size: 2 Evaluations: 71
[Task: 88] Size: 3 Evaluations: 1007
[Task: 88] Size: 4 Evaluations: 1832
[Task: 88] Size: 5 Evaluations: 5276
[Task: 88] Size: 6 Evaluations: 35739
[Task: 88] Size: 7 Evaluations: 206112
[Task: 88] Size: 8 Evaluations: 1059202
