Loading bustle model....
Count: 0


2021-09-05 09:25:27.882980
Number of programs: 10
Size: 0 Evaluations: 0
Size: 1 Evaluations: 0
Size: 2 Evaluations: 17
Size: 3 Evaluations: 36
Size: 4 Evaluations: 73
Size: 5 Evaluations: 291
Size: 6 Evaluations: 1023
Size: 7 Evaluations: 3725
Benchmark: 11440431.sl
Result: Success
Program: _arg_0.replace("US", "").replace("CAN", "").strip()
Number of evaluations: 14893
2021-09-05 09:25:31.988813
Time taken: 0:00:04.105820



Count: 1


2021-09-05 09:25:32.034093
Number of programs: 10
Size: 0 Evaluations: 0
Size: 1 Evaluations: 0
Size: 2 Evaluations: 12
Size: 3 Evaluations: 20
Size: 4 Evaluations: 57
Size: 5 Evaluations: 150
Size: 6 Evaluations: 520
Size: 7 Evaluations: 1732
Size: 8 Evaluations: 6316
Size: 9 Evaluations: 21651
Size: 10 Evaluations: 84358
Size: 11 Evaluations: 306272
Benchmark: 11604909.sl
Result: Fail
Program: None
Number of evaluations: 421088
2021-09-05 09:30:49.960490
Time taken: 0:05:17.926243



Count: 2


2021-09-05 09:30:50.553779
Number of programs: 9
Size: 0 Evaluations: 0
Size: 1 Evaluations: 0
Size: 2 Evaluations: 10
Size: 3 Evaluations: 17
Size: 4 Evaluations: 28
Size: 5 Evaluations: 87
Size: 6 Evaluations: 194
Size: 7 Evaluations: 696
Size: 8 Evaluations: 1773
Size: 9 Evaluations: 5892
Size: 10 Evaluations: 17836
Size: 11 Evaluations: 58006
Benchmark: 17212077.sl
Result: Fail
Program: None
Number of evaluations: 84539
2021-09-05 09:31:37.993880
Time taken: 0:00:47.439948



Count: 3


2021-09-05 09:31:38.101776
Number of programs: 8
Size: 0 Evaluations: 0
Size: 1 Evaluations: 0
Size: 2 Evaluations: 11
Size: 3 Evaluations: 14
Size: 4 Evaluations: 25
Size: 5 Evaluations: 63
Size: 6 Evaluations: 145
Benchmark: 2171308.sl
Result: Success
Program: _arg_0[:1] + "" + _arg_0[_arg_0.IndexOf(" "):]
Number of evaluations: 558
2021-09-05 09:31:38.490468
Time taken: 0:00:00.388507



Count: 4


2021-09-05 09:31:38.512693
Number of programs: 14
Size: 0 Evaluations: 0
Size: 1 Evaluations: 0
Size: 2 Evaluations: 30
Size: 3 Evaluations: 104
Size: 4 Evaluations: 115
Size: 5 Evaluations: 563
Size: 6 Evaluations: 1896
Size: 7 Evaluations: 4818
Size: 8 Evaluations: 18058
Size: 9 Evaluations: 58961
Benchmark: 25239569.sl
Result: Success
Program: _arg_0.replace("BRD", "Branding").replace("DRS", "Direct Response").replace("LDS", "Leads")
Number of evaluations: 174552
2021-09-05 09:32:13.478013
Time taken: 0:00:34.965284



Count: 5


2021-09-05 09:32:13.587875
Number of programs: 10
Size: 0 Evaluations: 0
Size: 1 Evaluations: 0
Size: 2 Evaluations: 13
Size: 3 Evaluations: 27
Size: 4 Evaluations: 63
Size: 5 Evaluations: 195
Benchmark: 28627624_1.sl
Result: Success
Program: _arg_0[:_arg_0.IndexOf("-")].strip()
Number of evaluations: 715
2021-09-05 09:32:14.010496
Time taken: 0:00:00.422434



Count: 6


2021-09-05 09:32:14.028784
Number of programs: 9
Size: 0 Evaluations: 0
Size: 1 Evaluations: 0
Size: 2 Evaluations: 11
Size: 3 Evaluations: 19
Size: 4 Evaluations: 42
Size: 5 Evaluations: 122
Size: 6 Evaluations: 352
Benchmark: 30732554.sl
Result: Success
Program: _arg_0[:concat(_arg_0, "|").IndexOf("|")]
Number of evaluations: 1312
2021-09-05 09:32:14.544846
Time taken: 0:00:00.516036



Count: 7


2021-09-05 09:32:14.570058
Number of programs: 13
Size: 0 Evaluations: 0
Size: 1 Evaluations: 0
Size: 2 Evaluations: 15
Size: 3 Evaluations: 37
Size: 4 Evaluations: 89
Size: 5 Evaluations: 309
Size: 6 Evaluations: 1135
Size: 7 Evaluations: 4187
Size: 8 Evaluations: 19441
Size: 9 Evaluations: 77441
Size: 10 Evaluations: 381471
Size: 11 Evaluations: 1569690
Benchmark: 31753108.sl
Result: Fail
Program: None
Number of evaluations: 2053815
2021-09-05 09:46:57.683989
Time taken: 0:14:43.113906



Count: 8


2021-09-05 09:46:59.623482
Number of programs: 12
Size: 0 Evaluations: 0
Size: 1 Evaluations: 0
Size: 2 Evaluations: 26
Size: 3 Evaluations: 69
Size: 4 Evaluations: 154
Size: 5 Evaluations: 636
Size: 6 Evaluations: 2737
Size: 7 Evaluations: 10217
Size: 8 Evaluations: 48751
Size: 9 Evaluations: 213064
Size: 10 Evaluations: 962092
Benchmark: 33619752.sl
Result: Success
Program: _arg_0[:concat(_arg_0, " ").IndexOf(" ",(1 + "Company".Length()))]
Number of evaluations: 4750852
2021-09-05 10:13:06.728669
Time taken: 0:26:07.105072



Count: 9


2021-09-05 10:13:12.390859
Number of programs: 10
Size: 0 Evaluations: 0
Size: 1 Evaluations: 0
Size: 2 Evaluations: 16
Size: 3 Evaluations: 33
Size: 4 Evaluations: 67
Size: 5 Evaluations: 223
Benchmark: 34801680.sl
Result: Success
Program: _arg_0[_arg_0.IndexOf(" "):].strip()
Number of evaluations: 838
2021-09-05 10:13:13.721215
Time taken: 0:00:01.328842



Count: 10


2021-09-05 10:13:13.762135
Number of programs: 10
Size: 0 Evaluations: 0
Size: 1 Evaluations: 0
Size: 2 Evaluations: 17
Size: 3 Evaluations: 33
Size: 4 Evaluations: 54
Size: 5 Evaluations: 199
Size: 6 Evaluations: 492
Size: 7 Evaluations: 1171
Size: 8 Evaluations: 3593
Size: 9 Evaluations: 8612
Benchmark: 35016216.sl
Result: Success
Program: _arg_0.replace(_arg_0.lower(), _arg_1)
Number of evaluations: 23159
2021-09-05 10:13:21.477654
Time taken: 0:00:07.715407



Count: 11


2021-09-05 10:13:21.553719
Number of programs: 13
Size: 0 Evaluations: 0
Size: 1 Evaluations: 0
Size: 2 Evaluations: 23
Size: 3 Evaluations: 83
Size: 4 Evaluations: 218
Size: 5 Evaluations: 856
Size: 6 Evaluations: 3824
Size: 7 Evaluations: 14762
Size: 8 Evaluations: 73949
Size: 9 Evaluations: 319042
Size: 10 Evaluations: 1554973
Benchmark: 35744094.sl
Result: Success
Program: (if_arg_0.Contain("windows") then "windows" else (if_arg_0.Contain("microsoft") then "microsoft" else "mac"))
Number of evaluations: 7169535
2021-09-05 10:38:08.985670
Time taken: 0:24:47.431795



Count: 12


2021-09-05 10:38:16.153806
Number of programs: 9
Size: 0 Evaluations: 0
Size: 1 Evaluations: 0
Size: 2 Evaluations: 11
Size: 3 Evaluations: 19
Size: 4 Evaluations: 25
Size: 5 Evaluations: 91
Size: 6 Evaluations: 198
Size: 7 Evaluations: 676
Size: 8 Evaluations: 1894
Size: 9 Evaluations: 6236
Size: 10 Evaluations: 20623
Size: 11 Evaluations: 66254
Benchmark: 36462127.sl
Result: Fail
Program: None
Number of evaluations: 96027
2021-09-05 10:39:02.811871
Time taken: 0:00:46.657889



Count: 13


2021-09-05 10:39:02.888183
Number of programs: 10
Size: 0 Evaluations: 0
Size: 1 Evaluations: 0
Size: 2 Evaluations: 18
Size: 3 Evaluations: 34
Size: 4 Evaluations: 60
Size: 5 Evaluations: 264
Size: 6 Evaluations: 694
Size: 7 Evaluations: 1960
Size: 8 Evaluations: 5933
Benchmark: 37534494.sl
Result: Success
Program: _arg_0.replace(_arg_0.replace(_arg_2.strip(), _arg_1), _arg_1)
Number of evaluations: 16114
2021-09-05 10:39:06.033078
Time taken: 0:00:03.144718



Count: 14


2021-09-05 10:39:06.056546
Number of programs: 9
Size: 0 Evaluations: 0
Size: 1 Evaluations: 0
Size: 2 Evaluations: 13
Size: 3 Evaluations: 27
Size: 4 Evaluations: 57
Size: 5 Evaluations: 172
Size: 6 Evaluations: 661
Size: 7 Evaluations: 1991
Size: 8 Evaluations: 7889
Benchmark: 38664547.sl
Result: Success
Program: _arg_0.replace("that", (ifEqual("that",_arg_0) then "that" else ""))
Number of evaluations: 22762
2021-09-05 10:39:13.830931
Time taken: 0:00:07.774201



Count: 15


2021-09-05 10:39:13.931200
Number of programs: 10
Size: 0 Evaluations: 0
Size: 1 Evaluations: 0
Size: 2 Evaluations: 13
Size: 3 Evaluations: 28
Size: 4 Evaluations: 25
Size: 5 Evaluations: 97
Size: 6 Evaluations: 135
Size: 7 Evaluations: 459
Size: 8 Evaluations: 711
Size: 9 Evaluations: 2233
Size: 10 Evaluations: 4262
Benchmark: 38871714.sl
Result: Success
Program: _arg_0.replace("<", "",-1).replace(">", "",-1)
Number of evaluations: 15210
2021-09-05 10:39:17.737473
Time taken: 0:00:03.806051



Count: 16


2021-09-05 10:39:17.781627
Number of programs: 9
Size: 0 Evaluations: 0
Size: 1 Evaluations: 0
Size: 2 Evaluations: 12
Size: 3 Evaluations: 21
Size: 4 Evaluations: 18
Size: 5 Evaluations: 81
Size: 6 Evaluations: 120
Size: 7 Evaluations: 362
Size: 8 Evaluations: 586
Size: 9 Evaluations: 1927
Size: 10 Evaluations: 3974
Size: 11 Evaluations: 10774
Benchmark: 39060015.sl
Result: Fail
Program: None
Number of evaluations: 17875
2021-09-05 10:39:24.056280
Time taken: 0:00:06.274474



Count: 17


2021-09-05 10:39:24.122749
Number of programs: 9
Size: 0 Evaluations: 0
Size: 1 Evaluations: 0
Size: 2 Evaluations: 14
Size: 3 Evaluations: 24
Size: 4 Evaluations: 46
Size: 5 Evaluations: 149
Size: 6 Evaluations: 477
Size: 7 Evaluations: 1467
Size: 8 Evaluations: 5575
Size: 9 Evaluations: 18644
Benchmark: 41503046.sl
Result: Success
Program: _arg_0[:_arg_0.IndexOf(" ",("ssp.".Length() + "ssp.".Length()))]
Number of evaluations: 77588
2021-09-05 10:39:51.144790
Time taken: 0:00:27.021775



Count: 18


2021-09-05 10:39:51.244484
Number of programs: 17
Size: 0 Evaluations: 0
Size: 1 Evaluations: 0
Size: 2 Evaluations: 28
Size: 3 Evaluations: 153
Size: 4 Evaluations: 156
Size: 5 Evaluations: 562
Size: 6 Evaluations: 2271
Size: 7 Evaluations: 5845
Size: 8 Evaluations: 18776
Size: 9 Evaluations: 50644
Size: 10 Evaluations: 161247
Size: 11 Evaluations: 458697
Benchmark: 43120683.sl
Result: Fail
Program: None
Number of evaluations: 698379
2021-09-05 10:44:46.776555
Time taken: 0:04:55.531924



Count: 19


2021-09-05 10:44:47.423356
Number of programs: 9
Size: 0 Evaluations: 0
Size: 1 Evaluations: 0
Size: 2 Evaluations: 11
Size: 3 Evaluations: 18
Size: 4 Evaluations: 22
Size: 5 Evaluations: 92
Size: 6 Evaluations: 151
Size: 7 Evaluations: 589
Size: 8 Evaluations: 1399
Benchmark: 43606446.sl
Result: Success
Program: _arg_0[:-1][(-1 + (-1 + -1)):]
Number of evaluations: 5544
2021-09-05 10:44:50.341771
Time taken: 0:00:02.918247



Count: 20


2021-09-05 10:44:50.359554
Number of programs: 11
Size: 0 Evaluations: 0
Size: 1 Evaluations: 0
Size: 2 Evaluations: 22
Size: 3 Evaluations: 48
Size: 4 Evaluations: 139
Size: 5 Evaluations: 489
Size: 6 Evaluations: 1551
Size: 7 Evaluations: 4736
Size: 8 Evaluations: 13748
Benchmark: add-a-line-break-with-a-formula.sl
Result: Success
Program: concat(_arg_0, concat("/n", concat(_arg_1, concat("/n", _arg_2))))
Number of evaluations: 21422
2021-09-05 10:44:57.289458
Time taken: 0:00:06.929809



Count: 21


2021-09-05 10:44:57.347467
Number of programs: 10
Size: 0 Evaluations: 0
Size: 1 Evaluations: 0
Size: 2 Evaluations: 13
Size: 3 Evaluations: 35
Size: 4 Evaluations: 62
Benchmark: bikes.sl
Result: Success
Program: name[:(0 - 3)]
Number of evaluations: 215
2021-09-05 10:44:57.570827
Time taken: 0:00:00.223110



Count: 22


2021-09-05 10:44:57.613975
Number of programs: 9
Size: 0 Evaluations: 0
Size: 1 Evaluations: 0
Size: 2 Evaluations: 10
Size: 3 Evaluations: 19
Benchmark: change-negative-numbers-to-positive.sl
Result: Success
Program: _arg_0.replace("-", "")
Number of evaluations: 41
2021-09-05 10:44:57.726973
Time taken: 0:00:00.112982



Count: 23


2021-09-05 10:44:57.774976
Number of programs: 13
Size: 0 Evaluations: 0
Size: 1 Evaluations: 0
Size: 2 Evaluations: 14
Size: 3 Evaluations: 61
Size: 4 Evaluations: 88
Size: 5 Evaluations: 389
Size: 6 Evaluations: 827
Size: 7 Evaluations: 3086
Size: 8 Evaluations: 8402
Size: 9 Evaluations: 28953
Size: 10 Evaluations: 95466
Size: 11 Evaluations: 323163
Benchmark: clean-and-reformat-telephone-numbers.sl
Result: Fail
Program: None
Number of evaluations: 460449
2021-09-05 10:49:40.997651
Time taken: 0:04:43.222652



Count: 24


2021-09-05 10:49:41.333720
Number of programs: 10
Size: 0 Evaluations: 0
Size: 1 Evaluations: 0
Size: 2 Evaluations: 16
Size: 3 Evaluations: 37
Size: 4 Evaluations: 65
Size: 5 Evaluations: 232
Size: 6 Evaluations: 612
Benchmark: create-email-address-from-name.sl
Result: Success
Program: concat(_arg_1.CharAt(0), concat(_arg_0, "_acme.com"))
Number of evaluations: 1533
2021-09-05 10:49:41.914800
Time taken: 0:00:00.580869



Count: 25


2021-09-05 10:49:41.944364
Number of programs: 11
Size: 0 Evaluations: 0
Size: 1 Evaluations: 0
Size: 2 Evaluations: 17
Size: 3 Evaluations: 46
Size: 4 Evaluations: 59
Size: 5 Evaluations: 281
Size: 6 Evaluations: 695
Size: 7 Evaluations: 1705
Size: 8 Evaluations: 5064
Benchmark: create-email-address-with-name-and-domain.sl
Result: Success
Program: concat(_arg_0.CharAt(0), concat(_arg_1, concat("_", _arg_2)))
Number of evaluations: 8884
2021-09-05 10:49:45.286569
Time taken: 0:00:03.342100



Count: 26


2021-09-05 10:49:45.309316
Number of programs: 9
Size: 0 Evaluations: 0
Size: 1 Evaluations: 0
Size: 2 Evaluations: 15
Size: 3 Evaluations: 34
Size: 4 Evaluations: 48
Size: 5 Evaluations: 162
Size: 6 Evaluations: 387
Size: 7 Evaluations: 936
Size: 8 Evaluations: 2576
Benchmark: dr-name.sl
Result: Success
Program: concat("Dr.", concat(" ", name[:name.IndexOf(" ")]))
Number of evaluations: 4668
2021-09-05 10:49:47.270901
Time taken: 0:00:01.961390



Count: 27


2021-09-05 10:49:47.317434
Number of programs: 10
Size: 0 Evaluations: 0
Size: 1 Evaluations: 0
Size: 2 Evaluations: 14
Size: 3 Evaluations: 31
Size: 4 Evaluations: 43
Size: 5 Evaluations: 185
Size: 6 Evaluations: 442
Benchmark: exceljet1.sl
Result: Success
Program: _arg_1[(1 + _arg_1.IndexOf("_")):]
Number of evaluations: 1716
2021-09-05 10:49:47.873934
Time taken: 0:00:00.556385



Count: 28


2021-09-05 10:49:47.885568
Number of programs: 9
Size: 0 Evaluations: 0
Size: 1 Evaluations: 0
Size: 2 Evaluations: 11
Size: 3 Evaluations: 19
Size: 4 Evaluations: 25
Size: 5 Evaluations: 98
Size: 6 Evaluations: 203
Size: 7 Evaluations: 714
Size: 8 Evaluations: 2038
Size: 9 Evaluations: 6717
Benchmark: exceljet2.sl
Result: Success
Program: _arg_0[(-1 + (-1 + -1)):].replace(".", "")
Number of evaluations: 22423
2021-09-05 10:49:54.300867
Time taken: 0:00:06.415216



Count: 29


2021-09-05 10:49:54.339590
Number of programs: 9
Size: 0 Evaluations: 0
Size: 1 Evaluations: 0
Size: 2 Evaluations: 11
Size: 3 Evaluations: 20
Size: 4 Evaluations: 42
Size: 5 Evaluations: 120
Size: 6 Evaluations: 347
Size: 7 Evaluations: 1115
Benchmark: exceljet3.sl
Result: Success
Program: _arg_0[(1 + _arg_0.IndexOf("=")):].strip()
Number of evaluations: 4081
2021-09-05 10:49:55.620025
Time taken: 0:00:01.280260



Count: 30


2021-09-05 10:49:55.645634
Number of programs: 10
Size: 0 Evaluations: 0
Size: 1 Evaluations: 0
Size: 2 Evaluations: 12
Size: 3 Evaluations: 26
Size: 4 Evaluations: 48
Size: 5 Evaluations: 138
Size: 6 Evaluations: 403
Size: 7 Evaluations: 1399
Size: 8 Evaluations: 4481
Benchmark: exceljet4.sl
Result: Success
Program: _arg_0[(1 + (1 + _arg_0.IndexOf("/"))):]
Number of evaluations: 19100
2021-09-05 10:50:00.561175
Time taken: 0:00:04.915421



Count: 31


2021-09-05 10:50:00.606070
Number of programs: 14
Size: 0 Evaluations: 0
Size: 1 Evaluations: 0
Size: 2 Evaluations: 15
Size: 3 Evaluations: 45
Size: 4 Evaluations: 58
Size: 5 Evaluations: 357
Size: 6 Evaluations: 807
Size: 7 Evaluations: 4728
Size: 8 Evaluations: 14966
Size: 9 Evaluations: 80717
Size: 10 Evaluations: 295762
Size: 11 Evaluations: 1510284
Benchmark: extract-word-containing-specific-text.sl
Result: Fail
Program: None
Number of evaluations: 1907739
2021-09-05 11:01:48.230491
Time taken: 0:11:47.624196



Count: 32


2021-09-05 11:01:49.679317
Number of programs: 11
Size: 0 Evaluations: 0
Size: 1 Evaluations: 0
Size: 2 Evaluations: 12
Size: 3 Evaluations: 26
Size: 4 Evaluations: 57
Size: 5 Evaluations: 176
Size: 6 Evaluations: 512
Size: 7 Evaluations: 1843
Size: 8 Evaluations: 6585
Size: 9 Evaluations: 24333
Size: 10 Evaluations: 94429
Size: 11 Evaluations: 358179
Benchmark: extract-word-that-begins-with-specific-character.sl
Result: Fail
Program: None
Number of evaluations: 486152
2021-09-05 11:05:43.751123
Time taken: 0:03:54.071651



Count: 33


2021-09-05 11:05:44.223148
Number of programs: 7
Size: 0 Evaluations: 0
Size: 1 Evaluations: 0
Size: 2 Evaluations: 10
Size: 3 Evaluations: 18
Size: 4 Evaluations: 33
Benchmark: firstname.sl
Result: Success
Program: name[:name.IndexOf(" ")]
Number of evaluations: 117
2021-09-05 11:05:44.657512
Time taken: 0:00:00.434175



Count: 34


2021-09-05 11:05:44.669980
Number of programs: 10
Size: 0 Evaluations: 0
Size: 1 Evaluations: 0
Size: 2 Evaluations: 14
Size: 3 Evaluations: 32
Size: 4 Evaluations: 42
Benchmark: get-domain-from-email-address_2.sl
Result: Success
Program: _arg_1[:_arg_1.IndexOf("_")]
Number of evaluations: 209
2021-09-05 11:05:44.854575
Time taken: 0:00:00.184576



Count: 35


2021-09-05 11:05:44.886527
Number of programs: 11
Size: 0 Evaluations: 0
Size: 1 Evaluations: 0
Size: 2 Evaluations: 13
Size: 3 Evaluations: 30
Size: 4 Evaluations: 37
Size: 5 Evaluations: 195
Size: 6 Evaluations: 268
Size: 7 Evaluations: 1727
Size: 8 Evaluations: 2838
Size: 9 Evaluations: 19037
Size: 10 Evaluations: 38834
Size: 11 Evaluations: 237304
Benchmark: get-domain-name-from-url.sl
Result: Fail
Program: None
Number of evaluations: 300283
2021-09-05 11:07:54.198965
Time taken: 0:02:09.312433



Count: 36


2021-09-05 11:07:54.461210
Number of programs: 8
Size: 0 Evaluations: 0
Size: 1 Evaluations: 0
Size: 2 Evaluations: 11
Size: 3 Evaluations: 14
Size: 4 Evaluations: 29
Benchmark: get-first-name-from-name.sl
Result: Success
Program: _arg_0[:_arg_0.IndexOf(" ")]
Number of evaluations: 99
2021-09-05 11:07:54.640633
Time taken: 0:00:00.179249



Count: 37


2021-09-05 11:07:54.708336
Number of programs: 8
Size: 0 Evaluations: 0
Size: 1 Evaluations: 0
Size: 2 Evaluations: 11
Size: 3 Evaluations: 14
Size: 4 Evaluations: 29
Size: 5 Evaluations: 68
Size: 6 Evaluations: 213
Size: 7 Evaluations: 539
Benchmark: get-first-word.sl
Result: Success
Program: _arg_0[:_arg_0.replace(" ", _arg_0).IndexOf(_arg_0)]
Number of evaluations: 2187
2021-09-05 11:07:55.505008
Time taken: 0:00:00.796625



Count: 38


2021-09-05 11:07:55.530905
Number of programs: 9
Size: 0 Evaluations: 0
Size: 1 Evaluations: 0
Size: 2 Evaluations: 14
Size: 3 Evaluations: 19
Size: 4 Evaluations: 43
Size: 5 Evaluations: 122
Size: 6 Evaluations: 314
Size: 7 Evaluations: 828
Size: 8 Evaluations: 2229
Size: 9 Evaluations: 6215
Size: 10 Evaluations: 17263
Size: 11 Evaluations: 48967
Benchmark: get-last-line-in-cell.sl
Result: Fail
Program: None
Number of evaluations: 76014
2021-09-05 11:08:23.467807
Time taken: 0:00:27.936794



Count: 39


2021-09-05 11:08:23.540562
Number of programs: 8
Size: 0 Evaluations: 0
Size: 1 Evaluations: 0
Size: 2 Evaluations: 11
Size: 3 Evaluations: 14
Size: 4 Evaluations: 29
Size: 5 Evaluations: 65
Benchmark: get-last-name-from-name.sl
Result: Success
Program: _arg_0[_arg_0.IndexOf(" "):].strip()
Number of evaluations: 220
2021-09-05 11:08:23.829663
Time taken: 0:00:00.288918



Count: 40


2021-09-05 11:08:23.863460
Number of programs: 9
Size: 0 Evaluations: 0
Size: 1 Evaluations: 0
Size: 2 Evaluations: 11
Size: 3 Evaluations: 19
Size: 4 Evaluations: 23
Size: 5 Evaluations: 72
Size: 6 Evaluations: 153
Size: 7 Evaluations: 401
Size: 8 Evaluations: 973
Size: 9 Evaluations: 2548
Size: 10 Evaluations: 6656
Size: 11 Evaluations: 17802
Benchmark: get-last-name-from-name-with-comma.sl
Result: Fail
Program: None
Number of evaluations: 28658
2021-09-05 11:08:38.446075
Time taken: 0:00:14.582519



Count: 41


2021-09-05 11:08:38.488963
Number of programs: 8
Size: 0 Evaluations: 0
Size: 1 Evaluations: 0
Size: 2 Evaluations: 10
Size: 3 Evaluations: 13
Size: 4 Evaluations: 20
Size: 5 Evaluations: 58
Size: 6 Evaluations: 140
Size: 7 Evaluations: 397
Size: 8 Evaluations: 1171
Benchmark: get-last-word.sl
Result: Success
Program: _arg_0[(-1 + (-1 + (-1 + -1))):]
Number of evaluations: 4081
2021-09-05 11:08:39.959977
Time taken: 0:00:01.470836



Count: 42


2021-09-05 11:08:40.002021
Number of programs: 8
Size: 0 Evaluations: 0
Size: 1 Evaluations: 0
Size: 2 Evaluations: 10
Size: 3 Evaluations: 14
Size: 4 Evaluations: 22
Size: 5 Evaluations: 58
Size: 6 Evaluations: 132
Size: 7 Evaluations: 372
Size: 8 Evaluations: 1062
Size: 9 Evaluations: 3093
Size: 10 Evaluations: 10056
Size: 11 Evaluations: 29397
Benchmark: get-middle-name-from-full-name.sl
Result: Fail
Program: None
Number of evaluations: 44216
2021-09-05 11:09:11.613951
Time taken: 0:00:31.611772



Count: 43


2021-09-05 11:09:11.674341
Number of programs: 8
Size: 0 Evaluations: 0
Size: 1 Evaluations: 0
Size: 2 Evaluations: 11
Size: 3 Evaluations: 23
Size: 4 Evaluations: 15
Size: 5 Evaluations: 67
Size: 6 Evaluations: 86
Size: 7 Evaluations: 262
Size: 8 Evaluations: 413
Size: 9 Evaluations: 1147
Size: 10 Evaluations: 2265
Size: 11 Evaluations: 5869
Benchmark: initials.sl
Result: Fail
Program: None
Number of evaluations: 10158
2021-09-05 11:09:16.901296
Time taken: 0:00:05.226776



Count: 44


2021-09-05 11:09:16.917752
Number of programs: 11
Size: 0 Evaluations: 0
Size: 1 Evaluations: 0
Size: 2 Evaluations: 17
Size: 3 Evaluations: 45
Size: 4 Evaluations: 71
Size: 5 Evaluations: 337
Size: 6 Evaluations: 809
Size: 7 Evaluations: 2455
Size: 8 Evaluations: 6869
Size: 9 Evaluations: 17697
Size: 10 Evaluations: 47770
Size: 11 Evaluations: 120499
Benchmark: join-cells-with-comma.sl
Result: Fail
Program: None
Number of evaluations: 196569
2021-09-05 11:10:44.634556
Time taken: 0:01:27.716633



Count: 45


2021-09-05 11:10:44.744206
Number of programs: 9
Size: 0 Evaluations: 0
Size: 1 Evaluations: 0
Size: 2 Evaluations: 13
Size: 3 Evaluations: 24
Size: 4 Evaluations: 38
Benchmark: join-first-and-last-name.sl
Result: Success
Program: concat(_arg_0, concat(" ", _arg_1))
Number of evaluations: 88
2021-09-05 11:10:44.920514
Time taken: 0:00:00.176139



Count: 46


2021-09-05 11:10:44.955084
Number of programs: 6
Size: 0 Evaluations: 0
Size: 1 Evaluations: 0
Size: 2 Evaluations: 9
Size: 3 Evaluations: 12
Size: 4 Evaluations: 23
Size: 5 Evaluations: 49
Benchmark: lastname.sl
Result: Success
Program: name[name.IndexOf(" "):].strip()
Number of evaluations: 185
2021-09-05 11:10:45.239918
Time taken: 0:00:00.284767



Count: 47


2021-09-05 11:10:45.298247
Number of programs: 10
Size: 0 Evaluations: 0
Size: 1 Evaluations: 0
Size: 2 Evaluations: 15
Size: 3 Evaluations: 39
Size: 4 Evaluations: 80
Size: 5 Evaluations: 319
Size: 6 Evaluations: 1023
Size: 7 Evaluations: 3465
Benchmark: most-frequently-occurring-text.sl
Result: Success
Program: _arg_0.replace(_arg_0.replace(_arg_1.strip(), " "), _arg_2)
Number of evaluations: 11669
2021-09-05 11:10:48.027578
Time taken: 0:00:02.729323



Count: 48


2021-09-05 11:10:48.088981
Number of programs: 9
Size: 0 Evaluations: 0
Size: 1 Evaluations: 0
Size: 2 Evaluations: 15
Size: 3 Evaluations: 36
Size: 4 Evaluations: 45
Size: 5 Evaluations: 158
Size: 6 Evaluations: 353
Size: 7 Evaluations: 850
Size: 8 Evaluations: 2169
Benchmark: name-combine-2.sl
Result: Success
Program: concat(firstname, concat(" ", concat(lastname.CharAt(0), ".")))
Number of evaluations: 3861
2021-09-05 11:10:49.934558
Time taken: 0:00:01.845294



Count: 49


2021-09-05 11:10:49.963522
Number of programs: 9
Size: 0 Evaluations: 0
Size: 1 Evaluations: 0
Size: 2 Evaluations: 15
Size: 3 Evaluations: 36
Size: 4 Evaluations: 46
Size: 5 Evaluations: 170
Size: 6 Evaluations: 403
Size: 7 Evaluations: 1068
Size: 8 Evaluations: 2921
Benchmark: name-combine-3.sl
Result: Success
Program: concat(firstname.CharAt(0), concat(".", concat(" ", lastname)))
Number of evaluations: 5451
2021-09-05 11:10:52.615559
Time taken: 0:00:02.651932



Count: 50


2021-09-05 11:10:52.658199
Number of programs: 10
Size: 0 Evaluations: 0
Size: 1 Evaluations: 0
Size: 2 Evaluations: 16
Size: 3 Evaluations: 45
Size: 4 Evaluations: 50
Size: 5 Evaluations: 197
Size: 6 Evaluations: 441
Size: 7 Evaluations: 1177
Size: 8 Evaluations: 2967
Size: 9 Evaluations: 7105
Size: 10 Evaluations: 17649
Benchmark: name-combine-4.sl
Result: Success
Program: concat(lastname, concat(",", concat(" ", concat(firstname.CharAt(0), "."))))
Number of evaluations: 32752
2021-09-05 11:11:09.362615
Time taken: 0:00:16.704269



Count: 51


2021-09-05 11:11:09.402492
Number of programs: 8
Size: 0 Evaluations: 0
Size: 1 Evaluations: 0
Size: 2 Evaluations: 14
Size: 3 Evaluations: 27
Size: 4 Evaluations: 47
Benchmark: name-combine.sl
Result: Success
Program: concat(firstname, concat(" ", lastname))
Number of evaluations: 103
2021-09-05 11:11:09.600121
Time taken: 0:00:00.197458



Count: 52


2021-09-05 11:11:09.629121
Number of programs: 15
Size: 0 Evaluations: 0
Size: 1 Evaluations: 0
Size: 2 Evaluations: 16
Size: 3 Evaluations: 81
Size: 4 Evaluations: 108
Size: 5 Evaluations: 746
Size: 6 Evaluations: 1626
Size: 7 Evaluations: 11682
Size: 8 Evaluations: 33201
Size: 9 Evaluations: 196855
Size: 10 Evaluations: 682695
Benchmark: phone-10.sl
Result: Success
Program: name.replace(" ", concat(" ", "(")).replace("-", concat(")", " "))
Number of evaluations: 2536351
2021-09-05 11:27:33.154462
Time taken: 0:16:23.525381



Count: 53


2021-09-05 11:27:36.380833
Number of programs: 10
Size: 0 Evaluations: 0
Size: 1 Evaluations: 0
Size: 2 Evaluations: 11
Size: 3 Evaluations: 35
Size: 4 Evaluations: 70
Benchmark: phone-1.sl
Result: Success
Program: name[4:][:3]
Number of evaluations: 252
2021-09-05 11:27:37.577229
Time taken: 0:00:01.196231



Count: 54


2021-09-05 11:27:37.593528
Number of programs: 10
Size: 0 Evaluations: 0
Size: 1 Evaluations: 0
Size: 2 Evaluations: 11
Size: 3 Evaluations: 35
Size: 4 Evaluations: 70
Benchmark: phone-2.sl
Result: Success
Program: name[(3 + 5):]
Number of evaluations: 261
2021-09-05 11:27:37.818934
Time taken: 0:00:00.225392



Count: 55


2021-09-05 11:27:37.845301
Number of programs: 13
Size: 0 Evaluations: 0
Size: 1 Evaluations: 0
Size: 2 Evaluations: 14
Size: 3 Evaluations: 55
Size: 4 Evaluations: 83
Size: 5 Evaluations: 470
Size: 6 Evaluations: 994
Size: 7 Evaluations: 6977
Benchmark: phone-3.sl
Result: Success
Program: concat("(", name.replace("-", concat(")", " ")))
Number of evaluations: 9581
2021-09-05 11:27:42.714791
Time taken: 0:00:04.869415



Count: 56


2021-09-05 11:27:42.789928
Number of programs: 14
Size: 0 Evaluations: 0
Size: 1 Evaluations: 0
Size: 2 Evaluations: 15
Size: 3 Evaluations: 66
Size: 4 Evaluations: 117
Benchmark: phone-4.sl
Result: Success
Program: name.replace("-", ".",2)
Number of evaluations: 630
2021-09-05 11:27:43.070123
Time taken: 0:00:00.280015



Count: 57


2021-09-05 11:27:43.123880
Number of programs: 13
Size: 0 Evaluations: 0
Size: 1 Evaluations: 0
Size: 2 Evaluations: 14
Size: 3 Evaluations: 57
Size: 4 Evaluations: 108
Size: 5 Evaluations: 465
Benchmark: phone-5.sl
Result: Success
Program: name.Substr(1,name.IndexOf(" "))
Number of evaluations: 1277
2021-09-05 11:27:43.645229
Time taken: 0:00:00.521249



Count: 58


2021-09-05 11:27:43.649288
Number of programs: 13
Size: 0 Evaluations: 0
Size: 1 Evaluations: 0
Size: 2 Evaluations: 14
Size: 3 Evaluations: 57
Size: 4 Evaluations: 120
Size: 5 Evaluations: 544
Size: 6 Evaluations: 1615
Size: 7 Evaluations: 9019
Benchmark: phone-6.sl
Result: Success
Program: name[name.IndexOf(" "):].Substr(1,4)
Number of evaluations: 31633
2021-09-05 11:27:53.359676
Time taken: 0:00:09.710332



Count: 59


2021-09-05 11:27:53.405372
Number of programs: 13
Size: 0 Evaluations: 0
Size: 1 Evaluations: 0
Size: 2 Evaluations: 14
Size: 3 Evaluations: 57
Size: 4 Evaluations: 119
Size: 5 Evaluations: 532
Size: 6 Evaluations: 1566
Size: 7 Evaluations: 8827
Benchmark: phone-7.sl
Result: Success
Program: name[name.IndexOf("-"):].Substr(1,4)
Number of evaluations: 31151
2021-09-05 11:28:02.966583
Time taken: 0:00:09.561048



Count: 60


2021-09-05 11:28:03.004670
Number of programs: 13
Size: 0 Evaluations: 0
Size: 1 Evaluations: 0
Size: 2 Evaluations: 14
Size: 3 Evaluations: 57
Size: 4 Evaluations: 119
Benchmark: phone-8.sl
Result: Success
Program: name[(0 - 3):]
Number of evaluations: 560
2021-09-05 11:28:03.273714
Time taken: 0:00:00.268823



Count: 61


2021-09-05 11:28:03.286424
Number of programs: 13
Size: 0 Evaluations: 0
Size: 1 Evaluations: 0
Size: 2 Evaluations: 14
Size: 3 Evaluations: 57
Size: 4 Evaluations: 113
Size: 5 Evaluations: 428
Size: 6 Evaluations: 1147
Size: 7 Evaluations: 4681
Size: 8 Evaluations: 14524
Size: 9 Evaluations: 59566
Benchmark: phone-9.sl
Result: Success
Program: name[1:].replace("-", ".",2).replace(" ", ".")
Number of evaluations: 182515
2021-09-05 11:29:14.294539
Time taken: 0:01:11.008087



Count: 62


2021-09-05 11:29:14.493068
Number of programs: 10
Size: 0 Evaluations: 0
Size: 1 Evaluations: 0
Size: 2 Evaluations: 11
Benchmark: phone.sl
Result: Success
Program: name[:3]
Number of evaluations: 24
2021-09-05 11:29:14.549457
Time taken: 0:00:00.056216



Count: 63


2021-09-05 11:29:14.577853
Number of programs: 9
Size: 0 Evaluations: 0
Size: 1 Evaluations: 0
Size: 2 Evaluations: 11
Size: 3 Evaluations: 20
Size: 4 Evaluations: 41
Benchmark: remove-file-extension-from-filename.sl
Result: Success
Program: _arg_0[:_arg_0.IndexOf(".")]
Number of evaluations: 150
2021-09-05 11:29:14.766860
Time taken: 0:00:00.189026



Count: 64


2021-09-05 11:29:14.831982
Number of programs: 8
Size: 0 Evaluations: 0
Size: 1 Evaluations: 0
Size: 2 Evaluations: 11
Size: 3 Evaluations: 14
Size: 4 Evaluations: 31
Size: 5 Evaluations: 84
Size: 6 Evaluations: 216
Size: 7 Evaluations: 592
Size: 8 Evaluations: 1593
Size: 9 Evaluations: 4160
Size: 10 Evaluations: 11775
Benchmark: remove-leading-and-trailing-spaces-from-text.sl
Result: Success
Program: _arg_0.replace(concat(" ", " "), "").replace(concat(" ", " "), " ")
Number of evaluations: 35111
2021-09-05 11:29:25.422402
Time taken: 0:00:10.590344



Count: 65


2021-09-05 11:29:25.462723
Number of programs: 9
Size: 0 Evaluations: 0
Size: 1 Evaluations: 0
Size: 2 Evaluations: 10
Size: 3 Evaluations: 19
Size: 4 Evaluations: 36
Benchmark: remove-text-by-matching.sl
Result: Success
Program: _arg_0.replace("-", "",-1)
Number of evaluations: 160
2021-09-05 11:29:25.653675
Time taken: 0:00:00.190766



Count: 66


2021-09-05 11:29:25.668627
Number of programs: 9
Size: 0 Evaluations: 0
Size: 1 Evaluations: 0
Size: 2 Evaluations: 11
Size: 3 Evaluations: 18
Size: 4 Evaluations: 23
Size: 5 Evaluations: 75
Size: 6 Evaluations: 203
Size: 7 Evaluations: 616
Size: 8 Evaluations: 1867
Size: 9 Evaluations: 5890
Size: 10 Evaluations: 19579
Size: 11 Evaluations: 63993
Benchmark: remove-text-by-position.sl
Result: Fail
Program: None
Number of evaluations: 92275
2021-09-05 11:30:11.859128
Time taken: 0:00:46.190504



Count: 67


2021-09-05 11:30:11.998026
Number of programs: 9
Size: 0 Evaluations: 0
Size: 1 Evaluations: 0
Size: 2 Evaluations: 12
Size: 3 Evaluations: 21
Size: 4 Evaluations: 35
Size: 5 Evaluations: 110
Benchmark: remove-unwanted-characters.sl
Result: Success
Program: _arg_0.replace(_arg_1.strip(), "",-1)
Number of evaluations: 398
2021-09-05 11:30:12.354032
Time taken: 0:00:00.355790



Count: 68


2021-09-05 11:30:12.365155
Number of programs: 9
Size: 0 Evaluations: 0
Size: 1 Evaluations: 0
Size: 2 Evaluations: 10
Size: 3 Evaluations: 19
Size: 4 Evaluations: 33
Benchmark: replace-one-character-with-another.sl
Result: Success
Program: _arg_0.replace(" ", "-",-1)
Number of evaluations: 147
2021-09-05 11:30:12.559058
Time taken: 0:00:00.193897



Count: 69


2021-09-05 11:30:12.576930
Number of programs: 8
Size: 0 Evaluations: 0
Size: 1 Evaluations: 0
Size: 2 Evaluations: 14
Size: 3 Evaluations: 29
Size: 4 Evaluations: 58
Benchmark: reverse-name.sl
Result: Success
Program: concat(lastname, concat(" ", firstname))
Number of evaluations: 130
2021-09-05 11:30:12.772246
Time taken: 0:00:00.195310



Count: 70


2021-09-05 11:30:12.807372
Number of programs: 13
Size: 0 Evaluations: 0
Size: 1 Evaluations: 0
Size: 2 Evaluations: 15
Size: 3 Evaluations: 38
Size: 4 Evaluations: 115
Size: 5 Evaluations: 380
Size: 6 Evaluations: 1640
Size: 7 Evaluations: 6399
Size: 8 Evaluations: 31030
Size: 9 Evaluations: 131071
Size: 10 Evaluations: 661936
Size: 11 Evaluations: 2962506
Benchmark: stackoverflow10.sl
Result: Fail
Program: None
Number of evaluations: 3795130
2021-09-05 13:01:57.420394
Time taken: 1:31:44.612984



Count: 71


2021-09-05 13:02:07.738431
Number of programs: 19
Size: 0 Evaluations: 0
Size: 1 Evaluations: 0
Size: 2 Evaluations: 27
Size: 3 Evaluations: 187
Size: 4 Evaluations: 229
Size: 5 Evaluations: 1316
Size: 6 Evaluations: 7881
Size: 7 Evaluations: 38431
Benchmark: stackoverflow11.sl
Result: Success
Program: _arg_0[(1 + _arg_0.IndexOf("_")):].strip()
Number of evaluations: 224857
2021-09-05 13:02:32.278870
Time taken: 0:00:24.540266



Count: 72


2021-09-05 13:02:32.413133
Number of programs: 12
Size: 0 Evaluations: 0
Size: 1 Evaluations: 0
Size: 2 Evaluations: 19
Size: 3 Evaluations: 60
Size: 4 Evaluations: 105
Size: 5 Evaluations: 509
Benchmark: stackoverflow1.sl
Result: Success
Program: _arg_0[:_arg_0.IndexOf("Inc")].strip()
Number of evaluations: 2014
2021-09-05 13:02:32.882585
Time taken: 0:00:00.469285



Count: 73


2021-09-05 13:02:32.930622
Number of programs: 9
Size: 0 Evaluations: 0
Size: 1 Evaluations: 0
Size: 2 Evaluations: 13
Size: 3 Evaluations: 18
Size: 4 Evaluations: 37
Size: 5 Evaluations: 108
Size: 6 Evaluations: 315
Size: 7 Evaluations: 884
Size: 8 Evaluations: 3128
Size: 9 Evaluations: 9257
Benchmark: stackoverflow2.sl
Result: Success
Program: _arg_0[:(-1 - ("in".Length() + "in".Length()))].strip()
Number of evaluations: 34105
2021-09-05 13:02:41.441240
Time taken: 0:00:08.510466



Count: 74


2021-09-05 13:02:41.504552
Number of programs: 13
Size: 0 Evaluations: 0
Size: 1 Evaluations: 0
Size: 2 Evaluations: 15
Size: 3 Evaluations: 38
Size: 4 Evaluations: 81
Size: 5 Evaluations: 299
Size: 6 Evaluations: 953
Size: 7 Evaluations: 4074
Benchmark: stackoverflow3.sl
Result: Success
Program: _arg_0[(3 + _arg_0.IndexOf("9")):].strip()
Number of evaluations: 14609
2021-09-05 13:02:44.569515
Time taken: 0:00:03.064671



Count: 75


2021-09-05 13:02:44.603532
Number of programs: 12
Size: 0 Evaluations: 0
Size: 1 Evaluations: 0
Size: 2 Evaluations: 14
Size: 3 Evaluations: 46
Size: 4 Evaluations: 49
Size: 5 Evaluations: 98
Size: 6 Evaluations: 234
Size: 7 Evaluations: 594
Size: 8 Evaluations: 1296
Size: 9 Evaluations: 3644
Benchmark: stackoverflow4.sl
Result: Success
Program: _arg_0[:-1].replace(",", " ",-1).replace("<", " ")
Number of evaluations: 10118
2021-09-05 13:02:47.456307
Time taken: 0:00:02.852625



Count: 76


2021-09-05 13:02:47.490838
Number of programs: 13
Size: 0 Evaluations: 0
Size: 1 Evaluations: 0
Size: 2 Evaluations: 17
Size: 3 Evaluations: 63
Size: 4 Evaluations: 103
Size: 5 Evaluations: 411
Size: 6 Evaluations: 1741
Benchmark: stackoverflow5.sl
Result: Success
Program: _arg_0[:(-1 + _arg_0.IndexOf("1"))]
Number of evaluations: 8121
2021-09-05 13:02:48.490702
Time taken: 0:00:00.999687



Count: 77


2021-09-05 13:02:48.574589
Number of programs: 10
Size: 0 Evaluations: 0
Size: 1 Evaluations: 0
Size: 2 Evaluations: 13
Size: 3 Evaluations: 28
Size: 4 Evaluations: 49
Size: 5 Evaluations: 187
Size: 6 Evaluations: 576
Size: 7 Evaluations: 2048
Size: 8 Evaluations: 7385
Size: 9 Evaluations: 27704
Benchmark: stackoverflow6.sl
Result: Success
Program: _arg_0[(1 + _arg_0.IndexOf(concat("=", " "))):].strip()
Number of evaluations: 111390
2021-09-05 13:03:10.504174
Time taken: 0:00:21.929352



Count: 78


2021-09-05 13:03:10.552837
Number of programs: 9
Size: 0 Evaluations: 0
Size: 1 Evaluations: 0
Size: 2 Evaluations: 14
Size: 3 Evaluations: 27
Size: 4 Evaluations: 33
Size: 5 Evaluations: 130
Size: 6 Evaluations: 231
Size: 7 Evaluations: 561
Size: 8 Evaluations: 1047
Size: 9 Evaluations: 2567
Size: 10 Evaluations: 5759
Benchmark: stackoverflow7.sl
Result: Success
Program: _arg_0.replace(_arg_1.strip(), "").strip()
Number of evaluations: 14509
2021-09-05 13:03:14.816121
Time taken: 0:00:04.263139



Count: 79


2021-09-05 13:03:14.848196
Number of programs: 12
Size: 0 Evaluations: 0
Size: 1 Evaluations: 0
Size: 2 Evaluations: 15
Size: 3 Evaluations: 34
Size: 4 Evaluations: 64
Size: 5 Evaluations: 250
Size: 6 Evaluations: 764
Size: 7 Evaluations: 2993
Benchmark: stackoverflow8.sl
Result: Success
Program: _arg_0[_arg_0.IndexOf(_arg_0[-1:].upper()):]
Number of evaluations: 12884
2021-09-05 13:03:17.048450
Time taken: 0:00:02.200034



Count: 80


2021-09-05 13:03:17.066594
Number of programs: 8
Size: 0 Evaluations: 0
Size: 1 Evaluations: 0
Size: 2 Evaluations: 11
Size: 3 Evaluations: 13
Size: 4 Evaluations: 27
Size: 5 Evaluations: 68
Size: 6 Evaluations: 212
Size: 7 Evaluations: 530
Size: 8 Evaluations: 1906
Size: 9 Evaluations: 5120
Size: 10 Evaluations: 19062
Benchmark: stackoverflow9.sl
Result: Success
Program: _arg_0[(1 + _arg_0.replace(" ", "").IndexOf(" ")):].strip()
Number of evaluations: 60807
2021-09-05 13:03:33.649656
Time taken: 0:00:16.582900



Count: 81


2021-09-05 13:03:33.718413
Number of programs: 11
Size: 0 Evaluations: 0
Size: 1 Evaluations: 0
Size: 2 Evaluations: 14
Size: 3 Evaluations: 31
Size: 4 Evaluations: 50
Size: 5 Evaluations: 160
Size: 6 Evaluations: 508
Size: 7 Evaluations: 1825
Size: 8 Evaluations: 6331
Size: 9 Evaluations: 22688
Benchmark: strip-html-from-text-or-numbers.sl
Result: Success
Program: _arg_0.Substr(_arg_0.IndexOf(0.IntToStr()),_arg_0.IndexOf("<",1))
Number of evaluations: 97446
2021-09-05 13:03:57.063822
Time taken: 0:00:23.345199



Count: 82


2021-09-05 13:03:57.143560
Number of programs: 20
Size: 0 Evaluations: 0
Size: 1 Evaluations: 0
Size: 2 Evaluations: 19
Size: 3 Evaluations: 68
Size: 4 Evaluations: 201
Size: 5 Evaluations: 971
Size: 6 Evaluations: 4297
Size: 7 Evaluations: 21773
Size: 8 Evaluations: 115219
Size: 9 Evaluations: 641943
Size: 10 Evaluations: 3682238
Size: 11 Evaluations: 20324049
Benchmark: strip-non-numeric-characters.sl
Result: Fail
Program: None
Number of evaluations: 24790778
2021-09-05 16:23:21.934843
Time taken: 3:19:24.791149



Count: 83


2021-09-05 16:23:51.446069
Number of programs: 18
Size: 0 Evaluations: 0
Size: 1 Evaluations: 0
Size: 2 Evaluations: 18
Size: 3 Evaluations: 62
Size: 4 Evaluations: 110
Size: 5 Evaluations: 609
Size: 6 Evaluations: 753
Size: 7 Evaluations: 8545
Size: 8 Evaluations: 15454
Size: 9 Evaluations: 92531
Size: 10 Evaluations: 233888
Size: 11 Evaluations: 1200536
Benchmark: strip-numeric-characters-from-cell.sl
Result: Fail
Program: None
Number of evaluations: 1552506
2021-09-05 16:34:34.401462
Time taken: 0:10:42.955124



Count: 84


2021-09-05 16:34:36.009867
Number of programs: 9
Size: 0 Evaluations: 0
Size: 1 Evaluations: 0
Size: 2 Evaluations: 15
Size: 3 Evaluations: 37
Size: 4 Evaluations: 72
Size: 5 Evaluations: 287
Size: 6 Evaluations: 710
Benchmark: univ_1.sl
Result: Success
Program: concat(col1, concat(",", concat(" ", col2)))
Number of evaluations: 1199
2021-09-05 16:34:36.705174
Time taken: 0:00:00.695128



Count: 85


2021-09-05 16:34:36.744305
Number of programs: 15
Size: 0 Evaluations: 0
Size: 1 Evaluations: 0
Size: 2 Evaluations: 29
Size: 3 Evaluations: 138
Size: 4 Evaluations: 222
Size: 5 Evaluations: 928
Size: 6 Evaluations: 3859
Size: 7 Evaluations: 11640
Size: 8 Evaluations: 45342
Size: 9 Evaluations: 159718
Size: 10 Evaluations: 554999
Size: 11 Evaluations: 2073636
Benchmark: univ_2.sl
Result: Fail
Program: None
Number of evaluations: 2850511
2021-09-05 16:58:55.009271
Time taken: 0:24:18.264749

Loading bustle model....
Count: 86


2021-09-05 19:41:44.918829
Number of programs: 15
Size: 0 Evaluations: 0
Size: 1 Evaluations: 0
Size: 2 Evaluations: 29
Size: 3 Evaluations: 138
Size: 4 Evaluations: 344
Size: 5 Evaluations: 1697
Size: 6 Evaluations: 7931
Size: 7 Evaluations: 31383
Size: 8 Evaluations: 171657
Size: 9 Evaluations: 701463
Size: 10 Evaluations: 3755849
Benchmark: univ_3.sl
Result: Fail
Program: None
Number of evaluations: 4670491
2021-09-05 20:28:11.705121
Time taken: 0:46:26.786272



Count: 87


2021-09-05 20:28:16.831964
Number of programs: 16
Size: 0 Evaluations: 0
Size: 1 Evaluations: 0
Size: 2 Evaluations: 33
Size: 3 Evaluations: 169
Size: 4 Evaluations: 440
Size: 5 Evaluations: 2137
Size: 6 Evaluations: 10852
Size: 7 Evaluations: 43727
Size: 8 Evaluations: 248822
Size: 9 Evaluations: 1098617
Size: 10 Evaluations: 5740661
Benchmark: univ_4.sl
Result: Fail
Program: None
Number of evaluations: 7145458
2021-09-05 21:45:47.267193
Time taken: 1:17:30.435299



Count: 88


2021-09-05 21:45:56.796942
Number of programs: 36
Size: 0 Evaluations: 0
Size: 1 Evaluations: 0
Size: 2 Evaluations: 71
Size: 3 Evaluations: 1007
Size: 4 Evaluations: 3303
Size: 5 Evaluations: 30464
Size: 6 Evaluations: 204476
Size: 7 Evaluations: 1243731
Size: 8 Evaluations: 11887238
Benchmark: univ_5.sl
Result: Fail
Program: None
Number of evaluations: 13370290
2021-09-06 07:45:56.796942
Time taken: 10:00:00.796942
