[Task: 1] Loading bustle model....
[Task: 0] Loading bustle model....
[Task: 1] Count: 1
[Task: 1] 

[Task: 0] Count: 0
[Task: 0] 

[Task: 1] 2022-07-17 01:20:13.796493
[Task: 0] 2022-07-17 01:20:13.796587
[Task: 1] Number of programs: 183
[Task: 0] Number of programs: 184
[Task: 1] Size: 0 Evaluations: 0
[Task: 1] Size: 1 Evaluations: 0
[Task: 0] Size: 0 Evaluations: 0
[Task: 0] Size: 1 Evaluations: 0
[Task: 1] Size: 2 Evaluations: 271
[Task: 0] Size: 2 Evaluations: 272
[Task: 1] Size: 3 Evaluations: 27069
[Task: 0] Size: 3 Evaluations: 27398
[Task: 1] Size: 4 Evaluations: 2595
[Task: 0] Size: 4 Evaluations: 2128
[Task: 0] Size: 5 Evaluations: 2043
[Task: 1] Size: 5 Evaluations: 4871
[Task: 2] Loading bustle model....
[Task: 2] Count: 2
[Task: 2] 

[Task: 2] 2022-07-17 01:23:54.214141
[Task: 2] Number of programs: 188
[Task: 2] Size: 0 Evaluations: 0
[Task: 2] Size: 1 Evaluations: 0
[Task: 2] Size: 2 Evaluations: 281
[Task: 11] Loading bustle model....
[Task: 10] Loading bustle model....
[Task: 3] Loading bustle model....
[Task: 6] Loading bustle model....
[Task: 5] Loading bustle model....
[Task: 4] Loading bustle model....
[Task: 11] Count: 11
[Task: 10] Count: 10
[Task: 11] 

[Task: 10] 

[Task: 11] 2022-07-17 01:24:01.577403
[Task: 10] 2022-07-17 01:24:01.577484
[Task: 11] Number of programs: 183
[Task: 10] Number of programs: 183
[Task: 11] Size: 0 Evaluations: 0
[Task: 11] Size: 1 Evaluations: 0
[Task: 10] Size: 0 Evaluations: 0
[Task: 10] Size: 1 Evaluations: 0
[Task: 11] Size: 2 Evaluations: 271
[Task: 10] Size: 2 Evaluations: 271
[Task: 4] Count: 4
[Task: 3] Count: 3
[Task: 5] Count: 5
[Task: 6] Count: 6
[Task: 4] 

[Task: 3] 

[Task: 5] 

[Task: 6] 

[Task: 4] 2022-07-17 01:24:02.318046
[Task: 3] 2022-07-17 01:24:02.318053
[Task: 6] 2022-07-17 01:24:02.318285
[Task: 5] 2022-07-17 01:24:02.318291
[Task: 4] Number of programs: 183
[Task: 3] Number of programs: 183
[Task: 6] Number of programs: 184
[Task: 5] Number of programs: 184
[Task: 4] Size: 0 Evaluations: 0
[Task: 3] Size: 0 Evaluations: 0
[Task: 6] Size: 0 Evaluations: 0
[Task: 4] Size: 1 Evaluations: 0
[Task: 5] Size: 0 Evaluations: 0
[Task: 3] Size: 1 Evaluations: 0
[Task: 6] Size: 1 Evaluations: 0
[Task: 5] Size: 1 Evaluations: 0
[Task: 3] Size: 2 Evaluations: 272
[Task: 6] Size: 2 Evaluations: 275
[Task: 4] Size: 2 Evaluations: 272
[Task: 5] Size: 2 Evaluations: 275
[Task: 5] Benchmark: containsString
[Task: 5] Result: Success
[Task: 5] Program: arg_0.Contain(arg_1)
[Task: 5] Number of evaluations: 120857
[Task: 5] 2022-07-17 01:24:04.631495
[Task: 5] Time taken: 0:00:02.313190
[Task: 5] 


[Task: 2] Size: 3 Evaluations: 28750
[Task: 2] Size: 4 Evaluations: 3611
[Task: 11] Size: 3 Evaluations: 27068
[Task: 10] Size: 3 Evaluations: 27068
[Task: 3] Size: 3 Evaluations: 27076
[Task: 4] Size: 3 Evaluations: 27065
[Task: 6] Size: 3 Evaluations: 27422
[Task: 11] Size: 4 Evaluations: 1708
[Task: 10] Size: 4 Evaluations: 1712
[Task: 2] Size: 5 Evaluations: 2755
[Task: 7] Loading bustle model....
[Task: 9] Loading bustle model....
[Task: 8] Loading bustle model....
[Task: 3] Size: 4 Evaluations: 6806
[Task: 4] Size: 4 Evaluations: 6664
[Task: 11] Size: 5 Evaluations: 1416
[Task: 9] Count: 9
[Task: 8] Count: 8
[Task: 7] Count: 7
[Task: 9] 

[Task: 8] 

[Task: 7] 

[Task: 9] 2022-07-17 01:24:16.999581
[Task: 8] 2022-07-17 01:24:16.999683
[Task: 7] 2022-07-17 01:24:16.999725
[Task: 9] Number of programs: 183
[Task: 9] Size: 0 Evaluations: 0
[Task: 8] Number of programs: 187
[Task: 7] Number of programs: 184
[Task: 9] Size: 1 Evaluations: 0
[Task: 8] Size: 0 Evaluations: 0
[Task: 7] Size: 0 Evaluations: 0
[Task: 8] Size: 1 Evaluations: 0
[Task: 7] Size: 1 Evaluations: 0
[Task: 8] Size: 2 Evaluations: 281
[Task: 9] Size: 2 Evaluations: 271
[Task: 7] Size: 2 Evaluations: 275
[Task: 10] Size: 5 Evaluations: 2692
[Task: 3] Size: 5 Evaluations: 9688
[Task: 6] Size: 4 Evaluations: 12135
[Task: 4] Size: 5 Evaluations: 9954
[Task: 2] Size: 6 Evaluations: 6590
[Task: 3] Size: 6 Evaluations: 10759
[Task: 9] Size: 3 Evaluations: 27071
[Task: 8] Size: 3 Evaluations: 28413
[Task: 7] Size: 3 Evaluations: 27414
[Task: 9] Size: 4 Evaluations: 1695
[Task: 4] Size: 6 Evaluations: 16210
[Task: 0] Size: 6 Evaluations: 624253
[Task: 9] Size: 5 Evaluations: 2702
[Task: 8] Size: 4 Evaluations: 12679
[Task: 7] Size: 4 Evaluations: 5497
[Task: 8] Size: 5 Evaluations: 11283
[Task: 7] Size: 5 Evaluations: 50327
[Task: 8] Size: 6 Evaluations: 56340
[Task: 11] Size: 6 Evaluations: 335424
[Task: 11] Size: 7 Evaluations: 8991
[Task: 9] Size: 6 Evaluations: 395687
[Task: 9] Size: 7 Evaluations: 12734
[Task: 6] Size: 5 Evaluations: 368747
[Task: 1] Size: 6 Evaluations: 980464
[Task: 2] Size: 7 Evaluations: 455077
[Task: 21] Loading bustle model....
[Task: 18] Loading bustle model....
[Task: 19] Loading bustle model....
[Task: 17] Loading bustle model....
[Task: 20] Loading bustle model....
[Task: 21] Count: 21
[Task: 20] Count: 20
[Task: 18] Count: 18
[Task: 19] Count: 19
[Task: 21] 

[Task: 20] 

[Task: 18] 

[Task: 19] 

[Task: 17] Count: 17
[Task: 17] 

[Task: 21] 2022-07-17 01:27:45.393417
[Task: 20] 2022-07-17 01:27:45.393468
[Task: 18] 2022-07-17 01:27:45.393470
[Task: 19] 2022-07-17 01:27:45.393541
[Task: 17] 2022-07-17 01:27:45.393644
[Task: 21] Number of programs: 183
[Task: 20] Number of programs: 183
[Task: 18] Number of programs: 183
[Task: 21] Size: 0 Evaluations: 0
[Task: 19] Number of programs: 184
[Task: 20] Size: 0 Evaluations: 0
[Task: 18] Size: 0 Evaluations: 0
[Task: 21] Size: 1 Evaluations: 0
[Task: 20] Size: 1 Evaluations: 0
[Task: 19] Size: 0 Evaluations: 0
[Task: 18] Size: 1 Evaluations: 0
[Task: 17] Number of programs: 188
[Task: 19] Size: 1 Evaluations: 0
[Task: 17] Size: 0 Evaluations: 0
[Task: 17] Size: 1 Evaluations: 0
[Task: 20] Size: 2 Evaluations: 272
[Task: 21] Size: 2 Evaluations: 272
[Task: 18] Size: 2 Evaluations: 271
[Task: 19] Size: 2 Evaluations: 275
[Task: 17] Size: 2 Evaluations: 279
[Task: 10] Size: 6 Evaluations: 576597
[Task: 16] Loading bustle model....
[Task: 15] Loading bustle model....
[Task: 12] Loading bustle model....
[Task: 14] Loading bustle model....
[Task: 13] Loading bustle model....
[Task: 16] Count: 16
[Task: 16] 

[Task: 16] 2022-07-17 01:27:47.206203
[Task: 16] Number of programs: 184
[Task: 16] Size: 0 Evaluations: 0
[Task: 16] Size: 1 Evaluations: 0
[Task: 16] Size: 2 Evaluations: 275
[Task: 14] Count: 14
[Task: 15] Count: 15
[Task: 13] Count: 13
[Task: 12] Count: 12
[Task: 14] 

[Task: 15] 

[Task: 13] 

[Task: 12] 

[Task: 15] 2022-07-17 01:27:47.712027
[Task: 14] 2022-07-17 01:27:47.712038
[Task: 13] 2022-07-17 01:27:47.712044
[Task: 12] 2022-07-17 01:27:47.712062
[Task: 15] Number of programs: 185
[Task: 14] Number of programs: 184
[Task: 13] Number of programs: 184
[Task: 12] Number of programs: 184
[Task: 15] Size: 0 Evaluations: 0
[Task: 14] Size: 0 Evaluations: 0
[Task: 13] Size: 0 Evaluations: 0
[Task: 12] Size: 0 Evaluations: 0
[Task: 15] Size: 1 Evaluations: 0
[Task: 14] Size: 1 Evaluations: 0
[Task: 13] Size: 1 Evaluations: 0
[Task: 12] Size: 1 Evaluations: 0
[Task: 15] Size: 2 Evaluations: 276
[Task: 12] Size: 2 Evaluations: 273
[Task: 14] Size: 2 Evaluations: 275
[Task: 13] Size: 2 Evaluations: 273
[Task: 21] Size: 3 Evaluations: 27063
[Task: 18] Size: 3 Evaluations: 27069
[Task: 19] Size: 3 Evaluations: 27404
[Task: 17] Size: 3 Evaluations: 28736
[Task: 20] Size: 3 Evaluations: 27072
[Task: 14] Size: 3 Evaluations: 27414
[Task: 16] Size: 3 Evaluations: 27409
[Task: 12] Size: 3 Evaluations: 27403
[Task: 13] Size: 3 Evaluations: 27404
[Task: 15] Size: 3 Evaluations: 27732
[Task: 21] Size: 4 Evaluations: 3582
[Task: 18] Size: 4 Evaluations: 1935
[Task: 20] Size: 4 Evaluations: 1714
[Task: 17] Size: 4 Evaluations: 4114
[Task: 19] Size: 4 Evaluations: 5937
[Task: 12] Size: 4 Evaluations: 5462
[Task: 15] Size: 4 Evaluations: 4145
[Task: 13] Size: 4 Evaluations: 5570
[Task: 14] Size: 4 Evaluations: 9461
[Task: 16] Size: 4 Evaluations: 9360
[Task: 21] Size: 5 Evaluations: 546
[Task: 14] Size: 5 Evaluations: 712
[Task: 12] Size: 5 Evaluations: 458
[Task: 20] Size: 5 Evaluations: 3309
[Task: 14] Benchmark: firstNameSecondColumn
[Task: 14] Result: Success
[Task: 14] Program: arg_1.Substr(0,arg_1.IndexOf(" "))
[Task: 14] Number of evaluations: 1014301
[Task: 14] 2022-07-17 01:28:06.221254
[Task: 14] Time taken: 0:00:18.509214
[Task: 14] 


[Task: 15] Size: 5 Evaluations: 2204
[Task: 16] Size: 5 Evaluations: 748
[Task: 13] Size: 5 Evaluations: 668
[Task: 18] Size: 5 Evaluations: 9454
[Task: 11] Size: 8 Evaluations: 312538
[Task: 19] Size: 5 Evaluations: 14966
[Task: 3] Size: 7 Evaluations: 753635
[Task: 17] Size: 5 Evaluations: 36893
[Task: 9] Size: 8 Evaluations: 437018
[Task: 21] Size: 6 Evaluations: 370257
[Task: 10] Benchmark: dateTransformation2
[Task: 10] Result: Success
[Task: 10] Program: arg_0.replace("-", "/").replace("-", "/")
[Task: 10] Number of evaluations: 10568030
[Task: 10] 2022-07-17 01:30:10.569324
[Task: 10] Time taken: 0:06:08.991892
[Task: 10] 


[Task: 12] Size: 6 Evaluations: 532178
[Task: 15] Size: 6 Evaluations: 541341
[Task: 13] Size: 6 Evaluations: 534759
[Task: 4] Size: 7 Evaluations: 1044133
[Task: 12] Size: 7 Evaluations: 13953
[Task: 8] Size: 7 Evaluations: 1001285
[Task: 21] Size: 7 Evaluations: 142682
[Task: 30] Loading bustle model....
[Task: 28] Loading bustle model....
[Task: 27] Loading bustle model....
[Task: 29] Loading bustle model....
[Task: 25] Loading bustle model....
[Task: 31] Loading bustle model....
[Task: 26] Loading bustle model....
[Task: 30] Count: 30
[Task: 25] Count: 25
[Task: 30] 

[Task: 28] Count: 28
[Task: 27] Count: 27
[Task: 25] 

[Task: 28] 

[Task: 27] 

[Task: 29] Count: 29
[Task: 29] 

[Task: 31] Count: 31
[Task: 27] 2022-07-17 01:31:34.304313
[Task: 31] 

[Task: 30] 2022-07-17 01:31:34.304336
[Task: 25] 2022-07-17 01:31:34.304357
[Task: 28] 2022-07-17 01:31:34.304391
[Task: 29] 2022-07-17 01:31:34.304525
[Task: 26] Count: 26
[Task: 26] 

[Task: 27] Number of programs: 185
[Task: 31] 2022-07-17 01:31:34.304731
[Task: 30] Number of programs: 186
[Task: 25] Number of programs: 183
[Task: 28] Number of programs: 185
[Task: 27] Size: 0 Evaluations: 0
[Task: 30] Size: 0 Evaluations: 0
[Task: 27] Size: 1 Evaluations: 0
[Task: 25] Size: 0 Evaluations: 0
[Task: 28] Size: 0 Evaluations: 0
[Task: 29] Number of programs: 184
[Task: 30] Size: 1 Evaluations: 0
[Task: 25] Size: 1 Evaluations: 0
[Task: 28] Size: 1 Evaluations: 0
[Task: 26] 2022-07-17 01:31:34.305004
[Task: 29] Size: 0 Evaluations: 0
[Task: 29] Size: 1 Evaluations: 0
[Task: 31] Number of programs: 186
[Task: 31] Size: 0 Evaluations: 0
[Task: 31] Size: 1 Evaluations: 0
[Task: 26] Number of programs: 185
[Task: 26] Size: 0 Evaluations: 0
[Task: 26] Size: 1 Evaluations: 0
[Task: 26] Size: 2 Evaluations: 277
[Task: 28] Size: 2 Evaluations: 277
[Task: 27] Size: 2 Evaluations: 276
[Task: 31] Size: 2 Evaluations: 279
[Task: 25] Size: 2 Evaluations: 272
[Task: 30] Size: 2 Evaluations: 279
[Task: 29] Size: 2 Evaluations: 275
[Task: 23] Loading bustle model....
[Task: 22] Loading bustle model....
[Task: 24] Loading bustle model....
[Task: 23] Count: 23
[Task: 23] 

[Task: 23] 2022-07-17 01:31:40.461094
[Task: 22] Count: 22
[Task: 22] 

[Task: 23] Number of programs: 184
[Task: 22] 2022-07-17 01:31:40.461545
[Task: 23] Size: 0 Evaluations: 0
[Task: 23] Size: 1 Evaluations: 0
[Task: 22] Number of programs: 184
[Task: 22] Size: 0 Evaluations: 0
[Task: 22] Size: 1 Evaluations: 0
[Task: 24] Count: 24
[Task: 24] 

[Task: 24] 2022-07-17 01:31:40.463182
[Task: 24] Number of programs: 187
[Task: 24] Size: 0 Evaluations: 0
[Task: 24] Size: 1 Evaluations: 0
[Task: 22] Size: 2 Evaluations: 275
[Task: 23] Size: 2 Evaluations: 274
[Task: 24] Size: 2 Evaluations: 281
[Task: 27] Size: 3 Evaluations: 27718
[Task: 27] Benchmark: replaceInUrl
[Task: 27] Result: Success
[Task: 27] Program: arg_0.replace("com", "org")
[Task: 27] Number of evaluations: 199248
[Task: 27] 2022-07-17 01:31:43.093914
[Task: 27] Time taken: 0:00:08.789594
[Task: 27] 


[Task: 26] Size: 3 Evaluations: 27747
[Task: 28] Size: 3 Evaluations: 27731
[Task: 25] Size: 3 Evaluations: 27078
[Task: 29] Size: 3 Evaluations: 27415
[Task: 30] Size: 3 Evaluations: 28076
[Task: 31] Size: 3 Evaluations: 28086
[Task: 23] Size: 3 Evaluations: 27403
[Task: 22] Size: 3 Evaluations: 27411
[Task: 24] Size: 3 Evaluations: 28427
[Task: 30] Size: 4 Evaluations: 7779
[Task: 25] Size: 4 Evaluations: 7805
[Task: 31] Size: 4 Evaluations: 8654
[Task: 26] Size: 4 Evaluations: 13911
[Task: 13] Size: 7 Evaluations: 15230
[Task: 28] Size: 4 Evaluations: 13223
[Task: 23] Size: 4 Evaluations: 5945
[Task: 29] Size: 4 Evaluations: 12070
[Task: 30] Size: 5 Evaluations: 2246
[Task: 22] Size: 4 Evaluations: 6402
[Task: 13] Benchmark: extractUrl2
[Task: 13] Result: Success
[Task: 13] Program: arg_0.Substr(arg_0.IndexOf("/",8),"9999999".StrToInt())
[Task: 13] Number of evaluations: 7775586
[Task: 13] 2022-07-17 01:31:56.513607
[Task: 13] Time taken: 0:04:08.801553
[Task: 13] 


[Task: 22] Benchmark: prefixRemainder
[Task: 22] Result: Success
[Task: 22] Program: arg_0.Substr(arg_1.Length(),15)
[Task: 22] Number of evaluations: 742339
[Task: 22] 2022-07-17 01:31:56.938974
[Task: 22] Time taken: 0:00:16.477437
[Task: 22] 


[Task: 31] Size: 5 Evaluations: 2315
[Task: 24] Size: 4 Evaluations: 8794
[Task: 30] Benchmark: stringEqual
[Task: 30] Result: Success
[Task: 30] Program: (ifEqual(arg_0,arg_1) then "yes" else "no")
[Task: 30] Number of evaluations: 1346592
[Task: 30] 2022-07-17 01:32:07.939712
[Task: 30] Time taken: 0:00:33.635358
[Task: 30] 


[Task: 23] Size: 5 Evaluations: 7399
[Task: 24] Size: 5 Evaluations: 14312
[Task: 3] Size: 8 Evaluations: 646653
[Task: 15] Size: 7 Evaluations: 195960
[Task: 25] Size: 5 Evaluations: 55603
[Task: 17] Size: 6 Evaluations: 471464
[Task: 28] Size: 5 Evaluations: 73078
[Task: 29] Size: 5 Evaluations: 70636
[Task: 26] Size: 5 Evaluations: 138055
[Task: 11] Size: 9 Evaluations: 216772
[Task: 12] Size: 8 Evaluations: 130183
[Task: 3] Size: 9 Evaluations: 246749
[Task: 9] Size: 9 Evaluations: 376437
[Task: 23] Size: 6 Evaluations: 606415
[Task: 35] Loading bustle model....
[Task: 36] Loading bustle model....
[Task: 32] Loading bustle model....
[Task: 34] Loading bustle model....
[Task: 33] Loading bustle model....
[Task: 37] Loading bustle model....
[Task: 37] Count: 37
[Task: 36] Count: 36
[Task: 34] Count: 34
[Task: 33] Count: 33
[Task: 37] 

[Task: 36] 

[Task: 34] 

[Task: 33] 

[Task: 35] Count: 35
[Task: 35] 

[Task: 37] 2022-07-17 01:35:23.322940
[Task: 36] 2022-07-17 01:35:23.322946
[Task: 34] 2022-07-17 01:35:23.322987
[Task: 33] 2022-07-17 01:35:23.323067
[Task: 35] 2022-07-17 01:35:23.323136
[Task: 37] Number of programs: 183
[Task: 36] Number of programs: 183
[Task: 34] Number of programs: 183
[Task: 37] Size: 0 Evaluations: 0
[Task: 36] Size: 0 Evaluations: 0
[Task: 33] Number of programs: 184
[Task: 34] Size: 0 Evaluations: 0
[Task: 37] Size: 1 Evaluations: 0
[Task: 36] Size: 1 Evaluations: 0
[Task: 35] Number of programs: 184
[Task: 34] Size: 1 Evaluations: 0
[Task: 33] Size: 0 Evaluations: 0
[Task: 35] Size: 0 Evaluations: 0
[Task: 33] Size: 1 Evaluations: 0
[Task: 32] Count: 32
[Task: 35] Size: 1 Evaluations: 0
[Task: 32] 

[Task: 32] 2022-07-17 01:35:23.324019
[Task: 32] Number of programs: 183
[Task: 32] Size: 0 Evaluations: 0
[Task: 32] Size: 1 Evaluations: 0
[Task: 34] Size: 2 Evaluations: 272
[Task: 32] Size: 2 Evaluations: 272
[Task: 37] Size: 2 Evaluations: 272
[Task: 33] Size: 2 Evaluations: 275
[Task: 36] Size: 2 Evaluations: 272
[Task: 35] Size: 2 Evaluations: 273
[Task: 32] Benchmark: stringLength
[Task: 32] Result: Success
[Task: 32] Program: arg_0.Length().IntToStr()
[Task: 32] Number of evaluations: 27906
[Task: 32] 2022-07-17 01:35:23.948585
[Task: 32] Time taken: 0:00:00.624572
[Task: 32] 


[Task: 36] Size: 3 Evaluations: 27085
[Task: 37] Size: 3 Evaluations: 27079
[Task: 34] Size: 3 Evaluations: 27068
[Task: 33] Size: 3 Evaluations: 27417
[Task: 35] Size: 3 Evaluations: 27408
[Task: 19] Size: 6 Evaluations: 845159
[Task: 36] Size: 4 Evaluations: 5912
[Task: 34] Size: 4 Evaluations: 5306
[Task: 37] Size: 4 Evaluations: 8041
[Task: 33] Size: 4 Evaluations: 6948
[Task: 35] Size: 4 Evaluations: 8104
[Task: 34] Size: 5 Evaluations: 7226
[Task: 37] Size: 5 Evaluations: 10100
[Task: 36] Size: 5 Evaluations: 27097
[Task: 33] Size: 5 Evaluations: 17152
[Task: 18] Size: 6 Evaluations: 1169409
[Task: 20] Size: 6 Evaluations: 1135128
[Task: 35] Size: 5 Evaluations: 43463
[Task: 8] Size: 8 Evaluations: 641996
[Task: 28] Benchmark: secondStringIfFirstIsNone
[Task: 28] Result: Success
[Task: 28] Program: (ifEqual("NONE",arg_0) then arg_1 else arg_0)
[Task: 28] Number of evaluations: 11571109
[Task: 28] 2022-07-17 01:37:24.915357
[Task: 28] Time taken: 0:05:50.610964
[Task: 28] 


[Task: 24] Size: 6 Evaluations: 875596
[Task: 23] Size: 7 Evaluations: 289531
[Task: 34] Size: 6 Evaluations: 516436
[Task: 31] Size: 6 Evaluations: 1149471
[Task: 37] Size: 6 Evaluations: 652313
[Task: 7] Size: 6 Evaluations: 1811287
[Task: 36] Size: 6 Evaluations: 857895
[Task: 24] Size: 7 Evaluations: 192996
[Task: 37] Size: 7 Evaluations: 159981
[Task: 34] Size: 7 Evaluations: 480551
[Task: 17] Size: 7 Evaluations: 706572
[Task: 34] Benchmark: swapCase
[Task: 34] Result: Success
[Task: 34] Program: (ifarg_0.Contain("a") then arg_0.upper() else arg_0.lower())
[Task: 34] Number of evaluations: 8081101
[Task: 34] 2022-07-17 01:43:07.956370
[Task: 34] Time taken: 0:07:44.633384
[Task: 34] 


[Task: 33] Size: 6 Evaluations: 1224267
[Task: 33] Benchmark: suffixRemainder
[Task: 33] Result: Success
[Task: 33] Program: arg_0.Substr(0,(0 - arg_1.Length()))
[Task: 33] Number of evaluations: 18469062
[Task: 33] 2022-07-17 01:50:17.423486
[Task: 33] Time taken: 0:14:54.100428
[Task: 33] 


[Task: 16] Size: 6 Evaluations: 674190
[Task: 12] Size: 9 Evaluations: 733689
[Task: 16] Size: 7 Evaluations: 48045
[Task: 0] Size: 7 Evaluations: 651770
[Task: 0] Benchmark: addDecimal
[Task: 0] Result: Success
[Task: 0] Program: concat(arg_0, (ifarg_0.Contain(".") then "" else ".0"))
[Task: 0] Number of evaluations: 12817143
[Task: 0] 2022-07-17 01:57:29.533377
[Task: 0] Time taken: 0:37:15.736818
[Task: 0] 


[Task: 6] Size: 6 Evaluations: 2092978
[Task: 31] Size: 7 Evaluations: 1082100
[Task: 20] Size: 7 Evaluations: 2017865
[Task: 25] Size: 6 Evaluations: 2647755
[Task: 26] Size: 6 Evaluations: 3046406
[Task: 16] Size: 8 Evaluations: 584702
[Task: 2] Size: 8 Evaluations: 1166965
[Task: 6] Benchmark: containsStringIgnoreCase
[Task: 6] Result: Success
[Task: 6] Program: arg_0.lower().Contain(arg_1.lower())
[Task: 6] Number of evaluations: 190115972
[Task: 6] 2022-07-17 02:49:04.278042
[Task: 6] Time taken: 1:25:01.959786
[Task: 6] 


[Task: 16] Size: 9 Evaluations: 2126273
