[Task: 3] Loading bustle model....
[Task: 0] Loading bustle model....
[Task: 2] Loading bustle model....
[Task: 1] Loading bustle model....
[Task: 3] Count: 3
[Task: 1] Count: 1
[Task: 0] Count: 0
[Task: 2] Count: 2
[Task: 3] 

[Task: 1] 

[Task: 0] 

[Task: 2] 

[Task: 3] 2022-07-17 01:35:23.322930
[Task: 1] 2022-07-17 01:35:23.322985
[Task: 0] 2022-07-17 01:35:23.323004
[Task: 2] 2022-07-17 01:35:23.323063
[Task: 3] Number of programs: 183
[Task: 1] Number of programs: 183
[Task: 0] Number of programs: 184
[Task: 3] Size: 0 Evaluations: 0
[Task: 2] Number of programs: 188
[Task: 1] Size: 0 Evaluations: 0
[Task: 3] Size: 1 Evaluations: 0
[Task: 0] Size: 0 Evaluations: 0
[Task: 2] Size: 0 Evaluations: 0
[Task: 1] Size: 1 Evaluations: 0
[Task: 0] Size: 1 Evaluations: 0
[Task: 2] Size: 1 Evaluations: 0
[Task: 3] Size: 2 Evaluations: 272
[Task: 2] Size: 2 Evaluations: 281
[Task: 1] Size: 2 Evaluations: 271
[Task: 0] Size: 2 Evaluations: 272
[Task: 3] Size: 3 Evaluations: 27076
[Task: 1] Size: 3 Evaluations: 27069
[Task: 0] Size: 3 Evaluations: 27398
[Task: 2] Size: 3 Evaluations: 28750
[Task: 3] Size: 4 Evaluations: 6806
[Task: 1] Size: 4 Evaluations: 2600
[Task: 0] Size: 4 Evaluations: 2128
[Task: 2] Size: 4 Evaluations: 3614
[Task: 0] Size: 5 Evaluations: 2356
[Task: 3] Size: 5 Evaluations: 9700
[Task: 2] Size: 5 Evaluations: 4421
[Task: 1] Size: 5 Evaluations: 7304
[Task: 3] Size: 6 Evaluations: 11796
[Task: 0] Size: 6 Evaluations: 19144
[Task: 2] Size: 6 Evaluations: 7341
[Task: 2] Size: 7 Evaluations: 9095
[Task: 1] Size: 6 Evaluations: 90345
[Task: 0] Size: 7 Evaluations: 102493
[Task: 3] Size: 7 Evaluations: 204192
[Task: 4] Loading bustle model....
[Task: 4] Count: 4
[Task: 4] 

[Task: 4] 2022-07-17 01:39:02.669742
[Task: 4] Number of programs: 183
[Task: 4] Size: 0 Evaluations: 0
[Task: 4] Size: 1 Evaluations: 0
[Task: 5] Loading bustle model....
[Task: 4] Size: 2 Evaluations: 272
[Task: 5] Count: 5
[Task: 5] 

[Task: 5] 2022-07-17 01:39:03.111093
[Task: 5] Number of programs: 184
[Task: 5] Size: 0 Evaluations: 0
[Task: 5] Size: 1 Evaluations: 0
[Task: 13] Loading bustle model....
[Task: 5] Size: 2 Evaluations: 275
[Task: 13] Count: 13
[Task: 13] 

[Task: 13] 2022-07-17 01:39:03.526796
[Task: 13] Number of programs: 184
[Task: 13] Size: 0 Evaluations: 0
[Task: 13] Size: 1 Evaluations: 0
[Task: 13] Size: 2 Evaluations: 273
[Task: 7] Loading bustle model....
[Task: 9] Loading bustle model....
[Task: 8] Loading bustle model....
[Task: 6] Loading bustle model....
[Task: 9] Count: 9
[Task: 9] 

[Task: 9] 2022-07-17 01:39:04.296401
[Task: 9] Number of programs: 183
[Task: 9] Size: 0 Evaluations: 0
[Task: 9] Size: 1 Evaluations: 0
[Task: 8] Count: 8
[Task: 8] 

[Task: 8] 2022-07-17 01:39:04.297448
[Task: 8] Number of programs: 187
[Task: 8] Size: 0 Evaluations: 0
[Task: 8] Size: 1 Evaluations: 0
[Task: 6] Count: 6
[Task: 6] 

[Task: 6] 2022-07-17 01:39:04.298465
[Task: 6] Number of programs: 184
[Task: 6] Size: 0 Evaluations: 0
[Task: 6] Size: 1 Evaluations: 0
[Task: 7] Count: 7
[Task: 7] 

[Task: 7] 2022-07-17 01:39:04.300469
[Task: 7] Number of programs: 184
[Task: 7] Size: 0 Evaluations: 0
[Task: 7] Size: 1 Evaluations: 0
[Task: 8] Size: 2 Evaluations: 281
[Task: 6] Size: 2 Evaluations: 275
[Task: 9] Size: 2 Evaluations: 271
[Task: 7] Size: 2 Evaluations: 275
[Task: 5] Benchmark: containsString
[Task: 5] Result: Success
[Task: 5] Program: arg_0.Contain(arg_1)
[Task: 5] Number of evaluations: 120845
[Task: 5] 2022-07-17 01:39:05.269982
[Task: 5] Time taken: 0:00:02.158885
[Task: 5] 


[Task: 12] Loading bustle model....
[Task: 12] Count: 12
[Task: 12] 

[Task: 12] 2022-07-17 01:39:07.269530
[Task: 12] Number of programs: 184
[Task: 12] Size: 0 Evaluations: 0
[Task: 12] Size: 1 Evaluations: 0
[Task: 12] Size: 2 Evaluations: 273
[Task: 11] Loading bustle model....
[Task: 10] Loading bustle model....
[Task: 11] Count: 11
[Task: 11] 

[Task: 10] Count: 10
[Task: 10] 

[Task: 11] 2022-07-17 01:39:09.557304
[Task: 10] 2022-07-17 01:39:09.557547
[Task: 11] Number of programs: 183
[Task: 11] Size: 0 Evaluations: 0
[Task: 11] Size: 1 Evaluations: 0
[Task: 10] Number of programs: 183
[Task: 10] Size: 0 Evaluations: 0
[Task: 10] Size: 1 Evaluations: 0
[Task: 11] Size: 2 Evaluations: 271
[Task: 10] Size: 2 Evaluations: 271
[Task: 3] Size: 8 Evaluations: 252399
[Task: 4] Size: 3 Evaluations: 27065
[Task: 9] Size: 3 Evaluations: 27071
[Task: 13] Size: 3 Evaluations: 27404
[Task: 8] Size: 3 Evaluations: 28413
[Task: 6] Size: 3 Evaluations: 27422
[Task: 7] Size: 3 Evaluations: 27414
[Task: 9] Size: 4 Evaluations: 1712
[Task: 4] Size: 4 Evaluations: 6664
[Task: 12] Size: 3 Evaluations: 27403
[Task: 13] Size: 4 Evaluations: 5570
[Task: 11] Size: 3 Evaluations: 27068
[Task: 10] Size: 3 Evaluations: 27068
[Task: 7] Size: 4 Evaluations: 5212
[Task: 8] Size: 4 Evaluations: 12340
[Task: 9] Size: 5 Evaluations: 5955
[Task: 11] Size: 4 Evaluations: 1708
[Task: 12] Size: 4 Evaluations: 5442
[Task: 6] Size: 4 Evaluations: 11039
[Task: 10] Size: 4 Evaluations: 1730
[Task: 13] Size: 5 Evaluations: 668
[Task: 4] Size: 5 Evaluations: 10259
[Task: 12] Size: 5 Evaluations: 315
[Task: 11] Size: 5 Evaluations: 1406
[Task: 7] Size: 5 Evaluations: 7312
[Task: 8] Size: 5 Evaluations: 10746
[Task: 4] Size: 6 Evaluations: 13079
[Task: 11] Size: 6 Evaluations: 4462
[Task: 10] Size: 5 Evaluations: 11173
[Task: 9] Size: 6 Evaluations: 9864
[Task: 8] Size: 6 Evaluations: 16802
[Task: 6] Size: 5 Evaluations: 2049
[Task: 8] Size: 7 Evaluations: 89190
[Task: 6] Size: 6 Evaluations: 44734
[Task: 10] Size: 6 Evaluations: 101908
[Task: 2] Size: 8 Evaluations: 689394
[Task: 4] Size: 7 Evaluations: 177307
[Task: 11] Size: 7 Evaluations: 334435
[Task: 11] Size: 8 Evaluations: 32581
[Task: 9] Size: 7 Evaluations: 411486
[Task: 9] Size: 8 Evaluations: 68278
[Task: 13] Size: 6 Evaluations: 534759
[Task: 12] Size: 6 Evaluations: 531808
[Task: 10] Benchmark: dateTransformation2
[Task: 10] Result: Success
[Task: 10] Program: arg_0.replace("-", "/").replace("-", "/")
[Task: 10] Number of evaluations: 9645610
[Task: 10] 2022-07-17 01:42:31.709588
[Task: 10] Time taken: 0:03:22.152037
[Task: 10] 


[Task: 12] Size: 7 Evaluations: 6915
[Task: 17] Loading bustle model....
[Task: 17] Count: 17
[Task: 17] 

[Task: 17] 2022-07-17 01:42:45.757767
[Task: 17] Number of programs: 188
[Task: 17] Size: 0 Evaluations: 0
[Task: 17] Size: 1 Evaluations: 0
[Task: 17] Size: 2 Evaluations: 279
[Task: 15] Loading bustle model....
[Task: 16] Loading bustle model....
[Task: 15] Count: 15
[Task: 15] 

[Task: 16] Count: 16
[Task: 16] 

[Task: 15] 2022-07-17 01:42:48.315895
[Task: 16] 2022-07-17 01:42:48.316015
[Task: 15] Number of programs: 185
[Task: 15] Size: 0 Evaluations: 0
[Task: 16] Number of programs: 184
[Task: 15] Size: 1 Evaluations: 0
[Task: 16] Size: 0 Evaluations: 0
[Task: 16] Size: 1 Evaluations: 0
[Task: 15] Size: 2 Evaluations: 276
[Task: 16] Size: 2 Evaluations: 275
[Task: 14] Loading bustle model....
[Task: 14] Count: 14
[Task: 14] 

[Task: 14] 2022-07-17 01:42:50.899125
[Task: 14] Number of programs: 184
[Task: 14] Size: 0 Evaluations: 0
[Task: 14] Size: 1 Evaluations: 0
[Task: 14] Size: 2 Evaluations: 275
[Task: 6] Size: 7 Evaluations: 58741
[Task: 23] Loading bustle model....
[Task: 23] Count: 23
[Task: 23] 

[Task: 23] 2022-07-17 01:42:55.831117
[Task: 23] Number of programs: 184
[Task: 23] Size: 0 Evaluations: 0
[Task: 23] Size: 1 Evaluations: 0
[Task: 19] Loading bustle model....
[Task: 23] Size: 2 Evaluations: 274
[Task: 17] Size: 3 Evaluations: 28736
[Task: 19] Count: 19
[Task: 21] Loading bustle model....
[Task: 19] 

[Task: 22] Loading bustle model....
[Task: 19] 2022-07-17 01:42:56.620006
[Task: 20] Loading bustle model....
[Task: 19] Number of programs: 184
[Task: 19] Size: 0 Evaluations: 0
[Task: 19] Size: 1 Evaluations: 0
[Task: 19] Size: 2 Evaluations: 275
[Task: 16] Size: 3 Evaluations: 27410
[Task: 21] Count: 21
[Task: 20] Count: 20
[Task: 22] Count: 22
[Task: 21] 

[Task: 20] 

[Task: 22] 

[Task: 21] 2022-07-17 01:42:57.475861
[Task: 20] 2022-07-17 01:42:57.475908
[Task: 22] 2022-07-17 01:42:57.475976
[Task: 21] Number of programs: 183
[Task: 20] Number of programs: 183
[Task: 21] Size: 0 Evaluations: 0
[Task: 22] Number of programs: 184
[Task: 20] Size: 0 Evaluations: 0
[Task: 21] Size: 1 Evaluations: 0
[Task: 20] Size: 1 Evaluations: 0
[Task: 22] Size: 0 Evaluations: 0
[Task: 22] Size: 1 Evaluations: 0
[Task: 15] Size: 3 Evaluations: 27732
[Task: 20] Size: 2 Evaluations: 272
[Task: 22] Size: 2 Evaluations: 275
[Task: 21] Size: 2 Evaluations: 272
[Task: 14] Size: 3 Evaluations: 27414
[Task: 17] Size: 4 Evaluations: 3093
[Task: 15] Size: 4 Evaluations: 4813
[Task: 16] Size: 4 Evaluations: 9447
[Task: 18] Loading bustle model....
[Task: 23] Size: 3 Evaluations: 27403
[Task: 14] Size: 4 Evaluations: 9482
[Task: 18] Count: 18
[Task: 18] 

[Task: 18] 2022-07-17 01:43:06.006298
[Task: 18] Number of programs: 183
[Task: 18] Size: 0 Evaluations: 0
[Task: 18] Size: 1 Evaluations: 0
[Task: 18] Size: 2 Evaluations: 271
[Task: 19] Size: 3 Evaluations: 27404
[Task: 21] Size: 3 Evaluations: 27063
[Task: 16] Size: 5 Evaluations: 968
[Task: 13] Size: 7 Evaluations: 15557
[Task: 22] Size: 3 Evaluations: 27411
[Task: 15] Size: 5 Evaluations: 3735
[Task: 14] Size: 5 Evaluations: 894
[Task: 20] Size: 3 Evaluations: 27072
[Task: 14] Benchmark: firstNameSecondColumn
[Task: 14] Result: Success
[Task: 14] Program: arg_1.Substr(0,arg_1.IndexOf(" "))
[Task: 14] Number of evaluations: 1104928
[Task: 14] 2022-07-17 01:43:08.949959
[Task: 14] Time taken: 0:00:18.050823
[Task: 14] 


[Task: 23] Size: 4 Evaluations: 7935
[Task: 21] Size: 4 Evaluations: 3603
[Task: 15] Size: 6 Evaluations: 5652
[Task: 13] Benchmark: extractUrl2
[Task: 13] Result: Success
[Task: 13] Program: arg_0.Substr(arg_0.IndexOf("/",8),"9999999".StrToInt())
[Task: 13] Number of evaluations: 7811723
[Task: 13] 2022-07-17 01:43:12.009600
[Task: 13] Time taken: 0:04:08.482800
[Task: 13] 


[Task: 19] Size: 4 Evaluations: 5937
[Task: 20] Size: 4 Evaluations: 1717
[Task: 22] Size: 4 Evaluations: 6401
[Task: 22] Benchmark: prefixRemainder
[Task: 22] Result: Success
[Task: 22] Program: arg_0.Substr(arg_1.Length(),15)
[Task: 22] Number of evaluations: 740664
[Task: 22] 2022-07-17 01:43:14.220663
[Task: 22] Time taken: 0:00:16.744678
[Task: 22] 


[Task: 18] Size: 3 Evaluations: 27069
[Task: 20] Size: 5 Evaluations: 6624
[Task: 19] Size: 5 Evaluations: 11378
[Task: 18] Size: 4 Evaluations: 1935
[Task: 21] Size: 5 Evaluations: 17024
[Task: 17] Size: 5 Evaluations: 33424
[Task: 18] Size: 5 Evaluations: 8407
[Task: 23] Size: 5 Evaluations: 61917
[Task: 21] Size: 6 Evaluations: 29538
[Task: 3] Size: 9 Evaluations: 864631
[Task: 17] Size: 6 Evaluations: 18354
[Task: 12] Size: 8 Evaluations: 122795
[Task: 11] Size: 9 Evaluations: 395135
[Task: 4] Size: 8 Evaluations: 671341
[Task: 18] Size: 6 Evaluations: 215654
[Task: 8] Size: 8 Evaluations: 1008541
[Task: 24] Loading bustle model....
[Task: 24] Count: 24
[Task: 24] 

[Task: 24] 2022-07-17 01:46:21.206372
[Task: 24] Number of programs: 187
[Task: 24] Size: 0 Evaluations: 0
[Task: 24] Size: 1 Evaluations: 0
[Task: 24] Size: 2 Evaluations: 281
[Task: 33] Loading bustle model....
[Task: 33] Count: 33
[Task: 33] 

[Task: 33] 2022-07-17 01:46:24.178340
[Task: 33] Number of programs: 184
[Task: 33] Size: 0 Evaluations: 0
[Task: 33] Size: 1 Evaluations: 0
[Task: 33] Size: 2 Evaluations: 275
[Task: 25] Loading bustle model....
[Task: 30] Loading bustle model....
[Task: 29] Loading bustle model....
[Task: 27] Loading bustle model....
[Task: 31] Loading bustle model....
[Task: 26] Loading bustle model....
[Task: 28] Loading bustle model....
[Task: 32] Loading bustle model....
[Task: 1] Size: 7 Evaluations: 1083238
[Task: 26] Count: 26
[Task: 32] Count: 32
[Task: 25] Count: 25
[Task: 27] Count: 27
[Task: 30] Count: 30
[Task: 31] Count: 31
[Task: 28] Count: 28
[Task: 29] Count: 29
[Task: 26] 

[Task: 32] 

[Task: 25] 

[Task: 27] 

[Task: 30] 

[Task: 31] 

[Task: 28] 

[Task: 29] 

[Task: 32] 2022-07-17 01:46:27.930914
[Task: 27] 2022-07-17 01:46:27.930955
[Task: 26] 2022-07-17 01:46:27.930962
[Task: 25] 2022-07-17 01:46:27.930974
[Task: 30] 2022-07-17 01:46:27.931062
[Task: 28] 2022-07-17 01:46:27.931069
[Task: 31] 2022-07-17 01:46:27.931086
[Task: 29] 2022-07-17 01:46:27.931104
[Task: 32] Number of programs: 183
[Task: 27] Number of programs: 185
[Task: 26] Number of programs: 185
[Task: 25] Number of programs: 183
[Task: 32] Size: 0 Evaluations: 0
[Task: 27] Size: 0 Evaluations: 0
[Task: 30] Number of programs: 186
[Task: 28] Number of programs: 185
[Task: 26] Size: 0 Evaluations: 0
[Task: 25] Size: 0 Evaluations: 0
[Task: 32] Size: 1 Evaluations: 0
[Task: 31] Number of programs: 186
[Task: 29] Number of programs: 184
[Task: 27] Size: 1 Evaluations: 0
[Task: 30] Size: 0 Evaluations: 0
[Task: 26] Size: 1 Evaluations: 0
[Task: 28] Size: 0 Evaluations: 0
[Task: 25] Size: 1 Evaluations: 0
[Task: 31] Size: 0 Evaluations: 0
[Task: 29] Size: 0 Evaluations: 0
[Task: 30] Size: 1 Evaluations: 0
[Task: 28] Size: 1 Evaluations: 0
[Task: 31] Size: 1 Evaluations: 0
[Task: 29] Size: 1 Evaluations: 0
[Task: 32] Size: 2 Evaluations: 272
[Task: 29] Size: 2 Evaluations: 275
[Task: 26] Size: 2 Evaluations: 277
[Task: 25] Size: 2 Evaluations: 272
[Task: 31] Size: 2 Evaluations: 279
[Task: 30] Size: 2 Evaluations: 279
[Task: 27] Size: 2 Evaluations: 276
[Task: 28] Size: 2 Evaluations: 277
[Task: 32] Benchmark: stringLength
[Task: 32] Result: Success
[Task: 32] Program: arg_0.Length().IntToStr()
[Task: 32] Number of evaluations: 27915
[Task: 32] 2022-07-17 01:46:28.657325
[Task: 32] Time taken: 0:00:00.726397
[Task: 32] 


[Task: 24] Size: 3 Evaluations: 28427
[Task: 33] Size: 3 Evaluations: 27417
[Task: 27] Size: 3 Evaluations: 27718
[Task: 27] Benchmark: replaceInUrl
[Task: 27] Result: Success
[Task: 27] Program: arg_0.replace("com", "org")
[Task: 27] Number of evaluations: 206890
[Task: 27] 2022-07-17 01:46:36.767700
[Task: 27] Time taken: 0:00:08.836729
[Task: 27] 


[Task: 26] Size: 3 Evaluations: 27747
[Task: 28] Size: 3 Evaluations: 27731
[Task: 24] Size: 4 Evaluations: 6768
[Task: 25] Size: 3 Evaluations: 27078
[Task: 29] Size: 3 Evaluations: 27415
[Task: 30] Size: 3 Evaluations: 28074
[Task: 16] Size: 6 Evaluations: 677406
[Task: 31] Size: 3 Evaluations: 28084
[Task: 33] Size: 4 Evaluations: 6878
[Task: 33] Size: 5 Evaluations: 260
[Task: 30] Size: 4 Evaluations: 8406
[Task: 26] Size: 4 Evaluations: 13235
[Task: 25] Size: 4 Evaluations: 7805
[Task: 31] Size: 4 Evaluations: 9274
[Task: 28] Size: 4 Evaluations: 11865
[Task: 29] Size: 4 Evaluations: 11399
[Task: 33] Size: 6 Evaluations: 7701
[Task: 24] Size: 5 Evaluations: 27031
[Task: 17] Size: 7 Evaluations: 146703
[Task: 33] Benchmark: suffixRemainder
[Task: 33] Result: Success
[Task: 33] Program: arg_0.Substr(0,(0 - arg_1.Length()))
[Task: 33] Number of evaluations: 1578256
[Task: 33] 2022-07-17 01:46:54.728024
[Task: 33] Time taken: 0:00:30.549667
[Task: 33] 


[Task: 31] Size: 5 Evaluations: 57879
[Task: 30] Size: 5 Evaluations: 71429
[Task: 28] Size: 5 Evaluations: 45108
[Task: 20] Size: 6 Evaluations: 657692
[Task: 29] Size: 5 Evaluations: 44307
[Task: 15] Size: 7 Evaluations: 727000
[Task: 9] Size: 9 Evaluations: 640192
[Task: 24] Size: 6 Evaluations: 18395
[Task: 26] Size: 5 Evaluations: 122185
[Task: 16] Size: 7 Evaluations: 112355
[Task: 25] Size: 5 Evaluations: 105648
[Task: 21] Size: 7 Evaluations: 559809
[Task: 20] Size: 7 Evaluations: 106918
[Task: 28] Size: 6 Evaluations: 83675
[Task: 11] Benchmark: dateTransformation3
[Task: 11] Result: Success
[Task: 11] Program: arg_0.Substr(5,15).replace("-", "/")
[Task: 11] Number of evaluations: 29272458
[Task: 11] 2022-07-17 01:49:49.603595
[Task: 11] Time taken: 0:10:40.046684
[Task: 11] 


[Task: 19] Size: 6 Evaluations: 831853
[Task: 37] Loading bustle model....
[Task: 34] Loading bustle model....
[Task: 35] Loading bustle model....
[Task: 36] Loading bustle model....
[Task: 34] Count: 34
[Task: 36] Count: 36
[Task: 37] Count: 37
[Task: 34] 

[Task: 36] 

[Task: 37] 

[Task: 35] Count: 35
[Task: 35] 

[Task: 36] 2022-07-17 01:50:22.309935
[Task: 37] 2022-07-17 01:50:22.309943
[Task: 34] 2022-07-17 01:50:22.309941
[Task: 35] 2022-07-17 01:50:22.310119
[Task: 36] Number of programs: 183
[Task: 37] Number of programs: 183
[Task: 34] Number of programs: 183
[Task: 36] Size: 0 Evaluations: 0
[Task: 37] Size: 0 Evaluations: 0
[Task: 34] Size: 0 Evaluations: 0
[Task: 35] Number of programs: 184
[Task: 36] Size: 1 Evaluations: 0
[Task: 37] Size: 1 Evaluations: 0
[Task: 34] Size: 1 Evaluations: 0
[Task: 35] Size: 0 Evaluations: 0
[Task: 35] Size: 1 Evaluations: 0
[Task: 34] Size: 2 Evaluations: 272
[Task: 35] Size: 2 Evaluations: 273
[Task: 36] Size: 2 Evaluations: 272
[Task: 37] Size: 2 Evaluations: 272
[Task: 36] Size: 3 Evaluations: 27085
[Task: 37] Size: 3 Evaluations: 27079
[Task: 34] Size: 3 Evaluations: 27068
[Task: 35] Size: 3 Evaluations: 27408
[Task: 36] Size: 4 Evaluations: 6363
[Task: 34] Size: 4 Evaluations: 5306
[Task: 37] Size: 4 Evaluations: 8504
[Task: 35] Size: 4 Evaluations: 7436
[Task: 34] Size: 5 Evaluations: 7212
[Task: 34] Size: 6 Evaluations: 22117
[Task: 36] Size: 5 Evaluations: 89177
[Task: 37] Size: 5 Evaluations: 89437
[Task: 35] Size: 5 Evaluations: 60380
[Task: 31] Size: 6 Evaluations: 330356
[Task: 16] Size: 8 Evaluations: 270779
[Task: 25] Size: 6 Evaluations: 144052
[Task: 23] Size: 6 Evaluations: 1364484
[Task: 16] Benchmark: lastNameFirstColumn
[Task: 16] Result: Success
[Task: 16] Program: arg_0.Substr((1 + arg_0.IndexOf(" ")),"9999999".StrToInt())
[Task: 16] Number of evaluations: 33455128
[Task: 16] 2022-07-17 01:53:40.380436
[Task: 16] Time taken: 0:10:52.064431
[Task: 16] 


[Task: 35] Size: 6 Evaluations: 60071
[Task: 36] Size: 6 Evaluations: 196434
[Task: 37] Size: 6 Evaluations: 209672
[Task: 34] Size: 7 Evaluations: 699660
[Task: 17] Size: 8 Evaluations: 611667
[Task: 24] Size: 7 Evaluations: 1202111
[Task: 20] Size: 8 Evaluations: 764949
[Task: 28] Size: 7 Evaluations: 501063
[Task: 21] Size: 8 Evaluations: 476170
[Task: 34] Size: 8 Evaluations: 547465
[Task: 35] Size: 7 Evaluations: 381570
[Task: 30] Size: 6 Evaluations: 1538007
[Task: 34] Benchmark: swapCase
[Task: 34] Result: Success
[Task: 34] Program: arg_0.lower().replace(concat(arg_0, "".lower()), arg_0.upper())
[Task: 34] Number of evaluations: 10830659
[Task: 34] 2022-07-17 02:00:07.968347
[Task: 34] Time taken: 0:09:45.658376
[Task: 34] 


[Task: 29] Size: 6 Evaluations: 1468085
[Task: 12] Size: 9 Evaluations: 341214
[Task: 15] Size: 8 Evaluations: 1486529
[Task: 18] Size: 7 Evaluations: 1574496
[Task: 26] Size: 6 Evaluations: 2099722
[Task: 4] Size: 9 Evaluations: 498587
[Task: 24] Size: 8 Evaluations: 907931
[Task: 18] Size: 8 Evaluations: 1333731
[Task: 7] Size: 6 Evaluations: 1795657
[Task: 2] Size: 9 Evaluations: 607654
[Task: 35] Size: 8 Evaluations: 2177225
[Task: 28] Size: 8 Evaluations: 2652712
[Task: 23] Size: 7 Evaluations: 1716089
[Task: 30] Benchmark: stringEqual
[Task: 30] Result: Success
[Task: 30] Program: (ifEqual(arg_0,arg_1) then "yes" else "no")
[Task: 30] Number of evaluations: 176398059
[Task: 30] 2022-07-17 02:55:36.905531
[Task: 30] Time taken: 1:09:08.974518
[Task: 30] 


[Task: 8] Size: 9 Evaluations: 843484
