[Task: 0] Loading bustle model....
[Task: 0] Count: 0
[Task: 0] 
[Task: 0] 2021-09-28 06:44:50.704598
[Task: 0] Number of programs: 10
[Task: 0] Size: 0 Evaluations: 0
[Task: 0] Size: 1 Evaluations: 0
[Task: 0] Size: 2 Evaluations: 17
[Task: 0] Size: 3 Evaluations: 33
[Task: 0] Size: 4 Evaluations: 32
[Task: 0] Size: 5 Evaluations: 120
[Task: 0] Size: 6 Evaluations: 303
[Task: 0] Size: 7 Evaluations: 1002
[Task: 0] Benchmark: 11440431.sl
[Task: 0] Result: Success
[Task: 0] Program: _arg_0.replace("US", "").replace("CAN", "").strip()
[Task: 0] Number of evaluations: 2885
[Task: 0] 2021-09-28 06:44:53.108467
[Task: 0] Time taken: 0:00:02.399419
[Task: 0] 
[Task: 1] Loading bustle model....
[Task: 1] Count: 1
[Task: 1] 
[Task: 1] 2021-09-28 06:44:50.750719
[Task: 1] Number of programs: 10
[Task: 1] Size: 0 Evaluations: 0
[Task: 1] Size: 1 Evaluations: 0
[Task: 1] Size: 2 Evaluations: 12
[Task: 1] Size: 3 Evaluations: 20
[Task: 1] Size: 4 Evaluations: 38
[Task: 1] Size: 5 Evaluations: 99
[Task: 1] Size: 6 Evaluations: 298
[Task: 1] Size: 7 Evaluations: 868
[Task: 1] Size: 8 Evaluations: 3118
[Task: 1] Size: 9 Evaluations: 9882
[Task: 1] Size: 10 Evaluations: 36930
[Task: 1] Size: 11 Evaluations: 123674
[Task: 1] Size: 12 Evaluations: 466554
[Task: 1] Size: 13 Evaluations: 1639995
[Task: 1] Benchmark: 11604909.sl
[Task: 1] Result: Success
[Task: 1] Program: _arg_0.Substr((-1 + _arg_0.IndexOf(".")),(1 + (1 + _arg_0.IndexOf("."))))
[Task: 1] Number of evaluations: 6286912
[Task: 1] 2021-09-28 08:09:52.452234
[Task: 1] Time taken: 1:25:01.678262
[Task: 1] 
[Task: 2] Loading bustle model....
[Task: 2] Count: 2
[Task: 2] 
[Task: 2] 2021-09-28 06:44:50.673797
[Task: 2] Number of programs: 9
[Task: 2] Size: 0 Evaluations: 0
[Task: 2] Size: 1 Evaluations: 0
[Task: 2] Size: 2 Evaluations: 10
[Task: 2] Size: 3 Evaluations: 16
[Task: 2] Size: 4 Evaluations: 13
[Task: 2] Size: 5 Evaluations: 39
[Task: 2] Size: 6 Evaluations: 46
[Task: 2] Size: 7 Evaluations: 107
[Task: 2] Size: 8 Evaluations: 139
[Task: 2] Size: 9 Evaluations: 305
[Task: 2] Size: 10 Evaluations: 491
[Task: 2] Size: 11 Evaluations: 1089
[Task: 2] Size: 12 Evaluations: 1712
[Task: 2] Benchmark: 17212077.sl
[Task: 2] Result: Success
[Task: 2] Program: _arg_0[:(1 + 1)] + "/" + _arg_0[(-1 + (-1 + (-1 + -1))):]
[Task: 2] Number of evaluations: 5903
[Task: 2] 2021-09-28 06:44:55.691425
[Task: 2] Time taken: 0:00:05.003909
[Task: 2] 
[Task: 3] Loading bustle model....
[Task: 3] Count: 3
[Task: 3] 
[Task: 3] 2021-09-28 06:44:50.764241
[Task: 3] Number of programs: 8
[Task: 3] Size: 0 Evaluations: 0
[Task: 3] Size: 1 Evaluations: 0
[Task: 3] Size: 2 Evaluations: 11
[Task: 3] Size: 3 Evaluations: 13
[Task: 3] Size: 4 Evaluations: 5
[Task: 3] Size: 5 Evaluations: 23
[Task: 3] Size: 6 Evaluations: 15
[Task: 3] Size: 7 Evaluations: 32
[Task: 3] Size: 8 Evaluations: 60
[Task: 3] Benchmark: 2171308.sl
[Task: 3] Result: Success
[Task: 3] Program: _arg_0[:1] + "" + _arg_0[_arg_0.IndexOf(" "):]
[Task: 3] Number of evaluations: 221
[Task: 3] 2021-09-28 06:44:51.629593
[Task: 3] Time taken: 0:00:00.847260
[Task: 3] 
[Task: 4] Loading bustle model....
[Task: 4] Count: 4
[Task: 4] 
[Task: 4] 2021-09-28 06:44:50.670022
[Task: 4] Number of programs: 14
[Task: 4] Size: 0 Evaluations: 0
[Task: 4] Size: 1 Evaluations: 0
[Task: 4] Size: 2 Evaluations: 30
[Task: 4] Size: 3 Evaluations: 99
[Task: 4] Size: 4 Evaluations: 37
[Task: 4] Size: 5 Evaluations: 104
[Task: 4] Size: 6 Evaluations: 73
[Task: 4] Size: 7 Evaluations: 206
[Task: 4] Size: 8 Evaluations: 441
[Task: 4] Size: 9 Evaluations: 1679
[Task: 4] Size: 10 Evaluations: 2683
[Task: 4] Size: 11 Evaluations: 5888
[Task: 4] Size: 12 Evaluations: 7926
[Task: 4] Size: 13 Evaluations: 13801
[Task: 4] Size: 14 Evaluations: 26769
[Task: 4] Size: 15 Evaluations: 64050
[Task: 4] Benchmark: 25239569.sl
[Task: 4] Result: Success
[Task: 4] Program: _arg_0.replace("BRD", "Branding").replace("DRS", "Direct Response").replace("LDS", "Leads")
[Task: 4] Number of evaluations: 191777
[Task: 4] 2021-09-28 06:46:43.473856
[Task: 4] Time taken: 0:01:52.795969
[Task: 4] 
[Task: 5] Loading bustle model....
[Task: 5] Count: 5
[Task: 5] 
[Task: 5] 2021-09-28 06:44:50.669735
[Task: 5] Number of programs: 10
[Task: 5] Size: 0 Evaluations: 0
[Task: 5] Size: 1 Evaluations: 0
[Task: 5] Size: 2 Evaluations: 13
[Task: 5] Size: 3 Evaluations: 27
[Task: 5] Size: 4 Evaluations: 41
[Task: 5] Size: 5 Evaluations: 122
[Task: 5] Size: 6 Evaluations: 344
[Task: 5] Size: 7 Evaluations: 1071
[Task: 5] Size: 8 Evaluations: 3474
[Task: 5] Size: 9 Evaluations: 11320
[Task: 5] Size: 10 Evaluations: 38544
[Task: 5] Benchmark: 28627624_1.sl
[Task: 5] Result: Success
[Task: 5] Program: _arg_0[:_arg_0.IndexOf("-")].strip()
[Task: 5] Number of evaluations: 124854
[Task: 5] 2021-09-28 06:45:35.991731
[Task: 5] Time taken: 0:00:45.303767
[Task: 5] 
[Task: 6] Loading bustle model....
[Task: 6] Count: 6
[Task: 6] 
[Task: 6] 2021-09-28 06:44:50.675029
[Task: 6] Number of programs: 9
[Task: 6] Size: 0 Evaluations: 0
[Task: 6] Size: 1 Evaluations: 0
[Task: 6] Size: 2 Evaluations: 11
[Task: 6] Size: 3 Evaluations: 19
[Task: 6] Size: 4 Evaluations: 25
[Task: 6] Size: 5 Evaluations: 70
[Task: 6] Size: 6 Evaluations: 184
[Task: 6] Benchmark: 30732554.sl
[Task: 6] Result: Success
[Task: 6] Program: _arg_0[:concat(_arg_0, "|").IndexOf("|")]
[Task: 6] Number of evaluations: 644
[Task: 6] 2021-09-28 06:44:51.650599
[Task: 6] Time taken: 0:00:00.945261
[Task: 6] 
[Task: 7] Loading bustle model....
[Task: 7] Count: 7
[Task: 7] 
[Task: 7] 2021-09-28 06:44:50.710984
[Task: 7] Number of programs: 13
[Task: 7] Size: 0 Evaluations: 0
[Task: 7] Size: 1 Evaluations: 0
[Task: 7] Size: 2 Evaluations: 15
[Task: 7] Size: 3 Evaluations: 37
[Task: 7] Size: 4 Evaluations: 59
[Task: 7] Size: 5 Evaluations: 230
[Task: 7] Size: 6 Evaluations: 692
[Task: 7] Size: 7 Evaluations: 2607
[Task: 7] Size: 8 Evaluations: 10517
[Task: 7] Size: 9 Evaluations: 42717
[Task: 7] Size: 10 Evaluations: 179208
[Task: 7] Size: 11 Evaluations: 712056
[Task: 7] Size: 12 Evaluations: 3293314
[Task: 8] Loading bustle model....
[Task: 8] Count: 8
[Task: 8] 
[Task: 8] 2021-09-28 06:44:50.783937
[Task: 8] Number of programs: 12
[Task: 8] Size: 0 Evaluations: 0
[Task: 8] Size: 1 Evaluations: 0
[Task: 8] Size: 2 Evaluations: 26
[Task: 8] Size: 3 Evaluations: 65
[Task: 8] Size: 4 Evaluations: 59
[Task: 8] Size: 5 Evaluations: 247
[Task: 8] Size: 6 Evaluations: 817
[Task: 8] Size: 7 Evaluations: 3088
[Task: 8] Size: 8 Evaluations: 11412
[Task: 8] Size: 9 Evaluations: 42275
[Task: 8] Size: 10 Evaluations: 161980
[Task: 8] Size: 11 Evaluations: 619985
[Task: 8] Size: 12 Evaluations: 2460796
[Task: 9] Loading bustle model....
[Task: 9] Count: 9
[Task: 9] 
[Task: 9] 2021-09-28 06:44:50.659036
[Task: 9] Number of programs: 10
[Task: 9] Size: 0 Evaluations: 0
[Task: 9] Size: 1 Evaluations: 0
[Task: 9] Size: 2 Evaluations: 16
[Task: 9] Size: 3 Evaluations: 32
[Task: 9] Size: 4 Evaluations: 27
[Task: 9] Size: 5 Evaluations: 111
[Task: 9] Size: 6 Evaluations: 258
[Task: 9] Size: 7 Evaluations: 823
[Task: 9] Size: 8 Evaluations: 2472
[Task: 9] Size: 9 Evaluations: 7872
[Task: 9] Size: 10 Evaluations: 24318
[Task: 9] Benchmark: 34801680.sl
[Task: 9] Result: Success
[Task: 9] Program: _arg_0[_arg_0.IndexOf(" "):].strip()
[Task: 9] Number of evaluations: 76406
[Task: 9] 2021-09-28 06:45:18.543388
[Task: 9] Time taken: 0:00:27.884333
[Task: 9] 
[Task: 10] Loading bustle model....
[Task: 10] Count: 10
[Task: 10] 
[Task: 10] 2021-09-28 06:44:50.760345
[Task: 10] Number of programs: 10
[Task: 10] Size: 0 Evaluations: 0
[Task: 10] Size: 1 Evaluations: 0
[Task: 10] Size: 2 Evaluations: 17
[Task: 10] Size: 3 Evaluations: 33
[Task: 10] Size: 4 Evaluations: 26
[Task: 10] Size: 5 Evaluations: 107
[Task: 10] Size: 6 Evaluations: 250
[Task: 10] Size: 7 Evaluations: 454
[Task: 10] Size: 8 Evaluations: 1260
[Task: 10] Size: 9 Evaluations: 3509
[Task: 10] Benchmark: 35016216.sl
[Task: 10] Result: Success
[Task: 10] Program: _arg_0.replace(_arg_0.lower(), _arg_1)
[Task: 10] Number of evaluations: 7705
[Task: 10] 2021-09-28 06:44:57.053261
[Task: 10] Time taken: 0:00:06.267053
[Task: 10] 
[Task: 11] Loading bustle model....
[Task: 11] Count: 11
[Task: 11] 
[Task: 11] 2021-09-28 06:44:50.775958
[Task: 11] Number of programs: 13
[Task: 11] Size: 0 Evaluations: 0
[Task: 11] Size: 1 Evaluations: 0
[Task: 11] Size: 2 Evaluations: 23
[Task: 11] Size: 3 Evaluations: 80
[Task: 11] Size: 4 Evaluations: 88
[Task: 11] Size: 5 Evaluations: 286
[Task: 11] Size: 6 Evaluations: 1283
[Task: 11] Size: 7 Evaluations: 4665
[Task: 11] Size: 8 Evaluations: 22279
[Task: 11] Size: 9 Evaluations: 86094
[Task: 11] Size: 10 Evaluations: 401441
[Task: 11] Size: 11 Evaluations: 1690226
[Task: 12] Loading bustle model....
[Task: 12] Count: 12
[Task: 12] 
[Task: 12] 2021-09-28 06:44:50.774818
[Task: 12] Number of programs: 9
[Task: 12] Size: 0 Evaluations: 0
[Task: 12] Size: 1 Evaluations: 0
[Task: 12] Size: 2 Evaluations: 11
[Task: 12] Size: 3 Evaluations: 18
[Task: 12] Size: 4 Evaluations: 14
[Task: 12] Size: 5 Evaluations: 62
[Task: 12] Size: 6 Evaluations: 104
[Task: 12] Size: 7 Evaluations: 381
[Task: 12] Size: 8 Evaluations: 794
[Task: 12] Size: 9 Evaluations: 2916
[Task: 12] Size: 10 Evaluations: 7108
[Task: 12] Size: 11 Evaluations: 24717
[Task: 12] Size: 12 Evaluations: 67234
[Task: 12] Size: 13 Evaluations: 227486
[Task: 12] Size: 14 Evaluations: 664697
[Task: 13] Loading bustle model....
[Task: 13] Count: 13
[Task: 13] 
[Task: 13] 2021-09-28 06:44:50.710573
[Task: 13] Number of programs: 10
[Task: 13] Size: 0 Evaluations: 0
[Task: 13] Size: 1 Evaluations: 0
[Task: 13] Size: 2 Evaluations: 18
[Task: 13] Size: 3 Evaluations: 35
[Task: 13] Size: 4 Evaluations: 29
[Task: 13] Size: 5 Evaluations: 124
[Task: 13] Size: 6 Evaluations: 183
[Task: 13] Size: 7 Evaluations: 267
[Task: 13] Size: 8 Evaluations: 549
[Task: 13] Size: 9 Evaluations: 878
[Task: 13] Size: 10 Evaluations: 1241
[Task: 13] Benchmark: 37534494.sl
[Task: 13] Result: Success
[Task: 13] Program: (if_arg_0.Contain(_arg_2) then _arg_0 else _arg_1)
[Task: 13] Number of evaluations: 3791
[Task: 13] 2021-09-28 06:44:56.770585
[Task: 13] Time taken: 0:00:06.018355
[Task: 13] 
[Task: 14] Loading bustle model....
[Task: 14] Count: 14
[Task: 14] 
[Task: 14] 2021-09-28 06:44:50.707091
[Task: 14] Number of programs: 9
[Task: 14] Size: 0 Evaluations: 0
[Task: 14] Size: 1 Evaluations: 0
[Task: 14] Size: 2 Evaluations: 13
[Task: 14] Size: 3 Evaluations: 27
[Task: 14] Size: 4 Evaluations: 34
[Task: 14] Size: 5 Evaluations: 90
[Task: 14] Size: 6 Evaluations: 230
[Task: 14] Size: 7 Evaluations: 682
[Task: 14] Size: 8 Evaluations: 2002
[Task: 14] Benchmark: 38664547.sl
[Task: 14] Result: Success
[Task: 14] Program: _arg_0.replace("that", "",("that".Length() - _arg_0.Length()))
[Task: 14] Number of evaluations: 7301
[Task: 14] 2021-09-28 06:45:01.345890
[Task: 14] Time taken: 0:00:10.604655
[Task: 14] 
[Task: 15] Loading bustle model....
[Task: 15] Count: 15
[Task: 15] 
[Task: 15] 2021-09-28 06:44:50.789690
[Task: 15] Number of programs: 10
[Task: 15] Size: 0 Evaluations: 0
[Task: 15] Size: 1 Evaluations: 0
[Task: 15] Size: 2 Evaluations: 13
[Task: 15] Size: 3 Evaluations: 27
[Task: 15] Size: 4 Evaluations: 15
[Task: 15] Size: 5 Evaluations: 53
[Task: 15] Size: 6 Evaluations: 32
[Task: 15] Size: 7 Evaluations: 54
[Task: 15] Size: 8 Evaluations: 97
[Task: 15] Size: 9 Evaluations: 210
[Task: 15] Size: 10 Evaluations: 323
[Task: 15] Size: 11 Evaluations: 800
[Task: 15] Size: 12 Evaluations: 1485
[Task: 15] Size: 13 Evaluations: 2261
[Task: 15] Benchmark: 38871714.sl
[Task: 15] Result: Success
[Task: 15] Program: _arg_0.replace("<", "",-1).replace(">", "",-1)
[Task: 15] Number of evaluations: 7195
[Task: 15] 2021-09-28 06:44:59.158125
[Task: 15] Time taken: 0:00:08.357104
[Task: 15] 
[Task: 16] Loading bustle model....
[Task: 16] Count: 16
[Task: 16] 
[Task: 16] 2021-09-28 06:44:50.761851
[Task: 16] Number of programs: 9
[Task: 16] Size: 0 Evaluations: 0
[Task: 16] Size: 1 Evaluations: 0
[Task: 16] Size: 2 Evaluations: 12
[Task: 16] Size: 3 Evaluations: 20
[Task: 16] Size: 4 Evaluations: 8
[Task: 16] Size: 5 Evaluations: 30
[Task: 16] Size: 6 Evaluations: 7
[Task: 16] Size: 7 Evaluations: 3
[Task: 16] Size: 8 Evaluations: 38
[Task: 16] Size: 9 Evaluations: 74
[Task: 16] Size: 10 Evaluations: 133
[Task: 16] Size: 11 Evaluations: 348
[Task: 16] Size: 12 Evaluations: 597
[Task: 16] Size: 13 Evaluations: 794
[Task: 16] Size: 14 Evaluations: 1298
[Task: 16] Size: 15 Evaluations: 1607
[Task: 16] Size: 16 Evaluations: 2525
[Task: 16] Size: 17 Evaluations: 5976
[Task: 16] Size: 18 Evaluations: 12005
[Task: 16] Size: 19 Evaluations: 24306
[Task: 16] Size: 20 Evaluations: 50794
[Task: 16] Benchmark: 39060015.sl
[Task: 16] Result: Success
[Task: 16] Program: _arg_0.replace("/", _arg_0[:_arg_0.IndexOf("/")],-1)[_arg_0.Length():]
[Task: 16] Number of evaluations: 162949
[Task: 16] 2021-09-28 06:47:09.009968
[Task: 16] Time taken: 0:02:18.225348
[Task: 16] 
[Task: 17] Loading bustle model....
[Task: 17] Count: 17
[Task: 17] 
[Task: 17] 2021-09-28 06:44:50.725245
[Task: 17] Number of programs: 9
[Task: 17] Size: 0 Evaluations: 0
[Task: 17] Size: 1 Evaluations: 0
[Task: 17] Size: 2 Evaluations: 14
[Task: 17] Size: 3 Evaluations: 23
[Task: 17] Size: 4 Evaluations: 24
[Task: 17] Size: 5 Evaluations: 76
[Task: 17] Size: 6 Evaluations: 182
[Task: 17] Size: 7 Evaluations: 532
[Task: 17] Size: 8 Evaluations: 1502
[Task: 17] Size: 9 Evaluations: 4632
[Task: 17] Size: 10 Evaluations: 13779
[Task: 17] Size: 11 Evaluations: 43414
[Task: 17] Size: 12 Evaluations: 136302
[Task: 17] Size: 13 Evaluations: 438617
[Task: 18] Loading bustle model....
[Task: 18] Count: 18
[Task: 18] 
[Task: 18] 2021-09-28 06:44:50.749610
[Task: 18] Number of programs: 17
[Task: 18] Size: 0 Evaluations: 0
[Task: 18] Size: 1 Evaluations: 0
[Task: 18] Size: 2 Evaluations: 28
[Task: 18] Size: 3 Evaluations: 150
[Task: 18] Size: 4 Evaluations: 71
[Task: 18] Size: 5 Evaluations: 151
[Task: 18] Size: 6 Evaluations: 110
[Task: 18] Size: 7 Evaluations: 456
[Task: 18] Size: 8 Evaluations: 329
[Task: 18] Size: 9 Evaluations: 1316
[Task: 18] Size: 10 Evaluations: 2801
[Task: 18] Size: 11 Evaluations: 4796
[Task: 18] Size: 12 Evaluations: 13302
[Task: 18] Size: 13 Evaluations: 19352
[Task: 18] Size: 14 Evaluations: 55453
[Task: 18] Size: 15 Evaluations: 86684
[Task: 18] Size: 16 Evaluations: 163006
[Task: 18] Size: 17 Evaluations: 262706
[Task: 18] Size: 18 Evaluations: 548766
[Task: 18] Size: 19 Evaluations: 1072185
[Task: 19] Loading bustle model....
[Task: 19] Count: 19
[Task: 19] 
[Task: 19] 2021-09-28 06:44:50.701343
[Task: 19] Number of programs: 9
[Task: 19] Size: 0 Evaluations: 0
[Task: 19] Size: 1 Evaluations: 0
[Task: 19] Size: 2 Evaluations: 11
[Task: 19] Size: 3 Evaluations: 17
[Task: 19] Size: 4 Evaluations: 12
[Task: 19] Size: 5 Evaluations: 54
[Task: 19] Size: 6 Evaluations: 77
[Task: 19] Size: 7 Evaluations: 317
[Task: 19] Size: 8 Evaluations: 562
[Task: 19] Size: 9 Evaluations: 2226
[Task: 19] Size: 10 Evaluations: 4544
[Task: 19] Size: 11 Evaluations: 17093
[Task: 19] Size: 12 Evaluations: 39867
[Task: 19] Size: 13 Evaluations: 142744
[Task: 19] Size: 14 Evaluations: 368046
[Task: 19] Size: 15 Evaluations: 1257671
[Task: 20] Loading bustle model....
[Task: 20] Count: 20
[Task: 20] 
[Task: 20] 2021-09-28 06:50:28.274306
[Task: 20] Number of programs: 11
[Task: 20] Size: 0 Evaluations: 0
[Task: 20] Size: 1 Evaluations: 0
[Task: 20] Size: 2 Evaluations: 22
[Task: 20] Size: 3 Evaluations: 50
[Task: 20] Size: 4 Evaluations: 49
[Task: 20] Size: 5 Evaluations: 218
[Task: 20] Size: 6 Evaluations: 376
[Task: 20] Size: 7 Evaluations: 932
[Task: 20] Size: 8 Evaluations: 1664
[Task: 20] Size: 9 Evaluations: 4237
[Task: 20] Size: 10 Evaluations: 7181
[Task: 20] Size: 11 Evaluations: 15321
[Task: 20] Size: 12 Evaluations: 28586
[Task: 20] Size: 13 Evaluations: 58838
[Task: 20] Size: 14 Evaluations: 114054
[Task: 20] Size: 15 Evaluations: 229764
[Task: 20] Size: 16 Evaluations: 480060
[Task: 20] Size: 17 Evaluations: 990983
[Task: 20] Size: 18 Evaluations: 2121739
[Task: 21] Loading bustle model....
[Task: 21] Count: 21
[Task: 21] 
[Task: 21] 2021-09-28 06:50:28.306807
[Task: 21] Number of programs: 10
[Task: 21] Size: 0 Evaluations: 0
[Task: 21] Size: 1 Evaluations: 0
[Task: 21] Size: 2 Evaluations: 13
[Task: 21] Size: 3 Evaluations: 34
[Task: 21] Size: 4 Evaluations: 23
[Task: 21] Size: 5 Evaluations: 97
[Task: 21] Size: 6 Evaluations: 162
[Task: 21] Size: 7 Evaluations: 759
[Task: 21] Size: 8 Evaluations: 1217
[Task: 21] Size: 9 Evaluations: 6456
[Task: 21] Benchmark: bikes.sl
[Task: 21] Result: Success
[Task: 21] Program: name[:(0 - 3)]
[Task: 21] Number of evaluations: 19651
[Task: 21] 2021-09-28 06:50:42.611366
[Task: 21] Time taken: 0:00:14.289080
[Task: 21] 
[Task: 22] Loading bustle model....
[Task: 22] Count: 22
[Task: 22] 
[Task: 22] 2021-09-28 06:50:28.321432
[Task: 22] Number of programs: 9
[Task: 22] Size: 0 Evaluations: 0
[Task: 22] Size: 1 Evaluations: 0
[Task: 22] Size: 2 Evaluations: 10
[Task: 22] Size: 3 Evaluations: 19
[Task: 22] Benchmark: change-negative-numbers-to-positive.sl
[Task: 22] Result: Success
[Task: 22] Program: _arg_0.replace("-", "")
[Task: 22] Number of evaluations: 30
[Task: 22] 2021-09-28 06:50:28.749093
[Task: 22] Time taken: 0:00:00.413163
[Task: 22] 
[Task: 23] Loading bustle model....
[Task: 23] Count: 23
[Task: 23] 
[Task: 23] 2021-09-28 06:50:28.339858
[Task: 23] Number of programs: 13
[Task: 23] Size: 0 Evaluations: 0
[Task: 23] Size: 1 Evaluations: 0
[Task: 23] Size: 2 Evaluations: 14
[Task: 23] Size: 3 Evaluations: 61
[Task: 23] Size: 4 Evaluations: 45
[Task: 23] Size: 5 Evaluations: 95
[Task: 23] Size: 6 Evaluations: 113
[Task: 23] Size: 7 Evaluations: 208
[Task: 23] Size: 8 Evaluations: 294
[Task: 23] Size: 9 Evaluations: 603
[Task: 23] Size: 10 Evaluations: 1583
[Task: 23] Size: 11 Evaluations: 3043
[Task: 23] Size: 12 Evaluations: 6713
[Task: 23] Size: 13 Evaluations: 12615
[Task: 23] Size: 14 Evaluations: 26852
[Task: 23] Size: 15 Evaluations: 47031
[Task: 23] Size: 16 Evaluations: 96258
[Task: 23] Size: 17 Evaluations: 194685
[Task: 23] Size: 18 Evaluations: 372000
[Task: 23] Size: 19 Evaluations: 784128
[Task: 23] Size: 20 Evaluations: 1562001
[Task: 24] Loading bustle model....
[Task: 24] Count: 24
[Task: 24] 
[Task: 24] 2021-09-28 06:50:28.262630
[Task: 24] Number of programs: 10
[Task: 24] Size: 0 Evaluations: 0
[Task: 24] Size: 1 Evaluations: 0
[Task: 24] Size: 2 Evaluations: 16
[Task: 24] Size: 3 Evaluations: 37
[Task: 24] Size: 4 Evaluations: 31
[Task: 24] Size: 5 Evaluations: 129
[Task: 24] Size: 6 Evaluations: 175
[Task: 24] Benchmark: create-email-address-from-name.sl
[Task: 24] Result: Success
[Task: 24] Program: concat(_arg_1.CharAt(0), concat(_arg_0, "_acme.com"))
[Task: 24] Number of evaluations: 413
[Task: 24] 2021-09-28 06:50:29.180364
[Task: 24] Time taken: 0:00:00.915514
[Task: 24] 
[Task: 25] Loading bustle model....
[Task: 25] Count: 25
[Task: 25] 
[Task: 25] 2021-09-28 06:50:28.267740
[Task: 25] Number of programs: 11
[Task: 25] Size: 0 Evaluations: 0
[Task: 25] Size: 1 Evaluations: 0
[Task: 25] Size: 2 Evaluations: 17
[Task: 25] Size: 3 Evaluations: 45
[Task: 25] Size: 4 Evaluations: 19
[Task: 25] Size: 5 Evaluations: 148
[Task: 25] Size: 6 Evaluations: 187
[Task: 25] Size: 7 Evaluations: 368
[Task: 25] Size: 8 Evaluations: 531
[Task: 25] Benchmark: create-email-address-with-name-and-domain.sl
[Task: 25] Result: Success
[Task: 25] Program: concat(concat(concat(_arg_0.CharAt(0), _arg_1), "_"), _arg_2)
[Task: 25] Number of evaluations: 1396
[Task: 25] 2021-09-28 06:50:30.108339
[Task: 25] Time taken: 0:00:01.837832
[Task: 25] 
[Task: 26] Loading bustle model....
[Task: 26] Count: 26
[Task: 26] 
[Task: 26] 2021-09-28 06:50:28.352776
[Task: 26] Number of programs: 9
[Task: 26] Size: 0 Evaluations: 0
[Task: 26] Size: 1 Evaluations: 0
[Task: 26] Size: 2 Evaluations: 15
[Task: 26] Size: 3 Evaluations: 32
[Task: 26] Size: 4 Evaluations: 8
[Task: 26] Size: 5 Evaluations: 52
[Task: 26] Size: 6 Evaluations: 56
[Task: 26] Size: 7 Evaluations: 114
[Task: 26] Size: 8 Evaluations: 186
[Task: 26] Size: 9 Evaluations: 383
[Task: 26] Size: 10 Evaluations: 627
[Task: 26] Size: 11 Evaluations: 1608
[Task: 26] Benchmark: dr-name.sl
[Task: 26] Result: Success
[Task: 26] Program: concat("Dr.", concat(" ", name[:name.IndexOf(" ")]))
[Task: 26] Number of evaluations: 3313
[Task: 26] 2021-09-28 06:50:32.591931
[Task: 26] Time taken: 0:00:04.221655
[Task: 26] 
[Task: 27] Loading bustle model....
[Task: 27] Count: 27
[Task: 27] 
[Task: 27] 2021-09-28 06:50:28.325772
[Task: 27] Number of programs: 10
[Task: 27] Size: 0 Evaluations: 0
[Task: 27] Size: 1 Evaluations: 0
[Task: 27] Size: 2 Evaluations: 14
[Task: 27] Size: 3 Evaluations: 30
[Task: 27] Size: 4 Evaluations: 20
[Task: 27] Size: 5 Evaluations: 113
[Task: 27] Size: 6 Evaluations: 140
[Task: 27] Size: 7 Evaluations: 562
[Task: 27] Size: 8 Evaluations: 1178
[Task: 27] Size: 9 Evaluations: 4476
[Task: 27] Size: 10 Evaluations: 10901
[Task: 27] Benchmark: exceljet1.sl
[Task: 27] Result: Success
[Task: 27] Program: _arg_1[concat(" ", _arg_1).IndexOf("_"):]
[Task: 27] Number of evaluations: 47942
[Task: 27] 2021-09-28 06:50:49.365291
[Task: 27] Time taken: 0:00:21.002968
[Task: 27] 
[Task: 28] Loading bustle model....
[Task: 28] Count: 28
[Task: 28] 
[Task: 28] 2021-09-28 06:50:28.332379
[Task: 28] Number of programs: 9
[Task: 28] Size: 0 Evaluations: 0
[Task: 28] Size: 1 Evaluations: 0
[Task: 28] Size: 2 Evaluations: 11
[Task: 28] Size: 3 Evaluations: 18
[Task: 28] Size: 4 Evaluations: 14
[Task: 28] Size: 5 Evaluations: 65
[Task: 28] Size: 6 Evaluations: 94
[Task: 28] Size: 7 Evaluations: 374
[Task: 28] Size: 8 Evaluations: 708
[Task: 28] Size: 9 Evaluations: 2764
[Task: 28] Size: 10 Evaluations: 6018
[Task: 28] Size: 11 Evaluations: 22457
[Task: 28] Size: 12 Evaluations: 54683
[Task: 28] Size: 13 Evaluations: 196465
[Task: 28] Benchmark: exceljet2.sl
[Task: 28] Result: Success
[Task: 28] Program: _arg_0[_arg_0[_arg_0.IndexOf("."):].Length():].replace(".", "")
[Task: 28] Number of evaluations: 527079
[Task: 28] 2021-09-28 06:55:17.120580
[Task: 28] Time taken: 0:04:48.774576
[Task: 28] 
[Task: 29] Loading bustle model....
[Task: 29] Count: 29
[Task: 29] 
[Task: 29] 2021-09-28 06:50:28.317698
[Task: 29] Number of programs: 9
[Task: 29] Size: 0 Evaluations: 0
[Task: 29] Size: 1 Evaluations: 0
[Task: 29] Size: 2 Evaluations: 11
[Task: 29] Size: 3 Evaluations: 19
[Task: 29] Size: 4 Evaluations: 17
[Task: 29] Size: 5 Evaluations: 68
[Task: 29] Size: 6 Evaluations: 143
[Task: 29] Size: 7 Evaluations: 437
[Task: 29] Size: 8 Evaluations: 1156
[Task: 29] Benchmark: exceljet3.sl
[Task: 29] Result: Success
[Task: 29] Program: _arg_0[1:][_arg_0.IndexOf("="):].strip()
[Task: 29] Number of evaluations: 3885
[Task: 29] 2021-09-28 06:50:30.936629
[Task: 29] Time taken: 0:00:02.602679
[Task: 29] 
[Task: 30] Loading bustle model....
[Task: 30] Count: 30
[Task: 30] 
[Task: 30] 2021-09-28 06:50:28.325892
[Task: 30] Number of programs: 10
[Task: 30] Size: 0 Evaluations: 0
[Task: 30] Size: 1 Evaluations: 0
[Task: 30] Size: 2 Evaluations: 12
[Task: 30] Size: 3 Evaluations: 26
[Task: 30] Size: 4 Evaluations: 21
[Task: 30] Size: 5 Evaluations: 95
[Task: 30] Size: 6 Evaluations: 188
[Task: 30] Size: 7 Evaluations: 720
[Task: 30] Size: 8 Evaluations: 1823
[Task: 30] Size: 9 Evaluations: 6494
[Task: 30] Size: 10 Evaluations: 18910
[Task: 30] Size: 11 Evaluations: 64689
[Task: 30] Size: 12 Evaluations: 205192
[Task: 30] Size: 13 Evaluations: 696912
[Task: 30] Benchmark: exceljet4.sl
[Task: 30] Result: Success
[Task: 30] Program: _arg_0[concat(" ", concat(" ", _arg_0)).IndexOf("/"):]
[Task: 30] Number of evaluations: 2956657
[Task: 30] 2021-09-28 07:16:57.773375
[Task: 30] Time taken: 0:26:29.433547
[Task: 30] 
[Task: 31] Loading bustle model....
[Task: 31] Count: 31
[Task: 31] 
[Task: 31] 2021-09-28 06:50:28.293187
[Task: 31] Number of programs: 14
[Task: 31] Size: 0 Evaluations: 0
[Task: 31] Size: 1 Evaluations: 0
[Task: 31] Size: 2 Evaluations: 15
[Task: 31] Size: 3 Evaluations: 45
[Task: 31] Size: 4 Evaluations: 37
[Task: 31] Size: 5 Evaluations: 281
[Task: 31] Size: 6 Evaluations: 499
[Task: 31] Size: 7 Evaluations: 3322
[Task: 31] Size: 8 Evaluations: 7985
[Task: 31] Size: 9 Evaluations: 50842
[Task: 31] Size: 10 Evaluations: 136412
[Task: 31] Size: 11 Evaluations: 816007
[Task: 31] Size: 12 Evaluations: 2573426
[Task: 32] Loading bustle model....
[Task: 32] Count: 32
[Task: 32] 
[Task: 32] 2021-09-28 06:50:28.274228
[Task: 32] Number of programs: 11
[Task: 32] Size: 0 Evaluations: 0
[Task: 32] Size: 1 Evaluations: 0
[Task: 32] Size: 2 Evaluations: 12
[Task: 32] Size: 3 Evaluations: 25
[Task: 32] Size: 4 Evaluations: 19
[Task: 32] Size: 5 Evaluations: 101
[Task: 32] Size: 6 Evaluations: 171
[Task: 32] Size: 7 Evaluations: 773
[Task: 32] Size: 8 Evaluations: 1726
[Task: 32] Size: 9 Evaluations: 7621
[Task: 32] Size: 10 Evaluations: 19394
[Task: 32] Size: 11 Evaluations: 81179
[Task: 32] Size: 12 Evaluations: 234340
[Task: 32] Size: 13 Evaluations: 943622
[Task: 32] Size: 14 Evaluations: 2920635
[Task: 33] Loading bustle model....
[Task: 33] Count: 33
[Task: 33] 
[Task: 33] 2021-09-28 06:50:28.294790
[Task: 33] Number of programs: 7
[Task: 33] Size: 0 Evaluations: 0
[Task: 33] Size: 1 Evaluations: 0
[Task: 33] Size: 2 Evaluations: 10
[Task: 33] Size: 3 Evaluations: 17
[Task: 33] Size: 4 Evaluations: 12
[Task: 33] Size: 5 Evaluations: 35
[Task: 33] Size: 6 Evaluations: 73
[Task: 33] Size: 7 Evaluations: 169
[Task: 33] Size: 8 Evaluations: 368
[Task: 33] Size: 9 Evaluations: 957
[Task: 33] Benchmark: firstname.sl
[Task: 33] Result: Success
[Task: 33] Program: name[:name.IndexOf(" ")]
[Task: 33] Number of evaluations: 3557
[Task: 33] 2021-09-28 06:50:30.813295
[Task: 33] Time taken: 0:00:02.500789
[Task: 33] 
[Task: 34] Loading bustle model....
[Task: 34] Count: 34
[Task: 34] 
[Task: 34] 2021-09-28 06:50:28.312539
[Task: 34] Number of programs: 10
[Task: 34] Size: 0 Evaluations: 0
[Task: 34] Size: 1 Evaluations: 0
[Task: 34] Size: 2 Evaluations: 14
[Task: 34] Size: 3 Evaluations: 31
[Task: 34] Size: 4 Evaluations: 24
[Task: 34] Benchmark: get-domain-from-email-address_2.sl
[Task: 34] Result: Success
[Task: 34] Program: _arg_1[:_arg_1.IndexOf("_")]
[Task: 34] Number of evaluations: 107
[Task: 34] 2021-09-28 06:50:28.852446
[Task: 34] Time taken: 0:00:00.524725
[Task: 34] 
[Task: 35] Loading bustle model....
[Task: 35] Count: 35
[Task: 35] 
[Task: 35] 2021-09-28 06:50:28.295179
[Task: 35] Number of programs: 11
[Task: 35] Size: 0 Evaluations: 0
[Task: 35] Size: 1 Evaluations: 0
[Task: 35] Size: 2 Evaluations: 13
[Task: 35] Size: 3 Evaluations: 29
[Task: 35] Size: 4 Evaluations: 20
[Task: 35] Size: 5 Evaluations: 142
[Task: 35] Size: 6 Evaluations: 155
[Task: 35] Size: 7 Evaluations: 1093
[Task: 35] Size: 8 Evaluations: 1763
[Task: 35] Size: 9 Evaluations: 10959
[Task: 35] Size: 10 Evaluations: 22595
[Task: 35] Size: 11 Evaluations: 120874
[Task: 35] Size: 12 Evaluations: 309889
[Task: 35] Size: 13 Evaluations: 1500048
[Task: 36] Loading bustle model....
[Task: 36] Count: 36
[Task: 36] 
[Task: 36] 2021-09-28 06:50:28.319473
[Task: 36] Number of programs: 8
[Task: 36] Size: 0 Evaluations: 0
[Task: 36] Size: 1 Evaluations: 0
[Task: 36] Size: 2 Evaluations: 11
[Task: 36] Size: 3 Evaluations: 13
[Task: 36] Size: 4 Evaluations: 15
[Task: 36] Size: 5 Evaluations: 40
[Task: 36] Size: 6 Evaluations: 92
[Task: 36] Size: 7 Evaluations: 214
[Task: 36] Size: 8 Evaluations: 564
[Task: 36] Size: 9 Evaluations: 1502
[Task: 36] Benchmark: get-first-name-from-name.sl
[Task: 36] Result: Success
[Task: 36] Program: _arg_0[:_arg_0.IndexOf(" ")]
[Task: 36] Number of evaluations: 5828
[Task: 36] 2021-09-28 06:50:31.307722
[Task: 36] Time taken: 0:00:02.972752
[Task: 36] 
[Task: 37] Loading bustle model....
[Task: 37] Count: 37
[Task: 37] 
[Task: 37] 2021-09-28 06:50:28.258900
[Task: 37] Number of programs: 8
[Task: 37] Size: 0 Evaluations: 0
[Task: 37] Size: 1 Evaluations: 0
[Task: 37] Size: 2 Evaluations: 11
[Task: 37] Size: 3 Evaluations: 13
[Task: 37] Size: 4 Evaluations: 17
[Task: 37] Size: 5 Evaluations: 51
[Task: 37] Size: 6 Evaluations: 106
[Task: 37] Size: 7 Evaluations: 278
[Task: 37] Benchmark: get-first-word.sl
[Task: 37] Result: Success
[Task: 37] Program: _arg_0[:_arg_0.replace(" ", _arg_0).IndexOf(_arg_0)]
[Task: 37] Number of evaluations: 1065
[Task: 37] 2021-09-28 06:50:29.395770
[Task: 37] Time taken: 0:00:01.135167
[Task: 37] 
[Task: 38] Loading bustle model....
[Task: 38] Count: 38
[Task: 38] 
[Task: 38] 2021-09-28 06:50:28.253455
[Task: 38] Number of programs: 9
[Task: 38] Size: 0 Evaluations: 0
[Task: 38] Size: 1 Evaluations: 0
[Task: 38] Size: 2 Evaluations: 14
[Task: 38] Size: 3 Evaluations: 19
[Task: 38] Size: 4 Evaluations: 49
[Task: 38] Size: 5 Evaluations: 121
[Task: 38] Size: 6 Evaluations: 414
[Task: 38] Size: 7 Evaluations: 1185
[Task: 38] Size: 8 Evaluations: 4350
[Task: 38] Size: 9 Evaluations: 14134
[Task: 38] Size: 10 Evaluations: 52731
[Task: 38] Size: 11 Evaluations: 185320
[Task: 38] Size: 12 Evaluations: 693441
[Task: 38] Size: 13 Evaluations: 2549479
[Task: 39] Loading bustle model....
[Task: 39] Count: 39
[Task: 39] 
[Task: 39] 2021-09-28 06:50:28.277862
[Task: 39] Number of programs: 8
[Task: 39] Size: 0 Evaluations: 0
[Task: 39] Size: 1 Evaluations: 0
[Task: 39] Size: 2 Evaluations: 11
[Task: 39] Size: 3 Evaluations: 13
[Task: 39] Size: 4 Evaluations: 15
[Task: 39] Size: 5 Evaluations: 38
[Task: 39] Size: 6 Evaluations: 83
[Task: 39] Size: 7 Evaluations: 193
[Task: 39] Size: 8 Evaluations: 480
[Task: 39] Size: 9 Evaluations: 1297
[Task: 39] Benchmark: get-last-name-from-name.sl
[Task: 39] Result: Success
[Task: 39] Program: _arg_0[1:][1:][1:][1:].strip()
[Task: 39] Number of evaluations: 3312
[Task: 39] 2021-09-28 06:50:31.015562
[Task: 39] Time taken: 0:00:02.729040
[Task: 39] 
[Task: 40] Loading bustle model....
[Task: 40] Count: 40
[Task: 40] 
[Task: 40] 2021-09-28 06:56:04.331116
[Task: 40] Number of programs: 9
[Task: 40] Size: 0 Evaluations: 0
[Task: 40] Size: 1 Evaluations: 0
[Task: 40] Size: 2 Evaluations: 11
[Task: 40] Size: 3 Evaluations: 19
[Task: 40] Size: 4 Evaluations: 10
[Task: 40] Size: 5 Evaluations: 30
[Task: 40] Size: 6 Evaluations: 37
[Task: 40] Size: 7 Evaluations: 32
[Task: 40] Size: 8 Evaluations: 107
[Task: 40] Size: 9 Evaluations: 146
[Task: 40] Size: 10 Evaluations: 353
[Task: 40] Size: 11 Evaluations: 835
[Task: 40] Size: 12 Evaluations: 1955
[Task: 40] Size: 13 Evaluations: 4511
[Task: 40] Size: 14 Evaluations: 12749
[Task: 40] Size: 15 Evaluations: 33539
[Task: 40] Benchmark: get-last-name-from-name-with-comma.sl
[Task: 40] Result: Success
[Task: 40] Program: concat(concat(_arg_0[(1 + _arg_0.IndexOf(",")):], ","), _arg_0)[:_arg_0.Length()]
[Task: 40] Number of evaluations: 124909
[Task: 40] 2021-09-28 06:57:04.639480
[Task: 40] Time taken: 0:01:00.305568
[Task: 40] 
[Task: 41] Loading bustle model....
[Task: 41] Count: 41
[Task: 41] 
[Task: 41] 2021-09-28 06:56:04.352098
[Task: 41] Number of programs: 8
[Task: 41] Size: 0 Evaluations: 0
[Task: 41] Size: 1 Evaluations: 0
[Task: 41] Size: 2 Evaluations: 10
[Task: 41] Size: 3 Evaluations: 13
[Task: 41] Size: 4 Evaluations: 10
[Task: 41] Size: 5 Evaluations: 38
[Task: 41] Size: 6 Evaluations: 57
[Task: 41] Size: 7 Evaluations: 178
[Task: 41] Size: 8 Evaluations: 357
[Task: 41] Size: 9 Evaluations: 1100
[Task: 41] Size: 10 Evaluations: 2484
[Task: 41] Size: 11 Evaluations: 7258
[Task: 41] Size: 12 Evaluations: 18160
[Task: 41] Size: 13 Evaluations: 52974
[Task: 41] Size: 14 Evaluations: 139713
[Task: 41] Size: 15 Evaluations: 404040
[Task: 41] Size: 16 Evaluations: 1106994
[Task: 41] Benchmark: get-last-word.sl
[Task: 41] Result: Success
[Task: 41] Program: _arg_0[_arg_0[1:][1:][1:][1:].Length():]
[Task: 41] Number of evaluations: 4183796
[Task: 41] 2021-09-28 07:34:35.892842
[Task: 41] Time taken: 0:38:31.540754
[Task: 41] 
[Task: 42] Loading bustle model....
[Task: 42] Count: 42
[Task: 42] 
[Task: 42] 2021-09-28 06:56:04.335335
[Task: 42] Number of programs: 8
[Task: 42] Size: 0 Evaluations: 0
[Task: 42] Size: 1 Evaluations: 0
[Task: 42] Size: 2 Evaluations: 10
[Task: 42] Size: 3 Evaluations: 13
[Task: 42] Size: 4 Evaluations: 18
[Task: 42] Size: 5 Evaluations: 51
[Task: 42] Size: 6 Evaluations: 113
[Task: 42] Size: 7 Evaluations: 308
[Task: 42] Size: 8 Evaluations: 921
[Task: 42] Size: 9 Evaluations: 2505
[Task: 42] Size: 10 Evaluations: 8257
[Task: 42] Size: 11 Evaluations: 22844
[Task: 42] Size: 12 Evaluations: 78379
[Task: 42] Size: 13 Evaluations: 225371
[Task: 42] Size: 14 Evaluations: 774003
[Task: 42] Size: 15 Evaluations: 2312573
[Task: 43] Loading bustle model....
[Task: 43] Count: 43
[Task: 43] 
[Task: 43] 2021-09-28 06:56:04.354662
[Task: 43] Number of programs: 8
[Task: 43] Size: 0 Evaluations: 0
[Task: 43] Size: 1 Evaluations: 0
[Task: 43] Size: 2 Evaluations: 11
[Task: 43] Size: 3 Evaluations: 22
[Task: 43] Size: 4 Evaluations: 4
[Task: 43] Size: 5 Evaluations: 32
[Task: 43] Size: 6 Evaluations: 19
[Task: 43] Size: 7 Evaluations: 40
[Task: 43] Size: 8 Evaluations: 37
[Task: 43] Size: 9 Evaluations: 82
[Task: 43] Size: 10 Evaluations: 161
[Task: 43] Size: 11 Evaluations: 210
[Task: 43] Size: 12 Evaluations: 477
[Task: 43] Size: 13 Evaluations: 449
[Task: 43] Size: 14 Evaluations: 1103
[Task: 43] Size: 15 Evaluations: 1104
[Task: 43] Size: 16 Evaluations: 2412
[Task: 43] Size: 17 Evaluations: 3558
[Task: 43] Size: 18 Evaluations: 5938
[Task: 43] Size: 19 Evaluations: 10845
[Task: 43] Size: 20 Evaluations: 15965
[Task: 43] Size: 21 Evaluations: 31505
[Task: 43] Size: 22 Evaluations: 44140
[Task: 43] Size: 23 Evaluations: 87481
[Task: 43] Size: 24 Evaluations: 135340
[Task: 43] Size: 25 Evaluations: 258342
[Task: 43] Size: 26 Evaluations: 473847
[Task: 43] Size: 27 Evaluations: 870458
[Task: 43] Size: 28 Evaluations: 1750802
[Task: 44] Loading bustle model....
[Task: 44] Count: 44
[Task: 44] 
[Task: 44] 2021-09-28 06:56:04.335689
[Task: 44] Number of programs: 11
[Task: 44] Size: 0 Evaluations: 0
[Task: 44] Size: 1 Evaluations: 0
[Task: 44] Size: 2 Evaluations: 17
[Task: 44] Size: 3 Evaluations: 42
[Task: 44] Size: 4 Evaluations: 7
[Task: 44] Size: 5 Evaluations: 123
[Task: 44] Size: 6 Evaluations: 40
[Task: 44] Size: 7 Evaluations: 76
[Task: 44] Size: 8 Evaluations: 54
[Task: 44] Size: 9 Evaluations: 140
[Task: 44] Size: 10 Evaluations: 297
[Task: 44] Size: 11 Evaluations: 703
[Task: 44] Size: 12 Evaluations: 2885
[Task: 44] Size: 13 Evaluations: 1867
[Task: 44] Size: 14 Evaluations: 6544
[Task: 44] Size: 15 Evaluations: 4939
[Task: 44] Size: 16 Evaluations: 7945
[Task: 44] Size: 17 Evaluations: 8105
[Task: 44] Size: 18 Evaluations: 22160
[Task: 44] Size: 19 Evaluations: 49565
[Task: 44] Size: 20 Evaluations: 83043
[Task: 44] Size: 21 Evaluations: 245045
[Task: 44] Size: 22 Evaluations: 256466
[Task: 44] Size: 23 Evaluations: 547378
[Task: 44] Size: 24 Evaluations: 593099
[Task: 44] Benchmark: join-cells-with-comma.sl
[Task: 44] Result: Success
[Task: 44] Program: concat(_arg_0, concat(_arg_1.replace("".strip(), concat(",", " ")), concat(",", concat(" ", _arg_2))))
[Task: 44] Number of evaluations: 1891928
[Task: 44] 2021-09-28 07:18:12.488446
[Task: 44] Time taken: 0:22:08.152701
[Task: 44] 
[Task: 45] Loading bustle model....
[Task: 45] Count: 45
[Task: 45] 
[Task: 45] 2021-09-28 06:56:04.321449
[Task: 45] Number of programs: 9
[Task: 45] Size: 0 Evaluations: 0
[Task: 45] Size: 1 Evaluations: 0
[Task: 45] Size: 2 Evaluations: 13
[Task: 45] Size: 3 Evaluations: 22
[Task: 45] Size: 4 Evaluations: 4
[Task: 45] Size: 5 Evaluations: 54
[Task: 45] Size: 6 Evaluations: 9
[Task: 45] Size: 7 Evaluations: 31
[Task: 45] Size: 8 Evaluations: 14
[Task: 45] Size: 9 Evaluations: 70
[Task: 45] Benchmark: join-first-and-last-name.sl
[Task: 45] Result: Success
[Task: 45] Program: concat(_arg_0, concat(" ", _arg_1))
[Task: 45] Number of evaluations: 233
[Task: 45] 2021-09-28 06:56:05.439614
[Task: 45] Time taken: 0:00:01.118134
[Task: 45] 
[Task: 46] Loading bustle model....
[Task: 46] Count: 46
[Task: 46] 
[Task: 46] 2021-09-28 06:56:04.328528
[Task: 46] Number of programs: 6
[Task: 46] Size: 0 Evaluations: 0
[Task: 46] Size: 1 Evaluations: 0
[Task: 46] Size: 2 Evaluations: 9
[Task: 46] Size: 3 Evaluations: 11
[Task: 46] Size: 4 Evaluations: 10
[Task: 46] Size: 5 Evaluations: 21
[Task: 46] Size: 6 Evaluations: 39
[Task: 46] Size: 7 Evaluations: 74
[Task: 46] Size: 8 Evaluations: 140
[Task: 46] Size: 9 Evaluations: 337
[Task: 46] Size: 10 Evaluations: 628
[Task: 46] Benchmark: lastname.sl
[Task: 46] Result: Success
[Task: 46] Program: name[name.IndexOf(" "):].strip()
[Task: 46] Number of evaluations: 1995
[Task: 46] 2021-09-28 06:56:06.635839
[Task: 46] Time taken: 0:00:02.306401
[Task: 46] 
[Task: 47] Loading bustle model....
[Task: 47] Count: 47
[Task: 47] 
[Task: 47] 2021-09-28 06:56:04.412564
[Task: 47] Number of programs: 10
[Task: 47] Size: 0 Evaluations: 0
[Task: 47] Size: 1 Evaluations: 0
[Task: 47] Size: 2 Evaluations: 15
[Task: 47] Size: 3 Evaluations: 37
[Task: 47] Size: 4 Evaluations: 3
[Task: 47] Size: 5 Evaluations: 86
[Task: 47] Size: 6 Evaluations: 12
[Task: 47] Size: 7 Evaluations: 0
[Task: 47] Size: 8 Evaluations: 2
[Task: 47] Size: 9 Evaluations: 88
[Task: 47] Size: 10 Evaluations: 208
[Task: 47] Benchmark: most-frequently-occurring-text.sl
[Task: 47] Result: Success
[Task: 47] Program: (ifEqual(_arg_0,_arg_1) then _arg_0 else _arg_2)
[Task: 47] Number of evaluations: 638
[Task: 47] 2021-09-28 06:56:05.705057
[Task: 47] Time taken: 0:00:01.292333
[Task: 47] 
[Task: 48] Loading bustle model....
[Task: 48] Count: 48
[Task: 48] 
[Task: 48] 2021-09-28 07:01:44.265274
[Task: 48] Number of programs: 9
[Task: 48] Size: 0 Evaluations: 0
[Task: 48] Size: 1 Evaluations: 0
[Task: 48] Size: 2 Evaluations: 15
[Task: 48] Size: 3 Evaluations: 36
[Task: 48] Size: 4 Evaluations: 24
[Task: 48] Size: 5 Evaluations: 111
[Task: 48] Size: 6 Evaluations: 145
[Task: 48] Size: 7 Evaluations: 391
[Task: 48] Size: 8 Evaluations: 643
[Task: 48] Size: 9 Evaluations: 1093
[Task: 48] Size: 10 Evaluations: 2032
[Task: 48] Size: 11 Evaluations: 3281
[Task: 48] Size: 12 Evaluations: 6702
[Task: 48] Size: 13 Evaluations: 11895
[Task: 48] Benchmark: name-combine-2.sl
[Task: 48] Result: Success
[Task: 48] Program: concat(concat(concat(firstname, " "), lastname.CharAt(0)), ".")
[Task: 48] Number of evaluations: 29459
[Task: 48] 2021-09-28 07:02:14.017679
[Task: 48] Time taken: 0:00:29.742632
[Task: 48] 
[Task: 49] Loading bustle model....
[Task: 49] Count: 49
[Task: 49] 
[Task: 49] 2021-09-28 07:01:44.317085
[Task: 49] Number of programs: 9
[Task: 49] Size: 0 Evaluations: 0
[Task: 49] Size: 1 Evaluations: 0
[Task: 49] Size: 2 Evaluations: 15
[Task: 49] Size: 3 Evaluations: 36
[Task: 49] Size: 4 Evaluations: 26
[Task: 49] Size: 5 Evaluations: 117
[Task: 49] Size: 6 Evaluations: 181
[Task: 49] Size: 7 Evaluations: 487
[Task: 49] Size: 8 Evaluations: 994
[Task: 49] Benchmark: name-combine-3.sl
[Task: 49] Result: Success
[Task: 49] Program: concat(firstname.CharAt(0), concat(".", concat(" ", lastname)))
[Task: 49] Number of evaluations: 1946
[Task: 49] 2021-09-28 07:01:46.968400
[Task: 49] Time taken: 0:00:02.646957
[Task: 49] 
[Task: 50] Loading bustle model....
[Task: 50] Count: 50
[Task: 50] 
[Task: 50] 2021-09-28 07:01:44.315787
[Task: 50] Number of programs: 10
[Task: 50] Size: 0 Evaluations: 0
[Task: 50] Size: 1 Evaluations: 0
[Task: 50] Size: 2 Evaluations: 16
[Task: 50] Size: 3 Evaluations: 45
[Task: 50] Size: 4 Evaluations: 25
[Task: 50] Size: 5 Evaluations: 132
[Task: 50] Size: 6 Evaluations: 208
[Task: 50] Size: 7 Evaluations: 534
[Task: 50] Size: 8 Evaluations: 956
[Task: 50] Size: 9 Evaluations: 1597
[Task: 50] Size: 10 Evaluations: 3103
[Task: 50] Size: 11 Evaluations: 5507
[Task: 50] Size: 12 Evaluations: 10684
[Task: 50] Size: 13 Evaluations: 19430
[Task: 50] Size: 14 Evaluations: 38832
[Task: 50] Size: 15 Evaluations: 74684
[Task: 50] Size: 16 Evaluations: 148057
[Task: 50] Benchmark: name-combine-4.sl
[Task: 50] Result: Success
[Task: 50] Program: concat(concat(concat(concat(lastname, ","), " "), firstname.CharAt(0)), ".")
[Task: 50] Number of evaluations: 338505
[Task: 50] 2021-09-28 07:08:32.970623
[Task: 50] Time taken: 0:06:48.651245
[Task: 50] 
[Task: 51] Loading bustle model....
[Task: 51] Count: 51
[Task: 51] 
[Task: 51] 2021-09-28 07:01:44.240319
[Task: 51] Number of programs: 8
[Task: 51] Size: 0 Evaluations: 0
[Task: 51] Size: 1 Evaluations: 0
[Task: 51] Size: 2 Evaluations: 14
[Task: 51] Size: 3 Evaluations: 29
[Task: 51] Size: 4 Evaluations: 22
[Task: 51] Size: 5 Evaluations: 82
[Task: 51] Size: 6 Evaluations: 146
[Task: 51] Size: 7 Evaluations: 279
[Task: 51] Size: 8 Evaluations: 544
[Task: 51] Size: 9 Evaluations: 821
[Task: 51] Benchmark: name-combine.sl
[Task: 51] Result: Success
[Task: 51] Program: concat(firstname, concat(" ", lastname))
[Task: 51] Number of evaluations: 1964
[Task: 51] 2021-09-28 07:01:47.119936
[Task: 51] Time taken: 0:00:02.874609
[Task: 51] 
[Task: 52] Loading bustle model....
[Task: 52] Count: 52
[Task: 52] 
[Task: 52] 2021-09-28 07:01:44.234255
[Task: 52] Number of programs: 15
[Task: 52] Size: 0 Evaluations: 0
[Task: 52] Size: 1 Evaluations: 0
[Task: 52] Size: 2 Evaluations: 16
[Task: 52] Size: 3 Evaluations: 81
[Task: 52] Size: 4 Evaluations: 53
[Task: 52] Size: 5 Evaluations: 318
[Task: 52] Size: 6 Evaluations: 289
[Task: 52] Size: 7 Evaluations: 1471
[Task: 52] Size: 8 Evaluations: 1155
[Task: 52] Size: 9 Evaluations: 5259
[Task: 52] Size: 10 Evaluations: 6522
[Task: 52] Size: 11 Evaluations: 21436
[Task: 52] Size: 12 Evaluations: 43104
[Task: 52] Size: 13 Evaluations: 102024
[Task: 52] Size: 14 Evaluations: 266471
[Task: 52] Size: 15 Evaluations: 551316
[Task: 52] Size: 16 Evaluations: 1512293
[Task: 53] Loading bustle model....
[Task: 53] Count: 53
[Task: 53] 
[Task: 53] 2021-09-28 07:01:44.203569
[Task: 53] Number of programs: 10
[Task: 53] Size: 0 Evaluations: 0
[Task: 53] Size: 1 Evaluations: 0
[Task: 53] Size: 2 Evaluations: 11
[Task: 53] Size: 3 Evaluations: 34
[Task: 53] Size: 4 Evaluations: 9
[Task: 53] Benchmark: phone-1.sl
[Task: 53] Result: Success
[Task: 53] Program: name[4:][:3]
[Task: 53] Number of evaluations: 101
[Task: 53] 2021-09-28 07:01:44.726475
[Task: 53] Time taken: 0:00:00.522893
[Task: 53] 
[Task: 54] Loading bustle model....
[Task: 54] Count: 54
[Task: 54] 
[Task: 54] 2021-09-28 07:01:44.207836
[Task: 54] Number of programs: 10
[Task: 54] Size: 0 Evaluations: 0
[Task: 54] Size: 1 Evaluations: 0
[Task: 54] Size: 2 Evaluations: 11
[Task: 54] Size: 3 Evaluations: 34
[Task: 54] Size: 4 Evaluations: 8
[Task: 54] Benchmark: phone-2.sl
[Task: 54] Result: Success
[Task: 54] Program: name[3:][5:]
[Task: 54] Number of evaluations: 105
[Task: 54] 2021-09-28 07:01:44.719744
[Task: 54] Time taken: 0:00:00.511818
[Task: 54] 
[Task: 55] Loading bustle model....
[Task: 55] Count: 55
[Task: 55] 
[Task: 55] 2021-09-28 07:01:44.260352
[Task: 55] Number of programs: 13
[Task: 55] Size: 0 Evaluations: 0
[Task: 55] Size: 1 Evaluations: 0
[Task: 55] Size: 2 Evaluations: 14
[Task: 55] Size: 3 Evaluations: 55
[Task: 55] Size: 4 Evaluations: 33
[Task: 55] Size: 5 Evaluations: 223
[Task: 55] Size: 6 Evaluations: 234
[Task: 55] Size: 7 Evaluations: 985
[Task: 55] Size: 8 Evaluations: 1153
[Task: 55] Size: 9 Evaluations: 3147
[Task: 55] Size: 10 Evaluations: 6853
[Task: 55] Size: 11 Evaluations: 16456
[Task: 55] Size: 12 Evaluations: 47286
[Task: 55] Benchmark: phone-3.sl
[Task: 55] Result: Success
[Task: 55] Program: concat("(", name.replace("-", concat(")", " ")))
[Task: 55] Number of evaluations: 77866
[Task: 55] 2021-09-28 07:03:33.236808
[Task: 55] Time taken: 0:01:48.968130
[Task: 55] 
[Task: 56] Loading bustle model....
[Task: 56] Count: 56
[Task: 56] 
[Task: 56] 2021-09-28 07:01:44.292319
[Task: 56] Number of programs: 14
[Task: 56] Size: 0 Evaluations: 0
[Task: 56] Size: 1 Evaluations: 0
[Task: 56] Size: 2 Evaluations: 15
[Task: 56] Size: 3 Evaluations: 66
[Task: 56] Size: 4 Evaluations: 36
[Task: 56] Benchmark: phone-4.sl
[Task: 56] Result: Success
[Task: 56] Program: name.replace("-", ".",2)
[Task: 56] Number of evaluations: 189
[Task: 56] 2021-09-28 07:01:44.827816
[Task: 56] Time taken: 0:00:00.529233
[Task: 56] 
[Task: 57] Loading bustle model....
[Task: 57] Count: 57
[Task: 57] 
[Task: 57] 2021-09-28 07:01:44.232886
[Task: 57] Number of programs: 13
[Task: 57] Size: 0 Evaluations: 0
[Task: 57] Size: 1 Evaluations: 0
[Task: 57] Size: 2 Evaluations: 14
[Task: 57] Size: 3 Evaluations: 56
[Task: 57] Size: 4 Evaluations: 25
[Task: 57] Size: 5 Evaluations: 297
[Task: 57] Benchmark: phone-5.sl
[Task: 57] Result: Success
[Task: 57] Program: name.Substr(1,name.IndexOf(" "))
[Task: 57] Number of evaluations: 597
[Task: 57] 2021-09-28 07:01:45.157347
[Task: 57] Time taken: 0:00:00.923266
[Task: 57] 
[Task: 58] Loading bustle model....
[Task: 58] Count: 58
[Task: 58] 
[Task: 58] 2021-09-28 07:01:44.248568
[Task: 58] Number of programs: 13
[Task: 58] Size: 0 Evaluations: 0
[Task: 58] Size: 1 Evaluations: 0
[Task: 58] Size: 2 Evaluations: 14
[Task: 58] Size: 3 Evaluations: 56
[Task: 58] Size: 4 Evaluations: 27
[Task: 58] Size: 5 Evaluations: 298
[Task: 58] Size: 6 Evaluations: 389
[Task: 58] Size: 7 Evaluations: 3357
[Task: 58] Benchmark: phone-6.sl
[Task: 58] Result: Success
[Task: 58] Program: name[name.IndexOf(" "):].Substr(1,4)
[Task: 58] Number of evaluations: 8033
[Task: 58] 2021-09-28 07:01:50.494411
[Task: 58] Time taken: 0:00:06.237490
[Task: 58] 
[Task: 59] Loading bustle model....
[Task: 59] Count: 59
[Task: 59] 
[Task: 59] 2021-09-28 07:01:44.294681
[Task: 59] Number of programs: 13
[Task: 59] Size: 0 Evaluations: 0
[Task: 59] Size: 1 Evaluations: 0
[Task: 59] Size: 2 Evaluations: 14
[Task: 59] Size: 3 Evaluations: 56
[Task: 59] Size: 4 Evaluations: 29
[Task: 59] Size: 5 Evaluations: 300
[Task: 59] Size: 6 Evaluations: 430
[Task: 59] Size: 7 Evaluations: 3764
[Task: 59] Size: 8 Evaluations: 8003
[Task: 59] Benchmark: phone-7.sl
[Task: 59] Result: Success
[Task: 59] Program: name[5:][name.IndexOf(" "):][:3]
[Task: 59] Number of evaluations: 44148
[Task: 59] 2021-09-28 07:02:07.940729
[Task: 59] Time taken: 0:00:23.639258
[Task: 59] 
[Task: 60] Loading bustle model....
[Task: 60] Count: 60
[Task: 60] 
[Task: 60] 2021-09-28 07:01:44.260327
[Task: 60] Number of programs: 13
[Task: 60] Size: 0 Evaluations: 0
[Task: 60] Size: 1 Evaluations: 0
[Task: 60] Size: 2 Evaluations: 14
[Task: 60] Size: 3 Evaluations: 56
[Task: 60] Size: 4 Evaluations: 29
[Task: 60] Size: 5 Evaluations: 294
[Task: 60] Size: 6 Evaluations: 405
[Task: 60] Size: 7 Evaluations: 3717
[Task: 60] Size: 8 Evaluations: 7524
[Task: 60] Benchmark: phone-8.sl
[Task: 60] Result: Success
[Task: 60] Program: name[4:][5:][name.IndexOf(" "):]
[Task: 60] Number of evaluations: 45063
[Task: 60] 2021-09-28 07:02:08.371990
[Task: 60] Time taken: 0:00:24.103864
[Task: 60] 
[Task: 61] Loading bustle model....
[Task: 61] Count: 61
[Task: 61] 
[Task: 61] 2021-09-28 07:01:44.298665
[Task: 61] Number of programs: 13
[Task: 61] Size: 0 Evaluations: 0
[Task: 61] Size: 1 Evaluations: 0
[Task: 61] Size: 2 Evaluations: 14
[Task: 61] Size: 3 Evaluations: 57
[Task: 61] Size: 4 Evaluations: 47
[Task: 61] Size: 5 Evaluations: 236
[Task: 61] Size: 6 Evaluations: 230
[Task: 61] Size: 7 Evaluations: 944
[Task: 61] Size: 8 Evaluations: 830
[Task: 61] Size: 9 Evaluations: 2926
[Task: 61] Size: 10 Evaluations: 4137
[Task: 61] Size: 11 Evaluations: 9399
[Task: 61] Size: 12 Evaluations: 22341
[Task: 61] Size: 13 Evaluations: 39521
[Task: 61] Size: 14 Evaluations: 117965
[Task: 61] Benchmark: phone-9.sl
[Task: 61] Result: Success
[Task: 61] Program: name.replace("-", ".",2).replace(" ", ".")[1:]
[Task: 61] Number of evaluations: 251877
[Task: 61] 2021-09-28 07:06:56.110506
[Task: 61] Time taken: 0:05:11.798705
[Task: 61] 
[Task: 62] Loading bustle model....
[Task: 62] Count: 62
[Task: 62] 
[Task: 62] 2021-09-28 07:01:44.277909
[Task: 62] Number of programs: 10
[Task: 62] Size: 0 Evaluations: 0
[Task: 62] Size: 1 Evaluations: 0
[Task: 62] Size: 2 Evaluations: 11
[Task: 62] Benchmark: phone.sl
[Task: 62] Result: Success
[Task: 62] Program: name[:3]
[Task: 62] Number of evaluations: 23
[Task: 62] 2021-09-28 07:01:44.612625
[Task: 62] Time taken: 0:00:00.324585
[Task: 62] 
[Task: 63] Loading bustle model....
[Task: 63] Count: 63
[Task: 63] 
[Task: 63] 2021-09-28 07:01:44.271568
[Task: 63] Number of programs: 9
[Task: 63] Size: 0 Evaluations: 0
[Task: 63] Size: 1 Evaluations: 0
[Task: 63] Size: 2 Evaluations: 11
[Task: 63] Size: 3 Evaluations: 19
[Task: 63] Size: 4 Evaluations: 17
[Task: 63] Size: 5 Evaluations: 67
[Task: 63] Size: 6 Evaluations: 123
[Task: 63] Benchmark: remove-file-extension-from-filename.sl
[Task: 63] Result: Success
[Task: 63] Program: _arg_0[:_arg_0.IndexOf(".")]
[Task: 63] Number of evaluations: 532
[Task: 63] 2021-09-28 07:01:45.033275
[Task: 63] Time taken: 0:00:00.751512
[Task: 63] 
[Task: 64] Loading bustle model....
[Task: 64] Count: 64
[Task: 64] 
[Task: 64] 2021-09-28 07:01:44.285747
[Task: 64] Number of programs: 8
[Task: 64] Size: 0 Evaluations: 0
[Task: 64] Size: 1 Evaluations: 0
[Task: 64] Size: 2 Evaluations: 11
[Task: 64] Size: 3 Evaluations: 14
[Task: 64] Size: 4 Evaluations: 14
[Task: 64] Size: 5 Evaluations: 42
[Task: 64] Size: 6 Evaluations: 37
[Task: 64] Size: 7 Evaluations: 118
[Task: 64] Size: 8 Evaluations: 76
[Task: 64] Size: 9 Evaluations: 327
[Task: 64] Size: 10 Evaluations: 199
[Task: 64] Size: 11 Evaluations: 895
[Task: 64] Size: 12 Evaluations: 763
[Task: 64] Size: 13 Evaluations: 2427
[Task: 64] Size: 14 Evaluations: 2450
[Task: 64] Size: 15 Evaluations: 6330
[Task: 64] Size: 16 Evaluations: 8811
[Task: 64] Size: 17 Evaluations: 17977
[Task: 64] Size: 18 Evaluations: 31550
[Task: 64] Benchmark: remove-leading-and-trailing-spaces-from-text.sl
[Task: 64] Result: Success
[Task: 64] Program: concat(_arg_0[:_arg_0.IndexOf(" ")], concat(" ", _arg_0[_arg_0.IndexOf(" "):].strip()))
[Task: 64] Number of evaluations: 74306
[Task: 64] 2021-09-28 07:03:01.840280
[Task: 64] Time taken: 0:01:17.546176
[Task: 64] 
[Task: 65] Loading bustle model....
[Task: 65] Count: 65
[Task: 65] 
[Task: 65] 2021-09-28 07:01:44.330136
[Task: 65] Number of programs: 9
[Task: 65] Size: 0 Evaluations: 0
[Task: 65] Size: 1 Evaluations: 0
[Task: 65] Size: 2 Evaluations: 10
[Task: 65] Size: 3 Evaluations: 19
[Task: 65] Size: 4 Evaluations: 22
[Task: 65] Benchmark: remove-text-by-matching.sl
[Task: 65] Result: Success
[Task: 65] Program: _arg_0.replace("-", "",-1)
[Task: 65] Number of evaluations: 83
[Task: 65] 2021-09-28 07:01:44.773067
[Task: 65] Time taken: 0:00:00.441376
[Task: 65] 
[Task: 66] Loading bustle model....
[Task: 66] Count: 66
[Task: 66] 
[Task: 66] 2021-09-28 07:01:44.244698
[Task: 66] Number of programs: 9
[Task: 66] Size: 0 Evaluations: 0
[Task: 66] Size: 1 Evaluations: 0
[Task: 66] Size: 2 Evaluations: 11
[Task: 66] Size: 3 Evaluations: 18
[Task: 66] Size: 4 Evaluations: 16
[Task: 66] Size: 5 Evaluations: 61
[Task: 66] Size: 6 Evaluations: 114
[Task: 66] Size: 7 Evaluations: 393
[Task: 66] Size: 8 Evaluations: 918
[Task: 66] Size: 9 Evaluations: 3076
[Task: 66] Size: 10 Evaluations: 8307
[Task: 66] Size: 11 Evaluations: 26974
[Task: 66] Size: 12 Evaluations: 79730
[Task: 66] Size: 13 Evaluations: 257448
[Task: 66] Size: 14 Evaluations: 799471
[Task: 66] Size: 15 Evaluations: 2591304
[Task: 67] Loading bustle model....
[Task: 67] Count: 67
[Task: 67] 
[Task: 67] 2021-09-28 07:01:44.350125
[Task: 67] Number of programs: 9
[Task: 67] Size: 0 Evaluations: 0
[Task: 67] Size: 1 Evaluations: 0
[Task: 67] Size: 2 Evaluations: 12
[Task: 67] Size: 3 Evaluations: 20
[Task: 67] Size: 4 Evaluations: 5
[Task: 67] Size: 5 Evaluations: 51
[Task: 67] Size: 6 Evaluations: 24
[Task: 67] Size: 7 Evaluations: 141
[Task: 67] Size: 8 Evaluations: 67
[Task: 67] Size: 9 Evaluations: 402
[Task: 67] Size: 10 Evaluations: 341
[Task: 67] Benchmark: remove-unwanted-characters.sl
[Task: 67] Result: Success
[Task: 67] Program: _arg_0.replace(_arg_1.strip(), "",-1)
[Task: 67] Number of evaluations: 1389
[Task: 67] 2021-09-28 07:01:46.409613
[Task: 67] Time taken: 0:00:02.059401
[Task: 67] 
[Task: 68] Loading bustle model....
[Task: 68] Count: 68
[Task: 68] 
[Task: 68] 2021-09-28 07:07:10.092299
[Task: 68] Number of programs: 9
[Task: 68] Size: 0 Evaluations: 0
[Task: 68] Size: 1 Evaluations: 0
[Task: 68] Size: 2 Evaluations: 10
[Task: 68] Size: 3 Evaluations: 19
[Task: 68] Size: 4 Evaluations: 14
[Task: 68] Benchmark: replace-one-character-with-another.sl
[Task: 68] Result: Success
[Task: 68] Program: _arg_0.replace(" ", "-",-1)
[Task: 68] Number of evaluations: 69
[Task: 68] 2021-09-28 07:07:10.878192
[Task: 68] Time taken: 0:00:00.785864
[Task: 68] 
[Task: 69] Loading bustle model....
[Task: 69] Count: 69
[Task: 69] 
[Task: 69] 2021-09-28 07:15:37.218904
[Task: 69] Number of programs: 8
[Task: 69] Size: 0 Evaluations: 0
[Task: 69] Size: 1 Evaluations: 0
[Task: 69] Size: 2 Evaluations: 14
[Task: 69] Size: 3 Evaluations: 29
[Task: 69] Size: 4 Evaluations: 22
[Task: 69] Size: 5 Evaluations: 80
[Task: 69] Size: 6 Evaluations: 140
[Task: 69] Size: 7 Evaluations: 281
[Task: 69] Size: 8 Evaluations: 500
[Task: 69] Size: 9 Evaluations: 778
[Task: 69] Benchmark: reverse-name.sl
[Task: 69] Result: Success
[Task: 69] Program: concat(lastname, concat(" ", firstname))
[Task: 69] Number of evaluations: 1885
[Task: 69] 2021-09-28 07:15:39.900113
[Task: 69] Time taken: 0:00:02.675030
[Task: 69] 
[Task: 70] Loading bustle model....
[Task: 70] Count: 70
[Task: 70] 
[Task: 70] 2021-09-28 07:15:37.183513
[Task: 70] Number of programs: 13
[Task: 70] Size: 0 Evaluations: 0
[Task: 70] Size: 1 Evaluations: 0
[Task: 70] Size: 2 Evaluations: 15
[Task: 70] Size: 3 Evaluations: 37
[Task: 70] Size: 4 Evaluations: 84
[Task: 70] Size: 5 Evaluations: 315
[Task: 70] Size: 6 Evaluations: 1260
[Task: 70] Size: 7 Evaluations: 4406
[Task: 70] Size: 8 Evaluations: 20641
[Task: 70] Size: 9 Evaluations: 83385
[Task: 70] Size: 10 Evaluations: 420893
[Task: 71] Loading bustle model....
[Task: 71] Count: 71
[Task: 71] 
[Task: 71] 2021-09-28 07:15:37.200245
[Task: 71] Number of programs: 19
[Task: 71] Size: 0 Evaluations: 0
[Task: 71] Size: 1 Evaluations: 0
[Task: 71] Size: 2 Evaluations: 27
[Task: 71] Size: 3 Evaluations: 186
[Task: 71] Size: 4 Evaluations: 180
[Task: 71] Size: 5 Evaluations: 890
[Task: 71] Size: 6 Evaluations: 5221
[Task: 71] Size: 7 Evaluations: 29751
[Task: 71] Size: 8 Evaluations: 150261
[Task: 71] Size: 9 Evaluations: 836693
[Task: 71] Size: 10 Evaluations: 4619402
[Task: 72] Loading bustle model....
[Task: 72] Count: 72
[Task: 72] 
[Task: 72] 2021-09-28 07:15:37.249272
[Task: 72] Number of programs: 12
[Task: 72] Size: 0 Evaluations: 0
[Task: 72] Size: 1 Evaluations: 0
[Task: 72] Size: 2 Evaluations: 19
[Task: 72] Size: 3 Evaluations: 58
[Task: 72] Size: 4 Evaluations: 60
[Task: 72] Size: 5 Evaluations: 243
[Task: 72] Size: 6 Evaluations: 820
[Task: 72] Size: 7 Evaluations: 3139
[Task: 72] Size: 8 Evaluations: 11858
[Task: 72] Size: 9 Evaluations: 44495
[Task: 72] Size: 10 Evaluations: 173896
[Task: 72] Benchmark: stackoverflow1.sl
[Task: 72] Result: Success
[Task: 72] Program: _arg_0[:_arg_0.IndexOf("Inc")].strip()
[Task: 72] Number of evaluations: 619491
[Task: 72] 2021-09-28 07:19:30.742034
[Task: 72] Time taken: 0:03:53.489340
[Task: 72] 
[Task: 73] Loading bustle model....
[Task: 73] Count: 73
[Task: 73] 
[Task: 73] 2021-09-28 07:15:37.209544
[Task: 73] Number of programs: 9
[Task: 73] Size: 0 Evaluations: 0
[Task: 73] Size: 1 Evaluations: 0
[Task: 73] Size: 2 Evaluations: 13
[Task: 73] Size: 3 Evaluations: 17
[Task: 73] Size: 4 Evaluations: 18
[Task: 73] Size: 5 Evaluations: 68
[Task: 73] Size: 6 Evaluations: 127
[Task: 73] Size: 7 Evaluations: 428
[Task: 73] Size: 8 Evaluations: 965
[Task: 73] Size: 9 Evaluations: 3437
[Task: 73] Size: 10 Evaluations: 8525
[Task: 73] Size: 11 Evaluations: 30054
[Task: 73] Benchmark: stackoverflow2.sl
[Task: 73] Result: Success
[Task: 73] Program: _arg_0[:-1][:-1][:-1][:-1][:-1].strip()
[Task: 73] Number of evaluations: 87333
[Task: 73] 2021-09-28 07:16:17.784647
[Task: 73] Time taken: 0:00:40.569991
[Task: 73] 
[Task: 74] Loading bustle model....
[Task: 74] Count: 74
[Task: 74] 
[Task: 74] 2021-09-28 07:15:37.173888
[Task: 74] Number of programs: 13
[Task: 74] Size: 0 Evaluations: 0
[Task: 74] Size: 1 Evaluations: 0
[Task: 74] Size: 2 Evaluations: 15
[Task: 74] Size: 3 Evaluations: 37
[Task: 74] Size: 4 Evaluations: 46
[Task: 74] Size: 5 Evaluations: 222
[Task: 74] Size: 6 Evaluations: 628
[Task: 74] Size: 7 Evaluations: 2623
[Task: 74] Size: 8 Evaluations: 9467
[Task: 74] Size: 9 Evaluations: 39494
[Task: 74] Size: 10 Evaluations: 152109
[Task: 74] Size: 11 Evaluations: 625456
[Task: 74] Size: 12 Evaluations: 2618315
[Task: 74] Benchmark: stackoverflow3.sl
[Task: 74] Result: Success
[Task: 74] Program: _arg_0[3:][_arg_0.IndexOf("9"):].strip()
[Task: 74] Number of evaluations: 9463536
[Task: 74] 2021-09-28 08:26:45.272877
[Task: 74] Time taken: 1:11:08.099100
[Task: 74] 
[Task: 75] Loading bustle model....
[Task: 75] Count: 75
[Task: 75] 
[Task: 75] 2021-09-28 07:15:37.216988
[Task: 75] Number of programs: 12
[Task: 75] Size: 0 Evaluations: 0
[Task: 75] Size: 1 Evaluations: 0
[Task: 75] Size: 2 Evaluations: 14
[Task: 75] Size: 3 Evaluations: 45
[Task: 75] Size: 4 Evaluations: 28
[Task: 75] Size: 5 Evaluations: 62
[Task: 75] Size: 6 Evaluations: 42
[Task: 75] Size: 7 Evaluations: 145
[Task: 75] Size: 8 Evaluations: 152
[Task: 75] Size: 9 Evaluations: 466
[Task: 75] Size: 10 Evaluations: 598
[Task: 75] Size: 11 Evaluations: 1161
[Task: 75] Size: 12 Evaluations: 2031
[Task: 75] Size: 13 Evaluations: 3380
[Task: 75] Size: 14 Evaluations: 5918
[Task: 75] Benchmark: stackoverflow4.sl
[Task: 75] Result: Success
[Task: 75] Program: _arg_0.replace(",", " ",-1).replace("<", " ")[:-1]
[Task: 75] Number of evaluations: 18744
[Task: 75] 2021-09-28 07:15:51.324047
[Task: 75] Time taken: 0:00:14.101835
[Task: 75] 
[Task: 76] Loading bustle model....
[Task: 76] Count: 76
[Task: 76] 
[Task: 76] 2021-09-28 07:15:37.179252
[Task: 76] Number of programs: 13
[Task: 76] Size: 0 Evaluations: 0
[Task: 76] Size: 1 Evaluations: 0
[Task: 76] Size: 2 Evaluations: 17
[Task: 76] Size: 3 Evaluations: 63
[Task: 76] Size: 4 Evaluations: 75
[Task: 76] Size: 5 Evaluations: 324
[Task: 76] Size: 6 Evaluations: 1195
[Task: 76] Size: 7 Evaluations: 5227
[Task: 76] Size: 8 Evaluations: 20835
[Task: 76] Size: 9 Evaluations: 86240
[Task: 76] Size: 10 Evaluations: 368924
[Task: 76] Size: 11 Evaluations: 1571035
[Task: 76] Benchmark: stackoverflow5.sl
[Task: 76] Result: Success
[Task: 76] Program: _arg_0[:_arg_0.IndexOf("1")][:-1]
[Task: 76] Number of evaluations: 8173876
[Task: 76] 2021-09-28 07:44:28.688748
[Task: 76] Time taken: 0:28:51.509496
[Task: 76] 
[Task: 77] Loading bustle model....
[Task: 77] Count: 77
[Task: 77] 
[Task: 77] 2021-09-28 07:15:37.172501
[Task: 77] Number of programs: 10
[Task: 77] Size: 0 Evaluations: 0
[Task: 77] Size: 1 Evaluations: 0
[Task: 77] Size: 2 Evaluations: 13
[Task: 77] Size: 3 Evaluations: 27
[Task: 77] Size: 4 Evaluations: 41
[Task: 77] Size: 5 Evaluations: 133
[Task: 77] Size: 6 Evaluations: 432
[Task: 77] Size: 7 Evaluations: 1433
[Task: 77] Size: 8 Evaluations: 5213
[Task: 77] Size: 9 Evaluations: 18396
[Task: 77] Size: 10 Evaluations: 69131
[Task: 77] Size: 11 Evaluations: 257183
[Task: 77] Size: 12 Evaluations: 981766
[Task: 77] Size: 13 Evaluations: 3756346
[Task: 78] Loading bustle model....
[Task: 78] Count: 78
[Task: 78] 
[Task: 78] 2021-09-28 07:15:37.163217
[Task: 78] Number of programs: 9
[Task: 78] Size: 0 Evaluations: 0
[Task: 78] Size: 1 Evaluations: 0
[Task: 78] Size: 2 Evaluations: 14
[Task: 78] Size: 3 Evaluations: 26
[Task: 78] Size: 4 Evaluations: 18
[Task: 78] Size: 5 Evaluations: 92
[Task: 78] Size: 6 Evaluations: 117
[Task: 78] Size: 7 Evaluations: 302
[Task: 78] Size: 8 Evaluations: 382
[Task: 78] Size: 9 Evaluations: 953
[Task: 78] Size: 10 Evaluations: 1136
[Task: 78] Benchmark: stackoverflow7.sl
[Task: 78] Result: Success
[Task: 78] Program: _arg_0.replace(_arg_1.strip(), "").strip()
[Task: 78] Number of evaluations: 3425
[Task: 78] 2021-09-28 07:15:39.801508
[Task: 78] Time taken: 0:00:02.638269
[Task: 78] 
[Task: 79] Loading bustle model....
[Task: 79] Count: 79
[Task: 79] 
[Task: 79] 2021-09-28 07:15:37.192790
[Task: 79] Number of programs: 12
[Task: 79] Size: 0 Evaluations: 0
[Task: 79] Size: 1 Evaluations: 0
[Task: 79] Size: 2 Evaluations: 15
[Task: 79] Size: 3 Evaluations: 34
[Task: 79] Size: 4 Evaluations: 36
[Task: 79] Size: 5 Evaluations: 191
[Task: 79] Size: 6 Evaluations: 406
[Task: 79] Size: 7 Evaluations: 1962
[Task: 79] Size: 8 Evaluations: 4857
[Task: 79] Size: 9 Evaluations: 25539
[Task: 79] Benchmark: stackoverflow8.sl
[Task: 79] Result: Success
[Task: 79] Program: _arg_0[2:][4:][4:].replace("/", "")
[Task: 79] Number of evaluations: 49098
[Task: 79] 2021-09-28 07:15:58.742159
[Task: 79] Time taken: 0:00:21.549367
[Task: 79] 
[Task: 80] Loading bustle model....
[Task: 80] Count: 80
[Task: 80] 
[Task: 80] 2021-09-28 07:15:37.241288
[Task: 80] Number of programs: 8
[Task: 80] Size: 0 Evaluations: 0
[Task: 80] Size: 1 Evaluations: 0
[Task: 80] Size: 2 Evaluations: 11
[Task: 80] Size: 3 Evaluations: 13
[Task: 80] Size: 4 Evaluations: 13
[Task: 80] Size: 5 Evaluations: 40
[Task: 80] Size: 6 Evaluations: 73
[Task: 80] Size: 7 Evaluations: 186
[Task: 80] Size: 8 Evaluations: 408
[Task: 80] Size: 9 Evaluations: 1197
[Task: 80] Size: 10 Evaluations: 2814
[Task: 80] Size: 11 Evaluations: 7787
[Task: 80] Size: 12 Evaluations: 19992
[Task: 80] Size: 13 Evaluations: 56764
[Task: 80] Size: 14 Evaluations: 150569
[Task: 80] Size: 15 Evaluations: 426428
[Task: 80] Benchmark: stackoverflow9.sl
[Task: 80] Result: Success
[Task: 80] Program: _arg_0[_arg_0.replace(" ", _arg_0[-1:]).IndexOf(" "):].strip()
[Task: 80] Number of evaluations: 1109484
[Task: 80] 2021-09-28 07:25:38.664409
[Task: 80] Time taken: 0:10:01.413903
[Task: 80] 
[Task: 81] Loading bustle model....
[Task: 81] Count: 81
[Task: 81] 
[Task: 81] 2021-09-28 07:15:37.199689
[Task: 81] Number of programs: 11
[Task: 81] Size: 0 Evaluations: 0
[Task: 81] Size: 1 Evaluations: 0
[Task: 81] Size: 2 Evaluations: 14
[Task: 81] Size: 3 Evaluations: 30
[Task: 81] Size: 4 Evaluations: 45
[Task: 81] Size: 5 Evaluations: 142
[Task: 81] Size: 6 Evaluations: 438
[Task: 81] Size: 7 Evaluations: 1660
[Task: 81] Size: 8 Evaluations: 5729
[Task: 81] Size: 9 Evaluations: 20315
[Task: 81] Benchmark: strip-html-from-text-or-numbers.sl
[Task: 81] Result: Success
[Task: 81] Program: _arg_0.Substr(1,-1).Substr(1,-1).Substr(1,-1)
[Task: 81] Number of evaluations: 88246
[Task: 81] 2021-09-28 07:16:07.724350
[Task: 81] Time taken: 0:00:30.521437
[Task: 81] 
[Task: 82] Loading bustle model....
[Task: 82] Count: 82
[Task: 82] 
[Task: 82] 2021-09-28 07:15:37.228448
[Task: 82] Number of programs: 20
[Task: 82] Size: 0 Evaluations: 0
[Task: 82] Size: 1 Evaluations: 0
[Task: 82] Size: 2 Evaluations: 19
[Task: 82] Size: 3 Evaluations: 67
[Task: 82] Size: 4 Evaluations: 90
[Task: 82] Size: 5 Evaluations: 653
[Task: 82] Size: 6 Evaluations: 1287
[Task: 82] Size: 7 Evaluations: 7867
[Task: 82] Size: 8 Evaluations: 29164
[Task: 82] Size: 9 Evaluations: 227045
[Task: 82] Size: 10 Evaluations: 823243
[Task: 82] Size: 11 Evaluations: 4296849
[Task: 83] Loading bustle model....
[Task: 83] Count: 83
[Task: 83] 
[Task: 83] 2021-09-28 07:15:37.263776
[Task: 83] Number of programs: 18
[Task: 83] Size: 0 Evaluations: 0
[Task: 83] Size: 1 Evaluations: 0
[Task: 83] Size: 2 Evaluations: 18
[Task: 83] Size: 3 Evaluations: 61
[Task: 83] Size: 4 Evaluations: 42
[Task: 83] Size: 5 Evaluations: 343
[Task: 83] Size: 6 Evaluations: 100
[Task: 83] Size: 7 Evaluations: 957
[Task: 83] Size: 8 Evaluations: 1433
[Task: 83] Size: 9 Evaluations: 17767
[Task: 83] Size: 10 Evaluations: 24093
[Task: 83] Size: 11 Evaluations: 262699
[Task: 83] Size: 12 Evaluations: 530772
[Task: 84] Loading bustle model....
[Task: 84] Count: 84
[Task: 84] 
[Task: 84] 2021-09-28 07:15:37.202722
[Task: 84] Number of programs: 9
[Task: 84] Size: 0 Evaluations: 0
[Task: 84] Size: 1 Evaluations: 0
[Task: 84] Size: 2 Evaluations: 15
[Task: 84] Size: 3 Evaluations: 39
[Task: 84] Size: 4 Evaluations: 35
[Task: 84] Size: 5 Evaluations: 156
[Task: 84] Size: 6 Evaluations: 251
[Task: 84] Size: 7 Evaluations: 757
[Task: 84] Size: 8 Evaluations: 1328
[Task: 84] Size: 9 Evaluations: 3458
[Task: 84] Size: 10 Evaluations: 6382
[Task: 84] Size: 11 Evaluations: 14376
[Task: 84] Size: 12 Evaluations: 29909
[Task: 84] Size: 13 Evaluations: 65489
[Task: 84] Size: 14 Evaluations: 138687
[Task: 84] Benchmark: univ_1.sl
[Task: 84] Result: Success
[Task: 84] Program: concat(concat(concat(col1, ","), " "), col2)
[Task: 84] Number of evaluations: 272895
[Task: 84] 2021-09-28 07:20:52.159092
[Task: 84] Time taken: 0:05:14.952125
[Task: 84] 
[Task: 85] Loading bustle model....
[Task: 85] Count: 85
[Task: 85] 
[Task: 85] 2021-09-28 07:15:37.169230
[Task: 85] Number of programs: 15
[Task: 85] Size: 0 Evaluations: 0
[Task: 85] Size: 1 Evaluations: 0
[Task: 85] Size: 2 Evaluations: 29
[Task: 85] Size: 3 Evaluations: 138
[Task: 85] Size: 4 Evaluations: 95
[Task: 85] Size: 5 Evaluations: 250
[Task: 85] Size: 6 Evaluations: 569
[Task: 85] Size: 7 Evaluations: 1179
[Task: 85] Size: 8 Evaluations: 2496
[Task: 85] Size: 9 Evaluations: 6234
[Task: 85] Size: 10 Evaluations: 12809
[Task: 85] Size: 11 Evaluations: 26998
[Task: 85] Size: 12 Evaluations: 63694
[Task: 85] Size: 13 Evaluations: 139020
[Task: 85] Size: 14 Evaluations: 305643
[Task: 85] Size: 15 Evaluations: 693326
[Task: 85] Size: 16 Evaluations: 1623434
[Task: 86] Loading bustle model....
[Task: 86] Count: 86
[Task: 86] 
[Task: 86] 2021-09-28 07:15:37.231368
[Task: 86] Number of programs: 15
[Task: 86] Size: 0 Evaluations: 0
[Task: 86] Size: 1 Evaluations: 0
[Task: 86] Size: 2 Evaluations: 29
[Task: 86] Size: 3 Evaluations: 138
[Task: 86] Size: 4 Evaluations: 124
[Task: 86] Size: 5 Evaluations: 362
[Task: 86] Size: 6 Evaluations: 808
[Task: 86] Size: 7 Evaluations: 2009
[Task: 86] Size: 8 Evaluations: 4565
[Task: 86] Size: 9 Evaluations: 13064
[Task: 86] Size: 10 Evaluations: 32076
[Task: 86] Size: 11 Evaluations: 80959
[Task: 86] Size: 12 Evaluations: 219568
[Task: 86] Size: 13 Evaluations: 589537
[Task: 86] Size: 14 Evaluations: 1563552
[Task: 87] Loading bustle model....
[Task: 87] Count: 87
[Task: 87] 
[Task: 87] 2021-09-28 07:15:37.208478
[Task: 87] Number of programs: 16
[Task: 87] Size: 0 Evaluations: 0
[Task: 87] Size: 1 Evaluations: 0
[Task: 87] Size: 2 Evaluations: 33
[Task: 87] Size: 3 Evaluations: 169
[Task: 87] Size: 4 Evaluations: 154
[Task: 87] Size: 5 Evaluations: 474
[Task: 87] Size: 6 Evaluations: 1266
[Task: 87] Size: 7 Evaluations: 3096
[Task: 87] Size: 8 Evaluations: 8384
[Task: 87] Size: 9 Evaluations: 28173
[Task: 87] Size: 10 Evaluations: 80954
[Task: 87] Size: 11 Evaluations: 252238
[Task: 87] Size: 12 Evaluations: 864265
[Task: 88] Loading bustle model....
[Task: 88] Count: 88
[Task: 88] 
[Task: 88] 2021-09-28 07:15:37.244196
[Task: 88] Number of programs: 36
[Task: 88] Size: 0 Evaluations: 0
[Task: 88] Size: 1 Evaluations: 0
[Task: 88] Size: 2 Evaluations: 71
[Task: 88] Size: 3 Evaluations: 1007
[Task: 88] Size: 4 Evaluations: 734
[Task: 88] Size: 5 Evaluations: 1133
[Task: 88] Size: 6 Evaluations: 2645
[Task: 88] Size: 7 Evaluations: 7432
[Task: 88] Size: 8 Evaluations: 21441
[Task: 88] Size: 9 Evaluations: 115334
[Task: 88] Size: 10 Evaluations: 485798
[Task: 88] Size: 11 Evaluations: 2147803
