[Task: 0] Loading bustle model....
[Task: 0] Count: 0
[Task: 0] 
[Task: 0] 2021-09-28 07:07:50.446479
[Task: 0] Number of programs: 10
[Task: 0] Size: 0 Evaluations: 0
[Task: 0] Size: 1 Evaluations: 0
[Task: 0] Size: 2 Evaluations: 17
[Task: 0] Size: 3 Evaluations: 36
[Task: 0] Size: 4 Evaluations: 35
[Task: 0] Size: 5 Evaluations: 123
[Task: 0] Size: 6 Evaluations: 303
[Task: 0] Size: 7 Evaluations: 622
[Task: 0] Benchmark: 11440431.sl
[Task: 0] Result: Success
[Task: 0] Program: _arg_0.replace("US", "").replace("CAN", "").strip()
[Task: 0] Number of evaluations: 1884
[Task: 0] 2021-09-28 07:07:54.318950
[Task: 0] Time taken: 0:00:03.872335
[Task: 0] 
[Task: 1] Loading bustle model....
[Task: 1] Count: 1
[Task: 1] 
[Task: 1] 2021-09-28 07:07:50.365837
[Task: 1] Number of programs: 10
[Task: 1] Size: 0 Evaluations: 0
[Task: 1] Size: 1 Evaluations: 0
[Task: 1] Size: 2 Evaluations: 12
[Task: 1] Size: 3 Evaluations: 20
[Task: 1] Size: 4 Evaluations: 16
[Task: 1] Size: 5 Evaluations: 63
[Task: 1] Size: 6 Evaluations: 55
[Task: 1] Size: 7 Evaluations: 185
[Task: 1] Size: 8 Evaluations: 120
[Task: 1] Size: 9 Evaluations: 535
[Task: 1] Size: 10 Evaluations: 491
[Task: 1] Size: 11 Evaluations: 1571
[Task: 1] Size: 12 Evaluations: 2251
[Task: 1] Benchmark: 11604909.sl
[Task: 1] Result: Success
[Task: 1] Program: _arg_0[(-1 + _arg_0.IndexOf(".")):][:(1 + (1 + 1))]
[Task: 1] Number of evaluations: 7489
[Task: 1] 2021-09-28 07:08:07.770331
[Task: 1] Time taken: 0:00:17.404473
[Task: 1] 
[Task: 2] Loading bustle model....
[Task: 2] Count: 2
[Task: 2] 
[Task: 2] 2021-09-28 07:12:40.092834
[Task: 2] Number of programs: 9
[Task: 2] Size: 0 Evaluations: 0
[Task: 2] Size: 1 Evaluations: 0
[Task: 2] Size: 2 Evaluations: 10
[Task: 2] Size: 3 Evaluations: 16
[Task: 2] Size: 4 Evaluations: 14
[Task: 2] Size: 5 Evaluations: 45
[Task: 2] Size: 6 Evaluations: 60
[Task: 2] Size: 7 Evaluations: 137
[Task: 2] Size: 8 Evaluations: 165
[Task: 2] Size: 9 Evaluations: 368
[Task: 2] Size: 10 Evaluations: 557
[Task: 2] Size: 11 Evaluations: 1228
[Task: 2] Benchmark: 17212077.sl
[Task: 2] Result: Success
[Task: 2] Program: _arg_0[:(1 + 1)] + "/" + _arg_0[_arg_0.IndexOf((1 + 1).IntToStr()):]
[Task: 2] Number of evaluations: 4007
[Task: 2] 2021-09-28 07:12:45.171737
[Task: 2] Time taken: 0:00:05.078882
[Task: 2] 
[Task: 3] Loading bustle model....
[Task: 3] Count: 3
[Task: 3] 
[Task: 3] 2021-09-28 07:12:39.581485
[Task: 3] Number of programs: 8
[Task: 3] Size: 0 Evaluations: 0
[Task: 3] Size: 1 Evaluations: 0
[Task: 3] Size: 2 Evaluations: 11
[Task: 3] Size: 3 Evaluations: 13
[Task: 3] Size: 4 Evaluations: 6
[Task: 3] Size: 5 Evaluations: 26
[Task: 3] Size: 6 Evaluations: 20
[Task: 3] Size: 7 Evaluations: 39
[Task: 3] Size: 8 Evaluations: 57
[Task: 3] Size: 9 Evaluations: 82
[Task: 3] Benchmark: 2171308.sl
[Task: 3] Result: Success
[Task: 3] Program: _arg_0[:1] + "" + _arg_0[_arg_0.IndexOf(" "):]
[Task: 3] Number of evaluations: 329
[Task: 3] 2021-09-28 07:12:41.109141
[Task: 3] Time taken: 0:00:01.527562
[Task: 3] 
[Task: 4] Loading bustle model....
[Task: 4] Count: 4
[Task: 4] 
[Task: 4] 2021-09-28 07:12:40.104510
[Task: 4] Number of programs: 14
[Task: 4] Size: 0 Evaluations: 0
[Task: 4] Size: 1 Evaluations: 0
[Task: 4] Size: 2 Evaluations: 30
[Task: 4] Size: 3 Evaluations: 99
[Task: 4] Size: 4 Evaluations: 56
[Task: 4] Size: 5 Evaluations: 227
[Task: 4] Size: 6 Evaluations: 251
[Task: 4] Size: 7 Evaluations: 440
[Task: 4] Size: 8 Evaluations: 688
[Task: 4] Size: 9 Evaluations: 1826
[Task: 4] Benchmark: 25239569.sl
[Task: 4] Result: Success
[Task: 4] Program: _arg_0.replace("BRD", "Branding").replace("DRS", "Direct Response").replace("LDS", "Leads")
[Task: 4] Number of evaluations: 5204
[Task: 4] 2021-09-28 07:12:45.916257
[Task: 4] Time taken: 0:00:05.811742
[Task: 4] 
[Task: 5] Loading bustle model....
[Task: 5] Count: 5
[Task: 5] 
[Task: 5] 2021-09-28 07:12:39.567866
[Task: 5] Number of programs: 10
[Task: 5] Size: 0 Evaluations: 0
[Task: 5] Size: 1 Evaluations: 0
[Task: 5] Size: 2 Evaluations: 13
[Task: 5] Size: 3 Evaluations: 28
[Task: 5] Size: 4 Evaluations: 36
[Task: 5] Size: 5 Evaluations: 130
[Task: 5] Benchmark: 28627624_1.sl
[Task: 5] Result: Success
[Task: 5] Program: _arg_0[:_arg_0.IndexOf("-")].strip()
[Task: 5] Number of evaluations: 333
[Task: 5] 2021-09-28 07:12:40.773787
[Task: 5] Time taken: 0:00:01.204804
[Task: 5] 
[Task: 6] Loading bustle model....
[Task: 6] Count: 6
[Task: 6] 
[Task: 6] 2021-09-28 07:12:40.158394
[Task: 6] Number of programs: 9
[Task: 6] Size: 0 Evaluations: 0
[Task: 6] Size: 1 Evaluations: 0
[Task: 6] Size: 2 Evaluations: 11
[Task: 6] Size: 3 Evaluations: 18
[Task: 6] Size: 4 Evaluations: 10
[Task: 6] Size: 5 Evaluations: 43
[Task: 6] Size: 6 Evaluations: 59
[Task: 6] Size: 7 Evaluations: 81
[Task: 6] Size: 8 Evaluations: 314
[Task: 6] Size: 9 Evaluations: 389
[Task: 6] Size: 10 Evaluations: 970
[Task: 6] Size: 11 Evaluations: 2401
[Task: 6] Size: 12 Evaluations: 4145
[Task: 6] Size: 13 Evaluations: 10446
[Task: 6] Benchmark: 30732554.sl
[Task: 6] Result: Success
[Task: 6] Program: _arg_0[:concat(_arg_0.replace("|", _arg_0), _arg_0).IndexOf(_arg_0,1)]
[Task: 6] Number of evaluations: 32736
[Task: 6] 2021-09-28 07:13:13.646989
[Task: 6] Time taken: 0:00:33.488576
[Task: 6] 
[Task: 7] Loading bustle model....
[Task: 7] Count: 7
[Task: 7] 
[Task: 7] 2021-09-28 07:12:39.566622
[Task: 7] Number of programs: 13
[Task: 7] Size: 0 Evaluations: 0
[Task: 7] Size: 1 Evaluations: 0
[Task: 7] Size: 2 Evaluations: 15
[Task: 7] Size: 3 Evaluations: 38
[Task: 7] Size: 4 Evaluations: 43
[Task: 7] Size: 5 Evaluations: 198
[Task: 7] Size: 6 Evaluations: 192
[Task: 7] Size: 7 Evaluations: 662
[Task: 7] Size: 8 Evaluations: 640
[Task: 7] Size: 9 Evaluations: 2292
[Task: 7] Size: 10 Evaluations: 3507
[Task: 7] Size: 11 Evaluations: 8462
[Task: 7] Size: 12 Evaluations: 20204
[Task: 7] Size: 13 Evaluations: 49952
[Task: 7] Size: 14 Evaluations: 136915
[Task: 7] Size: 15 Evaluations: 335914
[Task: 7] Benchmark: 31753108.sl
[Task: 7] Result: Success
[Task: 7] Program: _arg_0.Substr(_arg_0.IndexOf(" ",5),_arg_0.IndexOf(" ",(1 + _arg_0.IndexOf(" ",5)))).strip()
[Task: 7] Number of evaluations: 712073
[Task: 7] 2021-09-28 07:27:58.342884
[Task: 7] Time taken: 0:15:18.775243
[Task: 7] 
[Task: 8] Loading bustle model....
[Task: 8] Count: 8
[Task: 8] 
[Task: 8] 2021-09-28 07:12:39.145185
[Task: 8] Number of programs: 12
[Task: 8] Size: 0 Evaluations: 0
[Task: 8] Size: 1 Evaluations: 0
[Task: 8] Size: 2 Evaluations: 26
[Task: 8] Size: 3 Evaluations: 69
[Task: 8] Size: 4 Evaluations: 83
[Task: 8] Size: 5 Evaluations: 227
[Task: 8] Size: 6 Evaluations: 845
[Task: 8] Size: 7 Evaluations: 1912
[Task: 8] Size: 8 Evaluations: 7270
[Task: 8] Size: 9 Evaluations: 25260
[Task: 8] Size: 10 Evaluations: 67970
[Task: 8] Benchmark: 33619752.sl
[Task: 8] Result: Success
[Task: 8] Program: _arg_0[:concat(_arg_0, " ").IndexOf(" ",(1 + "Company".Length()))]
[Task: 8] Number of evaluations: 239321
[Task: 8] 2021-09-28 07:16:57.249602
[Task: 8] Time taken: 0:04:18.104430
[Task: 8] 
[Task: 9] Loading bustle model....
[Task: 9] Count: 9
[Task: 9] 
[Task: 9] 2021-09-28 07:12:39.140537
[Task: 9] Number of programs: 10
[Task: 9] Size: 0 Evaluations: 0
[Task: 9] Size: 1 Evaluations: 0
[Task: 9] Size: 2 Evaluations: 16
[Task: 9] Size: 3 Evaluations: 34
[Task: 9] Size: 4 Evaluations: 44
[Task: 9] Size: 5 Evaluations: 154
[Task: 9] Benchmark: 34801680.sl
[Task: 9] Result: Success
[Task: 9] Program: _arg_0[_arg_0.IndexOf(" "):].strip()
[Task: 9] Number of evaluations: 441
[Task: 9] 2021-09-28 07:12:39.976908
[Task: 9] Time taken: 0:00:00.836354
[Task: 9] 
[Task: 10] Loading bustle model....
[Task: 10] Count: 10
[Task: 10] 
[Task: 10] 2021-09-28 07:12:40.065779
[Task: 10] Number of programs: 10
[Task: 10] Size: 0 Evaluations: 0
[Task: 10] Size: 1 Evaluations: 0
[Task: 10] Size: 2 Evaluations: 17
[Task: 10] Size: 3 Evaluations: 33
[Task: 10] Size: 4 Evaluations: 72
[Task: 10] Size: 5 Evaluations: 214
[Task: 10] Size: 6 Evaluations: 695
[Task: 10] Size: 7 Evaluations: 1805
[Task: 10] Size: 8 Evaluations: 5581
[Task: 10] Benchmark: 35016216.sl
[Task: 10] Result: Success
[Task: 10] Program: _arg_0.replace(_arg_0.replace(0.IntToStr(), "C0"), _arg_1)
[Task: 10] Number of evaluations: 14889
[Task: 10] 2021-09-28 07:12:54.794237
[Task: 10] Time taken: 0:00:14.726056
[Task: 10] 
[Task: 11] Loading bustle model....
[Task: 11] Count: 11
[Task: 11] 
[Task: 11] 2021-09-28 07:12:39.048047
[Task: 11] Number of programs: 13
[Task: 11] Size: 0 Evaluations: 0
[Task: 11] Size: 1 Evaluations: 0
[Task: 11] Size: 2 Evaluations: 23
[Task: 11] Size: 3 Evaluations: 83
[Task: 11] Size: 4 Evaluations: 84
[Task: 11] Size: 5 Evaluations: 152
[Task: 11] Size: 6 Evaluations: 375
[Task: 11] Size: 7 Evaluations: 631
[Task: 11] Size: 8 Evaluations: 1398
[Task: 11] Size: 9 Evaluations: 2939
[Task: 11] Size: 10 Evaluations: 6097
[Task: 11] Size: 11 Evaluations: 14470
[Task: 11] Size: 12 Evaluations: 41027
[Task: 11] Size: 13 Evaluations: 122240
[Task: 11] Size: 14 Evaluations: 393772
[Task: 11] Size: 15 Evaluations: 1400025
[Task: 12] Loading bustle model....
[Task: 12] Count: 12
[Task: 12] 
[Task: 12] 2021-09-28 07:12:39.070061
[Task: 12] Number of programs: 9
[Task: 12] Size: 0 Evaluations: 0
[Task: 12] Size: 1 Evaluations: 0
[Task: 12] Size: 2 Evaluations: 11
[Task: 12] Size: 3 Evaluations: 18
[Task: 12] Size: 4 Evaluations: 8
[Task: 12] Size: 5 Evaluations: 45
[Task: 12] Size: 6 Evaluations: 25
[Task: 12] Size: 7 Evaluations: 133
[Task: 12] Size: 8 Evaluations: 95
[Task: 12] Size: 9 Evaluations: 416
[Task: 12] Size: 10 Evaluations: 450
[Task: 12] Size: 11 Evaluations: 1585
[Task: 12] Benchmark: 36462127.sl
[Task: 12] Result: Success
[Task: 12] Program: _arg_0[(-1 + (-1 - _arg_0.IndexOf("/"))):].replace("/", "")
[Task: 12] Number of evaluations: 3490
[Task: 12] 2021-09-28 07:12:42.862452
[Task: 12] Time taken: 0:00:03.792313
[Task: 12] 
[Task: 13] Loading bustle model....
[Task: 13] Count: 13
[Task: 13] 
[Task: 13] 2021-09-28 07:12:39.968298
[Task: 13] Number of programs: 10
[Task: 13] Size: 0 Evaluations: 0
[Task: 13] Size: 1 Evaluations: 0
[Task: 13] Size: 2 Evaluations: 18
[Task: 13] Size: 3 Evaluations: 35
[Task: 13] Size: 4 Evaluations: 50
[Task: 13] Size: 5 Evaluations: 212
[Task: 13] Size: 6 Evaluations: 449
[Task: 13] Size: 7 Evaluations: 1190
[Task: 13] Size: 8 Evaluations: 2968
[Task: 13] Size: 9 Evaluations: 7288
[Task: 13] Size: 10 Evaluations: 17036
[Task: 13] Benchmark: 37534494.sl
[Task: 13] Result: Success
[Task: 13] Program: (if_arg_0.Contain(_arg_2) then _arg_0 else _arg_1)
[Task: 13] Number of evaluations: 43250
[Task: 13] 2021-09-28 07:13:20.841450
[Task: 13] Time taken: 0:00:40.873152
[Task: 13] 
[Task: 14] Loading bustle model....
[Task: 14] Count: 14
[Task: 14] 
[Task: 14] 2021-09-28 07:12:39.947342
[Task: 14] Number of programs: 9
[Task: 14] Size: 0 Evaluations: 0
[Task: 14] Size: 1 Evaluations: 0
[Task: 14] Size: 2 Evaluations: 13
[Task: 14] Size: 3 Evaluations: 27
[Task: 14] Size: 4 Evaluations: 18
[Task: 14] Size: 5 Evaluations: 50
[Task: 14] Size: 6 Evaluations: 80
[Task: 14] Size: 7 Evaluations: 162
[Task: 14] Size: 8 Evaluations: 364
[Task: 14] Size: 9 Evaluations: 675
[Task: 14] Size: 10 Evaluations: 1624
[Task: 14] Benchmark: 38664547.sl
[Task: 14] Result: Success
[Task: 14] Program: _arg_0.replace("that", "",("that".Length() - _arg_0.Length()))
[Task: 14] Number of evaluations: 4836
[Task: 14] 2021-09-28 07:12:50.142540
[Task: 14] Time taken: 0:00:10.195159
[Task: 14] 
[Task: 15] Loading bustle model....
[Task: 15] Count: 15
[Task: 15] 
[Task: 15] 2021-09-28 07:12:40.373709
[Task: 15] Number of programs: 10
[Task: 15] Size: 0 Evaluations: 0
[Task: 15] Size: 1 Evaluations: 0
[Task: 15] Size: 2 Evaluations: 13
[Task: 15] Size: 3 Evaluations: 27
[Task: 15] Size: 4 Evaluations: 15
[Task: 15] Size: 5 Evaluations: 53
[Task: 15] Size: 6 Evaluations: 43
[Task: 15] Size: 7 Evaluations: 66
[Task: 15] Size: 8 Evaluations: 146
[Task: 15] Size: 9 Evaluations: 208
[Task: 15] Size: 10 Evaluations: 434
[Task: 15] Size: 11 Evaluations: 832
[Task: 15] Size: 12 Evaluations: 1371
[Task: 15] Size: 13 Evaluations: 2293
[Task: 15] Benchmark: 38871714.sl
[Task: 15] Result: Success
[Task: 15] Program: _arg_0.replace("<", "",-1).replace(">", "",-1)
[Task: 15] Number of evaluations: 7750
[Task: 15] 2021-09-28 07:12:49.128280
[Task: 15] Time taken: 0:00:08.752955
[Task: 15] 
[Task: 16] Loading bustle model....
[Task: 16] Count: 16
[Task: 16] 
[Task: 16] 2021-09-28 07:12:40.378723
[Task: 16] Number of programs: 9
[Task: 16] Size: 0 Evaluations: 0
[Task: 16] Size: 1 Evaluations: 0
[Task: 16] Size: 2 Evaluations: 12
[Task: 16] Size: 3 Evaluations: 20
[Task: 16] Size: 4 Evaluations: 9
[Task: 16] Size: 5 Evaluations: 35
[Task: 16] Size: 6 Evaluations: 10
[Task: 16] Size: 7 Evaluations: 21
[Task: 16] Size: 8 Evaluations: 19
[Task: 16] Size: 9 Evaluations: 94
[Task: 16] Size: 10 Evaluations: 111
[Task: 16] Size: 11 Evaluations: 374
[Task: 16] Size: 12 Evaluations: 621
[Task: 16] Size: 13 Evaluations: 945
[Task: 16] Size: 14 Evaluations: 1649
[Task: 16] Size: 15 Evaluations: 2083
[Task: 16] Size: 16 Evaluations: 3363
[Task: 16] Size: 17 Evaluations: 6620
[Task: 16] Size: 18 Evaluations: 15220
[Task: 16] Size: 19 Evaluations: 29257
[Task: 16] Size: 20 Evaluations: 63303
[Task: 16] Benchmark: 39060015.sl
[Task: 16] Result: Success
[Task: 16] Program: _arg_0.replace("/", _arg_0[:_arg_0.IndexOf("/")],-1)[_arg_0.Length():]
[Task: 16] Number of evaluations: 201978
[Task: 16] 2021-09-28 07:15:36.642603
[Task: 16] Time taken: 0:02:56.262550
[Task: 16] 
[Task: 17] Loading bustle model....
[Task: 17] Count: 17
[Task: 17] 
[Task: 17] 2021-09-28 07:12:40.068558
[Task: 17] Number of programs: 9
[Task: 17] Size: 0 Evaluations: 0
[Task: 17] Size: 1 Evaluations: 0
[Task: 17] Size: 2 Evaluations: 14
[Task: 17] Size: 3 Evaluations: 25
[Task: 17] Size: 4 Evaluations: 34
[Task: 17] Size: 5 Evaluations: 101
[Task: 17] Size: 6 Evaluations: 221
[Task: 17] Size: 7 Evaluations: 638
[Task: 17] Size: 8 Evaluations: 1676
[Task: 17] Size: 9 Evaluations: 4987
[Task: 17] Benchmark: 41503046.sl
[Task: 17] Result: Success
[Task: 17] Program: _arg_0[:_arg_0.IndexOf(" ",("ssp.".Length() + "ssp.".Length()))]
[Task: 17] Number of evaluations: 16591
[Task: 17] 2021-09-28 07:13:03.164049
[Task: 17] Time taken: 0:00:23.094220
[Task: 17] 
[Task: 18] Loading bustle model....
[Task: 18] Count: 18
[Task: 18] 
[Task: 18] 2021-09-28 07:12:40.243501
[Task: 18] Number of programs: 17
[Task: 18] Size: 0 Evaluations: 0
[Task: 18] Size: 1 Evaluations: 0
[Task: 18] Size: 2 Evaluations: 28
[Task: 18] Size: 3 Evaluations: 150
[Task: 18] Size: 4 Evaluations: 70
[Task: 18] Size: 5 Evaluations: 143
[Task: 18] Size: 6 Evaluations: 117
[Task: 18] Size: 7 Evaluations: 102
[Task: 18] Size: 8 Evaluations: 388
[Task: 18] Size: 9 Evaluations: 521
[Task: 18] Size: 10 Evaluations: 2282
[Task: 18] Size: 11 Evaluations: 4681
[Task: 18] Size: 12 Evaluations: 11370
[Task: 18] Size: 13 Evaluations: 15332
[Task: 18] Size: 14 Evaluations: 19854
[Task: 18] Size: 15 Evaluations: 47981
[Task: 18] Size: 16 Evaluations: 71822
[Task: 18] Size: 17 Evaluations: 136910
[Task: 18] Size: 18 Evaluations: 291534
[Task: 18] Size: 19 Evaluations: 664457
[Task: 19] Loading bustle model....
[Task: 20] Loading bustle model....
[Task: 20] Count: 20
[Task: 20] 
[Task: 20] 2021-09-28 07:12:40.010469
[Task: 20] Number of programs: 11
[Task: 20] Size: 0 Evaluations: 0
[Task: 20] Size: 1 Evaluations: 0
[Task: 20] Size: 2 Evaluations: 22
[Task: 20] Size: 3 Evaluations: 47
[Task: 20] Size: 4 Evaluations: 73
[Task: 20] Size: 5 Evaluations: 338
[Task: 20] Size: 6 Evaluations: 490
[Task: 20] Size: 7 Evaluations: 1706
[Task: 20] Size: 8 Evaluations: 2445
[Task: 20] Benchmark: add-a-line-break-with-a-formula.sl
[Task: 20] Result: Success
[Task: 20] Program: concat(_arg_0, concat("/n", concat(_arg_1, concat("/n", _arg_2))))
[Task: 20] Number of evaluations: 5239
[Task: 20] 2021-09-28 07:12:49.391074
[Task: 20] Time taken: 0:00:09.380569
[Task: 20] 
[Task: 21] Loading bustle model....
[Task: 21] Count: 21
[Task: 21] 
[Task: 21] 2021-09-28 07:12:40.121318
[Task: 21] Number of programs: 10
[Task: 21] Size: 0 Evaluations: 0
[Task: 21] Size: 1 Evaluations: 0
[Task: 21] Size: 2 Evaluations: 13
[Task: 21] Size: 3 Evaluations: 35
[Task: 21] Size: 4 Evaluations: 50
[Task: 21] Benchmark: bikes.sl
[Task: 21] Result: Success
[Task: 21] Program: name[:(0 - 3)]
[Task: 21] Number of evaluations: 165
[Task: 21] 2021-09-28 07:12:41.559045
[Task: 21] Time taken: 0:00:01.437549
[Task: 21] 
[Task: 22] Loading bustle model....
[Task: 23] Loading bustle model....
[Task: 23] Count: 23
[Task: 23] 
[Task: 23] 2021-09-28 07:12:58.425375
[Task: 23] Number of programs: 13
[Task: 23] Size: 0 Evaluations: 0
[Task: 23] Size: 1 Evaluations: 0
[Task: 23] Size: 2 Evaluations: 14
[Task: 23] Size: 3 Evaluations: 61
[Task: 23] Size: 4 Evaluations: 60
[Task: 23] Size: 5 Evaluations: 123
[Task: 23] Size: 6 Evaluations: 141
[Task: 23] Size: 7 Evaluations: 322
[Task: 23] Size: 8 Evaluations: 719
[Task: 23] Size: 9 Evaluations: 1286
[Task: 23] Size: 10 Evaluations: 4524
[Task: 23] Size: 11 Evaluations: 8706
[Task: 23] Size: 12 Evaluations: 21765
[Task: 23] Size: 13 Evaluations: 56049
[Task: 23] Size: 14 Evaluations: 128498
[Task: 23] Size: 15 Evaluations: 300140
[Task: 23] Size: 16 Evaluations: 805090
[Task: 23] Size: 17 Evaluations: 1923324
[Task: 23] Benchmark: clean-and-reformat-telephone-numbers.sl
[Task: 23] Result: Success
[Task: 23] Program: _arg_0.replace("-", "",-1).replace(".", "",-1).replace(" ", "").replace("<", "").replace(">", "")
[Task: 23] Number of evaluations: 5462059
[Task: 23] 2021-09-28 08:36:26.723354
[Task: 23] Time taken: 1:23:28.298168
[Task: 23] 
[Task: 24] Loading bustle model....
[Task: 24] Count: 24
[Task: 24] 
[Task: 24] 2021-09-28 07:13:01.072810
[Task: 24] Number of programs: 10
[Task: 24] Size: 0 Evaluations: 0
[Task: 24] Size: 1 Evaluations: 0
[Task: 24] Size: 2 Evaluations: 16
[Task: 24] Size: 3 Evaluations: 34
[Task: 24] Size: 4 Evaluations: 24
[Task: 24] Size: 5 Evaluations: 165
[Task: 24] Size: 6 Evaluations: 198
[Task: 24] Benchmark: create-email-address-from-name.sl
[Task: 24] Result: Success
[Task: 24] Program: concat(_arg_1.CharAt(0), concat(_arg_0, "_acme.com"))
[Task: 24] Number of evaluations: 563
[Task: 24] 2021-09-28 07:13:02.319213
[Task: 24] Time taken: 0:00:01.246377
[Task: 24] 
[Task: 25] Loading bustle model....
[Task: 25] Count: 25
[Task: 25] 
[Task: 25] 2021-09-28 07:13:06.102979
[Task: 25] Number of programs: 11
[Task: 25] Size: 0 Evaluations: 0
[Task: 25] Size: 1 Evaluations: 0
[Task: 25] Size: 2 Evaluations: 17
[Task: 25] Size: 3 Evaluations: 45
[Task: 25] Size: 4 Evaluations: 39
[Task: 25] Size: 5 Evaluations: 253
[Task: 25] Size: 6 Evaluations: 390
[Task: 25] Size: 7 Evaluations: 1111
[Task: 25] Size: 8 Evaluations: 2482
[Task: 25] Benchmark: create-email-address-with-name-and-domain.sl
[Task: 25] Result: Success
[Task: 25] Program: concat(_arg_0.CharAt(0), concat(_arg_1, concat("_", _arg_2)))
[Task: 25] Number of evaluations: 4734
[Task: 25] 2021-09-28 07:13:12.349236
[Task: 25] Time taken: 0:00:06.246236
[Task: 25] 
[Task: 26] Loading bustle model....
[Task: 26] Count: 26
[Task: 26] 
[Task: 26] 2021-09-28 07:13:10.219169
[Task: 26] Number of programs: 9
[Task: 26] Size: 0 Evaluations: 0
[Task: 26] Size: 1 Evaluations: 0
[Task: 26] Size: 2 Evaluations: 15
[Task: 26] Size: 3 Evaluations: 32
[Task: 26] Size: 4 Evaluations: 21
[Task: 26] Size: 5 Evaluations: 109
[Task: 26] Size: 6 Evaluations: 123
[Task: 26] Size: 7 Evaluations: 332
[Task: 26] Size: 8 Evaluations: 400
[Task: 26] Size: 9 Evaluations: 753
[Task: 26] Size: 10 Evaluations: 1200
[Task: 26] Size: 11 Evaluations: 2482
[Task: 26] Size: 12 Evaluations: 6748
[Task: 26] Size: 13 Evaluations: 16197
[Task: 26] Benchmark: dr-name.sl
[Task: 26] Result: Success
[Task: 26] Program: concat("Dr.", concat(" ", name[:name.IndexOf(" ")]))
[Task: 26] Number of evaluations: 32082
[Task: 26] 2021-09-28 07:14:13.294677
[Task: 26] Time taken: 0:01:03.075469
[Task: 26] 
[Task: 27] Loading bustle model....
[Task: 27] Count: 27
[Task: 27] 
[Task: 27] 2021-09-28 07:13:10.190578
[Task: 27] Number of programs: 10
[Task: 27] Size: 0 Evaluations: 0
[Task: 27] Size: 1 Evaluations: 0
[Task: 27] Size: 2 Evaluations: 14
[Task: 27] Size: 3 Evaluations: 32
[Task: 27] Size: 4 Evaluations: 39
[Task: 27] Size: 5 Evaluations: 182
[Task: 27] Size: 6 Evaluations: 311
[Task: 27] Benchmark: exceljet1.sl
[Task: 27] Result: Success
[Task: 27] Program: _arg_1[(1 + _arg_1.IndexOf("_")):]
[Task: 27] Number of evaluations: 1269
[Task: 27] 2021-09-28 07:13:11.639289
[Task: 27] Time taken: 0:00:01.448712
[Task: 27] 
[Task: 28] Loading bustle model....
[Task: 28] Count: 28
[Task: 28] 
[Task: 28] 2021-09-28 07:13:09.386673
[Task: 28] Number of programs: 9
[Task: 28] Size: 0 Evaluations: 0
[Task: 28] Size: 1 Evaluations: 0
[Task: 28] Size: 2 Evaluations: 11
[Task: 28] Size: 3 Evaluations: 19
[Task: 28] Size: 4 Evaluations: 14
[Task: 28] Size: 5 Evaluations: 60
[Task: 28] Size: 6 Evaluations: 85
[Task: 28] Size: 7 Evaluations: 277
[Task: 28] Size: 8 Evaluations: 489
[Task: 28] Size: 9 Evaluations: 1602
[Task: 28] Benchmark: exceljet2.sl
[Task: 28] Result: Success
[Task: 28] Program: _arg_0[(-1 + (-1 + -1)):].replace(".", "")
[Task: 28] Number of evaluations: 3802
[Task: 28] 2021-09-28 07:13:13.365521
[Task: 28] Time taken: 0:00:03.978834
[Task: 28] 
[Task: 29] Loading bustle model....
[Task: 29] Count: 29
[Task: 29] 
[Task: 29] 2021-09-28 07:13:10.576940
[Task: 29] Number of programs: 9
[Task: 29] Size: 0 Evaluations: 0
[Task: 29] Size: 1 Evaluations: 0
[Task: 29] Size: 2 Evaluations: 11
[Task: 29] Size: 3 Evaluations: 20
[Task: 29] Size: 4 Evaluations: 21
[Task: 29] Size: 5 Evaluations: 83
[Task: 29] Size: 6 Evaluations: 140
[Task: 29] Size: 7 Evaluations: 501
[Task: 29] Benchmark: exceljet3.sl
[Task: 29] Result: Success
[Task: 29] Program: _arg_0[(1 + _arg_0.IndexOf("=")):].strip()
[Task: 29] Number of evaluations: 1253
[Task: 29] 2021-09-28 07:13:12.575377
[Task: 29] Time taken: 0:00:01.998412
[Task: 29] 
[Task: 30] Loading bustle model....
[Task: 30] Count: 30
[Task: 30] 
[Task: 30] 2021-09-28 07:13:10.648291
[Task: 30] Number of programs: 10
[Task: 30] Size: 0 Evaluations: 0
[Task: 30] Size: 1 Evaluations: 0
[Task: 30] Size: 2 Evaluations: 12
[Task: 30] Size: 3 Evaluations: 27
[Task: 30] Size: 4 Evaluations: 29
[Task: 30] Size: 5 Evaluations: 83
[Task: 30] Size: 6 Evaluations: 157
[Task: 30] Size: 7 Evaluations: 472
[Task: 30] Size: 8 Evaluations: 1039
[Task: 30] Benchmark: exceljet4.sl
[Task: 30] Result: Success
[Task: 30] Program: _arg_0[(1 + (1 + _arg_0.IndexOf("/"))):]
[Task: 30] Number of evaluations: 4039
[Task: 30] 2021-09-28 07:13:15.642918
[Task: 30] Time taken: 0:00:04.994471
[Task: 30] 
[Task: 31] Loading bustle model....
[Task: 31] Count: 31
[Task: 31] 
[Task: 31] 2021-09-28 07:13:12.017304
[Task: 31] Number of programs: 14
[Task: 31] Size: 0 Evaluations: 0
[Task: 31] Size: 1 Evaluations: 0
[Task: 31] Size: 2 Evaluations: 15
[Task: 31] Size: 3 Evaluations: 46
[Task: 31] Size: 4 Evaluations: 44
[Task: 31] Size: 5 Evaluations: 254
[Task: 31] Size: 6 Evaluations: 194
[Task: 31] Size: 7 Evaluations: 918
[Task: 31] Size: 8 Evaluations: 664
[Task: 31] Size: 9 Evaluations: 4238
[Task: 31] Size: 10 Evaluations: 2773
[Task: 31] Size: 11 Evaluations: 13595
[Task: 31] Benchmark: extract-word-containing-specific-text.sl
[Task: 31] Result: Success
[Task: 31] Program: _arg_0.Substr((_arg_0.IndexOf("_") - 4),(4 + _arg_0.IndexOf(".")))
[Task: 31] Number of evaluations: 28416
[Task: 31] 2021-09-28 07:13:43.472524
[Task: 31] Time taken: 0:00:31.455115
[Task: 31] 
[Task: 32] Loading bustle model....
[Task: 32] Count: 32
[Task: 32] 
[Task: 32] 2021-09-28 07:13:12.766329
[Task: 32] Number of programs: 11
[Task: 32] Size: 0 Evaluations: 0
[Task: 32] Size: 1 Evaluations: 0
[Task: 32] Size: 2 Evaluations: 12
[Task: 32] Size: 3 Evaluations: 25
[Task: 32] Size: 4 Evaluations: 15
[Task: 32] Size: 5 Evaluations: 96
[Task: 32] Size: 6 Evaluations: 52
[Task: 32] Size: 7 Evaluations: 312
[Task: 32] Size: 8 Evaluations: 138
[Task: 32] Size: 9 Evaluations: 979
[Task: 32] Size: 10 Evaluations: 617
[Task: 32] Size: 11 Evaluations: 3019
[Task: 32] Size: 12 Evaluations: 3287
[Task: 32] Size: 13 Evaluations: 11940
[Task: 32] Size: 14 Evaluations: 19203
[Task: 32] Benchmark: extract-word-that-begins-with-specific-character.sl
[Task: 32] Result: Success
[Task: 32] Program: _arg_0[_arg_0.IndexOf("_"):][:concat(_arg_0[_arg_0.IndexOf("_"):], " ").IndexOf(" ")]
[Task: 32] Number of evaluations: 57397
[Task: 32] 2021-09-28 07:14:27.464573
[Task: 32] Time taken: 0:01:14.698049
[Task: 32] 
[Task: 33] Loading bustle model....
[Task: 33] Count: 33
[Task: 33] 
[Task: 33] 2021-09-28 07:13:21.226431
[Task: 33] Number of programs: 7
[Task: 33] Size: 0 Evaluations: 0
[Task: 33] Size: 1 Evaluations: 0
[Task: 33] Size: 2 Evaluations: 10
[Task: 33] Size: 3 Evaluations: 18
[Task: 33] Size: 4 Evaluations: 22
[Task: 33] Benchmark: firstname.sl
[Task: 33] Result: Success
[Task: 33] Program: name[:name.IndexOf(" ")]
[Task: 33] Number of evaluations: 87
[Task: 33] 2021-09-28 07:13:21.887824
[Task: 33] Time taken: 0:00:00.661298
[Task: 33] 
[Task: 34] Loading bustle model....
[Task: 34] Count: 34
[Task: 34] 
[Task: 34] 2021-09-28 07:13:21.332559
[Task: 34] Number of programs: 10
[Task: 34] Size: 0 Evaluations: 0
[Task: 34] Size: 1 Evaluations: 0
[Task: 34] Size: 2 Evaluations: 14
[Task: 34] Size: 3 Evaluations: 32
[Task: 34] Size: 4 Evaluations: 37
[Task: 34] Benchmark: get-domain-from-email-address_2.sl
[Task: 34] Result: Success
[Task: 34] Program: _arg_1[:_arg_1.IndexOf("_")]
[Task: 34] Number of evaluations: 175
[Task: 34] 2021-09-28 07:13:22.043713
[Task: 34] Time taken: 0:00:00.711133
[Task: 34] 
[Task: 35] Loading bustle model....
[Task: 36] Loading bustle model....
[Task: 36] Count: 36
[Task: 36] 
[Task: 36] 2021-09-28 07:13:35.127934
[Task: 36] Number of programs: 8
[Task: 36] Size: 0 Evaluations: 0
[Task: 36] Size: 1 Evaluations: 0
[Task: 36] Size: 2 Evaluations: 11
[Task: 36] Size: 3 Evaluations: 14
[Task: 36] Size: 4 Evaluations: 19
[Task: 36] Benchmark: get-first-name-from-name.sl
[Task: 36] Result: Success
[Task: 36] Program: _arg_0[:_arg_0.IndexOf(" ")]
[Task: 36] Number of evaluations: 72
[Task: 36] 2021-09-28 07:13:35.774208
[Task: 36] Time taken: 0:00:00.646172
[Task: 36] 
[Task: 37] Loading bustle model....
[Task: 37] Count: 37
[Task: 37] 
[Task: 37] 2021-09-28 07:13:35.309556
[Task: 37] Number of programs: 8
[Task: 37] Size: 0 Evaluations: 0
[Task: 37] Size: 1 Evaluations: 0
[Task: 37] Size: 2 Evaluations: 11
[Task: 37] Size: 3 Evaluations: 14
[Task: 37] Size: 4 Evaluations: 10
[Task: 37] Size: 5 Evaluations: 36
[Task: 37] Size: 6 Evaluations: 42
[Task: 37] Size: 7 Evaluations: 110
[Task: 37] Benchmark: get-first-word.sl
[Task: 37] Result: Success
[Task: 37] Program: _arg_0[:_arg_0.replace(" ", _arg_0).IndexOf(_arg_0)]
[Task: 37] Number of evaluations: 339
[Task: 37] 2021-09-28 07:13:36.326279
[Task: 37] Time taken: 0:00:01.016671
[Task: 37] 
[Task: 38] Loading bustle model....
[Task: 38] Count: 38
[Task: 38] 
[Task: 38] 2021-09-28 07:13:34.439225
[Task: 38] Number of programs: 9
[Task: 38] Size: 0 Evaluations: 0
[Task: 38] Size: 1 Evaluations: 0
[Task: 38] Size: 2 Evaluations: 14
[Task: 38] Size: 3 Evaluations: 20
[Task: 38] Size: 4 Evaluations: 35
[Task: 38] Size: 5 Evaluations: 97
[Task: 38] Size: 6 Evaluations: 224
[Task: 38] Size: 7 Evaluations: 616
[Task: 38] Size: 8 Evaluations: 1603
[Task: 38] Size: 9 Evaluations: 4812
[Task: 38] Size: 10 Evaluations: 13335
[Task: 38] Size: 11 Evaluations: 41021
[Task: 38] Size: 12 Evaluations: 122855
[Task: 38] Size: 13 Evaluations: 385416
[Task: 38] Size: 14 Evaluations: 1204474
[Task: 38] Benchmark: get-last-line-in-cell.sl
[Task: 38] Result: Success
[Task: 38] Program: _arg_0[_arg_0.IndexOf(1.IntToStr(),(-1 + (-1 - _arg_0.IndexOf(_arg_0[-1:])))):]
[Task: 38] Number of evaluations: 4523172
[Task: 38] 2021-09-28 08:01:05.699421
[Task: 38] Time taken: 0:47:31.260096
[Task: 38] 
[Task: 39] Loading bustle model....
[Task: 39] Count: 39
[Task: 39] 
[Task: 39] 2021-09-28 07:13:40.103605
[Task: 39] Number of programs: 8
[Task: 39] Size: 0 Evaluations: 0
[Task: 39] Size: 1 Evaluations: 0
[Task: 39] Size: 2 Evaluations: 11
[Task: 39] Size: 3 Evaluations: 14
[Task: 39] Size: 4 Evaluations: 19
[Task: 39] Size: 5 Evaluations: 54
[Task: 39] Benchmark: get-last-name-from-name.sl
[Task: 39] Result: Success
[Task: 39] Program: _arg_0[_arg_0.IndexOf(" "):].strip()
[Task: 39] Number of evaluations: 131
[Task: 39] 2021-09-28 07:13:41.080767
[Task: 39] Time taken: 0:00:00.977119
[Task: 39] 
[Task: 40] Loading bustle model....
[Task: 40] Count: 40
[Task: 40] 
[Task: 40] 2021-09-28 07:13:39.830595
[Task: 40] Number of programs: 9
[Task: 40] Size: 0 Evaluations: 0
[Task: 40] Size: 1 Evaluations: 0
[Task: 40] Size: 2 Evaluations: 11
[Task: 40] Size: 3 Evaluations: 19
[Task: 40] Size: 4 Evaluations: 12
[Task: 40] Size: 5 Evaluations: 48
[Task: 40] Size: 6 Evaluations: 44
[Task: 40] Size: 7 Evaluations: 100
[Task: 40] Size: 8 Evaluations: 139
[Task: 40] Size: 9 Evaluations: 299
[Task: 40] Size: 10 Evaluations: 616
[Task: 40] Size: 11 Evaluations: 1218
[Task: 40] Size: 12 Evaluations: 3372
[Task: 40] Size: 13 Evaluations: 6866
[Task: 40] Size: 14 Evaluations: 19518
[Task: 40] Size: 15 Evaluations: 48117
[Task: 40] Size: 16 Evaluations: 145280
[Task: 40] Size: 17 Evaluations: 401032
[Task: 40] Benchmark: get-last-name-from-name-with-comma.sl
[Task: 40] Result: Success
[Task: 40] Program: _arg_0[:_arg_0.Length()] + "," + _arg_0[0:][1:][_arg_0.IndexOf(","):][:_arg_0.Length()]
[Task: 40] Number of evaluations: 1523057
[Task: 40] 2021-09-28 07:34:48.737058
[Task: 40] Time taken: 0:21:08.906455
[Task: 40] 
[Task: 41] Loading bustle model....
[Task: 41] Count: 41
[Task: 41] 
[Task: 41] 2021-09-28 07:13:40.819874
[Task: 41] Number of programs: 8
[Task: 41] Size: 0 Evaluations: 0
[Task: 41] Size: 1 Evaluations: 0
[Task: 41] Size: 2 Evaluations: 10
[Task: 41] Size: 3 Evaluations: 14
[Task: 41] Size: 4 Evaluations: 16
[Task: 41] Size: 5 Evaluations: 54
[Task: 41] Size: 6 Evaluations: 87
[Task: 41] Size: 7 Evaluations: 290
[Task: 41] Size: 8 Evaluations: 522
[Task: 41] Benchmark: get-last-word.sl
[Task: 41] Result: Success
[Task: 41] Program: _arg_0[(-1 + (-1 + (-1 + -1))):]
[Task: 41] Number of evaluations: 2111
[Task: 41] 2021-09-28 07:13:42.842623
[Task: 41] Time taken: 0:00:02.022736
[Task: 41] 
[Task: 42] Loading bustle model....
[Task: 42] Count: 42
[Task: 42] 
[Task: 42] 2021-09-28 07:13:40.300239
[Task: 42] Number of programs: 8
[Task: 42] Size: 0 Evaluations: 0
[Task: 42] Size: 1 Evaluations: 0
[Task: 42] Size: 2 Evaluations: 10
[Task: 42] Size: 3 Evaluations: 14
[Task: 42] Size: 4 Evaluations: 11
[Task: 42] Size: 5 Evaluations: 38
[Task: 42] Size: 6 Evaluations: 32
[Task: 42] Size: 7 Evaluations: 93
[Task: 42] Size: 8 Evaluations: 57
[Task: 42] Size: 9 Evaluations: 211
[Task: 42] Size: 10 Evaluations: 143
[Task: 42] Size: 11 Evaluations: 478
[Task: 42] Size: 12 Evaluations: 566
[Task: 42] Size: 13 Evaluations: 1363
[Task: 42] Size: 14 Evaluations: 2201
[Task: 42] Size: 15 Evaluations: 4567
[Task: 42] Benchmark: get-middle-name-from-full-name.sl
[Task: 42] Result: Success
[Task: 42] Program: _arg_0.Substr(_arg_0.IndexOf(" "),_arg_0.IndexOf(" ",(-1 + (-1 - _arg_0.IndexOf(" "))))).strip()
[Task: 42] Number of evaluations: 12211
[Task: 42] 2021-09-28 07:14:00.018064
[Task: 42] Time taken: 0:00:19.717749
[Task: 42] 
[Task: 43] Loading bustle model....
[Task: 43] Count: 43
[Task: 43] 
[Task: 43] 2021-09-28 07:13:37.431700
[Task: 43] Number of programs: 8
[Task: 43] Size: 0 Evaluations: 0
[Task: 43] Size: 1 Evaluations: 0
[Task: 43] Size: 2 Evaluations: 11
[Task: 43] Size: 3 Evaluations: 22
[Task: 43] Size: 4 Evaluations: 4
[Task: 43] Size: 5 Evaluations: 33
[Task: 43] Size: 6 Evaluations: 22
[Task: 43] Size: 7 Evaluations: 38
[Task: 43] Size: 8 Evaluations: 51
[Task: 43] Size: 9 Evaluations: 87
[Task: 43] Size: 10 Evaluations: 115
[Task: 43] Size: 11 Evaluations: 234
[Task: 43] Size: 12 Evaluations: 441
[Task: 43] Size: 13 Evaluations: 502
[Task: 43] Size: 14 Evaluations: 1180
[Task: 43] Size: 15 Evaluations: 1320
[Task: 43] Size: 16 Evaluations: 2335
[Task: 43] Size: 17 Evaluations: 3603
[Task: 43] Size: 18 Evaluations: 6242
[Task: 43] Size: 19 Evaluations: 9230
[Task: 43] Size: 20 Evaluations: 16819
[Task: 43] Size: 21 Evaluations: 27296
[Task: 43] Size: 22 Evaluations: 42083
[Task: 43] Benchmark: initials.sl
[Task: 43] Result: Success
[Task: 43] Program: concat(name.CharAt(0), concat(".", concat(name.CharAt((1 + name.IndexOf(" "))), ".")))
[Task: 43] Number of evaluations: 118259
[Task: 43] 2021-09-28 07:17:51.750943
[Task: 43] Time taken: 0:04:14.319122
[Task: 43] 
[Task: 44] Loading bustle model....
[Task: 44] Count: 44
[Task: 44] 
[Task: 44] 2021-09-28 07:13:40.568521
[Task: 44] Number of programs: 11
[Task: 44] Size: 0 Evaluations: 0
[Task: 44] Size: 1 Evaluations: 0
[Task: 44] Size: 2 Evaluations: 17
[Task: 44] Size: 3 Evaluations: 42
[Task: 44] Size: 4 Evaluations: 15
[Task: 44] Size: 5 Evaluations: 163
[Task: 44] Size: 6 Evaluations: 62
[Task: 44] Size: 7 Evaluations: 313
[Task: 44] Size: 8 Evaluations: 243
[Task: 44] Size: 9 Evaluations: 636
[Task: 44] Size: 10 Evaluations: 664
[Task: 44] Size: 11 Evaluations: 1686
[Task: 44] Size: 12 Evaluations: 3707
[Task: 44] Size: 13 Evaluations: 4770
[Task: 44] Size: 14 Evaluations: 13736
[Task: 44] Size: 15 Evaluations: 15129
[Task: 44] Size: 16 Evaluations: 35769
[Task: 44] Size: 17 Evaluations: 43947
[Task: 44] Size: 18 Evaluations: 94743
[Task: 44] Size: 19 Evaluations: 137388
[Task: 44] Benchmark: join-cells-with-comma.sl
[Task: 44] Result: Success
[Task: 44] Program: concat(_arg_0, concat(",", concat(" ", concat(_arg_1, concat(_arg_1[-1:], concat(",", concat(" ", _arg_2)))[1:].strip()))))
[Task: 44] Number of evaluations: 364885
[Task: 44] 2021-09-28 07:22:35.759383
[Task: 44] Time taken: 0:08:55.190937
[Task: 44] 
[Task: 45] Loading bustle model....
[Task: 46] Loading bustle model....
[Task: 46] Count: 46
[Task: 46] 
[Task: 46] 2021-09-28 07:14:02.708620
[Task: 46] Number of programs: 6
[Task: 46] Size: 0 Evaluations: 0
[Task: 46] Size: 1 Evaluations: 0
[Task: 46] Size: 2 Evaluations: 9
[Task: 46] Size: 3 Evaluations: 12
[Task: 46] Size: 4 Evaluations: 15
[Task: 46] Size: 5 Evaluations: 34
[Task: 46] Benchmark: lastname.sl
[Task: 46] Result: Success
[Task: 46] Program: name[name.IndexOf(" "):].strip()
[Task: 46] Number of evaluations: 90
[Task: 46] 2021-09-28 07:14:03.434515
[Task: 46] Time taken: 0:00:00.725832
[Task: 46] 
[Task: 47] Loading bustle model....
[Task: 47] Count: 47
[Task: 47] 
[Task: 47] 2021-09-28 07:14:04.641305
[Task: 47] Number of programs: 10
[Task: 47] Size: 0 Evaluations: 0
[Task: 47] Size: 1 Evaluations: 0
[Task: 47] Size: 2 Evaluations: 15
[Task: 47] Size: 3 Evaluations: 37
[Task: 47] Size: 4 Evaluations: 20
[Task: 47] Size: 5 Evaluations: 208
[Task: 47] Benchmark: most-frequently-occurring-text.sl
[Task: 47] Result: Success
[Task: 47] Program: (ifEqual(_arg_0,_arg_1) then _arg_0 else _arg_2)
[Task: 47] Number of evaluations: 460
[Task: 47] 2021-09-28 07:14:05.721556
[Task: 47] Time taken: 0:00:01.080251
[Task: 47] 
[Task: 48] Loading bustle model....
[Task: 48] Count: 48
[Task: 48] 
[Task: 48] 2021-09-28 07:14:13.814746
[Task: 48] Number of programs: 9
[Task: 48] Size: 0 Evaluations: 0
[Task: 48] Size: 1 Evaluations: 0
[Task: 48] Size: 2 Evaluations: 15
[Task: 48] Size: 3 Evaluations: 34
[Task: 48] Size: 4 Evaluations: 19
[Task: 48] Size: 5 Evaluations: 112
[Task: 48] Size: 6 Evaluations: 104
[Task: 48] Size: 7 Evaluations: 340
[Task: 48] Size: 8 Evaluations: 325
[Task: 48] Benchmark: name-combine-2.sl
[Task: 48] Result: Success
[Task: 48] Program: concat(firstname, concat(" ", concat(lastname.CharAt(0), ".")))
[Task: 48] Number of evaluations: 976
[Task: 48] 2021-09-28 07:14:15.948554
[Task: 48] Time taken: 0:00:02.133781
[Task: 48] 
[Task: 49] Loading bustle model....
[Task: 49] Count: 49
[Task: 49] 
[Task: 49] 2021-09-28 07:14:21.792075
[Task: 49] Number of programs: 9
[Task: 49] Size: 0 Evaluations: 0
[Task: 49] Size: 1 Evaluations: 0
[Task: 49] Size: 2 Evaluations: 15
[Task: 49] Size: 3 Evaluations: 34
[Task: 49] Size: 4 Evaluations: 28
[Task: 49] Size: 5 Evaluations: 132
[Task: 49] Size: 6 Evaluations: 197
[Task: 49] Size: 7 Evaluations: 475
[Task: 49] Size: 8 Evaluations: 869
[Task: 49] Benchmark: name-combine-3.sl
[Task: 49] Result: Success
[Task: 49] Program: concat(firstname.CharAt(0), concat(".", concat(" ", lastname)))
[Task: 49] Number of evaluations: 1877
[Task: 49] 2021-09-28 07:14:27.517137
[Task: 49] Time taken: 0:00:05.724945
[Task: 49] 
[Task: 50] Loading bustle model....
[Task: 50] Count: 50
[Task: 50] 
[Task: 50] 2021-09-28 07:14:21.467573
[Task: 50] Number of programs: 10
[Task: 50] Size: 0 Evaluations: 0
[Task: 50] Size: 1 Evaluations: 0
[Task: 50] Size: 2 Evaluations: 16
[Task: 50] Size: 3 Evaluations: 43
[Task: 50] Size: 4 Evaluations: 13
[Task: 50] Size: 5 Evaluations: 145
[Task: 50] Size: 6 Evaluations: 64
[Task: 50] Size: 7 Evaluations: 367
[Task: 50] Size: 8 Evaluations: 243
[Task: 50] Size: 9 Evaluations: 734
[Task: 50] Size: 10 Evaluations: 731
[Task: 50] Benchmark: name-combine-4.sl
[Task: 50] Result: Success
[Task: 50] Program: concat(lastname, concat(",", concat(" ", concat(firstname.CharAt(0), "."))))
[Task: 50] Number of evaluations: 2431
[Task: 50] 2021-09-28 07:14:28.594273
[Task: 50] Time taken: 0:00:07.126655
[Task: 50] 
[Task: 51] Loading bustle model....
[Task: 52] Loading bustle model....
[Task: 52] Count: 52
[Task: 52] 
[Task: 52] 2021-09-28 07:14:29.298369
[Task: 52] Number of programs: 15
[Task: 52] Size: 0 Evaluations: 0
[Task: 52] Size: 1 Evaluations: 0
[Task: 52] Size: 2 Evaluations: 16
[Task: 52] Size: 3 Evaluations: 81
[Task: 52] Size: 4 Evaluations: 72
[Task: 52] Size: 5 Evaluations: 417
[Task: 52] Size: 6 Evaluations: 432
[Task: 52] Size: 7 Evaluations: 2516
[Task: 52] Size: 8 Evaluations: 3218
[Task: 52] Size: 9 Evaluations: 16682
[Task: 52] Size: 10 Evaluations: 31801
[Task: 52] Size: 11 Evaluations: 120013
[Task: 52] Size: 12 Evaluations: 302821
[Task: 52] Size: 13 Evaluations: 935538
[Task: 53] Loading bustle model....
[Task: 53] Count: 53
[Task: 53] 
[Task: 53] 2021-09-28 07:14:29.284463
[Task: 53] Number of programs: 10
[Task: 53] Size: 0 Evaluations: 0
[Task: 53] Size: 1 Evaluations: 0
[Task: 53] Size: 2 Evaluations: 11
[Task: 53] Size: 3 Evaluations: 35
[Task: 53] Size: 4 Evaluations: 47
[Task: 53] Benchmark: phone-1.sl
[Task: 53] Result: Success
[Task: 53] Program: name[4:][:3]
[Task: 53] Number of evaluations: 143
[Task: 53] 2021-09-28 07:14:29.996957
[Task: 53] Time taken: 0:00:00.712446
[Task: 53] 
[Task: 54] Loading bustle model....
[Task: 54] Count: 54
[Task: 54] 
[Task: 54] 2021-09-28 07:14:30.678580
[Task: 54] Number of programs: 10
[Task: 54] Size: 0 Evaluations: 0
[Task: 54] Size: 1 Evaluations: 0
[Task: 54] Size: 2 Evaluations: 11
[Task: 54] Size: 3 Evaluations: 35
[Task: 54] Size: 4 Evaluations: 51
[Task: 54] Benchmark: phone-2.sl
[Task: 54] Result: Success
[Task: 54] Program: name[(3 + 5):]
[Task: 54] Number of evaluations: 157
[Task: 54] 2021-09-28 07:14:31.455540
[Task: 54] Time taken: 0:00:00.776934
[Task: 54] 
[Task: 55] Loading bustle model....
[Task: 55] Count: 55
[Task: 55] 
[Task: 55] 2021-09-28 07:14:33.415132
[Task: 55] Number of programs: 13
[Task: 55] Size: 0 Evaluations: 0
[Task: 55] Size: 1 Evaluations: 0
[Task: 55] Size: 2 Evaluations: 14
[Task: 55] Size: 3 Evaluations: 55
[Task: 55] Size: 4 Evaluations: 49
[Task: 55] Size: 5 Evaluations: 284
[Task: 55] Size: 6 Evaluations: 330
[Task: 55] Size: 7 Evaluations: 1593
[Task: 55] Benchmark: phone-3.sl
[Task: 55] Result: Success
[Task: 55] Program: concat("(", name.replace("-", concat(")", " ")))
[Task: 55] Number of evaluations: 2341
[Task: 55] 2021-09-28 07:14:39.603492
[Task: 55] Time taken: 0:00:06.188272
[Task: 55] 
[Task: 56] Loading bustle model....
[Task: 56] Count: 56
[Task: 56] 
[Task: 56] 2021-09-28 07:14:37.034347
[Task: 56] Number of programs: 14
[Task: 56] Size: 0 Evaluations: 0
[Task: 56] Size: 1 Evaluations: 0
[Task: 56] Size: 2 Evaluations: 15
[Task: 56] Size: 3 Evaluations: 66
[Task: 56] Size: 4 Evaluations: 52
[Task: 56] Benchmark: phone-4.sl
[Task: 56] Result: Success
[Task: 56] Program: name.replace("-", ".",2)
[Task: 56] Number of evaluations: 247
[Task: 56] 2021-09-28 07:14:38.111851
[Task: 56] Time taken: 0:00:01.077407
[Task: 56] 
[Task: 57] Loading bustle model....
[Task: 58] Loading bustle model....
[Task: 58] Count: 58
[Task: 58] 
[Task: 58] 2021-09-28 07:14:46.016835
[Task: 58] Number of programs: 13
[Task: 58] Size: 0 Evaluations: 0
[Task: 58] Size: 1 Evaluations: 0
[Task: 58] Size: 2 Evaluations: 14
[Task: 58] Size: 3 Evaluations: 57
[Task: 58] Size: 4 Evaluations: 71
[Task: 58] Size: 5 Evaluations: 297
[Task: 58] Size: 6 Evaluations: 476
[Task: 58] Size: 7 Evaluations: 1440
[Task: 58] Size: 8 Evaluations: 2414
[Task: 58] Benchmark: phone-6.sl
[Task: 58] Result: Success
[Task: 58] Program: name.Substr(name.IndexOf(" "),name.IndexOf("-")).strip()
[Task: 58] Number of evaluations: 6900
[Task: 58] 2021-09-28 07:14:58.042439
[Task: 58] Time taken: 0:00:12.025580
[Task: 58] 
[Task: 59] Loading bustle model....
[Task: 59] Count: 59
[Task: 59] 
[Task: 59] 2021-09-28 07:14:49.811353
[Task: 59] Number of programs: 13
[Task: 59] Size: 0 Evaluations: 0
[Task: 59] Size: 1 Evaluations: 0
[Task: 59] Size: 2 Evaluations: 14
[Task: 59] Size: 3 Evaluations: 57
[Task: 59] Size: 4 Evaluations: 71
[Task: 59] Size: 5 Evaluations: 287
[Task: 59] Size: 6 Evaluations: 458
[Task: 59] Size: 7 Evaluations: 1451
[Task: 59] Size: 8 Evaluations: 2392
[Task: 59] Benchmark: phone-7.sl
[Task: 59] Result: Success
[Task: 59] Program: name[(1 + name.IndexOf("-")):][:3]
[Task: 59] Number of evaluations: 7240
[Task: 59] 2021-09-28 07:15:04.904683
[Task: 59] Time taken: 0:00:15.093181
[Task: 59] 
[Task: 60] Loading bustle model....
[Task: 60] Count: 60
[Task: 60] 
[Task: 60] 2021-09-28 07:14:51.535797
[Task: 60] Number of programs: 13
[Task: 60] Size: 0 Evaluations: 0
[Task: 60] Size: 1 Evaluations: 0
[Task: 60] Size: 2 Evaluations: 14
[Task: 60] Size: 3 Evaluations: 57
[Task: 60] Size: 4 Evaluations: 58
[Task: 60] Benchmark: phone-8.sl
[Task: 60] Result: Success
[Task: 60] Program: name[(0 - 3):]
[Task: 60] Number of evaluations: 260
[Task: 60] 2021-09-28 07:14:52.656526
[Task: 60] Time taken: 0:00:01.120680
[Task: 60] 
[Task: 61] Loading bustle model....
[Task: 61] Count: 61
[Task: 61] 
[Task: 61] 2021-09-28 07:14:52.780770
[Task: 61] Number of programs: 13
[Task: 61] Size: 0 Evaluations: 0
[Task: 61] Size: 1 Evaluations: 0
[Task: 61] Size: 2 Evaluations: 14
[Task: 61] Size: 3 Evaluations: 57
[Task: 61] Size: 4 Evaluations: 59
[Task: 61] Size: 5 Evaluations: 285
[Task: 61] Size: 6 Evaluations: 360
[Task: 61] Size: 7 Evaluations: 1656
[Task: 61] Size: 8 Evaluations: 2088
[Task: 61] Size: 9 Evaluations: 9172
[Task: 61] Benchmark: phone-9.sl
[Task: 61] Result: Success
[Task: 61] Program: name[1:].replace("-", ".",2).replace(" ", ".")
[Task: 61] Number of evaluations: 17577
[Task: 61] 2021-09-28 07:15:25.554021
[Task: 61] Time taken: 0:00:32.773240
[Task: 61] 
[Task: 62] Loading bustle model....
[Task: 62] Count: 62
[Task: 62] 
[Task: 62] 2021-09-28 07:14:53.126752
[Task: 62] Number of programs: 10
[Task: 62] Size: 0 Evaluations: 0
[Task: 62] Size: 1 Evaluations: 0
[Task: 62] Size: 2 Evaluations: 11
[Task: 62] Benchmark: phone.sl
[Task: 62] Result: Success
[Task: 62] Program: name[:3]
[Task: 62] Number of evaluations: 24
[Task: 62] 2021-09-28 07:14:53.856113
[Task: 62] Time taken: 0:00:00.729277
[Task: 62] 
[Task: 63] Loading bustle model....
[Task: 63] Count: 63
[Task: 63] 
[Task: 63] 2021-09-28 07:14:55.359356
[Task: 63] Number of programs: 9
[Task: 63] Size: 0 Evaluations: 0
[Task: 63] Size: 1 Evaluations: 0
[Task: 63] Size: 2 Evaluations: 11
[Task: 63] Size: 3 Evaluations: 20
[Task: 63] Size: 4 Evaluations: 21
[Task: 63] Benchmark: remove-file-extension-from-filename.sl
[Task: 63] Result: Success
[Task: 63] Program: _arg_0[:_arg_0.IndexOf(".")]
[Task: 63] Number of evaluations: 93
[Task: 63] 2021-09-28 07:14:55.999351
[Task: 63] Time taken: 0:00:00.639963
[Task: 63] 
[Task: 64] Loading bustle model....
[Task: 64] Count: 64
[Task: 64] 
[Task: 64] 2021-09-28 07:15:01.221962
[Task: 64] Number of programs: 8
[Task: 64] Size: 0 Evaluations: 0
[Task: 64] Size: 1 Evaluations: 0
[Task: 64] Size: 2 Evaluations: 11
[Task: 64] Size: 3 Evaluations: 13
[Task: 64] Size: 4 Evaluations: 10
[Task: 64] Size: 5 Evaluations: 35
[Task: 64] Size: 6 Evaluations: 26
[Task: 64] Size: 7 Evaluations: 87
[Task: 64] Size: 8 Evaluations: 110
[Task: 64] Size: 9 Evaluations: 219
[Task: 64] Size: 10 Evaluations: 380
[Task: 64] Size: 11 Evaluations: 680
[Task: 64] Size: 12 Evaluations: 1293
[Task: 64] Size: 13 Evaluations: 2109
[Task: 64] Size: 14 Evaluations: 4292
[Task: 64] Size: 15 Evaluations: 7365
[Task: 64] Size: 16 Evaluations: 13564
[Task: 64] Size: 17 Evaluations: 24992
[Task: 64] Size: 18 Evaluations: 45597
[Task: 64] Size: 19 Evaluations: 85528
[Task: 64] Size: 20 Evaluations: 157555
[Task: 64] Benchmark: remove-leading-and-trailing-spaces-from-text.sl
[Task: 64] Result: Success
[Task: 64] Program: _arg_0.replace(concat(" ", " "), "").replace(concat(" ", " "), " ")
[Task: 64] Number of evaluations: 454726
[Task: 64] 2021-09-28 07:24:06.935092
[Task: 64] Time taken: 0:09:05.713121
[Task: 64] 
[Task: 65] Loading bustle model....
[Task: 65] Count: 65
[Task: 65] 
[Task: 65] 2021-09-28 07:15:01.403666
[Task: 65] Number of programs: 9
[Task: 65] Size: 0 Evaluations: 0
[Task: 65] Size: 1 Evaluations: 0
[Task: 65] Size: 2 Evaluations: 10
[Task: 65] Size: 3 Evaluations: 19
[Task: 65] Size: 4 Evaluations: 28
[Task: 65] Benchmark: remove-text-by-matching.sl
[Task: 65] Result: Success
[Task: 65] Program: _arg_0.replace("-", "",-1)
[Task: 65] Number of evaluations: 103
[Task: 65] 2021-09-28 07:15:02.279250
[Task: 65] Time taken: 0:00:00.875552
[Task: 65] 
[Task: 66] Loading bustle model....
[Task: 67] Loading bustle model....
[Task: 67] Count: 67
[Task: 67] 
[Task: 67] 2021-09-28 07:15:17.402991
[Task: 67] Number of programs: 9
[Task: 67] Size: 0 Evaluations: 0
[Task: 67] Size: 1 Evaluations: 0
[Task: 67] Size: 2 Evaluations: 12
[Task: 67] Size: 3 Evaluations: 20
[Task: 67] Size: 4 Evaluations: 4
[Task: 67] Size: 5 Evaluations: 41
[Task: 67] Size: 6 Evaluations: 9
[Task: 67] Size: 7 Evaluations: 63
[Task: 67] Size: 8 Evaluations: 19
[Task: 67] Size: 9 Evaluations: 87
[Task: 67] Size: 10 Evaluations: 84
[Task: 67] Benchmark: remove-unwanted-characters.sl
[Task: 67] Result: Success
[Task: 67] Program: _arg_0.replace(_arg_1.strip(), "",-1)
[Task: 67] Number of evaluations: 475
[Task: 67] 2021-09-28 07:15:18.956932
[Task: 67] Time taken: 0:00:01.553842
[Task: 67] 
[Task: 68] Loading bustle model....
[Task: 68] Count: 68
[Task: 68] 
[Task: 68] 2021-09-28 07:15:17.004962
[Task: 68] Number of programs: 9
[Task: 68] Size: 0 Evaluations: 0
[Task: 68] Size: 1 Evaluations: 0
[Task: 68] Size: 2 Evaluations: 10
[Task: 68] Size: 3 Evaluations: 19
[Task: 68] Size: 4 Evaluations: 13
[Task: 68] Benchmark: replace-one-character-with-another.sl
[Task: 68] Result: Success
[Task: 68] Program: _arg_0.replace(" ", "-",-1)
[Task: 68] Number of evaluations: 70
[Task: 68] 2021-09-28 07:15:17.620701
[Task: 68] Time taken: 0:00:00.615728
[Task: 68] 
[Task: 69] Loading bustle model....
[Task: 69] Count: 69
[Task: 69] 
[Task: 69] 2021-09-28 07:15:17.503316
[Task: 69] Number of programs: 8
[Task: 69] Size: 0 Evaluations: 0
[Task: 69] Size: 1 Evaluations: 0
[Task: 69] Size: 2 Evaluations: 14
[Task: 69] Size: 3 Evaluations: 27
[Task: 69] Size: 4 Evaluations: 24
[Task: 69] Benchmark: reverse-name.sl
[Task: 69] Result: Success
[Task: 69] Program: concat(lastname, concat(" ", firstname))
[Task: 69] Number of evaluations: 94
[Task: 69] 2021-09-28 07:15:18.491813
[Task: 69] Time taken: 0:00:00.988328
[Task: 69] 
[Task: 70] Loading bustle model....
[Task: 70] Count: 70
[Task: 70] 
[Task: 70] 2021-09-28 07:15:17.410963
[Task: 70] Number of programs: 13
[Task: 70] Size: 0 Evaluations: 0
[Task: 70] Size: 1 Evaluations: 0
[Task: 70] Size: 2 Evaluations: 15
[Task: 70] Size: 3 Evaluations: 38
[Task: 70] Size: 4 Evaluations: 49
[Task: 70] Size: 5 Evaluations: 220
[Task: 70] Size: 6 Evaluations: 277
[Task: 70] Size: 7 Evaluations: 851
[Task: 70] Size: 8 Evaluations: 1368
[Task: 70] Size: 9 Evaluations: 4307
[Task: 70] Size: 10 Evaluations: 9804
[Task: 70] Size: 11 Evaluations: 26646
[Task: 70] Size: 12 Evaluations: 76674
[Task: 70] Benchmark: stackoverflow10.sl
[Task: 70] Result: Success
[Task: 70] Program: _arg_0[_arg_0.IndexOf(1.IntToStr(),(3 + _arg_0.IndexOf(" "))):][:4]
[Task: 70] Number of evaluations: 193611
[Task: 70] 2021-09-28 07:28:49.093230
[Task: 70] Time taken: 0:13:31.682253
[Task: 70] 
[Task: 71] Loading bustle model....
[Task: 71] Count: 71
[Task: 71] 
[Task: 71] 2021-09-28 07:15:17.424860
[Task: 71] Number of programs: 19
[Task: 71] Size: 0 Evaluations: 0
[Task: 71] Size: 1 Evaluations: 0
[Task: 71] Size: 2 Evaluations: 27
[Task: 71] Size: 3 Evaluations: 186
[Task: 71] Size: 4 Evaluations: 201
[Task: 71] Size: 5 Evaluations: 764
[Task: 71] Size: 6 Evaluations: 5108
[Task: 71] Size: 7 Evaluations: 24697
[Task: 71] Size: 8 Evaluations: 116543
[Task: 71] Size: 9 Evaluations: 667016
[Task: 72] Loading bustle model....
[Task: 73] Loading bustle model....
[Task: 73] Count: 73
[Task: 73] 
[Task: 73] 2021-09-28 07:15:21.127169
[Task: 73] Number of programs: 9
[Task: 73] Size: 0 Evaluations: 0
[Task: 73] Size: 1 Evaluations: 0
[Task: 73] Size: 2 Evaluations: 13
[Task: 73] Size: 3 Evaluations: 19
[Task: 73] Size: 4 Evaluations: 24
[Task: 73] Size: 5 Evaluations: 83
[Task: 73] Size: 6 Evaluations: 145
[Task: 73] Size: 7 Evaluations: 450
[Task: 73] Size: 8 Evaluations: 940
[Task: 73] Size: 9 Evaluations: 3062
[Task: 73] Benchmark: stackoverflow2.sl
[Task: 73] Result: Success
[Task: 73] Program: _arg_0[:(-1 - ("in".Length() + "in".Length()))].strip()
[Task: 73] Number of evaluations: 7956
[Task: 73] 2021-09-28 07:15:28.523525
[Task: 73] Time taken: 0:00:07.396245
[Task: 73] 
[Task: 74] Loading bustle model....
[Task: 74] Count: 74
[Task: 74] 
[Task: 74] 2021-09-28 07:15:30.640001
[Task: 74] Number of programs: 13
[Task: 74] Size: 0 Evaluations: 0
[Task: 74] Size: 1 Evaluations: 0
[Task: 74] Size: 2 Evaluations: 15
[Task: 74] Size: 3 Evaluations: 38
[Task: 74] Size: 4 Evaluations: 62
[Task: 74] Size: 5 Evaluations: 246
[Task: 74] Size: 6 Evaluations: 588
[Task: 74] Size: 7 Evaluations: 2624
[Task: 74] Benchmark: stackoverflow3.sl
[Task: 74] Result: Success
[Task: 74] Program: _arg_0[(3 + _arg_0.IndexOf("9")):].strip()
[Task: 74] Number of evaluations: 6738
[Task: 74] 2021-09-28 07:15:41.312390
[Task: 74] Time taken: 0:00:10.672290
[Task: 74] 
[Task: 75] Loading bustle model....
[Task: 76] Loading bustle model....
[Task: 76] Count: 76
[Task: 76] 
[Task: 76] 2021-09-28 07:15:30.901530
[Task: 76] Number of programs: 13
[Task: 76] Size: 0 Evaluations: 0
[Task: 76] Size: 1 Evaluations: 0
[Task: 76] Size: 2 Evaluations: 17
[Task: 76] Size: 3 Evaluations: 64
[Task: 76] Size: 4 Evaluations: 94
[Task: 76] Size: 5 Evaluations: 369
[Task: 76] Size: 6 Evaluations: 1315
[Task: 76] Benchmark: stackoverflow5.sl
[Task: 76] Result: Success
[Task: 76] Program: _arg_0[:(-1 + _arg_0.IndexOf("1"))]
[Task: 76] Number of evaluations: 5635
[Task: 76] 2021-09-28 07:15:33.490361
[Task: 76] Time taken: 0:00:02.588808
[Task: 76] 
[Task: 77] Loading bustle model....
[Task: 77] Count: 77
[Task: 77] 
[Task: 77] 2021-09-28 07:15:33.825589
[Task: 77] Number of programs: 10
[Task: 77] Size: 0 Evaluations: 0
[Task: 77] Size: 1 Evaluations: 0
[Task: 77] Size: 2 Evaluations: 13
[Task: 77] Size: 3 Evaluations: 28
[Task: 77] Size: 4 Evaluations: 43
[Task: 77] Size: 5 Evaluations: 146
[Task: 77] Size: 6 Evaluations: 390
[Task: 77] Size: 7 Evaluations: 1342
[Task: 77] Size: 8 Evaluations: 4161
[Task: 77] Size: 9 Evaluations: 14853
[Task: 77] Size: 10 Evaluations: 51204
[Task: 77] Benchmark: stackoverflow6.sl
[Task: 77] Result: Success
[Task: 77] Program: _arg_0[(1 + _arg_0.IndexOf("=",_arg_0.IndexOf("-"))):].strip()
[Task: 77] Number of evaluations: 181850
[Task: 77] 2021-09-28 07:16:55.914418
[Task: 77] Time taken: 0:01:22.088844
[Task: 77] 
[Task: 78] Loading bustle model....
[Task: 78] Count: 78
[Task: 78] 
[Task: 78] 2021-09-28 07:15:34.139059
[Task: 78] Number of programs: 9
[Task: 78] Size: 0 Evaluations: 0
[Task: 78] Size: 1 Evaluations: 0
[Task: 78] Size: 2 Evaluations: 14
[Task: 78] Size: 3 Evaluations: 26
[Task: 78] Size: 4 Evaluations: 23
[Task: 78] Size: 5 Evaluations: 87
[Task: 78] Size: 6 Evaluations: 131
[Task: 78] Size: 7 Evaluations: 182
[Task: 78] Size: 8 Evaluations: 500
[Task: 78] Size: 9 Evaluations: 527
[Task: 78] Size: 10 Evaluations: 1309
[Task: 78] Benchmark: stackoverflow7.sl
[Task: 78] Result: Success
[Task: 78] Program: _arg_0.replace(_arg_1.strip(), "").strip()
[Task: 78] Number of evaluations: 3209
[Task: 78] 2021-09-28 07:15:38.645601
[Task: 78] Time taken: 0:00:04.506506
[Task: 78] 
[Task: 79] Loading bustle model....
[Task: 79] Count: 79
[Task: 79] 
[Task: 79] 2021-09-28 07:15:41.565815
[Task: 79] Number of programs: 12
[Task: 79] Size: 0 Evaluations: 0
[Task: 79] Size: 1 Evaluations: 0
[Task: 79] Size: 2 Evaluations: 15
[Task: 79] Size: 3 Evaluations: 35
[Task: 79] Size: 4 Evaluations: 50
[Task: 79] Size: 5 Evaluations: 225
[Task: 79] Size: 6 Evaluations: 418
[Task: 79] Size: 7 Evaluations: 2304
[Task: 79] Benchmark: stackoverflow8.sl
[Task: 79] Result: Success
[Task: 79] Program: _arg_0[_arg_0.IndexOf(_arg_0[-1:].upper()):]
[Task: 79] Number of evaluations: 7080
[Task: 79] 2021-09-28 07:15:45.373903
[Task: 79] Time taken: 0:00:03.808060
[Task: 79] 
[Task: 80] Loading bustle model....
[Task: 80] Count: 80
[Task: 80] 
[Task: 80] 2021-09-28 07:15:41.554315
[Task: 80] Number of programs: 8
[Task: 80] Size: 0 Evaluations: 0
[Task: 80] Size: 1 Evaluations: 0
[Task: 80] Size: 2 Evaluations: 11
[Task: 80] Size: 3 Evaluations: 14
[Task: 80] Size: 4 Evaluations: 19
[Task: 80] Size: 5 Evaluations: 55
[Task: 80] Size: 6 Evaluations: 100
[Task: 80] Size: 7 Evaluations: 284
[Task: 80] Size: 8 Evaluations: 582
[Task: 80] Size: 9 Evaluations: 1826
[Task: 80] Size: 10 Evaluations: 4233
[Task: 80] Benchmark: stackoverflow9.sl
[Task: 80] Result: Success
[Task: 80] Program: _arg_0[(1 + _arg_0.replace(" ", "").IndexOf(" ")):].strip()
[Task: 80] Number of evaluations: 11838
[Task: 80] 2021-09-28 07:15:52.347284
[Task: 80] Time taken: 0:00:10.792946
[Task: 80] 
[Task: 81] Loading bustle model....
[Task: 82] Loading bustle model....
[Task: 82] Count: 82
[Task: 82] 
[Task: 82] 2021-09-28 07:15:49.286700
[Task: 82] Number of programs: 20
[Task: 82] Size: 0 Evaluations: 0
[Task: 82] Size: 1 Evaluations: 0
[Task: 82] Size: 2 Evaluations: 19
[Task: 82] Size: 3 Evaluations: 68
[Task: 82] Size: 4 Evaluations: 114
[Task: 82] Size: 5 Evaluations: 603
[Task: 82] Size: 6 Evaluations: 880
[Task: 82] Size: 7 Evaluations: 2829
[Task: 82] Size: 8 Evaluations: 5264
[Task: 82] Size: 9 Evaluations: 18366
[Task: 82] Size: 10 Evaluations: 77092
[Task: 82] Size: 11 Evaluations: 211736
[Task: 82] Size: 12 Evaluations: 767621
[Task: 82] Size: 13 Evaluations: 2322602
[Task: 83] Loading bustle model....
[Task: 83] Count: 83
[Task: 83] 
[Task: 83] 2021-09-28 07:15:53.460033
[Task: 83] Number of programs: 18
[Task: 83] Size: 0 Evaluations: 0
[Task: 83] Size: 1 Evaluations: 0
[Task: 83] Size: 2 Evaluations: 18
[Task: 83] Size: 3 Evaluations: 61
[Task: 83] Size: 4 Evaluations: 39
[Task: 83] Size: 5 Evaluations: 323
[Task: 83] Size: 6 Evaluations: 76
[Task: 83] Size: 7 Evaluations: 362
[Task: 83] Size: 8 Evaluations: 762
[Task: 83] Size: 9 Evaluations: 11076
[Task: 83] Size: 10 Evaluations: 10406
[Task: 83] Size: 11 Evaluations: 117421
[Task: 83] Size: 12 Evaluations: 194158
[Task: 83] Size: 13 Evaluations: 2620519
[Task: 84] Loading bustle model....
[Task: 84] Count: 84
[Task: 84] 
[Task: 84] 2021-09-28 07:15:53.630633
[Task: 84] Number of programs: 9
[Task: 84] Size: 0 Evaluations: 0
[Task: 84] Size: 1 Evaluations: 0
[Task: 84] Size: 2 Evaluations: 15
[Task: 84] Size: 3 Evaluations: 37
[Task: 84] Size: 4 Evaluations: 36
[Task: 84] Size: 5 Evaluations: 181
[Task: 84] Size: 6 Evaluations: 162
[Task: 84] Benchmark: univ_1.sl
[Task: 84] Result: Success
[Task: 84] Program: concat(col1, concat(",", concat(" ", col2)))
[Task: 84] Number of evaluations: 467
[Task: 84] 2021-09-28 07:15:55.625401
[Task: 84] Time taken: 0:00:01.994724
[Task: 84] 
[Task: 85] Loading bustle model....
[Task: 85] Count: 85
[Task: 85] 
[Task: 85] 2021-09-28 07:15:56.786479
[Task: 85] Number of programs: 15
[Task: 85] Size: 0 Evaluations: 0
[Task: 85] Size: 1 Evaluations: 0
[Task: 85] Size: 2 Evaluations: 29
[Task: 85] Size: 3 Evaluations: 136
[Task: 85] Size: 4 Evaluations: 118
[Task: 85] Size: 5 Evaluations: 460
[Task: 85] Size: 6 Evaluations: 861
[Task: 85] Size: 7 Evaluations: 2482
[Task: 85] Size: 8 Evaluations: 4455
[Task: 85] Size: 9 Evaluations: 12690
[Task: 85] Size: 10 Evaluations: 24020
[Task: 85] Size: 11 Evaluations: 63485
[Task: 85] Size: 12 Evaluations: 134674
[Task: 85] Size: 13 Evaluations: 330513
[Task: 85] Size: 14 Evaluations: 739796
[Task: 86] Loading bustle model....
[Task: 87] Loading bustle model....
[Task: 87] Count: 87
[Task: 87] 
[Task: 87] 2021-09-28 07:16:01.653533
[Task: 87] Number of programs: 16
[Task: 87] Size: 0 Evaluations: 0
[Task: 87] Size: 1 Evaluations: 0
[Task: 87] Size: 2 Evaluations: 33
[Task: 87] Size: 3 Evaluations: 168
[Task: 87] Size: 4 Evaluations: 220
[Task: 87] Size: 5 Evaluations: 1211
[Task: 87] Size: 6 Evaluations: 4141
[Task: 87] Size: 7 Evaluations: 13971
[Task: 87] Size: 8 Evaluations: 56936
[Task: 87] Size: 9 Evaluations: 240346
[Task: 87] Size: 10 Evaluations: 893010
[Task: 88] Loading bustle model....
[Task: 88] Count: 88
[Task: 88] 
[Task: 88] 2021-09-28 07:16:05.422499
[Task: 88] Number of programs: 36
[Task: 88] Size: 0 Evaluations: 0
[Task: 88] Size: 1 Evaluations: 0
[Task: 88] Size: 2 Evaluations: 71
[Task: 88] Size: 3 Evaluations: 1006
[Task: 88] Size: 4 Evaluations: 1817
[Task: 88] Size: 5 Evaluations: 4938
[Task: 88] Size: 6 Evaluations: 33859
[Task: 88] Size: 7 Evaluations: 199245
[Task: 88] Size: 8 Evaluations: 998921
