[Task: 0] Loading bustle model....
[Task: 0] Count: 0
[Task: 0] 
[Task: 0] 2021-09-28 07:21:40.307944
[Task: 0] Number of programs: 10
[Task: 0] Size: 0 Evaluations: 0
[Task: 0] Size: 1 Evaluations: 0
[Task: 0] Size: 2 Evaluations: 17
[Task: 0] Size: 3 Evaluations: 33
[Task: 0] Size: 4 Evaluations: 13
[Task: 0] Size: 5 Evaluations: 33
[Task: 0] Size: 6 Evaluations: 16
[Task: 0] Size: 7 Evaluations: 20
[Task: 0] Size: 8 Evaluations: 63
[Task: 0] Size: 9 Evaluations: 157
[Task: 0] Size: 10 Evaluations: 385
[Task: 0] Size: 11 Evaluations: 975
[Task: 0] Benchmark: 11440431.sl
[Task: 0] Result: Success
[Task: 0] Program: _arg_0.replace("US", "").replace("CAN", "").strip()
[Task: 0] Number of evaluations: 2508
[Task: 0] 2021-09-28 07:21:43.108013
[Task: 0] Time taken: 0:00:02.800055
[Task: 0] 
[Task: 1] Loading bustle model....
[Task: 1] Count: 1
[Task: 1] 
[Task: 1] 2021-09-28 07:21:40.235620
[Task: 1] Number of programs: 10
[Task: 1] Size: 0 Evaluations: 0
[Task: 1] Size: 1 Evaluations: 0
[Task: 1] Size: 2 Evaluations: 12
[Task: 1] Size: 3 Evaluations: 19
[Task: 1] Size: 4 Evaluations: 7
[Task: 1] Size: 5 Evaluations: 29
[Task: 1] Size: 6 Evaluations: 3
[Task: 1] Size: 7 Evaluations: 3
[Task: 1] Size: 8 Evaluations: 23
[Task: 1] Size: 9 Evaluations: 84
[Task: 1] Size: 10 Evaluations: 155
[Task: 1] Size: 11 Evaluations: 313
[Task: 1] Size: 12 Evaluations: 552
[Task: 1] Size: 13 Evaluations: 566
[Task: 1] Size: 14 Evaluations: 1132
[Task: 1] Size: 15 Evaluations: 1333
[Task: 1] Size: 16 Evaluations: 2544
[Task: 1] Size: 17 Evaluations: 5027
[Task: 1] Size: 18 Evaluations: 10973
[Task: 1] Size: 19 Evaluations: 20787
[Task: 1] Size: 20 Evaluations: 40373
[Task: 1] Size: 21 Evaluations: 68532
[Task: 1] Size: 22 Evaluations: 113251
[Task: 1] Size: 23 Evaluations: 211045
[Task: 1] Size: 24 Evaluations: 400175
[Task: 1] Size: 25 Evaluations: 813092
[Task: 2] Loading bustle model....
[Task: 2] Count: 2
[Task: 2] 
[Task: 2] 2021-09-28 07:21:40.249902
[Task: 2] Number of programs: 9
[Task: 2] Size: 0 Evaluations: 0
[Task: 2] Size: 1 Evaluations: 0
[Task: 2] Size: 2 Evaluations: 10
[Task: 2] Size: 3 Evaluations: 16
[Task: 2] Size: 4 Evaluations: 5
[Task: 2] Size: 5 Evaluations: 30
[Task: 2] Size: 6 Evaluations: 8
[Task: 2] Size: 7 Evaluations: 17
[Task: 2] Size: 8 Evaluations: 8
[Task: 2] Size: 9 Evaluations: 42
[Task: 2] Size: 10 Evaluations: 60
[Task: 2] Size: 11 Evaluations: 124
[Task: 2] Size: 12 Evaluations: 400
[Task: 2] Size: 13 Evaluations: 358
[Task: 2] Size: 14 Evaluations: 742
[Task: 2] Size: 15 Evaluations: 636
[Task: 2] Size: 16 Evaluations: 829
[Task: 2] Size: 17 Evaluations: 963
[Task: 2] Size: 18 Evaluations: 2007
[Task: 2] Size: 19 Evaluations: 4635
[Task: 2] Size: 20 Evaluations: 8287
[Task: 2] Size: 21 Evaluations: 17718
[Task: 2] Size: 22 Evaluations: 22740
[Task: 2] Size: 23 Evaluations: 34364
[Task: 2] Size: 24 Evaluations: 40610
[Task: 2] Size: 25 Evaluations: 56440
[Task: 2] Benchmark: 17212077.sl
[Task: 2] Result: Success
[Task: 2] Program: _arg_0[:1] + _arg_0.CharAt(1) + _arg_0[_arg_0.replace("/", " ").IndexOf("/"):]
[Task: 2] Number of evaluations: 258519
[Task: 2] 2021-09-28 07:25:25.751469
[Task: 2] Time taken: 0:03:45.491861
[Task: 2] 
[Task: 3] Loading bustle model....
[Task: 3] Count: 3
[Task: 3] 
[Task: 3] 2021-09-28 07:21:40.307044
[Task: 3] Number of programs: 8
[Task: 3] Size: 0 Evaluations: 0
[Task: 3] Size: 1 Evaluations: 0
[Task: 3] Size: 2 Evaluations: 11
[Task: 3] Size: 3 Evaluations: 13
[Task: 3] Size: 4 Evaluations: 3
[Task: 3] Size: 5 Evaluations: 16
[Task: 3] Size: 6 Evaluations: 0
[Task: 3] Size: 7 Evaluations: 0
[Task: 3] Size: 8 Evaluations: 2
[Task: 3] Size: 9 Evaluations: 42
[Task: 3] Size: 10 Evaluations: 54
[Task: 3] Size: 11 Evaluations: 135
[Task: 3] Benchmark: 2171308.sl
[Task: 3] Result: Success
[Task: 3] Program: _arg_0[:1] + "" + _arg_0[_arg_0.IndexOf(" "):]
[Task: 3] Number of evaluations: 384
[Task: 3] 2021-09-28 07:21:41.277944
[Task: 3] Time taken: 0:00:00.970873
[Task: 3] 
[Task: 4] Loading bustle model....
[Task: 4] Count: 4
[Task: 4] 
[Task: 4] 2021-09-28 07:21:40.237030
[Task: 4] Number of programs: 14
[Task: 4] Size: 0 Evaluations: 0
[Task: 4] Size: 1 Evaluations: 0
[Task: 4] Size: 2 Evaluations: 30
[Task: 4] Size: 3 Evaluations: 99
[Task: 4] Size: 4 Evaluations: 33
[Task: 4] Size: 5 Evaluations: 60
[Task: 4] Size: 6 Evaluations: 0
[Task: 4] Size: 7 Evaluations: 0
[Task: 4] Size: 8 Evaluations: 32
[Task: 4] Size: 9 Evaluations: 536
[Task: 4] Size: 10 Evaluations: 1212
[Task: 4] Size: 11 Evaluations: 2836
[Task: 4] Size: 12 Evaluations: 4825
[Task: 4] Size: 13 Evaluations: 2454
[Task: 4] Size: 14 Evaluations: 2505
[Task: 4] Size: 15 Evaluations: 1614
[Task: 4] Size: 16 Evaluations: 10776
[Task: 4] Size: 17 Evaluations: 35036
[Task: 4] Benchmark: 25239569.sl
[Task: 4] Result: Success
[Task: 4] Program: _arg_0.replace("BRD", "Branding").replace("DRS", "Direct Response").replace("LDS", "Leads")
[Task: 4] Number of evaluations: 124685
[Task: 4] 2021-09-28 07:22:41.188964
[Task: 4] Time taken: 0:01:00.943463
[Task: 4] 
[Task: 5] Loading bustle model....
[Task: 5] Count: 5
[Task: 5] 
[Task: 5] 2021-09-28 07:21:40.218139
[Task: 5] Number of programs: 10
[Task: 5] Size: 0 Evaluations: 0
[Task: 5] Size: 1 Evaluations: 0
[Task: 5] Size: 2 Evaluations: 13
[Task: 5] Size: 3 Evaluations: 27
[Task: 5] Size: 4 Evaluations: 13
[Task: 5] Size: 5 Evaluations: 49
[Task: 5] Size: 6 Evaluations: 24
[Task: 5] Size: 7 Evaluations: 70
[Task: 5] Size: 8 Evaluations: 104
[Task: 5] Size: 9 Evaluations: 307
[Task: 5] Size: 10 Evaluations: 899
[Task: 5] Benchmark: 28627624_1.sl
[Task: 5] Result: Success
[Task: 5] Program: _arg_0[:_arg_0.IndexOf("-")].strip()
[Task: 5] Number of evaluations: 2808
[Task: 5] 2021-09-28 07:21:42.093987
[Task: 5] Time taken: 0:00:01.875820
[Task: 5] 
[Task: 6] Loading bustle model....
[Task: 6] Count: 6
[Task: 6] 
[Task: 6] 2021-09-28 07:21:40.227643
[Task: 6] Number of programs: 9
[Task: 6] Size: 0 Evaluations: 0
[Task: 6] Size: 1 Evaluations: 0
[Task: 6] Size: 2 Evaluations: 11
[Task: 6] Size: 3 Evaluations: 18
[Task: 6] Size: 4 Evaluations: 13
[Task: 6] Size: 5 Evaluations: 54
[Task: 6] Size: 6 Evaluations: 86
[Task: 6] Size: 7 Evaluations: 251
[Task: 6] Size: 8 Evaluations: 631
[Task: 6] Size: 9 Evaluations: 1516
[Task: 6] Size: 10 Evaluations: 4288
[Task: 6] Size: 11 Evaluations: 11264
[Task: 6] Benchmark: 30732554.sl
[Task: 6] Result: Success
[Task: 6] Program: _arg_0[:concat(_arg_0, "|").IndexOf("|")]
[Task: 6] Number of evaluations: 40740
[Task: 6] 2021-09-28 07:22:04.377435
[Task: 6] Time taken: 0:00:24.145396
[Task: 6] 
[Task: 7] Loading bustle model....
[Task: 7] Count: 7
[Task: 7] 
[Task: 7] 2021-09-28 07:21:40.254545
[Task: 7] Number of programs: 13
[Task: 7] Size: 0 Evaluations: 0
[Task: 7] Size: 1 Evaluations: 0
[Task: 7] Size: 2 Evaluations: 15
[Task: 7] Size: 3 Evaluations: 37
[Task: 7] Size: 4 Evaluations: 15
[Task: 7] Size: 5 Evaluations: 124
[Task: 7] Size: 6 Evaluations: 0
[Task: 7] Size: 7 Evaluations: 0
[Task: 7] Size: 8 Evaluations: 1
[Task: 7] Size: 9 Evaluations: 107
[Task: 7] Size: 10 Evaluations: 189
[Task: 7] Size: 11 Evaluations: 1013
[Task: 7] Size: 12 Evaluations: 2783
[Task: 7] Size: 13 Evaluations: 1877
[Task: 7] Size: 14 Evaluations: 13003
[Task: 7] Size: 15 Evaluations: 362
[Task: 7] Size: 16 Evaluations: 1587
[Task: 7] Size: 17 Evaluations: 4763
[Task: 7] Size: 18 Evaluations: 30276
[Task: 7] Size: 19 Evaluations: 62580
[Task: 7] Size: 20 Evaluations: 232359
[Task: 7] Size: 21 Evaluations: 558700
[Task: 7] Size: 22 Evaluations: 513956
[Task: 7] Size: 23 Evaluations: 2251874
[Task: 7] Size: 24 Evaluations: 1523281
[Task: 8] Loading bustle model....
[Task: 8] Count: 8
[Task: 8] 
[Task: 8] 2021-09-28 07:21:40.242776
[Task: 8] Number of programs: 12
[Task: 8] Size: 0 Evaluations: 0
[Task: 8] Size: 1 Evaluations: 0
[Task: 8] Size: 2 Evaluations: 26
[Task: 8] Size: 3 Evaluations: 65
[Task: 8] Size: 4 Evaluations: 31
[Task: 8] Size: 5 Evaluations: 49
[Task: 8] Size: 6 Evaluations: 22
[Task: 8] Size: 7 Evaluations: 16
[Task: 8] Size: 8 Evaluations: 86
[Task: 8] Size: 9 Evaluations: 433
[Task: 8] Size: 10 Evaluations: 1144
[Task: 8] Size: 11 Evaluations: 2702
[Task: 8] Size: 12 Evaluations: 5898
[Task: 8] Size: 13 Evaluations: 9027
[Task: 8] Size: 14 Evaluations: 25113
[Task: 8] Size: 15 Evaluations: 75103
[Task: 8] Size: 16 Evaluations: 243167
[Task: 8] Size: 17 Evaluations: 778743
[Task: 9] Loading bustle model....
[Task: 9] Count: 9
[Task: 9] 
[Task: 9] 2021-09-28 07:21:40.229032
[Task: 9] Number of programs: 10
[Task: 9] Size: 0 Evaluations: 0
[Task: 9] Size: 1 Evaluations: 0
[Task: 9] Size: 2 Evaluations: 16
[Task: 9] Size: 3 Evaluations: 32
[Task: 9] Size: 4 Evaluations: 13
[Task: 9] Size: 5 Evaluations: 32
[Task: 9] Size: 6 Evaluations: 0
[Task: 9] Size: 7 Evaluations: 1
[Task: 9] Size: 8 Evaluations: 33
[Task: 9] Size: 9 Evaluations: 179
[Task: 9] Benchmark: 34801680.sl
[Task: 9] Result: Success
[Task: 9] Program: _arg_0[_arg_0.IndexOf(" "):].strip()
[Task: 9] Number of evaluations: 575
[Task: 9] 2021-09-28 07:21:41.168504
[Task: 9] Time taken: 0:00:00.937411
[Task: 9] 
[Task: 10] Loading bustle model....
[Task: 10] Count: 10
[Task: 10] 
[Task: 10] 2021-09-28 07:21:40.255820
[Task: 10] Number of programs: 10
[Task: 10] Size: 0 Evaluations: 0
[Task: 10] Size: 1 Evaluations: 0
[Task: 10] Size: 2 Evaluations: 17
[Task: 10] Size: 3 Evaluations: 30
[Task: 10] Size: 4 Evaluations: 23
[Task: 10] Size: 5 Evaluations: 132
[Task: 10] Size: 6 Evaluations: 133
[Task: 10] Size: 7 Evaluations: 372
[Task: 10] Size: 8 Evaluations: 562
[Task: 10] Size: 9 Evaluations: 1001
[Task: 10] Benchmark: 35016216.sl
[Task: 10] Result: Success
[Task: 10] Program: _arg_0.replace(_arg_0.lower(), _arg_1)
[Task: 10] Number of evaluations: 2920
[Task: 10] 2021-09-28 07:21:43.629607
[Task: 10] Time taken: 0:00:03.372003
[Task: 10] 
[Task: 11] Loading bustle model....
[Task: 11] Count: 11
[Task: 11] 
[Task: 11] 2021-09-28 07:21:40.231508
[Task: 11] Number of programs: 13
[Task: 11] Size: 0 Evaluations: 0
[Task: 11] Size: 1 Evaluations: 0
[Task: 11] Size: 2 Evaluations: 23
[Task: 11] Size: 3 Evaluations: 78
[Task: 11] Size: 4 Evaluations: 36
[Task: 11] Size: 5 Evaluations: 57
[Task: 11] Size: 6 Evaluations: 9
[Task: 11] Size: 7 Evaluations: 19
[Task: 11] Size: 8 Evaluations: 85
[Task: 11] Size: 9 Evaluations: 482
[Task: 11] Size: 10 Evaluations: 1355
[Task: 11] Size: 11 Evaluations: 4663
[Task: 11] Size: 12 Evaluations: 10661
[Task: 11] Size: 13 Evaluations: 31934
[Task: 11] Size: 14 Evaluations: 89227
[Task: 11] Size: 15 Evaluations: 345087
[Task: 11] Size: 16 Evaluations: 1104610
[Task: 12] Loading bustle model....
[Task: 12] Count: 12
[Task: 12] 
[Task: 12] 2021-09-28 07:21:40.241804
[Task: 12] Number of programs: 9
[Task: 12] Size: 0 Evaluations: 0
[Task: 12] Size: 1 Evaluations: 0
[Task: 12] Size: 2 Evaluations: 11
[Task: 12] Size: 3 Evaluations: 18
[Task: 12] Size: 4 Evaluations: 12
[Task: 12] Size: 5 Evaluations: 57
[Task: 12] Size: 6 Evaluations: 86
[Task: 12] Size: 7 Evaluations: 314
[Task: 12] Size: 8 Evaluations: 573
[Task: 12] Size: 9 Evaluations: 2166
[Task: 12] Size: 10 Evaluations: 4574
[Task: 12] Size: 11 Evaluations: 16030
[Task: 12] Size: 12 Evaluations: 38614
[Task: 12] Size: 13 Evaluations: 129457
[Task: 12] Size: 14 Evaluations: 339392
[Task: 12] Size: 15 Evaluations: 1102715
[Task: 12] Size: 16 Evaluations: 3069626
[Task: 13] Loading bustle model....
[Task: 13] Count: 13
[Task: 13] 
[Task: 13] 2021-09-28 07:21:40.250723
[Task: 13] Number of programs: 10
[Task: 13] Size: 0 Evaluations: 0
[Task: 13] Size: 1 Evaluations: 0
[Task: 13] Size: 2 Evaluations: 18
[Task: 13] Size: 3 Evaluations: 32
[Task: 13] Size: 4 Evaluations: 11
[Task: 13] Size: 5 Evaluations: 83
[Task: 13] Size: 6 Evaluations: 0
[Task: 13] Size: 7 Evaluations: 0
[Task: 13] Size: 8 Evaluations: 3
[Task: 13] Size: 9 Evaluations: 117
[Task: 13] Size: 10 Evaluations: 227
[Task: 13] Benchmark: 37534494.sl
[Task: 13] Result: Success
[Task: 13] Program: (if_arg_0.Contain(_arg_2) then _arg_0 else _arg_1)
[Task: 13] Number of evaluations: 735
[Task: 13] 2021-09-28 07:21:41.221767
[Task: 13] Time taken: 0:00:00.966485
[Task: 13] 
[Task: 14] Loading bustle model....
[Task: 14] Count: 14
[Task: 14] 
[Task: 14] 2021-09-28 07:21:40.222733
[Task: 14] Number of programs: 9
[Task: 14] Size: 0 Evaluations: 0
[Task: 14] Size: 1 Evaluations: 0
[Task: 14] Size: 2 Evaluations: 13
[Task: 14] Size: 3 Evaluations: 25
[Task: 14] Size: 4 Evaluations: 4
[Task: 14] Size: 5 Evaluations: 24
[Task: 14] Size: 6 Evaluations: 3
[Task: 14] Size: 7 Evaluations: 0
[Task: 14] Size: 8 Evaluations: 11
[Task: 14] Size: 9 Evaluations: 88
[Task: 14] Size: 10 Evaluations: 121
[Task: 14] Size: 11 Evaluations: 375
[Task: 14] Size: 12 Evaluations: 576
[Task: 14] Size: 13 Evaluations: 434
[Task: 14] Size: 14 Evaluations: 920
[Task: 14] Benchmark: 38664547.sl
[Task: 14] Result: Success
[Task: 14] Program: _arg_0.replace("that", (ifEqual("that",_arg_0) then "that" else ""))
[Task: 14] Number of evaluations: 3174
[Task: 14] 2021-09-28 07:21:45.012227
[Task: 14] Time taken: 0:00:04.788085
[Task: 14] 
[Task: 15] Loading bustle model....
[Task: 15] Count: 15
[Task: 15] 
[Task: 15] 2021-09-28 07:21:40.344849
[Task: 15] Number of programs: 10
[Task: 15] Size: 0 Evaluations: 0
[Task: 15] Size: 1 Evaluations: 0
[Task: 15] Size: 2 Evaluations: 13
[Task: 15] Size: 3 Evaluations: 27
[Task: 15] Size: 4 Evaluations: 13
[Task: 15] Size: 5 Evaluations: 40
[Task: 15] Size: 6 Evaluations: 1
[Task: 15] Size: 7 Evaluations: 4
[Task: 15] Size: 8 Evaluations: 1
[Task: 15] Size: 9 Evaluations: 68
[Task: 15] Size: 10 Evaluations: 183
[Task: 15] Size: 11 Evaluations: 421
[Task: 15] Size: 12 Evaluations: 958
[Task: 15] Size: 13 Evaluations: 847
[Task: 15] Benchmark: 38871714.sl
[Task: 15] Result: Success
[Task: 15] Program: _arg_0.replace("<", "",-1).replace(">", "",-1)
[Task: 15] Number of evaluations: 2877
[Task: 15] 2021-09-28 07:21:42.796698
[Task: 15] Time taken: 0:00:02.451780
[Task: 15] 
[Task: 16] Loading bustle model....
[Task: 16] Count: 16
[Task: 16] 
[Task: 16] 2021-09-28 07:21:40.475578
[Task: 16] Number of programs: 9
[Task: 16] Size: 0 Evaluations: 0
[Task: 16] Size: 1 Evaluations: 0
[Task: 16] Size: 2 Evaluations: 12
[Task: 16] Size: 3 Evaluations: 20
[Task: 16] Size: 4 Evaluations: 25
[Task: 16] Size: 5 Evaluations: 85
[Task: 16] Size: 6 Evaluations: 198
[Task: 16] Size: 7 Evaluations: 639
[Task: 16] Size: 8 Evaluations: 1791
[Task: 16] Size: 9 Evaluations: 5820
[Task: 16] Size: 10 Evaluations: 17730
[Task: 16] Size: 11 Evaluations: 58452
[Task: 16] Size: 12 Evaluations: 188116
[Task: 16] Size: 13 Evaluations: 628087
[Task: 16] Size: 14 Evaluations: 2084131
[Task: 17] Loading bustle model....
[Task: 17] Count: 17
[Task: 17] 
[Task: 17] 2021-09-28 07:21:40.263189
[Task: 17] Number of programs: 9
[Task: 17] Size: 0 Evaluations: 0
[Task: 17] Size: 1 Evaluations: 0
[Task: 17] Size: 2 Evaluations: 14
[Task: 17] Size: 3 Evaluations: 23
[Task: 17] Size: 4 Evaluations: 7
[Task: 17] Size: 5 Evaluations: 25
[Task: 17] Size: 6 Evaluations: 2
[Task: 17] Size: 7 Evaluations: 5
[Task: 17] Size: 8 Evaluations: 23
[Task: 17] Size: 9 Evaluations: 60
[Task: 17] Size: 10 Evaluations: 191
[Task: 17] Size: 11 Evaluations: 313
[Task: 17] Size: 12 Evaluations: 650
[Task: 17] Size: 13 Evaluations: 559
[Task: 17] Size: 14 Evaluations: 1237
[Task: 17] Size: 15 Evaluations: 1543
[Task: 17] Size: 16 Evaluations: 4741
[Task: 17] Size: 17 Evaluations: 9940
[Task: 17] Size: 18 Evaluations: 28015
[Task: 17] Benchmark: 41503046.sl
[Task: 17] Result: Success
[Task: 17] Program: _arg_0[:_arg_0.IndexOf(" ",concat("ssp.", "ssp.").Length())]
[Task: 17] Number of evaluations: 91293
[Task: 17] 2021-09-28 07:22:47.274791
[Task: 17] Time taken: 0:01:07.009758
[Task: 17] 
[Task: 18] Loading bustle model....
[Task: 18] Count: 18
[Task: 18] 
[Task: 18] 2021-09-28 07:21:40.281418
[Task: 18] Number of programs: 17
[Task: 18] Size: 0 Evaluations: 0
[Task: 18] Size: 1 Evaluations: 0
[Task: 18] Size: 2 Evaluations: 28
[Task: 18] Size: 3 Evaluations: 150
[Task: 18] Size: 4 Evaluations: 67
[Task: 18] Size: 5 Evaluations: 73
[Task: 18] Size: 6 Evaluations: 14
[Task: 18] Size: 7 Evaluations: 86
[Task: 18] Size: 8 Evaluations: 105
[Task: 18] Size: 9 Evaluations: 606
[Task: 18] Size: 10 Evaluations: 1866
[Task: 18] Size: 11 Evaluations: 4318
[Task: 18] Size: 12 Evaluations: 9179
[Task: 18] Size: 13 Evaluations: 9059
[Task: 18] Size: 14 Evaluations: 6571
[Task: 18] Size: 15 Evaluations: 8267
[Task: 18] Size: 16 Evaluations: 23999
[Task: 18] Size: 17 Evaluations: 53346
[Task: 18] Size: 18 Evaluations: 200934
[Task: 18] Size: 19 Evaluations: 457963
[Task: 18] Size: 20 Evaluations: 742943
[Task: 18] Size: 21 Evaluations: 1027494
[Task: 18] Size: 22 Evaluations: 1173659
[Task: 18] Size: 23 Evaluations: 1500490
[Task: 19] Loading bustle model....
[Task: 19] Count: 19
[Task: 19] 
[Task: 19] 2021-09-28 07:21:40.281414
[Task: 19] Number of programs: 9
[Task: 19] Size: 0 Evaluations: 0
[Task: 19] Size: 1 Evaluations: 0
[Task: 19] Size: 2 Evaluations: 11
[Task: 19] Size: 3 Evaluations: 17
[Task: 19] Size: 4 Evaluations: 6
[Task: 19] Size: 5 Evaluations: 39
[Task: 19] Size: 6 Evaluations: 33
[Task: 19] Size: 7 Evaluations: 115
[Task: 19] Size: 8 Evaluations: 178
[Task: 19] Size: 9 Evaluations: 478
[Task: 19] Size: 10 Evaluations: 929
[Task: 19] Size: 11 Evaluations: 2365
[Task: 19] Size: 12 Evaluations: 5644
[Task: 19] Size: 13 Evaluations: 13821
[Task: 19] Size: 14 Evaluations: 35570
[Task: 19] Size: 15 Evaluations: 89670
[Task: 19] Benchmark: 43606446.sl
[Task: 19] Result: Success
[Task: 19] Program: _arg_0.Substr((-1 - concat(" ", concat(" ", " ")).Length()),-1)
[Task: 19] Number of evaluations: 269666
[Task: 19] 2021-09-28 07:24:56.277805
[Task: 19] Time taken: 0:03:15.996347
[Task: 19] 
[Task: 20] Loading bustle model....
[Task: 20] Count: 20
[Task: 20] 
[Task: 20] 2021-09-28 07:27:04.071582
[Task: 20] Number of programs: 11
[Task: 20] Size: 0 Evaluations: 0
[Task: 20] Size: 1 Evaluations: 0
[Task: 20] Size: 2 Evaluations: 22
[Task: 20] Size: 3 Evaluations: 47
[Task: 20] Size: 4 Evaluations: 18
[Task: 20] Size: 5 Evaluations: 112
[Task: 20] Size: 6 Evaluations: 0
[Task: 20] Size: 7 Evaluations: 3
[Task: 20] Size: 8 Evaluations: 35
[Task: 20] Size: 9 Evaluations: 256
[Task: 20] Size: 10 Evaluations: 494
[Task: 20] Size: 11 Evaluations: 1637
[Task: 20] Size: 12 Evaluations: 2731
[Task: 20] Size: 13 Evaluations: 1391
[Task: 20] Size: 14 Evaluations: 4374
[Task: 20] Size: 15 Evaluations: 1014
[Task: 20] Size: 16 Evaluations: 4081
[Task: 20] Size: 17 Evaluations: 14926
[Task: 20] Benchmark: add-a-line-break-with-a-formula.sl
[Task: 20] Result: Success
[Task: 20] Program: concat(_arg_0, concat("/n", concat(_arg_1, concat("/n", _arg_2))))
[Task: 20] Number of evaluations: 35135
[Task: 20] 2021-09-28 07:27:31.185940
[Task: 20] Time taken: 0:00:27.100705
[Task: 20] 
[Task: 21] Loading bustle model....
[Task: 21] Count: 21
[Task: 21] 
[Task: 21] 2021-09-28 07:27:04.031330
[Task: 21] Number of programs: 10
[Task: 21] Size: 0 Evaluations: 0
[Task: 21] Size: 1 Evaluations: 0
[Task: 21] Size: 2 Evaluations: 13
[Task: 21] Size: 3 Evaluations: 34
[Task: 21] Size: 4 Evaluations: 6
[Task: 21] Size: 5 Evaluations: 60
[Task: 21] Size: 6 Evaluations: 0
[Task: 21] Size: 7 Evaluations: 18
[Task: 21] Size: 8 Evaluations: 45
[Task: 21] Size: 9 Evaluations: 169
[Task: 21] Benchmark: bikes.sl
[Task: 21] Result: Success
[Task: 21] Program: name[:(0 - 3)]
[Task: 21] Number of evaluations: 420
[Task: 21] 2021-09-28 07:27:05.095681
[Task: 21] Time taken: 0:00:01.064333
[Task: 21] 
[Task: 22] Loading bustle model....
[Task: 22] Count: 22
[Task: 22] 
[Task: 22] 2021-09-28 07:27:04.066976
[Task: 22] Number of programs: 9
[Task: 22] Size: 0 Evaluations: 0
[Task: 22] Size: 1 Evaluations: 0
[Task: 22] Size: 2 Evaluations: 10
[Task: 22] Size: 3 Evaluations: 18
[Task: 22] Benchmark: change-negative-numbers-to-positive.sl
[Task: 22] Result: Success
[Task: 22] Program: _arg_0.replace("-", "")
[Task: 22] Number of evaluations: 29
[Task: 22] 2021-09-28 07:27:04.439162
[Task: 22] Time taken: 0:00:00.362911
[Task: 22] 
[Task: 23] Loading bustle model....
[Task: 23] Count: 23
[Task: 23] 
[Task: 23] 2021-09-28 07:27:04.003654
[Task: 23] Number of programs: 13
[Task: 23] Size: 0 Evaluations: 0
[Task: 23] Size: 1 Evaluations: 0
[Task: 23] Size: 2 Evaluations: 14
[Task: 23] Size: 3 Evaluations: 60
[Task: 23] Size: 4 Evaluations: 37
[Task: 23] Size: 5 Evaluations: 98
[Task: 23] Size: 6 Evaluations: 49
[Task: 23] Size: 7 Evaluations: 92
[Task: 23] Size: 8 Evaluations: 130
[Task: 23] Size: 9 Evaluations: 161
[Task: 23] Size: 10 Evaluations: 1538
[Task: 23] Size: 11 Evaluations: 2652
[Task: 23] Size: 12 Evaluations: 6384
[Task: 23] Size: 13 Evaluations: 21508
[Task: 23] Size: 14 Evaluations: 33396
[Task: 23] Size: 15 Evaluations: 73631
[Task: 23] Size: 16 Evaluations: 248340
[Task: 23] Size: 17 Evaluations: 477959
[Task: 23] Benchmark: clean-and-reformat-telephone-numbers.sl
[Task: 23] Result: Success
[Task: 23] Program: _arg_0.replace("-", "",-1).replace(".", "",-1).replace(" ", "").replace("<", "").replace(">", "")
[Task: 23] Number of evaluations: 1364666
[Task: 23] 2021-09-28 07:41:21.876827
[Task: 23] Time taken: 0:14:17.872177
[Task: 23] 
[Task: 24] Loading bustle model....
[Task: 24] Count: 24
[Task: 24] 
[Task: 24] 2021-09-28 07:27:04.019681
[Task: 24] Number of programs: 10
[Task: 24] Size: 0 Evaluations: 0
[Task: 24] Size: 1 Evaluations: 0
[Task: 24] Size: 2 Evaluations: 16
[Task: 24] Size: 3 Evaluations: 34
[Task: 24] Size: 4 Evaluations: 9
[Task: 24] Size: 5 Evaluations: 94
[Task: 24] Size: 6 Evaluations: 54
[Task: 24] Size: 7 Evaluations: 222
[Task: 24] Size: 8 Evaluations: 146
[Task: 24] Size: 9 Evaluations: 706
[Task: 24] Size: 10 Evaluations: 536
[Task: 24] Size: 11 Evaluations: 1931
[Task: 24] Benchmark: create-email-address-from-name.sl
[Task: 24] Result: Success
[Task: 24] Program: concat(_arg_1.CharAt(0), concat(_arg_0, "_acme.com"))
[Task: 24] Number of evaluations: 4137
[Task: 24] 2021-09-28 07:27:08.011982
[Task: 24] Time taken: 0:00:03.991141
[Task: 24] 
[Task: 25] Loading bustle model....
[Task: 25] Count: 25
[Task: 25] 
[Task: 25] 2021-09-28 07:27:04.075598
[Task: 25] Number of programs: 11
[Task: 25] Size: 0 Evaluations: 0
[Task: 25] Size: 1 Evaluations: 0
[Task: 25] Size: 2 Evaluations: 17
[Task: 25] Size: 3 Evaluations: 43
[Task: 25] Size: 4 Evaluations: 3
[Task: 25] Size: 5 Evaluations: 102
[Task: 25] Size: 6 Evaluations: 0
[Task: 25] Size: 7 Evaluations: 0
[Task: 25] Size: 8 Evaluations: 7
[Task: 25] Size: 9 Evaluations: 140
[Task: 25] Size: 10 Evaluations: 276
[Task: 25] Size: 11 Evaluations: 642
[Task: 25] Size: 12 Evaluations: 2301
[Task: 25] Size: 13 Evaluations: 131
[Task: 25] Size: 14 Evaluations: 3368
[Task: 25] Size: 15 Evaluations: 280
[Task: 25] Size: 16 Evaluations: 1746
[Task: 25] Size: 17 Evaluations: 3308
[Task: 25] Size: 18 Evaluations: 19589
[Task: 25] Benchmark: create-email-address-with-name-and-domain.sl
[Task: 25] Result: Success
[Task: 25] Program: concat(concat(_arg_0, "_")[:1] + _arg_1 + concat(_arg_0, "_")[-1:], _arg_2)
[Task: 25] Number of evaluations: 51636
[Task: 25] 2021-09-28 07:27:36.376962
[Task: 25] Time taken: 0:00:32.287535
[Task: 25] 
[Task: 26] Loading bustle model....
[Task: 26] Count: 26
[Task: 26] 
[Task: 26] 2021-09-28 07:27:04.121169
[Task: 26] Number of programs: 9
[Task: 26] Size: 0 Evaluations: 0
[Task: 26] Size: 1 Evaluations: 0
[Task: 26] Size: 2 Evaluations: 15
[Task: 26] Size: 3 Evaluations: 32
[Task: 26] Size: 4 Evaluations: 3
[Task: 26] Size: 5 Evaluations: 26
[Task: 26] Size: 6 Evaluations: 8
[Task: 26] Size: 7 Evaluations: 1
[Task: 26] Size: 8 Evaluations: 36
[Task: 26] Size: 9 Evaluations: 139
[Task: 26] Size: 10 Evaluations: 166
[Task: 26] Size: 11 Evaluations: 374
[Task: 26] Size: 12 Evaluations: 656
[Task: 26] Size: 13 Evaluations: 204
[Task: 26] Size: 14 Evaluations: 783
[Task: 26] Size: 15 Evaluations: 874
[Task: 26] Size: 16 Evaluations: 1547
[Task: 26] Size: 17 Evaluations: 3691
[Task: 26] Size: 18 Evaluations: 9077
[Task: 26] Size: 19 Evaluations: 11316
[Task: 26] Benchmark: dr-name.sl
[Task: 26] Result: Success
[Task: 26] Program: concat("Dr.", concat(" ", name[:name.IndexOf(" ")]))
[Task: 26] Number of evaluations: 29715
[Task: 26] 2021-09-28 07:27:38.153083
[Task: 26] Time taken: 0:00:34.026034
[Task: 26] 
[Task: 27] Loading bustle model....
[Task: 27] Count: 27
[Task: 27] 
[Task: 27] 2021-09-28 07:27:04.066667
[Task: 27] Number of programs: 10
[Task: 27] Size: 0 Evaluations: 0
[Task: 27] Size: 1 Evaluations: 0
[Task: 27] Size: 2 Evaluations: 14
[Task: 27] Size: 3 Evaluations: 30
[Task: 27] Size: 4 Evaluations: 10
[Task: 27] Size: 5 Evaluations: 56
[Task: 27] Size: 6 Evaluations: 0
[Task: 27] Size: 7 Evaluations: 2
[Task: 27] Size: 8 Evaluations: 17
[Task: 27] Size: 9 Evaluations: 92
[Task: 27] Size: 10 Evaluations: 236
[Task: 27] Size: 11 Evaluations: 607
[Task: 27] Size: 12 Evaluations: 1009
[Task: 27] Size: 13 Evaluations: 754
[Task: 27] Size: 14 Evaluations: 1979
[Task: 27] Benchmark: exceljet1.sl
[Task: 27] Result: Success
[Task: 27] Program: _arg_1[(1 + _arg_1.IndexOf("_")):]
[Task: 27] Number of evaluations: 6472
[Task: 27] 2021-09-28 07:27:09.126938
[Task: 27] Time taken: 0:00:05.052084
[Task: 27] 
[Task: 28] Loading bustle model....
[Task: 28] Count: 28
[Task: 28] 
[Task: 28] 2021-09-28 07:27:04.040279
[Task: 28] Number of programs: 9
[Task: 28] Size: 0 Evaluations: 0
[Task: 28] Size: 1 Evaluations: 0
[Task: 28] Size: 2 Evaluations: 11
[Task: 28] Size: 3 Evaluations: 18
[Task: 28] Size: 4 Evaluations: 4
[Task: 28] Size: 5 Evaluations: 26
[Task: 28] Size: 6 Evaluations: 4
[Task: 28] Size: 7 Evaluations: 6
[Task: 28] Size: 8 Evaluations: 18
[Task: 28] Size: 9 Evaluations: 80
[Task: 28] Size: 10 Evaluations: 111
[Task: 28] Size: 11 Evaluations: 332
[Task: 28] Size: 12 Evaluations: 606
[Task: 28] Size: 13 Evaluations: 1179
[Task: 28] Size: 14 Evaluations: 2610
[Task: 28] Size: 15 Evaluations: 6710
[Task: 28] Size: 16 Evaluations: 16752
[Task: 28] Size: 17 Evaluations: 47902
[Task: 28] Size: 18 Evaluations: 127512
[Task: 28] Size: 19 Evaluations: 355337
[Task: 28] Size: 20 Evaluations: 967227
[Task: 29] Loading bustle model....
[Task: 29] Count: 29
[Task: 29] 
[Task: 29] 2021-09-28 07:27:04.005508
[Task: 29] Number of programs: 9
[Task: 29] Size: 0 Evaluations: 0
[Task: 29] Size: 1 Evaluations: 0
[Task: 29] Size: 2 Evaluations: 11
[Task: 29] Size: 3 Evaluations: 19
[Task: 29] Size: 4 Evaluations: 7
[Task: 29] Size: 5 Evaluations: 35
[Task: 29] Size: 6 Evaluations: 44
[Task: 29] Size: 7 Evaluations: 93
[Task: 29] Size: 8 Evaluations: 320
[Task: 29] Size: 9 Evaluations: 528
[Task: 29] Size: 10 Evaluations: 1468
[Task: 29] Size: 11 Evaluations: 3475
[Task: 29] Size: 12 Evaluations: 9214
[Task: 29] Benchmark: exceljet3.sl
[Task: 29] Result: Success
[Task: 29] Program: _arg_0[_arg_0.IndexOf("="):][1:].strip()
[Task: 29] Number of evaluations: 27835
[Task: 29] 2021-09-28 07:27:23.099112
[Task: 29] Time taken: 0:00:19.091467
[Task: 29] 
[Task: 30] Loading bustle model....
[Task: 30] Count: 30
[Task: 30] 
[Task: 30] 2021-09-28 07:27:04.010171
[Task: 30] Number of programs: 10
[Task: 30] Size: 0 Evaluations: 0
[Task: 30] Size: 1 Evaluations: 0
[Task: 30] Size: 2 Evaluations: 12
[Task: 30] Size: 3 Evaluations: 26
[Task: 30] Size: 4 Evaluations: 9
[Task: 30] Size: 5 Evaluations: 32
[Task: 30] Size: 6 Evaluations: 0
[Task: 30] Size: 7 Evaluations: 0
[Task: 30] Size: 8 Evaluations: 7
[Task: 30] Size: 9 Evaluations: 75
[Task: 30] Size: 10 Evaluations: 162
[Task: 30] Size: 11 Evaluations: 431
[Task: 30] Size: 12 Evaluations: 669
[Task: 30] Size: 13 Evaluations: 786
[Task: 30] Size: 14 Evaluations: 1418
[Task: 30] Size: 15 Evaluations: 3217
[Task: 30] Size: 16 Evaluations: 8860
[Task: 30] Benchmark: exceljet4.sl
[Task: 30] Result: Success
[Task: 30] Program: _arg_0[_arg_0[:1] + " " + _arg_0[0:].IndexOf("/"):]
[Task: 30] Number of evaluations: 39163
[Task: 30] 2021-09-28 07:27:25.067280
[Task: 30] Time taken: 0:00:21.056861
[Task: 30] 
[Task: 31] Loading bustle model....
[Task: 31] Count: 31
[Task: 31] 
[Task: 31] 2021-09-28 07:27:04.059560
[Task: 31] Number of programs: 14
[Task: 31] Size: 0 Evaluations: 0
[Task: 31] Size: 1 Evaluations: 0
[Task: 31] Size: 2 Evaluations: 15
[Task: 31] Size: 3 Evaluations: 45
[Task: 31] Size: 4 Evaluations: 19
[Task: 31] Size: 5 Evaluations: 162
[Task: 31] Size: 6 Evaluations: 16
[Task: 31] Size: 7 Evaluations: 0
[Task: 31] Size: 8 Evaluations: 6
[Task: 31] Size: 9 Evaluations: 132
[Task: 31] Size: 10 Evaluations: 265
[Task: 31] Size: 11 Evaluations: 1186
[Task: 31] Size: 12 Evaluations: 4097
[Task: 31] Size: 13 Evaluations: 4440
[Task: 31] Size: 14 Evaluations: 19324
[Task: 31] Size: 15 Evaluations: 5419
[Task: 31] Size: 16 Evaluations: 1467
[Task: 31] Size: 17 Evaluations: 5695
[Task: 31] Size: 18 Evaluations: 32459
[Task: 31] Size: 19 Evaluations: 92825
[Task: 31] Size: 20 Evaluations: 318583
[Task: 31] Size: 21 Evaluations: 855942
[Task: 31] Size: 22 Evaluations: 1054632
[Task: 31] Size: 23 Evaluations: 3090357
[Task: 32] Loading bustle model....
[Task: 32] Count: 32
[Task: 32] 
[Task: 32] 2021-09-28 07:27:04.103405
[Task: 32] Number of programs: 11
[Task: 32] Size: 0 Evaluations: 0
[Task: 32] Size: 1 Evaluations: 0
[Task: 32] Size: 2 Evaluations: 12
[Task: 32] Size: 3 Evaluations: 25
[Task: 32] Size: 4 Evaluations: 8
[Task: 32] Size: 5 Evaluations: 54
[Task: 32] Size: 6 Evaluations: 1
[Task: 32] Size: 7 Evaluations: 6
[Task: 32] Size: 8 Evaluations: 5
[Task: 32] Size: 9 Evaluations: 72
[Task: 32] Size: 10 Evaluations: 120
[Task: 32] Size: 11 Evaluations: 451
[Task: 32] Size: 12 Evaluations: 936
[Task: 32] Size: 13 Evaluations: 742
[Task: 32] Size: 14 Evaluations: 2368
[Task: 32] Size: 15 Evaluations: 273
[Task: 32] Size: 16 Evaluations: 1381
[Task: 32] Size: 17 Evaluations: 2369
[Task: 32] Size: 18 Evaluations: 9082
[Task: 32] Size: 19 Evaluations: 17096
[Task: 32] Size: 20 Evaluations: 43160
[Task: 32] Size: 21 Evaluations: 76041
[Task: 32] Size: 22 Evaluations: 75315
[Task: 32] Size: 23 Evaluations: 177711
[Task: 32] Size: 24 Evaluations: 138780
[Task: 32] Size: 25 Evaluations: 357737
[Task: 32] Size: 26 Evaluations: 763264
[Task: 32] Size: 27 Evaluations: 1857373
[Task: 33] Loading bustle model....
[Task: 33] Count: 33
[Task: 33] 
[Task: 33] 2021-09-28 07:27:04.076875
[Task: 33] Number of programs: 7
[Task: 33] Size: 0 Evaluations: 0
[Task: 33] Size: 1 Evaluations: 0
[Task: 33] Size: 2 Evaluations: 10
[Task: 33] Size: 3 Evaluations: 17
[Task: 33] Size: 4 Evaluations: 1
[Task: 33] Size: 5 Evaluations: 13
[Task: 33] Benchmark: firstname.sl
[Task: 33] Result: Success
[Task: 33] Program: name[:name.IndexOf(" ")]
[Task: 33] Number of evaluations: 49
[Task: 33] 2021-09-28 07:27:04.573364
[Task: 33] Time taken: 0:00:00.482869
[Task: 33] 
[Task: 34] Loading bustle model....
[Task: 34] Count: 34
[Task: 34] 
[Task: 34] 2021-09-28 07:27:04.086312
[Task: 34] Number of programs: 10
[Task: 34] Size: 0 Evaluations: 0
[Task: 34] Size: 1 Evaluations: 0
[Task: 34] Size: 2 Evaluations: 14
[Task: 34] Size: 3 Evaluations: 30
[Task: 34] Size: 4 Evaluations: 11
[Task: 34] Benchmark: get-domain-from-email-address_2.sl
[Task: 34] Result: Success
[Task: 34] Program: _arg_1[:_arg_1.IndexOf("_")]
[Task: 34] Number of evaluations: 67
[Task: 34] 2021-09-28 07:27:04.574890
[Task: 34] Time taken: 0:00:00.479984
[Task: 34] 
[Task: 35] Loading bustle model....
[Task: 35] Count: 35
[Task: 35] 
[Task: 35] 2021-09-28 07:27:04.079096
[Task: 35] Number of programs: 11
[Task: 35] Size: 0 Evaluations: 0
[Task: 35] Size: 1 Evaluations: 0
[Task: 35] Size: 2 Evaluations: 13
[Task: 35] Size: 3 Evaluations: 29
[Task: 35] Size: 4 Evaluations: 7
[Task: 35] Size: 5 Evaluations: 84
[Task: 35] Size: 6 Evaluations: 25
[Task: 35] Size: 7 Evaluations: 10
[Task: 35] Size: 8 Evaluations: 118
[Task: 35] Size: 9 Evaluations: 110
[Task: 35] Size: 10 Evaluations: 361
[Task: 35] Size: 11 Evaluations: 830
[Task: 35] Size: 12 Evaluations: 3918
[Task: 35] Size: 13 Evaluations: 4389
[Task: 35] Size: 14 Evaluations: 20482
[Task: 35] Size: 15 Evaluations: 26751
[Task: 35] Size: 16 Evaluations: 106862
[Task: 35] Size: 17 Evaluations: 183478
[Task: 35] Size: 18 Evaluations: 728232
[Task: 35] Size: 19 Evaluations: 1332853
[Task: 36] Loading bustle model....
[Task: 36] Count: 36
[Task: 36] 
[Task: 36] 2021-09-28 07:27:04.023937
[Task: 36] Number of programs: 8
[Task: 36] Size: 0 Evaluations: 0
[Task: 36] Size: 1 Evaluations: 0
[Task: 36] Size: 2 Evaluations: 11
[Task: 36] Size: 3 Evaluations: 13
[Task: 36] Size: 4 Evaluations: 5
[Task: 36] Benchmark: get-first-name-from-name.sl
[Task: 36] Result: Success
[Task: 36] Program: _arg_0[:_arg_0.IndexOf(" ")]
[Task: 36] Number of evaluations: 35
[Task: 36] 2021-09-28 07:27:04.475496
[Task: 36] Time taken: 0:00:00.450587
[Task: 36] 
[Task: 37] Loading bustle model....
[Task: 37] Count: 37
[Task: 37] 
[Task: 37] 2021-09-28 07:27:05.388778
[Task: 37] Number of programs: 8
[Task: 37] Size: 0 Evaluations: 0
[Task: 37] Size: 1 Evaluations: 0
[Task: 37] Size: 2 Evaluations: 11
[Task: 37] Size: 3 Evaluations: 13
[Task: 37] Size: 4 Evaluations: 17
[Task: 37] Size: 5 Evaluations: 51
[Task: 37] Size: 6 Evaluations: 124
[Task: 37] Size: 7 Evaluations: 323
[Task: 37] Benchmark: get-first-word.sl
[Task: 37] Result: Success
[Task: 37] Program: _arg_0[:_arg_0.replace(" ", _arg_0).IndexOf(_arg_0)]
[Task: 37] Number of evaluations: 1260
[Task: 37] 2021-09-28 07:27:06.506255
[Task: 37] Time taken: 0:00:01.116289
[Task: 37] 
[Task: 38] Loading bustle model....
[Task: 38] Count: 38
[Task: 38] 
[Task: 38] 2021-09-28 07:27:05.391103
[Task: 38] Number of programs: 9
[Task: 38] Size: 0 Evaluations: 0
[Task: 38] Size: 1 Evaluations: 0
[Task: 38] Size: 2 Evaluations: 14
[Task: 38] Size: 3 Evaluations: 18
[Task: 38] Size: 4 Evaluations: 12
[Task: 38] Size: 5 Evaluations: 60
[Task: 38] Size: 6 Evaluations: 81
[Task: 38] Size: 7 Evaluations: 188
[Task: 38] Size: 8 Evaluations: 465
[Task: 38] Size: 9 Evaluations: 968
[Task: 38] Size: 10 Evaluations: 1890
[Task: 38] Size: 11 Evaluations: 4855
[Task: 38] Size: 12 Evaluations: 9817
[Task: 38] Size: 13 Evaluations: 22336
[Task: 38] Size: 14 Evaluations: 52736
[Task: 38] Size: 15 Evaluations: 119414
[Task: 38] Size: 16 Evaluations: 279329
[Task: 38] Size: 17 Evaluations: 678068
[Task: 38] Size: 18 Evaluations: 1628615
[Task: 39] Loading bustle model....
[Task: 39] Count: 39
[Task: 39] 
[Task: 39] 2021-09-28 07:27:04.074535
[Task: 39] Number of programs: 8
[Task: 39] Size: 0 Evaluations: 0
[Task: 39] Size: 1 Evaluations: 0
[Task: 39] Size: 2 Evaluations: 11
[Task: 39] Size: 3 Evaluations: 13
[Task: 39] Size: 4 Evaluations: 3
[Task: 39] Size: 5 Evaluations: 17
[Task: 39] Size: 6 Evaluations: 2
[Task: 39] Size: 7 Evaluations: 2
[Task: 39] Size: 8 Evaluations: 23
[Task: 39] Size: 9 Evaluations: 52
[Task: 39] Benchmark: get-last-name-from-name.sl
[Task: 39] Result: Success
[Task: 39] Program: _arg_0[_arg_0.IndexOf(" "):].strip()
[Task: 39] Number of evaluations: 166
[Task: 39] 2021-09-28 07:27:04.899102
[Task: 39] Time taken: 0:00:00.811364
[Task: 39] 
[Task: 40] Loading bustle model....
[Task: 40] Count: 40
[Task: 40] 
[Task: 40] 2021-09-28 07:36:01.910355
[Task: 40] Number of programs: 9
[Task: 40] Size: 0 Evaluations: 0
[Task: 40] Size: 1 Evaluations: 0
[Task: 40] Size: 2 Evaluations: 11
[Task: 40] Size: 3 Evaluations: 19
[Task: 40] Size: 4 Evaluations: 9
[Task: 40] Size: 5 Evaluations: 23
[Task: 40] Size: 6 Evaluations: 16
[Task: 40] Size: 7 Evaluations: 6
[Task: 40] Size: 8 Evaluations: 13
[Task: 40] Size: 9 Evaluations: 55
[Task: 40] Size: 10 Evaluations: 101
[Task: 40] Size: 11 Evaluations: 185
[Task: 40] Size: 12 Evaluations: 464
[Task: 40] Size: 13 Evaluations: 452
[Task: 40] Size: 14 Evaluations: 634
[Task: 40] Size: 15 Evaluations: 854
[Task: 40] Size: 16 Evaluations: 1092
[Task: 40] Size: 17 Evaluations: 1683
[Task: 40] Size: 18 Evaluations: 4367
[Task: 40] Size: 19 Evaluations: 8494
[Task: 40] Size: 20 Evaluations: 13824
[Task: 40] Size: 21 Evaluations: 24659
[Task: 40] Size: 22 Evaluations: 35222
[Task: 40] Size: 23 Evaluations: 51658
[Task: 40] Size: 24 Evaluations: 86070
[Task: 40] Size: 25 Evaluations: 164537
[Task: 40] Size: 26 Evaluations: 308709
[Task: 40] Benchmark: get-last-name-from-name-with-comma.sl
[Task: 40] Result: Success
[Task: 40] Program: concat(_arg_0, concat(",", _arg_0[:_arg_0.IndexOf(",")]))[(0 - _arg_0.Length()):]
[Task: 40] Number of evaluations: 994713
[Task: 40] 2021-09-28 07:49:01.831175
[Task: 40] Time taken: 0:12:59.920818
[Task: 40] 
[Task: 41] Loading bustle model....
[Task: 41] Count: 41
[Task: 41] 
[Task: 41] 2021-09-28 07:36:01.921566
[Task: 41] Number of programs: 8
[Task: 41] Size: 0 Evaluations: 0
[Task: 41] Size: 1 Evaluations: 0
[Task: 41] Size: 2 Evaluations: 10
[Task: 41] Size: 3 Evaluations: 13
[Task: 41] Size: 4 Evaluations: 3
[Task: 41] Size: 5 Evaluations: 20
[Task: 41] Size: 6 Evaluations: 7
[Task: 41] Size: 7 Evaluations: 11
[Task: 41] Size: 8 Evaluations: 28
[Task: 41] Size: 9 Evaluations: 83
[Task: 41] Size: 10 Evaluations: 137
[Task: 41] Size: 11 Evaluations: 392
[Task: 41] Size: 12 Evaluations: 855
[Task: 41] Size: 13 Evaluations: 1822
[Task: 41] Size: 14 Evaluations: 4501
[Task: 41] Size: 15 Evaluations: 10962
[Task: 41] Size: 16 Evaluations: 28031
[Task: 41] Size: 17 Evaluations: 71021
[Task: 41] Size: 18 Evaluations: 186273
[Task: 41] Size: 19 Evaluations: 473687
[Task: 41] Size: 20 Evaluations: 1251479
[Task: 41] Benchmark: get-last-word.sl
[Task: 41] Result: Success
[Task: 41] Program: _arg_0[(-1 + (-1 + (-1 + -1))):]
[Task: 41] Number of evaluations: 4364216
[Task: 41] 2021-09-28 08:32:51.561734
[Task: 41] Time taken: 0:56:49.640229
[Task: 41] 
[Task: 42] Loading bustle model....
[Task: 42] Count: 42
[Task: 42] 
[Task: 42] 2021-09-28 07:42:04.650849
[Task: 42] Number of programs: 8
[Task: 42] Size: 0 Evaluations: 0
[Task: 42] Size: 1 Evaluations: 0
[Task: 42] Size: 2 Evaluations: 10
[Task: 42] Size: 3 Evaluations: 13
[Task: 42] Size: 4 Evaluations: 11
[Task: 42] Size: 5 Evaluations: 42
[Task: 42] Size: 6 Evaluations: 70
[Task: 42] Size: 7 Evaluations: 216
[Task: 42] Size: 8 Evaluations: 464
[Task: 42] Size: 9 Evaluations: 1476
[Task: 42] Size: 10 Evaluations: 3490
[Task: 42] Size: 11 Evaluations: 10817
[Task: 42] Size: 12 Evaluations: 28201
[Task: 42] Size: 13 Evaluations: 86640
[Task: 42] Size: 14 Evaluations: 237864
[Task: 42] Size: 15 Evaluations: 725375
[Task: 42] Size: 16 Evaluations: 2070075
[Task: 43] Loading bustle model....
[Task: 43] Count: 43
[Task: 43] 
[Task: 43] 2021-09-28 07:42:04.631214
[Task: 43] Number of programs: 8
[Task: 43] Size: 0 Evaluations: 0
[Task: 43] Size: 1 Evaluations: 0
[Task: 43] Size: 2 Evaluations: 11
[Task: 43] Size: 3 Evaluations: 22
[Task: 43] Size: 4 Evaluations: 3
[Task: 43] Size: 5 Evaluations: 26
[Task: 43] Size: 6 Evaluations: 13
[Task: 43] Size: 7 Evaluations: 26
[Task: 43] Size: 8 Evaluations: 19
[Task: 43] Size: 9 Evaluations: 66
[Task: 43] Size: 10 Evaluations: 104
[Task: 43] Size: 11 Evaluations: 191
[Task: 43] Size: 12 Evaluations: 411
[Task: 43] Size: 13 Evaluations: 363
[Task: 43] Size: 14 Evaluations: 815
[Task: 43] Size: 15 Evaluations: 723
[Task: 43] Size: 16 Evaluations: 1423
[Task: 43] Size: 17 Evaluations: 1857
[Task: 43] Size: 18 Evaluations: 4063
[Task: 43] Size: 19 Evaluations: 6349
[Task: 43] Size: 20 Evaluations: 11004
[Task: 43] Size: 21 Evaluations: 19584
[Task: 43] Size: 22 Evaluations: 25131
[Task: 43] Size: 23 Evaluations: 44260
[Task: 43] Size: 24 Evaluations: 56132
[Task: 43] Size: 25 Evaluations: 102564
[Task: 43] Size: 26 Evaluations: 154496
[Task: 43] Size: 27 Evaluations: 291700
[Task: 43] Size: 28 Evaluations: 464884
[Task: 43] Size: 29 Evaluations: 781299
[Task: 43] Size: 30 Evaluations: 1272738
[Task: 43] Benchmark: initials.sl
[Task: 43] Result: Success
[Task: 43] Program: concat(name.CharAt(0), concat(".", concat(name.CharAt((1 + name.IndexOf(" "))), ".")))
[Task: 43] Number of evaluations: 3379243
[Task: 43] 2021-09-28 08:58:55.308094
[Task: 43] Time taken: 1:16:50.676891
[Task: 43] 
[Task: 44] Loading bustle model....
[Task: 44] Count: 44
[Task: 44] 
[Task: 44] 2021-09-28 07:42:04.652349
[Task: 44] Number of programs: 11
[Task: 44] Size: 0 Evaluations: 0
[Task: 44] Size: 1 Evaluations: 0
[Task: 44] Size: 2 Evaluations: 17
[Task: 44] Size: 3 Evaluations: 42
[Task: 44] Size: 4 Evaluations: 4
[Task: 44] Size: 5 Evaluations: 106
[Task: 44] Size: 6 Evaluations: 0
[Task: 44] Size: 7 Evaluations: 20
[Task: 44] Size: 8 Evaluations: 5
[Task: 44] Size: 9 Evaluations: 129
[Task: 44] Size: 10 Evaluations: 268
[Task: 44] Size: 11 Evaluations: 686
[Task: 44] Size: 12 Evaluations: 2266
[Task: 44] Size: 13 Evaluations: 346
[Task: 44] Size: 14 Evaluations: 3973
[Task: 44] Size: 15 Evaluations: 188
[Task: 44] Size: 16 Evaluations: 2348
[Task: 44] Size: 17 Evaluations: 3443
[Task: 44] Size: 18 Evaluations: 18378
[Task: 44] Size: 19 Evaluations: 34765
[Task: 44] Size: 20 Evaluations: 50515
[Task: 44] Size: 21 Evaluations: 146214
[Task: 44] Size: 22 Evaluations: 30570
[Task: 44] Size: 23 Evaluations: 213841
[Task: 44] Size: 24 Evaluations: 77321
[Task: 44] Size: 25 Evaluations: 410137
[Task: 44] Size: 26 Evaluations: 666959
[Task: 44] Size: 27 Evaluations: 2101518
[Task: 44] Benchmark: join-cells-with-comma.sl
[Task: 44] Result: Success
[Task: 44] Program: concat(_arg_0, concat(concat(",", " ")[:_arg_1.Length()] + _arg_1 + concat(",", " ")[0:], _arg_2))
[Task: 44] Number of evaluations: 4162715
[Task: 44] 2021-09-28 08:41:07.132688
[Task: 44] Time taken: 0:59:02.478796
[Task: 44] 
[Task: 45] Loading bustle model....
[Task: 45] Count: 45
[Task: 45] 
[Task: 45] 2021-09-28 07:55:40.315437
[Task: 45] Number of programs: 9
[Task: 45] Size: 0 Evaluations: 0
[Task: 45] Size: 1 Evaluations: 0
[Task: 45] Size: 2 Evaluations: 13
[Task: 45] Size: 3 Evaluations: 22
[Task: 45] Size: 4 Evaluations: 3
[Task: 45] Size: 5 Evaluations: 49
[Task: 45] Size: 6 Evaluations: 1
[Task: 45] Size: 7 Evaluations: 17
[Task: 45] Size: 8 Evaluations: 2
[Task: 45] Size: 9 Evaluations: 62
[Task: 45] Benchmark: join-first-and-last-name.sl
[Task: 45] Result: Success
[Task: 45] Program: concat(_arg_0, concat(" ", _arg_1))
[Task: 45] Number of evaluations: 186
[Task: 45] 2021-09-28 07:55:41.194899
[Task: 45] Time taken: 0:00:00.879441
[Task: 45] 
[Task: 46] Loading bustle model....
[Task: 46] Count: 46
[Task: 46] 
[Task: 46] 2021-09-28 07:55:40.389927
[Task: 46] Number of programs: 6
[Task: 46] Size: 0 Evaluations: 0
[Task: 46] Size: 1 Evaluations: 0
[Task: 46] Size: 2 Evaluations: 9
[Task: 46] Size: 3 Evaluations: 11
[Task: 46] Size: 4 Evaluations: 1
[Task: 46] Size: 5 Evaluations: 4
[Task: 46] Size: 6 Evaluations: 3
[Task: 46] Size: 7 Evaluations: 7
[Task: 46] Size: 8 Evaluations: 23
[Task: 46] Size: 9 Evaluations: 53
[Task: 46] Benchmark: lastname.sl
[Task: 46] Result: Success
[Task: 46] Program: name[name.IndexOf(" "):].strip()
[Task: 46] Number of evaluations: 162
[Task: 46] 2021-09-28 07:55:41.190146
[Task: 46] Time taken: 0:00:00.800141
[Task: 46] 
[Task: 47] Loading bustle model....
[Task: 47] Count: 47
[Task: 47] 
[Task: 47] 2021-09-28 07:55:40.375963
[Task: 47] Number of programs: 10
[Task: 47] Size: 0 Evaluations: 0
[Task: 47] Size: 1 Evaluations: 0
[Task: 47] Size: 2 Evaluations: 15
[Task: 47] Size: 3 Evaluations: 37
[Task: 47] Size: 4 Evaluations: 3
[Task: 47] Size: 5 Evaluations: 86
[Task: 47] Size: 6 Evaluations: 13
[Task: 47] Size: 7 Evaluations: 6
[Task: 47] Size: 8 Evaluations: 22
[Task: 47] Size: 9 Evaluations: 111
[Task: 47] Size: 10 Evaluations: 224
[Task: 47] Benchmark: most-frequently-occurring-text.sl
[Task: 47] Result: Success
[Task: 47] Program: (ifEqual(_arg_0,_arg_1) then _arg_0 else _arg_2)
[Task: 47] Number of evaluations: 694
[Task: 47] 2021-09-28 07:55:41.715101
[Task: 47] Time taken: 0:00:01.337693
[Task: 47] 
[Task: 48] Loading bustle model....
[Task: 48] Count: 48
[Task: 48] 
[Task: 48] 2021-09-28 07:55:40.271479
[Task: 48] Number of programs: 9
[Task: 48] Size: 0 Evaluations: 0
[Task: 48] Size: 1 Evaluations: 0
[Task: 48] Size: 2 Evaluations: 15
[Task: 48] Size: 3 Evaluations: 34
[Task: 48] Size: 4 Evaluations: 0
[Task: 48] Size: 5 Evaluations: 48
[Task: 48] Size: 6 Evaluations: 21
[Task: 48] Size: 7 Evaluations: 10
[Task: 48] Size: 8 Evaluations: 23
[Task: 48] Size: 9 Evaluations: 133
[Task: 48] Size: 10 Evaluations: 174
[Task: 48] Size: 11 Evaluations: 449
[Task: 48] Size: 12 Evaluations: 990
[Task: 48] Size: 13 Evaluations: 343
[Task: 48] Benchmark: name-combine-2.sl
[Task: 48] Result: Success
[Task: 48] Program: concat(firstname, concat(" ", concat(lastname.CharAt(0), ".")))
[Task: 48] Number of evaluations: 2262
[Task: 48] 2021-09-28 07:55:43.531578
[Task: 48] Time taken: 0:00:03.260146
[Task: 48] 
[Task: 49] Loading bustle model....
[Task: 49] Count: 49
[Task: 49] 
[Task: 49] 2021-09-28 07:55:40.301755
[Task: 49] Number of programs: 9
[Task: 49] Size: 0 Evaluations: 0
[Task: 49] Size: 1 Evaluations: 0
[Task: 49] Size: 2 Evaluations: 15
[Task: 49] Size: 3 Evaluations: 34
[Task: 49] Size: 4 Evaluations: 0
[Task: 49] Size: 5 Evaluations: 48
[Task: 49] Size: 6 Evaluations: 0
[Task: 49] Size: 7 Evaluations: 2
[Task: 49] Size: 8 Evaluations: 10
[Task: 49] Size: 9 Evaluations: 116
[Task: 49] Size: 10 Evaluations: 188
[Task: 49] Size: 11 Evaluations: 332
[Task: 49] Size: 12 Evaluations: 974
[Task: 49] Size: 13 Evaluations: 12
[Task: 49] Size: 14 Evaluations: 1135
[Task: 49] Size: 15 Evaluations: 263
[Task: 49] Size: 16 Evaluations: 1365
[Task: 49] Size: 17 Evaluations: 2097
[Task: 49] Size: 18 Evaluations: 9354
[Task: 49] Size: 19 Evaluations: 12631
[Task: 49] Benchmark: name-combine-3.sl
[Task: 49] Result: Success
[Task: 49] Program: concat(concat(concat(firstname.CharAt(0), "."), " "), lastname)
[Task: 49] Number of evaluations: 28740
[Task: 49] 2021-09-28 07:56:25.308671
[Task: 49] Time taken: 0:00:45.005570
[Task: 49] 
[Task: 50] Loading bustle model....
[Task: 50] Count: 50
[Task: 50] 
[Task: 50] 2021-09-28 07:55:40.367448
[Task: 50] Number of programs: 10
[Task: 50] Size: 0 Evaluations: 0
[Task: 50] Size: 1 Evaluations: 0
[Task: 50] Size: 2 Evaluations: 16
[Task: 50] Size: 3 Evaluations: 43
[Task: 50] Size: 4 Evaluations: 0
[Task: 50] Size: 5 Evaluations: 60
[Task: 50] Size: 6 Evaluations: 6
[Task: 50] Size: 7 Evaluations: 27
[Task: 50] Size: 8 Evaluations: 27
[Task: 50] Size: 9 Evaluations: 152
[Task: 50] Size: 10 Evaluations: 247
[Task: 50] Size: 11 Evaluations: 483
[Task: 50] Size: 12 Evaluations: 1335
[Task: 50] Size: 13 Evaluations: 217
[Task: 50] Size: 14 Evaluations: 2112
[Task: 50] Size: 15 Evaluations: 658
[Task: 50] Benchmark: name-combine-4.sl
[Task: 50] Result: Success
[Task: 50] Program: concat(lastname, concat(",", concat(" ", concat(firstname.CharAt(0), "."))))
[Task: 50] Number of evaluations: 5925
[Task: 50] 2021-09-28 07:55:48.593178
[Task: 50] Time taken: 0:00:08.224435
[Task: 50] 
[Task: 51] Loading bustle model....
[Task: 51] Count: 51
[Task: 51] 
[Task: 51] 2021-09-28 07:55:40.283859
[Task: 51] Number of programs: 8
[Task: 51] Size: 0 Evaluations: 0
[Task: 51] Size: 1 Evaluations: 0
[Task: 51] Size: 2 Evaluations: 14
[Task: 51] Size: 3 Evaluations: 27
[Task: 51] Size: 4 Evaluations: 0
[Task: 51] Size: 5 Evaluations: 36
[Task: 51] Size: 6 Evaluations: 0
[Task: 51] Size: 7 Evaluations: 2
[Task: 51] Size: 8 Evaluations: 8
[Task: 51] Size: 9 Evaluations: 100
[Task: 51] Benchmark: name-combine.sl
[Task: 51] Result: Success
[Task: 51] Program: concat(firstname, concat(" ", lastname))
[Task: 51] Number of evaluations: 206
[Task: 51] 2021-09-28 07:55:41.059846
[Task: 51] Time taken: 0:00:00.775960
[Task: 51] 
[Task: 52] Loading bustle model....
[Task: 52] Count: 52
[Task: 52] 
[Task: 52] 2021-09-28 07:55:40.346531
[Task: 52] Number of programs: 15
[Task: 52] Size: 0 Evaluations: 0
[Task: 52] Size: 1 Evaluations: 0
[Task: 52] Size: 2 Evaluations: 16
[Task: 52] Size: 3 Evaluations: 80
[Task: 52] Size: 4 Evaluations: 24
[Task: 52] Size: 5 Evaluations: 211
[Task: 52] Size: 6 Evaluations: 44
[Task: 52] Size: 7 Evaluations: 0
[Task: 52] Size: 8 Evaluations: 47
[Task: 52] Size: 9 Evaluations: 125
[Task: 52] Size: 10 Evaluations: 750
[Task: 52] Size: 11 Evaluations: 908
[Task: 52] Size: 12 Evaluations: 8355
[Task: 52] Size: 13 Evaluations: 7715
[Task: 52] Size: 14 Evaluations: 34944
[Task: 52] Size: 15 Evaluations: 17077
[Task: 52] Size: 16 Evaluations: 5543
[Task: 52] Size: 17 Evaluations: 16716
[Task: 52] Size: 18 Evaluations: 44623
[Task: 52] Size: 19 Evaluations: 230286
[Task: 52] Size: 20 Evaluations: 418848
[Task: 52] Size: 21 Evaluations: 1986699
[Task: 53] Loading bustle model....
[Task: 53] Count: 53
[Task: 53] 
[Task: 53] 2021-09-28 07:55:40.339563
[Task: 53] Number of programs: 10
[Task: 53] Size: 0 Evaluations: 0
[Task: 53] Size: 1 Evaluations: 0
[Task: 53] Size: 2 Evaluations: 11
[Task: 53] Size: 3 Evaluations: 34
[Task: 53] Size: 4 Evaluations: 14
[Task: 53] Benchmark: phone-1.sl
[Task: 53] Result: Success
[Task: 53] Program: name[4:][:3]
[Task: 53] Number of evaluations: 83
[Task: 53] 2021-09-28 07:55:40.831451
[Task: 53] Time taken: 0:00:00.491862
[Task: 53] 
[Task: 54] Loading bustle model....
[Task: 54] Count: 54
[Task: 54] 
[Task: 54] 2021-09-28 07:55:40.336154
[Task: 54] Number of programs: 10
[Task: 54] Size: 0 Evaluations: 0
[Task: 54] Size: 1 Evaluations: 0
[Task: 54] Size: 2 Evaluations: 11
[Task: 54] Size: 3 Evaluations: 34
[Task: 54] Size: 4 Evaluations: 8
[Task: 54] Benchmark: phone-2.sl
[Task: 54] Result: Success
[Task: 54] Program: name[3:][5:]
[Task: 54] Number of evaluations: 109
[Task: 54] 2021-09-28 07:55:40.827074
[Task: 54] Time taken: 0:00:00.490897
[Task: 54] 
[Task: 55] Loading bustle model....
[Task: 55] Count: 55
[Task: 55] 
[Task: 55] 2021-09-28 07:55:40.342676
[Task: 55] Number of programs: 13
[Task: 55] Size: 0 Evaluations: 0
[Task: 55] Size: 1 Evaluations: 0
[Task: 55] Size: 2 Evaluations: 14
[Task: 55] Size: 3 Evaluations: 54
[Task: 55] Size: 4 Evaluations: 10
[Task: 55] Size: 5 Evaluations: 174
[Task: 55] Size: 6 Evaluations: 29
[Task: 55] Size: 7 Evaluations: 393
[Task: 55] Size: 8 Evaluations: 105
[Task: 55] Size: 9 Evaluations: 910
[Task: 55] Size: 10 Evaluations: 912
[Task: 55] Size: 11 Evaluations: 1523
[Task: 55] Size: 12 Evaluations: 4951
[Task: 55] Benchmark: phone-3.sl
[Task: 55] Result: Success
[Task: 55] Program: concat("(", name.replace("-", concat(")", " ")))
[Task: 55] Number of evaluations: 9123
[Task: 55] 2021-09-28 07:55:53.074606
[Task: 55] Time taken: 0:00:12.731891
[Task: 55] 
[Task: 56] Loading bustle model....
[Task: 56] Count: 56
[Task: 56] 
[Task: 56] 2021-09-28 07:55:40.256742
[Task: 56] Number of programs: 14
[Task: 56] Size: 0 Evaluations: 0
[Task: 56] Size: 1 Evaluations: 0
[Task: 56] Size: 2 Evaluations: 15
[Task: 56] Size: 3 Evaluations: 65
[Task: 56] Size: 4 Evaluations: 11
[Task: 56] Benchmark: phone-4.sl
[Task: 56] Result: Success
[Task: 56] Program: name.replace("-", ".",2)
[Task: 56] Number of evaluations: 95
[Task: 56] 2021-09-28 07:55:40.813812
[Task: 56] Time taken: 0:00:00.557049
[Task: 56] 
[Task: 57] Loading bustle model....
[Task: 57] Count: 57
[Task: 57] 
[Task: 57] 2021-09-28 07:55:40.256402
[Task: 57] Number of programs: 13
[Task: 57] Size: 0 Evaluations: 0
[Task: 57] Size: 1 Evaluations: 0
[Task: 57] Size: 2 Evaluations: 14
[Task: 57] Size: 3 Evaluations: 56
[Task: 57] Size: 4 Evaluations: 32
[Task: 57] Size: 5 Evaluations: 211
[Task: 57] Benchmark: phone-5.sl
[Task: 57] Result: Success
[Task: 57] Program: name.Substr(1,name.IndexOf(" "))
[Task: 57] Number of evaluations: 383
[Task: 57] 2021-09-28 07:55:41.133959
[Task: 57] Time taken: 0:00:00.877531
[Task: 57] 
[Task: 58] Loading bustle model....
[Task: 58] Count: 58
[Task: 58] 
[Task: 58] 2021-09-28 07:55:40.349653
[Task: 58] Number of programs: 13
[Task: 58] Size: 0 Evaluations: 0
[Task: 58] Size: 1 Evaluations: 0
[Task: 58] Size: 2 Evaluations: 14
[Task: 58] Size: 3 Evaluations: 56
[Task: 58] Size: 4 Evaluations: 42
[Task: 58] Size: 5 Evaluations: 219
[Task: 58] Size: 6 Evaluations: 178
[Task: 58] Size: 7 Evaluations: 299
[Task: 58] Benchmark: phone-6.sl
[Task: 58] Result: Success
[Task: 58] Program: name[name.IndexOf(" "):].Substr(1,4)
[Task: 58] Number of evaluations: 928
[Task: 58] 2021-09-28 07:55:41.972330
[Task: 58] Time taken: 0:00:01.620940
[Task: 58] 
[Task: 59] Loading bustle model....
[Task: 59] Count: 59
[Task: 59] 
[Task: 59] 2021-09-28 07:55:40.373145
[Task: 59] Number of programs: 13
[Task: 59] Size: 0 Evaluations: 0
[Task: 59] Size: 1 Evaluations: 0
[Task: 59] Size: 2 Evaluations: 14
[Task: 59] Size: 3 Evaluations: 56
[Task: 59] Size: 4 Evaluations: 31
[Task: 59] Size: 5 Evaluations: 206
[Task: 59] Size: 6 Evaluations: 151
[Task: 59] Size: 7 Evaluations: 225
[Task: 59] Size: 8 Evaluations: 685
[Task: 59] Size: 9 Evaluations: 559
[Task: 59] Size: 10 Evaluations: 1923
[Task: 59] Benchmark: phone-7.sl
[Task: 59] Result: Success
[Task: 59] Program: name[((0 - 2) - 5):][:3]
[Task: 59] Number of evaluations: 5305
[Task: 59] 2021-09-28 07:55:46.728733
[Task: 59] Time taken: 0:00:06.354671
[Task: 59] 
[Task: 60] Loading bustle model....
[Task: 60] Count: 60
[Task: 60] 
[Task: 60] 2021-09-28 07:55:40.231611
[Task: 60] Number of programs: 13
[Task: 60] Size: 0 Evaluations: 0
[Task: 60] Size: 1 Evaluations: 0
[Task: 60] Size: 2 Evaluations: 14
[Task: 60] Size: 3 Evaluations: 56
[Task: 60] Size: 4 Evaluations: 28
[Task: 60] Size: 5 Evaluations: 281
[Task: 60] Size: 6 Evaluations: 399
[Task: 60] Size: 7 Evaluations: 3463
[Task: 60] Size: 8 Evaluations: 7268
[Task: 60] Size: 9 Evaluations: 48596
[Task: 60] Benchmark: phone-8.sl
[Task: 60] Result: Success
[Task: 60] Program: name[(0 - 3):]
[Task: 60] Number of evaluations: 152156
[Task: 60] 2021-09-28 07:57:37.141580
[Task: 60] Time taken: 0:01:56.907846
[Task: 60] 
[Task: 61] Loading bustle model....
[Task: 61] Count: 61
[Task: 61] 
[Task: 61] 2021-09-28 07:55:40.236662
[Task: 61] Number of programs: 13
[Task: 61] Size: 0 Evaluations: 0
[Task: 61] Size: 1 Evaluations: 0
[Task: 61] Size: 2 Evaluations: 14
[Task: 61] Size: 3 Evaluations: 56
[Task: 61] Size: 4 Evaluations: 18
[Task: 61] Size: 5 Evaluations: 151
[Task: 61] Size: 6 Evaluations: 36
[Task: 61] Size: 7 Evaluations: 1
[Task: 61] Size: 8 Evaluations: 51
[Task: 61] Size: 9 Evaluations: 134
[Task: 61] Size: 10 Evaluations: 494
[Task: 61] Size: 11 Evaluations: 1202
[Task: 61] Size: 12 Evaluations: 4260
[Task: 61] Size: 13 Evaluations: 4380
[Task: 61] Size: 14 Evaluations: 18580
[Task: 61] Benchmark: phone-9.sl
[Task: 61] Result: Success
[Task: 61] Program: name.replace("-", ".",2).replace(" ", ".")[1:]
[Task: 61] Number of evaluations: 29995
[Task: 61] 2021-09-28 07:56:21.736790
[Task: 61] Time taken: 0:00:41.499088
[Task: 61] 
[Task: 62] Loading bustle model....
[Task: 62] Count: 62
[Task: 62] 
[Task: 62] 2021-09-28 07:55:40.252025
[Task: 62] Number of programs: 10
[Task: 62] Size: 0 Evaluations: 0
[Task: 62] Size: 1 Evaluations: 0
[Task: 62] Size: 2 Evaluations: 11
[Task: 62] Benchmark: phone.sl
[Task: 62] Result: Success
[Task: 62] Program: name[:3]
[Task: 62] Number of evaluations: 23
[Task: 62] 2021-09-28 07:55:40.637755
[Task: 62] Time taken: 0:00:00.385706
[Task: 62] 
[Task: 63] Loading bustle model....
[Task: 63] Count: 63
[Task: 63] 
[Task: 63] 2021-09-28 07:55:40.236872
[Task: 63] Number of programs: 9
[Task: 63] Size: 0 Evaluations: 0
[Task: 63] Size: 1 Evaluations: 0
[Task: 63] Size: 2 Evaluations: 11
[Task: 63] Size: 3 Evaluations: 19
[Task: 63] Size: 4 Evaluations: 8
[Task: 63] Benchmark: remove-file-extension-from-filename.sl
[Task: 63] Result: Success
[Task: 63] Program: _arg_0[:_arg_0.IndexOf(".")]
[Task: 63] Number of evaluations: 47
[Task: 63] 2021-09-28 07:55:40.754153
[Task: 63] Time taken: 0:00:00.516339
[Task: 63] 
[Task: 64] Loading bustle model....
[Task: 64] Count: 64
[Task: 64] 
[Task: 64] 2021-09-28 07:55:40.225176
[Task: 64] Number of programs: 8
[Task: 64] Size: 0 Evaluations: 0
[Task: 64] Size: 1 Evaluations: 0
[Task: 64] Size: 2 Evaluations: 11
[Task: 64] Size: 3 Evaluations: 13
[Task: 64] Size: 4 Evaluations: 3
[Task: 64] Size: 5 Evaluations: 19
[Task: 64] Size: 6 Evaluations: 2
[Task: 64] Size: 7 Evaluations: 0
[Task: 64] Size: 8 Evaluations: 1
[Task: 64] Size: 9 Evaluations: 39
[Task: 64] Size: 10 Evaluations: 54
[Task: 64] Size: 11 Evaluations: 141
[Task: 64] Size: 12 Evaluations: 257
[Task: 64] Size: 13 Evaluations: 137
[Task: 64] Size: 14 Evaluations: 271
[Task: 64] Size: 15 Evaluations: 127
[Task: 64] Size: 16 Evaluations: 211
[Task: 64] Size: 17 Evaluations: 525
[Task: 64] Size: 18 Evaluations: 2051
[Task: 64] Size: 19 Evaluations: 3215
[Task: 64] Size: 20 Evaluations: 5184
[Task: 64] Size: 21 Evaluations: 7870
[Task: 64] Size: 22 Evaluations: 5696
[Task: 64] Size: 23 Evaluations: 7679
[Task: 64] Size: 24 Evaluations: 9625
[Task: 64] Size: 25 Evaluations: 24331
[Task: 64] Benchmark: remove-leading-and-trailing-spaces-from-text.sl
[Task: 64] Result: Success
[Task: 64] Program: _arg_0.replace(concat(" ", " "), "").replace(concat(" ", " "), " ")
[Task: 64] Number of evaluations: 87102
[Task: 64] 2021-09-28 07:56:48.647954
[Task: 64] Time taken: 0:01:08.422686
[Task: 64] 
[Task: 65] Loading bustle model....
[Task: 65] Count: 65
[Task: 65] 
[Task: 65] 2021-09-28 07:55:40.364318
[Task: 65] Number of programs: 9
[Task: 65] Size: 0 Evaluations: 0
[Task: 65] Size: 1 Evaluations: 0
[Task: 65] Size: 2 Evaluations: 10
[Task: 65] Size: 3 Evaluations: 18
[Task: 65] Size: 4 Evaluations: 6
[Task: 65] Benchmark: remove-text-by-matching.sl
[Task: 65] Result: Success
[Task: 65] Program: _arg_0.replace("-", "",-1)
[Task: 65] Number of evaluations: 52
[Task: 65] 2021-09-28 07:55:40.796306
[Task: 65] Time taken: 0:00:00.429728
[Task: 65] 
[Task: 66] Loading bustle model....
[Task: 66] Count: 66
[Task: 66] 
[Task: 66] 2021-09-28 07:55:40.350624
[Task: 66] Number of programs: 9
[Task: 66] Size: 0 Evaluations: 0
[Task: 66] Size: 1 Evaluations: 0
[Task: 66] Size: 2 Evaluations: 11
[Task: 66] Size: 3 Evaluations: 18
[Task: 66] Size: 4 Evaluations: 7
[Task: 66] Size: 5 Evaluations: 25
[Task: 66] Size: 6 Evaluations: 1
[Task: 66] Size: 7 Evaluations: 5
[Task: 66] Size: 8 Evaluations: 12
[Task: 66] Size: 9 Evaluations: 59
[Task: 66] Size: 10 Evaluations: 133
[Task: 66] Size: 11 Evaluations: 365
[Task: 66] Size: 12 Evaluations: 693
[Task: 66] Size: 13 Evaluations: 1403
[Task: 66] Size: 14 Evaluations: 3145
[Task: 66] Size: 15 Evaluations: 7581
[Task: 66] Size: 16 Evaluations: 20406
[Task: 66] Size: 17 Evaluations: 58235
[Task: 66] Size: 18 Evaluations: 158462
[Task: 66] Size: 19 Evaluations: 445522
[Task: 66] Size: 20 Evaluations: 1230203
[Task: 66] Benchmark: remove-text-by-position.sl
[Task: 66] Result: Success
[Task: 66] Program: _arg_0[_arg_0.replace("/", _arg_0,-1).replace("/", " ").replace("/", "").IndexOf("/"):]
[Task: 66] Number of evaluations: 4692187
[Task: 66] 2021-09-28 08:45:10.304369
[Task: 66] Time taken: 0:49:29.951325
[Task: 66] 
[Task: 67] Loading bustle model....
[Task: 67] Count: 67
[Task: 67] 
[Task: 67] 2021-09-28 07:55:40.289259
[Task: 67] Number of programs: 9
[Task: 67] Size: 0 Evaluations: 0
[Task: 67] Size: 1 Evaluations: 0
[Task: 67] Size: 2 Evaluations: 12
[Task: 67] Size: 3 Evaluations: 20
[Task: 67] Size: 4 Evaluations: 1
[Task: 67] Size: 5 Evaluations: 26
[Task: 67] Size: 6 Evaluations: 5
[Task: 67] Size: 7 Evaluations: 1
[Task: 67] Size: 8 Evaluations: 7
[Task: 67] Size: 9 Evaluations: 69
[Task: 67] Size: 10 Evaluations: 80
[Task: 67] Benchmark: remove-unwanted-characters.sl
[Task: 67] Result: Success
[Task: 67] Program: _arg_0.replace(_arg_1.strip(), "",-1)
[Task: 67] Number of evaluations: 297
[Task: 67] 2021-09-28 07:55:41.303310
[Task: 67] Time taken: 0:00:01.013128
[Task: 67] 
[Task: 68] Loading bustle model....
[Task: 68] Count: 68
[Task: 68] 
[Task: 68] 2021-09-28 07:55:40.275805
[Task: 68] Number of programs: 9
[Task: 68] Size: 0 Evaluations: 0
[Task: 68] Size: 1 Evaluations: 0
[Task: 68] Size: 2 Evaluations: 10
[Task: 68] Size: 3 Evaluations: 18
[Task: 68] Size: 4 Evaluations: 5
[Task: 68] Benchmark: replace-one-character-with-another.sl
[Task: 68] Result: Success
[Task: 68] Program: _arg_0.replace(" ", "-",-1)
[Task: 68] Number of evaluations: 42
[Task: 68] 2021-09-28 07:55:40.708491
[Task: 68] Time taken: 0:00:00.432658
[Task: 68] 
[Task: 69] Loading bustle model....
[Task: 69] Count: 69
[Task: 69] 
[Task: 69] 2021-09-28 07:55:40.300989
[Task: 69] Number of programs: 8
[Task: 69] Size: 0 Evaluations: 0
[Task: 69] Size: 1 Evaluations: 0
[Task: 69] Size: 2 Evaluations: 14
[Task: 69] Size: 3 Evaluations: 27
[Task: 69] Size: 4 Evaluations: 0
[Task: 69] Size: 5 Evaluations: 36
[Task: 69] Size: 6 Evaluations: 0
[Task: 69] Size: 7 Evaluations: 2
[Task: 69] Size: 8 Evaluations: 12
[Task: 69] Size: 9 Evaluations: 107
[Task: 69] Benchmark: reverse-name.sl
[Task: 69] Result: Success
[Task: 69] Program: concat(lastname, concat(" ", firstname))
[Task: 69] Number of evaluations: 232
[Task: 69] 2021-09-28 07:55:41.092997
[Task: 69] Time taken: 0:00:00.790616
[Task: 69] 
[Task: 70] Loading bustle model....
[Task: 70] Count: 70
[Task: 70] 
[Task: 70] 2021-09-28 07:55:40.299409
[Task: 70] Number of programs: 13
[Task: 70] Size: 0 Evaluations: 0
[Task: 70] Size: 1 Evaluations: 0
[Task: 70] Size: 2 Evaluations: 15
[Task: 70] Size: 3 Evaluations: 37
[Task: 70] Size: 4 Evaluations: 32
[Task: 70] Size: 5 Evaluations: 187
[Task: 70] Size: 6 Evaluations: 213
[Task: 70] Size: 7 Evaluations: 1233
[Task: 70] Size: 8 Evaluations: 3131
[Task: 70] Size: 9 Evaluations: 9467
[Task: 70] Size: 10 Evaluations: 38221
[Task: 70] Size: 11 Evaluations: 125228
[Task: 70] Size: 12 Evaluations: 433806
[Task: 71] Loading bustle model....
[Task: 71] Count: 71
[Task: 71] 
[Task: 71] 2021-09-28 07:55:40.288138
[Task: 71] Number of programs: 19
[Task: 71] Size: 0 Evaluations: 0
[Task: 71] Size: 1 Evaluations: 0
[Task: 71] Size: 2 Evaluations: 27
[Task: 71] Size: 3 Evaluations: 186
[Task: 71] Size: 4 Evaluations: 163
[Task: 71] Size: 5 Evaluations: 664
[Task: 71] Size: 6 Evaluations: 3845
[Task: 71] Size: 7 Evaluations: 20735
[Task: 71] Size: 8 Evaluations: 86092
[Task: 71] Size: 9 Evaluations: 451494
[Task: 71] Size: 10 Evaluations: 2252485
[Task: 72] Loading bustle model....
[Task: 72] Count: 72
[Task: 72] 
[Task: 72] 2021-09-28 07:55:40.239347
[Task: 72] Number of programs: 12
[Task: 72] Size: 0 Evaluations: 0
[Task: 72] Size: 1 Evaluations: 0
[Task: 72] Size: 2 Evaluations: 19
[Task: 72] Size: 3 Evaluations: 58
[Task: 72] Size: 4 Evaluations: 31
[Task: 72] Size: 5 Evaluations: 48
[Task: 72] Size: 6 Evaluations: 33
[Task: 72] Size: 7 Evaluations: 46
[Task: 72] Size: 8 Evaluations: 118
[Task: 72] Size: 9 Evaluations: 341
[Task: 72] Size: 10 Evaluations: 1102
[Task: 72] Benchmark: stackoverflow1.sl
[Task: 72] Result: Success
[Task: 72] Program: _arg_0[:_arg_0.IndexOf("Inc")].strip()
[Task: 72] Number of evaluations: 3713
[Task: 72] 2021-09-28 07:55:42.413968
[Task: 72] Time taken: 0:00:02.174596
[Task: 72] 
[Task: 73] Loading bustle model....
[Task: 73] Count: 73
[Task: 73] 
[Task: 73] 2021-09-28 07:55:40.404093
[Task: 73] Number of programs: 9
[Task: 73] Size: 0 Evaluations: 0
[Task: 73] Size: 1 Evaluations: 0
[Task: 73] Size: 2 Evaluations: 13
[Task: 73] Size: 3 Evaluations: 17
[Task: 73] Size: 4 Evaluations: 7
[Task: 73] Size: 5 Evaluations: 29
[Task: 73] Size: 6 Evaluations: 3
[Task: 73] Size: 7 Evaluations: 11
[Task: 73] Size: 8 Evaluations: 12
[Task: 73] Size: 9 Evaluations: 88
[Task: 73] Size: 10 Evaluations: 126
[Task: 73] Size: 11 Evaluations: 383
[Task: 73] Size: 12 Evaluations: 874
[Task: 73] Size: 13 Evaluations: 1734
[Task: 73] Size: 14 Evaluations: 3328
[Task: 73] Size: 15 Evaluations: 8848
[Task: 73] Size: 16 Evaluations: 18309
[Task: 73] Size: 17 Evaluations: 55619
[Task: 73] Size: 18 Evaluations: 120675
[Task: 73] Size: 19 Evaluations: 358352
[Task: 73] Benchmark: stackoverflow2.sl
[Task: 73] Result: Success
[Task: 73] Program: _arg_0[:_arg_0.IndexOf(" ",(-1 - _arg_0.IndexOf(" ")))]
[Task: 73] Number of evaluations: 1179390
[Task: 73] 2021-09-28 08:03:50.553456
[Task: 73] Time taken: 0:08:10.149350
[Task: 73] 
[Task: 74] Loading bustle model....
[Task: 74] Count: 74
[Task: 74] 
[Task: 74] 2021-09-28 08:02:15.048148
[Task: 74] Number of programs: 13
[Task: 74] Size: 0 Evaluations: 0
[Task: 74] Size: 1 Evaluations: 0
[Task: 74] Size: 2 Evaluations: 15
[Task: 74] Size: 3 Evaluations: 37
[Task: 74] Size: 4 Evaluations: 49
[Task: 74] Size: 5 Evaluations: 219
[Task: 74] Size: 6 Evaluations: 629
[Task: 74] Size: 7 Evaluations: 2535
[Task: 74] Size: 8 Evaluations: 9421
[Task: 74] Size: 9 Evaluations: 38028
[Task: 74] Size: 10 Evaluations: 149595
[Task: 74] Size: 11 Evaluations: 603898
[Task: 74] Size: 12 Evaluations: 2570166
[Task: 74] Benchmark: stackoverflow3.sl
[Task: 74] Result: Success
[Task: 74] Program: _arg_0[3:][_arg_0.IndexOf("9"):].strip()
[Task: 74] Number of evaluations: 9160358
[Task: 74] 2021-09-28 09:16:45.644171
[Task: 74] Time taken: 1:14:30.595122
[Task: 74] 
[Task: 75] Loading bustle model....
[Task: 75] Count: 75
[Task: 75] 
[Task: 75] 2021-09-28 08:02:15.154304
[Task: 75] Number of programs: 12
[Task: 75] Size: 0 Evaluations: 0
[Task: 75] Size: 1 Evaluations: 0
[Task: 75] Size: 2 Evaluations: 14
[Task: 75] Size: 3 Evaluations: 45
[Task: 75] Size: 4 Evaluations: 24
[Task: 75] Size: 5 Evaluations: 38
[Task: 75] Size: 6 Evaluations: 16
[Task: 75] Size: 7 Evaluations: 18
[Task: 75] Size: 8 Evaluations: 46
[Task: 75] Size: 9 Evaluations: 90
[Task: 75] Size: 10 Evaluations: 324
[Task: 75] Size: 11 Evaluations: 536
[Task: 75] Size: 12 Evaluations: 1494
[Task: 75] Size: 13 Evaluations: 1778
[Task: 75] Size: 14 Evaluations: 1681
[Task: 75] Benchmark: stackoverflow4.sl
[Task: 75] Result: Success
[Task: 75] Program: _arg_0.replace(",", " ",-1).replace("<", " ")[:-1]
[Task: 75] Number of evaluations: 6945
[Task: 75] 2021-09-28 08:02:20.557119
[Task: 75] Time taken: 0:00:05.402803
[Task: 75] 
[Task: 76] Loading bustle model....
[Task: 76] Count: 76
[Task: 76] 
[Task: 76] 2021-09-28 08:02:15.138921
[Task: 76] Number of programs: 13
[Task: 76] Size: 0 Evaluations: 0
[Task: 76] Size: 1 Evaluations: 0
[Task: 76] Size: 2 Evaluations: 17
[Task: 76] Size: 3 Evaluations: 63
[Task: 76] Size: 4 Evaluations: 43
[Task: 76] Size: 5 Evaluations: 82
[Task: 76] Size: 6 Evaluations: 25
[Task: 76] Size: 7 Evaluations: 52
[Task: 76] Size: 8 Evaluations: 111
[Task: 76] Size: 9 Evaluations: 247
[Task: 76] Size: 10 Evaluations: 1273
[Task: 76] Size: 11 Evaluations: 4477
[Task: 76] Size: 12 Evaluations: 15700
[Task: 76] Size: 13 Evaluations: 45237
[Task: 76] Size: 14 Evaluations: 143281
[Task: 76] Size: 15 Evaluations: 489339
[Task: 76] Benchmark: stackoverflow5.sl
[Task: 76] Result: Success
[Task: 76] Program: _arg_0[:(-1 + _arg_0.IndexOf("1"))]
[Task: 76] Number of evaluations: 2204571
[Task: 76] 2021-09-28 08:10:23.037671
[Task: 76] Time taken: 0:08:07.898757
[Task: 76] 
[Task: 77] Loading bustle model....
[Task: 77] Count: 77
[Task: 77] 
[Task: 77] 2021-09-28 08:02:15.048954
[Task: 77] Number of programs: 10
[Task: 77] Size: 0 Evaluations: 0
[Task: 77] Size: 1 Evaluations: 0
[Task: 77] Size: 2 Evaluations: 13
[Task: 77] Size: 3 Evaluations: 27
[Task: 77] Size: 4 Evaluations: 13
[Task: 77] Size: 5 Evaluations: 58
[Task: 77] Size: 6 Evaluations: 79
[Task: 77] Size: 7 Evaluations: 243
[Task: 77] Size: 8 Evaluations: 652
[Task: 77] Size: 9 Evaluations: 1441
[Task: 77] Size: 10 Evaluations: 3933
[Task: 77] Size: 11 Evaluations: 11032
[Task: 77] Size: 12 Evaluations: 32237
[Task: 77] Size: 13 Evaluations: 94385
[Task: 77] Size: 14 Evaluations: 276987
[Task: 77] Size: 15 Evaluations: 858498
[Task: 77] Size: 16 Evaluations: 2698560
[Task: 78] Loading bustle model....
[Task: 78] Count: 78
[Task: 78] 
[Task: 78] 2021-09-28 08:02:15.047731
[Task: 78] Number of programs: 9
[Task: 78] Size: 0 Evaluations: 0
[Task: 78] Size: 1 Evaluations: 0
[Task: 78] Size: 2 Evaluations: 14
[Task: 78] Size: 3 Evaluations: 25
[Task: 78] Size: 4 Evaluations: 5
[Task: 78] Size: 5 Evaluations: 47
[Task: 78] Size: 6 Evaluations: 0
[Task: 78] Size: 7 Evaluations: 0
[Task: 78] Size: 8 Evaluations: 2
[Task: 78] Size: 9 Evaluations: 78
[Task: 78] Size: 10 Evaluations: 159
[Task: 78] Benchmark: stackoverflow7.sl
[Task: 78] Result: Success
[Task: 78] Program: _arg_0.replace(_arg_1.strip(), "").strip()
[Task: 78] Number of evaluations: 457
[Task: 78] 2021-09-28 08:02:15.783932
[Task: 78] Time taken: 0:00:00.735637
[Task: 78] 
[Task: 79] Loading bustle model....
[Task: 79] Count: 79
[Task: 79] 
[Task: 79] 2021-09-28 08:02:15.059058
[Task: 79] Number of programs: 12
[Task: 79] Size: 0 Evaluations: 0
[Task: 79] Size: 1 Evaluations: 0
[Task: 79] Size: 2 Evaluations: 15
[Task: 79] Size: 3 Evaluations: 34
[Task: 79] Size: 4 Evaluations: 10
[Task: 79] Size: 5 Evaluations: 118
[Task: 79] Size: 6 Evaluations: 0
[Task: 79] Size: 7 Evaluations: 0
[Task: 79] Size: 8 Evaluations: 18
[Task: 79] Size: 9 Evaluations: 123
[Task: 79] Size: 10 Evaluations: 193
[Task: 79] Size: 11 Evaluations: 1134
[Task: 79] Size: 12 Evaluations: 2167
[Task: 79] Size: 13 Evaluations: 1960
[Task: 79] Size: 14 Evaluations: 11566
[Task: 79] Size: 15 Evaluations: 9988
[Task: 79] Size: 16 Evaluations: 18011
[Task: 79] Size: 17 Evaluations: 106474
[Task: 79] Benchmark: stackoverflow8.sl
[Task: 79] Result: Success
[Task: 79] Program: _arg_0[(2 + (4 + 4)):].replace("/", "")
[Task: 79] Number of evaluations: 196743
[Task: 79] 2021-09-28 08:03:49.689190
[Task: 79] Time taken: 0:01:34.630138
[Task: 79] 
[Task: 80] Loading bustle model....
[Task: 80] Count: 80
[Task: 80] 
[Task: 80] 2021-09-28 08:02:15.037482
[Task: 80] Number of programs: 8
[Task: 80] Size: 0 Evaluations: 0
[Task: 80] Size: 1 Evaluations: 0
[Task: 80] Size: 2 Evaluations: 11
[Task: 80] Size: 3 Evaluations: 13
[Task: 80] Size: 4 Evaluations: 3
[Task: 80] Size: 5 Evaluations: 18
[Task: 80] Size: 6 Evaluations: 0
[Task: 80] Size: 7 Evaluations: 3
[Task: 80] Size: 8 Evaluations: 21
[Task: 80] Size: 9 Evaluations: 60
[Task: 80] Size: 10 Evaluations: 112
[Task: 80] Size: 11 Evaluations: 296
[Task: 80] Size: 12 Evaluations: 295
[Task: 80] Size: 13 Evaluations: 720
[Task: 80] Size: 14 Evaluations: 1130
[Task: 80] Size: 15 Evaluations: 3013
[Task: 80] Size: 16 Evaluations: 7376
[Task: 80] Size: 17 Evaluations: 18847
[Task: 80] Size: 18 Evaluations: 46700
[Task: 80] Size: 19 Evaluations: 115384
[Task: 80] Size: 20 Evaluations: 289474
[Task: 80] Size: 21 Evaluations: 728588
[Task: 80] Benchmark: stackoverflow9.sl
[Task: 80] Result: Success
[Task: 80] Program: _arg_0[_arg_0.IndexOf(" ",_arg_0.replace(" ", _arg_0,-1).IndexOf(" ")):].strip()
[Task: 80] Number of evaluations: 2096515
[Task: 80] 2021-09-28 08:20:00.568407
[Task: 80] Time taken: 0:17:45.530935
[Task: 80] 
[Task: 81] Loading bustle model....
[Task: 81] Count: 81
[Task: 81] 
[Task: 81] 2021-09-28 08:02:15.064732
[Task: 81] Number of programs: 11
[Task: 81] Size: 0 Evaluations: 0
[Task: 81] Size: 1 Evaluations: 0
[Task: 81] Size: 2 Evaluations: 14
[Task: 81] Size: 3 Evaluations: 30
[Task: 81] Size: 4 Evaluations: 17
[Task: 81] Size: 5 Evaluations: 34
[Task: 81] Size: 6 Evaluations: 0
[Task: 81] Size: 7 Evaluations: 0
[Task: 81] Size: 8 Evaluations: 14
[Task: 81] Size: 9 Evaluations: 64
[Task: 81] Size: 10 Evaluations: 189
[Task: 81] Size: 11 Evaluations: 349
[Task: 81] Size: 12 Evaluations: 809
[Task: 81] Size: 13 Evaluations: 759
[Task: 81] Benchmark: strip-html-from-text-or-numbers.sl
[Task: 81] Result: Success
[Task: 81] Program: _arg_0.replace(_arg_0[:1] + "b" + _arg_0[-1:], "",-1)
[Task: 81] Number of evaluations: 2429
[Task: 81] 2021-09-28 08:02:17.369114
[Task: 81] Time taken: 0:00:02.304384
[Task: 81] 
[Task: 82] Loading bustle model....
[Task: 82] Count: 82
[Task: 82] 
[Task: 82] 2021-09-28 08:02:15.072221
[Task: 82] Number of programs: 20
[Task: 82] Size: 0 Evaluations: 0
[Task: 82] Size: 1 Evaluations: 0
[Task: 82] Size: 2 Evaluations: 19
[Task: 82] Size: 3 Evaluations: 67
[Task: 82] Size: 4 Evaluations: 82
[Task: 82] Size: 5 Evaluations: 583
[Task: 82] Size: 6 Evaluations: 1002
[Task: 82] Size: 7 Evaluations: 6591
[Task: 82] Size: 8 Evaluations: 22036
[Task: 82] Size: 9 Evaluations: 193591
[Task: 82] Size: 10 Evaluations: 593886
[Task: 82] Size: 11 Evaluations: 3205534
[Task: 83] Loading bustle model....
[Task: 83] Count: 83
[Task: 83] 
[Task: 83] 2021-09-28 08:02:15.039473
[Task: 83] Number of programs: 18
[Task: 83] Size: 0 Evaluations: 0
[Task: 83] Size: 1 Evaluations: 0
[Task: 83] Size: 2 Evaluations: 18
[Task: 83] Size: 3 Evaluations: 61
[Task: 83] Size: 4 Evaluations: 39
[Task: 83] Size: 5 Evaluations: 323
[Task: 83] Size: 6 Evaluations: 18
[Task: 83] Size: 7 Evaluations: 0
[Task: 83] Size: 8 Evaluations: 3
[Task: 83] Size: 9 Evaluations: 144
[Task: 83] Size: 10 Evaluations: 318
[Task: 83] Size: 11 Evaluations: 2387
[Task: 83] Size: 12 Evaluations: 10513
[Task: 83] Size: 13 Evaluations: 11036
[Task: 83] Size: 14 Evaluations: 89317
[Task: 83] Size: 15 Evaluations: 14755
[Task: 83] Size: 16 Evaluations: 2157
[Task: 83] Size: 17 Evaluations: 8325
[Task: 83] Size: 18 Evaluations: 82461
[Task: 83] Size: 19 Evaluations: 260422
[Task: 83] Size: 20 Evaluations: 1305621
[Task: 83] Size: 21 Evaluations: 4921818
[Task: 84] Loading bustle model....
[Task: 84] Count: 84
[Task: 84] 
[Task: 84] 2021-09-28 08:02:15.055882
[Task: 84] Number of programs: 9
[Task: 84] Size: 0 Evaluations: 0
[Task: 84] Size: 1 Evaluations: 0
[Task: 84] Size: 2 Evaluations: 15
[Task: 84] Size: 3 Evaluations: 37
[Task: 84] Size: 4 Evaluations: 9
[Task: 84] Size: 5 Evaluations: 57
[Task: 84] Size: 6 Evaluations: 0
[Task: 84] Size: 7 Evaluations: 6
[Task: 84] Size: 8 Evaluations: 32
[Task: 84] Size: 9 Evaluations: 159
[Task: 84] Size: 10 Evaluations: 336
[Task: 84] Size: 11 Evaluations: 776
[Task: 84] Size: 12 Evaluations: 1247
[Task: 84] Size: 13 Evaluations: 608
[Task: 84] Size: 14 Evaluations: 1753
[Task: 84] Benchmark: univ_1.sl
[Task: 84] Result: Success
[Task: 84] Program: concat(col1, concat(",", concat(" ", col2)))
[Task: 84] Number of evaluations: 5099
[Task: 84] 2021-09-28 08:02:20.918473
[Task: 84] Time taken: 0:00:05.862569
[Task: 84] 
[Task: 85] Loading bustle model....
[Task: 85] Count: 85
[Task: 85] 
[Task: 85] 2021-09-28 08:02:15.040640
[Task: 85] Number of programs: 15
[Task: 85] Size: 0 Evaluations: 0
[Task: 85] Size: 1 Evaluations: 0
[Task: 85] Size: 2 Evaluations: 29
[Task: 85] Size: 3 Evaluations: 135
[Task: 85] Size: 4 Evaluations: 63
[Task: 85] Size: 5 Evaluations: 147
[Task: 85] Size: 6 Evaluations: 0
[Task: 85] Size: 7 Evaluations: 7
[Task: 85] Size: 8 Evaluations: 59
[Task: 85] Size: 9 Evaluations: 615
[Task: 85] Size: 10 Evaluations: 2229
[Task: 85] Size: 11 Evaluations: 4768
[Task: 85] Size: 12 Evaluations: 10795
[Task: 85] Size: 13 Evaluations: 7182
[Task: 85] Size: 14 Evaluations: 9954
[Task: 85] Size: 15 Evaluations: 3643
[Task: 85] Size: 16 Evaluations: 20214
[Task: 85] Size: 17 Evaluations: 68127
[Task: 85] Size: 18 Evaluations: 232712
[Task: 85] Size: 19 Evaluations: 496029
[Task: 85] Size: 20 Evaluations: 783308
[Task: 85] Size: 21 Evaluations: 1138589
[Task: 85] Size: 22 Evaluations: 886834
[Task: 86] Loading bustle model....
[Task: 86] Count: 86
[Task: 86] 
[Task: 86] 2021-09-28 08:02:15.036041
[Task: 86] Number of programs: 15
[Task: 86] Size: 0 Evaluations: 0
[Task: 86] Size: 1 Evaluations: 0
[Task: 86] Size: 2 Evaluations: 29
[Task: 86] Size: 3 Evaluations: 135
[Task: 86] Size: 4 Evaluations: 64
[Task: 86] Size: 5 Evaluations: 179
[Task: 86] Size: 6 Evaluations: 192
[Task: 86] Size: 7 Evaluations: 168
[Task: 86] Size: 8 Evaluations: 519
[Task: 86] Size: 9 Evaluations: 1104
[Task: 86] Size: 10 Evaluations: 3212
[Task: 86] Size: 11 Evaluations: 6875
[Task: 86] Size: 12 Evaluations: 16078
[Task: 86] Size: 13 Evaluations: 20040
[Task: 86] Size: 14 Evaluations: 37700
[Task: 86] Size: 15 Evaluations: 66916
[Task: 86] Benchmark: univ_3.sl
[Task: 86] Result: Success
[Task: 86] Program: col2.replace(col2.replace("USA", col2), concat(col2, concat(",", concat(" ", "USA"))))
[Task: 86] Number of evaluations: 202777
[Task: 86] 2021-09-28 08:05:06.933675
[Task: 86] Time taken: 0:02:51.897629
[Task: 86] 
[Task: 87] Loading bustle model....
[Task: 87] Count: 87
[Task: 87] 
[Task: 87] 2021-09-28 08:02:15.088613
[Task: 87] Number of programs: 16
[Task: 87] Size: 0 Evaluations: 0
[Task: 87] Size: 1 Evaluations: 0
[Task: 87] Size: 2 Evaluations: 33
[Task: 87] Size: 3 Evaluations: 165
[Task: 87] Size: 4 Evaluations: 100
[Task: 87] Size: 5 Evaluations: 188
[Task: 87] Size: 6 Evaluations: 171
[Task: 87] Size: 7 Evaluations: 191
[Task: 87] Size: 8 Evaluations: 658
[Task: 87] Size: 9 Evaluations: 1388
[Task: 87] Size: 10 Evaluations: 4445
[Task: 87] Size: 11 Evaluations: 10382
[Task: 87] Size: 12 Evaluations: 20683
[Task: 87] Size: 13 Evaluations: 27448
[Task: 87] Size: 14 Evaluations: 47327
[Task: 87] Size: 15 Evaluations: 80612
[Task: 87] Size: 16 Evaluations: 193250
[Task: 87] Size: 17 Evaluations: 494805
[Task: 87] Size: 18 Evaluations: 1203691
[Task: 88] Loading bustle model....
[Task: 88] Count: 88
[Task: 88] 
[Task: 88] 2021-09-28 08:02:15.132356
[Task: 88] Number of programs: 36
[Task: 88] Size: 0 Evaluations: 0
[Task: 88] Size: 1 Evaluations: 0
[Task: 88] Size: 2 Evaluations: 71
[Task: 88] Size: 3 Evaluations: 1004
[Task: 88] Size: 4 Evaluations: 690
[Task: 88] Size: 5 Evaluations: 640
[Task: 88] Size: 6 Evaluations: 393
[Task: 88] Size: 7 Evaluations: 408
[Task: 88] Size: 8 Evaluations: 2374
[Task: 88] Size: 9 Evaluations: 11412
[Task: 88] Size: 10 Evaluations: 77473
[Task: 88] Size: 11 Evaluations: 188653
[Task: 88] Size: 12 Evaluations: 573872
[Task: 88] Size: 13 Evaluations: 1256485
