[Task: 0] Loading bustle model....
[Task: 0] Count: 0
[Task: 0] 
[Task: 0] 2021-09-08 20:16:30.408657
[Task: 0] Number of programs: 10
[Task: 0] Size: 0 Evaluations: 0
[Task: 0] Size: 1 Evaluations: 0
[Task: 0] Size: 2 Evaluations: 17
[Task: 0] Size: 3 Evaluations: 36
[Task: 0] Size: 4 Evaluations: 41
[Task: 0] Size: 5 Evaluations: 139
[Task: 0] Size: 6 Evaluations: 366
[Task: 0] Size: 7 Evaluations: 964
[Task: 0] Benchmark: 11440431.sl
[Task: 0] Result: Success
[Task: 0] Program: _arg_0.replace("US", "").replace("CAN", "").strip()
[Task: 0] Number of evaluations: 2809
[Task: 0] 2021-09-08 20:16:31.787567
[Task: 0] Time taken: 0:00:01.366375
[Task: 0] 
[Task: 1] Loading bustle model....
[Task: 1] Count: 1
[Task: 1] 
[Task: 1] 2021-09-08 20:16:30.394219
[Task: 1] Number of programs: 10
[Task: 1] Size: 0 Evaluations: 0
[Task: 1] Size: 1 Evaluations: 0
[Task: 1] Size: 2 Evaluations: 12
[Task: 1] Size: 3 Evaluations: 20
[Task: 1] Size: 4 Evaluations: 17
[Task: 1] Size: 5 Evaluations: 59
[Task: 1] Size: 6 Evaluations: 58
[Task: 1] Size: 7 Evaluations: 197
[Task: 1] Size: 8 Evaluations: 153
[Task: 1] Size: 9 Evaluations: 625
[Task: 1] Size: 10 Evaluations: 651
[Task: 1] Size: 11 Evaluations: 2113
[Task: 1] Size: 12 Evaluations: 3126
[Task: 1] Benchmark: 11604909.sl
[Task: 1] Result: Success
[Task: 1] Program: _arg_0[(-1 + _arg_0.IndexOf(".")):][:(1 + (1 + 1))]
[Task: 1] Number of evaluations: 10451
[Task: 1] 2021-09-08 20:16:38.406318
[Task: 1] Time taken: 0:00:08.004850
[Task: 1] 
[Task: 2] Loading bustle model....
[Task: 2] Count: 2
[Task: 2] 
[Task: 2] 2021-09-08 20:16:30.388750
[Task: 2] Number of programs: 9
[Task: 2] Size: 0 Evaluations: 0
[Task: 2] Size: 1 Evaluations: 0
[Task: 2] Size: 2 Evaluations: 10
[Task: 2] Size: 3 Evaluations: 17
[Task: 2] Size: 4 Evaluations: 19
[Task: 2] Size: 5 Evaluations: 48
[Task: 2] Size: 6 Evaluations: 82
[Task: 2] Size: 7 Evaluations: 151
[Task: 2] Size: 8 Evaluations: 236
[Task: 2] Size: 9 Evaluations: 410
[Task: 2] Size: 10 Evaluations: 877
[Task: 2] Size: 11 Evaluations: 1300
[Task: 2] Benchmark: 17212077.sl
[Task: 2] Result: Success
[Task: 2] Program: _arg_0[:(1 + 1)] + "/" + _arg_0[_arg_0.IndexOf((1 + 1).IntToStr()):]
[Task: 2] Number of evaluations: 4966
[Task: 2] 2021-09-08 20:16:33.794972
[Task: 2] Time taken: 0:00:03.399435
[Task: 2] 
[Task: 3] Loading bustle model....
[Task: 3] Count: 3
[Task: 3] 
[Task: 3] 2021-09-08 20:16:30.417382
[Task: 3] Number of programs: 8
[Task: 3] Size: 0 Evaluations: 0
[Task: 3] Size: 1 Evaluations: 0
[Task: 3] Size: 2 Evaluations: 11
[Task: 3] Size: 3 Evaluations: 13
[Task: 3] Size: 4 Evaluations: 8
[Task: 3] Size: 5 Evaluations: 39
[Task: 3] Size: 6 Evaluations: 39
[Task: 3] Benchmark: 2171308.sl
[Task: 3] Result: Success
[Task: 3] Program: _arg_0[:1] + "" + _arg_0[_arg_0.IndexOf(" "):]
[Task: 3] Number of evaluations: 177
[Task: 3] 2021-09-08 20:16:30.940964
[Task: 3] Time taken: 0:00:00.511468
[Task: 3] 
[Task: 4] Loading bustle model....
[Task: 4] Count: 4
[Task: 4] 
[Task: 4] 2021-09-08 20:16:30.390293
[Task: 4] Number of programs: 14
[Task: 4] Size: 0 Evaluations: 0
[Task: 4] Size: 1 Evaluations: 0
[Task: 4] Size: 2 Evaluations: 30
[Task: 4] Size: 3 Evaluations: 101
[Task: 4] Size: 4 Evaluations: 80
[Task: 4] Size: 5 Evaluations: 245
[Task: 4] Size: 6 Evaluations: 432
[Task: 4] Size: 7 Evaluations: 824
[Task: 4] Size: 8 Evaluations: 1640
[Task: 4] Size: 9 Evaluations: 4441
[Task: 4] Benchmark: 25239569.sl
[Task: 4] Result: Success
[Task: 4] Program: _arg_0.replace("BRD", "Branding").replace("DRS", "Direct Response").replace("LDS", "Leads")
[Task: 4] Number of evaluations: 10647
[Task: 4] 2021-09-08 20:16:34.391169
[Task: 4] Time taken: 0:00:03.994414
[Task: 4] 
[Task: 5] Loading bustle model....
[Task: 5] Count: 5
[Task: 5] 
[Task: 5] 2021-09-08 20:16:30.391828
[Task: 5] Number of programs: 10
[Task: 5] Size: 0 Evaluations: 0
[Task: 5] Size: 1 Evaluations: 0
[Task: 5] Size: 2 Evaluations: 13
[Task: 5] Size: 3 Evaluations: 27
[Task: 5] Size: 4 Evaluations: 17
[Task: 5] Size: 5 Evaluations: 64
[Task: 5] Size: 6 Evaluations: 42
[Task: 5] Size: 7 Evaluations: 153
[Task: 5] Size: 8 Evaluations: 227
[Task: 5] Benchmark: 28627624_1.sl
[Task: 5] Result: Success
[Task: 5] Program: _arg_0[:(-1 + _arg_0.IndexOf("-"))]
[Task: 5] Number of evaluations: 761
[Task: 5] 2021-09-08 20:16:31.208823
[Task: 5] Time taken: 0:00:00.810534
[Task: 5] 
[Task: 6] Loading bustle model....
[Task: 6] Count: 6
[Task: 6] 
[Task: 6] 2021-09-08 20:16:30.415582
[Task: 6] Number of programs: 9
[Task: 6] Size: 0 Evaluations: 0
[Task: 6] Size: 1 Evaluations: 0
[Task: 6] Size: 2 Evaluations: 11
[Task: 6] Size: 3 Evaluations: 18
[Task: 6] Size: 4 Evaluations: 8
[Task: 6] Size: 5 Evaluations: 38
[Task: 6] Size: 6 Evaluations: 71
[Task: 6] Size: 7 Evaluations: 58
[Task: 6] Size: 8 Evaluations: 292
[Task: 6] Size: 9 Evaluations: 422
[Task: 6] Size: 10 Evaluations: 682
[Task: 6] Size: 11 Evaluations: 2173
[Task: 6] Size: 12 Evaluations: 3558
[Task: 6] Benchmark: 30732554.sl
[Task: 6] Result: Success
[Task: 6] Program: _arg_0[:concat(_arg_0, "|").IndexOf("|")]
[Task: 6] Number of evaluations: 11792
[Task: 6] 2021-09-08 20:16:36.331955
[Task: 6] Time taken: 0:00:05.904282
[Task: 6] 
[Task: 7] Loading bustle model....
[Task: 7] Count: 7
[Task: 7] 
[Task: 7] 2021-09-08 20:16:30.400497
[Task: 7] Number of programs: 13
[Task: 7] Size: 0 Evaluations: 0
[Task: 7] Size: 1 Evaluations: 0
[Task: 7] Size: 2 Evaluations: 15
[Task: 7] Size: 3 Evaluations: 37
[Task: 7] Size: 4 Evaluations: 27
[Task: 7] Size: 5 Evaluations: 197
[Task: 7] Size: 6 Evaluations: 144
[Task: 7] Size: 7 Evaluations: 661
[Task: 7] Size: 8 Evaluations: 480
[Task: 7] Size: 9 Evaluations: 1957
[Task: 7] Size: 10 Evaluations: 2662
[Task: 7] Size: 11 Evaluations: 5595
[Task: 7] Size: 12 Evaluations: 10537
[Task: 7] Size: 13 Evaluations: 20114
[Task: 7] Size: 14 Evaluations: 58635
[Task: 7] Size: 15 Evaluations: 88112
[Task: 7] Size: 16 Evaluations: 302722
[Task: 7] Benchmark: 31753108.sl
[Task: 7] Result: Success
[Task: 7] Program: _arg_0.Substr(_arg_0.IndexOf(" ",5),_arg_0.IndexOf(" ",(1 + _arg_0.IndexOf(" ",5)))).strip()
[Task: 7] Number of evaluations: 569297
[Task: 7] 2021-09-08 20:21:26.113839
[Task: 7] Time taken: 0:04:55.703371
[Task: 7] 
[Task: 8] Loading bustle model....
[Task: 8] Count: 8
[Task: 8] 
[Task: 8] 2021-09-08 20:16:30.492282
[Task: 8] Number of programs: 12
[Task: 8] Size: 0 Evaluations: 0
[Task: 8] Size: 1 Evaluations: 0
[Task: 8] Size: 2 Evaluations: 26
[Task: 8] Size: 3 Evaluations: 68
[Task: 8] Size: 4 Evaluations: 89
[Task: 8] Size: 5 Evaluations: 276
[Task: 8] Size: 6 Evaluations: 910
[Task: 8] Size: 7 Evaluations: 2775
[Task: 8] Size: 8 Evaluations: 10237
[Task: 8] Size: 9 Evaluations: 34941
[Task: 8] Size: 10 Evaluations: 122668
[Task: 8] Benchmark: 33619752.sl
[Task: 8] Result: Success
[Task: 8] Program: _arg_0[:concat(_arg_0, " ").IndexOf(" ",(1 + "Company".Length()))]
[Task: 8] Number of evaluations: 474348
[Task: 8] 2021-09-08 20:19:12.854283
[Task: 8] Time taken: 0:02:42.361909
[Task: 8] 
[Task: 9] Loading bustle model....
[Task: 9] Count: 9
[Task: 9] 
[Task: 9] 2021-09-08 20:16:30.395740
[Task: 9] Number of programs: 10
[Task: 9] Size: 0 Evaluations: 0
[Task: 9] Size: 1 Evaluations: 0
[Task: 9] Size: 2 Evaluations: 16
[Task: 9] Size: 3 Evaluations: 33
[Task: 9] Size: 4 Evaluations: 42
[Task: 9] Size: 5 Evaluations: 149
[Task: 9] Benchmark: 34801680.sl
[Task: 9] Result: Success
[Task: 9] Program: _arg_0[_arg_0.IndexOf(" "):].strip()
[Task: 9] Number of evaluations: 441
[Task: 9] 2021-09-08 20:16:30.914495
[Task: 9] Time taken: 0:00:00.511439
[Task: 9] 
[Task: 10] Loading bustle model....
[Task: 10] Count: 10
[Task: 10] 
[Task: 10] 2021-09-08 20:16:30.426992
[Task: 10] Number of programs: 10
[Task: 10] Size: 0 Evaluations: 0
[Task: 10] Size: 1 Evaluations: 0
[Task: 10] Size: 2 Evaluations: 17
[Task: 10] Size: 3 Evaluations: 30
[Task: 10] Size: 4 Evaluations: 23
[Task: 10] Size: 5 Evaluations: 126
[Task: 10] Size: 6 Evaluations: 122
[Task: 10] Size: 7 Evaluations: 301
[Task: 10] Size: 8 Evaluations: 434
[Task: 10] Size: 9 Evaluations: 648
[Task: 10] Benchmark: 35016216.sl
[Task: 10] Result: Success
[Task: 10] Program: _arg_0.replace(_arg_0.lower(), _arg_1)
[Task: 10] Number of evaluations: 2052
[Task: 10] 2021-09-08 20:16:32.040661
[Task: 10] Time taken: 0:00:01.599500
[Task: 10] 
[Task: 11] Loading bustle model....
[Task: 11] Count: 11
[Task: 11] 
[Task: 11] 2021-09-09 19:24:37.140798
[Task: 11] Number of programs: 13
[Task: 11] Size: 0 Evaluations: 0
[Task: 11] Size: 1 Evaluations: 0
[Task: 11] Size: 2 Evaluations: 23
[Task: 11] Size: 3 Evaluations: 82
[Task: 11] Size: 4 Evaluations: 77
[Task: 11] Size: 5 Evaluations: 106
[Task: 11] Size: 6 Evaluations: 317
[Task: 11] Size: 7 Evaluations: 533
[Task: 11] Size: 8 Evaluations: 1295
[Task: 11] Size: 9 Evaluations: 2170
[Task: 11] Size: 10 Evaluations: 4429
[Task: 11] Size: 11 Evaluations: 10749
[Task: 11] Size: 12 Evaluations: 29756
[Task: 11] Size: 13 Evaluations: 90733
[Task: 11] Size: 14 Evaluations: 288350
[Task: 11] Size: 15 Evaluations: 991815
[Task: 11] Size: 16 Evaluations: 3570648
[Task: 12] Loading bustle model....
[Task: 12] Count: 12
[Task: 12] 
[Task: 12] 2021-09-08 20:16:30.444463
[Task: 12] Number of programs: 9
[Task: 12] Size: 0 Evaluations: 0
[Task: 12] Size: 1 Evaluations: 0
[Task: 12] Size: 2 Evaluations: 11
[Task: 12] Size: 3 Evaluations: 18
[Task: 12] Size: 4 Evaluations: 13
[Task: 12] Size: 5 Evaluations: 57
[Task: 12] Size: 6 Evaluations: 94
[Task: 12] Size: 7 Evaluations: 314
[Task: 12] Size: 8 Evaluations: 580
[Task: 12] Size: 9 Evaluations: 1961
[Task: 12] Size: 10 Evaluations: 4346
[Task: 12] Size: 11 Evaluations: 13560
[Task: 12] Size: 12 Evaluations: 33594
[Task: 12] Benchmark: 36462127.sl
[Task: 12] Result: Success
[Task: 12] Program: _arg_0[(-1 + (-1 - _arg_0.IndexOf("/"))):].replace("/", "")
[Task: 12] Number of evaluations: 102303
[Task: 12] 2021-09-08 20:17:01.896647
[Task: 12] Time taken: 0:00:31.441394
[Task: 12] 
[Task: 13] Loading bustle model....
[Task: 13] Count: 13
[Task: 13] 
[Task: 13] 2021-09-08 20:16:30.432718
[Task: 13] Number of programs: 10
[Task: 13] Size: 0 Evaluations: 0
[Task: 13] Size: 1 Evaluations: 0
[Task: 13] Size: 2 Evaluations: 18
[Task: 13] Size: 3 Evaluations: 32
[Task: 13] Size: 4 Evaluations: 28
[Task: 13] Size: 5 Evaluations: 180
[Task: 13] Size: 6 Evaluations: 185
[Task: 13] Size: 7 Evaluations: 637
[Task: 13] Size: 8 Evaluations: 965
[Task: 13] Size: 9 Evaluations: 2234
[Task: 13] Size: 10 Evaluations: 3698
[Task: 13] Benchmark: 37534494.sl
[Task: 13] Result: Success
[Task: 13] Program: (if_arg_0.Contain(_arg_2) then _arg_0 else _arg_1)
[Task: 13] Number of evaluations: 11835
[Task: 13] 2021-09-08 20:16:34.447248
[Task: 13] Time taken: 0:00:04.000856
[Task: 13] 
[Task: 14] Loading bustle model....
[Task: 14] Count: 14
[Task: 14] 
[Task: 14] 2021-09-08 20:16:30.453140
[Task: 14] Number of programs: 9
[Task: 14] Size: 0 Evaluations: 0
[Task: 14] Size: 1 Evaluations: 0
[Task: 14] Size: 2 Evaluations: 13
[Task: 14] Size: 3 Evaluations: 25
[Task: 14] Size: 4 Evaluations: 4
[Task: 14] Size: 5 Evaluations: 30
[Task: 14] Size: 6 Evaluations: 45
[Task: 14] Size: 7 Evaluations: 74
[Task: 14] Size: 8 Evaluations: 190
[Task: 14] Size: 9 Evaluations: 468
[Task: 14] Size: 10 Evaluations: 867
[Task: 14] Benchmark: 38664547.sl
[Task: 14] Result: Success
[Task: 14] Program: _arg_0.replace(_arg_0.replace("that", "").upper(), "that").replace("that", "")
[Task: 14] Number of evaluations: 2333
[Task: 14] 2021-09-08 20:16:32.273933
[Task: 14] Time taken: 0:00:01.811590
[Task: 14] 
[Task: 15] Loading bustle model....
[Task: 15] Count: 15
[Task: 15] 
[Task: 15] 2021-09-08 20:16:30.485440
[Task: 15] Number of programs: 10
[Task: 15] Size: 0 Evaluations: 0
[Task: 15] Size: 1 Evaluations: 0
[Task: 15] Size: 2 Evaluations: 13
[Task: 15] Size: 3 Evaluations: 27
[Task: 15] Size: 4 Evaluations: 16
[Task: 15] Size: 5 Evaluations: 62
[Task: 15] Size: 6 Evaluations: 57
[Task: 15] Size: 7 Evaluations: 113
[Task: 15] Size: 8 Evaluations: 233
[Task: 15] Size: 9 Evaluations: 340
[Task: 15] Size: 10 Evaluations: 684
[Task: 15] Size: 11 Evaluations: 1343
[Task: 15] Size: 12 Evaluations: 2346
[Task: 15] Size: 13 Evaluations: 3963
[Task: 15] Benchmark: 38871714.sl
[Task: 15] Result: Success
[Task: 15] Program: _arg_0.replace("<", "",-1).replace(">", "",-1)
[Task: 15] Number of evaluations: 12829
[Task: 15] 2021-09-08 20:16:34.936437
[Task: 15] Time taken: 0:00:04.449107
[Task: 15] 
[Task: 16] Loading bustle model....
[Task: 16] Count: 16
[Task: 16] 
[Task: 16] 2021-09-08 20:16:30.532061
[Task: 16] Number of programs: 9
[Task: 16] Size: 0 Evaluations: 0
[Task: 16] Size: 1 Evaluations: 0
[Task: 16] Size: 2 Evaluations: 12
[Task: 16] Size: 3 Evaluations: 20
[Task: 16] Size: 4 Evaluations: 10
[Task: 16] Size: 5 Evaluations: 44
[Task: 16] Size: 6 Evaluations: 38
[Task: 16] Size: 7 Evaluations: 93
[Task: 16] Size: 8 Evaluations: 180
[Task: 16] Size: 9 Evaluations: 317
[Task: 16] Size: 10 Evaluations: 609
[Task: 16] Size: 11 Evaluations: 1136
[Task: 16] Size: 12 Evaluations: 2228
[Task: 16] Size: 13 Evaluations: 4120
[Task: 16] Size: 14 Evaluations: 8466
[Task: 16] Benchmark: 39060015.sl
[Task: 16] Result: Success
[Task: 16] Program: _arg_0.replace("/", _arg_0[:_arg_0.IndexOf("/")],-1)[_arg_0.Length():]
[Task: 16] Number of evaluations: 24532
[Task: 16] 2021-09-08 20:16:38.143253
[Task: 16] Time taken: 0:00:07.611259
[Task: 16] 
[Task: 17] Loading bustle model....
[Task: 17] Count: 17
[Task: 17] 
[Task: 17] 2021-09-08 20:16:30.475969
[Task: 17] Number of programs: 9
[Task: 17] Size: 0 Evaluations: 0
[Task: 17] Size: 1 Evaluations: 0
[Task: 17] Size: 2 Evaluations: 14
[Task: 17] Size: 3 Evaluations: 24
[Task: 17] Size: 4 Evaluations: 31
[Task: 17] Size: 5 Evaluations: 94
[Task: 17] Size: 6 Evaluations: 213
[Task: 17] Size: 7 Evaluations: 584
[Task: 17] Size: 8 Evaluations: 1585
[Task: 17] Size: 9 Evaluations: 4553
[Task: 17] Benchmark: 41503046.sl
[Task: 17] Result: Success
[Task: 17] Program: _arg_0[:_arg_0.IndexOf(" ",("ssp.".Length() + "ssp.".Length()))]
[Task: 17] Number of evaluations: 15481
[Task: 17] 2021-09-08 20:16:35.525777
[Task: 17] Time taken: 0:00:05.043193
[Task: 17] 
[Task: 18] Loading bustle model....
[Task: 18] Count: 18
[Task: 18] 
[Task: 18] 2021-09-09 19:24:37.172456
[Task: 18] Number of programs: 17
[Task: 18] Size: 0 Evaluations: 0
[Task: 18] Size: 1 Evaluations: 0
[Task: 18] Size: 2 Evaluations: 28
[Task: 18] Size: 3 Evaluations: 153
[Task: 18] Size: 4 Evaluations: 126
[Task: 18] Size: 5 Evaluations: 205
[Task: 18] Size: 6 Evaluations: 575
[Task: 18] Size: 7 Evaluations: 883
[Task: 18] Size: 8 Evaluations: 1520
[Task: 18] Size: 9 Evaluations: 3053
[Task: 18] Size: 10 Evaluations: 5850
[Task: 18] Size: 11 Evaluations: 13556
[Task: 18] Size: 12 Evaluations: 33419
[Task: 18] Size: 13 Evaluations: 88354
[Task: 18] Size: 14 Evaluations: 175110
[Task: 18] Size: 15 Evaluations: 366889
[Task: 18] Size: 16 Evaluations: 793857
[Task: 18] Size: 17 Evaluations: 1543310
[Task: 18] Size: 18 Evaluations: 3207009
[Task: 19] Loading bustle model....
[Task: 19] Count: 19
[Task: 19] 
[Task: 19] 2021-09-08 20:16:30.394574
[Task: 19] Number of programs: 9
[Task: 19] Size: 0 Evaluations: 0
[Task: 19] Size: 1 Evaluations: 0
[Task: 19] Size: 2 Evaluations: 11
[Task: 19] Size: 3 Evaluations: 17
[Task: 19] Size: 4 Evaluations: 4
[Task: 19] Size: 5 Evaluations: 23
[Task: 19] Size: 6 Evaluations: 13
[Task: 19] Size: 7 Evaluations: 32
[Task: 19] Size: 8 Evaluations: 53
[Task: 19] Size: 9 Evaluations: 79
[Task: 19] Size: 10 Evaluations: 121
[Task: 19] Benchmark: 43606446.sl
[Task: 19] Result: Success
[Task: 19] Program: _arg_0.Substr((-1 - (1 + (1 + 1))),-1)
[Task: 19] Number of evaluations: 396
[Task: 19] 2021-09-08 20:16:31.169506
[Task: 19] Time taken: 0:00:00.767444
[Task: 19] 
[Task: 20] Loading bustle model....
[Task: 20] Count: 20
[Task: 20] 
[Task: 20] 2021-09-08 21:46:10.701809
[Task: 20] Number of programs: 11
[Task: 20] Size: 0 Evaluations: 0
[Task: 20] Size: 1 Evaluations: 0
[Task: 20] Size: 2 Evaluations: 22
[Task: 20] Size: 3 Evaluations: 47
[Task: 20] Size: 4 Evaluations: 67
[Task: 20] Size: 5 Evaluations: 277
[Task: 20] Size: 6 Evaluations: 439
[Task: 20] Size: 7 Evaluations: 1329
[Task: 20] Size: 8 Evaluations: 2074
[Task: 20] Benchmark: add-a-line-break-with-a-formula.sl
[Task: 20] Result: Success
[Task: 20] Program: concat(_arg_0, concat("/n", concat(_arg_1, concat("/n", _arg_2))))
[Task: 20] Number of evaluations: 4341
[Task: 20] 2021-09-08 21:46:12.994594
[Task: 20] Time taken: 0:00:02.291461
[Task: 20] 
[Task: 21] Loading bustle model....
[Task: 21] Count: 21
[Task: 21] 
[Task: 21] 2021-09-08 21:46:10.770545
[Task: 21] Number of programs: 10
[Task: 21] Size: 0 Evaluations: 0
[Task: 21] Size: 1 Evaluations: 0
[Task: 21] Size: 2 Evaluations: 13
[Task: 21] Size: 3 Evaluations: 35
[Task: 21] Size: 4 Evaluations: 49
[Task: 21] Benchmark: bikes.sl
[Task: 21] Result: Success
[Task: 21] Program: name[:(0 - 3)]
[Task: 21] Number of evaluations: 158
[Task: 21] 2021-09-08 21:46:11.142996
[Task: 21] Time taken: 0:00:00.368097
[Task: 21] 
[Task: 22] Loading bustle model....
[Task: 22] Count: 22
[Task: 22] 
[Task: 22] 2021-09-08 21:46:10.703635
[Task: 22] Number of programs: 9
[Task: 22] Size: 0 Evaluations: 0
[Task: 22] Size: 1 Evaluations: 0
[Task: 22] Size: 2 Evaluations: 10
[Task: 22] Size: 3 Evaluations: 19
[Task: 22] Benchmark: change-negative-numbers-to-positive.sl
[Task: 22] Result: Success
[Task: 22] Program: _arg_0.replace("-", "")
[Task: 22] Number of evaluations: 30
[Task: 22] 2021-09-08 21:46:10.977488
[Task: 22] Time taken: 0:00:00.272433
[Task: 22] 
[Task: 23] Loading bustle model....
[Task: 23] Count: 23
[Task: 23] 
[Task: 23] 2021-09-08 21:46:10.810414
[Task: 23] Number of programs: 13
[Task: 23] Size: 0 Evaluations: 0
[Task: 23] Size: 1 Evaluations: 0
[Task: 23] Size: 2 Evaluations: 14
[Task: 23] Size: 3 Evaluations: 61
[Task: 23] Size: 4 Evaluations: 60
[Task: 23] Size: 5 Evaluations: 110
[Task: 23] Size: 6 Evaluations: 144
[Task: 23] Size: 7 Evaluations: 306
[Task: 23] Size: 8 Evaluations: 508
[Task: 23] Size: 9 Evaluations: 872
[Task: 23] Size: 10 Evaluations: 3445
[Task: 23] Size: 11 Evaluations: 5954
[Task: 23] Size: 12 Evaluations: 14581
[Task: 23] Size: 13 Evaluations: 38282
[Task: 23] Size: 14 Evaluations: 75130
[Task: 23] Size: 15 Evaluations: 167090
[Task: 23] Size: 16 Evaluations: 463611
[Task: 23] Size: 17 Evaluations: 1020762
[Task: 23] Benchmark: clean-and-reformat-telephone-numbers.sl
[Task: 23] Result: Success
[Task: 23] Program: _arg_0.replace("-", "",-1).replace(".", "",-1).replace(" ", "").replace("<", "").replace(">", "")
[Task: 23] Number of evaluations: 2614895
[Task: 23] 2021-09-08 22:04:19.993485
[Task: 23] Time taken: 0:18:09.163023
[Task: 23] 
[Task: 24] Loading bustle model....
[Task: 24] Count: 24
[Task: 24] 
[Task: 24] 2021-09-08 21:46:10.802842
[Task: 24] Number of programs: 10
[Task: 24] Size: 0 Evaluations: 0
[Task: 24] Size: 1 Evaluations: 0
[Task: 24] Size: 2 Evaluations: 16
[Task: 24] Size: 3 Evaluations: 37
[Task: 24] Size: 4 Evaluations: 45
[Task: 24] Size: 5 Evaluations: 176
[Task: 24] Size: 6 Evaluations: 338
[Task: 24] Benchmark: create-email-address-from-name.sl
[Task: 24] Result: Success
[Task: 24] Program: concat(_arg_1.CharAt(0), concat(_arg_0, "_acme.com"))
[Task: 24] Number of evaluations: 734
[Task: 24] 2021-09-08 21:46:11.613835
[Task: 24] Time taken: 0:00:00.794634
[Task: 24] 
[Task: 25] Loading bustle model....
[Task: 25] Count: 25
[Task: 25] 
[Task: 25] 2021-09-08 21:46:10.729492
[Task: 25] Number of programs: 11
[Task: 25] Size: 0 Evaluations: 0
[Task: 25] Size: 1 Evaluations: 0
[Task: 25] Size: 2 Evaluations: 17
[Task: 25] Size: 3 Evaluations: 45
[Task: 25] Size: 4 Evaluations: 41
[Task: 25] Size: 5 Evaluations: 265
[Task: 25] Size: 6 Evaluations: 412
[Task: 25] Size: 7 Evaluations: 1343
[Task: 25] Size: 8 Evaluations: 2657
[Task: 25] Benchmark: create-email-address-with-name-and-domain.sl
[Task: 25] Result: Success
[Task: 25] Program: concat(_arg_0.CharAt(0), concat(_arg_1, concat("_", _arg_2)))
[Task: 25] Number of evaluations: 5290
[Task: 25] 2021-09-08 21:46:13.572823
[Task: 25] Time taken: 0:00:02.839754
[Task: 25] 
[Task: 26] Loading bustle model....
[Task: 26] Count: 26
[Task: 26] 
[Task: 26] 2021-09-08 21:46:10.750397
[Task: 26] Number of programs: 9
[Task: 26] Size: 0 Evaluations: 0
[Task: 26] Size: 1 Evaluations: 0
[Task: 26] Size: 2 Evaluations: 15
[Task: 26] Size: 3 Evaluations: 32
[Task: 26] Size: 4 Evaluations: 13
[Task: 26] Size: 5 Evaluations: 109
[Task: 26] Size: 6 Evaluations: 116
[Task: 26] Size: 7 Evaluations: 330
[Task: 26] Size: 8 Evaluations: 548
[Task: 26] Size: 9 Evaluations: 957
[Task: 26] Size: 10 Evaluations: 1841
[Task: 26] Benchmark: dr-name.sl
[Task: 26] Result: Success
[Task: 26] Program: concat("Dr.", concat(" ", name[:name.IndexOf(" ")]))
[Task: 26] Number of evaluations: 4188
[Task: 26] 2021-09-08 21:46:13.467705
[Task: 26] Time taken: 0:00:02.717206
[Task: 26] 
[Task: 27] Loading bustle model....
[Task: 27] Count: 27
[Task: 27] 
[Task: 27] 2021-09-08 21:46:10.789999
[Task: 27] Number of programs: 10
[Task: 27] Size: 0 Evaluations: 0
[Task: 27] Size: 1 Evaluations: 0
[Task: 27] Size: 2 Evaluations: 14
[Task: 27] Size: 3 Evaluations: 32
[Task: 27] Size: 4 Evaluations: 35
[Task: 27] Size: 5 Evaluations: 158
[Task: 27] Size: 6 Evaluations: 309
[Task: 27] Benchmark: exceljet1.sl
[Task: 27] Result: Success
[Task: 27] Program: _arg_1[(1 + _arg_1.IndexOf("_")):]
[Task: 27] Number of evaluations: 1177
[Task: 27] 2021-09-08 21:46:11.710514
[Task: 27] Time taken: 0:00:00.914820
[Task: 27] 
[Task: 28] Loading bustle model....
[Task: 28] Count: 28
[Task: 28] 
[Task: 28] 2021-09-08 21:46:10.816407
[Task: 28] Number of programs: 9
[Task: 28] Size: 0 Evaluations: 0
[Task: 28] Size: 1 Evaluations: 0
[Task: 28] Size: 2 Evaluations: 11
[Task: 28] Size: 3 Evaluations: 18
[Task: 28] Size: 4 Evaluations: 15
[Task: 28] Size: 5 Evaluations: 68
[Task: 28] Size: 6 Evaluations: 103
[Task: 28] Size: 7 Evaluations: 420
[Task: 28] Size: 8 Evaluations: 722
[Task: 28] Size: 9 Evaluations: 3060
[Task: 28] Benchmark: exceljet2.sl
[Task: 28] Result: Success
[Task: 28] Program: _arg_0[(-1 + (-1 + -1)):].replace(".", "")
[Task: 28] Number of evaluations: 6914
[Task: 28] 2021-09-08 21:46:14.264048
[Task: 28] Time taken: 0:00:03.431447
[Task: 28] 
[Task: 29] Loading bustle model....
[Task: 29] Count: 29
[Task: 29] 
[Task: 29] 2021-09-08 21:46:10.737469
[Task: 29] Number of programs: 9
[Task: 29] Size: 0 Evaluations: 0
[Task: 29] Size: 1 Evaluations: 0
[Task: 29] Size: 2 Evaluations: 11
[Task: 29] Size: 3 Evaluations: 19
[Task: 29] Size: 4 Evaluations: 19
[Task: 29] Size: 5 Evaluations: 78
[Task: 29] Size: 6 Evaluations: 143
[Task: 29] Size: 7 Evaluations: 508
[Task: 29] Benchmark: exceljet3.sl
[Task: 29] Result: Success
[Task: 29] Program: _arg_0[(1 + _arg_0.IndexOf("=")):].strip()
[Task: 29] Number of evaluations: 1342
[Task: 29] 2021-09-08 21:46:11.748464
[Task: 29] Time taken: 0:00:01.005489
[Task: 29] 
[Task: 30] Loading bustle model....
[Task: 30] Count: 30
[Task: 30] 
[Task: 30] 2021-09-08 21:46:10.740308
[Task: 30] Number of programs: 10
[Task: 30] Size: 0 Evaluations: 0
[Task: 30] Size: 1 Evaluations: 0
[Task: 30] Size: 2 Evaluations: 12
[Task: 30] Size: 3 Evaluations: 26
[Task: 30] Size: 4 Evaluations: 23
[Task: 30] Size: 5 Evaluations: 102
[Task: 30] Size: 6 Evaluations: 194
[Task: 30] Size: 7 Evaluations: 751
[Task: 30] Size: 8 Evaluations: 1617
[Task: 30] Benchmark: exceljet4.sl
[Task: 30] Result: Success
[Task: 30] Program: _arg_0[(1 + (1 + _arg_0.IndexOf("/"))):]
[Task: 30] Number of evaluations: 7388
[Task: 30] 2021-09-08 21:46:13.545362
[Task: 30] Time taken: 0:00:02.800555
[Task: 30] 
[Task: 31] Loading bustle model....
[Task: 31] Count: 31
[Task: 31] 
[Task: 31] 2021-09-08 21:46:10.766962
[Task: 31] Number of programs: 14
[Task: 31] Size: 0 Evaluations: 0
[Task: 31] Size: 1 Evaluations: 0
[Task: 31] Size: 2 Evaluations: 15
[Task: 31] Size: 3 Evaluations: 45
[Task: 31] Size: 4 Evaluations: 31
[Task: 31] Size: 5 Evaluations: 240
[Task: 31] Size: 6 Evaluations: 128
[Task: 31] Size: 7 Evaluations: 874
[Task: 31] Size: 8 Evaluations: 506
[Task: 31] Size: 9 Evaluations: 3356
[Task: 31] Size: 10 Evaluations: 2122
[Task: 31] Size: 11 Evaluations: 10539
[Task: 31] Size: 12 Evaluations: 12774
[Task: 31] Benchmark: extract-word-containing-specific-text.sl
[Task: 31] Result: Success
[Task: 31] Program: _arg_0[(_arg_0.IndexOf("_") - 4):][:(2 + _arg_0.IndexOf("_"))]
[Task: 31] Number of evaluations: 38691
[Task: 31] 2021-09-08 21:46:25.356385
[Task: 31] Time taken: 0:00:14.580830
[Task: 31] 
[Task: 32] Loading bustle model....
[Task: 32] Count: 32
[Task: 32] 
[Task: 32] 2021-09-08 21:46:10.771335
[Task: 32] Number of programs: 11
[Task: 32] Size: 0 Evaluations: 0
[Task: 32] Size: 1 Evaluations: 0
[Task: 32] Size: 2 Evaluations: 12
[Task: 32] Size: 3 Evaluations: 25
[Task: 32] Size: 4 Evaluations: 14
[Task: 32] Size: 5 Evaluations: 90
[Task: 32] Size: 6 Evaluations: 51
[Task: 32] Size: 7 Evaluations: 280
[Task: 32] Size: 8 Evaluations: 174
[Task: 32] Size: 9 Evaluations: 917
[Task: 32] Size: 10 Evaluations: 749
[Task: 32] Size: 11 Evaluations: 2993
[Task: 32] Size: 12 Evaluations: 3760
[Task: 32] Size: 13 Evaluations: 11975
[Task: 32] Size: 14 Evaluations: 20156
[Task: 32] Benchmark: extract-word-that-begins-with-specific-character.sl
[Task: 32] Result: Success
[Task: 32] Program: _arg_0[_arg_0.IndexOf("_"):][:concat(_arg_0[_arg_0.IndexOf("_"):], " ").IndexOf(" ")]
[Task: 32] Number of evaluations: 58008
[Task: 32] 2021-09-08 21:46:36.518996
[Task: 32] Time taken: 0:00:25.738212
[Task: 32] 
[Task: 33] Loading bustle model....
[Task: 33] Count: 33
[Task: 33] 
[Task: 33] 2021-09-08 21:46:10.774571
[Task: 33] Number of programs: 7
[Task: 33] Size: 0 Evaluations: 0
[Task: 33] Size: 1 Evaluations: 0
[Task: 33] Size: 2 Evaluations: 10
[Task: 33] Size: 3 Evaluations: 17
[Task: 33] Size: 4 Evaluations: 16
[Task: 33] Benchmark: firstname.sl
[Task: 33] Result: Success
[Task: 33] Program: name[:name.IndexOf(" ")]
[Task: 33] Number of evaluations: 75
[Task: 33] 2021-09-08 21:46:11.234422
[Task: 33] Time taken: 0:00:00.454237
[Task: 33] 
[Task: 34] Loading bustle model....
[Task: 34] Count: 34
[Task: 34] 
[Task: 34] 2021-09-08 21:46:10.811444
[Task: 34] Number of programs: 10
[Task: 34] Size: 0 Evaluations: 0
[Task: 34] Size: 1 Evaluations: 0
[Task: 34] Size: 2 Evaluations: 14
[Task: 34] Size: 3 Evaluations: 31
[Task: 34] Size: 4 Evaluations: 33
[Task: 34] Benchmark: get-domain-from-email-address_2.sl
[Task: 34] Result: Success
[Task: 34] Program: _arg_1[:_arg_1.IndexOf("_")]
[Task: 34] Number of evaluations: 159
[Task: 34] 2021-09-08 21:46:11.249196
[Task: 34] Time taken: 0:00:00.425945
[Task: 34] 
[Task: 35] Loading bustle model....
[Task: 35] Count: 35
[Task: 35] 
[Task: 35] 2021-09-09 19:24:37.189055
[Task: 35] Number of programs: 11
[Task: 35] Size: 0 Evaluations: 0
[Task: 35] Size: 1 Evaluations: 0
[Task: 35] Size: 2 Evaluations: 13
[Task: 35] Size: 3 Evaluations: 29
[Task: 35] Size: 4 Evaluations: 19
[Task: 35] Size: 5 Evaluations: 145
[Task: 35] Size: 6 Evaluations: 94
[Task: 35] Size: 7 Evaluations: 516
[Task: 35] Size: 8 Evaluations: 377
[Task: 35] Size: 9 Evaluations: 1752
[Task: 35] Size: 10 Evaluations: 1238
[Task: 35] Size: 11 Evaluations: 5192
[Task: 35] Size: 12 Evaluations: 5608
[Task: 35] Size: 13 Evaluations: 15882
[Task: 35] Size: 14 Evaluations: 25957
[Task: 35] Size: 15 Evaluations: 52101
[Task: 35] Size: 16 Evaluations: 121632
[Task: 35] Size: 17 Evaluations: 191534
[Task: 35] Size: 18 Evaluations: 527074
[Task: 35] Size: 19 Evaluations: 732929
[Task: 35] Size: 20 Evaluations: 2104500
[Task: 35] Size: 21 Evaluations: 2873662
[Task: 36] Loading bustle model....
[Task: 36] Count: 36
[Task: 36] 
[Task: 36] 2021-09-08 21:46:10.783596
[Task: 36] Number of programs: 8
[Task: 36] Size: 0 Evaluations: 0
[Task: 36] Size: 1 Evaluations: 0
[Task: 36] Size: 2 Evaluations: 11
[Task: 36] Size: 3 Evaluations: 13
[Task: 36] Size: 4 Evaluations: 17
[Task: 36] Benchmark: get-first-name-from-name.sl
[Task: 36] Result: Success
[Task: 36] Program: _arg_0[:_arg_0.IndexOf(" ")]
[Task: 36] Number of evaluations: 66
[Task: 36] 2021-09-08 21:46:11.194246
[Task: 36] Time taken: 0:00:00.398962
[Task: 36] 
[Task: 37] Loading bustle model....
[Task: 37] Count: 37
[Task: 37] 
[Task: 37] 2021-09-08 21:46:10.733462
[Task: 37] Number of programs: 8
[Task: 37] Size: 0 Evaluations: 0
[Task: 37] Size: 1 Evaluations: 0
[Task: 37] Size: 2 Evaluations: 11
[Task: 37] Size: 3 Evaluations: 13
[Task: 37] Size: 4 Evaluations: 14
[Task: 37] Size: 5 Evaluations: 44
[Task: 37] Size: 6 Evaluations: 77
[Task: 37] Size: 7 Evaluations: 244
[Task: 37] Benchmark: get-first-word.sl
[Task: 37] Result: Success
[Task: 37] Program: _arg_0[:_arg_0.replace(" ", _arg_0).IndexOf(_arg_0)]
[Task: 37] Number of evaluations: 774
[Task: 37] 2021-09-08 21:46:11.426882
[Task: 37] Time taken: 0:00:00.689841
[Task: 37] 
[Task: 38] Loading bustle model....
[Task: 38] Count: 38
[Task: 38] 
[Task: 38] 2021-09-09 19:24:37.115268
[Task: 38] Number of programs: 9
[Task: 38] Size: 0 Evaluations: 0
[Task: 38] Size: 1 Evaluations: 0
[Task: 38] Size: 2 Evaluations: 14
[Task: 38] Size: 3 Evaluations: 18
[Task: 38] Size: 4 Evaluations: 8
[Task: 38] Size: 5 Evaluations: 43
[Task: 38] Size: 6 Evaluations: 57
[Task: 38] Size: 7 Evaluations: 77
[Task: 38] Size: 8 Evaluations: 206
[Task: 38] Size: 9 Evaluations: 403
[Task: 38] Size: 10 Evaluations: 524
[Task: 38] Size: 11 Evaluations: 1321
[Task: 38] Size: 12 Evaluations: 2508
[Task: 38] Size: 13 Evaluations: 3872
[Task: 38] Size: 14 Evaluations: 8163
[Task: 38] Size: 15 Evaluations: 16616
[Task: 38] Size: 16 Evaluations: 28103
[Task: 38] Size: 17 Evaluations: 55096
[Task: 38] Size: 18 Evaluations: 114212
[Task: 38] Size: 19 Evaluations: 205474
[Task: 38] Size: 20 Evaluations: 394979
[Task: 38] Size: 21 Evaluations: 808673
[Task: 38] Size: 22 Evaluations: 1533070
[Task: 38] Size: 23 Evaluations: 2926672
[Task: 39] Loading bustle model....
[Task: 39] Count: 39
[Task: 39] 
[Task: 39] 2021-09-08 23:11:19.304164
[Task: 39] Number of programs: 8
[Task: 39] Size: 0 Evaluations: 0
[Task: 39] Size: 1 Evaluations: 0
[Task: 39] Size: 2 Evaluations: 11
[Task: 39] Size: 3 Evaluations: 13
[Task: 39] Size: 4 Evaluations: 17
[Task: 39] Size: 5 Evaluations: 52
[Task: 39] Benchmark: get-last-name-from-name.sl
[Task: 39] Result: Success
[Task: 39] Program: _arg_0[_arg_0.IndexOf(" "):].strip()
[Task: 39] Number of evaluations: 133
[Task: 39] 2021-09-08 23:11:19.757575
[Task: 39] Time taken: 0:00:00.453403
[Task: 39] 
[Task: 40] Loading bustle model....
[Task: 40] Count: 40
[Task: 40] 
[Task: 40] 2021-09-08 23:11:19.422597
[Task: 40] Number of programs: 9
[Task: 40] Size: 0 Evaluations: 0
[Task: 40] Size: 1 Evaluations: 0
[Task: 40] Size: 2 Evaluations: 11
[Task: 40] Size: 3 Evaluations: 19
[Task: 40] Size: 4 Evaluations: 14
[Task: 40] Size: 5 Evaluations: 52
[Task: 40] Size: 6 Evaluations: 50
[Task: 40] Size: 7 Evaluations: 139
[Task: 40] Size: 8 Evaluations: 129
[Task: 40] Size: 9 Evaluations: 371
[Task: 40] Size: 10 Evaluations: 577
[Task: 40] Size: 11 Evaluations: 1075
[Task: 40] Size: 12 Evaluations: 2002
[Task: 40] Size: 13 Evaluations: 3426
[Task: 40] Benchmark: get-last-name-from-name-with-comma.sl
[Task: 40] Result: Success
[Task: 40] Program: concat(concat(_arg_0[(1 + _arg_0.IndexOf(",")):], ","), _arg_0)[:_arg_0.Length()]
[Task: 40] Number of evaluations: 10150
[Task: 40] 2021-09-08 23:11:25.637775
[Task: 40] Time taken: 0:00:06.215134
[Task: 40] 
[Task: 41] Loading bustle model....
[Task: 41] Count: 41
[Task: 41] 
[Task: 41] 2021-09-08 23:11:19.319771
[Task: 41] Number of programs: 8
[Task: 41] Size: 0 Evaluations: 0
[Task: 41] Size: 1 Evaluations: 0
[Task: 41] Size: 2 Evaluations: 10
[Task: 41] Size: 3 Evaluations: 13
[Task: 41] Size: 4 Evaluations: 12
[Task: 41] Size: 5 Evaluations: 42
[Task: 41] Size: 6 Evaluations: 70
[Task: 41] Size: 7 Evaluations: 233
[Task: 41] Size: 8 Evaluations: 416
[Task: 41] Benchmark: get-last-word.sl
[Task: 41] Result: Success
[Task: 41] Program: _arg_0[(-1 + (-1 + (-1 + -1))):]
[Task: 41] Number of evaluations: 1705
[Task: 41] 2021-09-08 23:11:20.392646
[Task: 41] Time taken: 0:00:01.072812
[Task: 41] 
[Task: 42] Loading bustle model....
[Task: 42] Count: 42
[Task: 42] 
[Task: 42] 2021-09-08 23:11:19.408206
[Task: 42] Number of programs: 8
[Task: 42] Size: 0 Evaluations: 0
[Task: 42] Size: 1 Evaluations: 0
[Task: 42] Size: 2 Evaluations: 10
[Task: 42] Size: 3 Evaluations: 13
[Task: 42] Size: 4 Evaluations: 5
[Task: 42] Size: 5 Evaluations: 27
[Task: 42] Size: 6 Evaluations: 16
[Task: 42] Size: 7 Evaluations: 53
[Task: 42] Size: 8 Evaluations: 44
[Task: 42] Size: 9 Evaluations: 94
[Task: 42] Size: 10 Evaluations: 151
[Task: 42] Size: 11 Evaluations: 232
[Task: 42] Size: 12 Evaluations: 408
[Task: 42] Size: 13 Evaluations: 572
[Task: 42] Size: 14 Evaluations: 1203
[Task: 42] Size: 15 Evaluations: 1553
[Task: 42] Size: 16 Evaluations: 3506
[Task: 42] Size: 17 Evaluations: 5336
[Task: 42] Benchmark: get-middle-name-from-full-name.sl
[Task: 42] Result: Success
[Task: 42] Program: _arg_0.Substr(_arg_0.IndexOf(" "),(-1 + (-1 + (-1 + (-1 + (-1 + -1)))))).strip()
[Task: 42] Number of evaluations: 16061
[Task: 42] 2021-09-08 23:11:28.920195
[Task: 42] Time taken: 0:00:09.511912
[Task: 42] 
[Task: 43] Loading bustle model....
[Task: 43] Count: 43
[Task: 43] 
[Task: 43] 2021-09-09 19:24:37.128364
[Task: 43] Number of programs: 8
[Task: 43] Size: 0 Evaluations: 0
[Task: 43] Size: 1 Evaluations: 0
[Task: 43] Size: 2 Evaluations: 11
[Task: 43] Size: 3 Evaluations: 22
[Task: 43] Size: 4 Evaluations: 5
[Task: 43] Size: 5 Evaluations: 37
[Task: 43] Size: 6 Evaluations: 26
[Task: 43] Size: 7 Evaluations: 76
[Task: 43] Size: 8 Evaluations: 91
[Task: 43] Size: 9 Evaluations: 137
[Task: 43] Size: 10 Evaluations: 220
[Task: 43] Size: 11 Evaluations: 294
[Task: 43] Size: 12 Evaluations: 585
[Task: 43] Size: 13 Evaluations: 775
[Task: 43] Size: 14 Evaluations: 1770
[Task: 43] Size: 15 Evaluations: 2415
[Task: 43] Size: 16 Evaluations: 4701
[Task: 43] Size: 17 Evaluations: 7365
[Task: 43] Size: 18 Evaluations: 12550
[Task: 43] Size: 19 Evaluations: 21394
[Task: 43] Size: 20 Evaluations: 33476
[Task: 43] Benchmark: initials.sl
[Task: 43] Result: Success
[Task: 43] Program: concat(name.CharAt(0), concat(".", concat(name.CharAt((1 + name.IndexOf(" "))), ".")))
[Task: 43] Number of evaluations: 90655
[Task: 43] 2021-09-09 19:25:40.875531
[Task: 43] Time taken: 0:01:03.747167
[Task: 43] 
[Task: 44] Loading bustle model....
[Task: 44] Count: 44
[Task: 44] 
[Task: 44] 2021-09-08 23:11:19.350268
[Task: 44] Number of programs: 11
[Task: 44] Size: 0 Evaluations: 0
[Task: 44] Size: 1 Evaluations: 0
[Task: 44] Size: 2 Evaluations: 17
[Task: 44] Size: 3 Evaluations: 42
[Task: 44] Size: 4 Evaluations: 45
[Task: 44] Size: 5 Evaluations: 292
[Task: 44] Size: 6 Evaluations: 403
[Task: 44] Size: 7 Evaluations: 1488
[Task: 44] Size: 8 Evaluations: 2503
[Task: 44] Size: 9 Evaluations: 6150
[Task: 44] Size: 10 Evaluations: 12394
[Task: 44] Size: 11 Evaluations: 26684
[Task: 44] Size: 12 Evaluations: 59897
[Task: 44] Size: 13 Evaluations: 130279
[Task: 44] Size: 14 Evaluations: 281817
[Task: 44] Benchmark: join-cells-with-comma.sl
[Task: 44] Result: Success
[Task: 44] Program: concat(_arg_0, concat(_arg_1.replace("".strip(), concat(",", " ")), concat(",", concat(" ", _arg_2))))
[Task: 44] Number of evaluations: 551516
[Task: 44] 2021-09-08 23:16:12.863833
[Task: 44] Time taken: 0:04:53.513511
[Task: 44] 
[Task: 45] Loading bustle model....
[Task: 45] Count: 45
[Task: 45] 
[Task: 45] 2021-09-09 00:27:18.573917
[Task: 45] Number of programs: 9
[Task: 45] Size: 0 Evaluations: 0
[Task: 45] Size: 1 Evaluations: 0
[Task: 45] Size: 2 Evaluations: 13
[Task: 45] Size: 3 Evaluations: 22
[Task: 45] Size: 4 Evaluations: 16
[Task: 45] Benchmark: join-first-and-last-name.sl
[Task: 45] Result: Success
[Task: 45] Program: concat(_arg_0, concat(" ", _arg_1))
[Task: 45] Number of evaluations: 64
[Task: 45] 2021-09-09 00:27:18.897976
[Task: 45] Time taken: 0:00:00.324042
[Task: 45] 
[Task: 46] Loading bustle model....
[Task: 46] Count: 46
[Task: 46] 
[Task: 46] 2021-09-09 00:29:43.623671
[Task: 46] Number of programs: 6
[Task: 46] Size: 0 Evaluations: 0
[Task: 46] Size: 1 Evaluations: 0
[Task: 46] Size: 2 Evaluations: 9
[Task: 46] Size: 3 Evaluations: 11
[Task: 46] Size: 4 Evaluations: 14
[Task: 46] Size: 5 Evaluations: 32
[Task: 46] Benchmark: lastname.sl
[Task: 46] Result: Success
[Task: 46] Program: name[name.IndexOf(" "):].strip()
[Task: 46] Number of evaluations: 87
[Task: 46] 2021-09-09 00:29:44.074603
[Task: 46] Time taken: 0:00:00.450921
[Task: 46] 
[Task: 47] Loading bustle model....
[Task: 47] Count: 47
[Task: 47] 
[Task: 47] 2021-09-09 01:36:24.153987
[Task: 47] Number of programs: 10
[Task: 47] Size: 0 Evaluations: 0
[Task: 47] Size: 1 Evaluations: 0
[Task: 47] Size: 2 Evaluations: 15
[Task: 47] Size: 3 Evaluations: 37
[Task: 47] Size: 4 Evaluations: 31
[Task: 47] Size: 5 Evaluations: 141
[Task: 47] Size: 6 Evaluations: 212
[Task: 47] Size: 7 Evaluations: 239
[Task: 47] Size: 8 Evaluations: 451
[Task: 47] Benchmark: most-frequently-occurring-text.sl
[Task: 47] Result: Success
[Task: 47] Program: _arg_1.replace(_arg_1.replace(_arg_2.strip(), _arg_1.upper()), _arg_0)
[Task: 47] Number of evaluations: 1309
[Task: 47] 2021-09-09 01:36:25.340477
[Task: 47] Time taken: 0:00:01.185217
[Task: 47] 
[Task: 48] Loading bustle model....
[Task: 48] Count: 48
[Task: 48] 
[Task: 48] 2021-09-09 01:36:24.197046
[Task: 48] Number of programs: 9
[Task: 48] Size: 0 Evaluations: 0
[Task: 48] Size: 1 Evaluations: 0
[Task: 48] Size: 2 Evaluations: 15
[Task: 48] Size: 3 Evaluations: 34
[Task: 48] Size: 4 Evaluations: 27
[Task: 48] Size: 5 Evaluations: 122
[Task: 48] Size: 6 Evaluations: 195
[Task: 48] Size: 7 Evaluations: 383
[Task: 48] Size: 8 Evaluations: 671
[Task: 48] Benchmark: name-combine-2.sl
[Task: 48] Result: Success
[Task: 48] Program: concat(firstname, concat(" ", concat(lastname.CharAt(0), ".")))
[Task: 48] Number of evaluations: 1486
[Task: 48] 2021-09-09 01:36:25.494507
[Task: 48] Time taken: 0:00:01.297378
[Task: 48] 
[Task: 49] Loading bustle model....
[Task: 49] Count: 49
[Task: 49] 
[Task: 49] 2021-09-09 01:36:24.209649
[Task: 49] Number of programs: 9
[Task: 49] Size: 0 Evaluations: 0
[Task: 49] Size: 1 Evaluations: 0
[Task: 49] Size: 2 Evaluations: 15
[Task: 49] Size: 3 Evaluations: 35
[Task: 49] Size: 4 Evaluations: 35
[Task: 49] Size: 5 Evaluations: 145
[Task: 49] Size: 6 Evaluations: 242
[Task: 49] Size: 7 Evaluations: 634
[Task: 49] Size: 8 Evaluations: 1220
[Task: 49] Benchmark: name-combine-3.sl
[Task: 49] Result: Success
[Task: 49] Program: concat(firstname.CharAt(0), concat(".", concat(" ", lastname)))
[Task: 49] Number of evaluations: 2488
[Task: 49] 2021-09-09 01:36:26.111799
[Task: 49] Time taken: 0:00:01.902659
[Task: 49] 
[Task: 50] Loading bustle model....
[Task: 50] Count: 50
[Task: 50] 
[Task: 50] 2021-09-09 01:36:24.182724
[Task: 50] Number of programs: 10
[Task: 50] Size: 0 Evaluations: 0
[Task: 50] Size: 1 Evaluations: 0
[Task: 50] Size: 2 Evaluations: 16
[Task: 50] Size: 3 Evaluations: 43
[Task: 50] Size: 4 Evaluations: 11
[Task: 50] Size: 5 Evaluations: 149
[Task: 50] Size: 6 Evaluations: 57
[Task: 50] Size: 7 Evaluations: 362
[Task: 50] Size: 8 Evaluations: 279
[Task: 50] Size: 9 Evaluations: 617
[Task: 50] Size: 10 Evaluations: 889
[Task: 50] Benchmark: name-combine-4.sl
[Task: 50] Result: Success
[Task: 50] Program: concat(lastname, concat(",", concat(" ", concat(firstname.CharAt(0), "."))))
[Task: 50] Number of evaluations: 2466
[Task: 50] 2021-09-09 01:36:27.073813
[Task: 50] Time taken: 0:00:02.891058
[Task: 50] 
[Task: 51] Loading bustle model....
[Task: 51] Count: 51
[Task: 51] 
[Task: 51] 2021-09-09 01:36:24.182602
[Task: 51] Number of programs: 8
[Task: 51] Size: 0 Evaluations: 0
[Task: 51] Size: 1 Evaluations: 0
[Task: 51] Size: 2 Evaluations: 14
[Task: 51] Size: 3 Evaluations: 27
[Task: 51] Size: 4 Evaluations: 44
[Task: 51] Benchmark: name-combine.sl
[Task: 51] Result: Success
[Task: 51] Program: concat(firstname, concat(" ", lastname))
[Task: 51] Number of evaluations: 99
[Task: 51] 2021-09-09 01:36:24.647350
[Task: 51] Time taken: 0:00:00.464699
[Task: 51] 
[Task: 52] Loading bustle model....
[Task: 52] Count: 52
[Task: 52] 
[Task: 52] 2021-09-09 19:24:37.135499
[Task: 52] Number of programs: 15
[Task: 52] Size: 0 Evaluations: 0
[Task: 52] Size: 1 Evaluations: 0
[Task: 52] Size: 2 Evaluations: 16
[Task: 52] Size: 3 Evaluations: 81
[Task: 52] Size: 4 Evaluations: 69
[Task: 52] Size: 5 Evaluations: 345
[Task: 52] Size: 6 Evaluations: 386
[Task: 52] Size: 7 Evaluations: 1553
[Task: 52] Size: 8 Evaluations: 1649
[Task: 52] Size: 9 Evaluations: 5231
[Task: 52] Size: 10 Evaluations: 7991
[Task: 52] Size: 11 Evaluations: 20803
[Task: 52] Size: 12 Evaluations: 43065
[Task: 52] Size: 13 Evaluations: 92399
[Task: 52] Size: 14 Evaluations: 233177
[Task: 52] Size: 15 Evaluations: 466018
[Task: 52] Size: 16 Evaluations: 1221171
[Task: 53] Count: 53
[Task: 53] 
[Task: 53] 2021-09-09 01:36:24.176074
[Task: 53] Number of programs: 10
[Task: 53] Size: 0 Evaluations: 0
[Task: 53] Size: 1 Evaluations: 0
[Task: 53] Size: 2 Evaluations: 11
[Task: 53] Size: 3 Evaluations: 35
[Task: 53] Size: 4 Evaluations: 29
[Task: 53] Benchmark: phone-1.sl
[Task: 53] Result: Success
[Task: 53] Program: name[4:][:3]
[Task: 53] Number of evaluations: 109
[Task: 53] 2021-09-09 01:36:24.659290
[Task: 53] Time taken: 0:00:00.483203
[Task: 53] 
[Task: 53] Loading bustle model....
[Task: 53] Count: 53
[Task: 53] 
[Task: 53] 2021-09-09 19:24:37.121255
[Task: 53] Number of programs: 10
[Task: 53] Size: 0 Evaluations: 0
[Task: 53] Size: 1 Evaluations: 0
[Task: 53] Size: 2 Evaluations: 11
[Task: 53] Size: 3 Evaluations: 35
[Task: 53] Size: 4 Evaluations: 29
[Task: 53] Benchmark: phone-1.sl
[Task: 53] Result: Success
[Task: 53] Program: name[4:][:3]
[Task: 53] Number of evaluations: 109
[Task: 53] 2021-09-09 19:24:37.581977
[Task: 53] Time taken: 0:00:00.460709
[Task: 53] 
[Task: 54] Loading bustle model....
[Task: 54] Count: 54
[Task: 54] 
[Task: 54] 2021-09-09 01:36:24.155942
[Task: 54] Number of programs: 10
[Task: 54] Size: 0 Evaluations: 0
[Task: 54] Size: 1 Evaluations: 0
[Task: 54] Size: 2 Evaluations: 11
[Task: 54] Size: 3 Evaluations: 34
[Task: 54] Size: 4 Evaluations: 23
[Task: 54] Benchmark: phone-2.sl
[Task: 54] Result: Success
[Task: 54] Program: name[(3 + 5):]
[Task: 54] Number of evaluations: 122
[Task: 54] 2021-09-09 01:36:24.661482
[Task: 54] Time taken: 0:00:00.504384
[Task: 54] 
[Task: 55] Loading bustle model....
[Task: 55] Count: 55
[Task: 55] 
[Task: 55] 2021-09-09 01:47:30.180060
[Task: 55] Number of programs: 13
[Task: 55] Size: 0 Evaluations: 0
[Task: 55] Size: 1 Evaluations: 0
[Task: 55] Size: 2 Evaluations: 14
[Task: 55] Size: 3 Evaluations: 55
[Task: 55] Size: 4 Evaluations: 49
[Task: 55] Size: 5 Evaluations: 274
[Task: 55] Size: 6 Evaluations: 324
[Task: 55] Size: 7 Evaluations: 1419
[Task: 55] Size: 8 Evaluations: 1616
[Task: 55] Benchmark: phone-3.sl
[Task: 55] Result: Success
[Task: 55] Program: concat("(", name.replace("-", concat(")", " ")))
[Task: 55] Number of evaluations: 3783
[Task: 55] 2021-09-09 01:47:33.347367
[Task: 55] Time taken: 0:00:03.161864
[Task: 55] 
[Task: 56] Loading bustle model....
[Task: 56] Count: 56
[Task: 56] 
[Task: 56] 2021-09-09 01:47:30.202462
[Task: 56] Number of programs: 14
[Task: 56] Size: 0 Evaluations: 0
[Task: 56] Size: 1 Evaluations: 0
[Task: 56] Size: 2 Evaluations: 15
[Task: 56] Size: 3 Evaluations: 66
[Task: 56] Size: 4 Evaluations: 51
[Task: 56] Benchmark: phone-4.sl
[Task: 56] Result: Success
[Task: 56] Program: name.replace("-", ".",2)
[Task: 56] Number of evaluations: 235
[Task: 56] 2021-09-09 01:47:30.707801
[Task: 56] Time taken: 0:00:00.496507
[Task: 56] 
[Task: 57] Loading bustle model....
[Task: 57] Count: 57
[Task: 57] 
[Task: 57] 2021-09-09 01:47:30.188533
[Task: 57] Number of programs: 13
[Task: 57] Size: 0 Evaluations: 0
[Task: 57] Size: 1 Evaluations: 0
[Task: 57] Size: 2 Evaluations: 14
[Task: 57] Size: 3 Evaluations: 56
[Task: 57] Size: 4 Evaluations: 41
[Task: 57] Size: 5 Evaluations: 267
[Task: 57] Benchmark: phone-5.sl
[Task: 57] Result: Success
[Task: 57] Program: name.Substr(1,name.IndexOf(" "))
[Task: 57] Number of evaluations: 442
[Task: 57] 2021-09-09 01:47:30.814601
[Task: 57] Time taken: 0:00:00.620511
[Task: 57] 
[Task: 58] Loading bustle model....
[Task: 58] Count: 58
[Task: 58] 
[Task: 58] 2021-09-09 01:47:30.164666
[Task: 58] Number of programs: 13
[Task: 58] Size: 0 Evaluations: 0
[Task: 58] Size: 1 Evaluations: 0
[Task: 58] Size: 2 Evaluations: 14
[Task: 58] Size: 3 Evaluations: 57
[Task: 58] Size: 4 Evaluations: 47
[Task: 58] Size: 5 Evaluations: 244
[Task: 58] Size: 6 Evaluations: 261
[Task: 58] Size: 7 Evaluations: 988
[Task: 58] Size: 8 Evaluations: 966
[Task: 58] Benchmark: phone-6.sl
[Task: 58] Result: Success
[Task: 58] Program: name.Substr(name.IndexOf(" "),name.IndexOf("-")).strip()
[Task: 58] Number of evaluations: 3178
[Task: 58] 2021-09-09 01:47:32.473959
[Task: 58] Time taken: 0:00:02.303293
[Task: 58] 
[Task: 59] Loading bustle model....
[Task: 59] Count: 59
[Task: 59] 
[Task: 59] 2021-09-09 01:47:30.173502
[Task: 59] Number of programs: 13
[Task: 59] Size: 0 Evaluations: 0
[Task: 59] Size: 1 Evaluations: 0
[Task: 59] Size: 2 Evaluations: 14
[Task: 59] Size: 3 Evaluations: 57
[Task: 59] Size: 4 Evaluations: 46
[Task: 59] Size: 5 Evaluations: 232
[Task: 59] Size: 6 Evaluations: 208
[Task: 59] Size: 7 Evaluations: 903
[Task: 59] Size: 8 Evaluations: 731
[Task: 59] Benchmark: phone-7.sl
[Task: 59] Result: Success
[Task: 59] Program: name[(1 + name.IndexOf("-")):][:3]
[Task: 59] Number of evaluations: 2686
[Task: 59] 2021-09-09 01:47:32.237605
[Task: 59] Time taken: 0:00:02.053905
[Task: 59] 
[Task: 60] Loading bustle model....
[Task: 60] Count: 60
[Task: 60] 
[Task: 60] 2021-09-09 01:47:30.189948
[Task: 60] Number of programs: 13
[Task: 60] Size: 0 Evaluations: 0
[Task: 60] Size: 1 Evaluations: 0
[Task: 60] Size: 2 Evaluations: 14
[Task: 60] Size: 3 Evaluations: 56
[Task: 60] Size: 4 Evaluations: 34
[Task: 60] Benchmark: phone-8.sl
[Task: 60] Result: Success
[Task: 60] Program: name[(0 - 3):]
[Task: 60] Number of evaluations: 170
[Task: 60] 2021-09-09 01:47:30.719772
[Task: 60] Time taken: 0:00:00.522983
[Task: 60] 
[Task: 61] Loading bustle model....
[Task: 61] Count: 61
[Task: 61] 
[Task: 61] 2021-09-09 01:47:30.165253
[Task: 61] Number of programs: 13
[Task: 61] Size: 0 Evaluations: 0
[Task: 61] Size: 1 Evaluations: 0
[Task: 61] Size: 2 Evaluations: 14
[Task: 61] Size: 3 Evaluations: 57
[Task: 61] Size: 4 Evaluations: 59
[Task: 61] Size: 5 Evaluations: 261
[Task: 61] Size: 6 Evaluations: 310
[Task: 61] Size: 7 Evaluations: 1138
[Task: 61] Size: 8 Evaluations: 1261
[Task: 61] Size: 9 Evaluations: 3744
[Task: 61] Size: 10 Evaluations: 7050
[Task: 61] Size: 11 Evaluations: 16465
[Task: 61] Size: 12 Evaluations: 36853
[Task: 61] Size: 13 Evaluations: 76492
[Task: 61] Size: 14 Evaluations: 185853
[Task: 61] Benchmark: phone-9.sl
[Task: 61] Result: Success
[Task: 61] Program: name.replace("-", ".",2).replace(" ", ".")[1:]
[Task: 61] Number of evaluations: 422021
[Task: 61] 2021-09-09 01:53:33.199016
[Task: 61] Time taken: 0:06:03.030826
[Task: 61] 
[Task: 62] Loading bustle model....
[Task: 62] Count: 62
[Task: 62] 
[Task: 62] 2021-09-09 01:47:30.224387
[Task: 62] Number of programs: 10
[Task: 62] Size: 0 Evaluations: 0
[Task: 62] Size: 1 Evaluations: 0
[Task: 62] Size: 2 Evaluations: 11
[Task: 62] Benchmark: phone.sl
[Task: 62] Result: Success
[Task: 62] Program: name[:3]
[Task: 62] Number of evaluations: 23
[Task: 62] 2021-09-09 01:47:30.512617
[Task: 62] Time taken: 0:00:00.285808
[Task: 62] 
[Task: 63] Loading bustle model....
[Task: 63] Count: 63
[Task: 63] 
[Task: 63] 2021-09-09 01:47:30.181036
[Task: 63] Number of programs: 9
[Task: 63] Size: 0 Evaluations: 0
[Task: 63] Size: 1 Evaluations: 0
[Task: 63] Size: 2 Evaluations: 11
[Task: 63] Size: 3 Evaluations: 19
[Task: 63] Size: 4 Evaluations: 17
[Task: 63] Benchmark: remove-file-extension-from-filename.sl
[Task: 63] Result: Success
[Task: 63] Program: _arg_0[:_arg_0.IndexOf(".")]
[Task: 63] Number of evaluations: 81
[Task: 63] 2021-09-09 01:47:30.623391
[Task: 63] Time taken: 0:00:00.436816
[Task: 63] 
[Task: 64] Loading bustle model....
[Task: 64] Count: 64
[Task: 64] 
[Task: 64] 2021-09-09 19:24:37.185704
[Task: 64] Number of programs: 8
[Task: 64] Size: 0 Evaluations: 0
[Task: 64] Size: 1 Evaluations: 0
[Task: 64] Size: 2 Evaluations: 11
[Task: 64] Size: 3 Evaluations: 13
[Task: 64] Size: 4 Evaluations: 7
[Task: 64] Size: 5 Evaluations: 31
[Task: 64] Size: 6 Evaluations: 42
[Task: 64] Size: 7 Evaluations: 58
[Task: 64] Size: 8 Evaluations: 146
[Task: 64] Size: 9 Evaluations: 196
[Task: 64] Size: 10 Evaluations: 313
[Task: 64] Size: 11 Evaluations: 709
[Task: 64] Size: 12 Evaluations: 1084
[Task: 64] Size: 13 Evaluations: 1972
[Task: 64] Size: 14 Evaluations: 3751
[Task: 64] Size: 15 Evaluations: 6471
[Task: 64] Size: 16 Evaluations: 11302
[Task: 64] Size: 17 Evaluations: 20763
[Task: 64] Size: 18 Evaluations: 36534
[Task: 64] Size: 19 Evaluations: 64621
[Task: 64] Size: 20 Evaluations: 120099
[Task: 64] Size: 21 Evaluations: 212356
[Task: 64] Benchmark: remove-leading-and-trailing-spaces-from-text.sl
[Task: 64] Result: Success
[Task: 64] Program: _arg_0.replace(concat(" ", " "), "").replace(concat(" ", " "), " ")
[Task: 64] Number of evaluations: 610556
[Task: 64] 2021-09-09 19:30:48.519917
[Task: 64] Time taken: 0:06:11.334105
[Task: 64] 
[Task: 65] Loading bustle model....
[Task: 65] Count: 65
[Task: 65] 
[Task: 65] 2021-09-09 01:47:30.149252
[Task: 65] Number of programs: 9
[Task: 65] Size: 0 Evaluations: 0
[Task: 65] Size: 1 Evaluations: 0
[Task: 65] Size: 2 Evaluations: 10
[Task: 65] Size: 3 Evaluations: 19
[Task: 65] Size: 4 Evaluations: 28
[Task: 65] Benchmark: remove-text-by-matching.sl
[Task: 65] Result: Success
[Task: 65] Program: _arg_0.replace("-", "",-1)
[Task: 65] Number of evaluations: 103
[Task: 65] 2021-09-09 01:47:30.662580
[Task: 65] Time taken: 0:00:00.513288
[Task: 65] 
[Task: 66] Loading bustle model....
[Task: 66] Count: 66
[Task: 66] 
[Task: 66] 2021-09-09 01:47:30.234622
[Task: 66] Number of programs: 9
[Task: 66] Size: 0 Evaluations: 0
[Task: 66] Size: 1 Evaluations: 0
[Task: 66] Size: 2 Evaluations: 11
[Task: 66] Size: 3 Evaluations: 18
[Task: 66] Size: 4 Evaluations: 17
[Task: 66] Size: 5 Evaluations: 60
[Task: 66] Size: 6 Evaluations: 111
[Task: 66] Size: 7 Evaluations: 405
[Task: 66] Size: 8 Evaluations: 815
[Task: 66] Size: 9 Evaluations: 2923
[Task: 66] Size: 10 Evaluations: 6950
[Task: 66] Size: 11 Evaluations: 23452
[Task: 66] Size: 12 Evaluations: 62322
[Task: 66] Benchmark: remove-text-by-position.sl
[Task: 66] Result: Success
[Task: 66] Program: _arg_0[(1 + _arg_0.replace("/", " ").replace("/", " ").IndexOf("/")):]
[Task: 66] Number of evaluations: 251542
[Task: 66] 2021-09-09 01:48:46.763902
[Task: 66] Time taken: 0:01:16.529255
[Task: 66] 
[Task: 67] Loading bustle model....
[Task: 67] Count: 67
[Task: 67] 
[Task: 67] 2021-09-09 01:47:30.141392
[Task: 67] Number of programs: 9
[Task: 67] Size: 0 Evaluations: 0
[Task: 67] Size: 1 Evaluations: 0
[Task: 67] Size: 2 Evaluations: 12
[Task: 67] Size: 3 Evaluations: 20
[Task: 67] Size: 4 Evaluations: 6
[Task: 67] Size: 5 Evaluations: 52
[Task: 67] Size: 6 Evaluations: 37
[Task: 67] Size: 7 Evaluations: 114
[Task: 67] Size: 8 Evaluations: 123
[Task: 67] Size: 9 Evaluations: 255
[Task: 67] Size: 10 Evaluations: 437
[Task: 67] Benchmark: remove-unwanted-characters.sl
[Task: 67] Result: Success
[Task: 67] Program: _arg_0.replace(_arg_1.strip(), "",-1)
[Task: 67] Number of evaluations: 1367
[Task: 67] 2021-09-09 01:47:31.646550
[Task: 67] Time taken: 0:00:01.505148
[Task: 67] 
[Task: 68] Loading bustle model....
[Task: 68] Count: 68
[Task: 68] 
[Task: 68] 2021-09-09 01:47:30.259844
[Task: 68] Number of programs: 9
[Task: 68] Size: 0 Evaluations: 0
[Task: 68] Size: 1 Evaluations: 0
[Task: 68] Size: 2 Evaluations: 10
[Task: 68] Size: 3 Evaluations: 19
[Task: 68] Size: 4 Evaluations: 15
[Task: 68] Benchmark: replace-one-character-with-another.sl
[Task: 68] Result: Success
[Task: 68] Program: _arg_0.replace(" ", "-",-1)
[Task: 68] Number of evaluations: 76
[Task: 68] 2021-09-09 01:47:30.675509
[Task: 68] Time taken: 0:00:00.415634
[Task: 68] 
[Task: 69] Loading bustle model....
[Task: 69] Count: 69
[Task: 69] 
[Task: 69] 2021-09-09 01:47:30.154812
[Task: 69] Number of programs: 8
[Task: 69] Size: 0 Evaluations: 0
[Task: 69] Size: 1 Evaluations: 0
[Task: 69] Size: 2 Evaluations: 14
[Task: 69] Size: 3 Evaluations: 27
[Task: 69] Size: 4 Evaluations: 44
[Task: 69] Benchmark: reverse-name.sl
[Task: 69] Result: Success
[Task: 69] Program: concat(lastname, concat(" ", firstname))
[Task: 69] Number of evaluations: 114
[Task: 69] 2021-09-09 01:47:30.668661
[Task: 69] Time taken: 0:00:00.513838
[Task: 69] 
[Task: 70] Loading bustle model....
[Task: 70] Count: 70
[Task: 70] 
[Task: 70] 2021-09-09 01:47:30.191661
[Task: 70] Number of programs: 13
[Task: 70] Size: 0 Evaluations: 0
[Task: 70] Size: 1 Evaluations: 0
[Task: 70] Size: 2 Evaluations: 15
[Task: 70] Size: 3 Evaluations: 38
[Task: 70] Size: 4 Evaluations: 52
[Task: 70] Size: 5 Evaluations: 225
[Task: 70] Size: 6 Evaluations: 309
[Task: 70] Size: 7 Evaluations: 1041
[Task: 70] Size: 8 Evaluations: 1755
[Task: 70] Size: 9 Evaluations: 5544
[Task: 70] Size: 10 Evaluations: 13299
[Task: 70] Size: 11 Evaluations: 36906
[Task: 70] Size: 12 Evaluations: 114076
[Task: 70] Benchmark: stackoverflow10.sl
[Task: 70] Result: Success
[Task: 70] Program: _arg_0[_arg_0.IndexOf(1.IntToStr(),(3 + _arg_0.IndexOf(" "))):][:4]
[Task: 70] Number of evaluations: 295892
[Task: 70] 2021-09-09 01:52:54.501519
[Task: 70] Time taken: 0:05:24.303063
[Task: 70] 
[Task: 71] Loading bustle model....
[Task: 71] Count: 71
[Task: 71] 
[Task: 71] 2021-09-09 01:47:30.250122
[Task: 71] Number of programs: 19
[Task: 71] Size: 0 Evaluations: 0
[Task: 71] Size: 1 Evaluations: 0
[Task: 71] Size: 2 Evaluations: 27
[Task: 71] Size: 3 Evaluations: 186
[Task: 71] Size: 4 Evaluations: 178
[Task: 71] Size: 5 Evaluations: 243
[Task: 71] Size: 6 Evaluations: 906
[Task: 71] Size: 7 Evaluations: 1446
[Task: 71] Size: 8 Evaluations: 3093
[Task: 71] Size: 9 Evaluations: 9548
[Task: 71] Size: 10 Evaluations: 34678
[Task: 71] Size: 11 Evaluations: 89384
[Task: 71] Size: 12 Evaluations: 283843
[Task: 71] Benchmark: stackoverflow11.sl
[Task: 71] Result: Success
[Task: 71] Program: _arg_0[_arg_0.IndexOf("_"):][1:].strip()
[Task: 71] Number of evaluations: 748404
[Task: 71] 2021-09-09 01:50:25.812405
[Task: 71] Time taken: 0:02:55.562263
[Task: 71] 
[Task: 72] Loading bustle model....
[Task: 72] Count: 72
[Task: 72] 
[Task: 72] 2021-09-09 01:47:30.166267
[Task: 72] Number of programs: 12
[Task: 72] Size: 0 Evaluations: 0
[Task: 72] Size: 1 Evaluations: 0
[Task: 72] Size: 2 Evaluations: 19
[Task: 72] Size: 3 Evaluations: 58
[Task: 72] Size: 4 Evaluations: 55
[Task: 72] Size: 5 Evaluations: 251
[Task: 72] Benchmark: stackoverflow1.sl
[Task: 72] Result: Success
[Task: 72] Program: _arg_0[:_arg_0.IndexOf("Inc")].strip()
[Task: 72] Number of evaluations: 836
[Task: 72] 2021-09-09 01:47:30.794971
[Task: 72] Time taken: 0:00:00.625823
[Task: 72] 
[Task: 73] Loading bustle model....
[Task: 73] Count: 73
[Task: 73] 
[Task: 73] 2021-09-09 01:47:30.213452
[Task: 73] Number of programs: 9
[Task: 73] Size: 0 Evaluations: 0
[Task: 73] Size: 1 Evaluations: 0
[Task: 73] Size: 2 Evaluations: 13
[Task: 73] Size: 3 Evaluations: 17
[Task: 73] Size: 4 Evaluations: 21
[Task: 73] Size: 5 Evaluations: 88
[Task: 73] Size: 6 Evaluations: 115
[Task: 73] Size: 7 Evaluations: 507
[Task: 73] Size: 8 Evaluations: 768
[Task: 73] Size: 9 Evaluations: 3372
[Task: 73] Benchmark: stackoverflow2.sl
[Task: 73] Result: Success
[Task: 73] Program: _arg_0[:_arg_0.IndexOf(" ",(-1 - _arg_0.IndexOf(" ")))]
[Task: 73] Number of evaluations: 9549
[Task: 73] 2021-09-09 01:47:33.069063
[Task: 73] Time taken: 0:00:02.847937
[Task: 73] 
[Task: 74] Loading bustle model....
[Task: 74] Count: 74
[Task: 74] 
[Task: 74] 2021-09-09 02:16:26.704552
[Task: 74] Number of programs: 13
[Task: 74] Size: 0 Evaluations: 0
[Task: 74] Size: 1 Evaluations: 0
[Task: 74] Size: 2 Evaluations: 15
[Task: 74] Size: 3 Evaluations: 37
[Task: 74] Size: 4 Evaluations: 55
[Task: 74] Size: 5 Evaluations: 233
[Task: 74] Size: 6 Evaluations: 555
[Task: 74] Size: 7 Evaluations: 2567
[Task: 74] Benchmark: stackoverflow3.sl
[Task: 74] Result: Success
[Task: 74] Program: _arg_0[3:][_arg_0.IndexOf("9"):].strip()
[Task: 74] Number of evaluations: 6514
[Task: 74] 2021-09-09 02:16:28.945494
[Task: 74] Time taken: 0:00:02.240928
[Task: 74] 
[Task: 75] Loading bustle model....
[Task: 75] Count: 75
[Task: 75] 
[Task: 75] 2021-09-09 02:16:26.856388
[Task: 75] Number of programs: 12
[Task: 75] Size: 0 Evaluations: 0
[Task: 75] Size: 1 Evaluations: 0
[Task: 75] Size: 2 Evaluations: 14
[Task: 75] Size: 3 Evaluations: 45
[Task: 75] Size: 4 Evaluations: 27
[Task: 75] Size: 5 Evaluations: 61
[Task: 75] Size: 6 Evaluations: 47
[Task: 75] Size: 7 Evaluations: 122
[Task: 75] Size: 8 Evaluations: 202
[Task: 75] Size: 9 Evaluations: 366
[Task: 75] Size: 10 Evaluations: 686
[Task: 75] Size: 11 Evaluations: 1210
[Task: 75] Size: 12 Evaluations: 2317
[Task: 75] Size: 13 Evaluations: 3491
[Task: 75] Size: 14 Evaluations: 6033
[Task: 75] Benchmark: stackoverflow4.sl
[Task: 75] Result: Success
[Task: 75] Program: _arg_0.replace(",", " ",-1).replace("<", " ")[:-1]
[Task: 75] Number of evaluations: 19026
[Task: 75] 2021-09-09 02:16:38.032037
[Task: 75] Time taken: 0:00:11.173263
[Task: 75] 
[Task: 76] Loading bustle model....
[Task: 76] Count: 76
[Task: 76] 
[Task: 76] 2021-09-09 02:16:26.739275
[Task: 76] Number of programs: 13
[Task: 76] Size: 0 Evaluations: 0
[Task: 76] Size: 1 Evaluations: 0
[Task: 76] Size: 2 Evaluations: 17
[Task: 76] Size: 3 Evaluations: 63
[Task: 76] Size: 4 Evaluations: 68
[Task: 76] Size: 5 Evaluations: 145
[Task: 76] Size: 6 Evaluations: 320
[Task: 76] Size: 7 Evaluations: 730
[Task: 76] Benchmark: stackoverflow5.sl
[Task: 76] Result: Success
[Task: 76] Program: _arg_0[:(-1 + _arg_0.IndexOf("1"))]
[Task: 76] Number of evaluations: 2482
[Task: 76] 2021-09-09 02:16:27.836924
[Task: 76] Time taken: 0:00:01.097568
[Task: 76] 
[Task: 77] Loading bustle model....
[Task: 77] Count: 77
[Task: 77] 
[Task: 77] 2021-09-09 02:16:26.863590
[Task: 77] Number of programs: 10
[Task: 77] Size: 0 Evaluations: 0
[Task: 77] Size: 1 Evaluations: 0
[Task: 77] Size: 2 Evaluations: 13
[Task: 77] Size: 3 Evaluations: 27
[Task: 77] Size: 4 Evaluations: 18
[Task: 77] Size: 5 Evaluations: 77
[Task: 77] Size: 6 Evaluations: 129
[Task: 77] Size: 7 Evaluations: 379
[Task: 77] Size: 8 Evaluations: 853
[Task: 77] Size: 9 Evaluations: 2090
[Task: 77] Size: 10 Evaluations: 5925
[Task: 77] Size: 11 Evaluations: 13883
[Task: 77] Size: 12 Evaluations: 39513
[Task: 77] Size: 13 Evaluations: 97871
[Task: 77] Size: 14 Evaluations: 270942
[Task: 77] Size: 15 Evaluations: 711850
[Task: 77] Benchmark: stackoverflow6.sl
[Task: 77] Result: Success
[Task: 77] Program: _arg_0[_arg_0.replace("=", " ").IndexOf("="):][1:].strip()
[Task: 77] Number of evaluations: 2136396
[Task: 77] 2021-09-09 02:26:43.451856
[Task: 77] Time taken: 0:10:16.584712
[Task: 77] 
[Task: 78] Loading bustle model....
[Task: 78] Count: 78
[Task: 78] 
[Task: 78] 2021-09-09 02:16:26.708391
[Task: 78] Number of programs: 9
[Task: 78] Size: 0 Evaluations: 0
[Task: 78] Size: 1 Evaluations: 0
[Task: 78] Size: 2 Evaluations: 14
[Task: 78] Size: 3 Evaluations: 26
[Task: 78] Size: 4 Evaluations: 18
[Task: 78] Size: 5 Evaluations: 101
[Task: 78] Size: 6 Evaluations: 135
[Task: 78] Size: 7 Evaluations: 350
[Task: 78] Size: 8 Evaluations: 551
[Task: 78] Size: 9 Evaluations: 1232
[Task: 78] Size: 10 Evaluations: 1831
[Task: 78] Benchmark: stackoverflow7.sl
[Task: 78] Result: Success
[Task: 78] Program: _arg_0.replace(_arg_1.strip(), "").strip()
[Task: 78] Number of evaluations: 4957
[Task: 78] 2021-09-09 02:16:29.201760
[Task: 78] Time taken: 0:00:02.492186
[Task: 78] 
[Task: 79] Loading bustle model....
[Task: 79] Count: 79
[Task: 79] 
[Task: 79] 2021-09-09 02:16:26.892952
[Task: 79] Number of programs: 12
[Task: 79] Size: 0 Evaluations: 0
[Task: 79] Size: 1 Evaluations: 0
[Task: 79] Size: 2 Evaluations: 15
[Task: 79] Size: 3 Evaluations: 35
[Task: 79] Size: 4 Evaluations: 50
[Task: 79] Size: 5 Evaluations: 225
[Task: 79] Size: 6 Evaluations: 420
[Task: 79] Size: 7 Evaluations: 2326
[Task: 79] Benchmark: stackoverflow8.sl
[Task: 79] Result: Success
[Task: 79] Program: _arg_0[_arg_0.IndexOf(_arg_0[-1:].upper()):]
[Task: 79] Number of evaluations: 7137
[Task: 79] 2021-09-09 02:16:28.853203
[Task: 79] Time taken: 0:00:01.960167
[Task: 79] 
[Task: 80] Loading bustle model....
[Task: 80] Count: 80
[Task: 80] 
[Task: 80] 2021-09-09 02:16:26.712795
[Task: 80] Number of programs: 8
[Task: 80] Size: 0 Evaluations: 0
[Task: 80] Size: 1 Evaluations: 0
[Task: 80] Size: 2 Evaluations: 11
[Task: 80] Size: 3 Evaluations: 13
[Task: 80] Size: 4 Evaluations: 16
[Task: 80] Size: 5 Evaluations: 49
[Task: 80] Size: 6 Evaluations: 95
[Task: 80] Size: 7 Evaluations: 270
[Task: 80] Size: 8 Evaluations: 562
[Task: 80] Size: 9 Evaluations: 1765
[Task: 80] Size: 10 Evaluations: 3963
[Task: 80] Benchmark: stackoverflow9.sl
[Task: 80] Result: Success
[Task: 80] Program: _arg_0[(1 + _arg_0.replace(" ", "").IndexOf(" ")):].strip()
[Task: 80] Number of evaluations: 11569
[Task: 80] 2021-09-09 02:16:30.244069
[Task: 80] Time taken: 0:00:03.528580
[Task: 80] 
[Task: 81] Loading bustle model....
[Task: 81] Count: 81
[Task: 81] 
[Task: 81] 2021-09-09 02:16:26.824712
[Task: 81] Number of programs: 11
[Task: 81] Size: 0 Evaluations: 0
[Task: 81] Size: 1 Evaluations: 0
[Task: 81] Size: 2 Evaluations: 14
[Task: 81] Size: 3 Evaluations: 31
[Task: 81] Size: 4 Evaluations: 34
[Task: 81] Size: 5 Evaluations: 65
[Task: 81] Size: 6 Evaluations: 65
[Task: 81] Size: 7 Evaluations: 109
[Task: 81] Size: 8 Evaluations: 134
[Task: 81] Size: 9 Evaluations: 247
[Task: 81] Benchmark: strip-html-from-text-or-numbers.sl
[Task: 81] Result: Success
[Task: 81] Program: _arg_0.Substr(_arg_0.IndexOf(0.IntToStr()),_arg_0.IndexOf("<",1))
[Task: 81] Number of evaluations: 1031
[Task: 81] 2021-09-09 02:16:27.839840
[Task: 81] Time taken: 0:00:01.015039
[Task: 81] 
[Task: 82] Loading bustle model....
[Task: 82] Count: 82
[Task: 82] 
[Task: 82] 2021-09-09 19:32:02.019183
[Task: 82] Number of programs: 20
[Task: 82] Size: 0 Evaluations: 0
[Task: 82] Size: 1 Evaluations: 0
[Task: 82] Size: 2 Evaluations: 19
[Task: 82] Size: 3 Evaluations: 68
[Task: 82] Size: 4 Evaluations: 97
[Task: 82] Size: 5 Evaluations: 599
[Task: 82] Size: 6 Evaluations: 519
[Task: 82] Size: 7 Evaluations: 3236
[Task: 82] Size: 8 Evaluations: 4773
[Task: 82] Size: 9 Evaluations: 23336
[Task: 82] Size: 10 Evaluations: 86097
[Task: 82] Size: 11 Evaluations: 244375
[Task: 82] Size: 12 Evaluations: 878884
[Task: 82] Size: 13 Evaluations: 2757111
[Task: 82] Benchmark: strip-non-numeric-characters.sl
[Task: 82] Result: Success
[Task: 82] Program: concat(_arg_0[(5 + 9):].replace("%", ""), _arg_0)[:_arg_0.IndexOf(" ")]
[Task: 82] Number of evaluations: 6454266
[Task: 82] 2021-09-09 20:20:01.573203
[Task: 82] Time taken: 0:47:59.553977
[Task: 82] 
[Task: 83] Loading bustle model....
[Task: 83] Count: 83
[Task: 83] 
[Task: 83] 2021-09-09 19:32:01.966740
[Task: 83] Number of programs: 18
[Task: 83] Size: 0 Evaluations: 0
[Task: 83] Size: 1 Evaluations: 0
[Task: 83] Size: 2 Evaluations: 18
[Task: 83] Size: 3 Evaluations: 61
[Task: 83] Size: 4 Evaluations: 58
[Task: 83] Size: 5 Evaluations: 397
[Task: 83] Size: 6 Evaluations: 352
[Task: 83] Size: 7 Evaluations: 2591
[Task: 83] Size: 8 Evaluations: 2105
[Task: 83] Size: 9 Evaluations: 24033
[Task: 83] Size: 10 Evaluations: 33616
[Task: 83] Size: 11 Evaluations: 297278
[Task: 83] Size: 12 Evaluations: 516827
[Task: 83] Size: 13 Evaluations: 5047895
[Task: 84] Count: 84
[Task: 84] 
[Task: 84] 2021-09-09 02:16:26.710637
[Task: 84] Number of programs: 9
[Task: 84] Size: 0 Evaluations: 0
[Task: 84] Size: 1 Evaluations: 0
[Task: 84] Size: 2 Evaluations: 15
[Task: 84] Size: 3 Evaluations: 37
[Task: 84] Size: 4 Evaluations: 49
[Task: 84] Size: 5 Evaluations: 167
[Task: 84] Size: 6 Evaluations: 337
[Task: 84] Benchmark: univ_1.sl
[Task: 84] Result: Success
[Task: 84] Program: concat(col1, concat(",", concat(" ", col2)))
[Task: 84] Number of evaluations: 625
[Task: 84] 2021-09-09 02:16:27.504357
[Task: 84] Time taken: 0:00:00.791944
[Task: 84] 
[Task: 84] Loading bustle model....
[Task: 84] Count: 84
[Task: 84] 
[Task: 84] 2021-09-09 19:45:45.823289
[Task: 84] Number of programs: 9
[Task: 84] Size: 0 Evaluations: 0
[Task: 84] Size: 1 Evaluations: 0
[Task: 84] Size: 2 Evaluations: 15
[Task: 84] Size: 3 Evaluations: 37
[Task: 84] Size: 4 Evaluations: 49
[Task: 84] Size: 5 Evaluations: 167
[Task: 84] Size: 6 Evaluations: 337
[Task: 84] Benchmark: univ_1.sl
[Task: 84] Result: Success
[Task: 84] Program: concat(col1, concat(",", concat(" ", col2)))
[Task: 84] Number of evaluations: 625
[Task: 84] 2021-09-09 19:45:47.173515
[Task: 84] Time taken: 0:00:01.350194
[Task: 84] 
[Task: 85] Loading bustle model....
[Task: 85] Count: 85
[Task: 85] 
[Task: 85] 2021-09-09 19:45:45.802260
[Task: 85] Number of programs: 15
[Task: 85] Size: 0 Evaluations: 0
[Task: 85] Size: 1 Evaluations: 0
[Task: 85] Size: 2 Evaluations: 29
[Task: 85] Size: 3 Evaluations: 135
[Task: 85] Size: 4 Evaluations: 107
[Task: 85] Size: 5 Evaluations: 442
[Task: 85] Size: 6 Evaluations: 749
[Task: 85] Size: 7 Evaluations: 1485
[Task: 85] Size: 8 Evaluations: 2853
[Task: 85] Size: 9 Evaluations: 5116
[Task: 85] Size: 10 Evaluations: 10029
[Task: 85] Size: 11 Evaluations: 19437
[Task: 85] Size: 12 Evaluations: 43164
[Task: 85] Size: 13 Evaluations: 85345
[Task: 85] Size: 14 Evaluations: 185032
[Task: 85] Size: 15 Evaluations: 375905
[Task: 85] Size: 16 Evaluations: 770482
[Task: 85] Size: 17 Evaluations: 1546039
[Task: 86] Loading bustle model....
[Task: 86] Count: 86
[Task: 86] 
[Task: 86] 2021-09-09 19:45:45.802153
[Task: 86] Number of programs: 15
[Task: 86] Size: 0 Evaluations: 0
[Task: 86] Size: 1 Evaluations: 0
[Task: 86] Size: 2 Evaluations: 29
[Task: 86] Size: 3 Evaluations: 135
[Task: 86] Size: 4 Evaluations: 176
[Task: 86] Size: 5 Evaluations: 861
[Task: 86] Size: 6 Evaluations: 2381
[Task: 86] Size: 7 Evaluations: 6127
[Task: 86] Size: 8 Evaluations: 20783
[Task: 86] Size: 9 Evaluations: 61756
[Task: 86] Size: 10 Evaluations: 199829
[Task: 86] Size: 11 Evaluations: 690636
[Task: 86] Size: 12 Evaluations: 2236105
[Task: 86] Benchmark: univ_3.sl
[Task: 86] Result: Success
[Task: 86] Program: col2.replace(col2.replace("USA", " "), concat(col2, concat(",", concat(" ", "USA"))))
[Task: 86] Number of evaluations: 6466823
[Task: 86] 2021-09-09 20:55:21.878420
[Task: 86] Time taken: 1:09:36.076313
[Task: 86] 
[Task: 87] Loading bustle model....
[Task: 87] Count: 87
[Task: 87] 
[Task: 87] 2021-09-09 19:45:45.776635
[Task: 87] Number of programs: 16
[Task: 87] Size: 0 Evaluations: 0
[Task: 87] Size: 1 Evaluations: 0
[Task: 87] Size: 2 Evaluations: 33
[Task: 87] Size: 3 Evaluations: 166
[Task: 87] Size: 4 Evaluations: 208
[Task: 87] Size: 5 Evaluations: 1327
[Task: 87] Size: 6 Evaluations: 3884
[Task: 87] Size: 7 Evaluations: 13208
[Task: 87] Size: 8 Evaluations: 54337
[Task: 87] Size: 9 Evaluations: 212831
[Task: 87] Size: 10 Evaluations: 792429
[Task: 87] Size: 11 Evaluations: 3535218
[Task: 88] Loading bustle model....
[Task: 88] Count: 88
[Task: 88] 
[Task: 88] 2021-09-09 19:45:45.795946
[Task: 88] Number of programs: 36
[Task: 88] Size: 0 Evaluations: 0
[Task: 88] Size: 1 Evaluations: 0
[Task: 88] Size: 2 Evaluations: 71
[Task: 88] Size: 3 Evaluations: 1005
[Task: 88] Size: 4 Evaluations: 1932
[Task: 88] Size: 5 Evaluations: 5377
[Task: 88] Size: 6 Evaluations: 36625
[Task: 88] Size: 7 Evaluations: 203452
[Task: 88] Size: 8 Evaluations: 1044062
