[Task: 0] Loading bustle model....
[Task: 0] Count: 0
[Task: 0] 
[Task: 0] 2021-09-08 19:47:28.531454
[Task: 0] Number of programs: 10
[Task: 0] Size: 0 Evaluations: 0
[Task: 0] Size: 1 Evaluations: 0
[Task: 0] Size: 2 Evaluations: 17
[Task: 0] Size: 3 Evaluations: 34
[Task: 0] Size: 4 Evaluations: 74
[Task: 0] Size: 5 Evaluations: 248
[Task: 0] Size: 6 Evaluations: 1041
[Task: 0] Size: 7 Evaluations: 3215
[Task: 0] Benchmark: 11440431.sl
[Task: 0] Result: Success
[Task: 0] Program: _arg_0.replace("US", "").replace("CAN", "").strip()
[Task: 0] Number of evaluations: 14656
[Task: 0] 2021-09-08 19:47:32.523354
[Task: 0] Time taken: 0:00:03.991889
[Task: 0] 
[Task: 1] Loading bustle model....
[Task: 1] Count: 1
[Task: 1] 
[Task: 1] 2021-09-08 19:47:28.514071
[Task: 1] Number of programs: 10
[Task: 1] Size: 0 Evaluations: 0
[Task: 1] Size: 1 Evaluations: 0
[Task: 1] Size: 2 Evaluations: 12
[Task: 1] Size: 3 Evaluations: 20
[Task: 1] Size: 4 Evaluations: 15
[Task: 1] Size: 5 Evaluations: 49
[Task: 1] Size: 6 Evaluations: 52
[Task: 1] Size: 7 Evaluations: 147
[Task: 1] Size: 8 Evaluations: 161
[Task: 1] Size: 9 Evaluations: 467
[Task: 1] Size: 10 Evaluations: 575
[Task: 1] Size: 11 Evaluations: 1427
[Task: 1] Size: 12 Evaluations: 2197
[Task: 1] Size: 13 Evaluations: 4857
[Task: 1] Size: 14 Evaluations: 8628
[Task: 1] Benchmark: 11604909.sl
[Task: 1] Result: Success
[Task: 1] Program: _arg_0.Substr((-1 + _arg_0.IndexOf(".")),(1 + (1 + _arg_0.IndexOf("."))))
[Task: 1] Number of evaluations: 23365
[Task: 1] 2021-09-08 19:47:46.387530
[Task: 1] Time taken: 0:00:17.873462
[Task: 1] 
[Task: 2] Loading bustle model....
[Task: 2] Count: 2
[Task: 2] 
[Task: 2] 2021-09-08 19:47:28.623471
[Task: 2] Number of programs: 9
[Task: 2] Size: 0 Evaluations: 0
[Task: 2] Size: 1 Evaluations: 0
[Task: 2] Size: 2 Evaluations: 10
[Task: 2] Size: 3 Evaluations: 17
[Task: 2] Size: 4 Evaluations: 26
[Task: 2] Size: 5 Evaluations: 50
[Task: 2] Size: 6 Evaluations: 93
[Task: 2] Size: 7 Evaluations: 203
[Task: 2] Size: 8 Evaluations: 317
[Task: 2] Size: 9 Evaluations: 769
[Task: 2] Size: 10 Evaluations: 1602
[Task: 2] Size: 11 Evaluations: 3995
[Task: 2] Benchmark: 17212077.sl
[Task: 2] Result: Success
[Task: 2] Program: _arg_0[:(1 + 1)] + "/" + _arg_0[_arg_0.IndexOf((1 + 1).IntToStr()):]
[Task: 2] Number of evaluations: 13406
[Task: 2] 2021-09-08 19:47:34.505578
[Task: 2] Time taken: 0:00:05.882034
[Task: 2] 
[Task: 3] Loading bustle model....
[Task: 3] Count: 3
[Task: 3] 
[Task: 3] 2021-09-08 19:47:28.552644
[Task: 3] Number of programs: 8
[Task: 3] Size: 0 Evaluations: 0
[Task: 3] Size: 1 Evaluations: 0
[Task: 3] Size: 2 Evaluations: 11
[Task: 3] Size: 3 Evaluations: 14
[Task: 3] Size: 4 Evaluations: 13
[Task: 3] Size: 5 Evaluations: 40
[Task: 3] Size: 6 Evaluations: 49
[Task: 3] Benchmark: 2171308.sl
[Task: 3] Result: Success
[Task: 3] Program: _arg_0[:1] + "" + _arg_0[_arg_0.IndexOf(" "):]
[Task: 3] Number of evaluations: 187
[Task: 3] 2021-09-08 19:47:29.157714
[Task: 3] Time taken: 0:00:00.603695
[Task: 3] 
[Task: 4] Loading bustle model....
[Task: 4] Count: 4
[Task: 4] 
[Task: 4] 2021-09-08 19:47:28.524357
[Task: 4] Number of programs: 14
[Task: 4] Size: 0 Evaluations: 0
[Task: 4] Size: 1 Evaluations: 0
[Task: 4] Size: 2 Evaluations: 30
[Task: 4] Size: 3 Evaluations: 101
[Task: 4] Size: 4 Evaluations: 93
[Task: 4] Size: 5 Evaluations: 420
[Task: 4] Size: 6 Evaluations: 1101
[Task: 4] Size: 7 Evaluations: 2609
[Task: 4] Size: 8 Evaluations: 6799
[Task: 4] Size: 9 Evaluations: 15988
[Task: 4] Benchmark: 25239569.sl
[Task: 4] Result: Success
[Task: 4] Program: _arg_0.replace("BRD", "Branding").replace("DRS", "Direct Response").replace("LDS", "Leads")
[Task: 4] Number of evaluations: 45505
[Task: 4] 2021-09-08 19:47:39.301811
[Task: 4] Time taken: 0:00:10.777449
[Task: 4] 
[Task: 5] Loading bustle model....
[Task: 5] Count: 5
[Task: 5] 
[Task: 5] 2021-09-08 19:47:28.570162
[Task: 5] Number of programs: 10
[Task: 5] Size: 0 Evaluations: 0
[Task: 5] Size: 1 Evaluations: 0
[Task: 5] Size: 2 Evaluations: 13
[Task: 5] Size: 3 Evaluations: 27
[Task: 5] Size: 4 Evaluations: 58
[Task: 5] Size: 5 Evaluations: 181
[Task: 5] Benchmark: 28627624_1.sl
[Task: 5] Result: Success
[Task: 5] Program: _arg_0[:_arg_0.IndexOf("-")].strip()
[Task: 5] Number of evaluations: 607
[Task: 5] 2021-09-08 19:47:29.166954
[Task: 5] Time taken: 0:00:00.596786
[Task: 5] 
[Task: 6] Loading bustle model....
[Task: 6] Count: 6
[Task: 6] 
[Task: 6] 2021-09-08 19:47:28.586569
[Task: 6] Number of programs: 9
[Task: 6] Size: 0 Evaluations: 0
[Task: 6] Size: 1 Evaluations: 0
[Task: 6] Size: 2 Evaluations: 11
[Task: 6] Size: 3 Evaluations: 18
[Task: 6] Size: 4 Evaluations: 37
[Task: 6] Size: 5 Evaluations: 117
[Task: 6] Size: 6 Evaluations: 333
[Task: 6] Size: 7 Evaluations: 952
[Task: 6] Benchmark: 30732554.sl
[Task: 6] Result: Success
[Task: 6] Program: _arg_0[:concat(_arg_0, "|").IndexOf("|")]
[Task: 6] Number of evaluations: 3862
[Task: 6] 2021-09-08 19:47:30.094672
[Task: 6] Time taken: 0:00:01.508279
[Task: 6] 
[Task: 7] Loading bustle model....
[Task: 7] Count: 7
[Task: 7] 
[Task: 7] 2021-09-09 19:10:39.536694
[Task: 7] Number of programs: 13
[Task: 7] Size: 0 Evaluations: 0
[Task: 7] Size: 1 Evaluations: 0
[Task: 7] Size: 2 Evaluations: 15
[Task: 7] Size: 3 Evaluations: 37
[Task: 7] Size: 4 Evaluations: 65
[Task: 7] Size: 5 Evaluations: 253
[Task: 7] Size: 6 Evaluations: 801
[Task: 7] Size: 7 Evaluations: 2943
[Task: 7] Size: 8 Evaluations: 12191
[Task: 7] Size: 9 Evaluations: 49476
[Task: 7] Size: 10 Evaluations: 212657
[Task: 7] Size: 11 Evaluations: 855300
[Task: 7] Size: 12 Evaluations: 3975046
[Task: 8] Loading bustle model....
[Task: 8] Count: 8
[Task: 8] 
[Task: 8] 2021-09-09 19:10:39.508178
[Task: 8] Number of programs: 12
[Task: 8] Size: 0 Evaluations: 0
[Task: 8] Size: 1 Evaluations: 0
[Task: 8] Size: 2 Evaluations: 26
[Task: 8] Size: 3 Evaluations: 67
[Task: 8] Size: 4 Evaluations: 158
[Task: 8] Size: 5 Evaluations: 566
[Task: 8] Size: 6 Evaluations: 2819
[Task: 8] Size: 7 Evaluations: 9504
[Task: 8] Size: 8 Evaluations: 47100
[Task: 8] Size: 9 Evaluations: 188319
[Task: 8] Size: 10 Evaluations: 853974
[Task: 8] Size: 11 Evaluations: 3876580
[Task: 9] Loading bustle model....
[Task: 9] Count: 9
[Task: 9] 
[Task: 9] 2021-09-08 19:47:28.689399
[Task: 9] Number of programs: 10
[Task: 9] Size: 0 Evaluations: 0
[Task: 9] Size: 1 Evaluations: 0
[Task: 9] Size: 2 Evaluations: 16
[Task: 9] Size: 3 Evaluations: 33
[Task: 9] Size: 4 Evaluations: 51
[Task: 9] Size: 5 Evaluations: 164
[Task: 9] Benchmark: 34801680.sl
[Task: 9] Result: Success
[Task: 9] Program: _arg_0[_arg_0.IndexOf(" "):].strip()
[Task: 9] Number of evaluations: 574
[Task: 9] 2021-09-08 19:47:29.260074
[Task: 9] Time taken: 0:00:00.570612
[Task: 9] 
[Task: 10] Loading bustle model....
[Task: 10] Count: 10
[Task: 10] 
[Task: 10] 2021-09-08 19:47:28.563335
[Task: 10] Number of programs: 10
[Task: 10] Size: 0 Evaluations: 0
[Task: 10] Size: 1 Evaluations: 0
[Task: 10] Size: 2 Evaluations: 17
[Task: 10] Size: 3 Evaluations: 30
[Task: 10] Size: 4 Evaluations: 27
[Task: 10] Size: 5 Evaluations: 104
[Task: 10] Benchmark: 35016216.sl
[Task: 10] Result: Success
[Task: 10] Program: (if_arg_0.Contain("C0") then _arg_0 else _arg_1)
[Task: 10] Number of evaluations: 248
[Task: 10] 2021-09-08 19:47:29.249023
[Task: 10] Time taken: 0:00:00.685669
[Task: 10] 
[Task: 11] Loading bustle model....
[Task: 11] Count: 11
[Task: 11] 
[Task: 11] 2021-09-08 19:47:28.574394
[Task: 11] Number of programs: 13
[Task: 11] Size: 0 Evaluations: 0
[Task: 11] Size: 1 Evaluations: 0
[Task: 11] Size: 2 Evaluations: 23
[Task: 11] Size: 3 Evaluations: 78
[Task: 11] Size: 4 Evaluations: 93
[Task: 11] Size: 5 Evaluations: 160
[Task: 11] Size: 6 Evaluations: 742
[Task: 11] Size: 7 Evaluations: 883
[Task: 11] Size: 8 Evaluations: 1965
[Task: 11] Size: 9 Evaluations: 4307
[Task: 11] Size: 10 Evaluations: 10284
[Task: 11] Benchmark: 35744094.sl
[Task: 11] Result: Success
[Task: 11] Program: (if_arg_0.Contain("windows") then "windows" else (if"/".SuffixOf(_arg_0) then "microsoft" else "mac"))
[Task: 11] Number of evaluations: 37076
[Task: 11] 2021-09-08 19:47:36.612996
[Task: 11] Time taken: 0:00:08.035884
[Task: 11] 
[Task: 12] Loading bustle model....
[Task: 12] Count: 12
[Task: 12] 
[Task: 12] 2021-09-09 19:12:46.017819
[Task: 12] Number of programs: 9
[Task: 12] Size: 0 Evaluations: 0
[Task: 12] Size: 1 Evaluations: 0
[Task: 12] Size: 2 Evaluations: 11
[Task: 12] Size: 3 Evaluations: 18
[Task: 12] Size: 4 Evaluations: 13
[Task: 12] Size: 5 Evaluations: 61
[Task: 12] Size: 6 Evaluations: 90
[Task: 12] Size: 7 Evaluations: 321
[Task: 12] Size: 8 Evaluations: 541
[Task: 12] Size: 9 Evaluations: 1988
[Task: 12] Size: 10 Evaluations: 4066
[Task: 12] Size: 11 Evaluations: 13764
[Task: 12] Size: 12 Evaluations: 31494
[Task: 12] Size: 13 Evaluations: 102665
[Task: 12] Size: 14 Evaluations: 252598
[Task: 12] Size: 15 Evaluations: 802541
[Task: 12] Size: 16 Evaluations: 2086309
[Task: 12] Benchmark: 36462127.sl
[Task: 12] Result: Success
[Task: 12] Program: _arg_0[(-1 - (1 + _arg_0.IndexOf("/"))):].replace("/", "")
[Task: 12] Number of evaluations: 6493500
[Task: 12] 2021-09-09 19:48:39.720263
[Task: 12] Time taken: 0:35:53.699475
[Task: 12] 
[Task: 13] Loading bustle model....
[Task: 13] Count: 13
[Task: 13] 
[Task: 13] 2021-09-08 19:47:28.596352
[Task: 13] Number of programs: 10
[Task: 13] Size: 0 Evaluations: 0
[Task: 13] Size: 1 Evaluations: 0
[Task: 13] Size: 2 Evaluations: 18
[Task: 13] Size: 3 Evaluations: 34
[Task: 13] Size: 4 Evaluations: 39
[Task: 13] Size: 5 Evaluations: 143
[Task: 13] Benchmark: 37534494.sl
[Task: 13] Result: Success
[Task: 13] Program: (if_arg_0.Contain(_arg_2) then _arg_0 else _arg_1)
[Task: 13] Number of evaluations: 366
[Task: 13] 2021-09-08 19:47:29.093962
[Task: 13] Time taken: 0:00:00.497492
[Task: 13] 
[Task: 14] Loading bustle model....
[Task: 14] Count: 14
[Task: 14] 
[Task: 14] 2021-09-08 19:47:28.550647
[Task: 14] Number of programs: 9
[Task: 14] Size: 0 Evaluations: 0
[Task: 14] Size: 1 Evaluations: 0
[Task: 14] Size: 2 Evaluations: 13
[Task: 14] Size: 3 Evaluations: 26
[Task: 14] Size: 4 Evaluations: 33
[Task: 14] Size: 5 Evaluations: 115
[Task: 14] Size: 6 Evaluations: 341
[Task: 14] Size: 7 Evaluations: 865
[Task: 14] Size: 8 Evaluations: 2620
[Task: 14] Benchmark: 38664547.sl
[Task: 14] Result: Success
[Task: 14] Program: _arg_0.replace("that", (ifEqual("that",_arg_0) then "that" else ""))
[Task: 14] Number of evaluations: 6138
[Task: 14] 2021-09-08 19:47:31.198869
[Task: 14] Time taken: 0:00:02.646913
[Task: 14] 
[Task: 15] Loading bustle model....
[Task: 15] Count: 15
[Task: 15] 
[Task: 15] 2021-09-08 19:47:28.599777
[Task: 15] Number of programs: 10
[Task: 15] Size: 0 Evaluations: 0
[Task: 15] Size: 1 Evaluations: 0
[Task: 15] Size: 2 Evaluations: 13
[Task: 15] Size: 3 Evaluations: 27
[Task: 15] Size: 4 Evaluations: 29
[Task: 15] Size: 5 Evaluations: 93
[Task: 15] Size: 6 Evaluations: 101
[Task: 15] Size: 7 Evaluations: 302
[Task: 15] Size: 8 Evaluations: 437
[Task: 15] Size: 9 Evaluations: 930
[Task: 15] Size: 10 Evaluations: 1995
[Task: 15] Size: 11 Evaluations: 4345
[Task: 15] Size: 12 Evaluations: 9314
[Task: 15] Benchmark: 38871714.sl
[Task: 15] Result: Success
[Task: 15] Program: _arg_0.replace("<", "",-1).replace(">", "",-1)
[Task: 15] Number of evaluations: 31740
[Task: 15] 2021-09-08 19:47:37.345223
[Task: 15] Time taken: 0:00:08.745352
[Task: 15] 
[Task: 16] Loading bustle model....
[Task: 16] Count: 16
[Task: 16] 
[Task: 16] 2021-09-08 19:47:28.652079
[Task: 16] Number of programs: 9
[Task: 16] Size: 0 Evaluations: 0
[Task: 16] Size: 1 Evaluations: 0
[Task: 16] Size: 2 Evaluations: 12
[Task: 16] Size: 3 Evaluations: 20
[Task: 16] Size: 4 Evaluations: 8
[Task: 16] Size: 5 Evaluations: 29
[Task: 16] Size: 6 Evaluations: 9
[Task: 16] Size: 7 Evaluations: 34
[Task: 16] Size: 8 Evaluations: 27
[Task: 16] Size: 9 Evaluations: 139
[Task: 16] Size: 10 Evaluations: 209
[Task: 16] Size: 11 Evaluations: 619
[Task: 16] Size: 12 Evaluations: 1019
[Task: 16] Size: 13 Evaluations: 1697
[Task: 16] Size: 14 Evaluations: 3166
[Task: 16] Size: 15 Evaluations: 5934
[Task: 16] Size: 16 Evaluations: 12315
[Task: 16] Size: 17 Evaluations: 25748
[Task: 16] Size: 18 Evaluations: 58780
[Task: 16] Benchmark: 39060015.sl
[Task: 16] Result: Success
[Task: 16] Program: _arg_0.replace("/", _arg_0[:_arg_0.IndexOf("/")],-1)[_arg_0.Length():]
[Task: 16] Number of evaluations: 187197
[Task: 16] 2021-09-08 19:48:21.900627
[Task: 16] Time taken: 0:00:53.248480
[Task: 16] 
[Task: 17] Loading bustle model....
[Task: 17] Count: 17
[Task: 17] 
[Task: 17] 2021-09-08 19:47:28.567660
[Task: 17] Number of programs: 9
[Task: 17] Size: 0 Evaluations: 0
[Task: 17] Size: 1 Evaluations: 0
[Task: 17] Size: 2 Evaluations: 14
[Task: 17] Size: 3 Evaluations: 23
[Task: 17] Size: 4 Evaluations: 36
[Task: 17] Size: 5 Evaluations: 123
[Task: 17] Size: 6 Evaluations: 387
[Task: 17] Size: 7 Evaluations: 1080
[Task: 17] Size: 8 Evaluations: 4061
[Task: 17] Size: 9 Evaluations: 12140
[Task: 17] Size: 10 Evaluations: 46377
[Task: 17] Size: 11 Evaluations: 151395
[Task: 17] Benchmark: 41503046.sl
[Task: 17] Result: Success
[Task: 17] Program: _arg_0[:_arg_0.IndexOf(" ",("ssp.".Length() + "ssp.".Length()))]
[Task: 17] Number of evaluations: 651725
[Task: 17] 2021-09-08 19:51:56.258640
[Task: 17] Time taken: 0:04:27.690941
[Task: 17] 
[Task: 18] Loading bustle model....
[Task: 18] Count: 18
[Task: 18] 
[Task: 18] 2021-09-09 19:12:46.084601
[Task: 18] Number of programs: 17
[Task: 18] Size: 0 Evaluations: 0
[Task: 18] Size: 1 Evaluations: 0
[Task: 18] Size: 2 Evaluations: 28
[Task: 18] Size: 3 Evaluations: 153
[Task: 18] Size: 4 Evaluations: 242
[Task: 18] Size: 5 Evaluations: 619
[Task: 18] Size: 6 Evaluations: 2937
[Task: 18] Size: 7 Evaluations: 7242
[Task: 18] Size: 8 Evaluations: 19181
[Task: 18] Size: 9 Evaluations: 50748
[Task: 18] Size: 10 Evaluations: 120674
[Task: 18] Size: 11 Evaluations: 335745
[Task: 18] Size: 12 Evaluations: 911402
[Task: 18] Size: 13 Evaluations: 2581118
[Task: 19] Loading bustle model....
[Task: 19] Count: 19
[Task: 19] 
[Task: 19] 2021-09-08 19:47:28.583082
[Task: 19] Number of programs: 9
[Task: 19] Size: 0 Evaluations: 0
[Task: 19] Size: 1 Evaluations: 0
[Task: 19] Size: 2 Evaluations: 11
[Task: 19] Size: 3 Evaluations: 17
[Task: 19] Size: 4 Evaluations: 17
[Task: 19] Size: 5 Evaluations: 65
[Task: 19] Size: 6 Evaluations: 133
[Task: 19] Size: 7 Evaluations: 398
[Task: 19] Size: 8 Evaluations: 1087
[Task: 19] Size: 9 Evaluations: 3053
[Task: 19] Size: 10 Evaluations: 9508
[Task: 19] Size: 11 Evaluations: 25963
[Task: 19] Size: 12 Evaluations: 87177
[Task: 19] Size: 13 Evaluations: 241194
[Task: 19] Benchmark: 43606446.sl
[Task: 19] Result: Success
[Task: 19] Program: _arg_0[:-1][(-1 - (1 + 1)):]
[Task: 19] Number of evaluations: 987157
[Task: 19] 2021-09-08 19:57:26.360488
[Task: 19] Time taken: 0:09:57.777407
[Task: 19] 
[Task: 20] Loading bustle model....
[Task: 20] Count: 20
[Task: 20] 
[Task: 20] 2021-09-08 21:14:19.168193
[Task: 20] Number of programs: 11
[Task: 20] Size: 0 Evaluations: 0
[Task: 20] Size: 1 Evaluations: 0
[Task: 20] Size: 2 Evaluations: 22
[Task: 20] Size: 3 Evaluations: 47
[Task: 20] Size: 4 Evaluations: 89
[Task: 20] Size: 5 Evaluations: 318
[Task: 20] Size: 6 Evaluations: 646
[Task: 20] Size: 7 Evaluations: 1692
[Task: 20] Size: 8 Evaluations: 3273
[Task: 20] Benchmark: add-a-line-break-with-a-formula.sl
[Task: 20] Result: Success
[Task: 20] Program: concat(_arg_0, concat("/n", concat(_arg_1, concat("/n", _arg_2))))
[Task: 20] Number of evaluations: 6250
[Task: 20] 2021-09-08 21:14:21.733776
[Task: 20] Time taken: 0:00:02.565564
[Task: 20] 
[Task: 21] Loading bustle model....
[Task: 21] Count: 21
[Task: 21] 
[Task: 21] 2021-09-08 21:14:19.025915
[Task: 21] Number of programs: 10
[Task: 21] Size: 0 Evaluations: 0
[Task: 21] Size: 1 Evaluations: 0
[Task: 21] Size: 2 Evaluations: 13
[Task: 21] Size: 3 Evaluations: 35
[Task: 21] Size: 4 Evaluations: 43
[Task: 21] Size: 5 Evaluations: 148
[Task: 21] Benchmark: bikes.sl
[Task: 21] Result: Success
[Task: 21] Program: name[:(name.Length() - 3)]
[Task: 21] Number of evaluations: 454
[Task: 21] 2021-09-08 21:14:19.548503
[Task: 21] Time taken: 0:00:00.524191
[Task: 21] 
[Task: 22] Loading bustle model....
[Task: 22] Count: 22
[Task: 22] 
[Task: 22] 2021-09-08 21:14:19.144630
[Task: 22] Number of programs: 9
[Task: 22] Size: 0 Evaluations: 0
[Task: 22] Size: 1 Evaluations: 0
[Task: 22] Size: 2 Evaluations: 10
[Task: 22] Size: 3 Evaluations: 19
[Task: 22] Benchmark: change-negative-numbers-to-positive.sl
[Task: 22] Result: Success
[Task: 22] Program: _arg_0.replace("-", "")
[Task: 22] Number of evaluations: 41
[Task: 22] 2021-09-08 21:14:19.554319
[Task: 22] Time taken: 0:00:00.409611
[Task: 22] 
[Task: 23] Loading bustle model....
[Task: 23] Count: 23
[Task: 23] 
[Task: 23] 2021-09-09 19:12:45.987673
[Task: 23] Number of programs: 13
[Task: 23] Size: 0 Evaluations: 0
[Task: 23] Size: 1 Evaluations: 0
[Task: 23] Size: 2 Evaluations: 14
[Task: 23] Size: 3 Evaluations: 61
[Task: 23] Size: 4 Evaluations: 74
[Task: 23] Size: 5 Evaluations: 140
[Task: 23] Size: 6 Evaluations: 296
[Task: 23] Size: 7 Evaluations: 550
[Task: 23] Size: 8 Evaluations: 1001
[Task: 23] Size: 9 Evaluations: 3272
[Task: 23] Size: 10 Evaluations: 9077
[Task: 23] Size: 11 Evaluations: 22661
[Task: 23] Size: 12 Evaluations: 64710
[Task: 23] Size: 13 Evaluations: 187123
[Task: 23] Size: 14 Evaluations: 582392
[Task: 23] Size: 15 Evaluations: 1902669
[Task: 23] Size: 16 Evaluations: 6486806
[Task: 24] Loading bustle model....
[Task: 24] Count: 24
[Task: 24] 
[Task: 24] 2021-09-08 21:14:19.190990
[Task: 24] Number of programs: 10
[Task: 24] Size: 0 Evaluations: 0
[Task: 24] Size: 1 Evaluations: 0
[Task: 24] Size: 2 Evaluations: 16
[Task: 24] Size: 3 Evaluations: 37
[Task: 24] Size: 4 Evaluations: 46
[Task: 24] Size: 5 Evaluations: 190
[Task: 24] Size: 6 Evaluations: 383
[Task: 24] Benchmark: create-email-address-from-name.sl
[Task: 24] Result: Success
[Task: 24] Program: concat(_arg_1.CharAt(0), concat(_arg_0, "_acme.com"))
[Task: 24] Number of evaluations: 826
[Task: 24] 2021-09-08 21:14:19.832723
[Task: 24] Time taken: 0:00:00.641642
[Task: 24] 
[Task: 25] Loading bustle model....
[Task: 25] Count: 25
[Task: 25] 
[Task: 25] 2021-09-08 21:14:19.131804
[Task: 25] Number of programs: 11
[Task: 25] Size: 0 Evaluations: 0
[Task: 25] Size: 1 Evaluations: 0
[Task: 25] Size: 2 Evaluations: 17
[Task: 25] Size: 3 Evaluations: 46
[Task: 25] Size: 4 Evaluations: 49
[Task: 25] Size: 5 Evaluations: 274
[Task: 25] Size: 6 Evaluations: 616
[Task: 25] Size: 7 Evaluations: 1592
[Task: 25] Size: 8 Evaluations: 4823
[Task: 25] Benchmark: create-email-address-with-name-and-domain.sl
[Task: 25] Result: Success
[Task: 25] Program: concat(_arg_0.CharAt(0), concat(_arg_1, concat("_", _arg_2)))
[Task: 25] Number of evaluations: 9064
[Task: 25] 2021-09-08 21:14:22.293611
[Task: 25] Time taken: 0:00:03.161808
[Task: 25] 
[Task: 26] Loading bustle model....
[Task: 26] Count: 26
[Task: 26] 
[Task: 26] 2021-09-08 21:14:19.107728
[Task: 26] Number of programs: 9
[Task: 26] Size: 0 Evaluations: 0
[Task: 26] Size: 1 Evaluations: 0
[Task: 26] Size: 2 Evaluations: 15
[Task: 26] Size: 3 Evaluations: 33
[Task: 26] Size: 4 Evaluations: 37
[Task: 26] Size: 5 Evaluations: 145
[Task: 26] Size: 6 Evaluations: 278
[Task: 26] Size: 7 Evaluations: 649
[Task: 26] Size: 8 Evaluations: 1278
[Task: 26] Benchmark: dr-name.sl
[Task: 26] Result: Success
[Task: 26] Program: concat("Dr.", concat(" ", name[:name.IndexOf(" ")]))
[Task: 26] Number of evaluations: 2543
[Task: 26] 2021-09-08 21:14:20.665054
[Task: 26] Time taken: 0:00:01.554622
[Task: 26] 
[Task: 27] Loading bustle model....
[Task: 27] Count: 27
[Task: 27] 
[Task: 27] 2021-09-08 21:14:19.101041
[Task: 27] Number of programs: 10
[Task: 27] Size: 0 Evaluations: 0
[Task: 27] Size: 1 Evaluations: 0
[Task: 27] Size: 2 Evaluations: 14
[Task: 27] Size: 3 Evaluations: 30
[Task: 27] Size: 4 Evaluations: 33
[Task: 27] Size: 5 Evaluations: 152
[Task: 27] Size: 6 Evaluations: 321
[Task: 27] Size: 7 Evaluations: 1246
[Task: 27] Size: 8 Evaluations: 3578
[Task: 27] Benchmark: exceljet1.sl
[Task: 27] Result: Success
[Task: 27] Program: _arg_1[concat(" ", _arg_1).IndexOf("_"):]
[Task: 27] Number of evaluations: 14626
[Task: 27] 2021-09-08 21:14:22.747481
[Task: 27] Time taken: 0:00:03.644904
[Task: 27] 
[Task: 28] Loading bustle model....
[Task: 28] Count: 28
[Task: 28] 
[Task: 28] 2021-09-08 21:14:19.214749
[Task: 28] Number of programs: 9
[Task: 28] Size: 0 Evaluations: 0
[Task: 28] Size: 1 Evaluations: 0
[Task: 28] Size: 2 Evaluations: 11
[Task: 28] Size: 3 Evaluations: 18
[Task: 28] Size: 4 Evaluations: 14
[Task: 28] Size: 5 Evaluations: 68
[Task: 28] Size: 6 Evaluations: 112
[Task: 28] Size: 7 Evaluations: 443
[Task: 28] Size: 8 Evaluations: 860
[Task: 28] Size: 9 Evaluations: 3416
[Task: 28] Size: 10 Evaluations: 7675
[Task: 28] Size: 11 Evaluations: 28918
[Task: 28] Size: 12 Evaluations: 72620
[Task: 28] Size: 13 Evaluations: 263670
[Task: 28] Size: 14 Evaluations: 719226
[Task: 28] Benchmark: exceljet2.sl
[Task: 28] Result: Success
[Task: 28] Program: _arg_0[(-1 - (1 + 1)):].replace(".", "")
[Task: 28] Number of evaluations: 2489770
[Task: 28] 2021-09-08 21:28:58.043153
[Task: 28] Time taken: 0:14:38.828363
[Task: 28] 
[Task: 29] Loading bustle model....
[Task: 29] Count: 29
[Task: 29] 
[Task: 29] 2021-09-08 21:14:19.102988
[Task: 29] Number of programs: 9
[Task: 29] Size: 0 Evaluations: 0
[Task: 29] Size: 1 Evaluations: 0
[Task: 29] Size: 2 Evaluations: 11
[Task: 29] Size: 3 Evaluations: 19
[Task: 29] Size: 4 Evaluations: 18
[Task: 29] Size: 5 Evaluations: 76
[Task: 29] Size: 6 Evaluations: 165
[Task: 29] Size: 7 Evaluations: 499
[Task: 29] Benchmark: exceljet3.sl
[Task: 29] Result: Success
[Task: 29] Program: _arg_0[concat(" ", _arg_0).IndexOf("="):].strip()
[Task: 29] Number of evaluations: 1458
[Task: 29] 2021-09-08 21:14:20.022110
[Task: 29] Time taken: 0:00:00.917650
[Task: 29] 
[Task: 30] Loading bustle model....
[Task: 30] Count: 30
[Task: 30] 
[Task: 30] 2021-09-08 21:14:19.045781
[Task: 30] Number of programs: 10
[Task: 30] Size: 0 Evaluations: 0
[Task: 30] Size: 1 Evaluations: 0
[Task: 30] Size: 2 Evaluations: 12
[Task: 30] Size: 3 Evaluations: 26
[Task: 30] Size: 4 Evaluations: 29
[Task: 30] Size: 5 Evaluations: 111
[Task: 30] Size: 6 Evaluations: 268
[Task: 30] Size: 7 Evaluations: 982
[Task: 30] Size: 8 Evaluations: 2859
[Task: 30] Benchmark: exceljet4.sl
[Task: 30] Result: Success
[Task: 30] Program: _arg_0[(1 + (1 + _arg_0.IndexOf("/"))):]
[Task: 30] Number of evaluations: 12392
[Task: 30] 2021-09-08 21:14:22.629384
[Task: 30] Time taken: 0:00:03.583522
[Task: 30] 
[Task: 31] Loading bustle model....
[Task: 31] Count: 31
[Task: 31] 
[Task: 31] 2021-09-09 19:12:46.000429
[Task: 31] Number of programs: 14
[Task: 31] Size: 0 Evaluations: 0
[Task: 31] Size: 1 Evaluations: 0
[Task: 31] Size: 2 Evaluations: 15
[Task: 31] Size: 3 Evaluations: 45
[Task: 31] Size: 4 Evaluations: 49
[Task: 31] Size: 5 Evaluations: 305
[Task: 31] Size: 6 Evaluations: 711
[Task: 31] Size: 7 Evaluations: 3657
[Task: 31] Size: 8 Evaluations: 12308
[Task: 31] Size: 9 Evaluations: 60192
[Task: 31] Size: 10 Evaluations: 225887
[Task: 31] Size: 11 Evaluations: 1050642
[Task: 31] Size: 12 Evaluations: 4526983
[Task: 32] Loading bustle model....
[Task: 32] Count: 32
[Task: 32] 
[Task: 32] 2021-09-09 19:12:46.057995
[Task: 32] Number of programs: 11
[Task: 32] Size: 0 Evaluations: 0
[Task: 32] Size: 1 Evaluations: 0
[Task: 32] Size: 2 Evaluations: 12
[Task: 32] Size: 3 Evaluations: 26
[Task: 32] Size: 4 Evaluations: 34
[Task: 32] Size: 5 Evaluations: 120
[Task: 32] Size: 6 Evaluations: 276
[Task: 32] Size: 7 Evaluations: 1021
[Task: 32] Size: 8 Evaluations: 3143
[Task: 32] Size: 9 Evaluations: 11473
[Task: 32] Size: 10 Evaluations: 40307
[Task: 32] Size: 11 Evaluations: 145166
[Task: 32] Size: 12 Evaluations: 547717
[Task: 32] Size: 13 Evaluations: 1995898
[Task: 33] Loading bustle model....
[Task: 33] Count: 33
[Task: 33] 
[Task: 33] 2021-09-08 21:14:19.041678
[Task: 33] Number of programs: 7
[Task: 33] Size: 0 Evaluations: 0
[Task: 33] Size: 1 Evaluations: 0
[Task: 33] Size: 2 Evaluations: 10
[Task: 33] Size: 3 Evaluations: 17
[Task: 33] Size: 4 Evaluations: 13
[Task: 33] Benchmark: firstname.sl
[Task: 33] Result: Success
[Task: 33] Program: name[:name.IndexOf(" ")]
[Task: 33] Number of evaluations: 67
[Task: 33] 2021-09-08 21:14:19.411163
[Task: 33] Time taken: 0:00:00.369459
[Task: 33] 
[Task: 34] Loading bustle model....
[Task: 34] Count: 34
[Task: 34] 
[Task: 34] 2021-09-08 23:03:21.929711
[Task: 34] Number of programs: 10
[Task: 34] Size: 0 Evaluations: 0
[Task: 34] Size: 1 Evaluations: 0
[Task: 34] Size: 2 Evaluations: 14
[Task: 34] Size: 3 Evaluations: 32
[Task: 34] Size: 4 Evaluations: 47
[Task: 34] Benchmark: get-domain-from-email-address_2.sl
[Task: 34] Result: Success
[Task: 34] Program: _arg_1[:_arg_1.IndexOf("_")]
[Task: 34] Number of evaluations: 215
[Task: 34] 2021-09-08 23:03:22.394494
[Task: 34] Time taken: 0:00:00.461613
[Task: 34] 
[Task: 35] Loading bustle model....
[Task: 35] Count: 35
[Task: 35] 
[Task: 35] 2021-09-09 19:12:46.035428
[Task: 35] Number of programs: 11
[Task: 35] Size: 0 Evaluations: 0
[Task: 35] Size: 1 Evaluations: 0
[Task: 35] Size: 2 Evaluations: 13
[Task: 35] Size: 3 Evaluations: 29
[Task: 35] Size: 4 Evaluations: 31
[Task: 35] Size: 5 Evaluations: 186
[Task: 35] Size: 6 Evaluations: 385
[Task: 35] Size: 7 Evaluations: 1518
[Task: 35] Size: 8 Evaluations: 4432
[Task: 35] Size: 9 Evaluations: 16902
[Task: 35] Size: 10 Evaluations: 58999
[Task: 35] Size: 11 Evaluations: 213709
[Task: 35] Size: 12 Evaluations: 831425
[Task: 35] Size: 13 Evaluations: 3006066
[Task: 36] Loading bustle model....
[Task: 36] Count: 36
[Task: 36] 
[Task: 36] 2021-09-08 23:03:21.900550
[Task: 36] Number of programs: 8
[Task: 36] Size: 0 Evaluations: 0
[Task: 36] Size: 1 Evaluations: 0
[Task: 36] Size: 2 Evaluations: 11
[Task: 36] Size: 3 Evaluations: 14
[Task: 36] Size: 4 Evaluations: 28
[Task: 36] Benchmark: get-first-name-from-name.sl
[Task: 36] Result: Success
[Task: 36] Program: _arg_0[:_arg_0.IndexOf(" ")]
[Task: 36] Number of evaluations: 93
[Task: 36] 2021-09-08 23:03:22.358903
[Task: 36] Time taken: 0:00:00.458342
[Task: 36] 
[Task: 37] Loading bustle model....
[Task: 37] Count: 37
[Task: 37] 
[Task: 37] 2021-09-08 23:03:21.927069
[Task: 37] Number of programs: 8
[Task: 37] Size: 0 Evaluations: 0
[Task: 37] Size: 1 Evaluations: 0
[Task: 37] Size: 2 Evaluations: 11
[Task: 37] Size: 3 Evaluations: 13
[Task: 37] Size: 4 Evaluations: 4
[Task: 37] Size: 5 Evaluations: 23
[Task: 37] Size: 6 Evaluations: 5
[Task: 37] Size: 7 Evaluations: 23
[Task: 37] Size: 8 Evaluations: 10
[Task: 37] Size: 9 Evaluations: 60
[Task: 37] Size: 10 Evaluations: 68
[Task: 37] Size: 11 Evaluations: 195
[Task: 37] Size: 12 Evaluations: 278
[Task: 37] Size: 13 Evaluations: 377
[Task: 37] Size: 14 Evaluations: 753
[Task: 37] Size: 15 Evaluations: 866
[Task: 37] Size: 16 Evaluations: 1866
[Task: 37] Size: 17 Evaluations: 2593
[Task: 37] Benchmark: get-first-word.sl
[Task: 37] Result: Success
[Task: 37] Program: _arg_0[:_arg_0.replace(" ", _arg_0).IndexOf(_arg_0)]
[Task: 37] Number of evaluations: 10186
[Task: 37] 2021-09-08 23:03:26.158961
[Task: 37] Time taken: 0:00:04.228987
[Task: 37] 
[Task: 38] Loading bustle model....
[Task: 38] Count: 38
[Task: 38] 
[Task: 38] 2021-09-09 19:12:46.015553
[Task: 38] Number of programs: 9
[Task: 38] Size: 0 Evaluations: 0
[Task: 38] Size: 1 Evaluations: 0
[Task: 38] Size: 2 Evaluations: 14
[Task: 38] Size: 3 Evaluations: 19
[Task: 38] Size: 4 Evaluations: 39
[Task: 38] Size: 5 Evaluations: 114
[Task: 38] Size: 6 Evaluations: 323
[Task: 38] Size: 7 Evaluations: 872
[Task: 38] Size: 8 Evaluations: 2839
[Task: 38] Size: 9 Evaluations: 8554
[Task: 38] Size: 10 Evaluations: 27526
[Task: 38] Size: 11 Evaluations: 88244
[Task: 38] Size: 12 Evaluations: 293181
[Task: 38] Size: 13 Evaluations: 971306
[Task: 38] Size: 14 Evaluations: 3291937
[Task: 39] Loading bustle model....
[Task: 39] Count: 39
[Task: 39] 
[Task: 39] 2021-09-08 23:03:21.884775
[Task: 39] Number of programs: 8
[Task: 39] Size: 0 Evaluations: 0
[Task: 39] Size: 1 Evaluations: 0
[Task: 39] Size: 2 Evaluations: 11
[Task: 39] Size: 3 Evaluations: 13
[Task: 39] Size: 4 Evaluations: 20
[Task: 39] Size: 5 Evaluations: 52
[Task: 39] Size: 6 Evaluations: 133
[Task: 39] Size: 7 Evaluations: 335
[Task: 39] Benchmark: get-last-name-from-name.sl
[Task: 39] Result: Success
[Task: 39] Program: _arg_0[concat(" ", _arg_0).IndexOf(" ",1):]
[Task: 39] Number of evaluations: 1360
[Task: 39] 2021-09-08 23:03:22.657127
[Task: 39] Time taken: 0:00:00.772281
[Task: 39] 
[Task: 40] Loading bustle model....
[Task: 40] Count: 40
[Task: 40] 
[Task: 40] 2021-09-09 00:20:22.855035
[Task: 40] Number of programs: 9
[Task: 40] Size: 0 Evaluations: 0
[Task: 40] Size: 1 Evaluations: 0
[Task: 40] Size: 2 Evaluations: 11
[Task: 40] Size: 3 Evaluations: 18
[Task: 40] Size: 4 Evaluations: 18
[Task: 40] Size: 5 Evaluations: 66
[Task: 40] Size: 6 Evaluations: 121
[Task: 40] Size: 7 Evaluations: 308
[Task: 40] Size: 8 Evaluations: 672
[Task: 40] Size: 9 Evaluations: 1616
[Task: 40] Size: 10 Evaluations: 3844
[Task: 40] Size: 11 Evaluations: 8920
[Task: 40] Size: 12 Evaluations: 21492
[Task: 40] Size: 13 Evaluations: 52131
[Task: 40] Size: 14 Evaluations: 128317
[Task: 40] Benchmark: get-last-name-from-name-with-comma.sl
[Task: 40] Result: Success
[Task: 40] Program: concat(_arg_0[(1 + _arg_0.IndexOf(",")):], concat(",", _arg_0[:_arg_0.IndexOf(",")]))
[Task: 40] Number of evaluations: 298708
[Task: 40] 2021-09-09 00:22:27.562358
[Task: 40] Time taken: 0:02:04.705460
[Task: 40] 
[Task: 41] Loading bustle model....
[Task: 41] Count: 41
[Task: 41] 
[Task: 41] 2021-09-09 00:20:22.850102
[Task: 41] Number of programs: 8
[Task: 41] Size: 0 Evaluations: 0
[Task: 41] Size: 1 Evaluations: 0
[Task: 41] Size: 2 Evaluations: 10
[Task: 41] Size: 3 Evaluations: 13
[Task: 41] Size: 4 Evaluations: 18
[Task: 41] Size: 5 Evaluations: 50
[Task: 41] Size: 6 Evaluations: 124
[Task: 41] Size: 7 Evaluations: 303
[Task: 41] Size: 8 Evaluations: 949
[Task: 41] Size: 9 Evaluations: 2464
[Task: 41] Size: 10 Evaluations: 8174
[Task: 41] Size: 11 Evaluations: 22499
[Task: 41] Size: 12 Evaluations: 76028
[Task: 41] Size: 13 Evaluations: 219330
[Task: 41] Benchmark: get-last-word.sl
[Task: 41] Result: Success
[Task: 41] Program: _arg_0[(-1 - (1 + (1 + 1))):]
[Task: 41] Number of evaluations: 869278
[Task: 41] 2021-09-09 00:25:58.275741
[Task: 41] Time taken: 0:05:35.425651
[Task: 41] 
[Task: 42] Loading bustle model....
[Task: 42] Count: 42
[Task: 42] 
[Task: 42] 2021-09-09 19:12:46.003347
[Task: 42] Number of programs: 8
[Task: 42] Size: 0 Evaluations: 0
[Task: 42] Size: 1 Evaluations: 0
[Task: 42] Size: 2 Evaluations: 10
[Task: 42] Size: 3 Evaluations: 13
[Task: 42] Size: 4 Evaluations: 5
[Task: 42] Size: 5 Evaluations: 30
[Task: 42] Size: 6 Evaluations: 10
[Task: 42] Size: 7 Evaluations: 50
[Task: 42] Size: 8 Evaluations: 15
[Task: 42] Size: 9 Evaluations: 82
[Task: 42] Size: 10 Evaluations: 61
[Task: 42] Size: 11 Evaluations: 199
[Task: 42] Size: 12 Evaluations: 295
[Task: 42] Size: 13 Evaluations: 409
[Task: 42] Size: 14 Evaluations: 960
[Task: 42] Size: 15 Evaluations: 819
[Task: 42] Size: 16 Evaluations: 2420
[Task: 42] Size: 17 Evaluations: 1906
[Task: 42] Size: 18 Evaluations: 5802
[Task: 42] Size: 19 Evaluations: 5657
[Task: 42] Size: 20 Evaluations: 14580
[Task: 42] Size: 21 Evaluations: 19266
[Task: 42] Benchmark: get-middle-name-from-full-name.sl
[Task: 42] Result: Success
[Task: 42] Program: _arg_0.Substr(1,(-1 + (-1 + -1))).Substr(_arg_0.IndexOf(" "),(-1 + (-1 + -1)))
[Task: 42] Number of evaluations: 61536
[Task: 42] 2021-09-09 19:13:21.987158
[Task: 42] Time taken: 0:00:35.980592
[Task: 42] 
[Task: 43] Loading bustle model....
[Task: 43] Count: 43
[Task: 43] 
[Task: 43] 2021-09-09 19:12:46.028054
[Task: 43] Number of programs: 8
[Task: 43] Size: 0 Evaluations: 0
[Task: 43] Size: 1 Evaluations: 0
[Task: 43] Size: 2 Evaluations: 11
[Task: 43] Size: 3 Evaluations: 22
[Task: 43] Size: 4 Evaluations: 9
[Task: 43] Size: 5 Evaluations: 54
[Task: 43] Size: 6 Evaluations: 61
[Task: 43] Size: 7 Evaluations: 155
[Task: 43] Size: 8 Evaluations: 216
[Task: 43] Size: 9 Evaluations: 491
[Task: 43] Size: 10 Evaluations: 852
[Task: 43] Size: 11 Evaluations: 1637
[Task: 43] Size: 12 Evaluations: 3339
[Task: 43] Size: 13 Evaluations: 6146
[Task: 43] Size: 14 Evaluations: 12708
[Task: 43] Size: 15 Evaluations: 22746
[Task: 43] Size: 16 Evaluations: 46017
[Task: 43] Size: 17 Evaluations: 83295
[Task: 43] Size: 18 Evaluations: 161582
[Task: 43] Size: 19 Evaluations: 300655
[Task: 43] Size: 20 Evaluations: 566520
[Task: 43] Size: 21 Evaluations: 1069332
[Task: 43] Size: 22 Evaluations: 2008253
[Task: 44] Loading bustle model....
[Task: 44] Count: 44
[Task: 44] 
[Task: 44] 2021-09-09 00:20:22.788234
[Task: 44] Number of programs: 11
[Task: 44] Size: 0 Evaluations: 0
[Task: 44] Size: 1 Evaluations: 0
[Task: 44] Size: 2 Evaluations: 17
[Task: 44] Size: 3 Evaluations: 42
[Task: 44] Size: 4 Evaluations: 35
[Task: 44] Size: 5 Evaluations: 253
[Task: 44] Size: 6 Evaluations: 274
[Task: 44] Size: 7 Evaluations: 1036
[Task: 44] Size: 8 Evaluations: 1670
[Task: 44] Size: 9 Evaluations: 3795
[Task: 44] Size: 10 Evaluations: 8326
[Task: 44] Size: 11 Evaluations: 15089
[Task: 44] Size: 12 Evaluations: 35039
[Task: 44] Size: 13 Evaluations: 63342
[Task: 44] Size: 14 Evaluations: 137246
[Task: 44] Size: 15 Evaluations: 263296
[Task: 44] Size: 16 Evaluations: 544716
[Task: 44] Size: 17 Evaluations: 1134012
[Task: 44] Benchmark: join-cells-with-comma.sl
[Task: 44] Result: Success
[Task: 44] Program: concat(_arg_0, concat(",", concat(" ", concat(_arg_1, (ifEqual("",_arg_1) then _arg_2 else concat(",", concat(" ", _arg_2)))))))
[Task: 44] Number of evaluations: 2274739
[Task: 44] 2021-09-09 00:39:20.215689
[Task: 44] Time taken: 0:18:57.427508
[Task: 44] 
[Task: 45] Loading bustle model....
[Task: 45] Count: 45
[Task: 45] 
[Task: 45] 2021-09-09 00:20:22.834773
[Task: 45] Number of programs: 9
[Task: 45] Size: 0 Evaluations: 0
[Task: 45] Size: 1 Evaluations: 0
[Task: 45] Size: 2 Evaluations: 13
[Task: 45] Size: 3 Evaluations: 23
[Task: 45] Size: 4 Evaluations: 32
[Task: 45] Benchmark: join-first-and-last-name.sl
[Task: 45] Result: Success
[Task: 45] Program: concat(_arg_0, concat(" ", _arg_1))
[Task: 45] Number of evaluations: 81
[Task: 45] 2021-09-09 00:20:23.213781
[Task: 45] Time taken: 0:00:00.378946
[Task: 45] 
[Task: 46] Loading bustle model....
[Task: 46] Count: 46
[Task: 46] 
[Task: 46] 2021-09-09 00:20:22.869794
[Task: 46] Number of programs: 6
[Task: 46] Size: 0 Evaluations: 0
[Task: 46] Size: 1 Evaluations: 0
[Task: 46] Size: 2 Evaluations: 9
[Task: 46] Size: 3 Evaluations: 11
[Task: 46] Size: 4 Evaluations: 11
[Task: 46] Size: 5 Evaluations: 25
[Task: 46] Size: 6 Evaluations: 58
[Task: 46] Benchmark: lastname.sl
[Task: 46] Result: Success
[Task: 46] Program: name[name.IndexOf(" "):].strip()
[Task: 46] Number of evaluations: 174
[Task: 46] 2021-09-09 00:20:23.432230
[Task: 46] Time taken: 0:00:00.560449
[Task: 46] 
[Task: 47] Loading bustle model....
[Task: 47] Count: 47
[Task: 47] 
[Task: 47] 2021-09-09 00:20:22.908919
[Task: 47] Number of programs: 10
[Task: 47] Size: 0 Evaluations: 0
[Task: 47] Size: 1 Evaluations: 0
[Task: 47] Size: 2 Evaluations: 15
[Task: 47] Size: 3 Evaluations: 39
[Task: 47] Size: 4 Evaluations: 63
[Task: 47] Size: 5 Evaluations: 274
[Task: 47] Benchmark: most-frequently-occurring-text.sl
[Task: 47] Result: Success
[Task: 47] Program: (ifEqual(_arg_0,_arg_1) then _arg_0 else _arg_2)
[Task: 47] Number of evaluations: 983
[Task: 47] 2021-09-09 00:20:23.522306
[Task: 47] Time taken: 0:00:00.613291
[Task: 47] 
[Task: 48] Loading bustle model....
[Task: 48] Count: 48
[Task: 48] 
[Task: 48] 2021-09-09 00:20:22.861455
[Task: 48] Number of programs: 9
[Task: 48] Size: 0 Evaluations: 0
[Task: 48] Size: 1 Evaluations: 0
[Task: 48] Size: 2 Evaluations: 15
[Task: 48] Size: 3 Evaluations: 34
[Task: 48] Size: 4 Evaluations: 28
[Task: 48] Size: 5 Evaluations: 124
[Task: 48] Size: 6 Evaluations: 226
[Task: 48] Size: 7 Evaluations: 462
[Task: 48] Size: 8 Evaluations: 916
[Task: 48] Benchmark: name-combine-2.sl
[Task: 48] Result: Success
[Task: 48] Program: concat(firstname, concat(" ", concat(lastname.CharAt(0), ".")))
[Task: 48] Number of evaluations: 1864
[Task: 48] 2021-09-09 00:20:24.259178
[Task: 48] Time taken: 0:00:01.395044
[Task: 48] 
[Task: 49] Loading bustle model....
[Task: 49] Count: 49
[Task: 49] 
[Task: 49] 2021-09-09 00:20:22.940189
[Task: 49] Number of programs: 9
[Task: 49] Size: 0 Evaluations: 0
[Task: 49] Size: 1 Evaluations: 0
[Task: 49] Size: 2 Evaluations: 15
[Task: 49] Size: 3 Evaluations: 35
[Task: 49] Size: 4 Evaluations: 35
[Task: 49] Size: 5 Evaluations: 139
[Task: 49] Size: 6 Evaluations: 239
[Task: 49] Size: 7 Evaluations: 614
[Task: 49] Size: 8 Evaluations: 1168
[Task: 49] Benchmark: name-combine-3.sl
[Task: 49] Result: Success
[Task: 49] Program: concat(firstname.CharAt(0), concat(".", concat(" ", lastname)))
[Task: 49] Number of evaluations: 2437
[Task: 49] 2021-09-09 00:20:24.656434
[Task: 49] Time taken: 0:00:01.716159
[Task: 49] 
[Task: 50] Loading bustle model....
[Task: 50] Count: 50
[Task: 50] 
[Task: 50] 2021-09-09 00:20:22.854063
[Task: 50] Number of programs: 10
[Task: 50] Size: 0 Evaluations: 0
[Task: 50] Size: 1 Evaluations: 0
[Task: 50] Size: 2 Evaluations: 16
[Task: 50] Size: 3 Evaluations: 44
[Task: 50] Size: 4 Evaluations: 41
[Task: 50] Size: 5 Evaluations: 168
[Task: 50] Size: 6 Evaluations: 316
[Task: 50] Size: 7 Evaluations: 698
[Task: 50] Size: 8 Evaluations: 1537
[Task: 50] Size: 9 Evaluations: 3200
[Task: 50] Size: 10 Evaluations: 6560
[Task: 50] Benchmark: name-combine-4.sl
[Task: 50] Result: Success
[Task: 50] Program: concat(lastname, concat(",", concat(" ", concat(firstname.CharAt(0), "."))))
[Task: 50] Number of evaluations: 13408
[Task: 50] 2021-09-09 00:20:30.284000
[Task: 50] Time taken: 0:00:07.428183
[Task: 50] 
[Task: 51] Loading bustle model....
[Task: 51] Count: 51
[Task: 51] 
[Task: 51] 2021-09-09 00:20:23.007087
[Task: 51] Number of programs: 8
[Task: 51] Size: 0 Evaluations: 0
[Task: 51] Size: 1 Evaluations: 0
[Task: 51] Size: 2 Evaluations: 14
[Task: 51] Size: 3 Evaluations: 27
[Task: 51] Size: 4 Evaluations: 46
[Task: 51] Benchmark: name-combine.sl
[Task: 51] Result: Success
[Task: 51] Program: concat(firstname, concat(" ", lastname))
[Task: 51] Number of evaluations: 101
[Task: 51] 2021-09-09 00:20:23.535396
[Task: 51] Time taken: 0:00:00.528186
[Task: 51] 
[Task: 52] Loading bustle model....
[Task: 52] Count: 52
[Task: 52] 
[Task: 52] 2021-09-09 19:12:46.082902
[Task: 52] Number of programs: 15
[Task: 52] Size: 0 Evaluations: 0
[Task: 52] Size: 1 Evaluations: 0
[Task: 52] Size: 2 Evaluations: 16
[Task: 52] Size: 3 Evaluations: 81
[Task: 52] Size: 4 Evaluations: 147
[Task: 52] Size: 5 Evaluations: 525
[Task: 52] Size: 6 Evaluations: 1254
[Task: 52] Size: 7 Evaluations: 4609
[Task: 52] Size: 8 Evaluations: 13129
[Task: 52] Size: 9 Evaluations: 47874
[Task: 52] Size: 10 Evaluations: 152150
[Task: 52] Size: 11 Evaluations: 532477
[Task: 52] Size: 12 Evaluations: 1732438
[Task: 53] Loading bustle model....
[Task: 53] Count: 53
[Task: 53] 
[Task: 53] 2021-09-09 00:20:22.842753
[Task: 53] Number of programs: 10
[Task: 53] Size: 0 Evaluations: 0
[Task: 53] Size: 1 Evaluations: 0
[Task: 53] Size: 2 Evaluations: 11
[Task: 53] Size: 3 Evaluations: 34
[Task: 53] Size: 4 Evaluations: 41
[Task: 53] Benchmark: phone-1.sl
[Task: 53] Result: Success
[Task: 53] Program: name[4:][:3]
[Task: 53] Number of evaluations: 176
[Task: 53] 2021-09-09 00:20:23.196752
[Task: 53] Time taken: 0:00:00.353932
[Task: 53] 
[Task: 54] Loading bustle model....
[Task: 54] Count: 54
[Task: 54] 
[Task: 54] 2021-09-09 00:20:22.899995
[Task: 54] Number of programs: 10
[Task: 54] Size: 0 Evaluations: 0
[Task: 54] Size: 1 Evaluations: 0
[Task: 54] Size: 2 Evaluations: 11
[Task: 54] Size: 3 Evaluations: 34
[Task: 54] Size: 4 Evaluations: 49
[Task: 54] Benchmark: phone-2.sl
[Task: 54] Result: Success
[Task: 54] Program: name[3:][5:]
[Task: 54] Number of evaluations: 214
[Task: 54] 2021-09-09 00:20:23.384739
[Task: 54] Time taken: 0:00:00.484684
[Task: 54] 
[Task: 55] Loading bustle model....
[Task: 55] Count: 55
[Task: 55] 
[Task: 55] 2021-09-09 00:20:22.910968
[Task: 55] Number of programs: 13
[Task: 55] Size: 0 Evaluations: 0
[Task: 55] Size: 1 Evaluations: 0
[Task: 55] Size: 2 Evaluations: 14
[Task: 55] Size: 3 Evaluations: 55
[Task: 55] Size: 4 Evaluations: 101
[Task: 55] Size: 5 Evaluations: 347
[Task: 55] Size: 6 Evaluations: 925
[Task: 55] Size: 7 Evaluations: 2849
[Task: 55] Benchmark: phone-3.sl
[Task: 55] Result: Success
[Task: 55] Program: concat("(", name.replace("-", concat(")", " ")))
[Task: 55] Number of evaluations: 4458
[Task: 55] 2021-09-09 00:20:25.446250
[Task: 55] Time taken: 0:00:02.535210
[Task: 55] 
[Task: 56] Loading bustle model....
[Task: 56] Count: 56
[Task: 56] 
[Task: 56] 2021-09-09 00:20:22.524702
[Task: 56] Number of programs: 14
[Task: 56] Size: 0 Evaluations: 0
[Task: 56] Size: 1 Evaluations: 0
[Task: 56] Size: 2 Evaluations: 15
[Task: 56] Size: 3 Evaluations: 66
[Task: 56] Size: 4 Evaluations: 117
[Task: 56] Benchmark: phone-4.sl
[Task: 56] Result: Success
[Task: 56] Program: name.replace("-", ".",2)
[Task: 56] Number of evaluations: 386
[Task: 56] 2021-09-09 00:20:23.072243
[Task: 56] Time taken: 0:00:00.547504
[Task: 56] 
[Task: 57] Loading bustle model....
[Task: 57] Count: 57
[Task: 57] 
[Task: 57] 2021-09-09 00:20:22.892091
[Task: 57] Number of programs: 13
[Task: 57] Size: 0 Evaluations: 0
[Task: 57] Size: 1 Evaluations: 0
[Task: 57] Size: 2 Evaluations: 14
[Task: 57] Size: 3 Evaluations: 56
[Task: 57] Size: 4 Evaluations: 98
[Task: 57] Size: 5 Evaluations: 492
[Task: 57] Benchmark: phone-5.sl
[Task: 57] Result: Success
[Task: 57] Program: name.Substr(1,name.IndexOf(" "))
[Task: 57] Number of evaluations: 1562
[Task: 57] 2021-09-09 00:20:23.635426
[Task: 57] Time taken: 0:00:00.743252
[Task: 57] 
[Task: 58] Loading bustle model....
[Task: 58] Count: 58
[Task: 58] 
[Task: 58] 2021-09-09 00:20:22.881799
[Task: 58] Number of programs: 13
[Task: 58] Size: 0 Evaluations: 0
[Task: 58] Size: 1 Evaluations: 0
[Task: 58] Size: 2 Evaluations: 14
[Task: 58] Size: 3 Evaluations: 57
[Task: 58] Size: 4 Evaluations: 118
[Task: 58] Size: 5 Evaluations: 457
[Task: 58] Size: 6 Evaluations: 1248
[Task: 58] Size: 7 Evaluations: 6819
[Task: 58] Benchmark: phone-6.sl
[Task: 58] Result: Success
[Task: 58] Program: name[name.IndexOf(" "):].Substr(1,4)
[Task: 58] Number of evaluations: 22515
[Task: 58] 2021-09-09 00:20:29.283895
[Task: 58] Time taken: 0:00:06.402020
[Task: 58] 
[Task: 59] Loading bustle model....
[Task: 59] Count: 59
[Task: 59] 
[Task: 59] 2021-09-09 01:24:06.495696
[Task: 59] Number of programs: 13
[Task: 59] Size: 0 Evaluations: 0
[Task: 59] Size: 1 Evaluations: 0
[Task: 59] Size: 2 Evaluations: 14
[Task: 59] Size: 3 Evaluations: 57
[Task: 59] Size: 4 Evaluations: 81
[Task: 59] Size: 5 Evaluations: 383
[Task: 59] Size: 6 Evaluations: 897
[Task: 59] Size: 7 Evaluations: 5557
[Task: 59] Benchmark: phone-7.sl
[Task: 59] Result: Success
[Task: 59] Program: name[name.IndexOf("-"):].Substr(1,4)
[Task: 59] Number of evaluations: 16718
[Task: 59] 2021-09-09 01:24:12.283583
[Task: 59] Time taken: 0:00:05.787861
[Task: 59] 
[Task: 60] Loading bustle model....
[Task: 60] Count: 60
[Task: 60] 
[Task: 60] 2021-09-09 01:25:33.450485
[Task: 60] Number of programs: 13
[Task: 60] Size: 0 Evaluations: 0
[Task: 60] Size: 1 Evaluations: 0
[Task: 60] Size: 2 Evaluations: 14
[Task: 60] Size: 3 Evaluations: 57
[Task: 60] Size: 4 Evaluations: 116
[Task: 60] Size: 5 Evaluations: 434
[Task: 60] Benchmark: phone-8.sl
[Task: 60] Result: Success
[Task: 60] Program: name[(name.Length() - 3):]
[Task: 60] Number of evaluations: 1360
[Task: 60] 2021-09-09 01:25:34.219279
[Task: 60] Time taken: 0:00:00.768783
[Task: 60] 
[Task: 61] Loading bustle model....
[Task: 61] Count: 61
[Task: 61] 
[Task: 61] 2021-09-09 01:25:33.461123
[Task: 61] Number of programs: 13
[Task: 61] Size: 0 Evaluations: 0
[Task: 61] Size: 1 Evaluations: 0
[Task: 61] Size: 2 Evaluations: 14
[Task: 61] Size: 3 Evaluations: 57
[Task: 61] Size: 4 Evaluations: 113
[Task: 61] Size: 5 Evaluations: 339
[Task: 61] Size: 6 Evaluations: 872
[Task: 61] Size: 7 Evaluations: 2254
[Task: 61] Size: 8 Evaluations: 6404
[Task: 61] Size: 9 Evaluations: 16059
[Task: 61] Size: 10 Evaluations: 48162
[Task: 61] Benchmark: phone-9.sl
[Task: 61] Result: Success
[Task: 61] Program: name[1:].replace("-", ".",2).replace(" ", ".")
[Task: 61] Number of evaluations: 129906
[Task: 61] 2021-09-09 01:26:30.308211
[Task: 61] Time taken: 0:00:56.847090
[Task: 61] 
[Task: 62] Loading bustle model....
[Task: 62] Count: 62
[Task: 62] 
[Task: 62] 2021-09-09 01:25:33.445598
[Task: 62] Number of programs: 10
[Task: 62] Size: 0 Evaluations: 0
[Task: 62] Size: 1 Evaluations: 0
[Task: 62] Size: 2 Evaluations: 11
[Task: 62] Benchmark: phone.sl
[Task: 62] Result: Success
[Task: 62] Program: name[:3]
[Task: 62] Number of evaluations: 23
[Task: 62] 2021-09-09 01:25:33.733168
[Task: 62] Time taken: 0:00:00.287485
[Task: 62] 
[Task: 63] Loading bustle model....
[Task: 63] Count: 63
[Task: 63] 
[Task: 63] 2021-09-09 01:25:33.468886
[Task: 63] Number of programs: 9
[Task: 63] Size: 0 Evaluations: 0
[Task: 63] Size: 1 Evaluations: 0
[Task: 63] Size: 2 Evaluations: 11
[Task: 63] Size: 3 Evaluations: 20
[Task: 63] Size: 4 Evaluations: 27
[Task: 63] Benchmark: remove-file-extension-from-filename.sl
[Task: 63] Result: Success
[Task: 63] Program: _arg_0[:_arg_0.IndexOf(".")]
[Task: 63] Number of evaluations: 117
[Task: 63] 2021-09-09 01:25:33.876146
[Task: 63] Time taken: 0:00:00.405653
[Task: 63] 
[Task: 64] Loading bustle model....
[Task: 64] Count: 64
[Task: 64] 
[Task: 64] 2021-09-09 01:25:33.521810
[Task: 64] Number of programs: 8
[Task: 64] Size: 0 Evaluations: 0
[Task: 64] Size: 1 Evaluations: 0
[Task: 64] Size: 2 Evaluations: 11
[Task: 64] Size: 3 Evaluations: 14
[Task: 64] Size: 4 Evaluations: 15
[Task: 64] Size: 5 Evaluations: 41
[Task: 64] Size: 6 Evaluations: 88
[Task: 64] Size: 7 Evaluations: 185
[Task: 64] Size: 8 Evaluations: 476
[Task: 64] Size: 9 Evaluations: 1144
[Task: 64] Size: 10 Evaluations: 2687
[Task: 64] Size: 11 Evaluations: 6639
[Task: 64] Size: 12 Evaluations: 17348
[Task: 64] Size: 13 Evaluations: 44198
[Task: 64] Size: 14 Evaluations: 118417
[Task: 64] Size: 15 Evaluations: 311742
[Task: 64] Size: 16 Evaluations: 847022
[Task: 64] Benchmark: remove-leading-and-trailing-spaces-from-text.sl
[Task: 64] Result: Success
[Task: 64] Program: _arg_0.replace(" ", concat(" ", _arg_0[-1:])).replace(" ", "",-1).replace(_arg_0[-1:], " ")
[Task: 64] Number of evaluations: 2391085
[Task: 64] 2021-09-09 01:41:12.465713
[Task: 64] Time taken: 0:15:38.943906
[Task: 64] 
[Task: 65] Loading bustle model....
[Task: 65] Count: 65
[Task: 65] 
[Task: 65] 2021-09-09 01:25:33.421488
[Task: 65] Number of programs: 9
[Task: 65] Size: 0 Evaluations: 0
[Task: 65] Size: 1 Evaluations: 0
[Task: 65] Size: 2 Evaluations: 10
[Task: 65] Size: 3 Evaluations: 19
[Task: 65] Size: 4 Evaluations: 26
[Task: 65] Benchmark: remove-text-by-matching.sl
[Task: 65] Result: Success
[Task: 65] Program: _arg_0.replace("-", "",-1)
[Task: 65] Number of evaluations: 101
[Task: 65] 2021-09-09 01:25:33.799029
[Task: 65] Time taken: 0:00:00.374413
[Task: 65] 
[Task: 66] Loading bustle model....
[Task: 66] Count: 66
[Task: 66] 
[Task: 66] 2021-09-09 19:12:46.069911
[Task: 66] Number of programs: 9
[Task: 66] Size: 0 Evaluations: 0
[Task: 66] Size: 1 Evaluations: 0
[Task: 66] Size: 2 Evaluations: 11
[Task: 66] Size: 3 Evaluations: 18
[Task: 66] Size: 4 Evaluations: 19
[Task: 66] Size: 5 Evaluations: 75
[Task: 66] Size: 6 Evaluations: 171
[Task: 66] Size: 7 Evaluations: 541
[Task: 66] Size: 8 Evaluations: 1394
[Task: 66] Size: 9 Evaluations: 4749
[Task: 66] Size: 10 Evaluations: 13724
[Task: 66] Size: 11 Evaluations: 46583
[Task: 66] Size: 12 Evaluations: 145222
[Task: 66] Size: 13 Evaluations: 492629
[Task: 66] Size: 14 Evaluations: 1605911
[Task: 66] Benchmark: remove-text-by-position.sl
[Task: 66] Result: Success
[Task: 66] Program: _arg_0[_arg_0.replace("/", "").IndexOf("/"):][_arg_0.replace("/", "").IndexOf("/"):]
[Task: 66] Number of evaluations: 6675117
[Task: 66] 2021-09-09 19:52:50.492504
[Task: 66] Time taken: 0:40:04.412273
[Task: 66] 
[Task: 67] Loading bustle model....
[Task: 67] Count: 67
[Task: 67] 
[Task: 67] 2021-09-09 01:25:33.354633
[Task: 67] Number of programs: 9
[Task: 67] Size: 0 Evaluations: 0
[Task: 67] Size: 1 Evaluations: 0
[Task: 67] Size: 2 Evaluations: 12
[Task: 67] Size: 3 Evaluations: 21
[Task: 67] Size: 4 Evaluations: 17
[Task: 67] Size: 5 Evaluations: 59
[Task: 67] Benchmark: remove-unwanted-characters.sl
[Task: 67] Result: Success
[Task: 67] Program: _arg_0.replace(_arg_1.strip(), "",-1)
[Task: 67] Number of evaluations: 191
[Task: 67] 2021-09-09 01:25:33.849292
[Task: 67] Time taken: 0:00:00.494639
[Task: 67] 
[Task: 68] Loading bustle model....
[Task: 68] Count: 68
[Task: 68] 
[Task: 68] 2021-09-09 01:25:33.382382
[Task: 68] Number of programs: 9
[Task: 68] Size: 0 Evaluations: 0
[Task: 68] Size: 1 Evaluations: 0
[Task: 68] Size: 2 Evaluations: 10
[Task: 68] Size: 3 Evaluations: 19
[Task: 68] Size: 4 Evaluations: 26
[Task: 68] Benchmark: replace-one-character-with-another.sl
[Task: 68] Result: Success
[Task: 68] Program: _arg_0.replace(" ", "-",-1)
[Task: 68] Number of evaluations: 95
[Task: 68] 2021-09-09 01:25:33.764328
[Task: 68] Time taken: 0:00:00.381939
[Task: 68] 
[Task: 69] Loading bustle model....
[Task: 69] Count: 69
[Task: 69] 
[Task: 69] 2021-09-09 01:25:33.469038
[Task: 69] Number of programs: 8
[Task: 69] Size: 0 Evaluations: 0
[Task: 69] Size: 1 Evaluations: 0
[Task: 69] Size: 2 Evaluations: 14
[Task: 69] Size: 3 Evaluations: 27
[Task: 69] Size: 4 Evaluations: 44
[Task: 69] Benchmark: reverse-name.sl
[Task: 69] Result: Success
[Task: 69] Program: concat(lastname, concat(" ", firstname))
[Task: 69] Number of evaluations: 114
[Task: 69] 2021-09-09 01:25:33.891437
[Task: 69] Time taken: 0:00:00.420563
[Task: 69] 
[Task: 70] Loading bustle model....
[Task: 70] Count: 70
[Task: 70] 
[Task: 70] 2021-09-09 19:12:45.996326
[Task: 70] Number of programs: 13
[Task: 70] Size: 0 Evaluations: 0
[Task: 70] Size: 1 Evaluations: 0
[Task: 70] Size: 2 Evaluations: 15
[Task: 70] Size: 3 Evaluations: 38
[Task: 70] Size: 4 Evaluations: 48
[Task: 70] Size: 5 Evaluations: 241
[Task: 70] Size: 6 Evaluations: 611
[Task: 70] Size: 7 Evaluations: 2319
[Task: 70] Size: 8 Evaluations: 7285
[Task: 70] Size: 9 Evaluations: 37030
[Task: 70] Size: 10 Evaluations: 123404
[Task: 70] Size: 11 Evaluations: 559829
[Task: 70] Benchmark: stackoverflow10.sl
[Task: 70] Result: Success
[Task: 70] Program: _arg_0[(2 + _arg_0.replace(" ", "").IndexOf(" ")):][:4]
[Task: 70] Number of evaluations: 1977792
[Task: 70] 2021-09-09 19:46:38.991067
[Task: 70] Time taken: 0:33:52.994905
[Task: 70] 
[Task: 71] Loading bustle model....
[Task: 71] Count: 71
[Task: 71] 
[Task: 71] 2021-09-09 01:25:33.440469
[Task: 71] Number of programs: 19
[Task: 71] Size: 0 Evaluations: 0
[Task: 71] Size: 1 Evaluations: 0
[Task: 71] Size: 2 Evaluations: 27
[Task: 71] Size: 3 Evaluations: 186
[Task: 71] Size: 4 Evaluations: 154
[Task: 71] Size: 5 Evaluations: 444
[Task: 71] Size: 6 Evaluations: 1590
[Task: 71] Size: 7 Evaluations: 5543
[Task: 71] Size: 8 Evaluations: 22209
[Task: 71] Size: 9 Evaluations: 70504
[Task: 71] Benchmark: stackoverflow11.sl
[Task: 71] Result: Success
[Task: 71] Program: _arg_0[_arg_0.IndexOf("_"):][1:].strip()
[Task: 71] Number of evaluations: 348074
[Task: 71] 2021-09-09 01:26:11.959552
[Task: 71] Time taken: 0:00:38.517359
[Task: 71] 
[Task: 72] Loading bustle model....
[Task: 72] Count: 72
[Task: 72] 
[Task: 72] 2021-09-09 01:25:33.414179
[Task: 72] Number of programs: 12
[Task: 72] Size: 0 Evaluations: 0
[Task: 72] Size: 1 Evaluations: 0
[Task: 72] Size: 2 Evaluations: 19
[Task: 72] Size: 3 Evaluations: 59
[Task: 72] Size: 4 Evaluations: 110
[Task: 72] Size: 5 Evaluations: 459
[Task: 72] Benchmark: stackoverflow1.sl
[Task: 72] Result: Success
[Task: 72] Program: _arg_0[:_arg_0.IndexOf("Inc")].strip()
[Task: 72] Number of evaluations: 2055
[Task: 72] 2021-09-09 01:25:34.084011
[Task: 72] Time taken: 0:00:00.669749
[Task: 72] 
[Task: 73] Loading bustle model....
[Task: 73] Count: 73
[Task: 73] 
[Task: 73] 2021-09-09 01:25:33.399033
[Task: 73] Number of programs: 9
[Task: 73] Size: 0 Evaluations: 0
[Task: 73] Size: 1 Evaluations: 0
[Task: 73] Size: 2 Evaluations: 13
[Task: 73] Size: 3 Evaluations: 17
[Task: 73] Size: 4 Evaluations: 32
[Task: 73] Size: 5 Evaluations: 92
[Task: 73] Size: 6 Evaluations: 283
[Task: 73] Size: 7 Evaluations: 685
[Task: 73] Size: 8 Evaluations: 2632
[Task: 73] Size: 9 Evaluations: 6912
[Task: 73] Size: 10 Evaluations: 26577
[Task: 73] Size: 11 Evaluations: 77312
[Task: 73] Benchmark: stackoverflow2.sl
[Task: 73] Result: Success
[Task: 73] Program: _arg_0[:-1][:-1][:-1][:-1][:-1].strip()
[Task: 73] Number of evaluations: 302021
[Task: 73] 2021-09-09 01:26:47.382496
[Task: 73] Time taken: 0:01:13.983500
[Task: 73] 
[Task: 74] Loading bustle model....
[Task: 74] Count: 74
[Task: 74] 
[Task: 74] 2021-09-09 01:25:33.401979
[Task: 74] Number of programs: 13
[Task: 74] Size: 0 Evaluations: 0
[Task: 74] Size: 1 Evaluations: 0
[Task: 74] Size: 2 Evaluations: 15
[Task: 74] Size: 3 Evaluations: 37
[Task: 74] Size: 4 Evaluations: 17
[Task: 74] Size: 5 Evaluations: 121
[Task: 74] Size: 6 Evaluations: 27
[Task: 74] Size: 7 Evaluations: 43
[Task: 74] Size: 8 Evaluations: 39
[Task: 74] Size: 9 Evaluations: 106
[Task: 74] Size: 10 Evaluations: 223
[Task: 74] Size: 11 Evaluations: 850
[Task: 74] Size: 12 Evaluations: 2855
[Task: 74] Size: 13 Evaluations: 3386
[Task: 74] Benchmark: stackoverflow3.sl
[Task: 74] Result: Success
[Task: 74] Program: _arg_0[(1 + _arg_0.IndexOf("9")):][3:]
[Task: 74] Number of evaluations: 9262
[Task: 74] 2021-09-09 01:25:37.562576
[Task: 74] Time taken: 0:00:04.160593
[Task: 74] 
[Task: 75] Loading bustle model....
[Task: 75] Count: 75
[Task: 75] 
[Task: 75] 2021-09-09 01:25:33.394705
[Task: 75] Number of programs: 12
[Task: 75] Size: 0 Evaluations: 0
[Task: 75] Size: 1 Evaluations: 0
[Task: 75] Size: 2 Evaluations: 14
[Task: 75] Size: 3 Evaluations: 45
[Task: 75] Size: 4 Evaluations: 43
[Task: 75] Size: 5 Evaluations: 103
[Task: 75] Size: 6 Evaluations: 211
[Task: 75] Size: 7 Evaluations: 535
[Task: 75] Size: 8 Evaluations: 996
[Task: 75] Size: 9 Evaluations: 2692
[Task: 75] Benchmark: stackoverflow4.sl
[Task: 75] Result: Success
[Task: 75] Program: _arg_0[:-1].replace(",", " ",-1).replace("<", " ")
[Task: 75] Number of evaluations: 8448
[Task: 75] 2021-09-09 01:25:35.680391
[Task: 75] Time taken: 0:00:02.285671
[Task: 75] 
[Task: 76] Loading bustle model....
[Task: 76] Count: 76
[Task: 76] 
[Task: 76] 2021-09-09 01:25:33.393074
[Task: 76] Number of programs: 13
[Task: 76] Size: 0 Evaluations: 0
[Task: 76] Size: 1 Evaluations: 0
[Task: 76] Size: 2 Evaluations: 17
[Task: 76] Size: 3 Evaluations: 63
[Task: 76] Size: 4 Evaluations: 104
[Task: 76] Size: 5 Evaluations: 409
[Task: 76] Size: 6 Evaluations: 1725
[Task: 76] Benchmark: stackoverflow5.sl
[Task: 76] Result: Success
[Task: 76] Program: _arg_0[:(-1 + _arg_0.IndexOf("1"))]
[Task: 76] Number of evaluations: 8079
[Task: 76] 2021-09-09 01:25:34.557105
[Task: 76] Time taken: 0:00:01.164023
[Task: 76] 
[Task: 77] Loading bustle model....
[Task: 77] Count: 77
[Task: 77] 
[Task: 77] 2021-09-09 19:12:46.049351
[Task: 77] Number of programs: 10
[Task: 77] Size: 0 Evaluations: 0
[Task: 77] Size: 1 Evaluations: 0
[Task: 77] Size: 2 Evaluations: 13
[Task: 77] Size: 3 Evaluations: 27
[Task: 77] Size: 4 Evaluations: 43
[Task: 77] Size: 5 Evaluations: 137
[Task: 77] Size: 6 Evaluations: 469
[Task: 77] Size: 7 Evaluations: 1453
[Task: 77] Size: 8 Evaluations: 5345
[Task: 77] Size: 9 Evaluations: 18365
[Task: 77] Size: 10 Evaluations: 69046
[Task: 77] Size: 11 Evaluations: 251657
[Task: 77] Size: 12 Evaluations: 949337
[Task: 77] Size: 13 Evaluations: 3575241
[Task: 78] Loading bustle model....
[Task: 78] Count: 78
[Task: 78] 
[Task: 78] 2021-09-09 01:25:33.416701
[Task: 78] Number of programs: 9
[Task: 78] Size: 0 Evaluations: 0
[Task: 78] Size: 1 Evaluations: 0
[Task: 78] Size: 2 Evaluations: 14
[Task: 78] Size: 3 Evaluations: 26
[Task: 78] Size: 4 Evaluations: 26
[Task: 78] Size: 5 Evaluations: 118
[Task: 78] Size: 6 Evaluations: 190
[Task: 78] Size: 7 Evaluations: 472
[Task: 78] Size: 8 Evaluations: 931
[Task: 78] Size: 9 Evaluations: 2064
[Task: 78] Size: 10 Evaluations: 4194
[Task: 78] Benchmark: stackoverflow7.sl
[Task: 78] Result: Success
[Task: 78] Program: _arg_0.replace(_arg_1.strip(), "").strip()
[Task: 78] Number of evaluations: 10800
[Task: 78] 2021-09-09 01:25:36.523070
[Task: 78] Time taken: 0:00:03.104798
[Task: 78] 
[Task: 79] Loading bustle model....
[Task: 79] Count: 79
[Task: 79] 
[Task: 79] 2021-09-09 01:36:24.194105
[Task: 79] Number of programs: 12
[Task: 79] Size: 0 Evaluations: 0
[Task: 79] Size: 1 Evaluations: 0
[Task: 79] Size: 2 Evaluations: 15
[Task: 79] Size: 3 Evaluations: 34
[Task: 79] Size: 4 Evaluations: 60
[Task: 79] Size: 5 Evaluations: 242
[Task: 79] Size: 6 Evaluations: 722
[Task: 79] Size: 7 Evaluations: 2721
[Task: 79] Size: 8 Evaluations: 11033
[Task: 79] Size: 9 Evaluations: 41728
[Task: 79] Benchmark: stackoverflow8.sl
[Task: 79] Result: Success
[Task: 79] Program: _arg_0[(2 + (4 + 4)):].replace("/", "")
[Task: 79] Number of evaluations: 136427
[Task: 79] 2021-09-09 01:36:47.769904
[Task: 79] Time taken: 0:00:23.574163
[Task: 79] 
[Task: 80] Loading bustle model....
[Task: 80] Count: 80
[Task: 80] 
[Task: 80] 2021-09-09 01:36:24.154685
[Task: 80] Number of programs: 8
[Task: 80] Size: 0 Evaluations: 0
[Task: 80] Size: 1 Evaluations: 0
[Task: 80] Size: 2 Evaluations: 11
[Task: 80] Size: 3 Evaluations: 13
[Task: 80] Size: 4 Evaluations: 15
[Task: 80] Size: 5 Evaluations: 44
[Task: 80] Size: 6 Evaluations: 89
[Task: 80] Size: 7 Evaluations: 221
[Task: 80] Size: 8 Evaluations: 552
[Task: 80] Size: 9 Evaluations: 1482
[Task: 80] Size: 10 Evaluations: 3916
[Task: 80] Size: 11 Evaluations: 10517
[Task: 80] Size: 12 Evaluations: 29796
[Task: 80] Size: 13 Evaluations: 81129
[Task: 80] Size: 14 Evaluations: 236657
[Task: 80] Size: 15 Evaluations: 655343
[Task: 80] Benchmark: stackoverflow9.sl
[Task: 80] Result: Success
[Task: 80] Program: _arg_0[_arg_0.replace(" ", _arg_0.CharAt(0)).IndexOf(" "):].strip()
[Task: 80] Number of evaluations: 1898914
[Task: 80] 2021-09-09 01:46:49.827697
[Task: 80] Time taken: 0:10:25.673016
[Task: 80] 
[Task: 81] Loading bustle model....
[Task: 81] Count: 81
[Task: 81] 
[Task: 81] 2021-09-09 01:36:24.224223
[Task: 81] Number of programs: 11
[Task: 81] Size: 0 Evaluations: 0
[Task: 81] Size: 1 Evaluations: 0
[Task: 81] Size: 2 Evaluations: 14
[Task: 81] Size: 3 Evaluations: 31
[Task: 81] Size: 4 Evaluations: 33
[Task: 81] Size: 5 Evaluations: 67
[Task: 81] Size: 6 Evaluations: 152
[Task: 81] Size: 7 Evaluations: 382
[Task: 81] Size: 8 Evaluations: 1145
[Task: 81] Size: 9 Evaluations: 2845
[Task: 81] Benchmark: strip-html-from-text-or-numbers.sl
[Task: 81] Result: Success
[Task: 81] Program: _arg_0.Substr(_arg_0.IndexOf(0.IntToStr()),_arg_0.IndexOf("<",1))
[Task: 81] Number of evaluations: 9214
[Task: 81] 2021-09-09 01:36:26.845802
[Task: 81] Time taken: 0:00:02.620194
[Task: 81] 
[Task: 82] Loading bustle model....
[Task: 82] Count: 82
[Task: 82] 
[Task: 82] 2021-09-09 19:12:46.008223
[Task: 82] Number of programs: 20
[Task: 82] Size: 0 Evaluations: 0
[Task: 82] Size: 1 Evaluations: 0
[Task: 82] Size: 2 Evaluations: 19
[Task: 82] Size: 3 Evaluations: 68
[Task: 82] Size: 4 Evaluations: 122
[Task: 82] Size: 5 Evaluations: 646
[Task: 82] Size: 6 Evaluations: 1268
[Task: 82] Size: 7 Evaluations: 4490
[Task: 82] Size: 8 Evaluations: 12478
[Task: 82] Size: 9 Evaluations: 45809
[Task: 82] Size: 10 Evaluations: 162234
[Task: 82] Size: 11 Evaluations: 863995
[Task: 82] Size: 12 Evaluations: 3745592
[Task: 83] Loading bustle model....
[Task: 83] Count: 83
[Task: 83] 
[Task: 83] 2021-09-09 19:12:46.031297
[Task: 83] Number of programs: 18
[Task: 83] Size: 0 Evaluations: 0
[Task: 83] Size: 1 Evaluations: 0
[Task: 83] Size: 2 Evaluations: 18
[Task: 83] Size: 3 Evaluations: 61
[Task: 83] Size: 4 Evaluations: 47
[Task: 83] Size: 5 Evaluations: 396
[Task: 83] Size: 6 Evaluations: 195
[Task: 83] Size: 7 Evaluations: 1614
[Task: 83] Size: 8 Evaluations: 3137
[Task: 83] Size: 9 Evaluations: 20028
[Task: 83] Size: 10 Evaluations: 41724
[Task: 83] Size: 11 Evaluations: 299963
[Task: 83] Size: 12 Evaluations: 793108
[Task: 83] Size: 13 Evaluations: 6328783
[Task: 84] Loading bustle model....
[Task: 84] Count: 84
[Task: 84] 
[Task: 84] 2021-09-09 01:36:24.195420
[Task: 84] Number of programs: 9
[Task: 84] Size: 0 Evaluations: 0
[Task: 84] Size: 1 Evaluations: 0
[Task: 84] Size: 2 Evaluations: 15
[Task: 84] Size: 3 Evaluations: 37
[Task: 84] Size: 4 Evaluations: 68
[Task: 84] Size: 5 Evaluations: 262
[Task: 84] Size: 6 Evaluations: 623
[Task: 84] Benchmark: univ_1.sl
[Task: 84] Result: Success
[Task: 84] Program: concat(col1, concat(",", concat(" ", col2)))
[Task: 84] Number of evaluations: 1066
[Task: 84] 2021-09-09 01:36:25.073912
[Task: 84] Time taken: 0:00:00.876007
[Task: 84] 
[Task: 85] Loading bustle model....
[Task: 85] Count: 85
[Task: 85] 
[Task: 85] 2021-09-09 19:12:46.073729
[Task: 85] Number of programs: 15
[Task: 85] Size: 0 Evaluations: 0
[Task: 85] Size: 1 Evaluations: 0
[Task: 85] Size: 2 Evaluations: 29
[Task: 85] Size: 3 Evaluations: 135
[Task: 85] Size: 4 Evaluations: 196
[Task: 85] Size: 5 Evaluations: 755
[Task: 85] Size: 6 Evaluations: 2463
[Task: 85] Size: 7 Evaluations: 6609
[Task: 85] Size: 8 Evaluations: 22382
[Task: 85] Size: 9 Evaluations: 71069
[Task: 85] Size: 10 Evaluations: 236851
[Task: 85] Size: 11 Evaluations: 782251
[Task: 85] Size: 12 Evaluations: 2492562
[Task: 86] Loading bustle model....
[Task: 86] Count: 86
[Task: 86] 
[Task: 86] 2021-09-09 01:36:24.214024
[Task: 86] Number of programs: 15
[Task: 86] Size: 0 Evaluations: 0
[Task: 86] Size: 1 Evaluations: 0
[Task: 86] Size: 2 Evaluations: 29
[Task: 86] Size: 3 Evaluations: 135
[Task: 86] Size: 4 Evaluations: 179
[Task: 86] Size: 5 Evaluations: 915
[Task: 86] Size: 6 Evaluations: 2464
[Task: 86] Size: 7 Evaluations: 7183
[Task: 86] Size: 8 Evaluations: 26838
[Task: 86] Size: 9 Evaluations: 82960
[Task: 86] Size: 10 Evaluations: 329101
[Task: 86] Size: 11 Evaluations: 1115214
[Task: 86] Benchmark: univ_3.sl
[Task: 86] Result: Success
[Task: 86] Program: (ifcol2.Contain("USA") then col2 else concat(col2, concat(",", concat(" ", "USA"))))
[Task: 86] Number of evaluations: 4533499
[Task: 86] 2021-09-09 01:58:58.574771
[Task: 86] Time taken: 0:22:34.361286
[Task: 86] 
[Task: 87] Loading bustle model....
[Task: 87] Count: 87
[Task: 87] 
[Task: 87] 2021-09-09 19:12:45.983359
[Task: 87] Number of programs: 16
[Task: 87] Size: 0 Evaluations: 0
[Task: 87] Size: 1 Evaluations: 0
[Task: 87] Size: 2 Evaluations: 33
[Task: 87] Size: 3 Evaluations: 168
[Task: 87] Size: 4 Evaluations: 331
[Task: 87] Size: 5 Evaluations: 1349
[Task: 87] Size: 6 Evaluations: 6028
[Task: 87] Size: 7 Evaluations: 18807
[Task: 87] Size: 8 Evaluations: 94516
[Task: 87] Size: 9 Evaluations: 376630
[Task: 87] Size: 10 Evaluations: 1625371
[Task: 88] Loading bustle model....
[Task: 88] Count: 88
[Task: 88] 
[Task: 88] 2021-09-09 19:12:45.978111
[Task: 88] Number of programs: 36
[Task: 88] Size: 0 Evaluations: 0
[Task: 88] Size: 1 Evaluations: 0
[Task: 88] Size: 2 Evaluations: 71
[Task: 88] Size: 3 Evaluations: 1007
[Task: 88] Size: 4 Evaluations: 2169
[Task: 88] Size: 5 Evaluations: 7986
[Task: 88] Size: 6 Evaluations: 66933
[Task: 88] Size: 7 Evaluations: 225731
[Task: 88] Size: 8 Evaluations: 1925982
