[Task: 0] Loading bustle model....
[Task: 0] Count: 0
[Task: 0] 
[Task: 0] 2021-09-09 16:57:35.082562
[Task: 0] Number of programs: 10
[Task: 0] Size: 0 Evaluations: 0
[Task: 0] Size: 1 Evaluations: 0
[Task: 0] Size: 2 Evaluations: 17
[Task: 0] Size: 3 Evaluations: 36
[Task: 0] Size: 4 Evaluations: 41
[Task: 0] Size: 5 Evaluations: 132
[Task: 0] Size: 6 Evaluations: 333
[Task: 0] Size: 7 Evaluations: 857
[Task: 0] Benchmark: 11440431.sl
[Task: 0] Result: Success
[Task: 0] Program: _arg_0.replace("US", "").replace("CAN", "").strip()
[Task: 0] Number of evaluations: 2521
[Task: 0] 2021-09-09 16:57:36.510675
[Task: 0] Time taken: 0:00:01.419504
[Task: 0] 
[Task: 1] Loading bustle model....
[Task: 1] Count: 1
[Task: 1] 
[Task: 1] 2021-09-09 16:57:35.122416
[Task: 1] Number of programs: 10
[Task: 1] Size: 0 Evaluations: 0
[Task: 1] Size: 1 Evaluations: 0
[Task: 1] Size: 2 Evaluations: 12
[Task: 1] Size: 3 Evaluations: 20
[Task: 1] Size: 4 Evaluations: 15
[Task: 1] Size: 5 Evaluations: 49
[Task: 1] Size: 6 Evaluations: 45
[Task: 1] Size: 7 Evaluations: 133
[Task: 1] Size: 8 Evaluations: 150
[Task: 1] Size: 9 Evaluations: 403
[Task: 1] Size: 10 Evaluations: 733
[Task: 1] Size: 11 Evaluations: 1320
[Task: 1] Size: 12 Evaluations: 3041
[Task: 1] Benchmark: 11604909.sl
[Task: 1] Result: Success
[Task: 1] Program: _arg_0[(-1 + _arg_0.IndexOf(".")):][:(1 + (1 + 1))]
[Task: 1] Number of evaluations: 8082
[Task: 1] 2021-09-09 16:57:41.182219
[Task: 1] Time taken: 0:00:06.052919
[Task: 1] 
[Task: 2] Loading bustle model....
[Task: 2] Count: 2
[Task: 2] 
[Task: 2] 2021-09-09 16:57:35.125444
[Task: 2] Number of programs: 9
[Task: 2] Size: 0 Evaluations: 0
[Task: 2] Size: 1 Evaluations: 0
[Task: 2] Size: 2 Evaluations: 10
[Task: 2] Size: 3 Evaluations: 16
[Task: 2] Size: 4 Evaluations: 14
[Task: 2] Size: 5 Evaluations: 45
[Task: 2] Size: 6 Evaluations: 61
[Task: 2] Size: 7 Evaluations: 129
[Task: 2] Size: 8 Evaluations: 159
[Task: 2] Size: 9 Evaluations: 301
[Task: 2] Size: 10 Evaluations: 535
[Task: 2] Size: 11 Evaluations: 947
[Task: 2] Benchmark: 17212077.sl
[Task: 2] Result: Success
[Task: 2] Program: _arg_0[:(1 + 1)] + "/" + _arg_0[_arg_0.IndexOf((1 + 1).IntToStr()):]
[Task: 2] Number of evaluations: 3413
[Task: 2] 2021-09-09 16:57:37.838335
[Task: 2] Time taken: 0:00:02.708948
[Task: 2] 
[Task: 3] Loading bustle model....
[Task: 3] Count: 3
[Task: 3] 
[Task: 3] 2021-09-09 16:57:35.129591
[Task: 3] Number of programs: 8
[Task: 3] Size: 0 Evaluations: 0
[Task: 3] Size: 1 Evaluations: 0
[Task: 3] Size: 2 Evaluations: 11
[Task: 3] Size: 3 Evaluations: 13
[Task: 3] Size: 4 Evaluations: 6
[Task: 3] Size: 5 Evaluations: 26
[Task: 3] Size: 6 Evaluations: 21
[Task: 3] Size: 7 Evaluations: 46
[Task: 3] Size: 8 Evaluations: 61
[Task: 3] Benchmark: 2171308.sl
[Task: 3] Result: Success
[Task: 3] Program: _arg_0[:1] + "" + _arg_0[_arg_0.IndexOf(" "):]
[Task: 3] Number of evaluations: 261
[Task: 3] 2021-09-09 16:57:35.979987
[Task: 3] Time taken: 0:00:00.850355
[Task: 3] 
[Task: 4] Loading bustle model....
[Task: 4] Count: 4
[Task: 4] 
[Task: 4] 2021-09-09 16:57:35.104986
[Task: 4] Number of programs: 14
[Task: 4] Size: 0 Evaluations: 0
[Task: 4] Size: 1 Evaluations: 0
[Task: 4] Size: 2 Evaluations: 30
[Task: 4] Size: 3 Evaluations: 99
[Task: 4] Size: 4 Evaluations: 52
[Task: 4] Size: 5 Evaluations: 114
[Task: 4] Size: 6 Evaluations: 235
[Task: 4] Size: 7 Evaluations: 340
[Task: 4] Size: 8 Evaluations: 916
[Task: 4] Size: 9 Evaluations: 2342
[Task: 4] Benchmark: 25239569.sl
[Task: 4] Result: Success
[Task: 4] Program: _arg_0.replace("BRD", "Branding").replace("DRS", "Direct Response").replace("LDS", "Leads")
[Task: 4] Number of evaluations: 6421
[Task: 4] 2021-09-09 16:57:37.627157
[Task: 4] Time taken: 0:00:02.499439
[Task: 4] 
[Task: 5] Loading bustle model....
[Task: 5] Count: 5
[Task: 5] 
[Task: 5] 2021-09-09 16:57:35.114018
[Task: 5] Number of programs: 10
[Task: 5] Size: 0 Evaluations: 0
[Task: 5] Size: 1 Evaluations: 0
[Task: 5] Size: 2 Evaluations: 13
[Task: 5] Size: 3 Evaluations: 27
[Task: 5] Size: 4 Evaluations: 30
[Task: 5] Size: 5 Evaluations: 109
[Task: 5] Size: 6 Evaluations: 200
[Task: 5] Size: 7 Evaluations: 728
[Task: 5] Size: 8 Evaluations: 1608
[Task: 5] Size: 9 Evaluations: 5523
[Task: 5] Size: 10 Evaluations: 13856
[Task: 5] Benchmark: 28627624_1.sl
[Task: 5] Result: Success
[Task: 5] Program: _arg_0[:_arg_0.IndexOf("-")].strip()
[Task: 5] Number of evaluations: 43507
[Task: 5] 2021-09-09 16:57:46.743986
[Task: 5] Time taken: 0:00:11.614832
[Task: 5] 
[Task: 6] Loading bustle model....
[Task: 6] Count: 6
[Task: 6] 
[Task: 6] 2021-09-09 16:57:35.085100
[Task: 6] Number of programs: 9
[Task: 6] Size: 0 Evaluations: 0
[Task: 6] Size: 1 Evaluations: 0
[Task: 6] Size: 2 Evaluations: 11
[Task: 6] Size: 3 Evaluations: 18
[Task: 6] Size: 4 Evaluations: 18
[Task: 6] Size: 5 Evaluations: 50
[Task: 6] Size: 6 Evaluations: 88
[Task: 6] Size: 7 Evaluations: 150
[Task: 6] Size: 8 Evaluations: 466
[Task: 6] Size: 9 Evaluations: 927
[Task: 6] Size: 10 Evaluations: 2313
[Task: 6] Benchmark: 30732554.sl
[Task: 6] Result: Success
[Task: 6] Program: _arg_0[:concat(_arg_0.replace("|", _arg_0), _arg_0).IndexOf(_arg_0,1)]
[Task: 6] Number of evaluations: 7901
[Task: 6] 2021-09-09 16:57:38.351711
[Task: 6] Time taken: 0:00:03.258236
[Task: 6] 
[Task: 7] Loading bustle model....
[Task: 7] Count: 7
[Task: 7] 
[Task: 7] 2021-09-09 16:57:35.078759
[Task: 7] Number of programs: 13
[Task: 7] Size: 0 Evaluations: 0
[Task: 7] Size: 1 Evaluations: 0
[Task: 7] Size: 2 Evaluations: 15
[Task: 7] Size: 3 Evaluations: 37
[Task: 7] Size: 4 Evaluations: 24
[Task: 7] Size: 5 Evaluations: 166
[Task: 7] Size: 6 Evaluations: 150
[Task: 7] Size: 7 Evaluations: 530
[Task: 7] Size: 8 Evaluations: 528
[Task: 7] Size: 9 Evaluations: 1199
[Task: 7] Size: 10 Evaluations: 3327
[Task: 7] Size: 11 Evaluations: 6127
[Task: 7] Size: 12 Evaluations: 11940
[Task: 7] Size: 13 Evaluations: 38618
[Task: 7] Size: 14 Evaluations: 55317
[Task: 7] Size: 15 Evaluations: 196457
[Task: 7] Size: 16 Evaluations: 387602
[Task: 7] Size: 17 Evaluations: 866564
[Task: 7] Benchmark: 31753108.sl
[Task: 7] Result: Success
[Task: 7] Program: _arg_0.Substr(_arg_0.IndexOf(" ",5),_arg_0.IndexOf(" ",(1 + _arg_0.IndexOf(" ",5)))).strip()
[Task: 7] Number of evaluations: 1868832
[Task: 7] 2021-09-09 17:11:06.053446
[Task: 7] Time taken: 0:13:30.966921
[Task: 7] 
[Task: 8] Loading bustle model....
[Task: 8] Count: 8
[Task: 8] 
[Task: 8] 2021-09-09 16:57:35.080657
[Task: 8] Number of programs: 12
[Task: 8] Size: 0 Evaluations: 0
[Task: 8] Size: 1 Evaluations: 0
[Task: 8] Size: 2 Evaluations: 26
[Task: 8] Size: 3 Evaluations: 69
[Task: 8] Size: 4 Evaluations: 94
[Task: 8] Size: 5 Evaluations: 262
[Task: 8] Size: 6 Evaluations: 905
[Task: 8] Size: 7 Evaluations: 2694
[Task: 8] Size: 8 Evaluations: 9932
[Task: 8] Size: 9 Evaluations: 34130
[Task: 8] Size: 10 Evaluations: 117150
[Task: 8] Benchmark: 33619752.sl
[Task: 8] Result: Success
[Task: 8] Program: _arg_0[:concat(_arg_0, " ").IndexOf(" ",(1 + "Company".Length()))]
[Task: 8] Number of evaluations: 440230
[Task: 8] 2021-09-09 16:59:54.476777
[Task: 8] Time taken: 0:02:19.387398
[Task: 8] 
[Task: 9] Loading bustle model....
[Task: 9] Count: 9
[Task: 9] 
[Task: 9] 2021-09-09 16:57:35.099443
[Task: 9] Number of programs: 10
[Task: 9] Size: 0 Evaluations: 0
[Task: 9] Size: 1 Evaluations: 0
[Task: 9] Size: 2 Evaluations: 16
[Task: 9] Size: 3 Evaluations: 34
[Task: 9] Size: 4 Evaluations: 43
[Task: 9] Size: 5 Evaluations: 147
[Task: 9] Benchmark: 34801680.sl
[Task: 9] Result: Success
[Task: 9] Program: _arg_0[_arg_0.IndexOf(" "):].strip()
[Task: 9] Number of evaluations: 441
[Task: 9] 2021-09-09 16:57:35.809406
[Task: 9] Time taken: 0:00:00.700466
[Task: 9] 
[Task: 10] Loading bustle model....
[Task: 10] Count: 10
[Task: 10] 
[Task: 10] 2021-09-09 16:57:35.084029
[Task: 10] Number of programs: 10
[Task: 10] Size: 0 Evaluations: 0
[Task: 10] Size: 1 Evaluations: 0
[Task: 10] Size: 2 Evaluations: 17
[Task: 10] Size: 3 Evaluations: 31
[Task: 10] Size: 4 Evaluations: 41
[Task: 10] Size: 5 Evaluations: 152
[Task: 10] Size: 6 Evaluations: 295
[Task: 10] Size: 7 Evaluations: 640
[Task: 10] Size: 8 Evaluations: 1487
[Task: 10] Size: 9 Evaluations: 3037
[Task: 10] Benchmark: 35016216.sl
[Task: 10] Result: Success
[Task: 10] Program: _arg_0.replace(_arg_0.lower(), _arg_1)
[Task: 10] Number of evaluations: 8755
[Task: 10] 2021-09-09 16:57:38.958996
[Task: 10] Time taken: 0:00:03.866546
[Task: 10] 
[Task: 11] Loading bustle model....
[Task: 11] Count: 11
[Task: 11] 
[Task: 11] 2021-09-09 19:12:46.118245
[Task: 11] Number of programs: 13
[Task: 11] Size: 0 Evaluations: 0
[Task: 11] Size: 1 Evaluations: 0
[Task: 11] Size: 2 Evaluations: 23
[Task: 11] Size: 3 Evaluations: 82
[Task: 11] Size: 4 Evaluations: 83
[Task: 11] Size: 5 Evaluations: 157
[Task: 11] Size: 6 Evaluations: 494
[Task: 11] Size: 7 Evaluations: 1311
[Task: 11] Size: 8 Evaluations: 3823
[Task: 11] Size: 9 Evaluations: 10940
[Task: 11] Size: 10 Evaluations: 37645
[Task: 11] Size: 11 Evaluations: 126556
[Task: 11] Size: 12 Evaluations: 462308
[Task: 11] Size: 13 Evaluations: 1654938
[Task: 11] Size: 14 Evaluations: 6108059
[Task: 12] Loading bustle model....
[Task: 12] Count: 12
[Task: 12] 
[Task: 12] 2021-09-09 16:57:35.081603
[Task: 12] Number of programs: 9
[Task: 12] Size: 0 Evaluations: 0
[Task: 12] Size: 1 Evaluations: 0
[Task: 12] Size: 2 Evaluations: 11
[Task: 12] Size: 3 Evaluations: 18
[Task: 12] Size: 4 Evaluations: 14
[Task: 12] Size: 5 Evaluations: 64
[Task: 12] Size: 6 Evaluations: 99
[Task: 12] Size: 7 Evaluations: 388
[Task: 12] Size: 8 Evaluations: 669
[Task: 12] Size: 9 Evaluations: 2687
[Task: 12] Size: 10 Evaluations: 5630
[Task: 12] Size: 11 Evaluations: 20504
[Task: 12] Benchmark: 36462127.sl
[Task: 12] Result: Success
[Task: 12] Program: _arg_0[(-1 - concat(" ", _arg_0).IndexOf("/")):].replace("/", "")
[Task: 12] Number of evaluations: 51587
[Task: 12] 2021-09-09 16:57:51.042640
[Task: 12] Time taken: 0:00:15.952328
[Task: 12] 
[Task: 13] Loading bustle model....
[Task: 13] Count: 13
[Task: 13] 
[Task: 13] 2021-09-09 17:11:50.486464
[Task: 13] Number of programs: 10
[Task: 13] Size: 0 Evaluations: 0
[Task: 13] Size: 1 Evaluations: 0
[Task: 13] Size: 2 Evaluations: 18
[Task: 13] Size: 3 Evaluations: 33
[Task: 13] Size: 4 Evaluations: 41
[Task: 13] Size: 5 Evaluations: 189
[Task: 13] Size: 6 Evaluations: 389
[Task: 13] Size: 7 Evaluations: 863
[Task: 13] Size: 8 Evaluations: 2341
[Task: 13] Benchmark: 37534494.sl
[Task: 13] Result: Success
[Task: 13] Program: _arg_0.replace(_arg_0.replace(_arg_2.strip(), _arg_2.upper()), _arg_1)
[Task: 13] Number of evaluations: 5548
[Task: 13] 2021-09-09 17:11:52.723114
[Task: 13] Time taken: 0:00:02.187007
[Task: 13] 
[Task: 14] Loading bustle model....
[Task: 14] Count: 14
[Task: 14] 
[Task: 14] 2021-09-09 17:11:50.475485
[Task: 14] Number of programs: 9
[Task: 14] Size: 0 Evaluations: 0
[Task: 14] Size: 1 Evaluations: 0
[Task: 14] Size: 2 Evaluations: 13
[Task: 14] Size: 3 Evaluations: 25
[Task: 14] Size: 4 Evaluations: 9
[Task: 14] Size: 5 Evaluations: 56
[Task: 14] Size: 6 Evaluations: 66
[Task: 14] Size: 7 Evaluations: 153
[Task: 14] Size: 8 Evaluations: 364
[Task: 14] Size: 9 Evaluations: 724
[Task: 14] Size: 10 Evaluations: 1660
[Task: 14] Benchmark: 38664547.sl
[Task: 14] Result: Success
[Task: 14] Program: _arg_0.replace(_arg_0.replace("that", "").upper(), "that").replace("that", "")
[Task: 14] Number of evaluations: 4729
[Task: 14] 2021-09-09 17:11:53.325169
[Task: 14] Time taken: 0:00:02.812169
[Task: 14] 
[Task: 15] Loading bustle model....
[Task: 15] Count: 15
[Task: 15] 
[Task: 15] 2021-09-09 17:11:50.548497
[Task: 15] Number of programs: 10
[Task: 15] Size: 0 Evaluations: 0
[Task: 15] Size: 1 Evaluations: 0
[Task: 15] Size: 2 Evaluations: 13
[Task: 15] Size: 3 Evaluations: 27
[Task: 15] Size: 4 Evaluations: 15
[Task: 15] Size: 5 Evaluations: 52
[Task: 15] Size: 6 Evaluations: 37
[Task: 15] Size: 7 Evaluations: 60
[Task: 15] Size: 8 Evaluations: 93
[Task: 15] Size: 9 Evaluations: 177
[Task: 15] Size: 10 Evaluations: 347
[Task: 15] Size: 11 Evaluations: 676
[Task: 15] Size: 12 Evaluations: 1352
[Task: 15] Size: 13 Evaluations: 1991
[Task: 15] Benchmark: 38871714.sl
[Task: 15] Result: Success
[Task: 15] Program: _arg_0.replace("<", "",-1).replace(">", "",-1)
[Task: 15] Number of evaluations: 6809
[Task: 15] 2021-09-09 17:11:53.823192
[Task: 15] Time taken: 0:00:03.265396
[Task: 15] 
[Task: 16] Loading bustle model....
[Task: 16] Count: 16
[Task: 16] 
[Task: 16] 2021-09-09 17:11:50.440510
[Task: 16] Number of programs: 9
[Task: 16] Size: 0 Evaluations: 0
[Task: 16] Size: 1 Evaluations: 0
[Task: 16] Size: 2 Evaluations: 12
[Task: 16] Size: 3 Evaluations: 20
[Task: 16] Size: 4 Evaluations: 11
[Task: 16] Size: 5 Evaluations: 49
[Task: 16] Size: 6 Evaluations: 40
[Task: 16] Size: 7 Evaluations: 113
[Task: 16] Size: 8 Evaluations: 175
[Task: 16] Size: 9 Evaluations: 351
[Task: 16] Size: 10 Evaluations: 741
[Task: 16] Size: 11 Evaluations: 1273
[Task: 16] Size: 12 Evaluations: 2385
[Task: 16] Size: 13 Evaluations: 4237
[Task: 16] Size: 14 Evaluations: 8432
[Task: 16] Size: 15 Evaluations: 15108
[Task: 16] Size: 16 Evaluations: 29820
[Task: 16] Benchmark: 39060015.sl
[Task: 16] Result: Success
[Task: 16] Program: _arg_0.replace("/", _arg_0[:_arg_0.IndexOf("/")],-1)[_arg_0.Length():]
[Task: 16] Number of evaluations: 85153
[Task: 16] 2021-09-09 17:12:23.571200
[Task: 16] Time taken: 0:00:33.125769
[Task: 16] 
[Task: 17] Loading bustle model....
[Task: 17] Count: 17
[Task: 17] 
[Task: 17] 2021-09-09 17:11:50.546138
[Task: 17] Number of programs: 9
[Task: 17] Size: 0 Evaluations: 0
[Task: 17] Size: 1 Evaluations: 0
[Task: 17] Size: 2 Evaluations: 14
[Task: 17] Size: 3 Evaluations: 24
[Task: 17] Size: 4 Evaluations: 31
[Task: 17] Size: 5 Evaluations: 92
[Task: 17] Size: 6 Evaluations: 193
[Task: 17] Size: 7 Evaluations: 562
[Task: 17] Size: 8 Evaluations: 1455
[Task: 17] Size: 9 Evaluations: 4303
[Task: 17] Benchmark: 41503046.sl
[Task: 17] Result: Success
[Task: 17] Program: _arg_0[:_arg_0.IndexOf(" ",("ssp.".Length() + "ssp.".Length()))]
[Task: 17] Number of evaluations: 14204
[Task: 17] 2021-09-09 17:11:56.125292
[Task: 17] Time taken: 0:00:05.568886
[Task: 17] 
[Task: 18] Loading bustle model....
[Task: 18] Count: 18
[Task: 18] 
[Task: 18] 2021-09-09 17:11:50.470878
[Task: 18] Number of programs: 17
[Task: 18] Size: 0 Evaluations: 0
[Task: 18] Size: 1 Evaluations: 0
[Task: 18] Size: 2 Evaluations: 28
[Task: 18] Size: 3 Evaluations: 150
[Task: 18] Size: 4 Evaluations: 73
[Task: 18] Size: 5 Evaluations: 194
[Task: 18] Size: 6 Evaluations: 110
[Task: 18] Size: 7 Evaluations: 480
[Task: 18] Size: 8 Evaluations: 468
[Task: 18] Size: 9 Evaluations: 950
[Task: 18] Size: 10 Evaluations: 3706
[Task: 18] Size: 11 Evaluations: 4787
[Task: 18] Size: 12 Evaluations: 15322
[Task: 18] Size: 13 Evaluations: 21970
[Task: 18] Size: 14 Evaluations: 61120
[Task: 18] Size: 15 Evaluations: 94614
[Task: 18] Size: 16 Evaluations: 169794
[Task: 18] Size: 17 Evaluations: 327309
[Task: 18] Size: 18 Evaluations: 597908
[Task: 18] Size: 19 Evaluations: 1280264
[Task: 18] Size: 20 Evaluations: 2356541
[Task: 18] Benchmark: 43120683.sl
[Task: 18] Result: Success
[Task: 18] Program: _arg_0.replace("1", "apple").replace(",", "").replace("2", "bananas").replace("3", "strawberries").replace("4", "oranges")
[Task: 18] Number of evaluations: 7126119
[Task: 18] 2021-09-09 18:10:33.458439
[Task: 18] Time taken: 0:58:42.977594
[Task: 18] 
[Task: 19] Loading bustle model....
[Task: 19] Count: 19
[Task: 19] 
[Task: 19] 2021-09-09 17:11:50.519745
[Task: 19] Number of programs: 9
[Task: 19] Size: 0 Evaluations: 0
[Task: 19] Size: 1 Evaluations: 0
[Task: 19] Size: 2 Evaluations: 11
[Task: 19] Size: 3 Evaluations: 17
[Task: 19] Size: 4 Evaluations: 7
[Task: 19] Size: 5 Evaluations: 38
[Task: 19] Size: 6 Evaluations: 23
[Task: 19] Size: 7 Evaluations: 102
[Task: 19] Size: 8 Evaluations: 128
[Task: 19] Size: 9 Evaluations: 407
[Task: 19] Size: 10 Evaluations: 670
[Task: 19] Size: 11 Evaluations: 2061
[Task: 19] Size: 12 Evaluations: 4118
[Task: 19] Size: 13 Evaluations: 11854
[Task: 19] Benchmark: 43606446.sl
[Task: 19] Result: Success
[Task: 19] Program: _arg_0[:-1][(-1 - (1 + 1)):]
[Task: 19] Number of evaluations: 39324
[Task: 19] 2021-09-09 17:12:08.513080
[Task: 19] Time taken: 0:00:17.979443
[Task: 19] 
[Task: 20] Loading bustle model....
[Task: 20] Count: 20
[Task: 20] 
[Task: 20] 2021-09-09 17:11:50.507848
[Task: 20] Number of programs: 11
[Task: 20] Size: 0 Evaluations: 0
[Task: 20] Size: 1 Evaluations: 0
[Task: 20] Size: 2 Evaluations: 22
[Task: 20] Size: 3 Evaluations: 47
[Task: 20] Size: 4 Evaluations: 60
[Task: 20] Size: 5 Evaluations: 226
[Task: 20] Size: 6 Evaluations: 320
[Task: 20] Size: 7 Evaluations: 783
[Task: 20] Size: 8 Evaluations: 1220
[Task: 20] Benchmark: add-a-line-break-with-a-formula.sl
[Task: 20] Result: Success
[Task: 20] Program: concat(_arg_0, concat("/n", concat(_arg_1, concat("/n", _arg_2))))
[Task: 20] Number of evaluations: 2737
[Task: 20] 2021-09-09 17:11:52.218156
[Task: 20] Time taken: 0:00:01.700533
[Task: 20] 
[Task: 21] Loading bustle model....
[Task: 21] Count: 21
[Task: 21] 
[Task: 21] 2021-09-09 17:11:50.480262
[Task: 21] Number of programs: 10
[Task: 21] Size: 0 Evaluations: 0
[Task: 21] Size: 1 Evaluations: 0
[Task: 21] Size: 2 Evaluations: 13
[Task: 21] Size: 3 Evaluations: 35
[Task: 21] Size: 4 Evaluations: 45
[Task: 21] Benchmark: bikes.sl
[Task: 21] Result: Success
[Task: 21] Program: name[:(0 - 3)]
[Task: 21] Number of evaluations: 139
[Task: 21] 2021-09-09 17:11:50.953405
[Task: 21] Time taken: 0:00:00.460456
[Task: 21] 
[Task: 22] Loading bustle model....
[Task: 22] Count: 22
[Task: 22] 
[Task: 22] 2021-09-09 17:11:50.474392
[Task: 22] Number of programs: 9
[Task: 22] Size: 0 Evaluations: 0
[Task: 22] Size: 1 Evaluations: 0
[Task: 22] Size: 2 Evaluations: 10
[Task: 22] Size: 3 Evaluations: 19
[Task: 22] Benchmark: change-negative-numbers-to-positive.sl
[Task: 22] Result: Success
[Task: 22] Program: _arg_0.replace("-", "")
[Task: 22] Number of evaluations: 41
[Task: 22] 2021-09-09 17:11:50.929558
[Task: 22] Time taken: 0:00:00.447266
[Task: 22] 
[Task: 23] Loading bustle model....
[Task: 23] Count: 23
[Task: 23] 
[Task: 23] 2021-09-09 17:11:50.433163
[Task: 23] Number of programs: 13
[Task: 23] Size: 0 Evaluations: 0
[Task: 23] Size: 1 Evaluations: 0
[Task: 23] Size: 2 Evaluations: 14
[Task: 23] Size: 3 Evaluations: 60
[Task: 23] Size: 4 Evaluations: 70
[Task: 23] Size: 5 Evaluations: 125
[Task: 23] Size: 6 Evaluations: 135
[Task: 23] Size: 7 Evaluations: 356
[Task: 23] Size: 8 Evaluations: 527
[Task: 23] Size: 9 Evaluations: 912
[Task: 23] Size: 10 Evaluations: 3445
[Task: 23] Size: 11 Evaluations: 6434
[Task: 23] Size: 12 Evaluations: 15366
[Task: 23] Size: 13 Evaluations: 38264
[Task: 23] Size: 14 Evaluations: 87843
[Task: 23] Size: 15 Evaluations: 186480
[Task: 23] Size: 16 Evaluations: 498183
[Task: 23] Size: 17 Evaluations: 1249323
[Task: 23] Benchmark: clean-and-reformat-telephone-numbers.sl
[Task: 23] Result: Success
[Task: 23] Program: _arg_0.replace("-", "",-1).replace(".", "",-1).replace(" ", "").replace("<", "").replace(">", "")
[Task: 23] Number of evaluations: 3379095
[Task: 23] 2021-09-09 17:33:03.460228
[Task: 23] Time taken: 0:21:13.025969
[Task: 23] 
[Task: 24] Loading bustle model....
[Task: 24] Count: 24
[Task: 24] 
[Task: 24] 2021-09-09 17:11:50.432206
[Task: 24] Number of programs: 10
[Task: 24] Size: 0 Evaluations: 0
[Task: 24] Size: 1 Evaluations: 0
[Task: 24] Size: 2 Evaluations: 16
[Task: 24] Size: 3 Evaluations: 34
[Task: 24] Size: 4 Evaluations: 27
[Task: 24] Size: 5 Evaluations: 182
[Task: 24] Size: 6 Evaluations: 190
[Task: 24] Benchmark: create-email-address-from-name.sl
[Task: 24] Result: Success
[Task: 24] Program: concat(_arg_1.CharAt(0), concat(_arg_0, "_acme.com"))
[Task: 24] Number of evaluations: 599
[Task: 24] 2021-09-09 17:11:51.168791
[Task: 24] Time taken: 0:00:00.733519
[Task: 24] 
[Task: 25] Loading bustle model....
[Task: 25] Count: 25
[Task: 25] 
[Task: 25] 2021-09-09 17:11:50.485654
[Task: 25] Number of programs: 11
[Task: 25] Size: 0 Evaluations: 0
[Task: 25] Size: 1 Evaluations: 0
[Task: 25] Size: 2 Evaluations: 17
[Task: 25] Size: 3 Evaluations: 44
[Task: 25] Size: 4 Evaluations: 33
[Task: 25] Size: 5 Evaluations: 210
[Task: 25] Size: 6 Evaluations: 325
[Task: 25] Size: 7 Evaluations: 752
[Task: 25] Size: 8 Evaluations: 1626
[Task: 25] Benchmark: create-email-address-with-name-and-domain.sl
[Task: 25] Result: Success
[Task: 25] Program: concat(_arg_0.CharAt(0), concat(_arg_1, concat("_", _arg_2)))
[Task: 25] Number of evaluations: 3196
[Task: 25] 2021-09-09 17:11:52.488945
[Task: 25] Time taken: 0:00:01.987678
[Task: 25] 
[Task: 26] Loading bustle model....
[Task: 26] Count: 26
[Task: 26] 
[Task: 26] 2021-09-09 17:11:50.478351
[Task: 26] Number of programs: 9
[Task: 26] Size: 0 Evaluations: 0
[Task: 26] Size: 1 Evaluations: 0
[Task: 26] Size: 2 Evaluations: 15
[Task: 26] Size: 3 Evaluations: 32
[Task: 26] Size: 4 Evaluations: 20
[Task: 26] Size: 5 Evaluations: 103
[Task: 26] Size: 6 Evaluations: 138
[Task: 26] Size: 7 Evaluations: 318
[Task: 26] Size: 8 Evaluations: 458
[Task: 26] Size: 9 Evaluations: 865
[Task: 26] Size: 10 Evaluations: 1550
[Task: 26] Size: 11 Evaluations: 3021
[Task: 26] Size: 12 Evaluations: 8647
[Task: 26] Benchmark: dr-name.sl
[Task: 26] Result: Success
[Task: 26] Program: concat("Dr.", concat(" ", name[:name.IndexOf(" ")]))
[Task: 26] Number of evaluations: 17338
[Task: 26] 2021-09-09 17:11:59.455328
[Task: 26] Time taken: 0:00:08.964487
[Task: 26] 
[Task: 27] Loading bustle model....
[Task: 27] Count: 27
[Task: 27] 
[Task: 27] 2021-09-09 17:11:50.457837
[Task: 27] Number of programs: 10
[Task: 27] Size: 0 Evaluations: 0
[Task: 27] Size: 1 Evaluations: 0
[Task: 27] Size: 2 Evaluations: 14
[Task: 27] Size: 3 Evaluations: 32
[Task: 27] Size: 4 Evaluations: 37
[Task: 27] Size: 5 Evaluations: 171
[Task: 27] Size: 6 Evaluations: 312
[Task: 27] Benchmark: exceljet1.sl
[Task: 27] Result: Success
[Task: 27] Program: _arg_1[(1 + _arg_1.IndexOf("_")):]
[Task: 27] Number of evaluations: 1224
[Task: 27] 2021-09-09 17:11:51.182155
[Task: 27] Time taken: 0:00:00.718275
[Task: 27] 
[Task: 28] Loading bustle model....
[Task: 28] Count: 28
[Task: 28] 
[Task: 28] 2021-09-09 17:11:50.469649
[Task: 28] Number of programs: 9
[Task: 28] Size: 0 Evaluations: 0
[Task: 28] Size: 1 Evaluations: 0
[Task: 28] Size: 2 Evaluations: 11
[Task: 28] Size: 3 Evaluations: 18
[Task: 28] Size: 4 Evaluations: 15
[Task: 28] Size: 5 Evaluations: 68
[Task: 28] Size: 6 Evaluations: 105
[Task: 28] Size: 7 Evaluations: 423
[Task: 28] Size: 8 Evaluations: 730
[Task: 28] Size: 9 Evaluations: 3082
[Task: 28] Benchmark: exceljet2.sl
[Task: 28] Result: Success
[Task: 28] Program: _arg_0[(-1 + (-1 + -1)):].replace(".", "")
[Task: 28] Number of evaluations: 6955
[Task: 28] 2021-09-09 17:11:52.995281
[Task: 28] Time taken: 0:00:02.515300
[Task: 28] 
[Task: 29] Loading bustle model....
[Task: 29] Count: 29
[Task: 29] 
[Task: 29] 2021-09-09 17:11:50.461129
[Task: 29] Number of programs: 9
[Task: 29] Size: 0 Evaluations: 0
[Task: 29] Size: 1 Evaluations: 0
[Task: 29] Size: 2 Evaluations: 11
[Task: 29] Size: 3 Evaluations: 19
[Task: 29] Size: 4 Evaluations: 19
[Task: 29] Size: 5 Evaluations: 79
[Task: 29] Size: 6 Evaluations: 150
[Task: 29] Size: 7 Evaluations: 515
[Task: 29] Benchmark: exceljet3.sl
[Task: 29] Result: Success
[Task: 29] Program: _arg_0[(1 + _arg_0.IndexOf("=")):].strip()
[Task: 29] Number of evaluations: 1364
[Task: 29] 2021-09-09 17:11:51.352539
[Task: 29] Time taken: 0:00:00.883880
[Task: 29] 
[Task: 30] Loading bustle model....
[Task: 30] Count: 30
[Task: 30] 
[Task: 30] 2021-09-09 17:11:50.453474
[Task: 30] Number of programs: 10
[Task: 30] Size: 0 Evaluations: 0
[Task: 30] Size: 1 Evaluations: 0
[Task: 30] Size: 2 Evaluations: 12
[Task: 30] Size: 3 Evaluations: 26
[Task: 30] Size: 4 Evaluations: 23
[Task: 30] Size: 5 Evaluations: 111
[Task: 30] Size: 6 Evaluations: 199
[Task: 30] Size: 7 Evaluations: 774
[Task: 30] Size: 8 Evaluations: 1699
[Task: 30] Benchmark: exceljet4.sl
[Task: 30] Result: Success
[Task: 30] Program: _arg_0[(1 + (1 + _arg_0.IndexOf("/"))):]
[Task: 30] Number of evaluations: 7688
[Task: 30] 2021-09-09 17:11:52.621063
[Task: 30] Time taken: 0:00:02.157921
[Task: 30] 
[Task: 31] Loading bustle model....
[Task: 31] Count: 31
[Task: 31] 
[Task: 31] 2021-09-09 17:11:50.539164
[Task: 31] Number of programs: 14
[Task: 31] Size: 0 Evaluations: 0
[Task: 31] Size: 1 Evaluations: 0
[Task: 31] Size: 2 Evaluations: 15
[Task: 31] Size: 3 Evaluations: 45
[Task: 31] Size: 4 Evaluations: 28
[Task: 31] Size: 5 Evaluations: 209
[Task: 31] Size: 6 Evaluations: 104
[Task: 31] Size: 7 Evaluations: 654
[Task: 31] Size: 8 Evaluations: 364
[Task: 31] Size: 9 Evaluations: 2164
[Task: 31] Size: 10 Evaluations: 2132
[Task: 31] Size: 11 Evaluations: 8881
[Task: 31] Size: 12 Evaluations: 12302
[Task: 31] Size: 13 Evaluations: 54600
[Task: 31] Size: 14 Evaluations: 64161
[Task: 31] Size: 15 Evaluations: 305840
[Task: 31] Benchmark: extract-word-containing-specific-text.sl
[Task: 31] Result: Success
[Task: 31] Program: _arg_0[(_arg_0.IndexOf("_") - 4):][:(2 + (4 + (4 + 4)))]
[Task: 31] Number of evaluations: 603244
[Task: 31] 2021-09-09 17:15:12.649655
[Task: 31] Time taken: 0:03:22.104985
[Task: 31] 
[Task: 32] Loading bustle model....
[Task: 32] Count: 32
[Task: 32] 
[Task: 32] 2021-09-09 17:11:50.533069
[Task: 32] Number of programs: 11
[Task: 32] Size: 0 Evaluations: 0
[Task: 32] Size: 1 Evaluations: 0
[Task: 32] Size: 2 Evaluations: 12
[Task: 32] Size: 3 Evaluations: 25
[Task: 32] Size: 4 Evaluations: 12
[Task: 32] Size: 5 Evaluations: 78
[Task: 32] Size: 6 Evaluations: 43
[Task: 32] Size: 7 Evaluations: 199
[Task: 32] Size: 8 Evaluations: 174
[Task: 32] Size: 9 Evaluations: 603
[Task: 32] Size: 10 Evaluations: 730
[Task: 32] Size: 11 Evaluations: 1862
[Task: 32] Size: 12 Evaluations: 2920
[Task: 32] Size: 13 Evaluations: 7671
[Task: 32] Size: 14 Evaluations: 12424
[Task: 32] Size: 15 Evaluations: 31309
[Task: 32] Size: 16 Evaluations: 61880
[Task: 32] Benchmark: extract-word-that-begins-with-specific-character.sl
[Task: 32] Result: Success
[Task: 32] Program: _arg_0[_arg_0.IndexOf("_"):][:concat(_arg_0[_arg_0.IndexOf("_"):], " ").IndexOf(" ")]
[Task: 32] Number of evaluations: 163535
[Task: 32] 2021-09-09 17:13:06.827187
[Task: 32] Time taken: 0:01:16.285392
[Task: 32] 
[Task: 33] Loading bustle model....
[Task: 33] Count: 33
[Task: 33] 
[Task: 33] 2021-09-09 17:28:00.591571
[Task: 33] Number of programs: 7
[Task: 33] Size: 0 Evaluations: 0
[Task: 33] Size: 1 Evaluations: 0
[Task: 33] Size: 2 Evaluations: 10
[Task: 33] Size: 3 Evaluations: 17
[Task: 33] Size: 4 Evaluations: 16
[Task: 33] Benchmark: firstname.sl
[Task: 33] Result: Success
[Task: 33] Program: name[:name.IndexOf(" ")]
[Task: 33] Number of evaluations: 73
[Task: 33] 2021-09-09 17:28:01.271101
[Task: 33] Time taken: 0:00:00.679501
[Task: 33] 
[Task: 34] Loading bustle model....
[Task: 34] Count: 34
[Task: 34] 
[Task: 34] 2021-09-09 17:28:00.531407
[Task: 34] Number of programs: 10
[Task: 34] Size: 0 Evaluations: 0
[Task: 34] Size: 1 Evaluations: 0
[Task: 34] Size: 2 Evaluations: 14
[Task: 34] Size: 3 Evaluations: 32
[Task: 34] Size: 4 Evaluations: 35
[Task: 34] Benchmark: get-domain-from-email-address_2.sl
[Task: 34] Result: Success
[Task: 34] Program: _arg_1[:_arg_1.IndexOf("_")]
[Task: 34] Number of evaluations: 158
[Task: 34] 2021-09-09 17:28:01.071690
[Task: 34] Time taken: 0:00:00.540183
[Task: 34] 
[Task: 35] Loading bustle model....
[Task: 35] Count: 35
[Task: 35] 
[Task: 35] 2021-09-09 19:24:37.064088
[Task: 35] Number of programs: 11
[Task: 35] Size: 0 Evaluations: 0
[Task: 35] Size: 1 Evaluations: 0
[Task: 35] Size: 2 Evaluations: 13
[Task: 35] Size: 3 Evaluations: 29
[Task: 35] Size: 4 Evaluations: 24
[Task: 35] Size: 5 Evaluations: 163
[Task: 35] Size: 6 Evaluations: 149
[Task: 35] Size: 7 Evaluations: 1182
[Task: 35] Size: 8 Evaluations: 999
[Task: 35] Size: 9 Evaluations: 9676
[Task: 35] Size: 10 Evaluations: 8721
[Task: 35] Size: 11 Evaluations: 84487
[Task: 35] Size: 12 Evaluations: 86381
[Task: 35] Size: 13 Evaluations: 782601
[Task: 35] Size: 14 Evaluations: 901402
[Task: 35] Size: 15 Evaluations: 7647675
[Task: 36] Loading bustle model....
[Task: 36] Count: 36
[Task: 36] 
[Task: 36] 2021-09-09 17:28:00.430611
[Task: 36] Number of programs: 8
[Task: 36] Size: 0 Evaluations: 0
[Task: 36] Size: 1 Evaluations: 0
[Task: 36] Size: 2 Evaluations: 11
[Task: 36] Size: 3 Evaluations: 13
[Task: 36] Size: 4 Evaluations: 16
[Task: 36] Benchmark: get-first-name-from-name.sl
[Task: 36] Result: Success
[Task: 36] Program: _arg_0[:_arg_0.IndexOf(" ")]
[Task: 36] Number of evaluations: 61
[Task: 36] 2021-09-09 17:28:01.020952
[Task: 36] Time taken: 0:00:00.564162
[Task: 36] 
[Task: 37] Loading bustle model....
[Task: 37] Count: 37
[Task: 37] 
[Task: 37] 2021-09-09 17:28:00.486200
[Task: 37] Number of programs: 8
[Task: 37] Size: 0 Evaluations: 0
[Task: 37] Size: 1 Evaluations: 0
[Task: 37] Size: 2 Evaluations: 11
[Task: 37] Size: 3 Evaluations: 13
[Task: 37] Size: 4 Evaluations: 14
[Task: 37] Size: 5 Evaluations: 45
[Task: 37] Size: 6 Evaluations: 74
[Task: 37] Size: 7 Evaluations: 240
[Task: 37] Benchmark: get-first-word.sl
[Task: 37] Result: Success
[Task: 37] Program: _arg_0[:_arg_0.replace(" ", _arg_0).IndexOf(_arg_0)]
[Task: 37] Number of evaluations: 763
[Task: 37] 2021-09-09 17:28:01.371191
[Task: 37] Time taken: 0:00:00.841764
[Task: 37] 
[Task: 38] Loading bustle model....
[Task: 38] Count: 38
[Task: 38] 
[Task: 38] 2021-09-09 19:24:37.116249
[Task: 38] Number of programs: 9
[Task: 38] Size: 0 Evaluations: 0
[Task: 38] Size: 1 Evaluations: 0
[Task: 38] Size: 2 Evaluations: 14
[Task: 38] Size: 3 Evaluations: 18
[Task: 38] Size: 4 Evaluations: 37
[Task: 38] Size: 5 Evaluations: 92
[Task: 38] Size: 6 Evaluations: 257
[Task: 38] Size: 7 Evaluations: 650
[Task: 38] Size: 8 Evaluations: 1816
[Task: 38] Size: 9 Evaluations: 5101
[Task: 38] Size: 10 Evaluations: 15008
[Task: 38] Size: 11 Evaluations: 43626
[Task: 38] Size: 12 Evaluations: 133628
[Task: 38] Size: 13 Evaluations: 407634
[Task: 38] Size: 14 Evaluations: 1275487
[Task: 38] Size: 15 Evaluations: 4001255
[Task: 39] Loading bustle model....
[Task: 39] Count: 39
[Task: 39] 
[Task: 39] 2021-09-09 17:28:00.422918
[Task: 39] Number of programs: 8
[Task: 39] Size: 0 Evaluations: 0
[Task: 39] Size: 1 Evaluations: 0
[Task: 39] Size: 2 Evaluations: 11
[Task: 39] Size: 3 Evaluations: 14
[Task: 39] Size: 4 Evaluations: 19
[Task: 39] Size: 5 Evaluations: 53
[Task: 39] Benchmark: get-last-name-from-name.sl
[Task: 39] Result: Success
[Task: 39] Program: _arg_0[_arg_0.IndexOf(" "):].strip()
[Task: 39] Number of evaluations: 129
[Task: 39] 2021-09-09 17:28:01.061371
[Task: 39] Time taken: 0:00:00.637402
[Task: 39] 
[Task: 40] Loading bustle model....
[Task: 40] Count: 40
[Task: 40] 
[Task: 40] 2021-09-09 17:28:00.419797
[Task: 40] Number of programs: 9
[Task: 40] Size: 0 Evaluations: 0
[Task: 40] Size: 1 Evaluations: 0
[Task: 40] Size: 2 Evaluations: 11
[Task: 40] Size: 3 Evaluations: 19
[Task: 40] Size: 4 Evaluations: 12
[Task: 40] Size: 5 Evaluations: 41
[Task: 40] Size: 6 Evaluations: 45
[Task: 40] Size: 7 Evaluations: 76
[Task: 40] Size: 8 Evaluations: 137
[Task: 40] Size: 9 Evaluations: 266
[Task: 40] Size: 10 Evaluations: 465
[Task: 40] Size: 11 Evaluations: 889
[Task: 40] Size: 12 Evaluations: 1887
[Task: 40] Size: 13 Evaluations: 2984
[Task: 40] Size: 14 Evaluations: 6699
[Task: 40] Size: 15 Evaluations: 14008
[Task: 40] Size: 16 Evaluations: 31484
[Task: 40] Benchmark: get-last-name-from-name-with-comma.sl
[Task: 40] Result: Success
[Task: 40] Program: concat(concat(_arg_0[(1 + _arg_0.IndexOf(",")):], ","), _arg_0)[:_arg_0.Length()]
[Task: 40] Number of evaluations: 107256
[Task: 40] 2021-09-09 17:28:48.534258
[Task: 40] Time taken: 0:00:48.111870
[Task: 40] 
[Task: 41] Loading bustle model....
[Task: 41] Count: 41
[Task: 41] 
[Task: 41] 2021-09-09 17:28:00.432124
[Task: 41] Number of programs: 8
[Task: 41] Size: 0 Evaluations: 0
[Task: 41] Size: 1 Evaluations: 0
[Task: 41] Size: 2 Evaluations: 10
[Task: 41] Size: 3 Evaluations: 13
[Task: 41] Size: 4 Evaluations: 12
[Task: 41] Size: 5 Evaluations: 43
[Task: 41] Size: 6 Evaluations: 74
[Task: 41] Size: 7 Evaluations: 236
[Task: 41] Size: 8 Evaluations: 437
[Task: 41] Benchmark: get-last-word.sl
[Task: 41] Result: Success
[Task: 41] Program: _arg_0[(-1 + (-1 + (-1 + -1))):]
[Task: 41] Number of evaluations: 1761
[Task: 41] 2021-09-09 17:28:01.674497
[Task: 41] Time taken: 0:00:01.238406
[Task: 41] 
[Task: 42] Loading bustle model....
[Task: 42] Count: 42
[Task: 42] 
[Task: 42] 2021-09-09 17:28:00.461930
[Task: 42] Number of programs: 8
[Task: 42] Size: 0 Evaluations: 0
[Task: 42] Size: 1 Evaluations: 0
[Task: 42] Size: 2 Evaluations: 10
[Task: 42] Size: 3 Evaluations: 13
[Task: 42] Size: 4 Evaluations: 6
[Task: 42] Size: 5 Evaluations: 33
[Task: 42] Size: 6 Evaluations: 14
[Task: 42] Size: 7 Evaluations: 84
[Task: 42] Size: 8 Evaluations: 45
[Task: 42] Size: 9 Evaluations: 213
[Task: 42] Size: 10 Evaluations: 150
[Task: 42] Size: 11 Evaluations: 558
[Task: 42] Size: 12 Evaluations: 461
[Task: 42] Size: 13 Evaluations: 1802
[Task: 42] Size: 14 Evaluations: 1633
[Task: 42] Size: 15 Evaluations: 6190
[Task: 42] Benchmark: get-middle-name-from-full-name.sl
[Task: 42] Result: Success
[Task: 42] Program: _arg_0.Substr(_arg_0.IndexOf(" "),_arg_0.IndexOf(" ",(-1 + (-1 - _arg_0.IndexOf(" "))))).strip()
[Task: 42] Number of evaluations: 13667
[Task: 42] 2021-09-09 17:28:08.304416
[Task: 42] Time taken: 0:00:07.833864
[Task: 42] 
[Task: 43] Loading bustle model....
[Task: 43] Count: 43
[Task: 43] 
[Task: 43] 2021-09-09 17:28:00.481162
[Task: 43] Number of programs: 8
[Task: 43] Size: 0 Evaluations: 0
[Task: 43] Size: 1 Evaluations: 0
[Task: 43] Size: 2 Evaluations: 11
[Task: 43] Size: 3 Evaluations: 22
[Task: 43] Size: 4 Evaluations: 5
[Task: 43] Size: 5 Evaluations: 35
[Task: 43] Size: 6 Evaluations: 20
[Task: 43] Size: 7 Evaluations: 59
[Task: 43] Size: 8 Evaluations: 52
[Task: 43] Size: 9 Evaluations: 93
[Task: 43] Size: 10 Evaluations: 171
[Task: 43] Size: 11 Evaluations: 240
[Task: 43] Size: 12 Evaluations: 524
[Task: 43] Size: 13 Evaluations: 604
[Task: 43] Size: 14 Evaluations: 1416
[Task: 43] Size: 15 Evaluations: 1519
[Task: 43] Size: 16 Evaluations: 3372
[Task: 43] Size: 17 Evaluations: 4640
[Task: 43] Size: 18 Evaluations: 8517
[Task: 43] Size: 19 Evaluations: 13500
[Task: 43] Size: 20 Evaluations: 21727
[Task: 43] Size: 21 Evaluations: 38215
[Task: 43] Benchmark: initials.sl
[Task: 43] Result: Success
[Task: 43] Program: concat(name.CharAt(0), concat(".", concat(name.CharAt((1 + name.IndexOf(" "))), ".")))
[Task: 43] Number of evaluations: 99104
[Task: 43] 2021-09-09 17:29:07.565689
[Task: 43] Time taken: 0:01:07.072507
[Task: 43] 
[Task: 44] Loading bustle model....
[Task: 44] Count: 44
[Task: 44] 
[Task: 44] 2021-09-09 17:28:00.476962
[Task: 44] Number of programs: 11
[Task: 44] Size: 0 Evaluations: 0
[Task: 44] Size: 1 Evaluations: 0
[Task: 44] Size: 2 Evaluations: 17
[Task: 44] Size: 3 Evaluations: 42
[Task: 44] Size: 4 Evaluations: 15
[Task: 44] Size: 5 Evaluations: 161
[Task: 44] Size: 6 Evaluations: 62
[Task: 44] Size: 7 Evaluations: 313
[Task: 44] Size: 8 Evaluations: 255
[Task: 44] Size: 9 Evaluations: 618
[Task: 44] Size: 10 Evaluations: 703
[Task: 44] Size: 11 Evaluations: 1553
[Task: 44] Size: 12 Evaluations: 3732
[Task: 44] Size: 13 Evaluations: 4501
[Task: 44] Size: 14 Evaluations: 13536
[Task: 44] Size: 15 Evaluations: 14644
[Task: 44] Size: 16 Evaluations: 34860
[Task: 44] Size: 17 Evaluations: 43385
[Task: 44] Size: 18 Evaluations: 91041
[Task: 44] Size: 19 Evaluations: 136221
[Task: 44] Benchmark: join-cells-with-comma.sl
[Task: 44] Result: Success
[Task: 44] Program: concat(_arg_0, concat(",", concat(" ", concat(_arg_1, concat(_arg_1[-1:], concat(",", concat(" ", _arg_2)))[1:].strip()))))
[Task: 44] Number of evaluations: 357146
[Task: 44] 2021-09-09 17:31:16.706176
[Task: 44] Time taken: 0:03:16.218548
[Task: 44] 
[Task: 45] Loading bustle model....
[Task: 45] Count: 45
[Task: 45] 
[Task: 45] 2021-09-09 17:28:00.463353
[Task: 45] Number of programs: 9
[Task: 45] Size: 0 Evaluations: 0
[Task: 45] Size: 1 Evaluations: 0
[Task: 45] Size: 2 Evaluations: 13
[Task: 45] Size: 3 Evaluations: 22
[Task: 45] Size: 4 Evaluations: 28
[Task: 45] Benchmark: join-first-and-last-name.sl
[Task: 45] Result: Success
[Task: 45] Program: concat(_arg_0, concat(" ", _arg_1))
[Task: 45] Number of evaluations: 70
[Task: 45] 2021-09-09 17:28:01.011126
[Task: 45] Time taken: 0:00:00.539236
[Task: 45] 
[Task: 46] Loading bustle model....
[Task: 46] Count: 46
[Task: 46] 
[Task: 46] 2021-09-09 17:28:00.488256
[Task: 46] Number of programs: 6
[Task: 46] Size: 0 Evaluations: 0
[Task: 46] Size: 1 Evaluations: 0
[Task: 46] Size: 2 Evaluations: 9
[Task: 46] Size: 3 Evaluations: 11
[Task: 46] Size: 4 Evaluations: 14
[Task: 46] Size: 5 Evaluations: 31
[Task: 46] Benchmark: lastname.sl
[Task: 46] Result: Success
[Task: 46] Program: name[name.IndexOf(" "):].strip()
[Task: 46] Number of evaluations: 87
[Task: 46] 2021-09-09 17:28:01.062432
[Task: 46] Time taken: 0:00:00.561892
[Task: 46] 
[Task: 47] Loading bustle model....
[Task: 47] Count: 47
[Task: 47] 
[Task: 47] 2021-09-09 17:28:00.473537
[Task: 47] Number of programs: 10
[Task: 47] Size: 0 Evaluations: 0
[Task: 47] Size: 1 Evaluations: 0
[Task: 47] Size: 2 Evaluations: 15
[Task: 47] Size: 3 Evaluations: 37
[Task: 47] Size: 4 Evaluations: 3
[Task: 47] Size: 5 Evaluations: 86
[Task: 47] Size: 6 Evaluations: 12
[Task: 47] Size: 7 Evaluations: 0
[Task: 47] Size: 8 Evaluations: 2
[Task: 47] Size: 9 Evaluations: 88
[Task: 47] Size: 10 Evaluations: 208
[Task: 47] Benchmark: most-frequently-occurring-text.sl
[Task: 47] Result: Success
[Task: 47] Program: (ifEqual(_arg_0,_arg_1) then _arg_0 else _arg_2)
[Task: 47] Number of evaluations: 638
[Task: 47] 2021-09-09 17:28:01.382131
[Task: 47] Time taken: 0:00:00.899490
[Task: 47] 
[Task: 48] Loading bustle model....
[Task: 48] Count: 48
[Task: 48] 
[Task: 48] 2021-09-09 17:28:00.521187
[Task: 48] Number of programs: 9
[Task: 48] Size: 0 Evaluations: 0
[Task: 48] Size: 1 Evaluations: 0
[Task: 48] Size: 2 Evaluations: 15
[Task: 48] Size: 3 Evaluations: 34
[Task: 48] Size: 4 Evaluations: 26
[Task: 48] Size: 5 Evaluations: 113
[Task: 48] Size: 6 Evaluations: 190
[Task: 48] Size: 7 Evaluations: 319
[Task: 48] Size: 8 Evaluations: 576
[Task: 48] Benchmark: name-combine-2.sl
[Task: 48] Result: Success
[Task: 48] Program: concat(firstname, concat(" ", concat(lastname.CharAt(0), ".")))
[Task: 48] Number of evaluations: 1306
[Task: 48] 2021-09-09 17:28:01.733716
[Task: 48] Time taken: 0:00:01.203115
[Task: 48] 
[Task: 49] Loading bustle model....
[Task: 49] Count: 49
[Task: 49] 
[Task: 49] 2021-09-09 17:28:00.449475
[Task: 49] Number of programs: 9
[Task: 49] Size: 0 Evaluations: 0
[Task: 49] Size: 1 Evaluations: 0
[Task: 49] Size: 2 Evaluations: 15
[Task: 49] Size: 3 Evaluations: 35
[Task: 49] Size: 4 Evaluations: 35
[Task: 49] Size: 5 Evaluations: 143
[Task: 49] Size: 6 Evaluations: 235
[Task: 49] Size: 7 Evaluations: 610
[Task: 49] Size: 8 Evaluations: 1085
[Task: 49] Benchmark: name-combine-3.sl
[Task: 49] Result: Success
[Task: 49] Program: concat(firstname.CharAt(0), concat(".", concat(" ", lastname)))
[Task: 49] Number of evaluations: 2306
[Task: 49] 2021-09-09 17:28:02.483862
[Task: 49] Time taken: 0:00:02.025073
[Task: 49] 
[Task: 50] Loading bustle model....
[Task: 50] Count: 50
[Task: 50] 
[Task: 50] 2021-09-09 17:28:00.448187
[Task: 50] Number of programs: 10
[Task: 50] Size: 0 Evaluations: 0
[Task: 50] Size: 1 Evaluations: 0
[Task: 50] Size: 2 Evaluations: 16
[Task: 50] Size: 3 Evaluations: 43
[Task: 50] Size: 4 Evaluations: 28
[Task: 50] Size: 5 Evaluations: 96
[Task: 50] Size: 6 Evaluations: 114
[Task: 50] Size: 7 Evaluations: 206
[Task: 50] Size: 8 Evaluations: 153
[Task: 50] Size: 9 Evaluations: 457
[Task: 50] Size: 10 Evaluations: 621
[Task: 50] Size: 11 Evaluations: 1055
[Task: 50] Size: 12 Evaluations: 2363
[Task: 50] Size: 13 Evaluations: 3640
[Task: 50] Size: 14 Evaluations: 6912
[Task: 50] Benchmark: name-combine-4.sl
[Task: 50] Result: Success
[Task: 50] Program: concat(lastname, concat(",", concat(" ", concat(firstname.CharAt(0), "."))))
[Task: 50] Number of evaluations: 16389
[Task: 50] 2021-09-09 17:28:13.195602
[Task: 50] Time taken: 0:00:12.740160
[Task: 50] 
[Task: 51] Loading bustle model....
[Task: 51] Count: 51
[Task: 51] 
[Task: 51] 2021-09-09 17:28:00.498321
[Task: 51] Number of programs: 8
[Task: 51] Size: 0 Evaluations: 0
[Task: 51] Size: 1 Evaluations: 0
[Task: 51] Size: 2 Evaluations: 14
[Task: 51] Size: 3 Evaluations: 27
[Task: 51] Size: 4 Evaluations: 44
[Task: 51] Benchmark: name-combine.sl
[Task: 51] Result: Success
[Task: 51] Program: concat(firstname, concat(" ", lastname))
[Task: 51] Number of evaluations: 95
[Task: 51] 2021-09-09 17:28:01.001074
[Task: 51] Time taken: 0:00:00.494431
[Task: 51] 
[Task: 52] Loading bustle model....
[Task: 52] Count: 52
[Task: 52] 
[Task: 52] 2021-09-09 19:24:37.137905
[Task: 52] Number of programs: 15
[Task: 52] Size: 0 Evaluations: 0
[Task: 52] Size: 1 Evaluations: 0
[Task: 52] Size: 2 Evaluations: 16
[Task: 52] Size: 3 Evaluations: 81
[Task: 52] Size: 4 Evaluations: 47
[Task: 52] Size: 5 Evaluations: 309
[Task: 52] Size: 6 Evaluations: 255
[Task: 52] Size: 7 Evaluations: 848
[Task: 52] Size: 8 Evaluations: 1114
[Task: 52] Size: 9 Evaluations: 3047
[Task: 52] Size: 10 Evaluations: 5823
[Task: 52] Size: 11 Evaluations: 15196
[Task: 52] Size: 12 Evaluations: 29448
[Task: 52] Size: 13 Evaluations: 61227
[Task: 52] Size: 14 Evaluations: 153232
[Task: 52] Size: 15 Evaluations: 304921
[Task: 52] Size: 16 Evaluations: 744726
[Task: 52] Size: 17 Evaluations: 1516223
[Task: 53] Loading bustle model....
[Task: 53] Count: 53
[Task: 53] 
[Task: 53] 2021-09-09 17:41:30.778268
[Task: 53] Number of programs: 10
[Task: 53] Size: 0 Evaluations: 0
[Task: 53] Size: 1 Evaluations: 0
[Task: 53] Size: 2 Evaluations: 11
[Task: 53] Size: 3 Evaluations: 35
[Task: 53] Size: 4 Evaluations: 54
[Task: 53] Benchmark: phone-1.sl
[Task: 53] Result: Success
[Task: 53] Program: name[4:][:3]
[Task: 53] Number of evaluations: 159
[Task: 53] 2021-09-09 17:41:31.236257
[Task: 53] Time taken: 0:00:00.451597
[Task: 53] 
[Task: 54] Loading bustle model....
[Task: 54] Count: 54
[Task: 54] 
[Task: 54] 2021-09-09 17:41:30.760869
[Task: 54] Number of programs: 10
[Task: 54] Size: 0 Evaluations: 0
[Task: 54] Size: 1 Evaluations: 0
[Task: 54] Size: 2 Evaluations: 11
[Task: 54] Size: 3 Evaluations: 35
[Task: 54] Size: 4 Evaluations: 60
[Task: 54] Benchmark: phone-2.sl
[Task: 54] Result: Success
[Task: 54] Program: name[(3 + 5):]
[Task: 54] Number of evaluations: 215
[Task: 54] 2021-09-09 17:41:31.241324
[Task: 54] Time taken: 0:00:00.480401
[Task: 54] 
[Task: 55] Loading bustle model....
[Task: 55] Count: 55
[Task: 55] 
[Task: 55] 2021-09-09 17:41:30.817378
[Task: 55] Number of programs: 13
[Task: 55] Size: 0 Evaluations: 0
[Task: 55] Size: 1 Evaluations: 0
[Task: 55] Size: 2 Evaluations: 14
[Task: 55] Size: 3 Evaluations: 55
[Task: 55] Size: 4 Evaluations: 45
[Task: 55] Size: 5 Evaluations: 271
[Task: 55] Size: 6 Evaluations: 262
[Task: 55] Size: 7 Evaluations: 1367
[Task: 55] Size: 8 Evaluations: 1224
[Task: 55] Benchmark: phone-3.sl
[Task: 55] Result: Success
[Task: 55] Program: concat("(", name.replace("-", concat(")", " ")))
[Task: 55] Number of evaluations: 3291
[Task: 55] 2021-09-09 17:41:33.848649
[Task: 55] Time taken: 0:00:03.023118
[Task: 55] 
[Task: 56] Loading bustle model....
[Task: 56] Count: 56
[Task: 56] 
[Task: 56] 2021-09-09 17:41:30.957616
[Task: 56] Number of programs: 14
[Task: 56] Size: 0 Evaluations: 0
[Task: 56] Size: 1 Evaluations: 0
[Task: 56] Size: 2 Evaluations: 15
[Task: 56] Size: 3 Evaluations: 66
[Task: 56] Size: 4 Evaluations: 48
[Task: 56] Benchmark: phone-4.sl
[Task: 56] Result: Success
[Task: 56] Program: name.replace("-", ".",2)
[Task: 56] Number of evaluations: 240
[Task: 56] 2021-09-09 17:41:31.463164
[Task: 56] Time taken: 0:00:00.505537
[Task: 56] 
[Task: 57] Loading bustle model....
[Task: 57] Count: 57
[Task: 57] 
[Task: 57] 2021-09-09 17:41:30.918292
[Task: 57] Number of programs: 13
[Task: 57] Size: 0 Evaluations: 0
[Task: 57] Size: 1 Evaluations: 0
[Task: 57] Size: 2 Evaluations: 14
[Task: 57] Size: 3 Evaluations: 57
[Task: 57] Size: 4 Evaluations: 69
[Task: 57] Size: 5 Evaluations: 268
[Task: 57] Benchmark: phone-5.sl
[Task: 57] Result: Success
[Task: 57] Program: name.Substr(1,name.IndexOf(" "))
[Task: 57] Number of evaluations: 510
[Task: 57] 2021-09-09 17:41:31.590689
[Task: 57] Time taken: 0:00:00.671208
[Task: 57] 
[Task: 58] Loading bustle model....
[Task: 58] Count: 58
[Task: 58] 
[Task: 58] 2021-09-09 17:41:30.779382
[Task: 58] Number of programs: 13
[Task: 58] Size: 0 Evaluations: 0
[Task: 58] Size: 1 Evaluations: 0
[Task: 58] Size: 2 Evaluations: 14
[Task: 58] Size: 3 Evaluations: 57
[Task: 58] Size: 4 Evaluations: 90
[Task: 58] Size: 5 Evaluations: 301
[Task: 58] Size: 6 Evaluations: 478
[Task: 58] Size: 7 Evaluations: 1296
[Task: 58] Size: 8 Evaluations: 2026
[Task: 58] Benchmark: phone-6.sl
[Task: 58] Result: Success
[Task: 58] Program: name.Substr(name.IndexOf(" "),name.IndexOf("-")).strip()
[Task: 58] Number of evaluations: 5271
[Task: 58] 2021-09-09 17:41:34.613980
[Task: 58] Time taken: 0:00:03.822326
[Task: 58] 
[Task: 59] Loading bustle model....
[Task: 59] Count: 59
[Task: 59] 
[Task: 59] 2021-09-09 17:41:30.800435
[Task: 59] Number of programs: 13
[Task: 59] Size: 0 Evaluations: 0
[Task: 59] Size: 1 Evaluations: 0
[Task: 59] Size: 2 Evaluations: 14
[Task: 59] Size: 3 Evaluations: 57
[Task: 59] Size: 4 Evaluations: 80
[Task: 59] Size: 5 Evaluations: 288
[Task: 59] Size: 6 Evaluations: 470
[Task: 59] Size: 7 Evaluations: 1320
[Task: 59] Size: 8 Evaluations: 2072
[Task: 59] Benchmark: phone-7.sl
[Task: 59] Result: Success
[Task: 59] Program: name[(1 + name.IndexOf("-")):][:3]
[Task: 59] Number of evaluations: 5648
[Task: 59] 2021-09-09 17:41:34.585330
[Task: 59] Time taken: 0:00:03.769481
[Task: 59] 
[Task: 60] Loading bustle model....
[Task: 60] Count: 60
[Task: 60] 
[Task: 60] 2021-09-09 17:41:30.804631
[Task: 60] Number of programs: 13
[Task: 60] Size: 0 Evaluations: 0
[Task: 60] Size: 1 Evaluations: 0
[Task: 60] Size: 2 Evaluations: 14
[Task: 60] Size: 3 Evaluations: 57
[Task: 60] Size: 4 Evaluations: 82
[Task: 60] Benchmark: phone-8.sl
[Task: 60] Result: Success
[Task: 60] Program: name[(0 - 3):]
[Task: 60] Number of evaluations: 364
[Task: 60] 2021-09-09 17:41:31.379672
[Task: 60] Time taken: 0:00:00.557165
[Task: 60] 
[Task: 61] Loading bustle model....
[Task: 61] Count: 61
[Task: 61] 
[Task: 61] 2021-09-09 17:41:30.774667
[Task: 61] Number of programs: 13
[Task: 61] Size: 0 Evaluations: 0
[Task: 61] Size: 1 Evaluations: 0
[Task: 61] Size: 2 Evaluations: 14
[Task: 61] Size: 3 Evaluations: 56
[Task: 61] Size: 4 Evaluations: 43
[Task: 61] Size: 5 Evaluations: 251
[Task: 61] Size: 6 Evaluations: 242
[Task: 61] Size: 7 Evaluations: 1042
[Task: 61] Size: 8 Evaluations: 1297
[Task: 61] Size: 9 Evaluations: 3304
[Task: 61] Size: 10 Evaluations: 7877
[Task: 61] Size: 11 Evaluations: 15631
[Task: 61] Benchmark: phone-9.sl
[Task: 61] Result: Success
[Task: 61] Program: name[1:].replace("-", ".",2).replace(" ", ".")
[Task: 61] Number of evaluations: 35352
[Task: 61] 2021-09-09 17:41:53.537642
[Task: 61] Time taken: 0:00:22.754967
[Task: 61] 
[Task: 62] Loading bustle model....
[Task: 62] Count: 62
[Task: 62] 
[Task: 62] 2021-09-09 17:41:30.936708
[Task: 62] Number of programs: 10
[Task: 62] Size: 0 Evaluations: 0
[Task: 62] Size: 1 Evaluations: 0
[Task: 62] Size: 2 Evaluations: 11
[Task: 62] Benchmark: phone.sl
[Task: 62] Result: Success
[Task: 62] Program: name[:3]
[Task: 62] Number of evaluations: 24
[Task: 62] 2021-09-09 17:41:31.262151
[Task: 62] Time taken: 0:00:00.324038
[Task: 62] 
[Task: 63] Loading bustle model....
[Task: 63] Count: 63
[Task: 63] 
[Task: 63] 2021-09-09 17:41:30.936972
[Task: 63] Number of programs: 9
[Task: 63] Size: 0 Evaluations: 0
[Task: 63] Size: 1 Evaluations: 0
[Task: 63] Size: 2 Evaluations: 11
[Task: 63] Size: 3 Evaluations: 19
[Task: 63] Size: 4 Evaluations: 18
[Task: 63] Benchmark: remove-file-extension-from-filename.sl
[Task: 63] Result: Success
[Task: 63] Program: _arg_0[:_arg_0.IndexOf(".")]
[Task: 63] Number of evaluations: 83
[Task: 63] 2021-09-09 17:41:31.388758
[Task: 63] Time taken: 0:00:00.450190
[Task: 63] 
[Task: 64] Loading bustle model....
[Task: 64] Count: 64
[Task: 64] 
[Task: 64] 2021-09-09 17:41:30.987578
[Task: 64] Number of programs: 8
[Task: 64] Size: 0 Evaluations: 0
[Task: 64] Size: 1 Evaluations: 0
[Task: 64] Size: 2 Evaluations: 11
[Task: 64] Size: 3 Evaluations: 14
[Task: 64] Size: 4 Evaluations: 14
[Task: 64] Size: 5 Evaluations: 38
[Task: 64] Size: 6 Evaluations: 49
[Task: 64] Size: 7 Evaluations: 105
[Task: 64] Size: 8 Evaluations: 222
[Task: 64] Size: 9 Evaluations: 316
[Task: 64] Size: 10 Evaluations: 724
[Task: 64] Size: 11 Evaluations: 1159
[Task: 64] Size: 12 Evaluations: 2161
[Task: 64] Size: 13 Evaluations: 4226
[Task: 64] Size: 14 Evaluations: 7719
[Task: 64] Size: 15 Evaluations: 15350
[Task: 64] Size: 16 Evaluations: 29416
[Task: 64] Size: 17 Evaluations: 57181
[Task: 64] Size: 18 Evaluations: 110407
[Task: 64] Size: 19 Evaluations: 216227
[Task: 64] Size: 20 Evaluations: 421540
[Task: 64] Benchmark: remove-leading-and-trailing-spaces-from-text.sl
[Task: 64] Result: Success
[Task: 64] Program: _arg_0.replace(" ", concat(" ", _arg_0[_arg_0.IndexOf(" "):].strip()))[:_arg_0.Length()].strip()
[Task: 64] Number of evaluations: 1201855
[Task: 64] 2021-09-09 17:51:58.406165
[Task: 64] Time taken: 0:10:27.414814
[Task: 64] 
[Task: 65] Loading bustle model....
[Task: 65] Count: 65
[Task: 65] 
[Task: 65] 2021-09-09 17:41:30.918793
[Task: 65] Number of programs: 9
[Task: 65] Size: 0 Evaluations: 0
[Task: 65] Size: 1 Evaluations: 0
[Task: 65] Size: 2 Evaluations: 10
[Task: 65] Size: 3 Evaluations: 19
[Task: 65] Size: 4 Evaluations: 28
[Task: 65] Benchmark: remove-text-by-matching.sl
[Task: 65] Result: Success
[Task: 65] Program: _arg_0.replace("-", "",-1)
[Task: 65] Number of evaluations: 108
[Task: 65] 2021-09-09 17:41:31.344587
[Task: 65] Time taken: 0:00:00.424622
[Task: 65] 
[Task: 66] Loading bustle model....
[Task: 66] Count: 66
[Task: 66] 
[Task: 66] 2021-09-09 17:41:30.796124
[Task: 66] Number of programs: 9
[Task: 66] Size: 0 Evaluations: 0
[Task: 66] Size: 1 Evaluations: 0
[Task: 66] Size: 2 Evaluations: 11
[Task: 66] Size: 3 Evaluations: 18
[Task: 66] Size: 4 Evaluations: 17
[Task: 66] Size: 5 Evaluations: 60
[Task: 66] Size: 6 Evaluations: 110
[Task: 66] Size: 7 Evaluations: 402
[Task: 66] Size: 8 Evaluations: 805
[Task: 66] Size: 9 Evaluations: 2918
[Task: 66] Size: 10 Evaluations: 6898
[Task: 66] Size: 11 Evaluations: 23407
[Task: 66] Size: 12 Evaluations: 61947
[Task: 66] Benchmark: remove-text-by-position.sl
[Task: 66] Result: Success
[Task: 66] Program: _arg_0[(1 + _arg_0.replace("/", " ").replace("/", " ").IndexOf("/")):]
[Task: 66] Number of evaluations: 250701
[Task: 66] 2021-09-09 17:42:45.066791
[Task: 66] Time taken: 0:01:14.262135
[Task: 66] 
[Task: 67] Loading bustle model....
[Task: 67] Count: 67
[Task: 67] 
[Task: 67] 2021-09-09 17:41:30.788426
[Task: 67] Number of programs: 9
[Task: 67] Size: 0 Evaluations: 0
[Task: 67] Size: 1 Evaluations: 0
[Task: 67] Size: 2 Evaluations: 12
[Task: 67] Size: 3 Evaluations: 20
[Task: 67] Size: 4 Evaluations: 4
[Task: 67] Size: 5 Evaluations: 41
[Task: 67] Size: 6 Evaluations: 14
[Task: 67] Size: 7 Evaluations: 64
[Task: 67] Size: 8 Evaluations: 32
[Task: 67] Size: 9 Evaluations: 138
[Task: 67] Size: 10 Evaluations: 159
[Task: 67] Benchmark: remove-unwanted-characters.sl
[Task: 67] Result: Success
[Task: 67] Program: _arg_0.replace(_arg_1.strip(), "",-1)
[Task: 67] Number of evaluations: 637
[Task: 67] 2021-09-09 17:41:31.800136
[Task: 67] Time taken: 0:00:01.005739
[Task: 67] 
[Task: 68] Loading bustle model....
[Task: 68] Count: 68
[Task: 68] 
[Task: 68] 2021-09-09 17:41:30.978255
[Task: 68] Number of programs: 9
[Task: 68] Size: 0 Evaluations: 0
[Task: 68] Size: 1 Evaluations: 0
[Task: 68] Size: 2 Evaluations: 10
[Task: 68] Size: 3 Evaluations: 19
[Task: 68] Size: 4 Evaluations: 13
[Task: 68] Benchmark: replace-one-character-with-another.sl
[Task: 68] Result: Success
[Task: 68] Program: _arg_0.replace(" ", "-",-1)
[Task: 68] Number of evaluations: 67
[Task: 68] 2021-09-09 17:41:31.420651
[Task: 68] Time taken: 0:00:00.442298
[Task: 68] 
[Task: 69] Loading bustle model....
[Task: 69] Count: 69
[Task: 69] 
[Task: 69] 2021-09-09 17:41:30.981276
[Task: 69] Number of programs: 8
[Task: 69] Size: 0 Evaluations: 0
[Task: 69] Size: 1 Evaluations: 0
[Task: 69] Size: 2 Evaluations: 14
[Task: 69] Size: 3 Evaluations: 27
[Task: 69] Size: 4 Evaluations: 37
[Task: 69] Benchmark: reverse-name.sl
[Task: 69] Result: Success
[Task: 69] Program: concat(lastname, concat(" ", firstname))
[Task: 69] Number of evaluations: 100
[Task: 69] 2021-09-09 17:41:31.476652
[Task: 69] Time taken: 0:00:00.491773
[Task: 69] 
[Task: 70] Loading bustle model....
[Task: 70] Count: 70
[Task: 70] 
[Task: 70] 2021-09-09 17:41:30.927640
[Task: 70] Number of programs: 13
[Task: 70] Size: 0 Evaluations: 0
[Task: 70] Size: 1 Evaluations: 0
[Task: 70] Size: 2 Evaluations: 15
[Task: 70] Size: 3 Evaluations: 38
[Task: 70] Size: 4 Evaluations: 49
[Task: 70] Size: 5 Evaluations: 219
[Task: 70] Size: 6 Evaluations: 275
[Task: 70] Size: 7 Evaluations: 862
[Task: 70] Size: 8 Evaluations: 1330
[Task: 70] Size: 9 Evaluations: 4662
[Task: 70] Size: 10 Evaluations: 10621
[Task: 70] Size: 11 Evaluations: 31965
[Task: 70] Size: 12 Evaluations: 94105
[Task: 70] Benchmark: stackoverflow10.sl
[Task: 70] Result: Success
[Task: 70] Program: _arg_0[_arg_0.IndexOf(1.IntToStr(),(3 + _arg_0.IndexOf(" "))):][:4]
[Task: 70] Number of evaluations: 245642
[Task: 70] 2021-09-09 17:45:43.347616
[Task: 70] Time taken: 0:04:12.419972
[Task: 70] 
[Task: 71] Loading bustle model....
[Task: 71] Count: 71
[Task: 71] 
[Task: 71] 2021-09-09 19:24:37.096014
[Task: 71] Number of programs: 19
[Task: 71] Size: 0 Evaluations: 0
[Task: 71] Size: 1 Evaluations: 0
[Task: 71] Size: 2 Evaluations: 27
[Task: 71] Size: 3 Evaluations: 186
[Task: 71] Size: 4 Evaluations: 193
[Task: 71] Size: 5 Evaluations: 707
[Task: 71] Size: 6 Evaluations: 4823
[Task: 71] Size: 7 Evaluations: 23280
[Task: 71] Size: 8 Evaluations: 110276
[Task: 71] Size: 9 Evaluations: 622297
[Task: 71] Size: 10 Evaluations: 3064877
[Task: 72] Loading bustle model....
[Task: 72] Count: 72
[Task: 72] 
[Task: 72] 2021-09-09 17:53:25.541799
[Task: 72] Number of programs: 12
[Task: 72] Size: 0 Evaluations: 0
[Task: 72] Size: 1 Evaluations: 0
[Task: 72] Size: 2 Evaluations: 19
[Task: 72] Size: 3 Evaluations: 59
[Task: 72] Size: 4 Evaluations: 60
[Task: 72] Size: 5 Evaluations: 235
[Task: 72] Benchmark: stackoverflow1.sl
[Task: 72] Result: Success
[Task: 72] Program: _arg_0[:_arg_0.IndexOf("Inc")].strip()
[Task: 72] Number of evaluations: 805
[Task: 72] 2021-09-09 17:53:26.221363
[Task: 72] Time taken: 0:00:00.679522
[Task: 72] 
[Task: 73] Loading bustle model....
[Task: 73] Count: 73
[Task: 73] 
[Task: 73] 2021-09-09 17:53:25.568243
[Task: 73] Number of programs: 9
[Task: 73] Size: 0 Evaluations: 0
[Task: 73] Size: 1 Evaluations: 0
[Task: 73] Size: 2 Evaluations: 13
[Task: 73] Size: 3 Evaluations: 18
[Task: 73] Size: 4 Evaluations: 21
[Task: 73] Size: 5 Evaluations: 73
[Task: 73] Size: 6 Evaluations: 124
[Task: 73] Size: 7 Evaluations: 423
[Task: 73] Size: 8 Evaluations: 846
[Task: 73] Size: 9 Evaluations: 2862
[Task: 73] Benchmark: stackoverflow2.sl
[Task: 73] Result: Success
[Task: 73] Program: _arg_0[:(-1 - ("in".Length() + "in".Length()))].strip()
[Task: 73] Number of evaluations: 7228
[Task: 73] 2021-09-09 17:53:28.720323
[Task: 73] Time taken: 0:00:03.146215
[Task: 73] 
[Task: 74] Loading bustle model....
[Task: 74] Count: 74
[Task: 74] 
[Task: 74] 2021-09-09 17:53:25.550664
[Task: 74] Number of programs: 13
[Task: 74] Size: 0 Evaluations: 0
[Task: 74] Size: 1 Evaluations: 0
[Task: 74] Size: 2 Evaluations: 15
[Task: 74] Size: 3 Evaluations: 37
[Task: 74] Size: 4 Evaluations: 55
[Task: 74] Size: 5 Evaluations: 232
[Task: 74] Size: 6 Evaluations: 551
[Task: 74] Size: 7 Evaluations: 2560
[Task: 74] Benchmark: stackoverflow3.sl
[Task: 74] Result: Success
[Task: 74] Program: _arg_0[3:][_arg_0.IndexOf("9"):].strip()
[Task: 74] Number of evaluations: 6515
[Task: 74] 2021-09-09 17:53:27.782216
[Task: 74] Time taken: 0:00:02.228003
[Task: 74] 
[Task: 75] Loading bustle model....
[Task: 75] Count: 75
[Task: 75] 
[Task: 75] 2021-09-09 17:53:25.535653
[Task: 75] Number of programs: 12
[Task: 75] Size: 0 Evaluations: 0
[Task: 75] Size: 1 Evaluations: 0
[Task: 75] Size: 2 Evaluations: 14
[Task: 75] Size: 3 Evaluations: 45
[Task: 75] Size: 4 Evaluations: 28
[Task: 75] Size: 5 Evaluations: 62
[Task: 75] Size: 6 Evaluations: 66
[Task: 75] Size: 7 Evaluations: 168
[Task: 75] Size: 8 Evaluations: 257
[Task: 75] Size: 9 Evaluations: 513
[Task: 75] Size: 10 Evaluations: 827
[Task: 75] Size: 11 Evaluations: 1628
[Task: 75] Size: 12 Evaluations: 3225
[Task: 75] Benchmark: stackoverflow4.sl
[Task: 75] Result: Success
[Task: 75] Program: _arg_0[:-1].replace(",", " ",-1).replace("<", " ")
[Task: 75] Number of evaluations: 9337
[Task: 75] 2021-09-09 17:53:30.566778
[Task: 75] Time taken: 0:00:05.031129
[Task: 75] 
[Task: 76] Loading bustle model....
[Task: 76] Count: 76
[Task: 76] 
[Task: 76] 2021-09-09 17:53:25.544684
[Task: 76] Number of programs: 13
[Task: 76] Size: 0 Evaluations: 0
[Task: 76] Size: 1 Evaluations: 0
[Task: 76] Size: 2 Evaluations: 17
[Task: 76] Size: 3 Evaluations: 63
[Task: 76] Size: 4 Evaluations: 86
[Task: 76] Size: 5 Evaluations: 317
[Task: 76] Size: 6 Evaluations: 1206
[Task: 76] Size: 7 Evaluations: 4533
[Task: 76] Size: 8 Evaluations: 18198
[Task: 76] Benchmark: stackoverflow5.sl
[Task: 76] Result: Success
[Task: 76] Program: _arg_0[:(-1 + _arg_0.IndexOf("1"))]
[Task: 76] Number of evaluations: 78988
[Task: 76] 2021-09-09 17:53:36.755401
[Task: 76] Time taken: 0:00:11.208347
[Task: 76] 
[Task: 77] Loading bustle model....
[Task: 77] Count: 77
[Task: 77] 
[Task: 77] 2021-09-09 19:24:37.243723
[Task: 77] Number of programs: 10
[Task: 77] Size: 0 Evaluations: 0
[Task: 77] Size: 1 Evaluations: 0
[Task: 77] Size: 2 Evaluations: 13
[Task: 77] Size: 3 Evaluations: 27
[Task: 77] Size: 4 Evaluations: 38
[Task: 77] Size: 5 Evaluations: 130
[Task: 77] Size: 6 Evaluations: 358
[Task: 77] Size: 7 Evaluations: 1190
[Task: 77] Size: 8 Evaluations: 3752
[Task: 77] Size: 9 Evaluations: 12850
[Task: 77] Size: 10 Evaluations: 43975
[Task: 77] Size: 11 Evaluations: 153107
[Task: 77] Size: 12 Evaluations: 538566
[Task: 77] Size: 13 Evaluations: 1923431
[Task: 77] Size: 14 Evaluations: 6915895
[Task: 78] Loading bustle model....
[Task: 78] Count: 78
[Task: 78] 
[Task: 78] 2021-09-09 17:53:25.620385
[Task: 78] Number of programs: 9
[Task: 78] Size: 0 Evaluations: 0
[Task: 78] Size: 1 Evaluations: 0
[Task: 78] Size: 2 Evaluations: 14
[Task: 78] Size: 3 Evaluations: 26
[Task: 78] Size: 4 Evaluations: 17
[Task: 78] Size: 5 Evaluations: 92
[Task: 78] Size: 6 Evaluations: 108
[Task: 78] Size: 7 Evaluations: 288
[Task: 78] Size: 8 Evaluations: 376
[Task: 78] Size: 9 Evaluations: 969
[Task: 78] Size: 10 Evaluations: 1117
[Task: 78] Benchmark: stackoverflow7.sl
[Task: 78] Result: Success
[Task: 78] Program: _arg_0.replace(_arg_1.strip(), "").strip()
[Task: 78] Number of evaluations: 3479
[Task: 78] 2021-09-09 17:53:27.472364
[Task: 78] Time taken: 0:00:01.851894
[Task: 78] 
[Task: 79] Loading bustle model....
[Task: 79] Count: 79
[Task: 79] 
[Task: 79] 2021-09-09 17:53:25.594215
[Task: 79] Number of programs: 12
[Task: 79] Size: 0 Evaluations: 0
[Task: 79] Size: 1 Evaluations: 0
[Task: 79] Size: 2 Evaluations: 15
[Task: 79] Size: 3 Evaluations: 34
[Task: 79] Size: 4 Evaluations: 40
[Task: 79] Size: 5 Evaluations: 213
[Task: 79] Size: 6 Evaluations: 399
[Task: 79] Size: 7 Evaluations: 2202
[Task: 79] Benchmark: stackoverflow8.sl
[Task: 79] Result: Success
[Task: 79] Program: _arg_0[_arg_0.IndexOf(_arg_0[-1:].upper()):]
[Task: 79] Number of evaluations: 6724
[Task: 79] 2021-09-09 17:53:27.353117
[Task: 79] Time taken: 0:00:01.754191
[Task: 79] 
[Task: 80] Loading bustle model....
[Task: 80] Count: 80
[Task: 80] 
[Task: 80] 2021-09-09 17:53:25.559079
[Task: 80] Number of programs: 8
[Task: 80] Size: 0 Evaluations: 0
[Task: 80] Size: 1 Evaluations: 0
[Task: 80] Size: 2 Evaluations: 11
[Task: 80] Size: 3 Evaluations: 13
[Task: 80] Size: 4 Evaluations: 16
[Task: 80] Size: 5 Evaluations: 50
[Task: 80] Size: 6 Evaluations: 92
[Task: 80] Size: 7 Evaluations: 273
[Task: 80] Size: 8 Evaluations: 532
[Task: 80] Size: 9 Evaluations: 1759
[Task: 80] Size: 10 Evaluations: 3764
[Task: 80] Benchmark: stackoverflow9.sl
[Task: 80] Result: Success
[Task: 80] Program: _arg_0[(1 + _arg_0.replace(" ", "").IndexOf(" ")):].strip()
[Task: 80] Number of evaluations: 11206
[Task: 80] 2021-09-09 17:53:29.658760
[Task: 80] Time taken: 0:00:04.095239
[Task: 80] 
[Task: 81] Loading bustle model....
[Task: 81] Count: 81
[Task: 81] 
[Task: 81] 2021-09-09 17:53:25.611727
[Task: 81] Number of programs: 11
[Task: 81] Size: 0 Evaluations: 0
[Task: 81] Size: 1 Evaluations: 0
[Task: 81] Size: 2 Evaluations: 14
[Task: 81] Size: 3 Evaluations: 31
[Task: 81] Size: 4 Evaluations: 34
[Task: 81] Size: 5 Evaluations: 55
[Task: 81] Size: 6 Evaluations: 59
[Task: 81] Size: 7 Evaluations: 85
[Task: 81] Size: 8 Evaluations: 117
[Task: 81] Size: 9 Evaluations: 195
[Task: 81] Benchmark: strip-html-from-text-or-numbers.sl
[Task: 81] Result: Success
[Task: 81] Program: _arg_0.Substr(_arg_0.IndexOf(0.IntToStr()),_arg_0.IndexOf("<",1))
[Task: 81] Number of evaluations: 925
[Task: 81] 2021-09-09 17:53:26.684604
[Task: 81] Time taken: 0:00:01.071164
[Task: 81] 
[Task: 82] Loading bustle model....
[Task: 82] Count: 82
[Task: 82] 
[Task: 82] 2021-09-09 19:24:37.187331
[Task: 82] Number of programs: 20
[Task: 82] Size: 0 Evaluations: 0
[Task: 82] Size: 1 Evaluations: 0
[Task: 82] Size: 2 Evaluations: 19
[Task: 82] Size: 3 Evaluations: 68
[Task: 82] Size: 4 Evaluations: 121
[Task: 82] Size: 5 Evaluations: 607
[Task: 82] Size: 6 Evaluations: 1038
[Task: 82] Size: 7 Evaluations: 2868
[Task: 82] Size: 8 Evaluations: 6798
[Task: 82] Size: 9 Evaluations: 27891
[Task: 82] Size: 10 Evaluations: 110818
[Task: 82] Size: 11 Evaluations: 433107
[Task: 82] Size: 12 Evaluations: 1282815
[Task: 82] Size: 13 Evaluations: 4672982
[Task: 82] Benchmark: strip-non-numeric-characters.sl
[Task: 82] Result: Success
[Task: 82] Program: concat(_arg_0[(5 + 9):].replace("%", ""), _arg_0)[:_arg_0.IndexOf(" ")]
[Task: 82] Number of evaluations: 10292136
[Task: 82] 2021-09-09 20:35:08.710408
[Task: 82] Time taken: 1:10:31.523115
[Task: 82] 
[Task: 83] Loading bustle model....
[Task: 83] Count: 83
[Task: 83] 
[Task: 83] 2021-09-09 19:24:37.141382
[Task: 83] Number of programs: 18
[Task: 83] Size: 0 Evaluations: 0
[Task: 83] Size: 1 Evaluations: 0
[Task: 83] Size: 2 Evaluations: 18
[Task: 83] Size: 3 Evaluations: 61
[Task: 83] Size: 4 Evaluations: 49
[Task: 83] Size: 5 Evaluations: 366
[Task: 83] Size: 6 Evaluations: 148
[Task: 83] Size: 7 Evaluations: 1843
[Task: 83] Size: 8 Evaluations: 1497
[Task: 83] Size: 9 Evaluations: 17364
[Task: 83] Size: 10 Evaluations: 21770
[Task: 83] Size: 11 Evaluations: 216897
[Task: 83] Size: 12 Evaluations: 383167
[Task: 83] Size: 13 Evaluations: 3937887
[Task: 84] Loading bustle model....
[Task: 84] Count: 84
[Task: 84] 
[Task: 84] 2021-09-09 17:53:25.562750
[Task: 84] Number of programs: 9
[Task: 84] Size: 0 Evaluations: 0
[Task: 84] Size: 1 Evaluations: 0
[Task: 84] Size: 2 Evaluations: 15
[Task: 84] Size: 3 Evaluations: 37
[Task: 84] Size: 4 Evaluations: 65
[Task: 84] Size: 5 Evaluations: 175
[Task: 84] Size: 6 Evaluations: 405
[Task: 84] Benchmark: univ_1.sl
[Task: 84] Result: Success
[Task: 84] Program: concat(col1, concat(",", concat(" ", col2)))
[Task: 84] Number of evaluations: 717
[Task: 84] 2021-09-09 17:53:26.472589
[Task: 84] Time taken: 0:00:00.899347
[Task: 84] 
[Task: 85] Loading bustle model....
[Task: 85] Count: 85
[Task: 85] 
[Task: 85] 2021-09-09 19:24:37.112711
[Task: 85] Number of programs: 15
[Task: 85] Size: 0 Evaluations: 0
[Task: 85] Size: 1 Evaluations: 0
[Task: 85] Size: 2 Evaluations: 29
[Task: 85] Size: 3 Evaluations: 135
[Task: 85] Size: 4 Evaluations: 81
[Task: 85] Size: 5 Evaluations: 383
[Task: 85] Size: 6 Evaluations: 556
[Task: 85] Size: 7 Evaluations: 1239
[Task: 85] Size: 8 Evaluations: 2059
[Task: 85] Size: 9 Evaluations: 3769
[Task: 85] Size: 10 Evaluations: 8108
[Task: 85] Size: 11 Evaluations: 14959
[Task: 85] Size: 12 Evaluations: 36998
[Task: 85] Size: 13 Evaluations: 70318
[Task: 85] Size: 14 Evaluations: 159669
[Task: 85] Size: 15 Evaluations: 311270
[Task: 85] Size: 16 Evaluations: 645507
[Task: 85] Size: 17 Evaluations: 1309245
[Task: 85] Size: 18 Evaluations: 2602342
[Task: 85] Benchmark: univ_2.sl
[Task: 85] Result: Success
[Task: 85] Program: concat(col1, concat(",", concat(" ", "USA"))[:2] + col2.replace(concat(",", concat(" ", "USA")), " ".strip()) + concat(",", concat(" ", "USA"))[0:])
[Task: 85] Number of evaluations: 5615283
[Task: 85] 2021-09-09 20:31:55.485385
[Task: 85] Time taken: 1:07:18.372671
[Task: 85] 
[Task: 86] Loading bustle model....
[Task: 86] Count: 86
[Task: 86] 
[Task: 86] 2021-09-09 19:24:37.105311
[Task: 86] Number of programs: 15
[Task: 86] Size: 0 Evaluations: 0
[Task: 86] Size: 1 Evaluations: 0
[Task: 86] Size: 2 Evaluations: 29
[Task: 86] Size: 3 Evaluations: 135
[Task: 86] Size: 4 Evaluations: 213
[Task: 86] Size: 5 Evaluations: 966
[Task: 86] Size: 6 Evaluations: 2877
[Task: 86] Size: 7 Evaluations: 8984
[Task: 86] Size: 8 Evaluations: 32035
[Task: 86] Size: 9 Evaluations: 115198
[Task: 86] Size: 10 Evaluations: 421734
[Task: 86] Size: 11 Evaluations: 1569782
[Task: 86] Size: 12 Evaluations: 5789336
[Task: 87] Loading bustle model....
[Task: 87] Count: 87
[Task: 87] 
[Task: 87] 2021-09-09 19:24:37.070720
[Task: 87] Number of programs: 16
[Task: 87] Size: 0 Evaluations: 0
[Task: 87] Size: 1 Evaluations: 0
[Task: 87] Size: 2 Evaluations: 33
[Task: 87] Size: 3 Evaluations: 166
[Task: 87] Size: 4 Evaluations: 291
[Task: 87] Size: 5 Evaluations: 1390
[Task: 87] Size: 6 Evaluations: 5007
[Task: 87] Size: 7 Evaluations: 17887
[Task: 87] Size: 8 Evaluations: 72403
[Task: 87] Size: 9 Evaluations: 308638
[Task: 87] Size: 10 Evaluations: 1253721
[Task: 87] Size: 11 Evaluations: 5439934
[Task: 88] Loading bustle model....
[Task: 88] Count: 88
[Task: 88] 
[Task: 88] 2021-09-09 19:24:37.134529
[Task: 88] Number of programs: 36
[Task: 88] Size: 0 Evaluations: 0
[Task: 88] Size: 1 Evaluations: 0
[Task: 88] Size: 2 Evaluations: 71
[Task: 88] Size: 3 Evaluations: 1005
[Task: 88] Size: 4 Evaluations: 2024
[Task: 88] Size: 5 Evaluations: 7565
[Task: 88] Size: 6 Evaluations: 45706
[Task: 88] Size: 7 Evaluations: 259070
[Task: 88] Size: 8 Evaluations: 1404600
