[Task: 0] Loading bustle model....
[Task: 0] Count: 0
[Task: 0] 
[Task: 0] 2021-09-09 06:17:23.903556
[Task: 0] Number of programs: 10
[Task: 0] Size: 0 Evaluations: 0
[Task: 0] Size: 1 Evaluations: 0
[Task: 0] Size: 2 Evaluations: 17
[Task: 0] Size: 3 Evaluations: 34
[Task: 0] Size: 4 Evaluations: 53
[Task: 0] Size: 5 Evaluations: 208
[Task: 0] Size: 6 Evaluations: 648
[Task: 0] Size: 7 Evaluations: 2182
[Task: 0] Benchmark: 11440431.sl
[Task: 0] Result: Success
[Task: 0] Program: _arg_0.replace("US", "").replace("CAN", "").strip()
[Task: 0] Number of evaluations: 7858
[Task: 0] 2021-09-09 06:17:26.415247
[Task: 0] Time taken: 0:00:02.511671
[Task: 0] 
[Task: 1] Loading bustle model....
[Task: 1] Count: 1
[Task: 1] 
[Task: 1] 2021-09-09 06:17:24.043668
[Task: 1] Number of programs: 10
[Task: 1] Size: 0 Evaluations: 0
[Task: 1] Size: 1 Evaluations: 0
[Task: 1] Size: 2 Evaluations: 12
[Task: 1] Size: 3 Evaluations: 20
[Task: 1] Size: 4 Evaluations: 40
[Task: 1] Size: 5 Evaluations: 108
[Task: 1] Size: 6 Evaluations: 304
[Task: 1] Size: 7 Evaluations: 884
[Task: 1] Size: 8 Evaluations: 2847
[Task: 1] Size: 9 Evaluations: 8480
[Task: 1] Size: 10 Evaluations: 29668
[Task: 1] Size: 11 Evaluations: 94434
[Task: 1] Size: 12 Evaluations: 335578
[Task: 1] Benchmark: 11604909.sl
[Task: 1] Result: Success
[Task: 1] Program: _arg_0[(-1 + _arg_0.IndexOf(".")):][:(1 + (1 + 1))]
[Task: 1] Number of evaluations: 1232479
[Task: 1] 2021-09-09 06:27:34.281357
[Task: 1] Time taken: 0:10:10.231203
[Task: 1] 
[Task: 2] Loading bustle model....
[Task: 2] Count: 2
[Task: 2] 
[Task: 2] 2021-09-09 06:17:24.025777
[Task: 2] Number of programs: 9
[Task: 2] Size: 0 Evaluations: 0
[Task: 2] Size: 1 Evaluations: 0
[Task: 2] Size: 2 Evaluations: 10
[Task: 2] Size: 3 Evaluations: 17
[Task: 2] Size: 4 Evaluations: 27
[Task: 2] Size: 5 Evaluations: 55
[Task: 2] Size: 6 Evaluations: 108
[Task: 2] Size: 7 Evaluations: 263
[Task: 2] Size: 8 Evaluations: 510
[Task: 2] Size: 9 Evaluations: 1198
[Task: 2] Size: 10 Evaluations: 2888
[Task: 2] Size: 11 Evaluations: 6759
[Task: 2] Benchmark: 17212077.sl
[Task: 2] Result: Success
[Task: 2] Program: _arg_0[:(1 + 1)] + "/" + _arg_0[_arg_0.IndexOf((1 + 1).IntToStr()):]
[Task: 2] Number of evaluations: 23905
[Task: 2] 2021-09-09 06:17:33.198866
[Task: 2] Time taken: 0:00:09.150759
[Task: 2] 
[Task: 3] Loading bustle model....
[Task: 3] Count: 3
[Task: 3] 
[Task: 3] 2021-09-09 06:19:37.228268
[Task: 3] Number of programs: 8
[Task: 3] Size: 0 Evaluations: 0
[Task: 3] Size: 1 Evaluations: 0
[Task: 3] Size: 2 Evaluations: 11
[Task: 3] Size: 3 Evaluations: 14
[Task: 3] Size: 4 Evaluations: 13
[Task: 3] Size: 5 Evaluations: 39
[Task: 3] Size: 6 Evaluations: 44
[Task: 3] Benchmark: 2171308.sl
[Task: 3] Result: Success
[Task: 3] Program: _arg_0[:1] + "" + _arg_0[_arg_0.IndexOf(" "):]
[Task: 3] Number of evaluations: 174
[Task: 3] 2021-09-09 06:19:37.760454
[Task: 3] Time taken: 0:00:00.520347
[Task: 3] 
[Task: 4] Loading bustle model....
[Task: 4] Count: 4
[Task: 4] 
[Task: 4] 2021-09-09 06:19:37.165989
[Task: 4] Number of programs: 14
[Task: 4] Size: 0 Evaluations: 0
[Task: 4] Size: 1 Evaluations: 0
[Task: 4] Size: 2 Evaluations: 30
[Task: 4] Size: 3 Evaluations: 99
[Task: 4] Size: 4 Evaluations: 59
[Task: 4] Size: 5 Evaluations: 249
[Task: 4] Size: 6 Evaluations: 503
[Task: 4] Size: 7 Evaluations: 677
[Task: 4] Size: 8 Evaluations: 1491
[Task: 4] Size: 9 Evaluations: 3130
[Task: 4] Benchmark: 25239569.sl
[Task: 4] Result: Success
[Task: 4] Program: _arg_0.replace("BRD", "Branding").replace("DRS", "Direct Response").replace("LDS", "Leads")
[Task: 4] Number of evaluations: 11170
[Task: 4] 2021-09-09 06:19:39.894577
[Task: 4] Time taken: 0:00:02.714790
[Task: 4] 
[Task: 5] Loading bustle model....
[Task: 5] Count: 5
[Task: 5] 
[Task: 5] 2021-09-09 06:19:37.191261
[Task: 5] Number of programs: 10
[Task: 5] Size: 0 Evaluations: 0
[Task: 5] Size: 1 Evaluations: 0
[Task: 5] Size: 2 Evaluations: 13
[Task: 5] Size: 3 Evaluations: 27
[Task: 5] Size: 4 Evaluations: 46
[Task: 5] Size: 5 Evaluations: 132
[Task: 5] Benchmark: 28627624_1.sl
[Task: 5] Result: Success
[Task: 5] Program: _arg_0[:_arg_0.IndexOf("-")].strip()
[Task: 5] Number of evaluations: 392
[Task: 5] 2021-09-09 06:19:37.651789
[Task: 5] Time taken: 0:00:00.451256
[Task: 5] 
[Task: 6] Loading bustle model....
[Task: 6] Count: 6
[Task: 6] 
[Task: 6] 2021-09-09 06:19:37.157146
[Task: 6] Number of programs: 9
[Task: 6] Size: 0 Evaluations: 0
[Task: 6] Size: 1 Evaluations: 0
[Task: 6] Size: 2 Evaluations: 11
[Task: 6] Size: 3 Evaluations: 18
[Task: 6] Size: 4 Evaluations: 36
[Task: 6] Size: 5 Evaluations: 105
[Task: 6] Size: 6 Evaluations: 301
[Task: 6] Benchmark: 30732554.sl
[Task: 6] Result: Success
[Task: 6] Program: _arg_0[:concat(_arg_0, "|").IndexOf("|")]
[Task: 6] Number of evaluations: 1101
[Task: 6] 2021-09-09 06:19:37.854101
[Task: 6] Time taken: 0:00:00.679326
[Task: 6] 
[Task: 7] Loading bustle model....
[Task: 7] Count: 7
[Task: 7] 
[Task: 7] 2021-09-09 15:47:30.122214
[Task: 7] Number of programs: 13
[Task: 7] Size: 0 Evaluations: 0
[Task: 7] Size: 1 Evaluations: 0
[Task: 7] Size: 2 Evaluations: 15
[Task: 7] Size: 3 Evaluations: 37
[Task: 7] Size: 4 Evaluations: 25
[Task: 7] Size: 5 Evaluations: 164
[Task: 7] Size: 6 Evaluations: 216
[Task: 7] Size: 7 Evaluations: 447
[Task: 7] Size: 8 Evaluations: 2440
[Task: 7] Size: 9 Evaluations: 4287
[Task: 7] Size: 10 Evaluations: 21334
[Task: 7] Size: 11 Evaluations: 46452
[Task: 7] Size: 12 Evaluations: 97772
[Task: 7] Size: 13 Evaluations: 483583
[Task: 7] Size: 14 Evaluations: 1138237
[Task: 7] Size: 15 Evaluations: 4224006
[Task: 8] Loading bustle model....
[Task: 8] Count: 8
[Task: 8] 
[Task: 8] 2021-09-09 15:47:30.218978
[Task: 8] Number of programs: 12
[Task: 8] Size: 0 Evaluations: 0
[Task: 8] Size: 1 Evaluations: 0
[Task: 8] Size: 2 Evaluations: 26
[Task: 8] Size: 3 Evaluations: 66
[Task: 8] Size: 4 Evaluations: 98
[Task: 8] Size: 5 Evaluations: 431
[Task: 8] Size: 6 Evaluations: 1480
[Task: 8] Size: 7 Evaluations: 5966
[Task: 8] Size: 8 Evaluations: 22488
[Task: 8] Size: 9 Evaluations: 88569
[Task: 8] Size: 10 Evaluations: 360770
[Task: 8] Size: 11 Evaluations: 1452648
[Task: 8] Size: 12 Evaluations: 6007737
[Task: 9] Loading bustle model....
[Task: 9] Count: 9
[Task: 9] 
[Task: 9] 2021-09-09 06:19:37.131077
[Task: 9] Number of programs: 10
[Task: 9] Size: 0 Evaluations: 0
[Task: 9] Size: 1 Evaluations: 0
[Task: 9] Size: 2 Evaluations: 16
[Task: 9] Size: 3 Evaluations: 33
[Task: 9] Size: 4 Evaluations: 41
[Task: 9] Size: 5 Evaluations: 146
[Task: 9] Size: 6 Evaluations: 445
[Task: 9] Benchmark: 34801680.sl
[Task: 9] Result: Success
[Task: 9] Program: _arg_0[_arg_0.IndexOf(" "):].strip()
[Task: 9] Number of evaluations: 1498
[Task: 9] 2021-09-09 06:19:37.841808
[Task: 9] Time taken: 0:00:00.698745
[Task: 9] 
[Task: 10] Loading bustle model....
[Task: 10] Count: 10
[Task: 10] 
[Task: 10] 2021-09-09 06:19:37.126351
[Task: 10] Number of programs: 10
[Task: 10] Size: 0 Evaluations: 0
[Task: 10] Size: 1 Evaluations: 0
[Task: 10] Size: 2 Evaluations: 17
[Task: 10] Size: 3 Evaluations: 30
[Task: 10] Size: 4 Evaluations: 55
[Task: 10] Size: 5 Evaluations: 173
[Task: 10] Benchmark: 35016216.sl
[Task: 10] Result: Success
[Task: 10] Program: _arg_0.replace(_arg_0.lower(), _arg_1)
[Task: 10] Number of evaluations: 507
[Task: 10] 2021-09-09 06:19:37.637971
[Task: 10] Time taken: 0:00:00.505472
[Task: 10] 
[Task: 11] Loading bustle model....
[Task: 11] Count: 11
[Task: 11] 
[Task: 11] 2021-09-09 06:19:37.166780
[Task: 11] Number of programs: 13
[Task: 11] Size: 0 Evaluations: 0
[Task: 11] Size: 1 Evaluations: 0
[Task: 11] Size: 2 Evaluations: 23
[Task: 11] Size: 3 Evaluations: 79
[Task: 11] Size: 4 Evaluations: 81
[Task: 11] Size: 5 Evaluations: 280
[Task: 11] Size: 6 Evaluations: 1270
[Task: 11] Size: 7 Evaluations: 3844
[Task: 11] Size: 8 Evaluations: 15138
[Task: 11] Size: 9 Evaluations: 56067
[Task: 11] Size: 10 Evaluations: 229854
[Task: 11] Benchmark: 35744094.sl
[Task: 11] Result: Success
[Task: 11] Program: (if_arg_0.Contain("windows") then "windows" else (if_arg_0.Contain("microsoft") then "microsoft" else "mac"))
[Task: 11] Number of evaluations: 917321
[Task: 11] 2021-09-09 06:22:35.285331
[Task: 11] Time taken: 0:02:58.103901
[Task: 11] 
[Task: 12] Loading bustle model....
[Task: 12] Count: 12
[Task: 12] 
[Task: 12] 2021-09-09 06:19:37.150352
[Task: 12] Number of programs: 9
[Task: 12] Size: 0 Evaluations: 0
[Task: 12] Size: 1 Evaluations: 0
[Task: 12] Size: 2 Evaluations: 11
[Task: 12] Size: 3 Evaluations: 18
[Task: 12] Size: 4 Evaluations: 14
[Task: 12] Size: 5 Evaluations: 72
[Task: 12] Size: 6 Evaluations: 107
[Task: 12] Size: 7 Evaluations: 416
[Task: 12] Size: 8 Evaluations: 770
[Task: 12] Size: 9 Evaluations: 2978
[Task: 12] Size: 10 Evaluations: 6517
[Task: 12] Size: 11 Evaluations: 23755
[Task: 12] Size: 12 Evaluations: 58732
[Task: 12] Size: 13 Evaluations: 204135
[Task: 12] Benchmark: 36462127.sl
[Task: 12] Result: Success
[Task: 12] Program: _arg_0[concat(" ", _arg_0.replace("/", " ").replace("/", " ")).IndexOf("/"):]
[Task: 12] Number of evaluations: 728693
[Task: 12] 2021-09-09 06:22:54.100633
[Task: 12] Time taken: 0:03:16.932348
[Task: 12] 
[Task: 13] Loading bustle model....
[Task: 13] Count: 13
[Task: 13] 
[Task: 13] 2021-09-09 06:19:37.188010
[Task: 13] Number of programs: 10
[Task: 13] Size: 0 Evaluations: 0
[Task: 13] Size: 1 Evaluations: 0
[Task: 13] Size: 2 Evaluations: 18
[Task: 13] Size: 3 Evaluations: 32
[Task: 13] Size: 4 Evaluations: 67
[Task: 13] Size: 5 Evaluations: 237
[Task: 13] Benchmark: 37534494.sl
[Task: 13] Result: Success
[Task: 13] Program: (if_arg_0.Contain(_arg_2) then _arg_0 else _arg_1)
[Task: 13] Number of evaluations: 849
[Task: 13] 2021-09-09 06:19:37.784318
[Task: 13] Time taken: 0:00:00.577422
[Task: 13] 
[Task: 14] Loading bustle model....
[Task: 14] Count: 14
[Task: 14] 
[Task: 14] 2021-09-09 06:19:37.131645
[Task: 14] Number of programs: 9
[Task: 14] Size: 0 Evaluations: 0
[Task: 14] Size: 1 Evaluations: 0
[Task: 14] Size: 2 Evaluations: 13
[Task: 14] Size: 3 Evaluations: 26
[Task: 14] Size: 4 Evaluations: 50
[Task: 14] Size: 5 Evaluations: 139
[Task: 14] Size: 6 Evaluations: 513
[Task: 14] Size: 7 Evaluations: 1401
[Task: 14] Size: 8 Evaluations: 4788
[Task: 14] Benchmark: 38664547.sl
[Task: 14] Result: Success
[Task: 14] Program: _arg_0.replace("that", (ifEqual("that",_arg_0) then "that" else ""))
[Task: 14] Number of evaluations: 13016
[Task: 14] 2021-09-09 06:19:42.097907
[Task: 14] Time taken: 0:00:04.954019
[Task: 14] 
[Task: 15] Loading bustle model....
[Task: 15] Count: 15
[Task: 15] 
[Task: 15] 2021-09-09 06:19:37.152312
[Task: 15] Number of programs: 10
[Task: 15] Size: 0 Evaluations: 0
[Task: 15] Size: 1 Evaluations: 0
[Task: 15] Size: 2 Evaluations: 13
[Task: 15] Size: 3 Evaluations: 28
[Task: 15] Size: 4 Evaluations: 20
[Task: 15] Size: 5 Evaluations: 57
[Task: 15] Size: 6 Evaluations: 68
[Task: 15] Size: 7 Evaluations: 98
[Task: 15] Size: 8 Evaluations: 241
[Task: 15] Size: 9 Evaluations: 483
[Task: 15] Size: 10 Evaluations: 1055
[Task: 15] Size: 11 Evaluations: 2014
[Task: 15] Benchmark: 38871714.sl
[Task: 15] Result: Success
[Task: 15] Program: _arg_0.replace("<", "",-1).replace(">", "",-1)
[Task: 15] Number of evaluations: 6332
[Task: 15] 2021-09-09 06:19:39.350830
[Task: 15] Time taken: 0:00:02.181039
[Task: 15] 
[Task: 16] Loading bustle model....
[Task: 16] Count: 16
[Task: 16] 
[Task: 16] 2021-09-09 06:19:37.171803
[Task: 16] Number of programs: 9
[Task: 16] Size: 0 Evaluations: 0
[Task: 16] Size: 1 Evaluations: 0
[Task: 16] Size: 2 Evaluations: 12
[Task: 16] Size: 3 Evaluations: 21
[Task: 16] Size: 4 Evaluations: 14
[Task: 16] Size: 5 Evaluations: 39
[Task: 16] Size: 6 Evaluations: 43
[Task: 16] Size: 7 Evaluations: 52
[Task: 16] Size: 8 Evaluations: 48
[Task: 16] Size: 9 Evaluations: 153
[Task: 16] Size: 10 Evaluations: 323
[Task: 16] Size: 11 Evaluations: 573
[Task: 16] Size: 12 Evaluations: 1234
[Task: 16] Size: 13 Evaluations: 1800
[Task: 16] Size: 14 Evaluations: 3269
[Task: 16] Size: 15 Evaluations: 5102
[Task: 16] Size: 16 Evaluations: 8955
[Task: 16] Benchmark: 39060015.sl
[Task: 16] Result: Success
[Task: 16] Program: _arg_0.replace("/", _arg_0[:_arg_0.IndexOf("/")],-1)[_arg_0.Length():]
[Task: 16] Number of evaluations: 28443
[Task: 16] 2021-09-09 06:19:48.608461
[Task: 16] Time taken: 0:00:11.422365
[Task: 16] 
[Task: 17] Loading bustle model....
[Task: 17] Count: 17
[Task: 17] 
[Task: 17] 2021-09-09 15:47:30.225446
[Task: 17] Number of programs: 9
[Task: 17] Size: 0 Evaluations: 0
[Task: 17] Size: 1 Evaluations: 0
[Task: 17] Size: 2 Evaluations: 14
[Task: 17] Size: 3 Evaluations: 23
[Task: 17] Size: 4 Evaluations: 23
[Task: 17] Size: 5 Evaluations: 100
[Task: 17] Size: 6 Evaluations: 197
[Task: 17] Size: 7 Evaluations: 670
[Task: 17] Size: 8 Evaluations: 1622
[Task: 17] Size: 9 Evaluations: 5582
[Task: 17] Size: 10 Evaluations: 15185
[Task: 17] Size: 11 Evaluations: 51221
[Task: 17] Size: 12 Evaluations: 153261
[Task: 17] Size: 13 Evaluations: 513002
[Task: 17] Size: 14 Evaluations: 1618918
[Task: 18] Loading bustle model....
[Task: 18] Count: 18
[Task: 18] 
[Task: 18] 2021-09-09 06:19:37.162015
[Task: 18] Number of programs: 17
[Task: 18] Size: 0 Evaluations: 0
[Task: 18] Size: 1 Evaluations: 0
[Task: 18] Size: 2 Evaluations: 28
[Task: 18] Size: 3 Evaluations: 150
[Task: 18] Size: 4 Evaluations: 70
[Task: 18] Size: 5 Evaluations: 144
[Task: 18] Size: 6 Evaluations: 620
[Task: 18] Size: 7 Evaluations: 125
[Task: 18] Size: 8 Evaluations: 602
[Task: 18] Size: 9 Evaluations: 1002
[Task: 18] Size: 10 Evaluations: 4587
[Task: 18] Size: 11 Evaluations: 6663
[Task: 18] Size: 12 Evaluations: 18547
[Task: 18] Size: 13 Evaluations: 41190
[Task: 18] Size: 14 Evaluations: 34415
[Task: 18] Size: 15 Evaluations: 85934
[Task: 18] Size: 16 Evaluations: 135564
[Task: 18] Size: 17 Evaluations: 309361
[Task: 18] Size: 18 Evaluations: 645503
[Task: 18] Size: 19 Evaluations: 1565349
[Task: 18] Size: 20 Evaluations: 3045110
[Task: 18] Benchmark: 43120683.sl
[Task: 18] Result: Success
[Task: 18] Program: _arg_0.replace("1", "apple").replace(",", "").replace("2", "bananas").replace("3", "strawberries").replace("4", "oranges")
[Task: 18] Number of evaluations: 8242712
[Task: 18] 2021-09-09 07:11:58.263459
[Task: 18] Time taken: 0:52:21.070603
[Task: 18] 
[Task: 19] Loading bustle model....
[Task: 19] Count: 19
[Task: 19] 
[Task: 19] 2021-09-09 06:19:37.202716
[Task: 19] Number of programs: 9
[Task: 19] Size: 0 Evaluations: 0
[Task: 19] Size: 1 Evaluations: 0
[Task: 19] Size: 2 Evaluations: 11
[Task: 19] Size: 3 Evaluations: 17
[Task: 19] Size: 4 Evaluations: 29
[Task: 19] Size: 5 Evaluations: 74
[Task: 19] Size: 6 Evaluations: 197
[Task: 19] Size: 7 Evaluations: 517
[Task: 19] Size: 8 Evaluations: 1575
[Task: 19] Size: 9 Evaluations: 4203
[Task: 19] Benchmark: 43606446.sl
[Task: 19] Result: Success
[Task: 19] Program: _arg_0[:-1][(-1 - (1 + 1)):]
[Task: 19] Number of evaluations: 16762
[Task: 19] 2021-09-09 06:19:43.513460
[Task: 19] Time taken: 0:00:06.288739
[Task: 19] 
[Task: 20] Loading bustle model....
[Task: 20] Count: 20
[Task: 20] 
[Task: 20] 2021-09-09 06:19:37.111875
[Task: 20] Number of programs: 11
[Task: 20] Size: 0 Evaluations: 0
[Task: 20] Size: 1 Evaluations: 0
[Task: 20] Size: 2 Evaluations: 22
[Task: 20] Size: 3 Evaluations: 47
[Task: 20] Size: 4 Evaluations: 89
[Task: 20] Size: 5 Evaluations: 312
[Task: 20] Size: 6 Evaluations: 683
[Task: 20] Size: 7 Evaluations: 1620
[Task: 20] Size: 8 Evaluations: 3646
[Task: 20] Benchmark: add-a-line-break-with-a-formula.sl
[Task: 20] Result: Success
[Task: 20] Program: concat(_arg_0, concat("/n", concat(_arg_1, concat("/n", _arg_2))))
[Task: 20] Number of evaluations: 6545
[Task: 20] 2021-09-09 06:19:39.257884
[Task: 20] Time taken: 0:00:02.145975
[Task: 20] 
[Task: 21] Loading bustle model....
[Task: 21] Count: 21
[Task: 21] 
[Task: 21] 2021-09-09 06:19:37.251043
[Task: 21] Number of programs: 10
[Task: 21] Size: 0 Evaluations: 0
[Task: 21] Size: 1 Evaluations: 0
[Task: 21] Size: 2 Evaluations: 13
[Task: 21] Size: 3 Evaluations: 35
[Task: 21] Size: 4 Evaluations: 44
[Task: 21] Size: 5 Evaluations: 167
[Task: 21] Benchmark: bikes.sl
[Task: 21] Result: Success
[Task: 21] Program: name[:(name.Length() - 3)]
[Task: 21] Number of evaluations: 424
[Task: 21] 2021-09-09 06:19:37.854720
[Task: 21] Time taken: 0:00:00.594448
[Task: 21] 
[Task: 22] Loading bustle model....
[Task: 22] Count: 22
[Task: 22] 
[Task: 22] 2021-09-09 06:19:37.204864
[Task: 22] Number of programs: 9
[Task: 22] Size: 0 Evaluations: 0
[Task: 22] Size: 1 Evaluations: 0
[Task: 22] Size: 2 Evaluations: 10
[Task: 22] Size: 3 Evaluations: 19
[Task: 22] Benchmark: change-negative-numbers-to-positive.sl
[Task: 22] Result: Success
[Task: 22] Program: _arg_0.replace("-", "")
[Task: 22] Number of evaluations: 47
[Task: 22] 2021-09-09 06:19:37.669427
[Task: 22] Time taken: 0:00:00.454592
[Task: 22] 
[Task: 23] Loading bustle model....
[Task: 23] Count: 23
[Task: 23] 
[Task: 23] 2021-09-09 15:47:30.126729
[Task: 23] Number of programs: 13
[Task: 23] Size: 0 Evaluations: 0
[Task: 23] Size: 1 Evaluations: 0
[Task: 23] Size: 2 Evaluations: 14
[Task: 23] Size: 3 Evaluations: 61
[Task: 23] Size: 4 Evaluations: 60
[Task: 23] Size: 5 Evaluations: 140
[Task: 23] Size: 6 Evaluations: 410
[Task: 23] Size: 7 Evaluations: 1189
[Task: 23] Size: 8 Evaluations: 3679
[Task: 23] Size: 9 Evaluations: 14200
[Task: 23] Size: 10 Evaluations: 50550
[Task: 23] Size: 11 Evaluations: 184434
[Task: 23] Size: 12 Evaluations: 706158
[Task: 23] Size: 13 Evaluations: 2711896
[Task: 24] Loading bustle model....
[Task: 24] Count: 24
[Task: 24] 
[Task: 24] 2021-09-09 07:24:13.787949
[Task: 24] Number of programs: 10
[Task: 24] Size: 0 Evaluations: 0
[Task: 24] Size: 1 Evaluations: 0
[Task: 24] Size: 2 Evaluations: 16
[Task: 24] Size: 3 Evaluations: 37
[Task: 24] Size: 4 Evaluations: 45
[Task: 24] Size: 5 Evaluations: 182
[Task: 24] Size: 6 Evaluations: 321
[Task: 24] Benchmark: create-email-address-from-name.sl
[Task: 24] Result: Success
[Task: 24] Program: concat(_arg_1.CharAt(0), concat(_arg_0, "_acme.com"))
[Task: 24] Number of evaluations: 736
[Task: 24] 2021-09-09 07:24:14.678664
[Task: 24] Time taken: 0:00:00.890640
[Task: 24] 
[Task: 25] Loading bustle model....
[Task: 25] Count: 25
[Task: 25] 
[Task: 25] 2021-09-09 07:24:13.789741
[Task: 25] Number of programs: 11
[Task: 25] Size: 0 Evaluations: 0
[Task: 25] Size: 1 Evaluations: 0
[Task: 25] Size: 2 Evaluations: 17
[Task: 25] Size: 3 Evaluations: 45
[Task: 25] Size: 4 Evaluations: 41
[Task: 25] Size: 5 Evaluations: 265
[Task: 25] Size: 6 Evaluations: 405
[Task: 25] Size: 7 Evaluations: 1361
[Task: 25] Size: 8 Evaluations: 2645
[Task: 25] Benchmark: create-email-address-with-name-and-domain.sl
[Task: 25] Result: Success
[Task: 25] Program: concat(_arg_0.CharAt(0), concat(_arg_1, concat("_", _arg_2)))
[Task: 25] Number of evaluations: 5293
[Task: 25] 2021-09-09 07:24:16.918318
[Task: 25] Time taken: 0:00:03.128609
[Task: 25] 
[Task: 26] Loading bustle model....
[Task: 26] Count: 26
[Task: 26] 
[Task: 26] 2021-09-09 07:24:13.763866
[Task: 26] Number of programs: 9
[Task: 26] Size: 0 Evaluations: 0
[Task: 26] Size: 1 Evaluations: 0
[Task: 26] Size: 2 Evaluations: 15
[Task: 26] Size: 3 Evaluations: 33
[Task: 26] Size: 4 Evaluations: 35
[Task: 26] Size: 5 Evaluations: 112
[Task: 26] Size: 6 Evaluations: 176
[Task: 26] Size: 7 Evaluations: 387
[Task: 26] Size: 8 Evaluations: 608
[Task: 26] Size: 9 Evaluations: 1119
[Task: 26] Size: 10 Evaluations: 2205
[Task: 26] Size: 11 Evaluations: 4420
[Task: 26] Size: 12 Evaluations: 12756
[Task: 26] Size: 13 Evaluations: 31419
[Task: 26] Benchmark: dr-name.sl
[Task: 26] Result: Success
[Task: 26] Program: concat("Dr.", concat(" ", name[:name.IndexOf(" ")]))
[Task: 26] Number of evaluations: 61314
[Task: 26] 2021-09-09 07:24:41.335901
[Task: 26] Time taken: 0:00:27.572033
[Task: 26] 
[Task: 27] Loading bustle model....
[Task: 27] Count: 27
[Task: 27] 
[Task: 27] 2021-09-09 07:24:13.675009
[Task: 27] Number of programs: 10
[Task: 27] Size: 0 Evaluations: 0
[Task: 27] Size: 1 Evaluations: 0
[Task: 27] Size: 2 Evaluations: 14
[Task: 27] Size: 3 Evaluations: 32
[Task: 27] Size: 4 Evaluations: 44
[Task: 27] Size: 5 Evaluations: 165
[Task: 27] Size: 6 Evaluations: 419
[Task: 27] Benchmark: exceljet1.sl
[Task: 27] Result: Success
[Task: 27] Program: _arg_1[(1 + _arg_1.IndexOf("_")):]
[Task: 27] Number of evaluations: 1582
[Task: 27] 2021-09-09 07:24:14.661140
[Task: 27] Time taken: 0:00:00.986114
[Task: 27] 
[Task: 28] Loading bustle model....
[Task: 28] Count: 28
[Task: 28] 
[Task: 28] 2021-09-09 07:24:13.674994
[Task: 28] Number of programs: 9
[Task: 28] Size: 0 Evaluations: 0
[Task: 28] Size: 1 Evaluations: 0
[Task: 28] Size: 2 Evaluations: 11
[Task: 28] Size: 3 Evaluations: 18
[Task: 28] Size: 4 Evaluations: 16
[Task: 28] Size: 5 Evaluations: 75
[Task: 28] Size: 6 Evaluations: 121
[Task: 28] Size: 7 Evaluations: 504
[Task: 28] Size: 8 Evaluations: 962
[Task: 28] Size: 9 Evaluations: 4063
[Task: 28] Size: 10 Evaluations: 8831
[Task: 28] Benchmark: exceljet2.sl
[Task: 28] Result: Success
[Task: 28] Program: _arg_0[_arg_0[_arg_0.IndexOf("."):].Length():].replace(".", "")
[Task: 28] Number of evaluations: 33371
[Task: 28] 2021-09-09 07:24:22.399210
[Task: 28] Time taken: 0:00:08.724391
[Task: 28] 
[Task: 29] Loading bustle model....
[Task: 29] Count: 29
[Task: 29] 
[Task: 29] 2021-09-09 07:24:13.798276
[Task: 29] Number of programs: 9
[Task: 29] Size: 0 Evaluations: 0
[Task: 29] Size: 1 Evaluations: 0
[Task: 29] Size: 2 Evaluations: 11
[Task: 29] Size: 3 Evaluations: 19
[Task: 29] Size: 4 Evaluations: 23
[Task: 29] Size: 5 Evaluations: 72
[Task: 29] Size: 6 Evaluations: 176
[Task: 29] Size: 7 Evaluations: 507
[Task: 29] Size: 8 Evaluations: 1541
[Task: 29] Size: 9 Evaluations: 4569
[Task: 29] Size: 10 Evaluations: 14722
[Task: 29] Size: 11 Evaluations: 45496
[Task: 29] Size: 12 Evaluations: 151030
[Task: 29] Benchmark: exceljet3.sl
[Task: 29] Result: Success
[Task: 29] Program: _arg_0[concat(" ", _arg_0).IndexOf("="):].strip()
[Task: 29] Number of evaluations: 546879
[Task: 29] 2021-09-09 07:27:02.077022
[Task: 29] Time taken: 0:02:48.278875
[Task: 29] 
[Task: 30] Loading bustle model....
[Task: 30] Count: 30
[Task: 30] 
[Task: 30] 2021-09-09 07:24:13.771467
[Task: 30] Number of programs: 10
[Task: 30] Size: 0 Evaluations: 0
[Task: 30] Size: 1 Evaluations: 0
[Task: 30] Size: 2 Evaluations: 12
[Task: 30] Size: 3 Evaluations: 26
[Task: 30] Size: 4 Evaluations: 26
[Task: 30] Size: 5 Evaluations: 91
[Task: 30] Size: 6 Evaluations: 241
[Task: 30] Size: 7 Evaluations: 727
[Task: 30] Size: 8 Evaluations: 2315
[Task: 30] Benchmark: exceljet4.sl
[Task: 30] Result: Success
[Task: 30] Program: _arg_0[(1 + concat(" ", _arg_0).IndexOf("/")):]
[Task: 30] Number of evaluations: 9261
[Task: 30] 2021-09-09 07:24:16.670107
[Task: 30] Time taken: 0:00:02.898644
[Task: 30] 
[Task: 31] Loading bustle model....
[Task: 31] Count: 31
[Task: 31] 
[Task: 31] 2021-09-09 15:47:30.106539
[Task: 31] Number of programs: 14
[Task: 31] Size: 0 Evaluations: 0
[Task: 31] Size: 1 Evaluations: 0
[Task: 31] Size: 2 Evaluations: 15
[Task: 31] Size: 3 Evaluations: 46
[Task: 31] Size: 4 Evaluations: 59
[Task: 31] Size: 5 Evaluations: 325
[Task: 31] Size: 6 Evaluations: 732
[Task: 31] Size: 7 Evaluations: 3814
[Task: 31] Size: 8 Evaluations: 12448
[Task: 31] Size: 9 Evaluations: 62273
[Task: 31] Size: 10 Evaluations: 226301
[Task: 31] Size: 11 Evaluations: 1081002
[Task: 31] Size: 12 Evaluations: 4471250
[Task: 32] Loading bustle model....
[Task: 32] Count: 32
[Task: 32] 
[Task: 32] 2021-09-09 07:24:13.678040
[Task: 32] Number of programs: 11
[Task: 32] Size: 0 Evaluations: 0
[Task: 32] Size: 1 Evaluations: 0
[Task: 32] Size: 2 Evaluations: 12
[Task: 32] Size: 3 Evaluations: 25
[Task: 32] Size: 4 Evaluations: 32
[Task: 32] Size: 5 Evaluations: 129
[Task: 32] Size: 6 Evaluations: 274
[Task: 32] Size: 7 Evaluations: 1066
[Task: 32] Size: 8 Evaluations: 2962
[Task: 32] Size: 9 Evaluations: 11420
[Task: 32] Size: 10 Evaluations: 36152
[Task: 32] Size: 11 Evaluations: 136253
[Task: 32] Size: 12 Evaluations: 469232
[Task: 32] Size: 13 Evaluations: 1755647
[Task: 32] Benchmark: extract-word-that-begins-with-specific-character.sl
[Task: 32] Result: Success
[Task: 32] Program: _arg_0.Substr(_arg_0.IndexOf("_"),concat(_arg_0, " ").IndexOf(" ",_arg_0.IndexOf("_")))
[Task: 32] Number of evaluations: 5715026
[Task: 32] 2021-09-09 07:57:46.411865
[Task: 32] Time taken: 0:33:32.731737
[Task: 32] 
[Task: 33] Loading bustle model....
[Task: 33] Count: 33
[Task: 33] 
[Task: 33] 2021-09-09 07:26:25.565180
[Task: 33] Number of programs: 7
[Task: 33] Size: 0 Evaluations: 0
[Task: 33] Size: 1 Evaluations: 0
[Task: 33] Size: 2 Evaluations: 10
[Task: 33] Size: 3 Evaluations: 17
[Task: 33] Size: 4 Evaluations: 13
[Task: 33] Benchmark: firstname.sl
[Task: 33] Result: Success
[Task: 33] Program: name[:name.IndexOf(" ")]
[Task: 33] Number of evaluations: 66
[Task: 33] 2021-09-09 07:26:25.915059
[Task: 33] Time taken: 0:00:00.348492
[Task: 33] 
[Task: 34] Loading bustle model....
[Task: 34] Count: 34
[Task: 34] 
[Task: 34] 2021-09-09 07:26:25.522792
[Task: 34] Number of programs: 10
[Task: 34] Size: 0 Evaluations: 0
[Task: 34] Size: 1 Evaluations: 0
[Task: 34] Size: 2 Evaluations: 14
[Task: 34] Size: 3 Evaluations: 32
[Task: 34] Size: 4 Evaluations: 59
[Task: 34] Benchmark: get-domain-from-email-address_2.sl
[Task: 34] Result: Success
[Task: 34] Program: _arg_1[:_arg_1.IndexOf("_")]
[Task: 34] Number of evaluations: 261
[Task: 34] 2021-09-09 07:26:25.972323
[Task: 34] Time taken: 0:00:00.449517
[Task: 34] 
[Task: 35] Loading bustle model....
[Task: 35] Count: 35
[Task: 35] 
[Task: 35] 2021-09-09 15:47:30.142793
[Task: 35] Number of programs: 11
[Task: 35] Size: 0 Evaluations: 0
[Task: 35] Size: 1 Evaluations: 0
[Task: 35] Size: 2 Evaluations: 13
[Task: 35] Size: 3 Evaluations: 30
[Task: 35] Size: 4 Evaluations: 30
[Task: 35] Size: 5 Evaluations: 153
[Task: 35] Size: 6 Evaluations: 190
[Task: 35] Size: 7 Evaluations: 1182
[Task: 35] Size: 8 Evaluations: 2065
[Task: 35] Size: 9 Evaluations: 11904
[Task: 35] Size: 10 Evaluations: 26028
[Task: 35] Size: 11 Evaluations: 133310
[Task: 35] Size: 12 Evaluations: 343434
[Task: 35] Size: 13 Evaluations: 1666080
[Task: 35] Size: 14 Evaluations: 4775516
[Task: 36] Loading bustle model....
[Task: 36] Count: 36
[Task: 36] 
[Task: 36] 2021-09-09 07:26:25.514196
[Task: 36] Number of programs: 8
[Task: 36] Size: 0 Evaluations: 0
[Task: 36] Size: 1 Evaluations: 0
[Task: 36] Size: 2 Evaluations: 11
[Task: 36] Size: 3 Evaluations: 14
[Task: 36] Size: 4 Evaluations: 19
[Task: 36] Benchmark: get-first-name-from-name.sl
[Task: 36] Result: Success
[Task: 36] Program: _arg_0[:_arg_0.IndexOf(" ")]
[Task: 36] Number of evaluations: 78
[Task: 36] 2021-09-09 07:26:25.877137
[Task: 36] Time taken: 0:00:00.362922
[Task: 36] 
[Task: 37] Loading bustle model....
[Task: 37] Count: 37
[Task: 37] 
[Task: 37] 2021-09-09 07:26:25.507399
[Task: 37] Number of programs: 8
[Task: 37] Size: 0 Evaluations: 0
[Task: 37] Size: 1 Evaluations: 0
[Task: 37] Size: 2 Evaluations: 11
[Task: 37] Size: 3 Evaluations: 14
[Task: 37] Size: 4 Evaluations: 25
[Task: 37] Size: 5 Evaluations: 49
[Task: 37] Size: 6 Evaluations: 133
[Task: 37] Size: 7 Evaluations: 290
[Task: 37] Benchmark: get-first-word.sl
[Task: 37] Result: Success
[Task: 37] Program: _arg_0[:_arg_0.replace(" ", _arg_0).IndexOf(_arg_0)]
[Task: 37] Number of evaluations: 1024
[Task: 37] 2021-09-09 07:26:26.248870
[Task: 37] Time taken: 0:00:00.741459
[Task: 37] 
[Task: 38] Loading bustle model....
[Task: 38] Count: 38
[Task: 38] 
[Task: 38] 2021-09-09 15:47:30.180931
[Task: 38] Number of programs: 9
[Task: 38] Size: 0 Evaluations: 0
[Task: 38] Size: 1 Evaluations: 0
[Task: 38] Size: 2 Evaluations: 14
[Task: 38] Size: 3 Evaluations: 19
[Task: 38] Size: 4 Evaluations: 49
[Task: 38] Size: 5 Evaluations: 121
[Task: 38] Size: 6 Evaluations: 441
[Task: 38] Size: 7 Evaluations: 1180
[Task: 38] Size: 8 Evaluations: 3876
[Task: 38] Size: 9 Evaluations: 12308
[Task: 38] Size: 10 Evaluations: 41144
[Task: 38] Size: 11 Evaluations: 137572
[Task: 38] Size: 12 Evaluations: 472884
[Task: 38] Size: 13 Evaluations: 1640970
[Task: 38] Size: 14 Evaluations: 5781852
[Task: 39] Loading bustle model....
[Task: 39] Count: 39
[Task: 39] 
[Task: 39] 2021-09-09 07:26:25.584899
[Task: 39] Number of programs: 8
[Task: 39] Size: 0 Evaluations: 0
[Task: 39] Size: 1 Evaluations: 0
[Task: 39] Size: 2 Evaluations: 11
[Task: 39] Size: 3 Evaluations: 14
[Task: 39] Size: 4 Evaluations: 23
[Task: 39] Size: 5 Evaluations: 56
[Task: 39] Benchmark: get-last-name-from-name.sl
[Task: 39] Result: Success
[Task: 39] Program: _arg_0[_arg_0.IndexOf(" "):].strip()
[Task: 39] Number of evaluations: 164
[Task: 39] 2021-09-09 07:26:26.131425
[Task: 39] Time taken: 0:00:00.546466
[Task: 39] 
[Task: 40] Loading bustle model....
[Task: 40] Count: 40
[Task: 40] 
[Task: 40] 2021-09-09 07:26:25.566195
[Task: 40] Number of programs: 9
[Task: 40] Size: 0 Evaluations: 0
[Task: 40] Size: 1 Evaluations: 0
[Task: 40] Size: 2 Evaluations: 11
[Task: 40] Size: 3 Evaluations: 19
[Task: 40] Size: 4 Evaluations: 12
[Task: 40] Size: 5 Evaluations: 40
[Task: 40] Size: 6 Evaluations: 45
[Task: 40] Size: 7 Evaluations: 105
[Task: 40] Size: 8 Evaluations: 203
[Task: 40] Size: 9 Evaluations: 464
[Task: 40] Size: 10 Evaluations: 1033
[Task: 40] Size: 11 Evaluations: 1987
[Task: 40] Size: 12 Evaluations: 4749
[Task: 40] Size: 13 Evaluations: 10259
[Task: 40] Size: 14 Evaluations: 27579
[Task: 40] Size: 15 Evaluations: 67968
[Task: 40] Benchmark: get-last-name-from-name-with-comma.sl
[Task: 40] Result: Success
[Task: 40] Program: concat(concat(_arg_0[concat(" ", _arg_0).IndexOf(","):], ","), _arg_0)[:_arg_0.Length()]
[Task: 40] Number of evaluations: 244098
[Task: 40] 2021-09-09 07:28:04.972635
[Task: 40] Time taken: 0:01:39.400899
[Task: 40] 
[Task: 41] Loading bustle model....
[Task: 41] Count: 41
[Task: 41] 
[Task: 41] 2021-09-09 07:26:25.538118
[Task: 41] Number of programs: 8
[Task: 41] Size: 0 Evaluations: 0
[Task: 41] Size: 1 Evaluations: 0
[Task: 41] Size: 2 Evaluations: 10
[Task: 41] Size: 3 Evaluations: 13
[Task: 41] Size: 4 Evaluations: 12
[Task: 41] Size: 5 Evaluations: 48
[Task: 41] Size: 6 Evaluations: 73
[Task: 41] Size: 7 Evaluations: 246
[Task: 41] Size: 8 Evaluations: 461
[Task: 41] Size: 9 Evaluations: 1563
[Task: 41] Size: 10 Evaluations: 3432
[Task: 41] Size: 11 Evaluations: 11199
[Task: 41] Size: 12 Evaluations: 27162
[Task: 41] Size: 13 Evaluations: 86946
[Task: 41] Benchmark: get-last-word.sl
[Task: 41] Result: Success
[Task: 41] Program: _arg_0[(-1 - (1 + (1 + 1))):]
[Task: 41] Number of evaluations: 299051
[Task: 41] 2021-09-09 07:28:13.298200
[Task: 41] Time taken: 0:01:47.757470
[Task: 41] 
[Task: 42] Loading bustle model....
[Task: 42] Count: 42
[Task: 42] 
[Task: 42] 2021-09-09 07:26:25.577513
[Task: 42] Number of programs: 8
[Task: 42] Size: 0 Evaluations: 0
[Task: 42] Size: 1 Evaluations: 0
[Task: 42] Size: 2 Evaluations: 10
[Task: 42] Size: 3 Evaluations: 14
[Task: 42] Size: 4 Evaluations: 10
[Task: 42] Size: 5 Evaluations: 35
[Task: 42] Size: 6 Evaluations: 31
[Task: 42] Size: 7 Evaluations: 75
[Task: 42] Size: 8 Evaluations: 56
[Task: 42] Size: 9 Evaluations: 215
[Task: 42] Size: 10 Evaluations: 171
[Task: 42] Size: 11 Evaluations: 454
[Task: 42] Size: 12 Evaluations: 661
[Task: 42] Size: 13 Evaluations: 1280
[Task: 42] Size: 14 Evaluations: 2175
[Task: 42] Size: 15 Evaluations: 3939
[Task: 42] Benchmark: get-middle-name-from-full-name.sl
[Task: 42] Result: Success
[Task: 42] Program: _arg_0.Substr(_arg_0.IndexOf(" "),_arg_0.IndexOf(" ",(-1 + (-1 - _arg_0.IndexOf(" "))))).strip()
[Task: 42] Number of evaluations: 11222
[Task: 42] 2021-09-09 07:26:34.659752
[Task: 42] Time taken: 0:00:09.082186
[Task: 42] 
[Task: 43] Loading bustle model....
[Task: 43] Count: 43
[Task: 43] 
[Task: 43] 2021-09-09 07:26:25.556247
[Task: 43] Number of programs: 8
[Task: 43] Size: 0 Evaluations: 0
[Task: 43] Size: 1 Evaluations: 0
[Task: 43] Size: 2 Evaluations: 11
[Task: 43] Size: 3 Evaluations: 22
[Task: 43] Size: 4 Evaluations: 4
[Task: 43] Size: 5 Evaluations: 33
[Task: 43] Size: 6 Evaluations: 27
[Task: 43] Size: 7 Evaluations: 47
[Task: 43] Size: 8 Evaluations: 78
[Task: 43] Size: 9 Evaluations: 128
[Task: 43] Size: 10 Evaluations: 189
[Task: 43] Size: 11 Evaluations: 341
[Task: 43] Size: 12 Evaluations: 577
[Task: 43] Size: 13 Evaluations: 832
[Task: 43] Size: 14 Evaluations: 1533
[Task: 43] Size: 15 Evaluations: 2452
[Task: 43] Size: 16 Evaluations: 3945
[Task: 43] Size: 17 Evaluations: 6757
[Task: 43] Size: 18 Evaluations: 11412
[Task: 43] Size: 19 Evaluations: 18228
[Task: 43] Size: 20 Evaluations: 31612
[Task: 43] Size: 21 Evaluations: 52180
[Task: 43] Size: 22 Evaluations: 86572
[Task: 43] Size: 23 Evaluations: 146554
[Task: 43] Benchmark: initials.sl
[Task: 43] Result: Success
[Task: 43] Program: concat(name.CharAt(0), concat(".", concat(name.CharAt((1 + name.IndexOf(" "))), ".")))
[Task: 43] Number of evaluations: 381774
[Task: 43] 2021-09-09 07:30:56.940841
[Task: 43] Time taken: 0:04:31.376336
[Task: 43] 
[Task: 44] Loading bustle model....
[Task: 44] Count: 44
[Task: 44] 
[Task: 44] 2021-09-09 07:26:25.569291
[Task: 44] Number of programs: 11
[Task: 44] Size: 0 Evaluations: 0
[Task: 44] Size: 1 Evaluations: 0
[Task: 44] Size: 2 Evaluations: 17
[Task: 44] Size: 3 Evaluations: 42
[Task: 44] Size: 4 Evaluations: 21
[Task: 44] Size: 5 Evaluations: 221
[Task: 44] Size: 6 Evaluations: 183
[Task: 44] Size: 7 Evaluations: 751
[Task: 44] Size: 8 Evaluations: 1134
[Task: 44] Size: 9 Evaluations: 2386
[Task: 44] Size: 10 Evaluations: 4860
[Task: 44] Size: 11 Evaluations: 8008
[Task: 44] Size: 12 Evaluations: 19058
[Task: 44] Size: 13 Evaluations: 29969
[Task: 44] Size: 14 Evaluations: 70642
[Task: 44] Size: 15 Evaluations: 113639
[Task: 44] Size: 16 Evaluations: 240140
[Task: 44] Size: 17 Evaluations: 427590
[Task: 44] Benchmark: join-cells-with-comma.sl
[Task: 44] Result: Success
[Task: 44] Program: concat(concat(concat(concat(_arg_0, ","), " "), _arg_1).strip(), concat(_arg_1.replace(_arg_1.strip(), ","), concat(" ", _arg_2)))
[Task: 44] Number of evaluations: 1055169
[Task: 44] 2021-09-09 07:34:48.127985
[Task: 44] Time taken: 0:08:22.556254
[Task: 44] 
[Task: 45] Loading bustle model....
[Task: 45] Count: 45
[Task: 45] 
[Task: 45] 2021-09-09 07:26:25.551505
[Task: 45] Number of programs: 9
[Task: 45] Size: 0 Evaluations: 0
[Task: 45] Size: 1 Evaluations: 0
[Task: 45] Size: 2 Evaluations: 13
[Task: 45] Size: 3 Evaluations: 23
[Task: 45] Size: 4 Evaluations: 21
[Task: 45] Benchmark: join-first-and-last-name.sl
[Task: 45] Result: Success
[Task: 45] Program: concat(_arg_0, concat(" ", _arg_1))
[Task: 45] Number of evaluations: 71
[Task: 45] 2021-09-09 07:26:26.057081
[Task: 45] Time taken: 0:00:00.497387
[Task: 45] 
[Task: 46] Loading bustle model....
[Task: 46] Count: 46
[Task: 46] 
[Task: 46] 2021-09-09 07:26:25.554521
[Task: 46] Number of programs: 6
[Task: 46] Size: 0 Evaluations: 0
[Task: 46] Size: 1 Evaluations: 0
[Task: 46] Size: 2 Evaluations: 9
[Task: 46] Size: 3 Evaluations: 11
[Task: 46] Size: 4 Evaluations: 11
[Task: 46] Size: 5 Evaluations: 34
[Task: 46] Size: 6 Evaluations: 57
[Task: 46] Size: 7 Evaluations: 136
[Task: 46] Benchmark: lastname.sl
[Task: 46] Result: Success
[Task: 46] Program: name[name.IndexOf(" "):].strip()
[Task: 46] Number of evaluations: 397
[Task: 46] 2021-09-09 07:26:26.231866
[Task: 46] Time taken: 0:00:00.675969
[Task: 46] 
[Task: 47] Loading bustle model....
[Task: 47] Count: 47
[Task: 47] 
[Task: 47] 2021-09-09 07:26:25.524677
[Task: 47] Number of programs: 10
[Task: 47] Size: 0 Evaluations: 0
[Task: 47] Size: 1 Evaluations: 0
[Task: 47] Size: 2 Evaluations: 15
[Task: 47] Size: 3 Evaluations: 39
[Task: 47] Size: 4 Evaluations: 93
[Task: 47] Size: 5 Evaluations: 341
[Task: 47] Benchmark: most-frequently-occurring-text.sl
[Task: 47] Result: Success
[Task: 47] Program: (ifEqual(_arg_0,_arg_1) then _arg_0 else _arg_2)
[Task: 47] Number of evaluations: 1374
[Task: 47] 2021-09-09 07:26:26.240328
[Task: 47] Time taken: 0:00:00.715635
[Task: 47] 
[Task: 48] Loading bustle model....
[Task: 48] Count: 48
[Task: 48] 
[Task: 48] 2021-09-09 07:26:25.538441
[Task: 48] Number of programs: 9
[Task: 48] Size: 0 Evaluations: 0
[Task: 48] Size: 1 Evaluations: 0
[Task: 48] Size: 2 Evaluations: 15
[Task: 48] Size: 3 Evaluations: 34
[Task: 48] Size: 4 Evaluations: 28
[Task: 48] Size: 5 Evaluations: 125
[Task: 48] Size: 6 Evaluations: 189
[Task: 48] Size: 7 Evaluations: 424
[Task: 48] Size: 8 Evaluations: 698
[Task: 48] Benchmark: name-combine-2.sl
[Task: 48] Result: Success
[Task: 48] Program: concat(firstname, concat(" ", concat(lastname.CharAt(0), ".")))
[Task: 48] Number of evaluations: 1559
[Task: 48] 2021-09-09 07:26:26.742477
[Task: 48] Time taken: 0:00:01.200119
[Task: 48] 
[Task: 49] Loading bustle model....
[Task: 49] Count: 49
[Task: 49] 
[Task: 49] 2021-09-09 07:26:25.543352
[Task: 49] Number of programs: 9
[Task: 49] Size: 0 Evaluations: 0
[Task: 49] Size: 1 Evaluations: 0
[Task: 49] Size: 2 Evaluations: 15
[Task: 49] Size: 3 Evaluations: 35
[Task: 49] Size: 4 Evaluations: 37
[Task: 49] Size: 5 Evaluations: 150
[Task: 49] Size: 6 Evaluations: 249
[Task: 49] Size: 7 Evaluations: 757
[Task: 49] Size: 8 Evaluations: 1410
[Task: 49] Benchmark: name-combine-3.sl
[Task: 49] Result: Success
[Task: 49] Program: concat(firstname.CharAt(0), concat(".", concat(" ", lastname)))
[Task: 49] Number of evaluations: 2821
[Task: 49] 2021-09-09 07:26:27.556392
[Task: 49] Time taken: 0:00:02.010781
[Task: 49] 
[Task: 50] Loading bustle model....
[Task: 50] Count: 50
[Task: 50] 
[Task: 50] 2021-09-09 07:26:25.579735
[Task: 50] Number of programs: 10
[Task: 50] Size: 0 Evaluations: 0
[Task: 50] Size: 1 Evaluations: 0
[Task: 50] Size: 2 Evaluations: 16
[Task: 50] Size: 3 Evaluations: 44
[Task: 50] Size: 4 Evaluations: 29
[Task: 50] Size: 5 Evaluations: 169
[Task: 50] Size: 6 Evaluations: 194
[Task: 50] Size: 7 Evaluations: 609
[Task: 50] Size: 8 Evaluations: 887
[Task: 50] Size: 9 Evaluations: 1952
[Task: 50] Size: 10 Evaluations: 3156
[Task: 50] Benchmark: name-combine-4.sl
[Task: 50] Result: Success
[Task: 50] Program: concat(lastname, concat(",", concat(" ", concat(firstname.CharAt(0), "."))))
[Task: 50] Number of evaluations: 7333
[Task: 50] 2021-09-09 07:26:31.729604
[Task: 50] Time taken: 0:00:06.149876
[Task: 50] 
[Task: 51] Loading bustle model....
[Task: 51] Count: 51
[Task: 51] 
[Task: 51] 2021-09-09 07:26:25.608799
[Task: 51] Number of programs: 8
[Task: 51] Size: 0 Evaluations: 0
[Task: 51] Size: 1 Evaluations: 0
[Task: 51] Size: 2 Evaluations: 14
[Task: 51] Size: 3 Evaluations: 29
[Task: 51] Size: 4 Evaluations: 51
[Task: 51] Benchmark: name-combine.sl
[Task: 51] Result: Success
[Task: 51] Program: concat(firstname, concat(" ", lastname))
[Task: 51] Number of evaluations: 109
[Task: 51] 2021-09-09 07:26:25.987449
[Task: 51] Time taken: 0:00:00.378635
[Task: 51] 
[Task: 52] Loading bustle model....
[Task: 52] Count: 52
[Task: 52] 
[Task: 52] 2021-09-09 15:47:30.168328
[Task: 52] Number of programs: 15
[Task: 52] Size: 0 Evaluations: 0
[Task: 52] Size: 1 Evaluations: 0
[Task: 52] Size: 2 Evaluations: 16
[Task: 52] Size: 3 Evaluations: 81
[Task: 52] Size: 4 Evaluations: 72
[Task: 52] Size: 5 Evaluations: 425
[Task: 52] Size: 6 Evaluations: 522
[Task: 52] Size: 7 Evaluations: 2728
[Task: 52] Size: 8 Evaluations: 4720
[Task: 52] Size: 9 Evaluations: 19846
[Task: 52] Size: 10 Evaluations: 45405
[Task: 52] Size: 11 Evaluations: 154770
[Task: 52] Size: 12 Evaluations: 430299
[Task: 52] Size: 13 Evaluations: 1300671
[Task: 52] Size: 14 Evaluations: 3766486
[Task: 53] Loading bustle model....
[Task: 53] Count: 53
[Task: 53] 
[Task: 53] 2021-09-09 08:00:36.388332
[Task: 53] Number of programs: 10
[Task: 53] Size: 0 Evaluations: 0
[Task: 53] Size: 1 Evaluations: 0
[Task: 53] Size: 2 Evaluations: 11
[Task: 53] Size: 3 Evaluations: 35
[Task: 53] Size: 4 Evaluations: 60
[Task: 53] Benchmark: phone-1.sl
[Task: 53] Result: Success
[Task: 53] Program: name[4:][:3]
[Task: 53] Number of evaluations: 204
[Task: 53] 2021-09-09 08:00:36.847871
[Task: 53] Time taken: 0:00:00.459525
[Task: 53] 
[Task: 54] Loading bustle model....
[Task: 54] Count: 54
[Task: 54] 
[Task: 54] 2021-09-09 08:00:36.414285
[Task: 54] Number of programs: 10
[Task: 54] Size: 0 Evaluations: 0
[Task: 54] Size: 1 Evaluations: 0
[Task: 54] Size: 2 Evaluations: 11
[Task: 54] Size: 3 Evaluations: 35
[Task: 54] Size: 4 Evaluations: 68
[Task: 54] Benchmark: phone-2.sl
[Task: 54] Result: Success
[Task: 54] Program: name[(3 + 5):]
[Task: 54] Number of evaluations: 244
[Task: 54] 2021-09-09 08:00:36.914690
[Task: 54] Time taken: 0:00:00.498465
[Task: 54] 
[Task: 55] Loading bustle model....
[Task: 55] Count: 55
[Task: 55] 
[Task: 55] 2021-09-09 08:00:36.427548
[Task: 55] Number of programs: 13
[Task: 55] Size: 0 Evaluations: 0
[Task: 55] Size: 1 Evaluations: 0
[Task: 55] Size: 2 Evaluations: 14
[Task: 55] Size: 3 Evaluations: 55
[Task: 55] Size: 4 Evaluations: 45
[Task: 55] Size: 5 Evaluations: 316
[Task: 55] Size: 6 Evaluations: 460
[Task: 55] Size: 7 Evaluations: 2299
[Task: 55] Benchmark: phone-3.sl
[Task: 55] Result: Success
[Task: 55] Program: concat("(", name.replace("-", concat(")", " ")))
[Task: 55] Number of evaluations: 3278
[Task: 55] 2021-09-09 08:00:39.081824
[Task: 55] Time taken: 0:00:02.652613
[Task: 55] 
[Task: 56] Loading bustle model....
[Task: 56] Count: 56
[Task: 56] 
[Task: 56] 2021-09-09 08:00:36.435562
[Task: 56] Number of programs: 14
[Task: 56] Size: 0 Evaluations: 0
[Task: 56] Size: 1 Evaluations: 0
[Task: 56] Size: 2 Evaluations: 15
[Task: 56] Size: 3 Evaluations: 66
[Task: 56] Size: 4 Evaluations: 117
[Task: 56] Benchmark: phone-4.sl
[Task: 56] Result: Success
[Task: 56] Program: name.replace("-", ".",2)
[Task: 56] Number of evaluations: 392
[Task: 56] 2021-09-09 08:00:36.910278
[Task: 56] Time taken: 0:00:00.472055
[Task: 56] 
[Task: 57] Loading bustle model....
[Task: 57] Count: 57
[Task: 57] 
[Task: 57] 2021-09-09 08:00:36.379545
[Task: 57] Number of programs: 13
[Task: 57] Size: 0 Evaluations: 0
[Task: 57] Size: 1 Evaluations: 0
[Task: 57] Size: 2 Evaluations: 14
[Task: 57] Size: 3 Evaluations: 57
[Task: 57] Size: 4 Evaluations: 118
[Task: 57] Size: 5 Evaluations: 485
[Task: 57] Benchmark: phone-5.sl
[Task: 57] Result: Success
[Task: 57] Program: name.Substr(1,name.IndexOf(" "))
[Task: 57] Number of evaluations: 1329
[Task: 57] 2021-09-09 08:00:37.148269
[Task: 57] Time taken: 0:00:00.768717
[Task: 57] 
[Task: 58] Loading bustle model....
[Task: 58] Count: 58
[Task: 58] 
[Task: 58] 2021-09-09 08:00:36.423062
[Task: 58] Number of programs: 13
[Task: 58] Size: 0 Evaluations: 0
[Task: 58] Size: 1 Evaluations: 0
[Task: 58] Size: 2 Evaluations: 14
[Task: 58] Size: 3 Evaluations: 57
[Task: 58] Size: 4 Evaluations: 95
[Task: 58] Size: 5 Evaluations: 415
[Task: 58] Size: 6 Evaluations: 1043
[Task: 58] Size: 7 Evaluations: 6176
[Task: 58] Benchmark: phone-6.sl
[Task: 58] Result: Success
[Task: 58] Program: name[name.IndexOf(" "):].Substr(1,4)
[Task: 58] Number of evaluations: 18369
[Task: 58] 2021-09-09 08:00:42.107568
[Task: 58] Time taken: 0:00:05.684538
[Task: 58] 
[Task: 59] Loading bustle model....
[Task: 59] Count: 59
[Task: 59] 
[Task: 59] 2021-09-09 08:00:36.460544
[Task: 59] Number of programs: 13
[Task: 59] Size: 0 Evaluations: 0
[Task: 59] Size: 1 Evaluations: 0
[Task: 59] Size: 2 Evaluations: 14
[Task: 59] Size: 3 Evaluations: 57
[Task: 59] Size: 4 Evaluations: 73
[Task: 59] Size: 5 Evaluations: 381
[Task: 59] Size: 6 Evaluations: 854
[Task: 59] Size: 7 Evaluations: 5544
[Task: 59] Benchmark: phone-7.sl
[Task: 59] Result: Success
[Task: 59] Program: name[name.IndexOf("-"):].Substr(1,4)
[Task: 59] Number of evaluations: 15531
[Task: 59] 2021-09-09 08:00:41.570563
[Task: 59] Time taken: 0:00:05.109938
[Task: 59] 
[Task: 60] Loading bustle model....
[Task: 60] Count: 60
[Task: 60] 
[Task: 60] 2021-09-09 08:00:36.408148
[Task: 60] Number of programs: 13
[Task: 60] Size: 0 Evaluations: 0
[Task: 60] Size: 1 Evaluations: 0
[Task: 60] Size: 2 Evaluations: 14
[Task: 60] Size: 3 Evaluations: 57
[Task: 60] Size: 4 Evaluations: 116
[Task: 60] Benchmark: phone-8.sl
[Task: 60] Result: Success
[Task: 60] Program: name[(0 - 3):]
[Task: 60] Number of evaluations: 469
[Task: 60] 2021-09-09 08:00:36.900215
[Task: 60] Time taken: 0:00:00.492056
[Task: 60] 
[Task: 61] Loading bustle model....
[Task: 61] Count: 61
[Task: 61] 
[Task: 61] 2021-09-09 08:00:36.431348
[Task: 61] Number of programs: 13
[Task: 61] Size: 0 Evaluations: 0
[Task: 61] Size: 1 Evaluations: 0
[Task: 61] Size: 2 Evaluations: 14
[Task: 61] Size: 3 Evaluations: 57
[Task: 61] Size: 4 Evaluations: 58
[Task: 61] Size: 5 Evaluations: 265
[Task: 61] Size: 6 Evaluations: 315
[Task: 61] Size: 7 Evaluations: 1474
[Task: 61] Size: 8 Evaluations: 1950
[Task: 61] Size: 9 Evaluations: 7508
[Task: 61] Benchmark: phone-9.sl
[Task: 61] Result: Success
[Task: 61] Program: name[1:].replace("-", ".",2).replace(" ", ".")
[Task: 61] Number of evaluations: 15330
[Task: 61] 2021-09-09 08:00:43.929010
[Task: 61] Time taken: 0:00:07.495065
[Task: 61] 
[Task: 62] Loading bustle model....
[Task: 62] Count: 62
[Task: 62] 
[Task: 62] 2021-09-09 08:00:36.414215
[Task: 62] Number of programs: 10
[Task: 62] Size: 0 Evaluations: 0
[Task: 62] Size: 1 Evaluations: 0
[Task: 62] Size: 2 Evaluations: 11
[Task: 62] Benchmark: phone.sl
[Task: 62] Result: Success
[Task: 62] Program: name[:3]
[Task: 62] Number of evaluations: 24
[Task: 62] 2021-09-09 08:00:36.811102
[Task: 62] Time taken: 0:00:00.394707
[Task: 62] 
[Task: 63] Loading bustle model....
[Task: 63] Count: 63
[Task: 63] 
[Task: 63] 2021-09-09 08:00:36.425053
[Task: 63] Number of programs: 9
[Task: 63] Size: 0 Evaluations: 0
[Task: 63] Size: 1 Evaluations: 0
[Task: 63] Size: 2 Evaluations: 11
[Task: 63] Size: 3 Evaluations: 19
[Task: 63] Size: 4 Evaluations: 17
[Task: 63] Benchmark: remove-file-extension-from-filename.sl
[Task: 63] Result: Success
[Task: 63] Program: _arg_0[:_arg_0.IndexOf(".")]
[Task: 63] Number of evaluations: 86
[Task: 63] 2021-09-09 08:00:36.827294
[Task: 63] Time taken: 0:00:00.402222
[Task: 63] 
[Task: 64] Loading bustle model....
[Task: 64] Count: 64
[Task: 64] 
[Task: 64] 2021-09-09 08:00:36.384256
[Task: 64] Number of programs: 8
[Task: 64] Size: 0 Evaluations: 0
[Task: 64] Size: 1 Evaluations: 0
[Task: 64] Size: 2 Evaluations: 11
[Task: 64] Size: 3 Evaluations: 14
[Task: 64] Size: 4 Evaluations: 28
[Task: 64] Size: 5 Evaluations: 61
[Task: 64] Size: 6 Evaluations: 149
[Task: 64] Size: 7 Evaluations: 321
[Task: 64] Size: 8 Evaluations: 709
[Task: 64] Size: 9 Evaluations: 1446
[Task: 64] Size: 10 Evaluations: 3287
[Task: 64] Size: 11 Evaluations: 7745
[Task: 64] Size: 12 Evaluations: 18835
[Task: 64] Size: 13 Evaluations: 44904
[Task: 64] Benchmark: remove-leading-and-trailing-spaces-from-text.sl
[Task: 64] Result: Success
[Task: 64] Program: _arg_0.replace(" ", 1.IntToStr()).replace(" ", "",-1).replace(1.IntToStr(), " ")
[Task: 64] Number of evaluations: 132082
[Task: 64] 2021-09-09 08:01:20.913802
[Task: 64] Time taken: 0:00:44.529595
[Task: 64] 
[Task: 65] Loading bustle model....
[Task: 65] Count: 65
[Task: 65] 
[Task: 65] 2021-09-09 08:00:36.371988
[Task: 65] Number of programs: 9
[Task: 65] Size: 0 Evaluations: 0
[Task: 65] Size: 1 Evaluations: 0
[Task: 65] Size: 2 Evaluations: 10
[Task: 65] Size: 3 Evaluations: 19
[Task: 65] Size: 4 Evaluations: 28
[Task: 65] Benchmark: remove-text-by-matching.sl
[Task: 65] Result: Success
[Task: 65] Program: _arg_0.replace("-", "",-1)
[Task: 65] Number of evaluations: 120
[Task: 65] 2021-09-09 08:00:36.864081
[Task: 65] Time taken: 0:00:00.492161
[Task: 65] 
[Task: 66] Loading bustle model....
[Task: 66] Count: 66
[Task: 66] 
[Task: 66] 2021-09-09 15:55:59.582072
[Task: 66] Number of programs: 9
[Task: 66] Size: 0 Evaluations: 0
[Task: 66] Size: 1 Evaluations: 0
[Task: 66] Size: 2 Evaluations: 11
[Task: 66] Size: 3 Evaluations: 19
[Task: 66] Size: 4 Evaluations: 18
[Task: 66] Size: 5 Evaluations: 63
[Task: 66] Size: 6 Evaluations: 145
[Task: 66] Size: 7 Evaluations: 413
[Task: 66] Size: 8 Evaluations: 1066
[Task: 66] Size: 9 Evaluations: 3363
[Task: 66] Size: 10 Evaluations: 9722
[Task: 66] Size: 11 Evaluations: 30347
[Task: 66] Size: 12 Evaluations: 93946
[Task: 66] Size: 13 Evaluations: 299875
[Task: 66] Size: 14 Evaluations: 962148
[Task: 66] Size: 15 Evaluations: 3125069
[Task: 66] Benchmark: remove-text-by-position.sl
[Task: 66] Result: Success
[Task: 66] Program: concat(_arg_0, _arg_0)[_arg_0.replace("/", " ").replace("/", _arg_0,-1).IndexOf("/",_arg_0.Length()):]
[Task: 66] Number of evaluations: 12636077
[Task: 66] 2021-09-09 17:07:09.278141
[Task: 66] Time taken: 1:11:09.696082
[Task: 66] 
[Task: 67] Loading bustle model....
[Task: 67] Count: 67
[Task: 67] 
[Task: 67] 2021-09-09 08:10:19.692167
[Task: 67] Number of programs: 9
[Task: 67] Size: 0 Evaluations: 0
[Task: 67] Size: 1 Evaluations: 0
[Task: 67] Size: 2 Evaluations: 12
[Task: 67] Size: 3 Evaluations: 21
[Task: 67] Size: 4 Evaluations: 14
[Task: 67] Size: 5 Evaluations: 76
[Task: 67] Size: 6 Evaluations: 122
[Task: 67] Size: 7 Evaluations: 334
[Task: 67] Size: 8 Evaluations: 687
[Task: 67] Size: 9 Evaluations: 1830
[Task: 67] Benchmark: remove-unwanted-characters.sl
[Task: 67] Result: Success
[Task: 67] Program: _arg_0.replace(_arg_1.strip(), "",-1)
[Task: 67] Number of evaluations: 5803
[Task: 67] 2021-09-09 08:10:23.015743
[Task: 67] Time taken: 0:00:03.323764
[Task: 67] 
[Task: 68] Loading bustle model....
[Task: 68] Count: 68
[Task: 68] 
[Task: 68] 2021-09-09 08:10:19.691286
[Task: 68] Number of programs: 9
[Task: 68] Size: 0 Evaluations: 0
[Task: 68] Size: 1 Evaluations: 0
[Task: 68] Size: 2 Evaluations: 10
[Task: 68] Size: 3 Evaluations: 19
[Task: 68] Size: 4 Evaluations: 27
[Task: 68] Benchmark: replace-one-character-with-another.sl
[Task: 68] Result: Success
[Task: 68] Program: _arg_0.replace(" ", "-",-1)
[Task: 68] Number of evaluations: 101
[Task: 68] 2021-09-09 08:10:20.249417
[Task: 68] Time taken: 0:00:00.558071
[Task: 68] 
[Task: 69] Loading bustle model....
[Task: 69] Count: 69
[Task: 69] 
[Task: 69] 2021-09-09 08:10:19.679932
[Task: 69] Number of programs: 8
[Task: 69] Size: 0 Evaluations: 0
[Task: 69] Size: 1 Evaluations: 0
[Task: 69] Size: 2 Evaluations: 14
[Task: 69] Size: 3 Evaluations: 29
[Task: 69] Size: 4 Evaluations: 46
[Task: 69] Benchmark: reverse-name.sl
[Task: 69] Result: Success
[Task: 69] Program: concat(lastname, concat(" ", firstname))
[Task: 69] Number of evaluations: 121
[Task: 69] 2021-09-09 08:10:20.121655
[Task: 69] Time taken: 0:00:00.441656
[Task: 69] 
[Task: 70] Loading bustle model....
[Task: 70] Count: 70
[Task: 70] 
[Task: 70] 2021-09-09 15:55:59.558398
[Task: 70] Number of programs: 13
[Task: 70] Size: 0 Evaluations: 0
[Task: 70] Size: 1 Evaluations: 0
[Task: 70] Size: 2 Evaluations: 15
[Task: 70] Size: 3 Evaluations: 38
[Task: 70] Size: 4 Evaluations: 104
[Task: 70] Size: 5 Evaluations: 315
[Task: 70] Size: 6 Evaluations: 1283
[Task: 70] Size: 7 Evaluations: 4758
[Task: 70] Size: 8 Evaluations: 21237
[Task: 70] Size: 9 Evaluations: 84911
[Task: 70] Size: 10 Evaluations: 417759
[Task: 70] Size: 11 Evaluations: 1726243
[Task: 70] Benchmark: stackoverflow10.sl
[Task: 70] Result: Success
[Task: 70] Program: _arg_0[_arg_0.replace(" ", 1.IntToStr()).IndexOf(" "):].Substr(1,5)
[Task: 70] Number of evaluations: 5489379
[Task: 70] 2021-09-09 17:18:22.418456
[Task: 70] Time taken: 1:22:22.860109
[Task: 70] 
[Task: 71] Loading bustle model....
[Task: 71] Count: 71
[Task: 71] 
[Task: 71] 2021-09-09 15:55:59.597227
[Task: 71] Number of programs: 19
[Task: 71] Size: 0 Evaluations: 0
[Task: 71] Size: 1 Evaluations: 0
[Task: 71] Size: 2 Evaluations: 27
[Task: 71] Size: 3 Evaluations: 186
[Task: 71] Size: 4 Evaluations: 163
[Task: 71] Size: 5 Evaluations: 674
[Task: 71] Size: 6 Evaluations: 4547
[Task: 71] Size: 7 Evaluations: 21133
[Task: 71] Size: 8 Evaluations: 91093
[Task: 71] Size: 9 Evaluations: 492205
[Task: 71] Size: 10 Evaluations: 2526293
[Task: 71] Size: 11 Evaluations: 12442596
[Task: 72] Loading bustle model....
[Task: 72] Count: 72
[Task: 72] 
[Task: 72] 2021-09-09 08:14:47.246251
[Task: 72] Number of programs: 12
[Task: 72] Size: 0 Evaluations: 0
[Task: 72] Size: 1 Evaluations: 0
[Task: 72] Size: 2 Evaluations: 19
[Task: 72] Size: 3 Evaluations: 58
[Task: 72] Size: 4 Evaluations: 52
[Task: 72] Size: 5 Evaluations: 243
[Task: 72] Size: 6 Evaluations: 856
[Task: 72] Benchmark: stackoverflow1.sl
[Task: 72] Result: Success
[Task: 72] Program: _arg_0[:_arg_0.IndexOf("Inc")].strip()
[Task: 72] Number of evaluations: 2716
[Task: 72] 2021-09-09 08:14:48.241711
[Task: 72] Time taken: 0:00:00.995383
[Task: 72] 
[Task: 73] Loading bustle model....
[Task: 73] Count: 73
[Task: 73] 
[Task: 73] 2021-09-09 08:14:47.260729
[Task: 73] Number of programs: 9
[Task: 73] Size: 0 Evaluations: 0
[Task: 73] Size: 1 Evaluations: 0
[Task: 73] Size: 2 Evaluations: 13
[Task: 73] Size: 3 Evaluations: 17
[Task: 73] Size: 4 Evaluations: 25
[Task: 73] Size: 5 Evaluations: 79
[Task: 73] Size: 6 Evaluations: 148
[Task: 73] Size: 7 Evaluations: 446
[Task: 73] Size: 8 Evaluations: 1043
[Task: 73] Size: 9 Evaluations: 3198
[Task: 73] Size: 10 Evaluations: 8223
[Task: 73] Size: 11 Evaluations: 25532
[Task: 73] Benchmark: stackoverflow2.sl
[Task: 73] Result: Success
[Task: 73] Program: _arg_0[:-1][:-1][:-1][:-1][:-1].strip()
[Task: 73] Number of evaluations: 79826
[Task: 73] 2021-09-09 08:15:05.903163
[Task: 73] Time taken: 0:00:18.642620
[Task: 73] 
[Task: 74] Loading bustle model....
[Task: 74] Count: 74
[Task: 74] 
[Task: 74] 2021-09-09 08:14:47.246221
[Task: 74] Number of programs: 13
[Task: 74] Size: 0 Evaluations: 0
[Task: 74] Size: 1 Evaluations: 0
[Task: 74] Size: 2 Evaluations: 15
[Task: 74] Size: 3 Evaluations: 37
[Task: 74] Size: 4 Evaluations: 46
[Task: 74] Size: 5 Evaluations: 226
[Task: 74] Size: 6 Evaluations: 597
[Task: 74] Size: 7 Evaluations: 2526
[Task: 74] Benchmark: stackoverflow3.sl
[Task: 74] Result: Success
[Task: 74] Program: _arg_0[_arg_0.replace(" ", _arg_0).IndexOf("9"):]
[Task: 74] Number of evaluations: 10129
[Task: 74] 2021-09-09 08:14:49.495956
[Task: 74] Time taken: 0:00:02.249692
[Task: 74] 
[Task: 75] Loading bustle model....
[Task: 75] Count: 75
[Task: 75] 
[Task: 75] 2021-09-09 08:14:47.235495
[Task: 75] Number of programs: 12
[Task: 75] Size: 0 Evaluations: 0
[Task: 75] Size: 1 Evaluations: 0
[Task: 75] Size: 2 Evaluations: 14
[Task: 75] Size: 3 Evaluations: 45
[Task: 75] Size: 4 Evaluations: 28
[Task: 75] Size: 5 Evaluations: 71
[Task: 75] Size: 6 Evaluations: 149
[Task: 75] Size: 7 Evaluations: 288
[Task: 75] Size: 8 Evaluations: 720
[Task: 75] Size: 9 Evaluations: 1813
[Task: 75] Benchmark: stackoverflow4.sl
[Task: 75] Result: Success
[Task: 75] Program: _arg_0[:-1].replace(",", " ",-1).replace("<", " ")
[Task: 75] Number of evaluations: 5476
[Task: 75] 2021-09-09 08:14:49.266443
[Task: 75] Time taken: 0:00:02.031109
[Task: 75] 
[Task: 76] Loading bustle model....
[Task: 76] Count: 76
[Task: 76] 
[Task: 76] 2021-09-09 08:14:47.215258
[Task: 76] Number of programs: 13
[Task: 76] Size: 0 Evaluations: 0
[Task: 76] Size: 1 Evaluations: 0
[Task: 76] Size: 2 Evaluations: 17
[Task: 76] Size: 3 Evaluations: 63
[Task: 76] Size: 4 Evaluations: 80
[Task: 76] Size: 5 Evaluations: 368
[Task: 76] Size: 6 Evaluations: 1382
[Task: 76] Benchmark: stackoverflow5.sl
[Task: 76] Result: Success
[Task: 76] Program: _arg_0[:(-1 + _arg_0.IndexOf("1"))]
[Task: 76] Number of evaluations: 7152
[Task: 76] 2021-09-09 08:14:48.514480
[Task: 76] Time taken: 0:00:01.299170
[Task: 76] 
[Task: 77] Loading bustle model....
[Task: 77] Count: 77
[Task: 77] 
[Task: 77] 2021-09-09 15:55:59.570042
[Task: 77] Number of programs: 10
[Task: 77] Size: 0 Evaluations: 0
[Task: 77] Size: 1 Evaluations: 0
[Task: 77] Size: 2 Evaluations: 13
[Task: 77] Size: 3 Evaluations: 27
[Task: 77] Size: 4 Evaluations: 37
[Task: 77] Size: 5 Evaluations: 134
[Task: 77] Size: 6 Evaluations: 361
[Task: 77] Size: 7 Evaluations: 1216
[Task: 77] Size: 8 Evaluations: 3932
[Task: 77] Size: 9 Evaluations: 13539
[Task: 77] Size: 10 Evaluations: 46778
[Task: 77] Size: 11 Evaluations: 165662
[Task: 77] Size: 12 Evaluations: 589792
[Task: 77] Size: 13 Evaluations: 2130168
[Task: 77] Size: 14 Evaluations: 7770257
[Task: 78] Loading bustle model....
[Task: 78] Count: 78
[Task: 78] 
[Task: 78] 2021-09-09 08:14:47.301019
[Task: 78] Number of programs: 9
[Task: 78] Size: 0 Evaluations: 0
[Task: 78] Size: 1 Evaluations: 0
[Task: 78] Size: 2 Evaluations: 14
[Task: 78] Size: 3 Evaluations: 25
[Task: 78] Size: 4 Evaluations: 17
[Task: 78] Size: 5 Evaluations: 98
[Task: 78] Size: 6 Evaluations: 99
[Task: 78] Size: 7 Evaluations: 261
[Task: 78] Size: 8 Evaluations: 397
[Task: 78] Size: 9 Evaluations: 693
[Task: 78] Size: 10 Evaluations: 1676
[Task: 78] Benchmark: stackoverflow7.sl
[Task: 78] Result: Success
[Task: 78] Program: _arg_0.replace(_arg_1.strip(), "").strip()
[Task: 78] Number of evaluations: 4301
[Task: 78] 2021-09-09 08:14:49.293020
[Task: 78] Time taken: 0:00:01.991956
[Task: 78] 
[Task: 79] Loading bustle model....
[Task: 79] Count: 79
[Task: 79] 
[Task: 79] 2021-09-09 08:14:47.238658
[Task: 79] Number of programs: 12
[Task: 79] Size: 0 Evaluations: 0
[Task: 79] Size: 1 Evaluations: 0
[Task: 79] Size: 2 Evaluations: 15
[Task: 79] Size: 3 Evaluations: 34
[Task: 79] Size: 4 Evaluations: 55
[Task: 79] Size: 5 Evaluations: 222
[Task: 79] Size: 6 Evaluations: 696
[Task: 79] Size: 7 Evaluations: 2436
[Task: 79] Benchmark: stackoverflow8.sl
[Task: 79] Result: Success
[Task: 79] Program: _arg_0[_arg_0.IndexOf(_arg_0[-1:].upper()):]
[Task: 79] Number of evaluations: 10875
[Task: 79] 2021-09-09 08:14:49.088631
[Task: 79] Time taken: 0:00:01.849959
[Task: 79] 
[Task: 80] Loading bustle model....
[Task: 80] Count: 80
[Task: 80] 
[Task: 80] 2021-09-09 08:14:47.299069
[Task: 80] Number of programs: 8
[Task: 80] Size: 0 Evaluations: 0
[Task: 80] Size: 1 Evaluations: 0
[Task: 80] Size: 2 Evaluations: 11
[Task: 80] Size: 3 Evaluations: 14
[Task: 80] Size: 4 Evaluations: 17
[Task: 80] Size: 5 Evaluations: 54
[Task: 80] Size: 6 Evaluations: 98
[Task: 80] Size: 7 Evaluations: 299
[Task: 80] Size: 8 Evaluations: 639
[Task: 80] Size: 9 Evaluations: 2081
[Task: 80] Size: 10 Evaluations: 4995
[Task: 80] Size: 11 Evaluations: 15878
[Task: 80] Size: 12 Evaluations: 41465
[Task: 80] Size: 13 Evaluations: 130492
[Task: 80] Benchmark: stackoverflow9.sl
[Task: 80] Result: Success
[Task: 80] Program: _arg_0.replace(" ", _arg_0)[_arg_0.replace(" ", _arg_0).IndexOf(" ",_arg_0.Length()):].strip()
[Task: 80] Number of evaluations: 359772
[Task: 80] 2021-09-09 08:16:23.609052
[Task: 80] Time taken: 0:01:36.309998
[Task: 80] 
[Task: 81] Loading bustle model....
[Task: 81] Count: 81
[Task: 81] 
[Task: 81] 2021-09-09 08:14:47.390287
[Task: 81] Number of programs: 11
[Task: 81] Size: 0 Evaluations: 0
[Task: 81] Size: 1 Evaluations: 0
[Task: 81] Size: 2 Evaluations: 14
[Task: 81] Size: 3 Evaluations: 31
[Task: 81] Size: 4 Evaluations: 34
[Task: 81] Size: 5 Evaluations: 55
[Task: 81] Size: 6 Evaluations: 60
[Task: 81] Size: 7 Evaluations: 156
[Task: 81] Size: 8 Evaluations: 275
[Task: 81] Size: 9 Evaluations: 875
[Task: 81] Benchmark: strip-html-from-text-or-numbers.sl
[Task: 81] Result: Success
[Task: 81] Program: _arg_0.Substr(_arg_0.IndexOf(0.IntToStr()),_arg_0.IndexOf("<",1))
[Task: 81] Number of evaluations: 2917
[Task: 81] 2021-09-09 08:14:48.538982
[Task: 81] Time taken: 0:00:01.148643
[Task: 81] 
[Task: 82] Loading bustle model....
[Task: 82] Count: 82
[Task: 82] 
[Task: 82] 2021-09-09 15:55:59.590073
[Task: 82] Number of programs: 20
[Task: 82] Size: 0 Evaluations: 0
[Task: 82] Size: 1 Evaluations: 0
[Task: 82] Size: 2 Evaluations: 19
[Task: 82] Size: 3 Evaluations: 68
[Task: 82] Size: 4 Evaluations: 195
[Task: 82] Size: 5 Evaluations: 869
[Task: 82] Size: 6 Evaluations: 3454
[Task: 82] Size: 7 Evaluations: 14460
[Task: 82] Size: 8 Evaluations: 73633
[Task: 82] Size: 9 Evaluations: 423944
[Task: 82] Size: 10 Evaluations: 2308571
[Task: 83] Loading bustle model....
[Task: 83] Count: 83
[Task: 83] 
[Task: 83] 2021-09-09 16:01:27.035973
[Task: 83] Number of programs: 18
[Task: 83] Size: 0 Evaluations: 0
[Task: 83] Size: 1 Evaluations: 0
[Task: 83] Size: 2 Evaluations: 18
[Task: 83] Size: 3 Evaluations: 62
[Task: 83] Size: 4 Evaluations: 76
[Task: 83] Size: 5 Evaluations: 392
[Task: 83] Size: 6 Evaluations: 270
[Task: 83] Size: 7 Evaluations: 1996
[Task: 83] Size: 8 Evaluations: 2833
[Task: 83] Size: 9 Evaluations: 21355
[Task: 83] Size: 10 Evaluations: 35014
[Task: 83] Size: 11 Evaluations: 274330
[Task: 83] Size: 12 Evaluations: 533925
[Task: 83] Size: 13 Evaluations: 4675673
[Task: 84] Loading bustle model....
[Task: 84] Count: 84
[Task: 84] 
[Task: 84] 2021-09-09 08:14:47.361535
[Task: 84] Number of programs: 9
[Task: 84] Size: 0 Evaluations: 0
[Task: 84] Size: 1 Evaluations: 0
[Task: 84] Size: 2 Evaluations: 15
[Task: 84] Size: 3 Evaluations: 39
[Task: 84] Size: 4 Evaluations: 71
[Task: 84] Size: 5 Evaluations: 238
[Task: 84] Size: 6 Evaluations: 598
[Task: 84] Benchmark: univ_1.sl
[Task: 84] Result: Success
[Task: 84] Program: concat(col1, concat(",", concat(" ", col2)))
[Task: 84] Number of evaluations: 1018
[Task: 84] 2021-09-09 08:14:48.284664
[Task: 84] Time taken: 0:00:00.923079
[Task: 84] 
[Task: 85] Loading bustle model....
[Task: 85] Count: 85
[Task: 85] 
[Task: 85] 2021-09-09 16:01:26.982925
[Task: 85] Number of programs: 15
[Task: 85] Size: 0 Evaluations: 0
[Task: 85] Size: 1 Evaluations: 0
[Task: 85] Size: 2 Evaluations: 29
[Task: 85] Size: 3 Evaluations: 135
[Task: 85] Size: 4 Evaluations: 129
[Task: 85] Size: 5 Evaluations: 538
[Task: 85] Size: 6 Evaluations: 1510
[Task: 85] Size: 7 Evaluations: 2498
[Task: 85] Size: 8 Evaluations: 8469
[Task: 85] Size: 9 Evaluations: 13981
[Task: 85] Size: 10 Evaluations: 44141
[Task: 85] Size: 11 Evaluations: 94268
[Task: 85] Size: 12 Evaluations: 247802
[Task: 85] Size: 13 Evaluations: 617119
[Task: 85] Size: 14 Evaluations: 1312066
[Task: 85] Size: 15 Evaluations: 3347822
[Task: 86] Loading bustle model....
[Task: 86] Count: 86
[Task: 86] 
[Task: 86] 2021-09-09 08:14:47.383126
[Task: 86] Number of programs: 15
[Task: 86] Size: 0 Evaluations: 0
[Task: 86] Size: 1 Evaluations: 0
[Task: 86] Size: 2 Evaluations: 29
[Task: 86] Size: 3 Evaluations: 135
[Task: 86] Size: 4 Evaluations: 210
[Task: 86] Size: 5 Evaluations: 818
[Task: 86] Size: 6 Evaluations: 2430
[Task: 86] Size: 7 Evaluations: 5801
[Task: 86] Size: 8 Evaluations: 19864
[Task: 86] Size: 9 Evaluations: 54577
[Task: 86] Size: 10 Evaluations: 199564
[Task: 86] Size: 11 Evaluations: 654944
[Task: 86] Benchmark: univ_3.sl
[Task: 86] Result: Success
[Task: 86] Program: (ifcol2.Contain("USA") then col2 else concat(col2, concat(",", concat(" ", "USA"))))
[Task: 86] Number of evaluations: 2562834
[Task: 86] 2021-09-09 08:27:58.326655
[Task: 86] Time taken: 0:13:10.943461
[Task: 86] 
[Task: 87] Loading bustle model....
[Task: 87] Count: 87
[Task: 87] 
[Task: 87] 2021-09-09 16:01:27.139434
[Task: 87] Number of programs: 16
[Task: 87] Size: 0 Evaluations: 0
[Task: 87] Size: 1 Evaluations: 0
[Task: 87] Size: 2 Evaluations: 33
[Task: 87] Size: 3 Evaluations: 167
[Task: 87] Size: 4 Evaluations: 156
[Task: 87] Size: 5 Evaluations: 489
[Task: 87] Size: 6 Evaluations: 2273
[Task: 87] Size: 7 Evaluations: 2965
[Task: 87] Size: 8 Evaluations: 14002
[Task: 87] Size: 9 Evaluations: 39061
[Task: 87] Size: 10 Evaluations: 124596
[Task: 87] Size: 11 Evaluations: 455436
[Task: 87] Size: 12 Evaluations: 1424956
[Task: 88] Loading bustle model....
[Task: 88] Count: 88
[Task: 88] 
[Task: 88] 2021-09-09 16:01:27.003472
[Task: 88] Number of programs: 36
[Task: 88] Size: 0 Evaluations: 0
[Task: 88] Size: 1 Evaluations: 0
[Task: 88] Size: 2 Evaluations: 71
[Task: 88] Size: 3 Evaluations: 1006
[Task: 88] Size: 4 Evaluations: 722
[Task: 88] Size: 5 Evaluations: 1467
[Task: 88] Size: 6 Evaluations: 24308
[Task: 88] Size: 7 Evaluations: 54365
[Task: 88] Size: 8 Evaluations: 239481
[Task: 88] Size: 9 Evaluations: 1860694
